
[2025-01-31 15:59:07.861218] INFO: Process started with ID: 3
[2025-01-31 15:59:07.904923] INFO: First connection established in 0.242000ms
[2025-01-31 15:59:07.964159] INFO: Sending request: GET /http_server/send-object.php?ID=3 HTTP/1.1
Host: 192.168.100.3
Connection: close


[2025-01-31 15:59:08.009425] INFO: First request sent in 0.009000ms
[2025-01-31 15:59:08.099685] INFO: Time from request to first response in 26.211000ms
[2025-01-31 15:59:08.134362] INFO: Received headers - MPI-Rank: 6, Group-ID: 1, Job-ID: 1, Sub-Job-ID: 7, Rank-Count: 8
[2025-01-31 15:59:08.198258] INFO: Receive loop #1 received 5792 bytes in 99.228000ms
[2025-01-31 15:59:08.240603] INFO: Receive loop #2 received 16384 bytes in 0.036000ms
[2025-01-31 15:59:08.285459] INFO: Receive loop #3 received 16384 bytes in 0.022000ms
[2025-01-31 15:59:08.348458] INFO: Receive loop #4 received 16384 bytes in 0.046000ms
[2025-01-31 15:59:08.393965] INFO: Receive loop #5 received 16384 bytes in 0.031000ms
[2025-01-31 15:59:08.457471] INFO: Receive loop #6 received 16384 bytes in 0.030000ms
[2025-01-31 15:59:08.502373] INFO: Receive loop #7 received 16384 bytes in 0.188000ms
[2025-01-31 15:59:08.557994] INFO: Receive loop #8 received 16384 bytes in 0.034000ms
[2025-01-31 15:59:08.616668] INFO: Receive loop #9 received 16384 bytes in 0.035000ms
[2025-01-31 15:59:08.674191] INFO: Receive loop #10 received 16384 bytes in 0.013000ms
[2025-01-31 15:59:08.743956] INFO: Receive loop #11 received 16384 bytes in 0.035000ms
[2025-01-31 15:59:08.809756] INFO: Receive loop #12 received 16384 bytes in 0.224000ms
[2025-01-31 15:59:08.866808] INFO: Receive loop #13 received 1867 bytes in 0.001000ms
[2025-01-31 15:59:08.926322] INFO: Response received in 853.538000ms
[2025-01-31 15:59:08.984663] INFO: File saved in 0.455000ms
[2025-01-31 15:59:09.042662] INFO: File saved to: /home/vc/kurotaka/objects/temp_3
[2025-01-31 15:59:09.096326] INFO: Execution permission granted to: /home/vc/kurotaka/objects/temp_3
[2025-01-31 15:59:09.151121] INFO: Executing command: /home/vc/kurotaka/objects/temp_3 6 8 1
[2025-01-31 15:59:10.262202] INFO: Command executed in 1057.289000ms
[2025-01-31 15:59:10.310856] INFO: Result saved to: /home/vc/kurotaka/results/result_3
[2025-01-31 15:59:10.377531] INFO: Second connection established in 0.233000ms
[2025-01-31 15:59:10.429031] INFO: Sending result upload request
[2025-01-31 15:59:10.470613] INFO: Second request sent in 0.025000ms
[2025-01-31 15:59:10.541630] INFO: Result uploaded in 0.049000ms
[2025-01-31 15:59:10.618383] INFO: Process completed successfully. Total execution time in 2818.842000ms

