
[2025-01-31 15:59:07.809082] INFO: Process started with ID: 0
[2025-01-31 15:59:07.886318] INFO: First connection established in 0.261000ms
[2025-01-31 15:59:07.928775] INFO: Sending request: GET /http_server/send-object.php?ID=0 HTTP/1.1
Host: 192.168.100.3
Connection: close


[2025-01-31 15:59:07.990579] INFO: First request sent in 0.017000ms
[2025-01-31 15:59:08.048983] INFO: Time from request to first response in 0.457000ms
[2025-01-31 15:59:08.077796] INFO: Received headers - MPI-Rank: 0, Group-ID: 1, Job-ID: 1, Sub-Job-ID: 1, Rank-Count: 8
[2025-01-31 15:59:08.092840] INFO: Receive loop #1 received 10136 bytes in 43.773000ms
[2025-01-31 15:59:08.102336] INFO: Receive loop #2 received 16384 bytes in 0.007000ms
[2025-01-31 15:59:08.171704] INFO: Receive loop #3 received 16384 bytes in 0.059000ms
[2025-01-31 15:59:08.219687] INFO: Receive loop #4 received 16384 bytes in 0.094000ms
[2025-01-31 15:59:08.274772] INFO: Receive loop #5 received 16384 bytes in 0.029000ms
[2025-01-31 15:59:08.324311] INFO: Receive loop #6 received 16384 bytes in 0.030000ms
[2025-01-31 15:59:08.382981] INFO: Receive loop #7 received 16384 bytes in 0.209000ms
[2025-01-31 15:59:08.433115] INFO: Receive loop #8 received 16384 bytes in 0.029000ms
[2025-01-31 15:59:08.491342] INFO: Receive loop #9 received 16384 bytes in 0.029000ms
[2025-01-31 15:59:08.540152] INFO: Receive loop #10 received 16384 bytes in 0.029000ms
[2025-01-31 15:59:08.596692] INFO: Receive loop #11 received 16384 bytes in 0.029000ms
[2025-01-31 15:59:08.653330] INFO: Receive loop #12 received 13907 bytes in 0.025000ms
[2025-01-31 15:59:08.707822] INFO: Response received in 659.395000ms
[2025-01-31 15:59:08.791597] INFO: File saved in 0.447000ms
[2025-01-31 15:59:08.844703] INFO: File saved to: /home/vc/kurotaka/objects/temp_0
[2025-01-31 15:59:08.911276] INFO: Execution permission granted to: /home/vc/kurotaka/objects/temp_0
[2025-01-31 15:59:08.961352] INFO: Executing command: /home/vc/kurotaka/objects/temp_0 0 8 1
[2025-01-31 15:59:10.339596] INFO: Command executed in 1314.269000ms
[2025-01-31 15:59:10.392993] INFO: Result saved to: /home/vc/kurotaka/results/result_0
[2025-01-31 15:59:10.454191] INFO: Second connection established in 0.257000ms
[2025-01-31 15:59:10.498649] INFO: Sending result upload request
[2025-01-31 15:59:10.571167] INFO: Second request sent in 0.028000ms
[2025-01-31 15:59:10.633781] INFO: Result uploaded in 0.061000ms
[2025-01-31 15:59:10.687736] INFO: Process completed successfully. Total execution time in 2888.449000ms

