
[2025-01-31 16:39:58] Program started at 2025-01-31 16:39:58.6881
[2025-01-31 16:39:58] [getClientID] MySQL connection established. Execution time: 0.428 ms
[2025-01-31 16:39:58] [getClientID] SELECT table_name FROM table_registry WHERE id = :job_id / Execution time: 0.261 ms
[2025-01-31 16:39:58] [getClientID] SELECT client FROM `matrix` WHERE id = :sub_job_id / Execution time: 0.142 ms
[2025-01-31 16:39:58] getClientID completed. Execution time: 0.995 ms
[2025-01-31 16:39:58] Read file completed. Execution time: 0.010 ms
[2025-01-31 16:39:58] File saved successfully: uploads/job_1/group_1/result_116
[2025-01-31 16:39:58] [updateStatus] MySQL connection established. Execution time: 0.075 ms
[2025-01-31 16:39:58] [updateStatus] SELECT table_name FROM table_registry WHERE id = :job_id FOR UPDATE / Execution time: 0.163 ms
[2025-01-31 16:39:58] [updateStatus] UPDATE `matrix` SET status = :status WHERE id = :sub_job_id / Execution time: 0.161 ms
[2025-01-31 16:39:58] [updateStatus] SELECT COUNT_RECORDS FROM `matrix` / Execution time: 0.327 ms
[2025-01-31 16:39:58] [updateStatus] UPDATE table_registry SET status = :status WHERE id = :job_id / Execution time: 0.110 ms
[2025-01-31 16:39:58] updateStatus completed. Execution time: 3.253 ms
[2025-01-31 16:39:58] Write file completed. Execution time: 3.438 ms
[2025-01-31 16:39:58] [getGroupStatus] MySQL connection established. Execution time: 0.029 ms
[2025-01-31 16:39:58] [getGroupStatus] SELECT table_name FROM table_registry WHERE id = :job_id / Execution time: 0.151 ms
[2025-01-31 16:39:58] [getGroupStatus] SELECT status FROM `matrix` WHERE group_id = :group_id / Execution time: 0.551 ms
[2025-01-31 16:39:58] getGroupStatus completed. Execution time: 0.960 ms
[2025-01-31 16:39:58] Group 1 is not completed yet.
[2025-01-31 16:39:58] Program completed. Total execution time: 7.516 ms

