
[2025-01-22 16:36:15.186879] INFO: Process started with ID: 153
[2025-01-22 16:36:17.329923] INFO: First connection established in 0.157000ms
[2025-01-22 16:36:18.933023] INFO: Sending request: GET /http_server/send-object.php?ID=153 HTTP/1.1
Host: 192.168.100.3
Connection: close


[2025-01-22 16:36:21.630501] INFO: First request sent in 0.035000ms
[2025-01-22 16:36:23.643769] INFO: Time from request to first response:0.028000ms
[2025-01-22 16:36:25.365437] INFO: Received headers - MPI-Rank: 235, Group-ID: 1, Job-ID: 1, Sub-Job-ID: 236, Rank-Count: 256
[2025-01-22 16:36:27.578685] INFO: Receive loop #1 received 16384 bytes in 4391.668000ms
[2025-01-22 16:36:29.499701] INFO: Receive loop #2 received 16384 bytes in 0.060000ms
[2025-01-22 16:36:31.398710] INFO: Receive loop #3 received 16384 bytes in 0.101000ms
[2025-01-22 16:36:33.188551] INFO: Receive loop #4 received 16384 bytes in 0.023000ms
[2025-01-22 16:36:35.082879] INFO: Receive loop #5 received 16384 bytes in 0.011000ms
[2025-01-22 16:36:37.374548] INFO: Receive loop #6 received 16384 bytes in 0.035000ms
[2025-01-22 16:36:39.093552] INFO: Receive loop #7 received 16384 bytes in 0.017000ms
[2025-01-22 16:36:39.873084] INFO: Receive loop #8 received 16384 bytes in 0.050000ms
[2025-01-22 16:36:40.828540] INFO: Receive loop #9 received 16384 bytes in 0.037000ms
[2025-01-22 16:36:42.106646] INFO: Receive loop #10 received 16384 bytes in 0.029000ms
[2025-01-22 16:36:43.600340] INFO: Receive loop #11 received 16384 bytes in 0.013000ms
[2025-01-22 16:36:44.844030] INFO: Receive loop #12 received 7665 bytes in 0.003000ms
[2025-01-22 16:36:46.238038] INFO: Response received in 22490.043000ms
[2025-01-22 16:36:47.773684] INFO: File saved in 0.453000ms
[2025-01-22 16:36:48.574996] INFO: File saved to: /home/vc/kurotaka/objects/temp_153
[2025-01-22 16:36:48.984497] INFO: Execution permission granted to: /home/vc/kurotaka/objects/temp_153
[2025-01-22 16:36:49.227951] INFO: Executing command: /home/vc/kurotaka/objects/temp_153 235 256
[2025-01-22 16:36:57.812665] INFO: Command executed in 7697.369000ms
[2025-01-22 16:36:59.698539] INFO: Result saved to: /home/vc/kurotaka/results/result_153
[2025-01-22 16:37:01.573768] INFO: Second connection established in 0.264000ms
[2025-01-22 16:37:04.133706] INFO: Sending result upload request
[2025-01-22 16:37:06.011059] INFO: Second request sent in 0.028000ms
[2025-01-22 16:37:07.915344] INFO: Result uploaded in 0.053000ms
[2025-01-22 16:37:10.211095] INFO: Process completed successfully. Total execution time: 1m 12927.901000ms

