
[2025-01-22 16:42:00.443271] INFO: Process started with ID: 251
[2025-01-22 16:42:01.095604] INFO: First connection established in 0.131000ms
[2025-01-22 16:42:02.036351] INFO: Sending request: GET /http_server/send-object.php?ID=251 HTTP/1.1
Host: 192.168.100.3
Connection: close


[2025-01-22 16:42:03.427898] INFO: First request sent in 0.037000ms
[2025-01-22 16:42:04.228153] INFO: Time from request to first response:0.034000ms
[2025-01-22 16:42:05.805207] INFO: Received headers - MPI-Rank: 81, Group-ID: 1, Job-ID: 1, Sub-Job-ID: 82, Rank-Count: 256
[2025-01-22 16:42:06.785546] INFO: Receive loop #1 received 16384 bytes in 2485.627000ms
[2025-01-22 16:42:08.615882] INFO: Receive loop #2 received 16384 bytes in 0.060000ms
[2025-01-22 16:42:10.055253] INFO: Receive loop #3 received 16384 bytes in 0.086000ms
[2025-01-22 16:42:12.065798] INFO: Receive loop #4 received 16384 bytes in 0.110000ms
[2025-01-22 16:42:13.409751] INFO: Receive loop #5 received 16384 bytes in 0.028000ms
[2025-01-22 16:42:15.435101] INFO: Receive loop #6 received 16384 bytes in 0.025000ms
[2025-01-22 16:42:16.665569] INFO: Receive loop #7 received 16384 bytes in 0.028000ms
[2025-01-22 16:42:18.695986] INFO: Receive loop #8 received 16384 bytes in 0.263000ms
[2025-01-22 16:42:20.401470] INFO: Receive loop #9 received 16384 bytes in 0.029000ms
[2025-01-22 16:42:23.136112] INFO: Receive loop #10 received 16384 bytes in 0.028000ms
[2025-01-22 16:42:25.114359] INFO: Receive loop #11 received 16384 bytes in 0.028000ms
[2025-01-22 16:42:26.919240] INFO: Receive loop #12 received 7663 bytes in 0.018000ms
[2025-01-22 16:42:29.101277] INFO: Response received in 24736.532000ms
[2025-01-22 16:42:31.197644] INFO: File saved in 0.462000ms
[2025-01-22 16:42:32.952686] INFO: File saved to: /home/vc/kurotaka/objects/temp_251
[2025-01-22 16:42:35.742106] INFO: Execution permission granted to: /home/vc/kurotaka/objects/temp_251
[2025-01-22 16:42:37.413157] INFO: Executing command: /home/vc/kurotaka/objects/temp_251 81 256
[2025-01-22 16:42:59.867265] INFO: Command executed in 20583.619000ms
[2025-01-22 16:43:02.389418] INFO: Result saved to: /home/vc/kurotaka/results/result_251
[2025-01-22 16:43:04.175656] INFO: Second connection established in 0.216000ms
[2025-01-22 16:43:06.320356] INFO: Sending result upload request
[2025-01-22 16:43:08.132863] INFO: Second request sent in 0.018000ms
[2025-01-22 16:43:10.669654] INFO: Result uploaded in 0.056000ms
[2025-01-22 16:43:12.496290] INFO: Process completed successfully. Total execution time: 1m 13389.080000ms

