
[2025-01-22 16:35:56.888300] INFO: Process started with ID: 3
[2025-01-22 16:35:57.037478] INFO: First connection established in 0.243000ms
[2025-01-22 16:35:57.302345] INFO: Sending request: GET /http_server/send-object.php?ID=3 HTTP/1.1
Host: 192.168.100.3
Connection: close


[2025-01-22 16:35:57.750300] INFO: First request sent in 0.034000ms
[2025-01-22 16:35:58.566145] INFO: Time from request to first response:0.030000ms
[2025-01-22 16:35:59.273480] INFO: Received headers - MPI-Rank: 10, Group-ID: 1, Job-ID: 1, Sub-Job-ID: 11, Rank-Count: 256
[2025-01-22 16:35:59.983219] INFO: Receive loop #1 received 16384 bytes in 1439.581000ms
[2025-01-22 16:36:01.260809] INFO: Receive loop #2 received 16384 bytes in 0.060000ms
[2025-01-22 16:36:02.252259] INFO: Receive loop #3 received 16384 bytes in 0.074000ms
[2025-01-22 16:36:03.448912] INFO: Receive loop #4 received 16384 bytes in 0.112000ms
[2025-01-22 16:36:04.725215] INFO: Receive loop #5 received 16384 bytes in 0.029000ms
[2025-01-22 16:36:06.127427] INFO: Receive loop #6 received 16384 bytes in 0.028000ms
[2025-01-22 16:36:07.743854] INFO: Receive loop #7 received 16384 bytes in 0.033000ms
[2025-01-22 16:36:09.710700] INFO: Receive loop #8 received 16384 bytes in 0.261000ms
[2025-01-22 16:36:11.070796] INFO: Receive loop #9 received 16384 bytes in 0.034000ms
[2025-01-22 16:36:13.300468] INFO: Receive loop #10 received 16384 bytes in 0.033000ms
[2025-01-22 16:36:14.634333] INFO: Receive loop #11 received 16384 bytes in 0.032000ms
[2025-01-22 16:36:15.779375] INFO: Receive loop #12 received 7663 bytes in 0.004000ms
[2025-01-22 16:36:18.138384] INFO: Response received in 19216.049000ms
[2025-01-22 16:36:19.943366] INFO: File saved in 0.457000ms
[2025-01-22 16:36:22.183688] INFO: File saved to: /home/vc/kurotaka/objects/temp_3
[2025-01-22 16:36:24.273324] INFO: Execution permission granted to: /home/vc/kurotaka/objects/temp_3
[2025-01-22 16:36:26.628470] INFO: Executing command: /home/vc/kurotaka/objects/temp_3 10 256
[2025-01-22 16:36:54.483835] INFO: Command executed in 26500.715000ms
[2025-01-22 16:36:56.604014] INFO: Result saved to: /home/vc/kurotaka/results/result_3
[2025-01-22 16:36:58.851790] INFO: Second connection established in 0.153000ms
[2025-01-22 16:37:01.152935] INFO: Sending result upload request
[2025-01-22 16:37:03.413462] INFO: Second request sent in 0.026000ms
[2025-01-22 16:37:05.246332] INFO: Result uploaded in 0.051000ms
[2025-01-22 16:37:07.017034] INFO: Process completed successfully. Total execution time: 1m 9816.747000ms

