
[2025-01-31 17:31:49] Program started at 2025-01-31 17:31:49.203
[2025-01-31 17:31:49] [getClientID] MySQL connection established. Execution time: 0.333 ms
[2025-01-31 17:31:49] [getClientID] SELECT table_name FROM table_registry WHERE id = :job_id / Execution time: 0.543 ms
[2025-01-31 17:31:49] [getClientID] SELECT client FROM `matrix` WHERE id = :sub_job_id / Execution time: 0.222 ms
[2025-01-31 17:31:49] getClientID completed. Execution time: 1.274 ms
[2025-01-31 17:31:49] Read file completed. Execution time: 0.015 ms
[2025-01-31 17:31:49] File saved successfully: uploads/job_1/group_1/result_115
[2025-01-31 17:31:49] [updateStatus] MySQL connection established. Execution time: 0.150 ms
[2025-01-31 17:31:49] [updateStatus] SELECT table_name FROM table_registry WHERE id = :job_id FOR UPDATE / Execution time: 0.284 ms
[2025-01-31 17:31:49] [updateStatus] UPDATE `matrix` SET status = :status WHERE id = :sub_job_id / Execution time: 0.285 ms
[2025-01-31 17:31:49] [updateStatus] SELECT COUNT_RECORDS FROM `matrix` / Execution time: 0.709 ms
[2025-01-31 17:31:49] [updateStatus] UPDATE table_registry SET status = :status WHERE id = :job_id / Execution time: 0.215 ms
[2025-01-31 17:31:49] updateStatus completed. Execution time: 4.918 ms
[2025-01-31 17:31:49] Write file completed. Execution time: 5.281 ms
[2025-01-31 17:31:49] [getGroupStatus] MySQL connection established. Execution time: 0.042 ms
[2025-01-31 17:31:49] [getGroupStatus] SELECT table_name FROM table_registry WHERE id = :job_id / Execution time: 0.140 ms
[2025-01-31 17:31:49] [getGroupStatus] SELECT status FROM `matrix` WHERE group_id = :group_id / Execution time: 0.404 ms
[2025-01-31 17:31:49] getGroupStatus completed. Execution time: 0.664 ms
[2025-01-31 17:31:49] Group 1 is not completed yet.
[2025-01-31 17:31:49] Program completed. Total execution time: 9.943 ms

