
[2025-01-31 17:31:46] Program started at 2025-01-31 17:31:46.94
[2025-01-31 17:31:46] [getClientID] MySQL connection established. Execution time: 0.635 ms
[2025-01-31 17:31:46] [getClientID] SELECT table_name FROM table_registry WHERE id = :job_id / Execution time: 0.534 ms
[2025-01-31 17:31:46] [getClientID] SELECT client FROM `matrix` WHERE id = :sub_job_id / Execution time: 0.280 ms
[2025-01-31 17:31:46] getClientID completed. Execution time: 1.660 ms
[2025-01-31 17:31:46] Read file completed. Execution time: 0.013 ms
[2025-01-31 17:31:46] File saved successfully: uploads/job_1/group_1/result_101
[2025-01-31 17:31:46] [updateStatus] MySQL connection established. Execution time: 0.240 ms
[2025-01-31 17:31:47] [updateStatus] SELECT table_name FROM table_registry WHERE id = :job_id FOR UPDATE / Execution time: 247.881 ms
[2025-01-31 17:31:47] [updateStatus] UPDATE `matrix` SET status = :status WHERE id = :sub_job_id / Execution time: 0.205 ms
[2025-01-31 17:31:47] [updateStatus] SELECT COUNT_RECORDS FROM `matrix` / Execution time: 0.303 ms
[2025-01-31 17:31:47] [updateStatus] UPDATE table_registry SET status = :status WHERE id = :job_id / Execution time: 0.107 ms
[2025-01-31 17:31:47] updateStatus completed. Execution time: 449.700 ms
[2025-01-31 17:31:47] Write file completed. Execution time: 500.686 ms
[2025-01-31 17:31:47] [getGroupStatus] MySQL connection established. Execution time: 0.128 ms
[2025-01-31 17:31:47] [getGroupStatus] SELECT table_name FROM table_registry WHERE id = :job_id / Execution time: 0.451 ms
[2025-01-31 17:31:47] [getGroupStatus] SELECT status FROM `matrix` WHERE group_id = :group_id / Execution time: 5.137 ms
[2025-01-31 17:31:47] getGroupStatus completed. Execution time: 5.976 ms
[2025-01-31 17:31:47] Group 1 is not completed yet.
[2025-01-31 17:31:47] Program completed. Total execution time: 511.397 ms

