
[2025-01-31 17:31:47] Program started at 2025-01-31 17:31:47.675
[2025-01-31 17:31:47] [getClientID] MySQL connection established. Execution time: 0.554 ms
[2025-01-31 17:31:47] [getClientID] SELECT table_name FROM table_registry WHERE id = :job_id / Execution time: 0.440 ms
[2025-01-31 17:31:47] [getClientID] SELECT client FROM `matrix` WHERE id = :sub_job_id / Execution time: 0.249 ms
[2025-01-31 17:31:47] getClientID completed. Execution time: 1.462 ms
[2025-01-31 17:31:47] Read file completed. Execution time: 0.013 ms
[2025-01-31 17:31:47] File saved successfully: uploads/job_1/group_1/result_160
[2025-01-31 17:31:47] [updateStatus] MySQL connection established. Execution time: 0.180 ms
[2025-01-31 17:31:48] [updateStatus] SELECT table_name FROM table_registry WHERE id = :job_id FOR UPDATE / Execution time: 393.113 ms
[2025-01-31 17:31:48] [updateStatus] UPDATE `matrix` SET status = :status WHERE id = :sub_job_id / Execution time: 0.316 ms
[2025-01-31 17:31:48] [updateStatus] SELECT COUNT_RECORDS FROM `matrix` / Execution time: 0.640 ms
[2025-01-31 17:31:48] [updateStatus] UPDATE table_registry SET status = :status WHERE id = :job_id / Execution time: 0.207 ms
[2025-01-31 17:31:48] updateStatus completed. Execution time: 479.633 ms
[2025-01-31 17:31:48] Write file completed. Execution time: 504.924 ms
[2025-01-31 17:31:48] [getGroupStatus] MySQL connection established. Execution time: 0.125 ms
[2025-01-31 17:31:48] [getGroupStatus] SELECT table_name FROM table_registry WHERE id = :job_id / Execution time: 0.344 ms
[2025-01-31 17:31:48] [getGroupStatus] SELECT status FROM `matrix` WHERE group_id = :group_id / Execution time: 2.436 ms
[2025-01-31 17:31:48] getGroupStatus completed. Execution time: 3.323 ms
[2025-01-31 17:31:48] Group 1 is not completed yet.
[2025-01-31 17:31:48] Program completed. Total execution time: 513.300 ms

