
[2025-01-31 17:31:47] Program started at 2025-01-31 17:31:47.6352
[2025-01-31 17:31:47] [getClientID] MySQL connection established. Execution time: 0.674 ms
[2025-01-31 17:31:47] [getClientID] SELECT table_name FROM table_registry WHERE id = :job_id / Execution time: 0.312 ms
[2025-01-31 17:31:47] [getClientID] SELECT client FROM `matrix` WHERE id = :sub_job_id / Execution time: 38.193 ms
[2025-01-31 17:31:47] getClientID completed. Execution time: 39.456 ms
[2025-01-31 17:31:47] Read file completed. Execution time: 0.017 ms
[2025-01-31 17:31:47] File saved successfully: uploads/job_1/group_1/result_198
[2025-01-31 17:31:47] [updateStatus] MySQL connection established. Execution time: 0.251 ms
[2025-01-31 17:31:48] [updateStatus] SELECT table_name FROM table_registry WHERE id = :job_id FOR UPDATE / Execution time: 390.793 ms
[2025-01-31 17:31:48] [updateStatus] UPDATE `matrix` SET status = :status WHERE id = :sub_job_id / Execution time: 0.354 ms
[2025-01-31 17:31:48] [updateStatus] SELECT COUNT_RECORDS FROM `matrix` / Execution time: 0.738 ms
[2025-01-31 17:31:48] [updateStatus] UPDATE table_registry SET status = :status WHERE id = :job_id / Execution time: 0.229 ms
[2025-01-31 17:31:48] updateStatus completed. Execution time: 479.599 ms
[2025-01-31 17:31:48] Write file completed. Execution time: 507.018 ms
[2025-01-31 17:31:48] [getGroupStatus] MySQL connection established. Execution time: 0.153 ms
[2025-01-31 17:31:48] [getGroupStatus] SELECT table_name FROM table_registry WHERE id = :job_id / Execution time: 0.463 ms
[2025-01-31 17:31:48] [getGroupStatus] SELECT status FROM `matrix` WHERE group_id = :group_id / Execution time: 2.969 ms
[2025-01-31 17:31:48] getGroupStatus completed. Execution time: 3.956 ms
[2025-01-31 17:31:48] Group 1 is not completed yet.
[2025-01-31 17:31:48] Program completed. Total execution time: 553.659 ms

