
[2025-01-31 17:31:47] Program started at 2025-01-31 17:31:47.3859
[2025-01-31 17:31:47] [getClientID] MySQL connection established. Execution time: 0.626 ms
[2025-01-31 17:31:47] [getClientID] SELECT table_name FROM table_registry WHERE id = :job_id / Execution time: 0.473 ms
[2025-01-31 17:31:47] [getClientID] SELECT client FROM `matrix` WHERE id = :sub_job_id / Execution time: 58.158 ms
[2025-01-31 17:31:47] getClientID completed. Execution time: 59.486 ms
[2025-01-31 17:31:47] Read file completed. Execution time: 0.009 ms
[2025-01-31 17:31:47] File saved successfully: uploads/job_1/group_1/result_45
[2025-01-31 17:31:47] [updateStatus] MySQL connection established. Execution time: 0.155 ms
[2025-01-31 17:31:48] [updateStatus] SELECT table_name FROM table_registry WHERE id = :job_id FOR UPDATE / Execution time: 563.948 ms
[2025-01-31 17:31:48] [updateStatus] UPDATE `matrix` SET status = :status WHERE id = :sub_job_id / Execution time: 0.452 ms
[2025-01-31 17:31:48] [updateStatus] SELECT COUNT_RECORDS FROM `matrix` / Execution time: 0.676 ms
[2025-01-31 17:31:48] [updateStatus] UPDATE table_registry SET status = :status WHERE id = :job_id / Execution time: 0.190 ms
[2025-01-31 17:31:48] updateStatus completed. Execution time: 710.369 ms
[2025-01-31 17:31:48] Write file completed. Execution time: 736.088 ms
[2025-01-31 17:31:48] [getGroupStatus] MySQL connection established. Execution time: 0.081 ms
[2025-01-31 17:31:48] [getGroupStatus] SELECT table_name FROM table_registry WHERE id = :job_id / Execution time: 0.409 ms
[2025-01-31 17:31:48] [getGroupStatus] SELECT status FROM `matrix` WHERE group_id = :group_id / Execution time: 1.509 ms
[2025-01-31 17:31:48] getGroupStatus completed. Execution time: 2.220 ms
[2025-01-31 17:31:48] Group 1 is not completed yet.
[2025-01-31 17:31:48] Program completed. Total execution time: 800.728 ms

