
[2025-01-31 16:15:43.403038] INFO: Process started with ID: 101
[2025-01-31 16:15:44.438172] INFO: First connection established in 0.227000ms
[2025-01-31 16:15:45.813938] INFO: Sending request: GET /http_server/send-object.php?ID=101 HTTP/1.1
Host: 192.168.100.3
Connection: close


[2025-01-31 16:15:46.399461] INFO: First request sent in 0.035000ms
[2025-01-31 16:15:47.439364] INFO: Time from request to first response in 0.030000ms
[2025-01-31 16:15:48.873548] INFO: Received headers - MPI-Rank: 109, Group-ID: 1, Job-ID: 1, Sub-Job-ID: 110, Rank-Count: 128
[2025-01-31 16:15:49.413426] INFO: Receive loop #1 received 16384 bytes in 2234.655000ms
[2025-01-31 16:15:50.275522] INFO: Receive loop #2 received 16384 bytes in 0.072000ms
[2025-01-31 16:15:51.651198] INFO: Receive loop #3 received 16384 bytes in 0.116000ms
[2025-01-31 16:15:52.336499] INFO: Receive loop #4 received 16384 bytes in 0.111000ms
[2025-01-31 16:15:53.318525] INFO: Receive loop #5 received 16384 bytes in 0.036000ms
[2025-01-31 16:15:54.794138] INFO: Receive loop #6 received 16384 bytes in 0.028000ms
[2025-01-31 16:15:55.418343] INFO: Receive loop #7 received 16384 bytes in 0.051000ms
[2025-01-31 16:15:56.245789] INFO: Receive loop #8 received 16384 bytes in 0.295000ms
[2025-01-31 16:15:57.603139] INFO: Receive loop #9 received 16384 bytes in 0.037000ms
[2025-01-31 16:15:58.365263] INFO: Receive loop #10 received 16384 bytes in 0.036000ms
[2025-01-31 16:15:59.093959] INFO: Receive loop #11 received 16384 bytes in 0.035000ms
[2025-01-31 16:15:59.984303] INFO: Receive loop #12 received 7665 bytes in 0.018000ms
[2025-01-31 16:16:00.762153] INFO: Response received in 13623.403000ms
[2025-01-31 16:16:01.119216] INFO: File saved in 0.664000ms
[2025-01-31 16:16:01.779762] INFO: File saved to: /home/vc/kurotaka/objects/temp_101
[2025-01-31 16:16:02.566974] INFO: Execution permission granted to: /home/vc/kurotaka/objects/temp_101
[2025-01-31 16:16:02.824490] INFO: Executing command: /home/vc/kurotaka/objects/temp_101 109 128 1
[2025-01-31 16:16:06.555179] INFO: Command executed in 3522.128000ms
[2025-01-31 16:16:07.604601] INFO: Result saved to: /home/vc/kurotaka/results/result_101
[2025-01-31 16:16:08.171598] INFO: Second connection established in 0.145000ms
[2025-01-31 16:16:09.236509] INFO: Sending result upload request
[2025-01-31 16:16:10.535000] INFO: Second request sent in 0.029000ms
[2025-01-31 16:16:11.189608] INFO: Result uploaded in 0.055000ms
[2025-01-31 16:16:12.221168] INFO: Process completed successfully. Total execution time in 30434.383000ms

