
[2025-01-31 16:15:42.594519] INFO: Process started with ID: 81
[2025-01-31 16:15:43.052423] INFO: First connection established in 0.219000ms
[2025-01-31 16:15:43.843043] INFO: Sending request: GET /http_server/send-object.php?ID=81 HTTP/1.1
Host: 192.168.100.3
Connection: close


[2025-01-31 16:15:45.209992] INFO: First request sent in 0.040000ms
[2025-01-31 16:15:46.181728] INFO: Time from request to first response in 0.032000ms
[2025-01-31 16:15:46.944851] INFO: Received headers - MPI-Rank: 90, Group-ID: 1, Job-ID: 1, Sub-Job-ID: 91, Rank-Count: 128
[2025-01-31 16:15:48.168942] INFO: Receive loop #1 received 16384 bytes in 1884.981000ms
[2025-01-31 16:15:49.112990] INFO: Receive loop #2 received 16384 bytes in 0.060000ms
[2025-01-31 16:15:49.906798] INFO: Receive loop #3 received 16384 bytes in 0.077000ms
[2025-01-31 16:15:51.026737] INFO: Receive loop #4 received 16384 bytes in 0.105000ms
[2025-01-31 16:15:52.038511] INFO: Receive loop #5 received 16384 bytes in 0.028000ms
[2025-01-31 16:15:52.738685] INFO: Receive loop #6 received 16384 bytes in 0.005000ms
[2025-01-31 16:15:53.766705] INFO: Receive loop #7 received 16384 bytes in 0.034000ms
[2025-01-31 16:15:55.036464] INFO: Receive loop #8 received 16384 bytes in 0.244000ms
[2025-01-31 16:15:55.709022] INFO: Receive loop #9 received 16384 bytes in 0.031000ms
[2025-01-31 16:15:56.821360] INFO: Receive loop #10 received 16384 bytes in 0.044000ms
[2025-01-31 16:15:58.104394] INFO: Receive loop #11 received 16384 bytes in 0.030000ms
[2025-01-31 16:15:58.671424] INFO: Receive loop #12 received 7663 bytes in 0.019000ms
[2025-01-31 16:15:59.895902] INFO: Response received in 13386.412000ms
[2025-01-31 16:16:00.762193] INFO: File saved in 0.473000ms
[2025-01-31 16:16:01.248633] INFO: File saved to: /home/vc/kurotaka/objects/temp_81
[2025-01-31 16:16:02.392641] INFO: Execution permission granted to: /home/vc/kurotaka/objects/temp_81
[2025-01-31 16:16:02.665804] INFO: Executing command: /home/vc/kurotaka/objects/temp_81 90 128 1
[2025-01-31 16:16:06.458113] INFO: Command executed in 3481.781000ms
[2025-01-31 16:16:07.526870] INFO: Result saved to: /home/vc/kurotaka/results/result_81
[2025-01-31 16:16:08.042020] INFO: Second connection established in 0.174000ms
[2025-01-31 16:16:08.905116] INFO: Sending result upload request
[2025-01-31 16:16:10.176083] INFO: Second request sent in 0.025000ms
[2025-01-31 16:16:10.858285] INFO: Result uploaded in 0.053000ms
[2025-01-31 16:16:11.562374] INFO: Process completed successfully. Total execution time in 30058.960000ms

