
[2025-01-31 16:15:43.669564] INFO: Process started with ID: 95
[2025-01-31 16:15:44.944759] INFO: First connection established in 0.374000ms
[2025-01-31 16:15:45.997925] INFO: Sending request: GET /http_server/send-object.php?ID=95 HTTP/1.1
Host: 192.168.100.3
Connection: close


[2025-01-31 16:15:46.795863] INFO: First request sent in 0.035000ms
[2025-01-31 16:15:47.933034] INFO: Time from request to first response in 0.031000ms
[2025-01-31 16:15:49.016502] INFO: Received headers - MPI-Rank: 115, Group-ID: 1, Job-ID: 1, Sub-Job-ID: 116, Rank-Count: 128
[2025-01-31 16:15:49.738905] INFO: Receive loop #1 received 16384 bytes in 1923.498000ms
[2025-01-31 16:15:50.750549] INFO: Receive loop #2 received 16384 bytes in 0.061000ms
[2025-01-31 16:15:51.949517] INFO: Receive loop #3 received 16384 bytes in 0.080000ms
[2025-01-31 16:15:52.568869] INFO: Receive loop #4 received 16384 bytes in 0.140000ms
[2025-01-31 16:15:53.596998] INFO: Receive loop #5 received 16384 bytes in 0.036000ms
[2025-01-31 16:15:54.951892] INFO: Receive loop #6 received 16384 bytes in 0.029000ms
[2025-01-31 16:15:55.514822] INFO: Receive loop #7 received 16384 bytes in 0.029000ms
[2025-01-31 16:15:56.309199] INFO: Receive loop #8 received 16384 bytes in 0.256000ms
[2025-01-31 16:15:57.690153] INFO: Receive loop #9 received 16384 bytes in 0.030000ms
[2025-01-31 16:15:58.442952] INFO: Receive loop #10 received 16384 bytes in 0.029000ms
[2025-01-31 16:15:59.354681] INFO: Receive loop #11 received 16384 bytes in 0.035000ms
[2025-01-31 16:16:00.616328] INFO: Receive loop #12 received 7665 bytes in 0.019000ms
[2025-01-31 16:16:00.943296] INFO: Response received in 13191.889000ms
[2025-01-31 16:16:01.432974] INFO: File saved in 0.513000ms
[2025-01-31 16:16:02.177637] INFO: File saved to: /home/vc/kurotaka/objects/temp_95
[2025-01-31 16:16:02.666026] INFO: Execution permission granted to: /home/vc/kurotaka/objects/temp_95
[2025-01-31 16:16:02.824963] INFO: Executing command: /home/vc/kurotaka/objects/temp_95 115 128 1
[2025-01-31 16:16:06.485481] INFO: Command executed in 3325.435000ms
[2025-01-31 16:16:07.552426] INFO: Result saved to: /home/vc/kurotaka/results/result_95
[2025-01-31 16:16:08.042632] INFO: Second connection established in 0.185000ms
[2025-01-31 16:16:09.053504] INFO: Sending result upload request
[2025-01-31 16:16:10.354215] INFO: Second request sent in 0.031000ms
[2025-01-31 16:16:10.914904] INFO: Result uploaded in 0.066000ms
[2025-01-31 16:16:11.708353] INFO: Process completed successfully. Total execution time in 30137.504000ms

