
[2025-01-31 16:15:41.857058] INFO: Process started with ID: 51
[2025-01-31 16:15:42.087368] INFO: First connection established in 0.196000ms
[2025-01-31 16:15:42.419786] INFO: Sending request: GET /http_server/send-object.php?ID=51 HTTP/1.1
Host: 192.168.100.3
Connection: close


[2025-01-31 16:15:42.763987] INFO: First request sent in 0.033000ms
[2025-01-31 16:15:43.220029] INFO: Time from request to first response in 0.028000ms
[2025-01-31 16:15:44.136390] INFO: Received headers - MPI-Rank: 51, Group-ID: 1, Job-ID: 1, Sub-Job-ID: 52, Rank-Count: 128
[2025-01-31 16:15:45.503254] INFO: Receive loop #1 received 16384 bytes in 2066.146000ms
[2025-01-31 16:15:46.264376] INFO: Receive loop #2 received 16384 bytes in 0.073000ms
[2025-01-31 16:15:47.053266] INFO: Receive loop #3 received 16384 bytes in 0.076000ms
[2025-01-31 16:15:48.490406] INFO: Receive loop #4 received 16384 bytes in 0.113000ms
[2025-01-31 16:15:49.218194] INFO: Receive loop #5 received 16384 bytes in 0.029000ms
[2025-01-31 16:15:50.066122] INFO: Receive loop #6 received 16384 bytes in 0.034000ms
[2025-01-31 16:15:51.365576] INFO: Receive loop #7 received 16384 bytes in 0.032000ms
[2025-01-31 16:15:52.176288] INFO: Receive loop #8 received 16384 bytes in 0.251000ms
[2025-01-31 16:15:53.037192] INFO: Receive loop #9 received 16384 bytes in 0.031000ms
[2025-01-31 16:15:54.212101] INFO: Receive loop #10 received 16384 bytes in 0.029000ms
[2025-01-31 16:15:55.167255] INFO: Receive loop #11 received 16384 bytes in 0.041000ms
[2025-01-31 16:15:55.869562] INFO: Receive loop #12 received 7663 bytes in 0.019000ms
[2025-01-31 16:15:56.920427] INFO: Response received in 13367.574000ms
[2025-01-31 16:15:58.152835] INFO: File saved in 0.472000ms
[2025-01-31 16:15:58.753068] INFO: File saved to: /home/vc/kurotaka/objects/temp_51
[2025-01-31 16:16:00.615291] INFO: Execution permission granted to: /home/vc/kurotaka/objects/temp_51
[2025-01-31 16:16:00.943230] INFO: Executing command: /home/vc/kurotaka/objects/temp_51 51 128 1
[2025-01-31 16:16:06.485754] INFO: Command executed in 5198.968000ms
[2025-01-31 16:16:07.577681] INFO: Result saved to: /home/vc/kurotaka/results/result_51
[2025-01-31 16:16:08.127997] INFO: Second connection established in 0.232000ms
[2025-01-31 16:16:09.053663] INFO: Sending result upload request
[2025-01-31 16:16:10.441624] INFO: Second request sent in 0.029000ms
[2025-01-31 16:16:11.125921] INFO: Result uploaded in 0.054000ms
[2025-01-31 16:16:12.220812] INFO: Process completed successfully. Total execution time in 30367.152000ms

