
[2025-01-31 16:15:41.681357] INFO: Process started with ID: 12
[2025-01-31 16:15:41.875340] INFO: First connection established in 0.459000ms
[2025-01-31 16:15:42.088242] INFO: Sending request: GET /http_server/send-object.php?ID=12 HTTP/1.1
Host: 192.168.100.3
Connection: close


[2025-01-31 16:15:42.420417] INFO: First request sent in 0.036000ms
[2025-01-31 16:15:42.764730] INFO: Time from request to first response in 0.034000ms
[2025-01-31 16:15:43.269545] INFO: Received headers - MPI-Rank: 36, Group-ID: 1, Job-ID: 1, Sub-Job-ID: 37, Rank-Count: 128
[2025-01-31 16:15:44.214260] INFO: Receive loop #1 received 16384 bytes in 1220.528000ms
[2025-01-31 16:15:45.612998] INFO: Receive loop #2 received 16384 bytes in 0.059000ms
[2025-01-31 16:15:46.223801] INFO: Receive loop #3 received 16384 bytes in 0.075000ms
[2025-01-31 16:15:47.053980] INFO: Receive loop #4 received 16384 bytes in 0.136000ms
[2025-01-31 16:15:48.536032] INFO: Receive loop #5 received 16384 bytes in 0.029000ms
[2025-01-31 16:15:49.255890] INFO: Receive loop #6 received 16384 bytes in 0.041000ms
[2025-01-31 16:15:50.010832] INFO: Receive loop #7 received 16384 bytes in 0.035000ms
[2025-01-31 16:15:51.277146] INFO: Receive loop #8 received 16384 bytes in 0.317000ms
[2025-01-31 16:15:52.176911] INFO: Receive loop #9 received 16384 bytes in 0.034000ms
[2025-01-31 16:15:52.909838] INFO: Receive loop #10 received 16384 bytes in 0.033000ms
[2025-01-31 16:15:54.114308] INFO: Receive loop #11 received 16384 bytes in 0.035000ms
[2025-01-31 16:15:55.167935] INFO: Receive loop #12 received 7663 bytes in 0.021000ms
[2025-01-31 16:15:55.870223] INFO: Response received in 12939.367000ms
[2025-01-31 16:15:56.971732] INFO: File saved in 0.578000ms
[2025-01-31 16:15:58.168107] INFO: File saved to: /home/vc/kurotaka/objects/temp_12
[2025-01-31 16:15:58.820901] INFO: Execution permission granted to: /home/vc/kurotaka/objects/temp_12
[2025-01-31 16:15:59.754697] INFO: Executing command: /home/vc/kurotaka/objects/temp_12 36 128 1
[2025-01-31 16:16:06.289231] INFO: Command executed in 5426.650000ms
[2025-01-31 16:16:07.272930] INFO: Result saved to: /home/vc/kurotaka/results/result_12
[2025-01-31 16:16:07.960087] INFO: Second connection established in 0.225000ms
[2025-01-31 16:16:08.826265] INFO: Sending result upload request
[2025-01-31 16:16:10.176113] INFO: Second request sent in 0.025000ms
[2025-01-31 16:16:10.858722] INFO: Result uploaded in 0.051000ms
[2025-01-31 16:16:11.593664] INFO: Process completed successfully. Total execution time in 30059.214000ms

