
[2025-01-31 16:15:41.438234] INFO: Process started with ID: 114
[2025-01-31 16:15:41.606154] INFO: First connection established in 0.221000ms
[2025-01-31 16:15:41.781653] INFO: Sending request: GET /http_server/send-object.php?ID=114 HTTP/1.1
Host: 192.168.100.3
Connection: close


[2025-01-31 16:15:41.995331] INFO: First request sent in 0.039000ms
[2025-01-31 16:15:42.283076] INFO: Time from request to first response in 0.033000ms
[2025-01-31 16:15:42.594769] INFO: Received headers - MPI-Rank: 13, Group-ID: 1, Job-ID: 1, Sub-Job-ID: 14, Rank-Count: 128
[2025-01-31 16:15:43.001536] INFO: Receive loop #1 received 16384 bytes in 639.494000ms
[2025-01-31 16:15:43.722477] INFO: Receive loop #2 received 16384 bytes in 0.060000ms
[2025-01-31 16:15:44.944744] INFO: Receive loop #3 received 16384 bytes in 0.033000ms
[2025-01-31 16:15:45.968211] INFO: Receive loop #4 received 16384 bytes in 0.114000ms
[2025-01-31 16:15:46.642711] INFO: Receive loop #5 received 16384 bytes in 0.033000ms
[2025-01-31 16:15:47.933454] INFO: Receive loop #6 received 16384 bytes in 0.032000ms
[2025-01-31 16:15:49.016277] INFO: Receive loop #7 received 16384 bytes in 0.032000ms
[2025-01-31 16:15:49.631116] INFO: Receive loop #8 received 16384 bytes in 0.254000ms
[2025-01-31 16:15:50.589668] INFO: Receive loop #9 received 16384 bytes in 0.029000ms
[2025-01-31 16:15:51.872955] INFO: Receive loop #10 received 16384 bytes in 0.035000ms
[2025-01-31 16:15:52.475843] INFO: Receive loop #11 received 16384 bytes in 0.033000ms
[2025-01-31 16:15:53.521089] INFO: Receive loop #12 received 7663 bytes in 0.024000ms
[2025-01-31 16:15:54.982309] INFO: Response received in 12316.397000ms
[2025-01-31 16:15:55.514949] INFO: File saved in 0.435000ms
[2025-01-31 16:15:56.380347] INFO: File saved to: /home/vc/kurotaka/objects/temp_114
[2025-01-31 16:15:57.785586] INFO: Execution permission granted to: /home/vc/kurotaka/objects/temp_114
[2025-01-31 16:15:58.442824] INFO: Executing command: /home/vc/kurotaka/objects/temp_114 13 128 1
[2025-01-31 16:16:06.485646] INFO: Command executed in 7250.382000ms
[2025-01-31 16:16:07.552858] INFO: Result saved to: /home/vc/kurotaka/results/result_114
[2025-01-31 16:16:08.043022] INFO: Second connection established in 0.176000ms
[2025-01-31 16:16:09.019610] INFO: Sending result upload request
[2025-01-31 16:16:10.400269] INFO: Second request sent in 0.026000ms
[2025-01-31 16:16:10.992318] INFO: Result uploaded in 0.016000ms
[2025-01-31 16:16:11.980890] INFO: Process completed successfully. Total execution time in 30324.747000ms

