
[2025-01-22 16:40:07] Program started
[2025-01-22 16:40:07] [getClientID] MySQL connection established. Execution time: 0.339 ms
[2025-01-22 16:40:07] [getClientID] SELECT table_name FROM table_registry WHERE id = :job_id / Execution time: 0.457 ms
[2025-01-22 16:40:07] [getClientID] SELECT client FROM `matrix` WHERE id = :sub_job_id / Execution time: 0.330 ms
[2025-01-22 16:40:07] getClientID completed. Execution time: 1.318 ms
[2025-01-22 16:40:07] Read file completed. Execution time: 0.013 ms
[2025-01-22 16:40:07] File saved successfully: uploads/job_1/group_1/result_377
[2025-01-22 16:40:07] [updateStatus] MySQL connection established. Execution time: 0.120 ms
[2025-01-22 16:40:07] [updateStatus] SELECT table_name FROM table_registry WHERE id = :job_id FOR UPDATE / Execution time: 0.247 ms
[2025-01-22 16:40:07] [updateStatus] UPDATE `matrix` SET status = :status WHERE id = :sub_job_id / Execution time: 0.238 ms
[2025-01-22 16:40:07] [updateStatus] SELECT COUNT_RECORDS FROM `matrix` / Execution time: 1.016 ms
[2025-01-22 16:40:07] [updateStatus] UPDATE table_registry SET status = :status WHERE id = :job_id / Execution time: 0.214 ms
[2025-01-22 16:40:07] updateStatus completed. Execution time: 177.252 ms
[2025-01-22 16:40:07] Write file completed. Execution time: 177.491 ms
[2025-01-22 16:40:07] [getGroupStatus] MySQL connection established. Execution time: 0.049 ms
[2025-01-22 16:40:07] [getGroupStatus] SELECT table_name FROM table_registry WHERE id = :job_id / Execution time: 0.292 ms
[2025-01-22 16:40:07] [getGroupStatus] SELECT status FROM `matrix` WHERE group_id = :group_id / Execution time: 1.198 ms
[2025-01-22 16:40:07] getGroupStatus completed. Execution time: 1.617 ms
[2025-01-22 16:40:07] Group 1 is not completed yet.
[2025-01-22 16:40:07] Program completed. Total execution time: 183.072 ms

