
[2025-01-22 16:40:12] Program started
[2025-01-22 16:40:12] [getClientID] MySQL connection established. Execution time: 0.441 ms
[2025-01-22 16:40:12] [getClientID] SELECT table_name FROM table_registry WHERE id = :job_id / Execution time: 0.437 ms
[2025-01-22 16:40:12] [getClientID] SELECT client FROM `matrix` WHERE id = :sub_job_id / Execution time: 0.270 ms
[2025-01-22 16:40:12] getClientID completed. Execution time: 1.338 ms
[2025-01-22 16:40:12] Read file completed. Execution time: 0.013 ms
[2025-01-22 16:40:12] File saved successfully: uploads/job_1/group_1/result_66
[2025-01-22 16:40:12] [updateStatus] MySQL connection established. Execution time: 0.146 ms
[2025-01-22 16:40:12] [updateStatus] SELECT table_name FROM table_registry WHERE id = :job_id FOR UPDATE / Execution time: 0.239 ms
[2025-01-22 16:40:12] [updateStatus] UPDATE `matrix` SET status = :status WHERE id = :sub_job_id / Execution time: 0.229 ms
[2025-01-22 16:40:12] [updateStatus] SELECT COUNT_RECORDS FROM `matrix` / Execution time: 0.923 ms
[2025-01-22 16:40:12] [updateStatus] UPDATE table_registry SET status = :status WHERE id = :job_id / Execution time: 0.208 ms
[2025-01-22 16:40:12] updateStatus completed. Execution time: 4.001 ms
[2025-01-22 16:40:12] Write file completed. Execution time: 4.373 ms
[2025-01-22 16:40:12] [getGroupStatus] MySQL connection established. Execution time: 0.074 ms
[2025-01-22 16:40:12] [getGroupStatus] SELECT table_name FROM table_registry WHERE id = :job_id / Execution time: 0.215 ms
[2025-01-22 16:40:12] [getGroupStatus] SELECT status FROM `matrix` WHERE group_id = :group_id / Execution time: 0.996 ms
[2025-01-22 16:40:12] getGroupStatus completed. Execution time: 1.392 ms
[2025-01-22 16:40:12] Group 1 is not completed yet.
[2025-01-22 16:40:12] Program completed. Total execution time: 10.019 ms

