
[2025-01-22 16:40:17] Program started
[2025-01-22 16:40:17] [getClientID] MySQL connection established. Execution time: 0.335 ms
[2025-01-22 16:40:17] [getClientID] SELECT table_name FROM table_registry WHERE id = :job_id / Execution time: 0.475 ms
[2025-01-22 16:40:17] [getClientID] SELECT client FROM `matrix` WHERE id = :sub_job_id / Execution time: 0.223 ms
[2025-01-22 16:40:17] getClientID completed. Execution time: 1.217 ms
[2025-01-22 16:40:17] Read file completed. Execution time: 0.014 ms
[2025-01-22 16:40:17] File saved successfully: uploads/job_1/group_1/result_437
[2025-01-22 16:40:17] [updateStatus] MySQL connection established. Execution time: 0.122 ms
[2025-01-22 16:40:17] [updateStatus] SELECT table_name FROM table_registry WHERE id = :job_id FOR UPDATE / Execution time: 0.218 ms
[2025-01-22 16:40:17] [updateStatus] UPDATE `matrix` SET status = :status WHERE id = :sub_job_id / Execution time: 0.257 ms
[2025-01-22 16:40:17] [updateStatus] SELECT COUNT_RECORDS FROM `matrix` / Execution time: 0.892 ms
[2025-01-22 16:40:17] [updateStatus] UPDATE table_registry SET status = :status WHERE id = :job_id / Execution time: 0.179 ms
[2025-01-22 16:40:17] updateStatus completed. Execution time: 3.760 ms
[2025-01-22 16:40:17] Write file completed. Execution time: 4.086 ms
[2025-01-22 16:40:17] [getGroupStatus] MySQL connection established. Execution time: 0.075 ms
[2025-01-22 16:40:17] [getGroupStatus] SELECT table_name FROM table_registry WHERE id = :job_id / Execution time: 0.218 ms
[2025-01-22 16:40:17] [getGroupStatus] SELECT status FROM `matrix` WHERE group_id = :group_id / Execution time: 1.019 ms
[2025-01-22 16:40:17] getGroupStatus completed. Execution time: 1.421 ms
[2025-01-22 16:40:17] Group 1 is not completed yet.
[2025-01-22 16:40:17] Program completed. Total execution time: 9.681 ms

