
[2025-01-22 16:40:03] Program started
[2025-01-22 16:40:03] [getClientID] MySQL connection established. Execution time: 0.368 ms
[2025-01-22 16:40:03] [getClientID] SELECT table_name FROM table_registry WHERE id = :job_id / Execution time: 0.508 ms
[2025-01-22 16:40:03] [getClientID] SELECT client FROM `matrix` WHERE id = :sub_job_id / Execution time: 0.228 ms
[2025-01-22 16:40:03] getClientID completed. Execution time: 1.294 ms
[2025-01-22 16:40:03] Read file completed. Execution time: 0.013 ms
[2025-01-22 16:40:03] File saved successfully: uploads/job_1/group_1/result_507
[2025-01-22 16:40:03] [updateStatus] MySQL connection established. Execution time: 0.142 ms
[2025-01-22 16:40:03] [updateStatus] SELECT table_name FROM table_registry WHERE id = :job_id FOR UPDATE / Execution time: 3.287 ms
[2025-01-22 16:40:03] [updateStatus] UPDATE `matrix` SET status = :status WHERE id = :sub_job_id / Execution time: 0.341 ms
[2025-01-22 16:40:03] [updateStatus] SELECT COUNT_RECORDS FROM `matrix` / Execution time: 0.928 ms
[2025-01-22 16:40:03] [updateStatus] UPDATE table_registry SET status = :status WHERE id = :job_id / Execution time: 0.179 ms
[2025-01-22 16:40:03] updateStatus completed. Execution time: 49.828 ms
[2025-01-22 16:40:03] Write file completed. Execution time: 50.282 ms
[2025-01-22 16:40:03] [getGroupStatus] MySQL connection established. Execution time: 0.072 ms
[2025-01-22 16:40:03] [getGroupStatus] SELECT table_name FROM table_registry WHERE id = :job_id / Execution time: 0.222 ms
[2025-01-22 16:40:03] [getGroupStatus] SELECT status FROM `matrix` WHERE group_id = :group_id / Execution time: 1.081 ms
[2025-01-22 16:40:03] getGroupStatus completed. Execution time: 1.550 ms
[2025-01-22 16:40:03] Group 1 is not completed yet.
[2025-01-22 16:40:03] Program completed. Total execution time: 56.024 ms

