
[2025-01-22 16:40:14] Program started
[2025-01-22 16:40:14] [getClientID] MySQL connection established. Execution time: 0.146 ms
[2025-01-22 16:40:14] [getClientID] SELECT table_name FROM table_registry WHERE id = :job_id / Execution time: 0.209 ms
[2025-01-22 16:40:14] [getClientID] SELECT client FROM `matrix` WHERE id = :sub_job_id / Execution time: 0.135 ms
[2025-01-22 16:40:14] getClientID completed. Execution time: 0.671 ms
[2025-01-22 16:40:14] Read file completed. Execution time: 0.007 ms
[2025-01-22 16:40:14] File saved successfully: uploads/job_1/group_1/result_324
[2025-01-22 16:40:14] [updateStatus] MySQL connection established. Execution time: 0.053 ms
[2025-01-22 16:40:14] [updateStatus] SELECT table_name FROM table_registry WHERE id = :job_id FOR UPDATE / Execution time: 0.093 ms
[2025-01-22 16:40:14] [updateStatus] UPDATE `matrix` SET status = :status WHERE id = :sub_job_id / Execution time: 0.096 ms
[2025-01-22 16:40:14] [updateStatus] SELECT COUNT_RECORDS FROM `matrix` / Execution time: 0.282 ms
[2025-01-22 16:40:14] [updateStatus] UPDATE table_registry SET status = :status WHERE id = :job_id / Execution time: 0.070 ms
[2025-01-22 16:40:14] updateStatus completed. Execution time: 2.421 ms
[2025-01-22 16:40:14] Write file completed. Execution time: 2.550 ms
[2025-01-22 16:40:14] [getGroupStatus] MySQL connection established. Execution time: 0.023 ms
[2025-01-22 16:40:14] [getGroupStatus] SELECT table_name FROM table_registry WHERE id = :job_id / Execution time: 0.091 ms
[2025-01-22 16:40:14] [getGroupStatus] SELECT status FROM `matrix` WHERE group_id = :group_id / Execution time: 0.539 ms
[2025-01-22 16:40:14] getGroupStatus completed. Execution time: 0.733 ms
[2025-01-22 16:40:14] Group 1 is not completed yet.
[2025-01-22 16:40:14] Program completed. Total execution time: 6.517 ms

