
[2025-01-31 16:59:40] Program started at 2025-01-31 16:59:40.6938
[2025-01-31 16:59:40] [getClientID] MySQL connection established. Execution time: 0.537 ms
[2025-01-31 16:59:40] [getClientID] SELECT table_name FROM table_registry WHERE id = :job_id / Execution time: 0.330 ms
[2025-01-31 16:59:40] [getClientID] SELECT client FROM `matrix` WHERE id = :sub_job_id / Execution time: 0.213 ms
[2025-01-31 16:59:40] getClientID completed. Execution time: 1.278 ms
[2025-01-31 16:59:40] Read file completed. Execution time: 0.013 ms
[2025-01-31 16:59:40] File saved successfully: uploads/job_1/group_1/result_25
[2025-01-31 16:59:40] [updateStatus] MySQL connection established. Execution time: 0.123 ms
[2025-01-31 16:59:40] [updateStatus] SELECT table_name FROM table_registry WHERE id = :job_id FOR UPDATE / Execution time: 0.214 ms
[2025-01-31 16:59:40] [updateStatus] UPDATE `matrix` SET status = :status WHERE id = :sub_job_id / Execution time: 0.238 ms
[2025-01-31 16:59:40] [updateStatus] SELECT COUNT_RECORDS FROM `matrix` / Execution time: 0.369 ms
[2025-01-31 16:59:40] [updateStatus] UPDATE table_registry SET status = :status WHERE id = :job_id / Execution time: 0.189 ms
[2025-01-31 16:59:40] updateStatus completed. Execution time: 25.173 ms
[2025-01-31 16:59:40] Write file completed. Execution time: 25.527 ms
[2025-01-31 16:59:40] [getGroupStatus] MySQL connection established. Execution time: 0.084 ms
[2025-01-31 16:59:40] [getGroupStatus] SELECT table_name FROM table_registry WHERE id = :job_id / Execution time: 0.284 ms
[2025-01-31 16:59:40] [getGroupStatus] SELECT status FROM `matrix` WHERE group_id = :group_id / Execution time: 0.334 ms
[2025-01-31 16:59:40] getGroupStatus completed. Execution time: 0.870 ms
[2025-01-31 16:59:40] Group 1 is not completed yet.
[2025-01-31 16:59:40] Program completed. Total execution time: 30.682 ms

