
[2025-01-20 12:43:18.984800] INFO: Process started with ID: 58
[2025-01-20 12:43:19.119495] INFO: First connection established in 0.147000ms
[2025-01-20 12:43:19.386798] INFO: Sending request: GET /http_server/send-object.php?ID=58 HTTP/1.1
Host: 192.168.100.3
Connection: close


[2025-01-20 12:43:19.699301] INFO: First request sent in 0.029000ms
[2025-01-20 12:43:19.989721] INFO: Time from request to first response in 49.679000ms
[2025-01-20 12:43:20.376432] INFO: Received headers - MPI-Rank: 7, Group-ID: 1, Job-ID: 1, Sub-Job-ID: 8, Rank-Count: 64
[2025-01-20 12:43:20.835699] INFO: Receive loop #1 received 7240 bytes in 775.973000ms
[2025-01-20 12:43:21.613176] INFO: Receive loop #2 received 16384 bytes in 0.042000ms
[2025-01-20 12:43:22.392489] INFO: Receive loop #3 received 16384 bytes in 0.067000ms
[2025-01-20 12:43:22.931823] INFO: Receive loop #4 received 16384 bytes in 0.078000ms
[2025-01-20 12:43:23.252564] INFO: Receive loop #5 received 16384 bytes in 0.030000ms
[2025-01-20 12:43:23.593078] INFO: Receive loop #6 received 16384 bytes in 0.028000ms
[2025-01-20 12:43:24.092865] INFO: Receive loop #7 received 16384 bytes in 0.194000ms
[2025-01-20 12:43:24.670024] INFO: Receive loop #8 received 16384 bytes in 0.039000ms
[2025-01-20 12:43:25.358861] INFO: Receive loop #9 received 16384 bytes in 0.038000ms
[2025-01-20 12:43:26.365382] INFO: Receive loop #10 received 16384 bytes in 0.036000ms
[2025-01-20 12:43:26.628018] INFO: Receive loop #11 received 16384 bytes in 0.029000ms
[2025-01-20 12:43:26.995549] INFO: Receive loop #12 received 16384 bytes in 0.319000ms
[2025-01-20 12:43:27.443005] INFO: Receive loop #13 received 420 bytes in 0.001000ms
[2025-01-20 12:43:27.975298] INFO: Response received in 7930.022000ms
[2025-01-20 12:43:30.027862] INFO: File saved in 1561.573000ms
[2025-01-20 12:43:30.178091] INFO: File saved to: objects/temp_58
[2025-01-20 12:43:30.643910] INFO: Execution permission granted to: objects/temp_58
[2025-01-20 12:43:30.893409] INFO: Executing command: ./objects/temp_58 7 64
[2025-01-20 12:43:34.315482] INFO: Command executed in 3174.709000ms
[2025-01-20 12:43:34.854505] INFO: Result saved to: results/result_58
[2025-01-20 12:43:36.134257] INFO: Second connection established in 0.264000ms
[2025-01-20 12:43:36.357767] INFO: Sending result upload request
[2025-01-20 12:43:36.593436] INFO: Second request sent in 0.005000ms
[2025-01-20 12:43:37.085983] INFO: Result uploaded in 0.045000ms
[2025-01-20 12:43:37.524323] INFO: Process completed successfully. Total execution time in 18561.770000ms

