
[2025-01-20 12:43:19.068108] INFO: Process started with ID: 54
[2025-01-20 12:43:19.341250] INFO: First connection established in 0.193000ms
[2025-01-20 12:43:19.575647] INFO: Sending request: GET /http_server/send-object.php?ID=54 HTTP/1.1
Host: 192.168.100.3
Connection: close


[2025-01-20 12:43:19.817436] INFO: First request sent in 0.014000ms
[2025-01-20 12:43:20.376234] INFO: Time from request to first response:94.952000ms
[2025-01-20 12:43:20.778084] INFO: Received headers - MPI-Rank: 20, Group-ID: 1, Job-ID: 1, Sub-Job-ID: 21, Rank-Count: 64
[2025-01-20 12:43:21.275940] INFO: Receive loop #1 received 5792 bytes in 896.610000ms
[2025-01-20 12:43:21.876690] INFO: Receive loop #2 received 16384 bytes in 0.034000ms
[2025-01-20 12:43:22.604661] INFO: Receive loop #3 received 16384 bytes in 0.090000ms
[2025-01-20 12:43:23.106371] INFO: Receive loop #4 received 16384 bytes in 0.078000ms
[2025-01-20 12:43:23.419691] INFO: Receive loop #5 received 16384 bytes in 0.028000ms
[2025-01-20 12:43:23.896326] INFO: Receive loop #6 received 16384 bytes in 0.026000ms
[2025-01-20 12:43:24.554505] INFO: Receive loop #7 received 16384 bytes in 0.185000ms
[2025-01-20 12:43:25.257593] INFO: Receive loop #8 received 16384 bytes in 0.030000ms
[2025-01-20 12:43:26.078198] INFO: Receive loop #9 received 16384 bytes in 0.028000ms
[2025-01-20 12:43:26.519818] INFO: Receive loop #10 received 16384 bytes in 0.028000ms
[2025-01-20 12:43:26.796594] INFO: Receive loop #11 received 16384 bytes in 0.029000ms
[2025-01-20 12:43:27.211364] INFO: Receive loop #12 received 16384 bytes in 0.309000ms
[2025-01-20 12:43:27.655728] INFO: Receive loop #13 received 1870 bytes in 0.001000ms
[2025-01-20 12:43:28.199960] INFO: Response received in 7970.659000ms
[2025-01-20 12:43:30.504433] INFO: File saved in 1632.162000ms
[2025-01-20 12:43:30.661020] INFO: File saved to: objects/temp_54
[2025-01-20 12:43:31.107373] INFO: Execution permission granted to: objects/temp_54
[2025-01-20 12:43:31.368404] INFO: Executing command: ./objects/temp_54 20 64
[2025-01-20 12:43:34.118321] INFO: Command executed in 2489.658000ms
[2025-01-20 12:43:34.459966] INFO: Result saved to: results/result_54
[2025-01-20 12:43:35.822368] INFO: Second connection established in 0.185000ms
[2025-01-20 12:43:36.330867] INFO: Sending result upload request
[2025-01-20 12:43:36.542548] INFO: Second request sent in 0.022000ms
[2025-01-20 12:43:36.844878] INFO: Result uploaded in 0.041000ms
[2025-01-20 12:43:37.312468] INFO: Process completed successfully. Total execution time: 18292.806000ms

