
[2025-01-31 17:44:02.228899] INFO: Process started with ID: 3
[2025-01-31 17:44:02.305175] INFO: First connection established in 0.299000ms
[2025-01-31 17:44:02.429190] INFO: Sending request: GET /http_server/send-object.php?ID=3 HTTP/1.1
Host: 192.168.100.3
Connection: close


[2025-01-31 17:44:02.507955] INFO: First request sent in 0.034000ms
[2025-01-31 17:44:02.596514] INFO: Time from request to first response in 0.031000ms
[2025-01-31 17:44:02.640047] INFO: Received headers - MPI-Rank: 3, Group-ID: 1, Job-ID: 1, Sub-Job-ID: 4, Rank-Count: 16
[2025-01-31 17:44:02.696427] INFO: Receive loop #1 received 16384 bytes in 115.909000ms
[2025-01-31 17:44:02.775829] INFO: Receive loop #2 received 16384 bytes in 0.022000ms
[2025-01-31 17:44:02.917636] INFO: Receive loop #3 received 16384 bytes in 0.079000ms
[2025-01-31 17:44:03.003076] INFO: Receive loop #4 received 16384 bytes in 0.109000ms
[2025-01-31 17:44:03.145406] INFO: Receive loop #5 received 16384 bytes in 0.028000ms
[2025-01-31 17:44:03.197757] INFO: Receive loop #6 received 16384 bytes in 0.029000ms
[2025-01-31 17:44:03.271931] INFO: Receive loop #7 received 16384 bytes in 0.031000ms
[2025-01-31 17:44:03.364181] INFO: Receive loop #8 received 16384 bytes in 0.242000ms
[2025-01-31 17:44:03.410800] INFO: Receive loop #9 received 16384 bytes in 0.030000ms
[2025-01-31 17:44:03.464984] INFO: Receive loop #10 received 16384 bytes in 0.005000ms
[2025-01-31 17:44:03.554463] INFO: Receive loop #11 received 16384 bytes in 0.028000ms
[2025-01-31 17:44:03.621569] INFO: Receive loop #12 received 7660 bytes in 0.018000ms
[2025-01-31 17:44:03.688286] INFO: Response received in 1107.815000ms
[2025-01-31 17:44:03.762452] INFO: File saved in 0.122000ms
[2025-01-31 17:44:03.846852] INFO: File saved to: /home/vc/kurotaka/objects/temp_3
[2025-01-31 17:44:03.922556] INFO: Execution permission granted to: /home/vc/kurotaka/objects/temp_3
[2025-01-31 17:44:04.038387] INFO: Executing command: /home/vc/kurotaka/objects/temp_3 3 16 1
[2025-01-31 17:44:05.760159] INFO: Command executed in 1601.868000ms
[2025-01-31 17:44:05.821872] INFO: Result saved to: /home/vc/kurotaka/results/result_3
[2025-01-31 17:44:05.894442] INFO: Second connection established in 0.160000ms
[2025-01-31 17:44:05.978351] INFO: Sending result upload request
[2025-01-31 17:44:06.078193] INFO: Second request sent in 0.024000ms
[2025-01-31 17:44:06.136475] INFO: Result uploaded in 0.050000ms
[2025-01-31 17:44:06.205431] INFO: Process completed successfully. Total execution time in 4011.333000ms

