
[2025-01-23 15:02:59.848763] INFO: Process started with ID: 1
[2025-01-23 15:02:59.937283] INFO: First connection established in 0.266000ms
[2025-01-23 15:02:59.987620] INFO: Sending request: GET /http_server/send-object.php?ID=1 HTTP/1.1
Host: 192.168.100.3
Connection: close


[2025-01-23 15:03:00.060876] INFO: First request sent in 0.005000ms
[2025-01-23 15:03:00.135967] INFO: Time from request to first response:0.030000ms
[2025-01-23 15:03:00.240359] INFO: Received headers - MPI-Rank: 12, Group-ID: 1, Job-ID: 1, Sub-Job-ID: 13, Rank-Count: 16
[2025-01-23 15:03:00.307163] INFO: Receive loop #1 received 16384 bytes in 171.136000ms
[2025-01-23 15:03:00.430046] INFO: Receive loop #2 received 16384 bytes in 0.058000ms
[2025-01-23 15:03:00.522119] INFO: Receive loop #3 received 16384 bytes in 0.075000ms
[2025-01-23 15:03:00.624814] INFO: Receive loop #4 received 16384 bytes in 0.107000ms
[2025-01-23 15:03:00.705225] INFO: Receive loop #5 received 16384 bytes in 0.028000ms
[2025-01-23 15:03:00.888730] INFO: Receive loop #6 received 16384 bytes in 0.030000ms
[2025-01-23 15:03:00.973060] INFO: Receive loop #7 received 16384 bytes in 0.028000ms
[2025-01-23 15:03:01.086367] INFO: Receive loop #8 received 16384 bytes in 0.243000ms
[2025-01-23 15:03:01.230300] INFO: Receive loop #9 received 16384 bytes in 0.028000ms
[2025-01-23 15:03:01.376314] INFO: Receive loop #10 received 16384 bytes in 0.028000ms
[2025-01-23 15:03:01.481652] INFO: Receive loop #11 received 16384 bytes in 0.026000ms
[2025-01-23 15:03:01.660392] INFO: Receive loop #12 received 7662 bytes in 0.003000ms
[2025-01-23 15:03:01.820973] INFO: Response received in 1668.702000ms
[2025-01-23 15:03:02.013701] INFO: File saved in 0.469000ms
[2025-01-23 15:03:02.133476] INFO: File saved to: /home/vc/kurotaka/objects/temp_1
[2025-01-23 15:03:02.309300] INFO: Execution permission granted to: /home/vc/kurotaka/objects/temp_1
[2025-01-23 15:03:02.492436] INFO: Executing command: /home/vc/kurotaka/objects/temp_1 12 16
[2025-01-23 15:03:03.994467] INFO: Command executed in 1392.589000ms
[2025-01-23 15:03:04.071970] INFO: Result saved to: /home/vc/kurotaka/results/result_1
[2025-01-23 15:03:04.147672] INFO: Second connection established in 0.315000ms
[2025-01-23 15:03:04.226809] INFO: Sending result upload request
[2025-01-23 15:03:04.338186] INFO: Second request sent in 0.028000ms
[2025-01-23 15:03:04.412107] INFO: Result uploaded in 0.052000ms
[2025-01-23 15:03:04.504370] INFO: Process completed successfully. Total execution time: 4738.468000ms

