
[2025-01-31 17:29:00.552293] INFO: Process started with ID: 15
[2025-01-31 17:29:00.698972] INFO: First connection established in 0.277000ms
[2025-01-31 17:29:00.828732] INFO: Sending request: GET /http_server/send-object.php?ID=15 HTTP/1.1
Host: 192.168.100.3
Connection: close


[2025-01-31 17:29:00.978688] INFO: First request sent in 0.005000ms
[2025-01-31 17:29:01.122879] INFO: Time from request to first response in 0.028000ms
[2025-01-31 17:29:01.285616] INFO: Received headers - MPI-Rank: 19, Group-ID: 1, Job-ID: 1, Sub-Job-ID: 20, Rank-Count: 32
[2025-01-31 17:29:01.460606] INFO: Receive loop #1 received 16384 bytes in 326.518000ms
[2025-01-31 17:29:01.655248] INFO: Receive loop #2 received 16384 bytes in 0.060000ms
[2025-01-31 17:29:01.898779] INFO: Receive loop #3 received 16384 bytes in 0.078000ms
[2025-01-31 17:29:02.107367] INFO: Receive loop #4 received 16384 bytes in 0.108000ms
[2025-01-31 17:29:02.382948] INFO: Receive loop #5 received 16384 bytes in 0.030000ms
[2025-01-31 17:29:02.605176] INFO: Receive loop #6 received 16384 bytes in 0.030000ms
[2025-01-31 17:29:02.815067] INFO: Receive loop #7 received 16384 bytes in 0.029000ms
[2025-01-31 17:29:03.090892] INFO: Receive loop #8 received 16384 bytes in 0.252000ms
[2025-01-31 17:29:03.192935] INFO: Receive loop #9 received 16384 bytes in 0.031000ms
[2025-01-31 17:29:03.323322] INFO: Receive loop #10 received 16384 bytes in 0.028000ms
[2025-01-31 17:29:03.422988] INFO: Receive loop #11 received 16384 bytes in 0.029000ms
[2025-01-31 17:29:03.571838] INFO: Receive loop #12 received 7662 bytes in 0.018000ms
[2025-01-31 17:29:03.730483] INFO: Response received in 2607.863000ms
[2025-01-31 17:29:03.892378] INFO: File saved in 0.460000ms
[2025-01-31 17:29:04.055426] INFO: File saved to: /home/vc/kurotaka/objects/temp_15
[2025-01-31 17:29:04.226088] INFO: Execution permission granted to: /home/vc/kurotaka/objects/temp_15
[2025-01-31 17:29:04.407312] INFO: Executing command: /home/vc/kurotaka/objects/temp_15 19 32 1
[2025-01-31 17:29:06.103764] INFO: Command executed in 1607.130000ms
[2025-01-31 17:29:06.225201] INFO: Result saved to: /home/vc/kurotaka/results/result_15
[2025-01-31 17:29:06.342443] INFO: Second connection established in 0.208000ms
[2025-01-31 17:29:06.453591] INFO: Sending result upload request
[2025-01-31 17:29:06.604846] INFO: Second request sent in 0.030000ms
[2025-01-31 17:29:06.728825] INFO: Result uploaded in 0.063000ms
[2025-01-31 17:29:06.944982] INFO: Process completed successfully. Total execution time in 6415.303000ms

