
[2025-01-31 15:52:45.409460] INFO: Process started with ID: 30
[2025-01-31 15:52:45.553291] INFO: First connection established in 0.203000ms
[2025-01-31 15:52:45.646303] INFO: Sending request: GET /http_server/send-object.php?ID=30 HTTP/1.1
Host: 192.168.100.3
Connection: close


[2025-01-31 15:52:45.794525] INFO: First request sent in 0.032000ms
[2025-01-31 15:52:45.997529] INFO: Time from request to first response in 0.030000ms
[2025-01-31 15:52:46.158594] INFO: Received headers - MPI-Rank: 26, Group-ID: 1, Job-ID: 1, Sub-Job-ID: 27, Rank-Count: 32
[2025-01-31 15:52:46.333828] INFO: Receive loop #1 received 16384 bytes in 383.369000ms
[2025-01-31 15:52:46.515611] INFO: Receive loop #2 received 16384 bytes in 0.057000ms
[2025-01-31 15:52:46.658415] INFO: Receive loop #3 received 16384 bytes in 0.098000ms
[2025-01-31 15:52:46.777792] INFO: Receive loop #4 received 16384 bytes in 0.106000ms
[2025-01-31 15:52:46.903012] INFO: Receive loop #5 received 16384 bytes in 0.029000ms
[2025-01-31 15:52:47.032712] INFO: Receive loop #6 received 16384 bytes in 0.029000ms
[2025-01-31 15:52:47.138216] INFO: Receive loop #7 received 16384 bytes in 0.031000ms
[2025-01-31 15:52:47.256197] INFO: Receive loop #8 received 16384 bytes in 0.253000ms
[2025-01-31 15:52:47.344104] INFO: Receive loop #9 received 16384 bytes in 0.029000ms
[2025-01-31 15:52:47.511002] INFO: Receive loop #10 received 16384 bytes in 0.028000ms
[2025-01-31 15:52:47.638095] INFO: Receive loop #11 received 16384 bytes in 0.027000ms
[2025-01-31 15:52:47.798357] INFO: Receive loop #12 received 7662 bytes in 0.005000ms
[2025-01-31 15:52:47.978836] INFO: Response received in 1991.373000ms
[2025-01-31 15:52:48.160340] INFO: File saved in 0.422000ms
[2025-01-31 15:52:48.406816] INFO: File saved to: /home/vc/kurotaka/objects/temp_30
[2025-01-31 15:52:48.625872] INFO: Execution permission granted to: /home/vc/kurotaka/objects/temp_30
[2025-01-31 15:52:48.787941] INFO: Executing command: /home/vc/kurotaka/objects/temp_30 26 32 1
[2025-01-31 15:52:50.701827] INFO: Command executed in 1724.063000ms
[2025-01-31 15:52:50.801529] INFO: Result saved to: /home/vc/kurotaka/results/result_30
[2025-01-31 15:52:50.891982] INFO: Second connection established in 0.178000ms
[2025-01-31 15:52:51.020794] INFO: Sending result upload request
[2025-01-31 15:52:51.122332] INFO: Second request sent in 0.029000ms
[2025-01-31 15:52:51.247029] INFO: Result uploaded in 0.042000ms
[2025-01-31 15:52:51.361145] INFO: Process completed successfully. Total execution time in 6142.347000ms

