
[2025-01-31 17:22:08] Program started at 2025-01-31 17:22:08.311
[2025-01-31 17:22:08] [getClientID] MySQL connection established. Execution time: 0.617 ms
[2025-01-31 17:22:08] [getClientID] SELECT table_name FROM table_registry WHERE id = :job_id / Execution time: 0.360 ms
[2025-01-31 17:22:08] [getClientID] SELECT client FROM `matrix` WHERE id = :sub_job_id / Execution time: 0.194 ms
[2025-01-31 17:22:08] getClientID completed. Execution time: 1.273 ms
[2025-01-31 17:22:08] Read file completed. Execution time: 0.006 ms
[2025-01-31 17:22:08] File saved successfully: uploads/job_1/group_1/result_61
[2025-01-31 17:22:08] [updateStatus] MySQL connection established. Execution time: 0.092 ms
[2025-01-31 17:22:08] [updateStatus] SELECT table_name FROM table_registry WHERE id = :job_id FOR UPDATE / Execution time: 0.194 ms
[2025-01-31 17:22:08] [updateStatus] UPDATE `matrix` SET status = :status WHERE id = :sub_job_id / Execution time: 0.225 ms
[2025-01-31 17:22:08] [updateStatus] SELECT COUNT_RECORDS FROM `matrix` / Execution time: 0.330 ms
[2025-01-31 17:22:08] [updateStatus] UPDATE table_registry SET status = :status WHERE id = :job_id / Execution time: 0.173 ms
[2025-01-31 17:22:08] updateStatus completed. Execution time: 118.857 ms
[2025-01-31 17:22:08] Write file completed. Execution time: 119.050 ms
[2025-01-31 17:22:08] [getGroupStatus] MySQL connection established. Execution time: 0.065 ms
[2025-01-31 17:22:08] [getGroupStatus] SELECT table_name FROM table_registry WHERE id = :job_id / Execution time: 0.309 ms
[2025-01-31 17:22:08] [getGroupStatus] SELECT status FROM `matrix` WHERE group_id = :group_id / Execution time: 0.329 ms
[2025-01-31 17:22:08] getGroupStatus completed. Execution time: 0.803 ms
[2025-01-31 17:22:08] Group 1 is not completed yet.
[2025-01-31 17:22:08] Program completed. Total execution time: 122.421 ms

