
[2025-01-28 15:33:29.584608] INFO: Process started with ID: 16
[2025-01-28 15:33:30.015380] INFO: First connection established in 0.263000ms
[2025-01-28 15:33:30.521287] INFO: Sending request: GET /http_server/send-object.php?ID=16 HTTP/1.1
Host: 192.168.100.3
Connection: close


[2025-01-28 15:33:31.322454] INFO: First request sent in 0.035000ms
[2025-01-28 15:33:31.933128] INFO: Time from request to first response:0.005000ms
[2025-01-28 15:33:32.150869] INFO: Received headers - MPI-Rank: 52, Group-ID: 1, Job-ID: 1, Sub-Job-ID: 53, Rank-Count: 64
[2025-01-28 15:33:32.485524] INFO: Receive loop #1 received 16384 bytes in 650.725000ms
[2025-01-28 15:33:32.822025] INFO: Receive loop #2 received 16384 bytes in 0.066000ms
[2025-01-28 15:33:33.457984] INFO: Receive loop #3 received 16384 bytes in 0.091000ms
[2025-01-28 15:33:34.223245] INFO: Receive loop #4 received 16384 bytes in 0.121000ms
[2025-01-28 15:33:34.966495] INFO: Receive loop #5 received 16384 bytes in 0.033000ms
[2025-01-28 15:33:35.251257] INFO: Receive loop #6 received 16384 bytes in 0.029000ms
[2025-01-28 15:33:35.517984] INFO: Receive loop #7 received 16384 bytes in 0.030000ms
[2025-01-28 15:33:35.876008] INFO: Receive loop #8 received 16384 bytes in 0.247000ms
[2025-01-28 15:33:36.315333] INFO: Receive loop #9 received 16384 bytes in 0.028000ms
[2025-01-28 15:33:36.950664] INFO: Receive loop #10 received 16384 bytes in 0.030000ms
[2025-01-28 15:33:37.617771] INFO: Receive loop #11 received 16384 bytes in 0.029000ms
[2025-01-28 15:33:38.337894] INFO: Receive loop #12 received 7662 bytes in 0.020000ms
[2025-01-28 15:33:38.568484] INFO: Response received in 6744.587000ms
[2025-01-28 15:33:38.802155] INFO: File saved in 0.519000ms
[2025-01-28 15:33:39.197774] INFO: File saved to: /home/vc/kurotaka/objects/temp_16
[2025-01-28 15:33:39.886395] INFO: Execution permission granted to: /home/vc/kurotaka/objects/temp_16
[2025-01-28 15:33:40.251265] INFO: Executing command: /home/vc/kurotaka/objects/temp_16 52 64
[2025-01-28 15:33:42.792007] INFO: Command executed in 2279.301000ms
[2025-01-28 15:33:43.218038] INFO: Result saved to: /home/vc/kurotaka/results/result_16
[2025-01-28 15:33:43.718398] INFO: Second connection established in 0.234000ms
[2025-01-28 15:33:44.474351] INFO: Sending result upload request
[2025-01-28 15:33:45.320952] INFO: Second request sent in 0.024000ms
[2025-01-28 15:33:45.542717] INFO: Result uploaded in 0.010000ms
[2025-01-28 15:33:45.902966] INFO: Process completed successfully. Total execution time: 16889.558000ms

