
[2025-01-22 16:38:27.536675] INFO: Process started with ID: 151
[2025-01-22 16:38:30.177359] INFO: First connection established in 0.280000ms
[2025-01-22 16:38:32.746459] INFO: Sending request: GET /http_server/send-object.php?ID=151 HTTP/1.1
Host: 192.168.100.3
Connection: close


[2025-01-22 16:38:35.165338] INFO: First request sent in 0.034000ms
[2025-01-22 16:38:37.289123] INFO: Time from request to first response:0.029000ms
[2025-01-22 16:38:39.543971] INFO: Received headers - MPI-Rank: 358, Group-ID: 1, Job-ID: 1, Sub-Job-ID: 359, Rank-Count: 512
[2025-01-22 16:38:42.128625] INFO: Receive loop #1 received 16384 bytes in 5088.343000ms
[2025-01-22 16:38:44.196674] INFO: Receive loop #2 received 16384 bytes in 0.062000ms
[2025-01-22 16:38:46.683263] INFO: Receive loop #3 received 16384 bytes in 0.077000ms
[2025-01-22 16:38:48.694609] INFO: Receive loop #4 received 16384 bytes in 0.116000ms
[2025-01-22 16:38:50.385525] INFO: Receive loop #5 received 16384 bytes in 0.029000ms
[2025-01-22 16:38:52.304483] INFO: Receive loop #6 received 16384 bytes in 0.028000ms
[2025-01-22 16:38:55.409927] INFO: Receive loop #7 received 16384 bytes in 0.054000ms
[2025-01-22 16:38:57.918256] INFO: Receive loop #8 received 16384 bytes in 0.316000ms
[2025-01-22 16:39:00.222821] INFO: Receive loop #9 received 16384 bytes in 0.032000ms
[2025-01-22 16:39:02.508201] INFO: Receive loop #10 received 16384 bytes in 0.012000ms
[2025-01-22 16:39:04.362990] INFO: Receive loop #11 received 16384 bytes in 0.036000ms
[2025-01-22 16:39:06.870125] INFO: Receive loop #12 received 7665 bytes in 0.021000ms
[2025-01-22 16:39:09.352401] INFO: Response received in 31497.131000ms
[2025-01-22 16:39:11.387612] INFO: File saved in 0.476000ms
[2025-01-22 16:39:13.514434] INFO: File saved to: /home/vc/kurotaka/objects/temp_151
[2025-01-22 16:39:15.397674] INFO: Execution permission granted to: /home/vc/kurotaka/objects/temp_151
[2025-01-22 16:39:17.153333] INFO: Executing command: /home/vc/kurotaka/objects/temp_151 358 512
[2025-01-22 16:39:50.384778] INFO: Command executed in 32539.350000ms
[2025-01-22 16:39:52.144960] INFO: Result saved to: /home/vc/kurotaka/results/result_151
[2025-01-22 16:39:55.219347] INFO: Second connection established in 0.245000ms
[2025-01-22 16:39:58.833502] INFO: Sending result upload request
[2025-01-22 16:40:02.917246] INFO: Second request sent in 0.025000ms
[2025-01-22 16:40:06.339428] INFO: Result uploaded in 0.054000ms
[2025-01-22 16:40:10.507488] INFO: Process completed successfully. Total execution time: 2m 21296.829000ms

