
[2025-01-22 16:44:56.730806] INFO: Process started with ID: 485
[2025-01-22 16:44:59.327363] INFO: First connection established in 0.192000ms
[2025-01-22 16:45:01.518484] INFO: Sending request: GET /http_server/send-object.php?ID=485 HTTP/1.1
Host: 192.168.100.3
Connection: close


[2025-01-22 16:45:04.141963] INFO: First request sent in 0.027000ms
[2025-01-22 16:45:06.783450] INFO: Time from request to first response:0.032000ms
[2025-01-22 16:45:08.993454] INFO: Received headers - MPI-Rank: 503, Group-ID: 1, Job-ID: 1, Sub-Job-ID: 504, Rank-Count: 512
[2025-01-22 16:45:11.327619] INFO: Receive loop #1 received 16384 bytes in 4733.039000ms
[2025-01-22 16:45:13.396923] INFO: Receive loop #2 received 16384 bytes in 0.076000ms
[2025-01-22 16:45:15.432647] INFO: Receive loop #3 received 16384 bytes in 0.092000ms
[2025-01-22 16:45:16.865190] INFO: Receive loop #4 received 16384 bytes in 0.128000ms
[2025-01-22 16:45:18.275195] INFO: Receive loop #5 received 16384 bytes in 0.036000ms
[2025-01-22 16:45:20.058790] INFO: Receive loop #6 received 16384 bytes in 0.047000ms
[2025-01-22 16:45:21.770792] INFO: Receive loop #7 received 16384 bytes in 0.005000ms
[2025-01-22 16:45:23.007957] INFO: Receive loop #8 received 16384 bytes in 0.292000ms
[2025-01-22 16:45:24.280316] INFO: Receive loop #9 received 16384 bytes in 0.038000ms
[2025-01-22 16:45:25.012716] INFO: Receive loop #10 received 16384 bytes in 0.009000ms
[2025-01-22 16:45:25.882141] INFO: Receive loop #11 received 16384 bytes in 0.005000ms
[2025-01-22 16:45:26.867525] INFO: Receive loop #12 received 7665 bytes in 0.010000ms
[2025-01-22 16:45:28.195885] INFO: Response received in 21886.236000ms
[2025-01-22 16:45:29.553518] INFO: File saved in 0.110000ms
[2025-01-22 16:45:30.046499] INFO: File saved to: /home/vc/kurotaka/objects/temp_485
[2025-01-22 16:45:30.482596] INFO: Execution permission granted to: /home/vc/kurotaka/objects/temp_485
[2025-01-22 16:45:30.628123] INFO: Executing command: /home/vc/kurotaka/objects/temp_485 503 512
[2025-01-22 16:45:55.568540] INFO: Command executed in 23970.721000ms
[2025-01-22 16:45:58.006818] INFO: Result saved to: /home/vc/kurotaka/results/result_485
[2025-01-22 16:46:01.081802] INFO: Second connection established in 0.174000ms
[2025-01-22 16:46:04.312870] INFO: Sending result upload request
[2025-01-22 16:46:07.196895] INFO: Second request sent in 0.025000ms
[2025-01-22 16:46:11.237090] INFO: Result uploaded in 0.085000ms
[2025-01-22 16:46:15.588635] INFO: Process completed successfully. Total execution time: 2m 25134.251000ms

