
[2025-01-22 16:37:48.618597] INFO: Process started with ID: 328
[2025-01-22 16:37:49.516007] INFO: First connection established in 0.276000ms
[2025-01-22 16:37:50.122929] INFO: Sending request: GET /http_server/send-object.php?ID=328 HTTP/1.1
Host: 192.168.100.3
Connection: close


[2025-01-22 16:37:50.847119] INFO: First request sent in 0.034000ms
[2025-01-22 16:37:52.281872] INFO: Time from request to first response:0.029000ms
[2025-01-22 16:37:53.183085] INFO: Received headers - MPI-Rank: 65, Group-ID: 1, Job-ID: 1, Sub-Job-ID: 66, Rank-Count: 512
[2025-01-22 16:37:54.547573] INFO: Receive loop #1 received 16384 bytes in 2182.793000ms
[2025-01-22 16:37:55.914779] INFO: Receive loop #2 received 16384 bytes in 0.021000ms
[2025-01-22 16:37:56.915246] INFO: Receive loop #3 received 16384 bytes in 0.079000ms
[2025-01-22 16:37:58.989797] INFO: Receive loop #4 received 16384 bytes in 0.115000ms
[2025-01-22 16:37:59.832880] INFO: Receive loop #5 received 16384 bytes in 0.028000ms
[2025-01-22 16:38:00.924365] INFO: Receive loop #6 received 16384 bytes in 0.032000ms
[2025-01-22 16:38:03.185243] INFO: Receive loop #7 received 16384 bytes in 0.028000ms
[2025-01-22 16:38:04.986573] INFO: Receive loop #8 received 16384 bytes in 0.283000ms
[2025-01-22 16:38:07.093911] INFO: Receive loop #9 received 16384 bytes in 0.028000ms
[2025-01-22 16:38:09.422521] INFO: Receive loop #10 received 16384 bytes in 0.030000ms
[2025-01-22 16:38:11.413868] INFO: Receive loop #11 received 16384 bytes in 0.031000ms
[2025-01-22 16:38:13.900659] INFO: Receive loop #12 received 7663 bytes in 0.019000ms
[2025-01-22 16:38:16.360678] INFO: Response received in 23375.830000ms
[2025-01-22 16:38:18.862007] INFO: File saved in 0.554000ms
[2025-01-22 16:38:21.214670] INFO: File saved to: /home/vc/kurotaka/objects/temp_328
[2025-01-22 16:38:23.753849] INFO: Execution permission granted to: /home/vc/kurotaka/objects/temp_328
[2025-01-22 16:38:26.277225] INFO: Executing command: /home/vc/kurotaka/objects/temp_328 65 512
[2025-01-22 16:39:55.530364] INFO: Command executed in 1m 26800.713000ms
[2025-01-22 16:39:59.107450] INFO: Result saved to: /home/vc/kurotaka/results/result_328
[2025-01-22 16:40:02.971067] INFO: Second connection established in 0.211000ms
[2025-01-22 16:40:06.450801] INFO: Sending result upload request
[2025-01-22 16:40:10.633804] INFO: Second request sent in 0.026000ms
[2025-01-22 16:40:15.226491] INFO: Result uploaded in 0.060000ms
[2025-01-22 16:40:19.496681] INFO: Process completed successfully. Total execution time: 2m 30727.844000ms

