
[2025-01-22 16:44:28.539549] INFO: Process started with ID: 393
[2025-01-22 16:44:30.598641] INFO: First connection established in 0.203000ms
[2025-01-22 16:44:33.090141] INFO: Sending request: GET /http_server/send-object.php?ID=393 HTTP/1.1
Host: 192.168.100.3
Connection: close


[2025-01-22 16:44:35.390209] INFO: First request sent in 0.035000ms
[2025-01-22 16:44:37.816064] INFO: Time from request to first response:0.034000ms
[2025-01-22 16:44:40.266535] INFO: Received headers - MPI-Rank: 353, Group-ID: 1, Job-ID: 1, Sub-Job-ID: 354, Rank-Count: 512
[2025-01-22 16:44:42.968844] INFO: Receive loop #1 received 16384 bytes in 4632.901000ms
[2025-01-22 16:44:44.937070] INFO: Receive loop #2 received 16384 bytes in 0.062000ms
[2025-01-22 16:44:47.399766] INFO: Receive loop #3 received 16384 bytes in 0.078000ms
[2025-01-22 16:44:50.199725] INFO: Receive loop #4 received 16384 bytes in 0.110000ms
[2025-01-22 16:44:51.906154] INFO: Receive loop #5 received 16384 bytes in 0.033000ms
[2025-01-22 16:44:53.696432] INFO: Receive loop #6 received 16384 bytes in 0.030000ms
[2025-01-22 16:44:56.783395] INFO: Receive loop #7 received 16384 bytes in 0.035000ms
[2025-01-22 16:44:59.180201] INFO: Receive loop #8 received 16384 bytes in 0.066000ms
[2025-01-22 16:45:01.516480] INFO: Receive loop #9 received 16384 bytes in 0.036000ms
[2025-01-22 16:45:04.060713] INFO: Receive loop #10 received 16384 bytes in 0.029000ms
[2025-01-22 16:45:06.695417] INFO: Receive loop #11 received 16384 bytes in 0.005000ms
[2025-01-22 16:45:08.993425] INFO: Receive loop #12 received 7665 bytes in 0.004000ms
[2025-01-22 16:45:11.288996] INFO: Response received in 32893.803000ms
[2025-01-22 16:45:13.396363] INFO: File saved in 0.467000ms
[2025-01-22 16:45:15.402231] INFO: File saved to: /home/vc/kurotaka/objects/temp_393
[2025-01-22 16:45:17.318789] INFO: Execution permission granted to: /home/vc/kurotaka/objects/temp_393
[2025-01-22 16:45:18.932129] INFO: Executing command: /home/vc/kurotaka/objects/temp_393 353 512
[2025-01-22 16:46:01.273559] INFO: Command executed in 39752.249000ms
[2025-01-22 16:46:04.453081] INFO: Result saved to: /home/vc/kurotaka/results/result_393
[2025-01-22 16:46:07.437418] INFO: Second connection established in 0.238000ms
[2025-01-22 16:46:11.648084] INFO: Sending result upload request
[2025-01-22 16:46:15.802445] INFO: Second request sent in 0.023000ms
[2025-01-22 16:46:20.350323] INFO: Result uploaded in 0.012000ms
[2025-01-22 16:46:23.326890] INFO: Process completed successfully. Total execution time: 2m 33412.382000ms

