
[2025-01-22 16:38:08.546169] INFO: Process started with ID: 12
[2025-01-22 16:38:10.481059] INFO: First connection established in 0.219000ms
[2025-01-22 16:38:12.522097] INFO: Sending request: GET /http_server/send-object.php?ID=12 HTTP/1.1
Host: 192.168.100.3
Connection: close


[2025-01-22 16:38:14.832587] INFO: First request sent in 0.020000ms
[2025-01-22 16:38:17.441666] INFO: Time from request to first response:0.031000ms
[2025-01-22 16:38:20.030433] INFO: Received headers - MPI-Rank: 256, Group-ID: 1, Job-ID: 1, Sub-Job-ID: 257, Rank-Count: 512
[2025-01-22 16:38:22.813236] INFO: Receive loop #1 received 16384 bytes in 4976.622000ms
[2025-01-22 16:38:25.390541] INFO: Receive loop #2 received 16384 bytes in 0.089000ms
[2025-01-22 16:38:27.281127] INFO: Receive loop #3 received 16384 bytes in 0.079000ms
[2025-01-22 16:38:29.956661] INFO: Receive loop #4 received 16384 bytes in 0.105000ms
[2025-01-22 16:38:32.160744] INFO: Receive loop #5 received 16384 bytes in 0.030000ms
[2025-01-22 16:38:34.424197] INFO: Receive loop #6 received 16384 bytes in 0.029000ms
[2025-01-22 16:38:36.683822] INFO: Receive loop #7 received 16384 bytes in 0.005000ms
[2025-01-22 16:38:39.121719] INFO: Receive loop #8 received 16384 bytes in 0.049000ms
[2025-01-22 16:38:41.683356] INFO: Receive loop #9 received 16384 bytes in 0.030000ms
[2025-01-22 16:38:43.657088] INFO: Receive loop #10 received 16384 bytes in 0.011000ms
[2025-01-22 16:38:46.179200] INFO: Receive loop #11 received 16384 bytes in 0.030000ms
[2025-01-22 16:38:48.647301] INFO: Receive loop #12 received 7665 bytes in 0.019000ms
[2025-01-22 16:38:50.383756] INFO: Response received in 33283.962000ms
[2025-01-22 16:38:52.553733] INFO: File saved in 0.548000ms
[2025-01-22 16:38:55.225652] INFO: File saved to: /home/vc/kurotaka/objects/temp_12
[2025-01-22 16:38:59.516699] INFO: Execution permission granted to: /home/vc/kurotaka/objects/temp_12
[2025-01-22 16:39:01.954359] INFO: Executing command: /home/vc/kurotaka/objects/temp_12 256 512
[2025-01-22 16:39:59.998829] INFO: Command executed in 55242.818000ms
[2025-01-22 16:40:03.277017] INFO: Result saved to: /home/vc/kurotaka/results/result_12
[2025-01-22 16:40:06.889800] INFO: Second connection established in 0.253000ms
[2025-01-22 16:40:10.941686] INFO: Sending result upload request
[2025-01-22 16:40:15.724222] INFO: Second request sent in 0.026000ms
[2025-01-22 16:40:19.554203] INFO: Result uploaded in 0.011000ms
[2025-01-22 16:40:21.405609] INFO: Process completed successfully. Total execution time: 2m 33561.467000ms

