
[2025-01-22 16:38:02.279200] INFO: Process started with ID: 344
[2025-01-22 16:38:04.287380] INFO: First connection established in 0.183000ms
[2025-01-22 16:38:06.616488] INFO: Sending request: GET /http_server/send-object.php?ID=344 HTTP/1.1
Host: 192.168.100.3
Connection: close


[2025-01-22 16:38:08.876125] INFO: First request sent in 0.033000ms
[2025-01-22 16:38:10.804346] INFO: Time from request to first response:0.007000ms
[2025-01-22 16:38:12.761739] INFO: Received headers - MPI-Rank: 220, Group-ID: 1, Job-ID: 1, Sub-Job-ID: 221, Rank-Count: 512
[2025-01-22 16:38:15.124291] INFO: Receive loop #1 received 16384 bytes in 4495.173000ms
[2025-01-22 16:38:17.705772] INFO: Receive loop #2 received 16384 bytes in 0.060000ms
[2025-01-22 16:38:20.235846] INFO: Receive loop #3 received 16384 bytes in 0.086000ms
[2025-01-22 16:38:22.926016] INFO: Receive loop #4 received 16384 bytes in 0.114000ms
[2025-01-22 16:38:25.744591] INFO: Receive loop #5 received 16384 bytes in 0.053000ms
[2025-01-22 16:38:27.347197] INFO: Receive loop #6 received 16384 bytes in 0.028000ms
[2025-01-22 16:38:30.061874] INFO: Receive loop #7 received 16384 bytes in 0.029000ms
[2025-01-22 16:38:32.466696] INFO: Receive loop #8 received 16384 bytes in 0.252000ms
[2025-01-22 16:38:34.681397] INFO: Receive loop #9 received 16384 bytes in 0.030000ms
[2025-01-22 16:38:37.109277] INFO: Receive loop #10 received 16384 bytes in 0.029000ms
[2025-01-22 16:38:39.417069] INFO: Receive loop #11 received 16384 bytes in 0.028000ms
[2025-01-22 16:38:42.023085] INFO: Receive loop #12 received 7665 bytes in 0.019000ms
[2025-01-22 16:38:44.171569] INFO: Response received in 33537.657000ms
[2025-01-22 16:38:46.526875] INFO: File saved in 0.477000ms
[2025-01-22 16:38:48.647648] INFO: File saved to: /home/vc/kurotaka/objects/temp_344
[2025-01-22 16:38:50.352502] INFO: Execution permission granted to: /home/vc/kurotaka/objects/temp_344
[2025-01-22 16:38:52.141987] INFO: Executing command: /home/vc/kurotaka/objects/temp_344 220 512
[2025-01-22 16:39:57.952015] INFO: Command executed in 1m 2546.202000ms
[2025-01-22 16:40:02.006359] INFO: Result saved to: /home/vc/kurotaka/results/result_344
[2025-01-22 16:40:05.353109] INFO: Second connection established in 0.278000ms
[2025-01-22 16:40:09.382283] INFO: Sending result upload request
[2025-01-22 16:40:13.924680] INFO: Second request sent in 0.026000ms
[2025-01-22 16:40:18.417171] INFO: Result uploaded in 0.010000ms
[2025-01-22 16:40:21.099774] INFO: Process completed successfully. Total execution time: 2m 32876.395000ms

