
[2025-01-22 16:44:29.009716] INFO: Process started with ID: 402
[2025-01-22 16:44:31.709944] INFO: First connection established in 0.158000ms
[2025-01-22 16:44:34.227177] INFO: Sending request: GET /http_server/send-object.php?ID=402 HTTP/1.1
Host: 192.168.100.3
Connection: close


[2025-01-22 16:44:36.625417] INFO: First request sent in 0.038000ms
[2025-01-22 16:44:38.801294] INFO: Time from request to first response:0.030000ms
[2025-01-22 16:44:41.096404] INFO: Received headers - MPI-Rank: 356, Group-ID: 1, Job-ID: 1, Sub-Job-ID: 357, Rank-Count: 512
[2025-01-22 16:44:43.550615] INFO: Receive loop #1 received 16384 bytes in 5158.753000ms
[2025-01-22 16:44:45.652228] INFO: Receive loop #2 received 16384 bytes in 0.054000ms
[2025-01-22 16:44:48.079611] INFO: Receive loop #3 received 16384 bytes in 0.031000ms
[2025-01-22 16:44:50.200506] INFO: Receive loop #4 received 16384 bytes in 0.111000ms
[2025-01-22 16:44:51.938180] INFO: Receive loop #5 received 16384 bytes in 0.008000ms
[2025-01-22 16:44:53.770884] INFO: Receive loop #6 received 16384 bytes in 0.032000ms
[2025-01-22 16:44:56.820014] INFO: Receive loop #7 received 16384 bytes in 0.029000ms
[2025-01-22 16:44:59.261564] INFO: Receive loop #8 received 16384 bytes in 0.050000ms
[2025-01-22 16:45:01.517587] INFO: Receive loop #9 received 16384 bytes in 0.036000ms
[2025-01-22 16:45:04.106351] INFO: Receive loop #10 received 16384 bytes in 0.027000ms
[2025-01-22 16:45:06.783459] INFO: Receive loop #11 received 16384 bytes in 0.030000ms
[2025-01-22 16:45:09.171132] INFO: Receive loop #12 received 7665 bytes in 0.008000ms
[2025-01-22 16:45:11.353983] INFO: Response received in 32600.262000ms
[2025-01-22 16:45:13.397701] INFO: File saved in 0.513000ms
[2025-01-22 16:45:15.461519] INFO: File saved to: /home/vc/kurotaka/objects/temp_402
[2025-01-22 16:45:17.467134] INFO: Execution permission granted to: /home/vc/kurotaka/objects/temp_402
[2025-01-22 16:45:19.112059] INFO: Executing command: /home/vc/kurotaka/objects/temp_402 356 512
[2025-01-22 16:46:01.318643] INFO: Command executed in 39796.256000ms
[2025-01-22 16:46:04.469755] INFO: Result saved to: /home/vc/kurotaka/results/result_402
[2025-01-22 16:46:07.462287] INFO: Second connection established in 0.200000ms
[2025-01-22 16:46:11.755033] INFO: Sending result upload request
[2025-01-22 16:46:15.861279] INFO: Second request sent in 0.027000ms
[2025-01-22 16:46:20.563978] INFO: Result uploaded in 0.010000ms
[2025-01-22 16:46:23.466146] INFO: Process completed successfully. Total execution time: 2m 33482.783000ms

