
[2025-01-22 16:37:48.316545] INFO: Process started with ID: 244
[2025-01-22 16:37:49.059785] INFO: First connection established in 0.240000ms
[2025-01-22 16:37:49.902445] INFO: Sending request: GET /http_server/send-object.php?ID=244 HTTP/1.1
Host: 192.168.100.3
Connection: close


[2025-01-22 16:37:50.484208] INFO: First request sent in 0.033000ms
[2025-01-22 16:37:51.490754] INFO: Time from request to first response:0.026000ms
[2025-01-22 16:37:52.842106] INFO: Received headers - MPI-Rank: 58, Group-ID: 1, Job-ID: 1, Sub-Job-ID: 59, Rank-Count: 512
[2025-01-22 16:37:53.780043] INFO: Receive loop #1 received 16384 bytes in 2276.109000ms
[2025-01-22 16:37:55.474699] INFO: Receive loop #2 received 16384 bytes in 0.059000ms
[2025-01-22 16:37:56.193630] INFO: Receive loop #3 received 16384 bytes in 0.081000ms
[2025-01-22 16:37:57.671253] INFO: Receive loop #4 received 16384 bytes in 0.116000ms
[2025-01-22 16:37:59.309965] INFO: Receive loop #5 received 16384 bytes in 0.005000ms
[2025-01-22 16:38:00.379742] INFO: Receive loop #6 received 16384 bytes in 0.029000ms
[2025-01-22 16:38:01.651636] INFO: Receive loop #7 received 16384 bytes in 0.029000ms
[2025-01-22 16:38:03.792127] INFO: Receive loop #8 received 16384 bytes in 0.242000ms
[2025-01-22 16:38:05.963269] INFO: Receive loop #9 received 16384 bytes in 0.030000ms
[2025-01-22 16:38:07.754096] INFO: Receive loop #10 received 16384 bytes in 0.029000ms
[2025-01-22 16:38:09.807496] INFO: Receive loop #11 received 16384 bytes in 0.028000ms
[2025-01-22 16:38:11.713730] INFO: Receive loop #12 received 7663 bytes in 0.019000ms
[2025-01-22 16:38:14.242980] INFO: Response received in 22338.283000ms
[2025-01-22 16:38:17.067820] INFO: File saved in 0.451000ms
[2025-01-22 16:38:19.346311] INFO: File saved to: /home/vc/kurotaka/objects/temp_244
[2025-01-22 16:38:21.975395] INFO: Execution permission granted to: /home/vc/kurotaka/objects/temp_244
[2025-01-22 16:38:24.235242] INFO: Executing command: /home/vc/kurotaka/objects/temp_244 58 512
[2025-01-22 16:39:56.578327] INFO: Command executed in 1m 29484.647000ms
[2025-01-22 16:40:00.402687] INFO: Result saved to: /home/vc/kurotaka/results/result_244
[2025-01-22 16:40:04.023890] INFO: Second connection established in 0.223000ms
[2025-01-22 16:40:07.625310] INFO: Sending result upload request
[2025-01-22 16:40:12.052569] INFO: Second request sent in 0.026000ms
[2025-01-22 16:40:16.892030] INFO: Result uploaded in 0.030000ms
[2025-01-22 16:40:20.078371] INFO: Process completed successfully. Total execution time: 2m 32010.642000ms

