
[2025-01-22 16:37:47.749767] INFO: Process started with ID: 195
[2025-01-22 16:37:48.024386] INFO: First connection established in 0.295000ms
[2025-01-22 16:37:48.422799] INFO: Sending request: GET /http_server/send-object.php?ID=195 HTTP/1.1
Host: 192.168.100.3
Connection: close


[2025-01-22 16:37:49.129276] INFO: First request sent in 0.006000ms
[2025-01-22 16:37:49.929852] INFO: Time from request to first response:0.028000ms
[2025-01-22 16:37:50.586504] INFO: Received headers - MPI-Rank: 29, Group-ID: 1, Job-ID: 1, Sub-Job-ID: 30, Rank-Count: 512
[2025-01-22 16:37:51.665599] INFO: Receive loop #1 received 16384 bytes in 1337.143000ms
[2025-01-22 16:37:52.953618] INFO: Receive loop #2 received 16384 bytes in 0.072000ms
[2025-01-22 16:37:54.019803] INFO: Receive loop #3 received 16384 bytes in 0.080000ms
[2025-01-22 16:37:55.661461] INFO: Receive loop #4 received 16384 bytes in 0.107000ms
[2025-01-22 16:37:56.350049] INFO: Receive loop #5 received 16384 bytes in 0.028000ms
[2025-01-22 16:37:57.874958] INFO: Receive loop #6 received 16384 bytes in 0.030000ms
[2025-01-22 16:37:59.396737] INFO: Receive loop #7 received 16384 bytes in 0.029000ms
[2025-01-22 16:38:00.520464] INFO: Receive loop #8 received 16384 bytes in 0.257000ms
[2025-01-22 16:38:01.860239] INFO: Receive loop #9 received 16384 bytes in 0.029000ms
[2025-01-22 16:38:04.017494] INFO: Receive loop #10 received 16384 bytes in 0.028000ms
[2025-01-22 16:38:06.408316] INFO: Receive loop #11 received 16384 bytes in 0.028000ms
[2025-01-22 16:38:08.259438] INFO: Receive loop #12 received 7663 bytes in 0.018000ms
[2025-01-22 16:38:10.212788] INFO: Response received in 19816.579000ms
[2025-01-22 16:38:12.098299] INFO: File saved in 0.477000ms
[2025-01-22 16:38:14.665174] INFO: File saved to: /home/vc/kurotaka/objects/temp_195
[2025-01-22 16:38:17.313120] INFO: Execution permission granted to: /home/vc/kurotaka/objects/temp_195
[2025-01-22 16:38:19.902987] INFO: Executing command: /home/vc/kurotaka/objects/temp_195 29 512
[2025-01-22 16:39:55.530241] INFO: Command executed in 1m 32515.553000ms
[2025-01-22 16:39:59.293924] INFO: Result saved to: /home/vc/kurotaka/results/result_195
[2025-01-22 16:40:03.075657] INFO: Second connection established in 0.198000ms
[2025-01-22 16:40:06.628964] INFO: Sending result upload request
[2025-01-22 16:40:10.654923] INFO: Second request sent in 0.026000ms
[2025-01-22 16:40:15.139406] INFO: Result uploaded in 0.056000ms
[2025-01-22 16:40:19.508265] INFO: Process completed successfully. Total execution time: 2m 30727.578000ms

