
[2025-01-31 17:00:28] Program started at 2025-01-31 17:00:28.0439
[2025-01-31 17:00:28] [getClientID] MySQL connection established. Execution time: 0.494 ms
[2025-01-31 17:00:28] [getClientID] SELECT table_name FROM table_registry WHERE id = :job_id / Execution time: 0.368 ms
[2025-01-31 17:00:28] [getClientID] SELECT client FROM `matrix` WHERE id = :sub_job_id / Execution time: 0.229 ms
[2025-01-31 17:00:28] getClientID completed. Execution time: 1.323 ms
[2025-01-31 17:00:28] Read file completed. Execution time: 0.013 ms
[2025-01-31 17:00:28] File saved successfully: uploads/job_1/group_1/result_53
[2025-01-31 17:00:28] [updateStatus] MySQL connection established. Execution time: 0.133 ms
[2025-01-31 17:00:28] [updateStatus] SELECT table_name FROM table_registry WHERE id = :job_id FOR UPDATE / Execution time: 10.195 ms
[2025-01-31 17:00:28] [updateStatus] UPDATE `matrix` SET status = :status WHERE id = :sub_job_id / Execution time: 0.187 ms
[2025-01-31 17:00:28] [updateStatus] SELECT COUNT_RECORDS FROM `matrix` / Execution time: 0.195 ms
[2025-01-31 17:00:28] [updateStatus] UPDATE table_registry SET status = :status WHERE id = :job_id / Execution time: 0.089 ms
[2025-01-31 17:00:28] updateStatus completed. Execution time: 227.343 ms
[2025-01-31 17:00:28] Write file completed. Execution time: 227.753 ms
[2025-01-31 17:00:28] [getGroupStatus] MySQL connection established. Execution time: 0.084 ms
[2025-01-31 17:00:28] [getGroupStatus] SELECT table_name FROM table_registry WHERE id = :job_id / Execution time: 0.358 ms
[2025-01-31 17:00:28] [getGroupStatus] SELECT status FROM `matrix` WHERE group_id = :group_id / Execution time: 0.884 ms
[2025-01-31 17:00:28] getGroupStatus completed. Execution time: 1.515 ms
[2025-01-31 17:00:28] Group 1 is not completed yet.
[2025-01-31 17:00:28] Program completed. Total execution time: 233.933 ms

