
[2025-01-31 17:00:28] Program started at 2025-01-31 17:00:28.0437
[2025-01-31 17:00:28] [getClientID] MySQL connection established. Execution time: 0.481 ms
[2025-01-31 17:00:28] [getClientID] SELECT table_name FROM table_registry WHERE id = :job_id / Execution time: 0.349 ms
[2025-01-31 17:00:28] [getClientID] SELECT client FROM `matrix` WHERE id = :sub_job_id / Execution time: 0.144 ms
[2025-01-31 17:00:28] getClientID completed. Execution time: 1.267 ms
[2025-01-31 17:00:28] Read file completed. Execution time: 0.017 ms
[2025-01-31 17:00:28] File saved successfully: uploads/job_1/group_1/result_124
[2025-01-31 17:00:28] [updateStatus] MySQL connection established. Execution time: 0.129 ms
[2025-01-31 17:00:28] [updateStatus] SELECT table_name FROM table_registry WHERE id = :job_id FOR UPDATE / Execution time: 1.827 ms
[2025-01-31 17:00:28] [updateStatus] UPDATE `matrix` SET status = :status WHERE id = :sub_job_id / Execution time: 0.226 ms
[2025-01-31 17:00:28] [updateStatus] SELECT COUNT_RECORDS FROM `matrix` / Execution time: 0.262 ms
[2025-01-31 17:00:28] [updateStatus] UPDATE table_registry SET status = :status WHERE id = :job_id / Execution time: 0.213 ms
[2025-01-31 17:00:28] updateStatus completed. Execution time: 227.681 ms
[2025-01-31 17:00:28] Write file completed. Execution time: 228.146 ms
[2025-01-31 17:00:28] [getGroupStatus] MySQL connection established. Execution time: 0.165 ms
[2025-01-31 17:00:28] [getGroupStatus] SELECT table_name FROM table_registry WHERE id = :job_id / Execution time: 0.380 ms
[2025-01-31 17:00:28] [getGroupStatus] SELECT status FROM `matrix` WHERE group_id = :group_id / Execution time: 1.081 ms
[2025-01-31 17:00:28] getGroupStatus completed. Execution time: 1.917 ms
[2025-01-31 17:00:28] Group 1 is not completed yet.
[2025-01-31 17:00:28] Program completed. Total execution time: 234.450 ms

