
[2025-01-31 17:00:28] Program started at 2025-01-31 17:00:28.0431
[2025-01-31 17:00:28] [getClientID] MySQL connection established. Execution time: 0.575 ms
[2025-01-31 17:00:28] [getClientID] SELECT table_name FROM table_registry WHERE id = :job_id / Execution time: 0.431 ms
[2025-01-31 17:00:28] [getClientID] SELECT client FROM `matrix` WHERE id = :sub_job_id / Execution time: 0.274 ms
[2025-01-31 17:00:28] getClientID completed. Execution time: 1.740 ms
[2025-01-31 17:00:28] Read file completed. Execution time: 0.013 ms
[2025-01-31 17:00:28] File saved successfully: uploads/job_1/group_1/result_120
[2025-01-31 17:00:28] [updateStatus] MySQL connection established. Execution time: 0.153 ms
[2025-01-31 17:00:28] [updateStatus] SELECT table_name FROM table_registry WHERE id = :job_id FOR UPDATE / Execution time: 1.022 ms
[2025-01-31 17:00:28] [updateStatus] UPDATE `matrix` SET status = :status WHERE id = :sub_job_id / Execution time: 0.143 ms
[2025-01-31 17:00:28] [updateStatus] SELECT COUNT_RECORDS FROM `matrix` / Execution time: 0.218 ms
[2025-01-31 17:00:28] [updateStatus] UPDATE table_registry SET status = :status WHERE id = :job_id / Execution time: 0.171 ms
[2025-01-31 17:00:28] updateStatus completed. Execution time: 227.961 ms
[2025-01-31 17:00:28] Write file completed. Execution time: 228.370 ms
[2025-01-31 17:00:28] [getGroupStatus] MySQL connection established. Execution time: 0.168 ms
[2025-01-31 17:00:28] [getGroupStatus] SELECT table_name FROM table_registry WHERE id = :job_id / Execution time: 0.388 ms
[2025-01-31 17:00:28] [getGroupStatus] SELECT status FROM `matrix` WHERE group_id = :group_id / Execution time: 1.127 ms
[2025-01-31 17:00:28] getGroupStatus completed. Execution time: 1.978 ms
[2025-01-31 17:00:28] Group 1 is not completed yet.
[2025-01-31 17:00:28] Program completed. Total execution time: 235.243 ms

