
[2025-01-31 17:24:54.886002] INFO: Process started with ID: 120
[2025-01-31 17:24:55.686391] INFO: First connection established in 0.269000ms
[2025-01-31 17:24:56.684526] INFO: Sending request: GET /http_server/send-object.php?ID=120 HTTP/1.1
Host: 192.168.100.3
Connection: close


[2025-01-31 17:24:57.258874] INFO: First request sent in 0.036000ms
[2025-01-31 17:24:58.294045] INFO: Time from request to first response in 0.035000ms
[2025-01-31 17:24:59.289092] INFO: Received headers - MPI-Rank: 102, Group-ID: 1, Job-ID: 1, Sub-Job-ID: 103, Rank-Count: 512
[2025-01-31 17:25:00.268427] INFO: Receive loop #1 received 16384 bytes in 2120.687000ms
[2025-01-31 17:25:01.095835] INFO: Receive loop #2 received 16384 bytes in 0.090000ms
[2025-01-31 17:25:02.643819] INFO: Receive loop #3 received 16384 bytes in 0.077000ms
[2025-01-31 17:25:03.821164] INFO: Receive loop #4 received 16384 bytes in 0.028000ms
[2025-01-31 17:25:05.592848] INFO: Receive loop #5 received 16384 bytes in 0.029000ms
[2025-01-31 17:25:07.204021] INFO: Receive loop #6 received 16384 bytes in 0.032000ms
[2025-01-31 17:25:08.677901] INFO: Receive loop #7 received 16384 bytes in 0.029000ms
[2025-01-31 17:25:10.948626] INFO: Receive loop #8 received 16384 bytes in 0.071000ms
[2025-01-31 17:25:13.092798] INFO: Receive loop #9 received 16384 bytes in 0.032000ms
[2025-01-31 17:25:15.240965] INFO: Receive loop #10 received 16384 bytes in 0.037000ms
[2025-01-31 17:25:17.397873] INFO: Receive loop #11 received 16384 bytes in 0.031000ms
[2025-01-31 17:25:19.925470] INFO: Receive loop #12 received 7665 bytes in 0.019000ms
[2025-01-31 17:25:23.205083] INFO: Response received in 23742.273000ms
[2025-01-31 17:25:25.487375] INFO: File saved in 0.463000ms
[2025-01-31 17:25:27.731145] INFO: File saved to: /home/vc/kurotaka/objects/temp_120
[2025-01-31 17:25:30.126469] INFO: Execution permission granted to: /home/vc/kurotaka/objects/temp_120
[2025-01-31 17:25:32.261389] INFO: Executing command: /home/vc/kurotaka/objects/temp_120 102 512 1
[2025-01-31 17:26:46.821772] INFO: Command executed in 1m 12606.896000ms
[2025-01-31 17:26:48.680801] INFO: Result saved to: /home/vc/kurotaka/results/result_120
[2025-01-31 17:26:50.247596] INFO: Second connection established in 0.291000ms
[2025-01-31 17:26:53.994269] INFO: Sending result upload request
[2025-01-31 17:26:58.257255] INFO: Second request sent in 0.027000ms
[2025-01-31 17:27:02.992664] INFO: Result uploaded in 0.056000ms
[2025-01-31 17:27:07.797059] INFO: Process completed successfully. Total execution time in 2m 13821.980000ms

