
[2025-01-31 17:25:47.459928] INFO: Process started with ID: 197
[2025-01-31 17:25:49.162737] INFO: First connection established in 0.258000ms
[2025-01-31 17:25:51.464553] INFO: Sending request: GET /http_server/send-object.php?ID=197 HTTP/1.1
Host: 192.168.100.3
Connection: close


[2025-01-31 17:25:53.880251] INFO: First request sent in 0.012000ms
[2025-01-31 17:25:55.288112] INFO: Time from request to first response in 0.030000ms
[2025-01-31 17:25:57.369978] INFO: Received headers - MPI-Rank: 462, Group-ID: 1, Job-ID: 1, Sub-Job-ID: 463, Rank-Count: 512
[2025-01-31 17:25:59.407997] INFO: Receive loop #1 received 16384 bytes in 3725.013000ms
[2025-01-31 17:26:01.865268] INFO: Receive loop #2 received 16384 bytes in 0.020000ms
[2025-01-31 17:26:03.158835] INFO: Receive loop #3 received 16384 bytes in 0.082000ms
[2025-01-31 17:26:04.973752] INFO: Receive loop #4 received 16384 bytes in 0.144000ms
[2025-01-31 17:26:06.402758] INFO: Receive loop #5 received 16384 bytes in 0.010000ms
[2025-01-31 17:26:08.233128] INFO: Receive loop #6 received 16384 bytes in 0.029000ms
[2025-01-31 17:26:09.461238] INFO: Receive loop #7 received 16384 bytes in 0.027000ms
[2025-01-31 17:26:10.883265] INFO: Receive loop #8 received 16384 bytes in 0.260000ms
[2025-01-31 17:26:12.516110] INFO: Receive loop #9 received 16384 bytes in 0.029000ms
[2025-01-31 17:26:13.849982] INFO: Receive loop #10 received 16384 bytes in 0.005000ms
[2025-01-31 17:26:14.851082] INFO: Receive loop #11 received 16384 bytes in 0.035000ms
[2025-01-31 17:26:16.407534] INFO: Receive loop #12 received 7665 bytes in 0.019000ms
[2025-01-31 17:26:17.432383] INFO: Response received in 21889.461000ms
[2025-01-31 17:26:18.667388] INFO: File saved in 0.669000ms
[2025-01-31 17:26:20.117566] INFO: File saved to: /home/vc/kurotaka/objects/temp_197
[2025-01-31 17:26:21.865249] INFO: Execution permission granted to: /home/vc/kurotaka/objects/temp_197
[2025-01-31 17:26:23.072993] INFO: Executing command: /home/vc/kurotaka/objects/temp_197 462 512 1
[2025-01-31 17:26:56.724219] INFO: Command executed in 32068.054000ms
[2025-01-31 17:27:01.273831] INFO: Result saved to: /home/vc/kurotaka/results/result_197
[2025-01-31 17:27:06.319018] INFO: Second connection established in 0.231000ms
[2025-01-31 17:27:11.734047] INFO: Sending result upload request
[2025-01-31 17:27:15.339361] INFO: Second request sent in 0.004000ms
[2025-01-31 17:27:16.690880] INFO: Result uploaded in 0.011000ms
[2025-01-31 17:27:17.918473] INFO: Process completed successfully. Total execution time in 2m 25452.762000ms

