
[2025-01-31 17:25:30.221876] INFO: Process started with ID: 426
[2025-01-31 17:25:32.376063] INFO: First connection established in 0.229000ms
[2025-01-31 17:25:34.156098] INFO: Sending request: GET /http_server/send-object.php?ID=426 HTTP/1.1
Host: 192.168.100.3
Connection: close


[2025-01-31 17:25:36.706964] INFO: First request sent in 0.035000ms
[2025-01-31 17:25:39.129606] INFO: Time from request to first response in 0.039000ms
[2025-01-31 17:25:41.446148] INFO: Received headers - MPI-Rank: 371, Group-ID: 1, Job-ID: 1, Sub-Job-ID: 372, Rank-Count: 512
[2025-01-31 17:25:43.905165] INFO: Receive loop #1 received 16384 bytes in 4940.118000ms
[2025-01-31 17:25:45.994857] INFO: Receive loop #2 received 16384 bytes in 0.069000ms
[2025-01-31 17:25:47.965340] INFO: Receive loop #3 received 16384 bytes in 0.088000ms
[2025-01-31 17:25:50.074991] INFO: Receive loop #4 received 16384 bytes in 0.137000ms
[2025-01-31 17:25:52.895443] INFO: Receive loop #5 received 16384 bytes in 0.029000ms
[2025-01-31 17:25:54.858756] INFO: Receive loop #6 received 16384 bytes in 0.034000ms
[2025-01-31 17:25:57.002152] INFO: Receive loop #7 received 16384 bytes in 0.036000ms
[2025-01-31 17:25:59.943136] INFO: Receive loop #8 received 16384 bytes in 0.291000ms
[2025-01-31 17:26:02.380083] INFO: Receive loop #9 received 16384 bytes in 0.033000ms
[2025-01-31 17:26:04.434513] INFO: Receive loop #10 received 16384 bytes in 0.026000ms
[2025-01-31 17:26:05.412343] INFO: Receive loop #11 received 16384 bytes in 0.011000ms
[2025-01-31 17:26:07.377476] INFO: Receive loop #12 received 7665 bytes in 0.019000ms
[2025-01-31 17:26:08.753219] INFO: Response received in 29798.213000ms
[2025-01-31 17:26:10.458233] INFO: File saved in 0.468000ms
[2025-01-31 17:26:12.351008] INFO: File saved to: /home/vc/kurotaka/objects/temp_426
[2025-01-31 17:26:14.621066] INFO: Execution permission granted to: /home/vc/kurotaka/objects/temp_426
[2025-01-31 17:26:16.264858] INFO: Executing command: /home/vc/kurotaka/objects/temp_426 371 512 1
[2025-01-31 17:26:51.206664] INFO: Command executed in 33893.009000ms
[2025-01-31 17:26:53.163568] INFO: Result saved to: /home/vc/kurotaka/results/result_426
[2025-01-31 17:26:56.260253] INFO: Second connection established in 0.174000ms
[2025-01-31 17:26:59.858370] INFO: Sending result upload request
[2025-01-31 17:27:04.315016] INFO: Second request sent in 0.026000ms
[2025-01-31 17:27:08.477565] INFO: Result uploaded in 0.011000ms
[2025-01-31 17:27:13.738818] INFO: Process completed successfully. Total execution time in 2m 19823.431000ms

