
[2025-01-31 17:25:33.901598] INFO: Process started with ID: 297
[2025-01-31 17:25:35.976628] INFO: First connection established in 0.326000ms
[2025-01-31 17:25:38.312453] INFO: Sending request: GET /http_server/send-object.php?ID=297 HTTP/1.1
Host: 192.168.100.3
Connection: close


[2025-01-31 17:25:40.880229] INFO: First request sent in 0.040000ms
[2025-01-31 17:25:43.430464] INFO: Time from request to first response in 0.032000ms
[2025-01-31 17:25:45.734345] INFO: Received headers - MPI-Rank: 390, Group-ID: 1, Job-ID: 1, Sub-Job-ID: 391, Rank-Count: 512
[2025-01-31 17:25:47.557731] INFO: Receive loop #1 received 16384 bytes in 4113.058000ms
[2025-01-31 17:25:49.385864] INFO: Receive loop #2 received 16384 bytes in 0.075000ms
[2025-01-31 17:25:51.719956] INFO: Receive loop #3 received 16384 bytes in 0.085000ms
[2025-01-31 17:25:54.231618] INFO: Receive loop #4 received 16384 bytes in 0.144000ms
[2025-01-31 17:25:56.221735] INFO: Receive loop #5 received 16384 bytes in 0.006000ms
[2025-01-31 17:25:58.719318] INFO: Receive loop #6 received 16384 bytes in 0.027000ms
[2025-01-31 17:26:01.822675] INFO: Receive loop #7 received 16384 bytes in 0.034000ms
[2025-01-31 17:26:03.610336] INFO: Receive loop #8 received 16384 bytes in 0.255000ms
[2025-01-31 17:26:05.391062] INFO: Receive loop #9 received 16384 bytes in 0.030000ms
[2025-01-31 17:26:06.759818] INFO: Receive loop #10 received 16384 bytes in 0.037000ms
[2025-01-31 17:26:08.752980] INFO: Receive loop #11 received 16384 bytes in 0.036000ms
[2025-01-31 17:26:10.434504] INFO: Receive loop #12 received 7665 bytes in 0.024000ms
[2025-01-31 17:26:12.163870] INFO: Response received in 28248.241000ms
[2025-01-31 17:26:13.791393] INFO: File saved in 0.241000ms
[2025-01-31 17:26:15.298238] INFO: File saved to: /home/vc/kurotaka/objects/temp_297
[2025-01-31 17:26:17.492284] INFO: Execution permission granted to: /home/vc/kurotaka/objects/temp_297
[2025-01-31 17:26:19.533165] INFO: Executing command: /home/vc/kurotaka/objects/temp_297 390 512 1
[2025-01-31 17:26:54.583188] INFO: Command executed in 33985.108000ms
[2025-01-31 17:26:57.684954] INFO: Result saved to: /home/vc/kurotaka/results/result_297
[2025-01-31 17:27:01.200687] INFO: Second connection established in 0.180000ms
[2025-01-31 17:27:05.839072] INFO: Sending result upload request
[2025-01-31 17:27:11.528194] INFO: Second request sent in 0.004000ms
[2025-01-31 17:27:16.410473] INFO: Result uploaded in 0.013000ms
[2025-01-31 17:27:18.829989] INFO: Process completed successfully. Total execution time in 2m 26384.862000ms

