
[2025-01-31 17:25:06.688334] INFO: Process started with ID: 508
[2025-01-31 17:25:08.367976] INFO: First connection established in 0.423000ms
[2025-01-31 17:25:10.667218] INFO: Sending request: GET /http_server/send-object.php?ID=508 HTTP/1.1
Host: 192.168.100.3
Connection: close


[2025-01-31 17:25:12.539766] INFO: First request sent in 0.030000ms
[2025-01-31 17:25:14.530696] INFO: Time from request to first response in 0.032000ms
[2025-01-31 17:25:16.864521] INFO: Received headers - MPI-Rank: 239, Group-ID: 1, Job-ID: 1, Sub-Job-ID: 240, Rank-Count: 512
[2025-01-31 17:25:19.359707] INFO: Receive loop #1 received 16384 bytes in 4751.149000ms
[2025-01-31 17:25:22.076058] INFO: Receive loop #2 received 16384 bytes in 0.064000ms
[2025-01-31 17:25:24.300253] INFO: Receive loop #3 received 16384 bytes in 0.077000ms
[2025-01-31 17:25:26.667795] INFO: Receive loop #4 received 16384 bytes in 0.021000ms
[2025-01-31 17:25:29.436797] INFO: Receive loop #5 received 16384 bytes in 0.009000ms
[2025-01-31 17:25:32.001939] INFO: Receive loop #6 received 16384 bytes in 0.031000ms
[2025-01-31 17:25:33.850387] INFO: Receive loop #7 received 16384 bytes in 0.029000ms
[2025-01-31 17:25:35.651600] INFO: Receive loop #8 received 16384 bytes in 0.291000ms
[2025-01-31 17:25:38.127848] INFO: Receive loop #9 received 16384 bytes in 0.031000ms
[2025-01-31 17:25:40.530015] INFO: Receive loop #10 received 16384 bytes in 0.029000ms
[2025-01-31 17:25:43.170953] INFO: Receive loop #11 received 16384 bytes in 0.030000ms
[2025-01-31 17:25:45.633492] INFO: Receive loop #12 received 7665 bytes in 0.022000ms
[2025-01-31 17:25:47.475596] INFO: Response received in 32867.624000ms
[2025-01-31 17:25:49.226675] INFO: File saved in 0.527000ms
[2025-01-31 17:25:51.532177] INFO: File saved to: /home/vc/kurotaka/objects/temp_508
[2025-01-31 17:25:56.133403] INFO: Execution permission granted to: /home/vc/kurotaka/objects/temp_508
[2025-01-31 17:25:58.463650] INFO: Executing command: /home/vc/kurotaka/objects/temp_508 239 512 1
[2025-01-31 17:27:00.390250] INFO: Command executed in 59777.665000ms
[2025-01-31 17:27:04.714037] INFO: Result saved to: /home/vc/kurotaka/results/result_508
[2025-01-31 17:27:09.209893] INFO: Second connection established in 0.075000ms
[2025-01-31 17:27:14.438890] INFO: Sending result upload request
[2025-01-31 17:27:17.562867] INFO: Second request sent in 0.005000ms
[2025-01-31 17:27:19.079438] INFO: Result uploaded in 0.011000ms
[2025-01-31 17:27:20.287007] INFO: Process completed successfully. Total execution time in 2m 27710.477000ms

