
[2025-01-31 17:25:40.319358] INFO: Process started with ID: 196
[2025-01-31 17:25:43.127830] INFO: First connection established in 0.281000ms
[2025-01-31 17:25:45.483757] INFO: Sending request: GET /http_server/send-object.php?ID=196 HTTP/1.1
Host: 192.168.100.3
Connection: close


[2025-01-31 17:25:46.975822] INFO: First request sent in 0.031000ms
[2025-01-31 17:25:48.735514] INFO: Time from request to first response in 0.011000ms
[2025-01-31 17:25:50.949357] INFO: Received headers - MPI-Rank: 424, Group-ID: 1, Job-ID: 1, Sub-Job-ID: 425, Rank-Count: 512
[2025-01-31 17:25:53.577322] INFO: Receive loop #1 received 16384 bytes in 4953.037000ms
[2025-01-31 17:25:55.782862] INFO: Receive loop #2 received 16384 bytes in 0.100000ms
[2025-01-31 17:25:57.871290] INFO: Receive loop #3 received 16384 bytes in 0.078000ms
[2025-01-31 17:26:00.358468] INFO: Receive loop #4 received 16384 bytes in 0.126000ms
[2025-01-31 17:26:02.590734] INFO: Receive loop #5 received 16384 bytes in 0.029000ms
[2025-01-31 17:26:04.203583] INFO: Receive loop #6 received 16384 bytes in 0.030000ms
[2025-01-31 17:26:05.569752] INFO: Receive loop #7 received 16384 bytes in 0.022000ms
[2025-01-31 17:26:07.695030] INFO: Receive loop #8 received 16384 bytes in 0.249000ms
[2025-01-31 17:26:08.999637] INFO: Receive loop #9 received 16384 bytes in 0.036000ms
[2025-01-31 17:26:10.828583] INFO: Receive loop #10 received 16384 bytes in 0.029000ms
[2025-01-31 17:26:12.515642] INFO: Receive loop #11 received 16384 bytes in 0.028000ms
[2025-01-31 17:26:13.824350] INFO: Receive loop #12 received 7665 bytes in 0.019000ms
[2025-01-31 17:26:14.723409] INFO: Response received in 26386.354000ms
[2025-01-31 17:26:16.314093] INFO: File saved in 0.507000ms
[2025-01-31 17:26:17.250748] INFO: File saved to: /home/vc/kurotaka/objects/temp_196
[2025-01-31 17:26:19.606921] INFO: Execution permission granted to: /home/vc/kurotaka/objects/temp_196
[2025-01-31 17:26:21.072955] INFO: Executing command: /home/vc/kurotaka/objects/temp_196 424 512 1
[2025-01-31 17:26:44.686062] INFO: Command executed in 22840.678000ms
[2025-01-31 17:26:46.035285] INFO: Result saved to: /home/vc/kurotaka/results/result_196
[2025-01-31 17:26:47.884837] INFO: Second connection established in 0.360000ms
[2025-01-31 17:26:49.680223] INFO: Sending result upload request
[2025-01-31 17:26:52.801881] INFO: Second request sent in 0.025000ms
[2025-01-31 17:26:56.951324] INFO: Result uploaded in 0.055000ms
[2025-01-31 17:27:01.632538] INFO: Process completed successfully. Total execution time in 2m 8127.142000ms

