
[2025-01-31 17:25:18.946431] INFO: Process started with ID: 414
[2025-01-31 17:25:21.635045] INFO: First connection established in 0.185000ms
[2025-01-31 17:25:23.368250] INFO: Sending request: GET /http_server/send-object.php?ID=414 HTTP/1.1
Host: 192.168.100.3
Connection: close


[2025-01-31 17:25:26.012625] INFO: First request sent in 0.036000ms
[2025-01-31 17:25:28.406178] INFO: Time from request to first response in 0.029000ms
[2025-01-31 17:25:30.731068] INFO: Received headers - MPI-Rank: 311, Group-ID: 1, Job-ID: 1, Sub-Job-ID: 312, Rank-Count: 512
[2025-01-31 17:25:32.582850] INFO: Receive loop #1 received 16384 bytes in 4593.515000ms
[2025-01-31 17:25:34.362961] INFO: Receive loop #2 received 16384 bytes in 0.062000ms
[2025-01-31 17:25:36.974974] INFO: Receive loop #3 received 16384 bytes in 0.074000ms
[2025-01-31 17:25:39.591634] INFO: Receive loop #4 received 16384 bytes in 0.028000ms
[2025-01-31 17:25:42.114949] INFO: Receive loop #5 received 16384 bytes in 0.027000ms
[2025-01-31 17:25:44.334574] INFO: Receive loop #6 received 16384 bytes in 0.036000ms
[2025-01-31 17:25:46.378613] INFO: Receive loop #7 received 16384 bytes in 0.034000ms
[2025-01-31 17:25:48.277564] INFO: Receive loop #8 received 16384 bytes in 0.246000ms
[2025-01-31 17:25:50.437365] INFO: Receive loop #9 received 16384 bytes in 0.037000ms
[2025-01-31 17:25:53.220445] INFO: Receive loop #10 received 16384 bytes in 0.035000ms
[2025-01-31 17:25:54.879646] INFO: Receive loop #11 received 16384 bytes in 0.029000ms
[2025-01-31 17:25:56.958328] INFO: Receive loop #12 received 7665 bytes in 0.019000ms
[2025-01-31 17:25:59.536077] INFO: Response received in 30549.257000ms
[2025-01-31 17:26:02.232242] INFO: File saved in 0.488000ms
[2025-01-31 17:26:03.725775] INFO: File saved to: /home/vc/kurotaka/objects/temp_414
[2025-01-31 17:26:06.318516] INFO: Execution permission granted to: /home/vc/kurotaka/objects/temp_414
[2025-01-31 17:26:07.695284] INFO: Executing command: /home/vc/kurotaka/objects/temp_414 311 512 1
[2025-01-31 17:26:50.712811] INFO: Command executed in 41619.206000ms
[2025-01-31 17:26:52.596266] INFO: Result saved to: /home/vc/kurotaka/results/result_414
[2025-01-31 17:26:55.696449] INFO: Second connection established in 0.239000ms
[2025-01-31 17:26:58.904627] INFO: Sending result upload request
[2025-01-31 17:27:03.071392] INFO: Second request sent in 0.027000ms
[2025-01-31 17:27:07.724710] INFO: Result uploaded in 0.064000ms
[2025-01-31 17:27:12.378231] INFO: Process completed successfully. Total execution time in 2m 18997.852000ms

