
[2025-01-31 17:25:11.451515] INFO: Process started with ID: 123
[2025-01-31 17:25:13.568664] INFO: First connection established in 0.319000ms
[2025-01-31 17:25:15.911901] INFO: Sending request: GET /http_server/send-object.php?ID=123 HTTP/1.1
Host: 192.168.100.3
Connection: close


[2025-01-31 17:25:18.301086] INFO: First request sent in 0.034000ms
[2025-01-31 17:25:20.997108] INFO: Time from request to first response in 0.029000ms
[2025-01-31 17:25:23.205015] INFO: Received headers - MPI-Rank: 270, Group-ID: 1, Job-ID: 1, Sub-Job-ID: 271, Rank-Count: 512
[2025-01-31 17:25:25.487175] INFO: Receive loop #1 received 16384 bytes in 4776.834000ms
[2025-01-31 17:25:27.730866] INFO: Receive loop #2 received 16384 bytes in 0.076000ms
[2025-01-31 17:25:30.095209] INFO: Receive loop #3 received 16384 bytes in 0.028000ms
[2025-01-31 17:25:32.261882] INFO: Receive loop #4 received 16384 bytes in 0.113000ms
[2025-01-31 17:25:34.066298] INFO: Receive loop #5 received 16384 bytes in 0.031000ms
[2025-01-31 17:25:36.448509] INFO: Receive loop #6 received 16384 bytes in 0.013000ms
[2025-01-31 17:25:38.587866] INFO: Receive loop #7 received 16384 bytes in 0.006000ms
[2025-01-31 17:25:40.984811] INFO: Receive loop #8 received 16384 bytes in 0.139000ms
[2025-01-31 17:25:43.506555] INFO: Receive loop #9 received 16384 bytes in 0.037000ms
[2025-01-31 17:25:45.828464] INFO: Receive loop #10 received 16384 bytes in 0.035000ms
[2025-01-31 17:25:47.627746] INFO: Receive loop #11 received 16384 bytes in 0.029000ms
[2025-01-31 17:25:49.609967] INFO: Receive loop #12 received 7665 bytes in 0.018000ms
[2025-01-31 17:25:51.865835] INFO: Response received in 31475.325000ms
[2025-01-31 17:25:54.860328] INFO: File saved in 0.454000ms
[2025-01-31 17:25:57.052028] INFO: File saved to: /home/vc/kurotaka/objects/temp_123
[2025-01-31 17:26:01.192377] INFO: Execution permission granted to: /home/vc/kurotaka/objects/temp_123
[2025-01-31 17:26:03.041804] INFO: Executing command: /home/vc/kurotaka/objects/temp_123 270 512 1
[2025-01-31 17:26:48.607880] INFO: Command executed in 43990.521000ms
[2025-01-31 17:26:50.144928] INFO: Result saved to: /home/vc/kurotaka/results/result_123
[2025-01-31 17:26:53.710794] INFO: Second connection established in 0.159000ms
[2025-01-31 17:26:58.115587] INFO: Sending result upload request
[2025-01-31 17:27:02.610698] INFO: Second request sent in 0.026000ms
[2025-01-31 17:27:07.698588] INFO: Result uploaded in 0.012000ms
[2025-01-31 17:27:12.022674] INFO: Process completed successfully. Total execution time in 2m 18621.453000ms

