
[2025-01-23 15:06:44] Program started at 2025-01-23 15:06:44.000000
[2025-01-23 15:06:44] [getClientID] MySQL connection established. Execution time: 0.236 ms
[2025-01-23 15:06:44] [getClientID] SELECT table_name FROM table_registry WHERE id = :job_id / Execution time: 0.411 ms
[2025-01-23 15:06:44] [getClientID] SELECT client FROM `matrix` WHERE id = :sub_job_id / Execution time: 0.216 ms
[2025-01-23 15:06:44] getClientID completed. Execution time: 1.066 ms
[2025-01-23 15:06:44] Read file completed. Execution time: 0.014 ms
[2025-01-23 15:06:44] File saved successfully: uploads/job_1/group_1/result_80
[2025-01-23 15:06:44] [updateStatus] MySQL connection established. Execution time: 0.244 ms
[2025-01-23 15:06:44] [updateStatus] SELECT table_name FROM table_registry WHERE id = :job_id FOR UPDATE / Execution time: 1.970 ms
[2025-01-23 15:06:44] [updateStatus] UPDATE `matrix` SET status = :status WHERE id = :sub_job_id / Execution time: 0.350 ms
[2025-01-23 15:06:44] [updateStatus] SELECT COUNT_RECORDS FROM `matrix` / Execution time: 0.628 ms
[2025-01-23 15:06:44] [updateStatus] UPDATE table_registry SET status = :status WHERE id = :job_id / Execution time: 0.164 ms
[2025-01-23 15:06:44] updateStatus completed. Execution time: 68.929 ms
[2025-01-23 15:06:44] Write file completed. Execution time: 69.332 ms
[2025-01-23 15:06:44] [getGroupStatus] MySQL connection established. Execution time: 0.091 ms
[2025-01-23 15:06:44] [getGroupStatus] SELECT table_name FROM table_registry WHERE id = :job_id / Execution time: 0.314 ms
[2025-01-23 15:06:44] [getGroupStatus] SELECT status FROM `matrix` WHERE group_id = :group_id / Execution time: 0.983 ms
[2025-01-23 15:06:44] getGroupStatus completed. Execution time: 1.644 ms
[2025-01-23 15:06:44] Group 1 is not completed yet.
[2025-01-23 15:06:44] Program completed. Total execution time: 74.804 ms

