
[2025-01-31 16:50:48.726631] INFO: Process started with ID: 2
[2025-01-31 16:50:48.742461] INFO: First connection established in 0.205000ms
[2025-01-31 16:50:48.754683] INFO: Sending request: GET /http_server/send-object.php?ID=2 HTTP/1.1
Host: 192.168.100.3
Connection: close


[2025-01-31 16:50:48.767588] INFO: First request sent in 0.008000ms
[2025-01-31 16:50:48.782320] INFO: Time from request to first response in 3.563000ms
[2025-01-31 16:50:48.795829] INFO: Received headers - MPI-Rank: 3, Group-ID: 1, Job-ID: 3, Sub-Job-ID: 4, Rank-Count: 4
[2025-01-31 16:50:48.811198] INFO: Receive loop #1 received 5792 bytes in 28.908000ms
[2025-01-31 16:50:48.826522] INFO: Receive loop #2 received 10618 bytes in 0.029000ms
[2025-01-31 16:50:48.841947] INFO: Response received in 63.287000ms
[2025-01-31 16:50:48.859820] INFO: File saved in 0.170000ms
[2025-01-31 16:50:48.876149] INFO: File saved to: /home/vc/kurotaka/objects/temp_2
[2025-01-31 16:50:48.893862] INFO: Execution permission granted to: /home/vc/kurotaka/objects/temp_2
[2025-01-31 16:50:48.911552] INFO: Executing command: /home/vc/kurotaka/objects/temp_2 3 4 1
[2025-01-31 16:50:48.931555] INFO: Command executed in 0.820000ms
[2025-01-31 16:50:48.951711] INFO: Result saved to: /home/vc/kurotaka/results/result_2
[2025-01-31 16:50:48.986945] INFO: Second connection established in 0.269000ms
[2025-01-31 16:50:49.060051] INFO: Sending result upload request
[2025-01-31 16:50:49.120043] INFO: Second request sent in 0.014000ms
[2025-01-31 16:50:49.173733] INFO: Result uploaded in 0.015000ms
[2025-01-31 16:50:49.240916] INFO: Process completed successfully. Total execution time in 530.259000ms

