
[2025-01-31 16:50:48.726748] INFO: Process started with ID: 6
[2025-01-31 16:50:48.734847] INFO: First connection established in 0.240000ms
[2025-01-31 16:50:48.746718] INFO: Sending request: GET /http_server/send-object.php?ID=6 HTTP/1.1
Host: 192.168.100.3
Connection: close


[2025-01-31 16:50:48.759495] INFO: First request sent in 0.005000ms
[2025-01-31 16:50:48.781612] INFO: Time from request to first response in 8.128000ms
[2025-01-31 16:50:48.795901] INFO: Received headers - MPI-Rank: 2, Group-ID: 1, Job-ID: 2, Sub-Job-ID: 3, Rank-Count: 4
[2025-01-31 16:50:48.810933] INFO: Receive loop #1 received 1448 bytes in 29.435000ms
[2025-01-31 16:50:48.826728] INFO: Receive loop #2 received 14962 bytes in 0.025000ms
[2025-01-31 16:50:48.842002] INFO: Response received in 68.496000ms
[2025-01-31 16:50:48.859717] INFO: File saved in 0.189000ms
[2025-01-31 16:50:48.876115] INFO: File saved to: /home/vc/kurotaka/objects/temp_6
[2025-01-31 16:50:48.897131] INFO: Execution permission granted to: /home/vc/kurotaka/objects/temp_6
[2025-01-31 16:50:48.911880] INFO: Executing command: /home/vc/kurotaka/objects/temp_6 2 4 1
[2025-01-31 16:50:48.934374] INFO: Command executed in 2.861000ms
[2025-01-31 16:50:48.951987] INFO: Result saved to: /home/vc/kurotaka/results/result_6
[2025-01-31 16:50:48.986966] INFO: Second connection established in 0.165000ms
[2025-01-31 16:50:49.060002] INFO: Sending result upload request
[2025-01-31 16:50:49.120257] INFO: Second request sent in 0.026000ms
[2025-01-31 16:50:49.174092] INFO: Result uploaded in 0.032000ms
[2025-01-31 16:50:49.241056] INFO: Process completed successfully. Total execution time in 530.468000ms

