
[2025-01-31 16:01:54.816090] INFO: Process started with ID: 90
[2025-01-31 16:01:55.242996] INFO: First connection established in 0.143000ms
[2025-01-31 16:01:55.773049] INFO: Sending request: GET /http_server/send-object.php?ID=90 HTTP/1.1
Host: 192.168.100.3
Connection: close


[2025-01-31 16:01:56.458299] INFO: First request sent in 0.033000ms
[2025-01-31 16:01:57.091859] INFO: Time from request to first response in 0.030000ms
[2025-01-31 16:01:58.206267] INFO: Received headers - MPI-Rank: 87, Group-ID: 1, Job-ID: 1, Sub-Job-ID: 88, Rank-Count: 256
[2025-01-31 16:01:59.131613] INFO: Receive loop #1 received 16384 bytes in 2090.086000ms
[2025-01-31 16:02:00.260242] INFO: Receive loop #2 received 16384 bytes in 0.072000ms
[2025-01-31 16:02:01.103637] INFO: Receive loop #3 received 16384 bytes in 0.082000ms
[2025-01-31 16:02:02.635919] INFO: Receive loop #4 received 16384 bytes in 0.141000ms
[2025-01-31 16:02:03.805289] INFO: Receive loop #5 received 16384 bytes in 0.029000ms
[2025-01-31 16:02:05.439930] INFO: Receive loop #6 received 16384 bytes in 0.035000ms
[2025-01-31 16:02:06.738895] INFO: Receive loop #7 received 16384 bytes in 0.032000ms
[2025-01-31 16:02:07.927393] INFO: Receive loop #8 received 16384 bytes in 0.323000ms
[2025-01-31 16:02:09.103697] INFO: Receive loop #9 received 16384 bytes in 0.036000ms
[2025-01-31 16:02:10.488984] INFO: Receive loop #10 received 16384 bytes in 0.008000ms
[2025-01-31 16:02:12.455180] INFO: Receive loop #11 received 16384 bytes in 0.032000ms
[2025-01-31 16:02:14.030466] INFO: Receive loop #12 received 7663 bytes in 0.019000ms
[2025-01-31 16:02:15.923718] INFO: Response received in 18714.822000ms
[2025-01-31 16:02:17.789186] INFO: File saved in 0.645000ms
[2025-01-31 16:02:20.054035] INFO: File saved to: /home/vc/kurotaka/objects/temp_90
[2025-01-31 16:02:22.772835] INFO: Execution permission granted to: /home/vc/kurotaka/objects/temp_90
[2025-01-31 16:02:24.483632] INFO: Executing command: /home/vc/kurotaka/objects/temp_90 87 256 1
[2025-01-31 16:02:43.106185] INFO: Command executed in 17448.569000ms
[2025-01-31 16:02:44.630137] INFO: Result saved to: /home/vc/kurotaka/results/result_90
[2025-01-31 16:02:47.257734] INFO: Second connection established in 0.236000ms
[2025-01-31 16:02:49.056778] INFO: Sending result upload request
[2025-01-31 16:02:50.577814] INFO: Second request sent in 0.024000ms
[2025-01-31 16:02:52.646005] INFO: Result uploaded in 0.052000ms
[2025-01-31 16:02:54.298193] INFO: Process completed successfully. Total execution time in 1m 438.991000ms

