
[2025-01-31 16:01:57.043451] INFO: Process started with ID: 59
[2025-01-31 16:01:58.155211] INFO: First connection established in 0.195000ms
[2025-01-31 16:01:59.019051] INFO: Sending request: GET /http_server/send-object.php?ID=59 HTTP/1.1
Host: 192.168.100.3
Connection: close


[2025-01-31 16:02:00.005704] INFO: First request sent in 0.033000ms
[2025-01-31 16:02:00.907143] INFO: Time from request to first response in 0.030000ms
[2025-01-31 16:02:02.367884] INFO: Received headers - MPI-Rank: 137, Group-ID: 1, Job-ID: 1, Sub-Job-ID: 138, Rank-Count: 256
[2025-01-31 16:02:03.538473] INFO: Receive loop #1 received 16384 bytes in 2514.521000ms
[2025-01-31 16:02:05.297255] INFO: Receive loop #2 received 16384 bytes in 0.063000ms
[2025-01-31 16:02:06.606066] INFO: Receive loop #3 received 16384 bytes in 0.078000ms
[2025-01-31 16:02:07.829968] INFO: Receive loop #4 received 16384 bytes in 0.132000ms
[2025-01-31 16:02:09.024674] INFO: Receive loop #5 received 16384 bytes in 0.037000ms
[2025-01-31 16:02:10.372935] INFO: Receive loop #6 received 16384 bytes in 0.037000ms
[2025-01-31 16:02:12.216647] INFO: Receive loop #7 received 16384 bytes in 0.032000ms
[2025-01-31 16:02:13.810388] INFO: Receive loop #8 received 16384 bytes in 0.290000ms
[2025-01-31 16:02:15.847029] INFO: Receive loop #9 received 16384 bytes in 0.030000ms
[2025-01-31 16:02:17.731001] INFO: Receive loop #10 received 16384 bytes in 0.029000ms
[2025-01-31 16:02:19.917599] INFO: Receive loop #11 received 16384 bytes in 0.032000ms
[2025-01-31 16:02:21.440347] INFO: Receive loop #12 received 7665 bytes in 0.024000ms
[2025-01-31 16:02:23.419949] INFO: Response received in 21823.575000ms
[2025-01-31 16:02:25.116139] INFO: File saved in 0.136000ms
[2025-01-31 16:02:26.651578] INFO: File saved to: /home/vc/kurotaka/objects/temp_59
[2025-01-31 16:02:28.557296] INFO: Execution permission granted to: /home/vc/kurotaka/objects/temp_59
[2025-01-31 16:02:29.910405] INFO: Executing command: /home/vc/kurotaka/objects/temp_59 137 256 1
[2025-01-31 16:02:41.748025] INFO: Command executed in 10776.857000ms
[2025-01-31 16:02:43.329593] INFO: Result saved to: /home/vc/kurotaka/results/result_59
[2025-01-31 16:02:44.696926] INFO: Second connection established in 0.199000ms
[2025-01-31 16:02:47.352977] INFO: Sending result upload request
[2025-01-31 16:02:49.085999] INFO: Second request sent in 0.026000ms
[2025-01-31 16:02:50.578456] INFO: Result uploaded in 0.064000ms
[2025-01-31 16:02:52.646472] INFO: Process completed successfully. Total execution time in 58828.585000ms

