
[2025-01-31 16:01:55.072961] INFO: Process started with ID: 197
[2025-01-31 16:01:55.634102] INFO: First connection established in 0.191000ms
[2025-01-31 16:01:56.160216] INFO: Sending request: GET /http_server/send-object.php?ID=197 HTTP/1.1
Host: 192.168.100.3
Connection: close


[2025-01-31 16:01:56.871949] INFO: First request sent in 0.035000ms
[2025-01-31 16:01:57.921852] INFO: Time from request to first response in 0.025000ms
[2025-01-31 16:01:58.923933] INFO: Received headers - MPI-Rank: 95, Group-ID: 1, Job-ID: 1, Sub-Job-ID: 96, Rank-Count: 256
[2025-01-31 16:01:59.757343] INFO: Receive loop #1 received 16384 bytes in 1915.436000ms
[2025-01-31 16:02:00.744149] INFO: Receive loop #2 received 16384 bytes in 0.058000ms
[2025-01-31 16:02:02.045893] INFO: Receive loop #3 received 16384 bytes in 0.077000ms
[2025-01-31 16:02:03.258746] INFO: Receive loop #4 received 16384 bytes in 0.112000ms
[2025-01-31 16:02:05.044284] INFO: Receive loop #5 received 16384 bytes in 0.031000ms
[2025-01-31 16:02:06.202881] INFO: Receive loop #6 received 16384 bytes in 0.029000ms
[2025-01-31 16:02:07.508694] INFO: Receive loop #7 received 16384 bytes in 0.029000ms
[2025-01-31 16:02:08.696316] INFO: Receive loop #8 received 16384 bytes in 0.259000ms
[2025-01-31 16:02:10.049487] INFO: Receive loop #9 received 16384 bytes in 0.031000ms
[2025-01-31 16:02:11.750220] INFO: Receive loop #10 received 16384 bytes in 0.041000ms
[2025-01-31 16:02:13.473173] INFO: Receive loop #11 received 16384 bytes in 0.029000ms
[2025-01-31 16:02:15.561570] INFO: Receive loop #12 received 7663 bytes in 0.019000ms
[2025-01-31 16:02:17.641809] INFO: Response received in 18859.620000ms
[2025-01-31 16:02:19.622280] INFO: File saved in 0.567000ms
[2025-01-31 16:02:21.126691] INFO: File saved to: /home/vc/kurotaka/objects/temp_197
[2025-01-31 16:02:22.674019] INFO: Execution permission granted to: /home/vc/kurotaka/objects/temp_197
[2025-01-31 16:02:24.589401] INFO: Executing command: /home/vc/kurotaka/objects/temp_197 95 256 1
[2025-01-31 16:02:41.148171] INFO: Command executed in 15577.104000ms
[2025-01-31 16:02:42.726286] INFO: Result saved to: /home/vc/kurotaka/results/result_197
[2025-01-31 16:02:44.340696] INFO: Second connection established in 0.264000ms
[2025-01-31 16:02:46.760544] INFO: Sending result upload request
[2025-01-31 16:02:48.583914] INFO: Second request sent in 0.026000ms
[2025-01-31 16:02:50.102025] INFO: Result uploaded in 0.055000ms
[2025-01-31 16:02:52.237976] INFO: Process completed successfully. Total execution time in 58024.236000ms

