
[2025-01-31 16:02:05.043922] INFO: Process started with ID: 103
[2025-01-31 16:02:06.250867] INFO: First connection established in 0.160000ms
[2025-01-31 16:02:07.566511] INFO: Sending request: GET /http_server/send-object.php?ID=103 HTTP/1.1
Host: 192.168.100.3
Connection: close


[2025-01-31 16:02:08.695906] INFO: First request sent in 0.034000ms
[2025-01-31 16:02:09.979515] INFO: Time from request to first response in 0.034000ms
[2025-01-31 16:02:11.694804] INFO: Received headers - MPI-Rank: 222, Group-ID: 1, Job-ID: 1, Sub-Job-ID: 223, Rank-Count: 256
[2025-01-31 16:02:13.403558] INFO: Receive loop #1 received 16384 bytes in 3461.859000ms
[2025-01-31 16:02:15.581586] INFO: Receive loop #2 received 16384 bytes in 0.066000ms
[2025-01-31 16:02:16.973061] INFO: Receive loop #3 received 16384 bytes in 0.081000ms
[2025-01-31 16:02:18.962732] INFO: Receive loop #4 received 16384 bytes in 0.027000ms
[2025-01-31 16:02:20.977386] INFO: Receive loop #5 received 16384 bytes in 0.045000ms
[2025-01-31 16:02:22.826794] INFO: Receive loop #6 received 16384 bytes in 0.043000ms
[2025-01-31 16:02:24.513534] INFO: Receive loop #7 received 16384 bytes in 0.038000ms
[2025-01-31 16:02:25.835563] INFO: Receive loop #8 received 16384 bytes in 0.106000ms
[2025-01-31 16:02:26.925374] INFO: Receive loop #9 received 16384 bytes in 0.008000ms
[2025-01-31 16:02:28.177632] INFO: Receive loop #10 received 16384 bytes in 0.030000ms
[2025-01-31 16:02:29.314794] INFO: Receive loop #11 received 16384 bytes in 0.008000ms
[2025-01-31 16:02:30.209429] INFO: Receive loop #12 received 7665 bytes in 0.004000ms
[2025-01-31 16:02:30.939937] INFO: Response received in 21201.037000ms
[2025-01-31 16:02:31.993026] INFO: File saved in 0.463000ms
[2025-01-31 16:02:33.541898] INFO: File saved to: /home/vc/kurotaka/objects/temp_103
[2025-01-31 16:02:34.989695] INFO: Execution permission granted to: /home/vc/kurotaka/objects/temp_103
[2025-01-31 16:02:35.405981] INFO: Executing command: /home/vc/kurotaka/objects/temp_103 222 256 1
[2025-01-31 16:02:41.304805] INFO: Command executed in 5473.977000ms
[2025-01-31 16:02:42.725819] INFO: Result saved to: /home/vc/kurotaka/results/result_103
[2025-01-31 16:02:44.340279] INFO: Second connection established in 0.214000ms
[2025-01-31 16:02:46.760135] INFO: Sending result upload request
[2025-01-31 16:02:48.583406] INFO: Second request sent in 0.025000ms
[2025-01-31 16:02:50.082358] INFO: Result uploaded in 0.054000ms
[2025-01-31 16:02:52.254340] INFO: Process completed successfully. Total execution time in 58114.982000ms

