
[2025-01-31 16:02:05.541120] INFO: Process started with ID: 135
[2025-01-31 16:02:06.905286] INFO: First connection established in 0.175000ms
[2025-01-31 16:02:08.128905] INFO: Sending request: GET /http_server/send-object.php?ID=135 HTTP/1.1
Host: 192.168.100.3
Connection: close


[2025-01-31 16:02:09.281013] INFO: First request sent in 0.037000ms
[2025-01-31 16:02:10.854621] INFO: Time from request to first response in 0.029000ms
[2025-01-31 16:02:12.772498] INFO: Received headers - MPI-Rank: 229, Group-ID: 1, Job-ID: 1, Sub-Job-ID: 230, Rank-Count: 256
[2025-01-31 16:02:14.439013] INFO: Receive loop #1 received 16384 bytes in 3417.230000ms
[2025-01-31 16:02:16.161742] INFO: Receive loop #2 received 16384 bytes in 0.068000ms
[2025-01-31 16:02:17.607984] INFO: Receive loop #3 received 16384 bytes in 0.093000ms
[2025-01-31 16:02:19.580312] INFO: Receive loop #4 received 16384 bytes in 0.114000ms
[2025-01-31 16:02:20.941063] INFO: Receive loop #5 received 16384 bytes in 0.005000ms
[2025-01-31 16:02:22.746906] INFO: Receive loop #6 received 16384 bytes in 0.038000ms
[2025-01-31 16:02:24.437756] INFO: Receive loop #7 received 16384 bytes in 0.037000ms
[2025-01-31 16:02:25.369421] INFO: Receive loop #8 received 16384 bytes in 0.284000ms
[2025-01-31 16:02:26.819452] INFO: Receive loop #9 received 16384 bytes in 0.038000ms
[2025-01-31 16:02:28.090051] INFO: Receive loop #10 received 16384 bytes in 0.029000ms
[2025-01-31 16:02:28.950978] INFO: Receive loop #11 received 16384 bytes in 0.032000ms
[2025-01-31 16:02:30.016238] INFO: Receive loop #12 received 7665 bytes in 0.004000ms
[2025-01-31 16:02:30.940651] INFO: Response received in 20126.215000ms
[2025-01-31 16:02:31.915225] INFO: File saved in 0.091000ms
[2025-01-31 16:02:32.496331] INFO: File saved to: /home/vc/kurotaka/objects/temp_135
[2025-01-31 16:02:34.704213] INFO: Execution permission granted to: /home/vc/kurotaka/objects/temp_135
[2025-01-31 16:02:35.017326] INFO: Executing command: /home/vc/kurotaka/objects/temp_135 229 256 1
[2025-01-31 16:02:39.922017] INFO: Command executed in 4189.482000ms
[2025-01-31 16:02:40.923834] INFO: Result saved to: /home/vc/kurotaka/results/result_135
[2025-01-31 16:02:42.344376] INFO: Second connection established in 0.238000ms
[2025-01-31 16:02:44.084640] INFO: Sending result upload request
[2025-01-31 16:02:45.693896] INFO: Second request sent in 0.025000ms
[2025-01-31 16:02:48.108807] INFO: Result uploaded in 0.059000ms
[2025-01-31 16:02:49.758790] INFO: Process completed successfully. Total execution time in 56101.162000ms

