
[2025-01-31 16:01:55.414179] INFO: Process started with ID: 220
[2025-01-31 16:01:55.940853] INFO: First connection established in 0.157000ms
[2025-01-31 16:01:56.603251] INFO: Sending request: GET /http_server/send-object.php?ID=220 HTTP/1.1
Host: 192.168.100.3
Connection: close


[2025-01-31 16:01:57.309250] INFO: First request sent in 0.039000ms
[2025-01-31 16:01:58.520980] INFO: Time from request to first response in 0.028000ms
[2025-01-31 16:01:59.301276] INFO: Received headers - MPI-Rank: 103, Group-ID: 1, Job-ID: 1, Sub-Job-ID: 104, Rank-Count: 256
[2025-01-31 16:02:00.444742] INFO: Receive loop #1 received 16384 bytes in 1902.460000ms
[2025-01-31 16:02:01.410435] INFO: Receive loop #2 received 16384 bytes in 0.073000ms
[2025-01-31 16:02:02.812518] INFO: Receive loop #3 received 16384 bytes in 0.077000ms
[2025-01-31 16:02:04.283062] INFO: Receive loop #4 received 16384 bytes in 0.112000ms
[2025-01-31 16:02:05.654117] INFO: Receive loop #5 received 16384 bytes in 0.029000ms
[2025-01-31 16:02:07.071989] INFO: Receive loop #6 received 16384 bytes in 0.033000ms
[2025-01-31 16:02:08.210618] INFO: Receive loop #7 received 16384 bytes in 0.028000ms
[2025-01-31 16:02:09.421398] INFO: Receive loop #8 received 16384 bytes in 0.272000ms
[2025-01-31 16:02:11.009927] INFO: Receive loop #9 received 16384 bytes in 0.016000ms
[2025-01-31 16:02:12.872068] INFO: Receive loop #10 received 16384 bytes in 0.032000ms
[2025-01-31 16:02:14.731456] INFO: Receive loop #11 received 16384 bytes in 0.028000ms
[2025-01-31 16:02:16.302997] INFO: Receive loop #12 received 7665 bytes in 0.004000ms
[2025-01-31 16:02:18.239714] INFO: Response received in 19345.855000ms
[2025-01-31 16:02:20.355954] INFO: File saved in 0.595000ms
[2025-01-31 16:02:22.396584] INFO: File saved to: /home/vc/kurotaka/objects/temp_220
[2025-01-31 16:02:24.925650] INFO: Execution permission granted to: /home/vc/kurotaka/objects/temp_220
[2025-01-31 16:02:26.531411] INFO: Executing command: /home/vc/kurotaka/objects/temp_220 103 256 1
[2025-01-31 16:02:41.065671] INFO: Command executed in 13763.868000ms
[2025-01-31 16:02:42.579191] INFO: Result saved to: /home/vc/kurotaka/results/result_220
[2025-01-31 16:02:44.260730] INFO: Second connection established in 0.203000ms
[2025-01-31 16:02:46.355401] INFO: Sending result upload request
[2025-01-31 16:02:48.448122] INFO: Second request sent in 0.027000ms
[2025-01-31 16:02:49.959334] INFO: Result uploaded in 0.078000ms
[2025-01-31 16:02:52.103097] INFO: Process completed successfully. Total execution time in 57765.271000ms

