
[2025-01-31 16:01:56.620333] INFO: Process started with ID: 56
[2025-01-31 16:01:57.387544] INFO: First connection established in 0.173000ms
[2025-01-31 16:01:58.592933] INFO: Sending request: GET /http_server/send-object.php?ID=56 HTTP/1.1
Host: 192.168.100.3
Connection: close


[2025-01-31 16:01:59.342558] INFO: First request sent in 0.033000ms
[2025-01-31 16:02:00.444762] INFO: Time from request to first response in 0.036000ms
[2025-01-31 16:02:01.410628] INFO: Received headers - MPI-Rank: 129, Group-ID: 1, Job-ID: 1, Sub-Job-ID: 130, Rank-Count: 256
[2025-01-31 16:02:02.813184] INFO: Receive loop #1 received 16384 bytes in 2463.413000ms
[2025-01-31 16:02:04.321123] INFO: Receive loop #2 received 16384 bytes in 0.060000ms
[2025-01-31 16:02:05.654256] INFO: Receive loop #3 received 16384 bytes in 0.076000ms
[2025-01-31 16:02:07.072218] INFO: Receive loop #4 received 16384 bytes in 0.112000ms
[2025-01-31 16:02:08.197369] INFO: Receive loop #5 received 16384 bytes in 0.029000ms
[2025-01-31 16:02:09.368199] INFO: Receive loop #6 received 16384 bytes in 0.029000ms
[2025-01-31 16:02:10.952344] INFO: Receive loop #7 received 16384 bytes in 0.008000ms
[2025-01-31 16:02:12.819332] INFO: Receive loop #8 received 16384 bytes in 0.242000ms
[2025-01-31 16:02:14.598611] INFO: Receive loop #9 received 16384 bytes in 0.031000ms
[2025-01-31 16:02:16.276776] INFO: Receive loop #10 received 16384 bytes in 0.030000ms
[2025-01-31 16:02:17.768263] INFO: Receive loop #11 received 16384 bytes in 0.005000ms
[2025-01-31 16:02:20.007836] INFO: Receive loop #12 received 7665 bytes in 0.023000ms
[2025-01-31 16:02:21.573950] INFO: Response received in 20600.225000ms
[2025-01-31 16:02:23.712591] INFO: File saved in 0.201000ms
[2025-01-31 16:02:25.205228] INFO: File saved to: /home/vc/kurotaka/objects/temp_56
[2025-01-31 16:02:27.686403] INFO: Execution permission granted to: /home/vc/kurotaka/objects/temp_56
[2025-01-31 16:02:29.158408] INFO: Executing command: /home/vc/kurotaka/objects/temp_56 129 256 1
[2025-01-31 16:02:41.858184] INFO: Command executed in 11473.558000ms
[2025-01-31 16:02:43.466722] INFO: Result saved to: /home/vc/kurotaka/results/result_56
[2025-01-31 16:02:44.838574] INFO: Second connection established in 0.229000ms
[2025-01-31 16:02:47.497461] INFO: Sending result upload request
[2025-01-31 16:02:49.359798] INFO: Second request sent in 0.033000ms
[2025-01-31 16:02:50.787541] INFO: Result uploaded in 0.053000ms
[2025-01-31 16:02:52.778665] INFO: Process completed successfully. Total execution time in 58960.180000ms

