
[2025-01-20 12:44:02.553924] INFO: Process started with ID: 104
[2025-01-20 12:44:03.705348] INFO: First connection established in 0.114000ms
[2025-01-20 12:44:05.219377] INFO: Sending request: GET /http_server/send-object.php?ID=104 HTTP/1.1
Host: 192.168.100.3
Connection: close


[2025-01-20 12:44:05.895569] INFO: First request sent in 0.025000ms
[2025-01-20 12:44:07.108981] INFO: Time from request to first response in 0.035000ms
[2025-01-20 12:44:07.809127] INFO: Received headers - MPI-Rank: 116, Group-ID: 1, Job-ID: 1, Sub-Job-ID: 117, Rank-Count: 128
[2025-01-20 12:44:08.877403] INFO: Receive loop #1 received 16384 bytes in 1884.392000ms
[2025-01-20 12:44:10.434264] INFO: Receive loop #2 received 16384 bytes in 0.074000ms
[2025-01-20 12:44:11.186800] INFO: Receive loop #3 received 16384 bytes in 0.093000ms
[2025-01-20 12:44:12.240632] INFO: Receive loop #4 received 16384 bytes in 0.145000ms
[2025-01-20 12:44:13.777589] INFO: Receive loop #5 received 16384 bytes in 0.032000ms
[2025-01-20 12:44:14.570948] INFO: Receive loop #6 received 16384 bytes in 0.028000ms
[2025-01-20 12:44:15.785320] INFO: Receive loop #7 received 16384 bytes in 0.028000ms
[2025-01-20 12:44:17.665581] INFO: Receive loop #8 received 16384 bytes in 0.281000ms
[2025-01-20 12:44:18.377635] INFO: Receive loop #9 received 16384 bytes in 0.031000ms
[2025-01-20 12:44:19.432076] INFO: Receive loop #10 received 16384 bytes in 0.027000ms
[2025-01-20 12:44:20.570771] INFO: Receive loop #11 received 16384 bytes in 0.029000ms
[2025-01-20 12:44:20.973383] INFO: Receive loop #12 received 7665 bytes in 0.058000ms
[2025-01-20 12:44:21.578797] INFO: Response received in 14673.848000ms
[2025-01-20 12:44:27.477816] INFO: File saved in 5462.075000ms
[2025-01-20 12:44:27.712540] INFO: File saved to: objects/temp_104
[2025-01-20 12:44:28.165643] INFO: Execution permission granted to: objects/temp_104
[2025-01-20 12:44:28.258904] INFO: Executing command: ./objects/temp_104 116 128
[2025-01-20 12:44:31.464291] INFO: Command executed in 2959.478000ms
[2025-01-20 12:44:32.458482] INFO: Result saved to: results/result_104
[2025-01-20 12:44:34.283817] INFO: Second connection established in 0.167000ms
[2025-01-20 12:44:36.241855] INFO: Sending result upload request
[2025-01-20 12:44:36.730432] INFO: Second request sent in 0.023000ms
[2025-01-20 12:44:37.522992] INFO: Result uploaded in 0.045000ms
[2025-01-20 12:44:38.485050] INFO: Process completed successfully. Total execution time in 37672.277000ms

