
[2025-01-20 12:37:58.339563] INFO: Process started with ID: 81
[2025-01-20 12:37:58.548885] INFO: First connection established in 0.262000ms
[2025-01-20 12:37:58.850725] INFO: Sending request: GET /http_server/send-object.php?ID=81 HTTP/1.1
Host: 192.168.100.3
Connection: close


[2025-01-20 12:37:59.210457] INFO: First request sent in 0.025000ms
[2025-01-20 12:37:59.789523] INFO: Time from request to first response in 0.011000ms
[2025-01-20 12:38:00.456646] INFO: Received headers - MPI-Rank: 5, Group-ID: 1, Job-ID: 1, Sub-Job-ID: 6, Rank-Count: 128
[2025-01-20 12:38:01.591305] INFO: Receive loop #1 received 16384 bytes in 2022.846000ms
[2025-01-20 12:38:02.929077] INFO: Receive loop #2 received 16384 bytes in 0.014000ms
[2025-01-20 12:38:03.667208] INFO: Receive loop #3 received 16384 bytes in 0.102000ms
[2025-01-20 12:38:04.897838] INFO: Receive loop #4 received 16384 bytes in 0.134000ms
[2025-01-20 12:38:05.458423] INFO: Receive loop #5 received 16384 bytes in 0.039000ms
[2025-01-20 12:38:06.533176] INFO: Receive loop #6 received 16384 bytes in 0.033000ms
[2025-01-20 12:38:08.063664] INFO: Receive loop #7 received 16384 bytes in 0.035000ms
[2025-01-20 12:38:08.785005] INFO: Receive loop #8 received 16384 bytes in 0.319000ms
[2025-01-20 12:38:09.814864] INFO: Receive loop #9 received 16384 bytes in 0.030000ms
[2025-01-20 12:38:11.351674] INFO: Receive loop #10 received 16384 bytes in 0.030000ms
[2025-01-20 12:38:12.166735] INFO: Receive loop #11 received 16384 bytes in 0.028000ms
[2025-01-20 12:38:13.359361] INFO: Receive loop #12 received 7661 bytes in 0.018000ms
[2025-01-20 12:38:14.972078] INFO: Response received in 15252.134000ms
[2025-01-20 12:38:18.286650] INFO: File saved in 2585.400000ms
[2025-01-20 12:38:18.742911] INFO: File saved to: objects/temp_81
[2025-01-20 12:38:19.913622] INFO: Execution permission granted to: objects/temp_81
[2025-01-20 12:38:20.134252] INFO: Executing command: ./objects/temp_81 5 128
[2025-01-20 12:38:30.132583] INFO: Command executed in 8746.334000ms
[2025-01-20 12:38:31.354734] INFO: Result saved to: results/result_81
[2025-01-20 12:38:33.114930] INFO: Second connection established in 0.261000ms
[2025-01-20 12:38:34.834225] INFO: Sending result upload request
[2025-01-20 12:38:35.712030] INFO: Second request sent in 0.025000ms
[2025-01-20 12:38:36.209253] INFO: Result uploaded in 0.032000ms
[2025-01-20 12:38:37.553097] INFO: Process completed successfully. Total execution time in 39206.638000ms

