
[2025-01-20 12:37:59.088916] INFO: Process started with ID: 91
[2025-01-20 12:37:59.619498] INFO: First connection established in 0.225000ms
[2025-01-20 12:37:59.860174] INFO: Sending request: GET /http_server/send-object.php?ID=91 HTTP/1.1
Host: 192.168.100.3
Connection: close


[2025-01-20 12:38:00.608890] INFO: First request sent in 0.029000ms
[2025-01-20 12:38:01.939167] INFO: Time from request to first response in 0.026000ms
[2025-01-20 12:38:03.096741] INFO: Received headers - MPI-Rank: 69, Group-ID: 1, Job-ID: 1, Sub-Job-ID: 70, Rank-Count: 128
[2025-01-20 12:38:04.226471] INFO: Receive loop #1 received 16384 bytes in 2104.076000ms
[2025-01-20 12:38:05.230344] INFO: Receive loop #2 received 16384 bytes in 0.011000ms
[2025-01-20 12:38:06.146869] INFO: Receive loop #3 received 16384 bytes in 0.075000ms
[2025-01-20 12:38:07.727644] INFO: Receive loop #4 received 16384 bytes in 0.109000ms
[2025-01-20 12:38:08.641557] INFO: Receive loop #5 received 16384 bytes in 0.029000ms
[2025-01-20 12:38:09.640023] INFO: Receive loop #6 received 16384 bytes in 0.028000ms
[2025-01-20 12:38:11.147089] INFO: Receive loop #7 received 16384 bytes in 0.031000ms
[2025-01-20 12:38:12.044325] INFO: Receive loop #8 received 16384 bytes in 0.257000ms
[2025-01-20 12:38:13.068231] INFO: Receive loop #9 received 16384 bytes in 0.037000ms
[2025-01-20 12:38:14.661485] INFO: Receive loop #10 received 16384 bytes in 0.035000ms
[2025-01-20 12:38:15.679701] INFO: Receive loop #11 received 16384 bytes in 0.036000ms
[2025-01-20 12:38:16.545035] INFO: Receive loop #12 received 7663 bytes in 0.022000ms
[2025-01-20 12:38:17.759534] INFO: Response received in 15918.567000ms
[2025-01-20 12:38:22.221608] INFO: File saved in 3917.216000ms
[2025-01-20 12:38:22.467301] INFO: File saved to: objects/temp_91
[2025-01-20 12:38:23.870814] INFO: Execution permission granted to: objects/temp_91
[2025-01-20 12:38:24.186718] INFO: Executing command: ./objects/temp_91 69 128
[2025-01-20 12:38:30.331864] INFO: Command executed in 5663.498000ms
[2025-01-20 12:38:31.452480] INFO: Result saved to: results/result_91
[2025-01-20 12:38:33.294765] INFO: Second connection established in 0.223000ms
[2025-01-20 12:38:34.949097] INFO: Sending result upload request
[2025-01-20 12:38:35.743255] INFO: Second request sent in 0.022000ms
[2025-01-20 12:38:36.301139] INFO: Result uploaded in 0.042000ms
[2025-01-20 12:38:37.648444] INFO: Process completed successfully. Total execution time in 39206.343000ms

