
[2025-01-31 17:13:57.743607] INFO: Process started with ID: 25
[2025-01-31 17:13:57.857218] INFO: First connection established in 0.191000ms
[2025-01-31 17:13:57.994564] INFO: Sending request: GET /http_server/send-object.php?ID=25 HTTP/1.1
Host: 192.168.100.3
Connection: close


[2025-01-31 17:13:58.178006] INFO: First request sent in 0.005000ms
[2025-01-31 17:13:58.314501] INFO: Time from request to first response in 0.030000ms
[2025-01-31 17:13:58.451993] INFO: Received headers - MPI-Rank: 23, Group-ID: 1, Job-ID: 1, Sub-Job-ID: 24, Rank-Count: 32
[2025-01-31 17:13:58.602158] INFO: Receive loop #1 received 16384 bytes in 283.036000ms
[2025-01-31 17:13:58.823024] INFO: Receive loop #2 received 16384 bytes in 0.059000ms
[2025-01-31 17:13:58.984915] INFO: Receive loop #3 received 16384 bytes in 0.020000ms
[2025-01-31 17:13:59.166113] INFO: Receive loop #4 received 16384 bytes in 0.110000ms
[2025-01-31 17:13:59.337534] INFO: Receive loop #5 received 16384 bytes in 0.029000ms
[2025-01-31 17:13:59.617263] INFO: Receive loop #6 received 16384 bytes in 0.028000ms
[2025-01-31 17:13:59.858336] INFO: Receive loop #7 received 16384 bytes in 0.005000ms
[2025-01-31 17:14:00.109748] INFO: Receive loop #8 received 16384 bytes in 0.250000ms
[2025-01-31 17:14:00.333863] INFO: Receive loop #9 received 16384 bytes in 0.029000ms
[2025-01-31 17:14:00.470959] INFO: Receive loop #10 received 16384 bytes in 0.019000ms
[2025-01-31 17:14:00.578133] INFO: Receive loop #11 received 16384 bytes in 0.028000ms
[2025-01-31 17:14:00.732410] INFO: Receive loop #12 received 7662 bytes in 0.018000ms
[2025-01-31 17:14:00.877543] INFO: Response received in 2534.821000ms
[2025-01-31 17:14:01.023202] INFO: File saved in 0.535000ms
[2025-01-31 17:14:01.189812] INFO: File saved to: /home/vc/kurotaka/objects/temp_25
[2025-01-31 17:14:01.358549] INFO: Execution permission granted to: /home/vc/kurotaka/objects/temp_25
[2025-01-31 17:14:01.477076] INFO: Executing command: /home/vc/kurotaka/objects/temp_25 23 32 1
[2025-01-31 17:14:03.811701] INFO: Command executed in 2170.748000ms
[2025-01-31 17:14:03.939337] INFO: Result saved to: /home/vc/kurotaka/results/result_25
[2025-01-31 17:14:04.090929] INFO: Second connection established in 0.206000ms
[2025-01-31 17:14:04.193832] INFO: Sending result upload request
[2025-01-31 17:14:04.300397] INFO: Second request sent in 0.025000ms
[2025-01-31 17:14:04.429286] INFO: Result uploaded in 0.060000ms
[2025-01-31 17:14:04.575639] INFO: Process completed successfully. Total execution time in 6983.351000ms

