
[2025-01-31 15:52:22.299862] INFO: Process started with ID: 9
[2025-01-31 15:52:22.406668] INFO: First connection established in 0.238000ms
[2025-01-31 15:52:22.474392] INFO: Sending request: GET /http_server/send-object.php?ID=9 HTTP/1.1
Host: 192.168.100.3
Connection: close


[2025-01-31 15:52:22.512777] INFO: First request sent in 0.032000ms
[2025-01-31 15:52:22.988469] INFO: Time from request to first response in 378.175000ms
[2025-01-31 15:52:23.029336] INFO: Received headers - MPI-Rank: 0, Group-ID: 1, Job-ID: 1, Sub-Job-ID: 1, Rank-Count: 16
[2025-01-31 15:52:23.077133] INFO: Receive loop #1 received 7240 bytes in 89.090000ms
[2025-01-31 15:52:23.137741] INFO: Receive loop #2 received 16384 bytes in 0.032000ms
[2025-01-31 15:52:23.233834] INFO: Receive loop #3 received 16384 bytes in 0.068000ms
[2025-01-31 15:52:23.262778] INFO: Receive loop #4 received 16384 bytes in 0.081000ms
[2025-01-31 15:52:23.375069] INFO: Receive loop #5 received 16384 bytes in 0.029000ms
[2025-01-31 15:52:23.442046] INFO: Receive loop #6 received 16384 bytes in 0.029000ms
[2025-01-31 15:52:23.522793] INFO: Receive loop #7 received 16384 bytes in 0.212000ms
[2025-01-31 15:52:23.580318] INFO: Receive loop #8 received 16384 bytes in 0.029000ms
[2025-01-31 15:52:23.681608] INFO: Receive loop #9 received 16384 bytes in 0.028000ms
[2025-01-31 15:52:23.735144] INFO: Receive loop #10 received 16384 bytes in 0.014000ms
[2025-01-31 15:52:23.839134] INFO: Receive loop #11 received 16384 bytes in 0.029000ms
[2025-01-31 15:52:23.888728] INFO: Receive loop #12 received 16384 bytes in 0.319000ms
[2025-01-31 15:52:23.979443] INFO: Receive loop #13 received 420 bytes in 0.001000ms
[2025-01-31 15:52:24.058334] INFO: Response received in 1405.312000ms
[2025-01-31 15:52:24.109239] INFO: File saved in 0.475000ms
[2025-01-31 15:52:24.163378] INFO: File saved to: /home/vc/kurotaka/objects/temp_9
[2025-01-31 15:52:24.251262] INFO: Execution permission granted to: /home/vc/kurotaka/objects/temp_9
[2025-01-31 15:52:24.343702] INFO: Executing command: /home/vc/kurotaka/objects/temp_9 0 16 1
[2025-01-31 15:52:25.679323] INFO: Command executed in 1305.427000ms
[2025-01-31 15:52:25.736655] INFO: Result saved to: /home/vc/kurotaka/results/result_9
[2025-01-31 15:52:25.803472] INFO: Second connection established in 0.224000ms
[2025-01-31 15:52:25.886173] INFO: Sending result upload request
[2025-01-31 15:52:25.930893] INFO: Second request sent in 0.005000ms
[2025-01-31 15:52:25.984403] INFO: Result uploaded in 0.023000ms
[2025-01-31 15:52:26.045262] INFO: Process completed successfully. Total execution time in 3783.757000ms

