
[2025-01-31 16:46:21.554159] INFO: Process started with ID: 197
[2025-01-31 16:46:22.773588] INFO: First connection established in 0.214000ms
[2025-01-31 16:46:24.556121] INFO: Sending request: GET /http_server/send-object.php?ID=197 HTTP/1.1
Host: 192.168.100.3
Connection: close


[2025-01-31 16:46:26.258863] INFO: First request sent in 0.035000ms
[2025-01-31 16:46:27.974601] INFO: Time from request to first response in 0.032000ms
[2025-01-31 16:46:29.988093] INFO: Received headers - MPI-Rank: 222, Group-ID: 1, Job-ID: 1, Sub-Job-ID: 223, Rank-Count: 256
[2025-01-31 16:46:31.557141] INFO: Receive loop #1 received 16384 bytes in 3482.471000ms
[2025-01-31 16:46:33.682454] INFO: Receive loop #2 received 16384 bytes in 0.064000ms
[2025-01-31 16:46:35.706041] INFO: Receive loop #3 received 16384 bytes in 0.027000ms
[2025-01-31 16:46:37.870145] INFO: Receive loop #4 received 16384 bytes in 0.123000ms
[2025-01-31 16:46:39.427143] INFO: Receive loop #5 received 16384 bytes in 0.020000ms
[2025-01-31 16:46:40.442240] INFO: Receive loop #6 received 16384 bytes in 0.008000ms
[2025-01-31 16:46:41.303086] INFO: Receive loop #7 received 16384 bytes in 0.006000ms
[2025-01-31 16:46:42.001102] INFO: Receive loop #8 received 16384 bytes in 0.070000ms
[2025-01-31 16:46:42.779422] INFO: Receive loop #9 received 16384 bytes in 0.037000ms
[2025-01-31 16:46:43.791382] INFO: Receive loop #10 received 16384 bytes in 0.036000ms
[2025-01-31 16:46:44.648018] INFO: Receive loop #11 received 16384 bytes in 0.036000ms
[2025-01-31 16:46:45.623344] INFO: Receive loop #12 received 7665 bytes in 0.004000ms
[2025-01-31 16:46:46.321853] INFO: Response received in 18407.053000ms
[2025-01-31 16:46:47.519818] INFO: File saved in 0.573000ms
[2025-01-31 16:46:48.381587] INFO: File saved to: /home/vc/kurotaka/objects/temp_197
[2025-01-31 16:46:49.341911] INFO: Execution permission granted to: /home/vc/kurotaka/objects/temp_197
[2025-01-31 16:46:49.821411] INFO: Executing command: /home/vc/kurotaka/objects/temp_197 222 256 1
[2025-01-31 16:46:58.551872] INFO: Command executed in 7493.574000ms
[2025-01-31 16:47:00.715219] INFO: Result saved to: /home/vc/kurotaka/results/result_197
[2025-01-31 16:47:02.476131] INFO: Second connection established in 0.232000ms
[2025-01-31 16:47:04.156906] INFO: Sending result upload request
[2025-01-31 16:47:05.974497] INFO: Second request sent in 0.027000ms
[2025-01-31 16:47:08.184919] INFO: Result uploaded in 0.058000ms
[2025-01-31 16:47:09.728178] INFO: Process completed successfully. Total execution time in 58338.870000ms

