
[2025-01-31 16:46:12.663987] INFO: Process started with ID: 71
[2025-01-31 16:46:13.166751] INFO: First connection established in 0.263000ms
[2025-01-31 16:46:13.787454] INFO: Sending request: GET /http_server/send-object.php?ID=71 HTTP/1.1
Host: 192.168.100.3
Connection: close


[2025-01-31 16:46:14.544529] INFO: First request sent in 0.034000ms
[2025-01-31 16:46:15.362503] INFO: Time from request to first response in 0.030000ms
[2025-01-31 16:46:16.229068] INFO: Received headers - MPI-Rank: 102, Group-ID: 1, Job-ID: 1, Sub-Job-ID: 103, Rank-Count: 256
[2025-01-31 16:46:17.174835] INFO: Receive loop #1 received 16384 bytes in 1659.746000ms
[2025-01-31 16:46:18.214163] INFO: Receive loop #2 received 16384 bytes in 0.099000ms
[2025-01-31 16:46:19.303354] INFO: Receive loop #3 received 16384 bytes in 0.110000ms
[2025-01-31 16:46:20.907319] INFO: Receive loop #4 received 16384 bytes in 0.144000ms
[2025-01-31 16:46:22.167271] INFO: Receive loop #5 received 16384 bytes in 0.028000ms
[2025-01-31 16:46:23.763531] INFO: Receive loop #6 received 16384 bytes in 0.035000ms
[2025-01-31 16:46:25.470186] INFO: Receive loop #7 received 16384 bytes in 0.037000ms
[2025-01-31 16:46:27.428035] INFO: Receive loop #8 received 16384 bytes in 0.269000ms
[2025-01-31 16:46:29.175383] INFO: Receive loop #9 received 16384 bytes in 0.031000ms
[2025-01-31 16:46:31.018374] INFO: Receive loop #10 received 16384 bytes in 0.030000ms
[2025-01-31 16:46:33.279062] INFO: Receive loop #11 received 16384 bytes in 0.033000ms
[2025-01-31 16:46:35.413290] INFO: Receive loop #12 received 7665 bytes in 0.023000ms
[2025-01-31 16:46:37.603936] INFO: Response received in 21058.294000ms
[2025-01-31 16:46:39.369841] INFO: File saved in 0.579000ms
[2025-01-31 16:46:40.613530] INFO: File saved to: /home/vc/kurotaka/objects/temp_71
[2025-01-31 16:46:42.017621] INFO: Execution permission granted to: /home/vc/kurotaka/objects/temp_71
[2025-01-31 16:46:42.917795] INFO: Executing command: /home/vc/kurotaka/objects/temp_71 102 256 1
[2025-01-31 16:46:55.145056] INFO: Command executed in 11451.962000ms
[2025-01-31 16:46:56.904168] INFO: Result saved to: /home/vc/kurotaka/results/result_71
[2025-01-31 16:46:59.162954] INFO: Second connection established in 0.217000ms
[2025-01-31 16:47:01.186883] INFO: Sending result upload request
[2025-01-31 16:47:03.184424] INFO: Second request sent in 0.027000ms
[2025-01-31 16:47:05.004265] INFO: Result uploaded in 0.056000ms
[2025-01-31 16:47:06.684969] INFO: Process completed successfully. Total execution time in 55592.130000ms

