
[2025-01-31 16:46:23.735583] INFO: Process started with ID: 19
[2025-01-31 16:46:25.470167] INFO: First connection established in 0.184000ms
[2025-01-31 16:46:27.351853] INFO: Sending request: GET /http_server/send-object.php?ID=19 HTTP/1.1
Host: 192.168.100.3
Connection: close


[2025-01-31 16:46:29.077197] INFO: First request sent in 0.038000ms
[2025-01-31 16:46:30.910915] INFO: Time from request to first response in 0.030000ms
[2025-01-31 16:46:33.248998] INFO: Received headers - MPI-Rank: 243, Group-ID: 1, Job-ID: 1, Sub-Job-ID: 244, Rank-Count: 256
[2025-01-31 16:46:35.145998] INFO: Receive loop #1 received 16384 bytes in 3929.826000ms
[2025-01-31 16:46:36.384018] INFO: Receive loop #2 received 16384 bytes in 0.061000ms
[2025-01-31 16:46:38.308700] INFO: Receive loop #3 received 16384 bytes in 0.094000ms
[2025-01-31 16:46:40.034162] INFO: Receive loop #4 received 16384 bytes in 0.141000ms
[2025-01-31 16:46:40.916578] INFO: Receive loop #5 received 16384 bytes in 0.006000ms
[2025-01-31 16:46:41.971467] INFO: Receive loop #6 received 16384 bytes in 0.005000ms
[2025-01-31 16:46:42.934303] INFO: Receive loop #7 received 16384 bytes in 0.033000ms
[2025-01-31 16:46:44.376049] INFO: Receive loop #8 received 16384 bytes in 0.056000ms
[2025-01-31 16:46:45.412625] INFO: Receive loop #9 received 16384 bytes in 0.006000ms
[2025-01-31 16:46:45.992770] INFO: Receive loop #10 received 16384 bytes in 0.005000ms
[2025-01-31 16:46:46.876556] INFO: Receive loop #11 received 16384 bytes in 0.010000ms
[2025-01-31 16:46:48.064802] INFO: Receive loop #12 received 7665 bytes in 0.018000ms
[2025-01-31 16:46:48.857160] INFO: Response received in 18069.582000ms
[2025-01-31 16:46:49.466698] INFO: File saved in 0.119000ms
[2025-01-31 16:46:49.916321] INFO: File saved to: /home/vc/kurotaka/objects/temp_19
[2025-01-31 16:46:50.681596] INFO: Execution permission granted to: /home/vc/kurotaka/objects/temp_19
[2025-01-31 16:46:51.131427] INFO: Executing command: /home/vc/kurotaka/objects/temp_19 243 256 1
[2025-01-31 16:46:58.710391] INFO: Command executed in 6534.105000ms
[2025-01-31 16:47:00.881449] INFO: Result saved to: /home/vc/kurotaka/results/result_19
[2025-01-31 16:47:02.867514] INFO: Second connection established in 0.253000ms
[2025-01-31 16:47:04.481854] INFO: Sending result upload request
[2025-01-31 16:47:06.271543] INFO: Second request sent in 0.020000ms
[2025-01-31 16:47:08.427281] INFO: Result uploaded in 0.051000ms
[2025-01-31 16:47:10.127831] INFO: Process completed successfully. Total execution time in 58921.436000ms

