
[2025-01-22 16:37:48.422765] INFO: Process started with ID: 379
[2025-01-22 16:37:49.282269] INFO: First connection established in 0.174000ms
[2025-01-22 16:37:50.033616] INFO: Sending request: GET /http_server/send-object.php?ID=379 HTTP/1.1
Host: 192.168.100.3
Connection: close


[2025-01-22 16:37:50.643968] INFO: First request sent in 0.032000ms
[2025-01-22 16:37:52.052881] INFO: Time from request to first response:0.008000ms
[2025-01-22 16:37:53.077967] INFO: Received headers - MPI-Rank: 63, Group-ID: 1, Job-ID: 1, Sub-Job-ID: 64, Rank-Count: 512
[2025-01-22 16:37:54.392293] INFO: Receive loop #1 received 16384 bytes in 2336.075000ms
[2025-01-22 16:37:55.808536] INFO: Receive loop #2 received 16384 bytes in 0.023000ms
[2025-01-22 16:37:56.685559] INFO: Receive loop #3 received 16384 bytes in 0.077000ms
[2025-01-22 16:37:58.542474] INFO: Receive loop #4 received 16384 bytes in 0.134000ms
[2025-01-22 16:37:59.717942] INFO: Receive loop #5 received 16384 bytes in 0.034000ms
[2025-01-22 16:38:00.686461] INFO: Receive loop #6 received 16384 bytes in 0.029000ms
[2025-01-22 16:38:02.559096] INFO: Receive loop #7 received 16384 bytes in 0.029000ms
[2025-01-22 16:38:04.449736] INFO: Receive loop #8 received 16384 bytes in 0.246000ms
[2025-01-22 16:38:06.704477] INFO: Receive loop #9 received 16384 bytes in 0.038000ms
[2025-01-22 16:38:09.097130] INFO: Receive loop #10 received 16384 bytes in 0.036000ms
[2025-01-22 16:38:10.841340] INFO: Receive loop #11 received 16384 bytes in 0.029000ms
[2025-01-22 16:38:12.858174] INFO: Receive loop #12 received 7663 bytes in 0.024000ms
[2025-01-22 16:38:15.295700] INFO: Response received in 22974.307000ms
[2025-01-22 16:38:17.788551] INFO: File saved in 0.135000ms
[2025-01-22 16:38:20.304988] INFO: File saved to: /home/vc/kurotaka/objects/temp_379
[2025-01-22 16:38:22.949192] INFO: Execution permission granted to: /home/vc/kurotaka/objects/temp_379
[2025-01-22 16:38:25.761868] INFO: Executing command: /home/vc/kurotaka/objects/temp_379 63 512
[2025-01-22 16:40:00.106809] INFO: Command executed in 1m 31454.098000ms
[2025-01-22 16:40:03.483418] INFO: Result saved to: /home/vc/kurotaka/results/result_379
[2025-01-22 16:40:07.273453] INFO: Second connection established in 0.290000ms
[2025-01-22 16:40:11.398231] INFO: Sending result upload request
[2025-01-22 16:40:16.570408] INFO: Second request sent in 0.026000ms
[2025-01-22 16:40:19.876233] INFO: Result uploaded in 0.011000ms
[2025-01-22 16:40:22.221933] INFO: Process completed successfully. Total execution time: 2m 33636.048000ms

