
[2025-01-23 15:07:24.432076] INFO: Process started with ID: 341
[2025-01-23 15:07:24.879929] INFO: First connection established in 0.237000ms
[2025-01-23 15:07:25.451588] INFO: Sending request: GET /http_server/send-object.php?ID=341 HTTP/1.1
Host: 192.168.100.3
Connection: close


[2025-01-23 15:07:26.286482] INFO: First request sent in 0.040000ms
[2025-01-23 15:07:26.754149] INFO: Time from request to first response:0.036000ms
[2025-01-23 15:07:27.667839] INFO: Received headers - MPI-Rank: 34, Group-ID: 1, Job-ID: 1, Sub-Job-ID: 35, Rank-Count: 512
[2025-01-23 15:07:29.090579] INFO: Receive loop #1 received 16384 bytes in 2044.814000ms
[2025-01-23 15:07:29.692548] INFO: Receive loop #2 received 16384 bytes in 0.062000ms
[2025-01-23 15:07:31.024180] INFO: Receive loop #3 received 16384 bytes in 0.085000ms
[2025-01-23 15:07:32.041094] INFO: Receive loop #4 received 16384 bytes in 0.135000ms
[2025-01-23 15:07:33.974214] INFO: Receive loop #5 received 16384 bytes in 0.030000ms
[2025-01-23 15:07:35.178704] INFO: Receive loop #6 received 16384 bytes in 0.029000ms
[2025-01-23 15:07:37.070908] INFO: Receive loop #7 received 16384 bytes in 0.030000ms
[2025-01-23 15:07:39.229177] INFO: Receive loop #8 received 16384 bytes in 0.257000ms
[2025-01-23 15:07:40.689252] INFO: Receive loop #9 received 16384 bytes in 0.029000ms
[2025-01-23 15:07:42.109201] INFO: Receive loop #10 received 16384 bytes in 0.030000ms
[2025-01-23 15:07:43.346509] INFO: Receive loop #11 received 16384 bytes in 0.029000ms
[2025-01-23 15:07:45.010806] INFO: Receive loop #12 received 7663 bytes in 0.019000ms
[2025-01-23 15:07:47.563717] INFO: Response received in 20046.637000ms
[2025-01-23 15:07:50.164032] INFO: File saved in 0.450000ms
[2025-01-23 15:07:52.499665] INFO: File saved to: /home/vc/kurotaka/objects/temp_341
[2025-01-23 15:07:54.865464] INFO: Execution permission granted to: /home/vc/kurotaka/objects/temp_341
[2025-01-23 15:07:56.774661] INFO: Executing command: /home/vc/kurotaka/objects/temp_341 34 512
[2025-01-23 15:09:32.307770] INFO: Command executed in 1m 33160.194000ms
[2025-01-23 15:09:36.320181] INFO: Result saved to: /home/vc/kurotaka/results/result_341
[2025-01-23 15:09:40.464308] INFO: Second connection established in 0.218000ms
[2025-01-23 15:09:44.428569] INFO: Sending result upload request
[2025-01-23 15:09:48.220410] INFO: Second request sent in 0.005000ms
[2025-01-23 15:09:50.486714] INFO: Result uploaded in 0.011000ms
[2025-01-23 15:09:51.004037] INFO: Process completed successfully. Total execution time: 2m 26781.514000ms

