
[2025-01-23 15:08:28.035790] INFO: Process started with ID: 198
[2025-01-23 15:08:30.487693] INFO: First connection established in 0.216000ms
[2025-01-23 15:08:32.766098] INFO: Sending request: GET /http_server/send-object.php?ID=198 HTTP/1.1
Host: 192.168.100.3
Connection: close


[2025-01-23 15:08:35.341018] INFO: First request sent in 0.008000ms
[2025-01-23 15:08:37.288309] INFO: Time from request to first response:0.024000ms
[2025-01-23 15:08:39.413936] INFO: Received headers - MPI-Rank: 496, Group-ID: 1, Job-ID: 1, Sub-Job-ID: 497, Rank-Count: 512
[2025-01-23 15:08:41.035388] INFO: Receive loop #1 received 16384 bytes in 4022.084000ms
[2025-01-23 15:08:42.951407] INFO: Receive loop #2 received 16384 bytes in 0.069000ms
[2025-01-23 15:08:44.889946] INFO: Receive loop #3 received 16384 bytes in 0.078000ms
[2025-01-23 15:08:46.104842] INFO: Receive loop #4 received 16384 bytes in 0.122000ms
[2025-01-23 15:08:47.874378] INFO: Receive loop #5 received 16384 bytes in 0.012000ms
[2025-01-23 15:08:49.520219] INFO: Receive loop #6 received 16384 bytes in 0.007000ms
[2025-01-23 15:08:50.922375] INFO: Receive loop #7 received 16384 bytes in 0.007000ms
[2025-01-23 15:08:52.536670] INFO: Receive loop #8 received 16384 bytes in 0.248000ms
[2025-01-23 15:08:54.208794] INFO: Receive loop #9 received 16384 bytes in 0.031000ms
[2025-01-23 15:08:55.565521] INFO: Receive loop #10 received 16384 bytes in 0.029000ms
[2025-01-23 15:08:56.096506] INFO: Receive loop #11 received 16384 bytes in 0.004000ms
[2025-01-23 15:08:56.866458] INFO: Receive loop #12 received 7665 bytes in 0.004000ms
[2025-01-23 15:08:57.683630] INFO: Response received in 20564.407000ms
[2025-01-23 15:08:58.206706] INFO: File saved in 0.649000ms
[2025-01-23 15:08:59.060444] INFO: File saved to: /home/vc/kurotaka/objects/temp_198
[2025-01-23 15:09:00.145081] INFO: Execution permission granted to: /home/vc/kurotaka/objects/temp_198
[2025-01-23 15:09:00.248901] INFO: Executing command: /home/vc/kurotaka/objects/temp_198 496 512
[2025-01-23 15:09:15.737660] INFO: Command executed in 14854.410000ms
[2025-01-23 15:09:18.847324] INFO: Result saved to: /home/vc/kurotaka/results/result_198
[2025-01-23 15:09:22.184651] INFO: Second connection established in 0.228000ms
[2025-01-23 15:09:26.230435] INFO: Sending result upload request
[2025-01-23 15:09:29.809665] INFO: Second request sent in 0.025000ms
[2025-01-23 15:09:34.303734] INFO: Result uploaded in 0.055000ms
[2025-01-23 15:09:38.273967] INFO: Process completed successfully. Total execution time: 2m 13311.813000ms

