
[2025-01-23 15:08:07.735599] INFO: Process started with ID: 200
[2025-01-23 15:08:09.926133] INFO: First connection established in 0.207000ms
[2025-01-23 15:08:12.611290] INFO: Sending request: GET /http_server/send-object.php?ID=200 HTTP/1.1
Host: 192.168.100.3
Connection: close


[2025-01-23 15:08:14.865150] INFO: First request sent in 0.039000ms
[2025-01-23 15:08:17.173164] INFO: Time from request to first response:0.035000ms
[2025-01-23 15:08:19.478039] INFO: Received headers - MPI-Rank: 389, Group-ID: 1, Job-ID: 1, Sub-Job-ID: 390, Rank-Count: 512
[2025-01-23 15:08:21.820441] INFO: Receive loop #1 received 16384 bytes in 4886.003000ms
[2025-01-23 15:08:24.217497] INFO: Receive loop #2 received 16384 bytes in 0.060000ms
[2025-01-23 15:08:26.113619] INFO: Receive loop #3 received 16384 bytes in 0.017000ms
[2025-01-23 15:08:28.583422] INFO: Receive loop #4 received 16384 bytes in 0.112000ms
[2025-01-23 15:08:30.487971] INFO: Receive loop #5 received 16384 bytes in 0.034000ms
[2025-01-23 15:08:32.766436] INFO: Receive loop #6 received 16384 bytes in 0.011000ms
[2025-01-23 15:08:35.373345] INFO: Receive loop #7 received 16384 bytes in 0.009000ms
[2025-01-23 15:08:37.355097] INFO: Receive loop #8 received 16384 bytes in 0.309000ms
[2025-01-23 15:08:39.007897] INFO: Receive loop #9 received 16384 bytes in 0.010000ms
[2025-01-23 15:08:40.798232] INFO: Receive loop #10 received 16384 bytes in 0.028000ms
[2025-01-23 15:08:42.453964] INFO: Receive loop #11 received 16384 bytes in 0.036000ms
[2025-01-23 15:08:44.438630] INFO: Receive loop #12 received 7665 bytes in 0.008000ms
[2025-01-23 15:08:45.940121] INFO: Response received in 29215.413000ms
[2025-01-23 15:08:46.822401] INFO: File saved in 0.095000ms
[2025-01-23 15:08:48.056778] INFO: File saved to: /home/vc/kurotaka/objects/temp_200
[2025-01-23 15:08:50.882617] INFO: Execution permission granted to: /home/vc/kurotaka/objects/temp_200
[2025-01-23 15:08:52.293098] INFO: Executing command: /home/vc/kurotaka/objects/temp_200 389 512
[2025-01-23 15:09:14.952269] INFO: Command executed in 21334.906000ms
[2025-01-23 15:09:17.110169] INFO: Result saved to: /home/vc/kurotaka/results/result_200
[2025-01-23 15:09:20.292895] INFO: Second connection established in 0.215000ms
[2025-01-23 15:09:23.656513] INFO: Sending result upload request
[2025-01-23 15:09:27.628828] INFO: Second request sent in 0.022000ms
[2025-01-23 15:09:31.547754] INFO: Result uploaded in 0.053000ms
[2025-01-23 15:09:35.652616] INFO: Process completed successfully. Total execution time: 2m 10366.871000ms

