
[2025-01-23 15:08:14.443323] INFO: Process started with ID: 150
[2025-01-23 15:08:16.966268] INFO: First connection established in 0.211000ms
[2025-01-23 15:08:19.256302] INFO: Sending request: GET /http_server/send-object.php?ID=150 HTTP/1.1
Host: 192.168.100.3
Connection: close


[2025-01-23 15:08:21.612454] INFO: First request sent in 0.035000ms
[2025-01-23 15:08:23.871315] INFO: Time from request to first response:0.030000ms
[2025-01-23 15:08:25.927661] INFO: Received headers - MPI-Rank: 425, Group-ID: 1, Job-ID: 1, Sub-Job-ID: 426, Rank-Count: 512
[2025-01-23 15:08:28.473862] INFO: Receive loop #1 received 16384 bytes in 4777.709000ms
[2025-01-23 15:08:30.487721] INFO: Receive loop #2 received 16384 bytes in 0.062000ms
[2025-01-23 15:08:32.766430] INFO: Receive loop #3 received 16384 bytes in 0.030000ms
[2025-01-23 15:08:35.340907] INFO: Receive loop #4 received 16384 bytes in 0.030000ms
[2025-01-23 15:08:37.288090] INFO: Receive loop #5 received 16384 bytes in 0.036000ms
[2025-01-23 15:08:39.361357] INFO: Receive loop #6 received 16384 bytes in 0.010000ms
[2025-01-23 15:08:40.998257] INFO: Receive loop #7 received 16384 bytes in 0.012000ms
[2025-01-23 15:08:42.926578] INFO: Receive loop #8 received 16384 bytes in 0.074000ms
[2025-01-23 15:08:44.772771] INFO: Receive loop #9 received 16384 bytes in 0.029000ms
[2025-01-23 15:08:45.819853] INFO: Receive loop #10 received 16384 bytes in 0.007000ms
[2025-01-23 15:08:46.771543] INFO: Receive loop #11 received 16384 bytes in 0.005000ms
[2025-01-23 15:08:48.049752] INFO: Receive loop #12 received 7665 bytes in 0.019000ms
[2025-01-23 15:08:49.520819] INFO: Response received in 26090.920000ms
[2025-01-23 15:08:50.977467] INFO: File saved in 0.137000ms
[2025-01-23 15:08:52.591612] INFO: File saved to: /home/vc/kurotaka/objects/temp_150
[2025-01-23 15:08:55.308091] INFO: Execution permission granted to: /home/vc/kurotaka/objects/temp_150
[2025-01-23 15:08:56.137602] INFO: Executing command: /home/vc/kurotaka/objects/temp_150 425 512
[2025-01-23 15:09:27.322241] INFO: Command executed in 29526.216000ms
[2025-01-23 15:09:31.292822] INFO: Result saved to: /home/vc/kurotaka/results/result_150
[2025-01-23 15:09:35.198726] INFO: Second connection established in 0.177000ms
[2025-01-23 15:09:39.567126] INFO: Sending result upload request
[2025-01-23 15:09:43.730309] INFO: Second request sent in 0.003000ms
[2025-01-23 15:09:45.611628] INFO: Result uploaded in 0.011000ms
[2025-01-23 15:09:47.013721] INFO: Process completed successfully. Total execution time: 2m 22289.576000ms

