
[2025-01-23 15:08:22.338119] INFO: Process started with ID: 323
[2025-01-23 15:08:25.623400] INFO: First connection established in 0.203000ms
[2025-01-23 15:08:27.936400] INFO: Sending request: GET /http_server/send-object.php?ID=323 HTTP/1.1
Host: 192.168.100.3
Connection: close


[2025-01-23 15:08:30.404041] INFO: First request sent in 0.029000ms
[2025-01-23 15:08:32.766563] INFO: Time from request to first response:0.030000ms
[2025-01-23 15:08:35.395659] INFO: Received headers - MPI-Rank: 467, Group-ID: 1, Job-ID: 1, Sub-Job-ID: 468, Rank-Count: 512
[2025-01-23 15:08:37.571183] INFO: Receive loop #1 received 16384 bytes in 4333.182000ms
[2025-01-23 15:08:39.362072] INFO: Receive loop #2 received 16384 bytes in 0.066000ms
[2025-01-23 15:08:40.998704] INFO: Receive loop #3 received 16384 bytes in 0.024000ms
[2025-01-23 15:08:42.927144] INFO: Receive loop #4 received 16384 bytes in 0.108000ms
[2025-01-23 15:08:44.299662] INFO: Receive loop #5 received 16384 bytes in 0.029000ms
[2025-01-23 15:08:45.691500] INFO: Receive loop #6 received 16384 bytes in 0.030000ms
[2025-01-23 15:08:46.791998] INFO: Receive loop #7 received 16384 bytes in 0.036000ms
[2025-01-23 15:08:48.057166] INFO: Receive loop #8 received 16384 bytes in 0.098000ms
[2025-01-23 15:08:49.763718] INFO: Receive loop #9 received 16384 bytes in 0.008000ms
[2025-01-23 15:08:51.144231] INFO: Receive loop #10 received 16384 bytes in 0.005000ms
[2025-01-23 15:08:52.689764] INFO: Receive loop #11 received 16384 bytes in 0.029000ms
[2025-01-23 15:08:54.260532] INFO: Receive loop #12 received 7665 bytes in 0.011000ms
[2025-01-23 15:08:55.275292] INFO: Response received in 22716.881000ms
[2025-01-23 15:08:55.848225] INFO: File saved in 0.091000ms
[2025-01-23 15:08:56.225342] INFO: File saved to: /home/vc/kurotaka/objects/temp_323
[2025-01-23 15:08:57.204757] INFO: Execution permission granted to: /home/vc/kurotaka/objects/temp_323
[2025-01-23 15:08:57.909341] INFO: Executing command: /home/vc/kurotaka/objects/temp_323 467 512
[2025-01-23 15:09:22.549032] INFO: Command executed in 22863.984000ms
[2025-01-23 15:09:25.342916] INFO: Result saved to: /home/vc/kurotaka/results/result_323
[2025-01-23 15:09:27.176551] INFO: Second connection established in 0.218000ms
[2025-01-23 15:09:29.750506] INFO: Sending result upload request
[2025-01-23 15:09:32.908368] INFO: Second request sent in 0.027000ms
[2025-01-23 15:09:36.999510] INFO: Result uploaded in 0.059000ms
[2025-01-23 15:09:40.716212] INFO: Process completed successfully. Total execution time: 2m 15323.189000ms

