
[2025-01-23 15:08:16.277249] INFO: Process started with ID: 27
[2025-01-23 15:08:18.759075] INFO: First connection established in 0.197000ms
[2025-01-23 15:08:21.186423] INFO: Sending request: GET /http_server/send-object.php?ID=27 HTTP/1.1
Host: 192.168.100.3
Connection: close


[2025-01-23 15:08:23.249186] INFO: First request sent in 0.034000ms
[2025-01-23 15:08:25.626423] INFO: Time from request to first response:0.031000ms
[2025-01-23 15:08:28.036478] INFO: Received headers - MPI-Rank: 435, Group-ID: 1, Job-ID: 1, Sub-Job-ID: 436, Rank-Count: 512
[2025-01-23 15:08:30.404600] INFO: Receive loop #1 received 16384 bytes in 4589.886000ms
[2025-01-23 15:08:32.766433] INFO: Receive loop #2 received 16384 bytes in 0.015000ms
[2025-01-23 15:08:35.129299] INFO: Receive loop #3 received 16384 bytes in 0.047000ms
[2025-01-23 15:08:36.696106] INFO: Receive loop #4 received 16384 bytes in 0.116000ms
[2025-01-23 15:08:38.844032] INFO: Receive loop #5 received 16384 bytes in 0.041000ms
[2025-01-23 15:08:40.662539] INFO: Receive loop #6 received 16384 bytes in 0.028000ms
[2025-01-23 15:08:42.354726] INFO: Receive loop #7 received 16384 bytes in 0.030000ms
[2025-01-23 15:08:44.260158] INFO: Receive loop #8 received 16384 bytes in 0.245000ms
[2025-01-23 15:08:45.798463] INFO: Receive loop #9 received 16384 bytes in 0.030000ms
[2025-01-23 15:08:46.770231] INFO: Receive loop #10 received 16384 bytes in 0.030000ms
[2025-01-23 15:08:47.930082] INFO: Receive loop #11 received 16384 bytes in 0.030000ms
[2025-01-23 15:08:49.520942] INFO: Receive loop #12 received 7665 bytes in 0.019000ms
[2025-01-23 15:08:50.884226] INFO: Response received in 24904.696000ms
[2025-01-23 15:08:51.957335] INFO: File saved in 0.469000ms
[2025-01-23 15:08:53.452846] INFO: File saved to: /home/vc/kurotaka/objects/temp_27
[2025-01-23 15:08:55.309180] INFO: Execution permission granted to: /home/vc/kurotaka/objects/temp_27
[2025-01-23 15:08:56.097383] INFO: Executing command: /home/vc/kurotaka/objects/temp_27 435 512
[2025-01-23 15:09:19.291914] INFO: Command executed in 21401.659000ms
[2025-01-23 15:09:22.463359] INFO: Result saved to: /home/vc/kurotaka/results/result_27
[2025-01-23 15:09:26.284134] INFO: Second connection established in 0.199000ms
[2025-01-23 15:09:29.675476] INFO: Sending result upload request
[2025-01-23 15:09:33.802433] INFO: Second request sent in 0.007000ms
[2025-01-23 15:09:37.805819] INFO: Result uploaded in 0.055000ms
[2025-01-23 15:09:42.043410] INFO: Process completed successfully. Total execution time: 2m 16527.872000ms

