
[2025-01-23 15:08:07.735936] INFO: Process started with ID: 355
[2025-01-23 15:08:09.754730] INFO: First connection established in 0.204000ms
[2025-01-23 15:08:12.217177] INFO: Sending request: GET /http_server/send-object.php?ID=355 HTTP/1.1
Host: 192.168.100.3
Connection: close


[2025-01-23 15:08:14.443930] INFO: First request sent in 0.039000ms
[2025-01-23 15:08:16.598812] INFO: Time from request to first response:0.007000ms
[2025-01-23 15:08:18.964656] INFO: Received headers - MPI-Rank: 388, Group-ID: 1, Job-ID: 1, Sub-Job-ID: 389, Rank-Count: 512
[2025-01-23 15:08:21.461631] INFO: Receive loop #1 received 16384 bytes in 4997.999000ms
[2025-01-23 15:08:23.555421] INFO: Receive loop #2 received 16384 bytes in 0.068000ms
[2025-01-23 15:08:25.849113] INFO: Receive loop #3 received 16384 bytes in 0.075000ms
[2025-01-23 15:08:28.324680] INFO: Receive loop #4 received 16384 bytes in 0.109000ms
[2025-01-23 15:08:30.403766] INFO: Receive loop #5 received 16384 bytes in 0.028000ms
[2025-01-23 15:08:32.727521] INFO: Receive loop #6 received 16384 bytes in 0.030000ms
[2025-01-23 15:08:35.373720] INFO: Receive loop #7 received 16384 bytes in 0.005000ms
[2025-01-23 15:08:37.502926] INFO: Receive loop #8 received 16384 bytes in 0.048000ms
[2025-01-23 15:08:39.904100] INFO: Receive loop #9 received 16384 bytes in 0.030000ms
[2025-01-23 15:08:41.370948] INFO: Receive loop #10 received 16384 bytes in 0.040000ms
[2025-01-23 15:08:43.985956] INFO: Receive loop #11 received 16384 bytes in 0.010000ms
[2025-01-23 15:08:45.666128] INFO: Receive loop #12 received 7665 bytes in 0.018000ms
[2025-01-23 15:08:46.791535] INFO: Response received in 30392.066000ms
[2025-01-23 15:08:48.051043] INFO: File saved in 0.133000ms
[2025-01-23 15:08:49.750638] INFO: File saved to: /home/vc/kurotaka/objects/temp_355
[2025-01-23 15:08:51.957635] INFO: Execution permission granted to: /home/vc/kurotaka/objects/temp_355
[2025-01-23 15:08:53.737427] INFO: Executing command: /home/vc/kurotaka/objects/temp_355 388 512
[2025-01-23 15:09:25.839742] INFO: Command executed in 31133.361000ms
[2025-01-23 15:09:27.812483] INFO: Result saved to: /home/vc/kurotaka/results/result_355
[2025-01-23 15:09:31.001467] INFO: Second connection established in 0.256000ms
[2025-01-23 15:09:34.520605] INFO: Sending result upload request
[2025-01-23 15:09:38.247251] INFO: Second request sent in 0.030000ms
[2025-01-23 15:09:42.660442] INFO: Result uploaded in 0.059000ms
[2025-01-23 15:09:47.407156] INFO: Process completed successfully. Total execution time: 2m 21090.528000ms

