
[2025-01-23 15:07:53.457947] INFO: Process started with ID: 73
[2025-01-23 15:07:55.814787] INFO: First connection established in 0.191000ms
[2025-01-23 15:07:57.791276] INFO: Sending request: GET /http_server/send-object.php?ID=73 HTTP/1.1
Host: 192.168.100.3
Connection: close


[2025-01-23 15:08:00.137126] INFO: First request sent in 0.034000ms
[2025-01-23 15:08:02.657255] INFO: Time from request to first response:0.031000ms
[2025-01-23 15:08:04.259772] INFO: Received headers - MPI-Rank: 304, Group-ID: 1, Job-ID: 1, Sub-Job-ID: 305, Rank-Count: 512
[2025-01-23 15:08:06.031932] INFO: Receive loop #1 received 16384 bytes in 4106.821000ms
[2025-01-23 15:08:08.011315] INFO: Receive loop #2 received 16384 bytes in 0.041000ms
[2025-01-23 15:08:10.385071] INFO: Receive loop #3 received 16384 bytes in 0.097000ms
[2025-01-23 15:08:12.611639] INFO: Receive loop #4 received 16384 bytes in 0.058000ms
[2025-01-23 15:08:15.058475] INFO: Receive loop #5 received 16384 bytes in 0.028000ms
[2025-01-23 15:08:17.172982] INFO: Receive loop #6 received 16384 bytes in 0.035000ms
[2025-01-23 15:08:19.478230] INFO: Receive loop #7 received 16384 bytes in 0.031000ms
[2025-01-23 15:08:21.847930] INFO: Receive loop #8 received 16384 bytes in 0.256000ms
[2025-01-23 15:08:24.217672] INFO: Receive loop #9 received 16384 bytes in 0.031000ms
[2025-01-23 15:08:26.508528] INFO: Receive loop #10 received 16384 bytes in 0.005000ms
[2025-01-23 15:08:28.867500] INFO: Receive loop #11 received 16384 bytes in 0.007000ms
[2025-01-23 15:08:30.575454] INFO: Receive loop #12 received 7665 bytes in 0.019000ms
[2025-01-23 15:08:32.543695] INFO: Response received in 30736.550000ms
[2025-01-23 15:08:34.890035] INFO: File saved in 0.461000ms
[2025-01-23 15:08:36.641404] INFO: File saved to: /home/vc/kurotaka/objects/temp_73
[2025-01-23 15:08:39.683552] INFO: Execution permission granted to: /home/vc/kurotaka/objects/temp_73
[2025-01-23 15:08:41.611322] INFO: Executing command: /home/vc/kurotaka/objects/temp_73 304 512
[2025-01-23 15:09:20.082161] INFO: Command executed in 36285.222000ms
[2025-01-23 15:09:23.272286] INFO: Result saved to: /home/vc/kurotaka/results/result_73
[2025-01-23 15:09:27.176207] INFO: Second connection established in 0.188000ms
[2025-01-23 15:09:30.649141] INFO: Sending result upload request
[2025-01-23 15:09:34.608052] INFO: Second request sent in 0.021000ms
[2025-01-23 15:09:38.693801] INFO: Result uploaded in 0.015000ms
[2025-01-23 15:09:43.602292] INFO: Process completed successfully. Total execution time: 2m 17397.062000ms

