
[2025-01-23 15:07:37.531945] INFO: Process started with ID: 232
[2025-01-23 15:07:39.792903] INFO: First connection established in 0.230000ms
[2025-01-23 15:07:41.041200] INFO: Sending request: GET /http_server/send-object.php?ID=232 HTTP/1.1
Host: 192.168.100.3
Connection: close


[2025-01-23 15:07:42.309292] INFO: First request sent in 0.034000ms
[2025-01-23 15:07:43.536111] INFO: Time from request to first response:0.030000ms
[2025-01-23 15:07:45.155081] INFO: Received headers - MPI-Rank: 200, Group-ID: 1, Job-ID: 1, Sub-Job-ID: 201, Rank-Count: 512
[2025-01-23 15:07:47.661677] INFO: Receive loop #1 received 16384 bytes in 3733.675000ms
[2025-01-23 15:07:50.197503] INFO: Receive loop #2 received 16384 bytes in 0.067000ms
[2025-01-23 15:07:52.663548] INFO: Receive loop #3 received 16384 bytes in 0.075000ms
[2025-01-23 15:07:54.864745] INFO: Receive loop #4 received 16384 bytes in 0.107000ms
[2025-01-23 15:07:56.715615] INFO: Receive loop #5 received 16384 bytes in 0.028000ms
[2025-01-23 15:07:58.950621] INFO: Receive loop #6 received 16384 bytes in 0.014000ms
[2025-01-23 15:08:01.286919] INFO: Receive loop #7 received 16384 bytes in 0.011000ms
[2025-01-23 15:08:03.655892] INFO: Receive loop #8 received 16384 bytes in 0.075000ms
[2025-01-23 15:08:05.718022] INFO: Receive loop #9 received 16384 bytes in 0.031000ms
[2025-01-23 15:08:07.067525] INFO: Receive loop #10 received 16384 bytes in 0.035000ms
[2025-01-23 15:08:09.155125] INFO: Receive loop #11 received 16384 bytes in 0.005000ms
[2025-01-23 15:08:11.742775] INFO: Receive loop #12 received 7665 bytes in 0.003000ms
[2025-01-23 15:08:13.898627] INFO: Response received in 30121.608000ms
[2025-01-23 15:08:16.277136] INFO: File saved in 0.485000ms
[2025-01-23 15:08:18.758751] INFO: File saved to: /home/vc/kurotaka/objects/temp_232
[2025-01-23 15:08:21.202283] INFO: Execution permission granted to: /home/vc/kurotaka/objects/temp_232
[2025-01-23 15:08:23.296046] INFO: Executing command: /home/vc/kurotaka/objects/temp_232 200 512
[2025-01-23 15:09:20.137483] INFO: Command executed in 54017.717000ms
[2025-01-23 15:09:23.541098] INFO: Result saved to: /home/vc/kurotaka/results/result_232
[2025-01-23 15:09:27.580212] INFO: Second connection established in 0.150000ms
[2025-01-23 15:09:31.496584] INFO: Sending result upload request
[2025-01-23 15:09:35.478401] INFO: Second request sent in 0.020000ms
[2025-01-23 15:09:39.993941] INFO: Result uploaded in 0.055000ms
[2025-01-23 15:09:43.950575] INFO: Process completed successfully. Total execution time: 2m 18730.271000ms

