
[2025-01-23 15:07:56.094593] INFO: Process started with ID: 189
[2025-01-23 15:07:58.233930] INFO: First connection established in 0.266000ms
[2025-01-23 15:08:00.588190] INFO: Sending request: GET /http_server/send-object.php?ID=189 HTTP/1.1
Host: 192.168.100.3
Connection: close


[2025-01-23 15:08:03.055862] INFO: First request sent in 0.034000ms
[2025-01-23 15:08:04.921341] INFO: Time from request to first response:0.035000ms
[2025-01-23 15:08:06.504644] INFO: Received headers - MPI-Rank: 320, Group-ID: 1, Job-ID: 1, Sub-Job-ID: 321, Rank-Count: 512
[2025-01-23 15:08:08.669808] INFO: Receive loop #1 received 16384 bytes in 3961.811000ms
[2025-01-23 15:08:11.284572] INFO: Receive loop #2 received 16384 bytes in 0.061000ms
[2025-01-23 15:08:13.434811] INFO: Receive loop #3 received 16384 bytes in 0.104000ms
[2025-01-23 15:08:15.892757] INFO: Receive loop #4 received 16384 bytes in 0.110000ms
[2025-01-23 15:08:18.434683] INFO: Receive loop #5 received 16384 bytes in 0.009000ms
[2025-01-23 15:08:20.937309] INFO: Receive loop #6 received 16384 bytes in 0.027000ms
[2025-01-23 15:08:22.956269] INFO: Receive loop #7 received 16384 bytes in 0.037000ms
[2025-01-23 15:08:25.435904] INFO: Receive loop #8 received 16384 bytes in 0.323000ms
[2025-01-23 15:08:27.835478] INFO: Receive loop #9 received 16384 bytes in 0.008000ms
[2025-01-23 15:08:30.400809] INFO: Receive loop #10 received 16384 bytes in 0.034000ms
[2025-01-23 15:08:32.579957] INFO: Receive loop #11 received 16384 bytes in 0.030000ms
[2025-01-23 15:08:35.144654] INFO: Receive loop #12 received 7665 bytes in 0.021000ms
[2025-01-23 15:08:36.954894] INFO: Response received in 32093.363000ms
[2025-01-23 15:08:39.026628] INFO: File saved in 0.480000ms
[2025-01-23 15:08:41.035728] INFO: File saved to: /home/vc/kurotaka/objects/temp_189
[2025-01-23 15:08:44.534074] INFO: Execution permission granted to: /home/vc/kurotaka/objects/temp_189
[2025-01-23 15:08:45.994032] INFO: Executing command: /home/vc/kurotaka/objects/temp_189 320 512
[2025-01-23 15:09:16.010809] INFO: Command executed in 28783.424000ms
[2025-01-23 15:09:19.313627] INFO: Result saved to: /home/vc/kurotaka/results/result_189
[2025-01-23 15:09:22.920043] INFO: Second connection established in 0.258000ms
[2025-01-23 15:09:26.834812] INFO: Sending result upload request
[2025-01-23 15:09:30.400978] INFO: Second request sent in 0.036000ms
[2025-01-23 15:09:34.570988] INFO: Result uploaded in 0.060000ms
[2025-01-23 15:09:38.693861] INFO: Process completed successfully. Total execution time: 2m 13504.642000ms

