
[2025-01-23 15:07:46.760045] INFO: Process started with ID: 289
[2025-01-23 15:07:49.308468] INFO: First connection established in 0.221000ms
[2025-01-23 15:07:51.603452] INFO: Sending request: GET /http_server/send-object.php?ID=289 HTTP/1.1
Host: 192.168.100.3
Connection: close


[2025-01-23 15:07:54.039579] INFO: First request sent in 0.035000ms
[2025-01-23 15:07:56.187867] INFO: Time from request to first response:0.039000ms
[2025-01-23 15:07:58.342186] INFO: Received headers - MPI-Rank: 270, Group-ID: 1, Job-ID: 1, Sub-Job-ID: 271, Rank-Count: 512
[2025-01-23 15:08:00.832550] INFO: Receive loop #1 received 16384 bytes in 4476.048000ms
[2025-01-23 15:08:03.398777] INFO: Receive loop #2 received 16384 bytes in 0.015000ms
[2025-01-23 15:08:05.656109] INFO: Receive loop #3 received 16384 bytes in 0.082000ms
[2025-01-23 15:08:07.067690] INFO: Receive loop #4 received 16384 bytes in 0.138000ms
[2025-01-23 15:08:09.121825] INFO: Receive loop #5 received 16384 bytes in 0.037000ms
[2025-01-23 15:08:11.591619] INFO: Receive loop #6 received 16384 bytes in 0.029000ms
[2025-01-23 15:08:13.768906] INFO: Receive loop #7 received 16384 bytes in 0.028000ms
[2025-01-23 15:08:16.024265] INFO: Receive loop #8 received 16384 bytes in 0.318000ms
[2025-01-23 15:08:18.517740] INFO: Receive loop #9 received 16384 bytes in 0.036000ms
[2025-01-23 15:08:20.991648] INFO: Receive loop #10 received 16384 bytes in 0.007000ms
[2025-01-23 15:08:23.004246] INFO: Receive loop #11 received 16384 bytes in 0.029000ms
[2025-01-23 15:08:25.621037] INFO: Receive loop #12 received 7665 bytes in 0.018000ms
[2025-01-23 15:08:27.935497] INFO: Response received in 31081.255000ms
[2025-01-23 15:08:30.402831] INFO: File saved in 0.451000ms
[2025-01-23 15:08:32.693128] INFO: File saved to: /home/vc/kurotaka/objects/temp_289
[2025-01-23 15:08:36.641842] INFO: Execution permission granted to: /home/vc/kurotaka/objects/temp_289
[2025-01-23 15:08:38.727005] INFO: Executing command: /home/vc/kurotaka/objects/temp_289 270 512
[2025-01-23 15:09:15.661282] INFO: Command executed in 34825.258000ms
[2025-01-23 15:09:20.718889] INFO: Result saved to: /home/vc/kurotaka/results/result_289
[2025-01-23 15:09:23.891364] INFO: Second connection established in 0.208000ms
[2025-01-23 15:09:26.078241] INFO: Sending result upload request
[2025-01-23 15:09:28.383037] INFO: Second request sent in 0.026000ms
[2025-01-23 15:09:31.419138] INFO: Result uploaded in 0.057000ms
[2025-01-23 15:09:34.875761] INFO: Process completed successfully. Total execution time: 2m 9744.261000ms

