
[2025-01-30 11:50:38] Program started at 2025-01-30 11:50:38.4959
[2025-01-30 11:50:38] [getClientID] MySQL connection established. Execution time: 0.497 ms
[2025-01-30 11:50:38] [getClientID] SELECT table_name FROM table_registry WHERE id = :job_id / Execution time: 0.331 ms
[2025-01-30 11:50:38] [getClientID] SELECT client FROM `matrix` WHERE id = :sub_job_id / Execution time: 0.194 ms
[2025-01-30 11:50:38] getClientID completed. Execution time: 1.189 ms
[2025-01-30 11:50:38] Read file completed. Execution time: 0.018 ms
[2025-01-30 11:50:38] File saved successfully: uploads/job_1/group_1/result_3
[2025-01-30 11:50:38] [updateStatus] MySQL connection established. Execution time: 0.100 ms
[2025-01-30 11:50:38] [updateStatus] SELECT table_name FROM table_registry WHERE id = :job_id FOR UPDATE / Execution time: 0.199 ms
[2025-01-30 11:50:38] [updateStatus] UPDATE `matrix` SET status = :status WHERE id = :sub_job_id / Execution time: 0.213 ms
[2025-01-30 11:50:38] [updateStatus] SELECT COUNT_RECORDS FROM `matrix` / Execution time: 0.272 ms
[2025-01-30 11:50:38] [updateStatus] UPDATE table_registry SET status = :status WHERE id = :job_id / Execution time: 0.189 ms
[2025-01-30 11:50:38] updateStatus completed. Execution time: 37.605 ms
[2025-01-30 11:50:38] Write file completed. Execution time: 37.949 ms
[2025-01-30 11:50:38] [getGroupStatus] MySQL connection established. Execution time: 0.085 ms
[2025-01-30 11:50:38] [getGroupStatus] SELECT table_name FROM table_registry WHERE id = :job_id / Execution time: 0.309 ms
[2025-01-30 11:50:38] [getGroupStatus] SELECT status FROM `matrix` WHERE group_id = :group_id / Execution time: 0.245 ms
[2025-01-30 11:50:38] getGroupStatus completed. Execution time: 0.812 ms
[2025-01-30 11:50:38] Group 1 is not completed yet.
[2025-01-30 11:50:38] Program completed. Total execution time: 42.318 ms

