
[2025-01-31 16:14:16.562816] INFO: Process started with ID: 4
[2025-01-31 16:14:16.613129] INFO: First connection established in 0.126000ms
[2025-01-31 16:14:16.695490] INFO: Sending request: GET /http_server/send-object.php?ID=4 HTTP/1.1
Host: 192.168.100.3
Connection: close


[2025-01-31 16:14:16.739756] INFO: First request sent in 0.031000ms
[2025-01-31 16:14:16.944743] INFO: Time from request to first response in 168.384000ms
[2025-01-31 16:14:16.991625] INFO: Received headers - MPI-Rank: 9, Group-ID: 1, Job-ID: 1, Sub-Job-ID: 10, Rank-Count: 16
[2025-01-31 16:14:17.083533] INFO: Receive loop #1 received 5792 bytes in 123.763000ms
[2025-01-31 16:14:17.201409] INFO: Receive loop #2 received 16384 bytes in 0.033000ms
[2025-01-31 16:14:17.244317] INFO: Receive loop #3 received 16384 bytes in 0.096000ms
[2025-01-31 16:14:17.351218] INFO: Receive loop #4 received 16384 bytes in 0.084000ms
[2025-01-31 16:14:17.434039] INFO: Receive loop #5 received 16384 bytes in 0.030000ms
[2025-01-31 16:14:17.501854] INFO: Receive loop #6 received 16384 bytes in 0.024000ms
[2025-01-31 16:14:17.594379] INFO: Receive loop #7 received 16384 bytes in 0.193000ms
[2025-01-31 16:14:17.650789] INFO: Receive loop #8 received 16384 bytes in 0.029000ms
[2025-01-31 16:14:17.761911] INFO: Receive loop #9 received 16384 bytes in 0.028000ms
[2025-01-31 16:14:17.832292] INFO: Receive loop #10 received 16384 bytes in 0.030000ms
[2025-01-31 16:14:17.885916] INFO: Receive loop #11 received 16384 bytes in 0.029000ms
[2025-01-31 16:14:17.971871] INFO: Receive loop #12 received 16384 bytes in 0.317000ms
[2025-01-31 16:14:18.107868] INFO: Receive loop #13 received 1869 bytes in 0.000000ms
[2025-01-31 16:14:18.188375] INFO: Response received in 1386.928000ms
[2025-01-31 16:14:18.258841] INFO: File saved in 0.427000ms
[2025-01-31 16:14:18.312495] INFO: File saved to: /home/vc/kurotaka/objects/temp_4
[2025-01-31 16:14:18.391281] INFO: Execution permission granted to: /home/vc/kurotaka/objects/temp_4
[2025-01-31 16:14:18.435199] INFO: Executing command: /home/vc/kurotaka/objects/temp_4 9 16 1
[2025-01-31 16:14:19.619196] INFO: Command executed in 1107.074000ms
[2025-01-31 16:14:19.695242] INFO: Result saved to: /home/vc/kurotaka/results/result_4
[2025-01-31 16:14:19.769536] INFO: Second connection established in 0.269000ms
[2025-01-31 16:14:19.835858] INFO: Sending result upload request
[2025-01-31 16:14:19.886379] INFO: Second request sent in 0.024000ms
[2025-01-31 16:14:19.973857] INFO: Result uploaded in 0.054000ms
[2025-01-31 16:14:20.028027] INFO: Process completed successfully. Total execution time in 3494.044000ms

