
[2025-01-30 12:27:41.631352] INFO: Process started with ID: 22
[2025-01-30 12:27:41.779180] INFO: First connection established in 0.173000ms
[2025-01-30 12:27:41.949791] INFO: Sending request: GET /http_server/send-object.php?ID=22 HTTP/1.1
Host: 192.168.100.3
Connection: close


[2025-01-30 12:27:42.082631] INFO: First request sent in 0.007000ms
[2025-01-30 12:27:42.395142] INFO: Time from request to first response in 0.031000ms
[2025-01-30 12:27:42.625340] INFO: Received headers - MPI-Rank: 27, Group-ID: 1, Job-ID: 1, Sub-Job-ID: 28, Rank-Count: 32
[2025-01-30 12:27:42.917772] INFO: Receive loop #1 received 16384 bytes in 532.274000ms
[2025-01-30 12:27:43.189705] INFO: Receive loop #2 received 16384 bytes in 0.062000ms
[2025-01-30 12:27:43.497327] INFO: Receive loop #3 received 16384 bytes in 0.077000ms
[2025-01-30 12:27:43.835245] INFO: Receive loop #4 received 16384 bytes in 0.111000ms
[2025-01-30 12:27:44.159479] INFO: Receive loop #5 received 16384 bytes in 0.029000ms
[2025-01-30 12:27:44.476920] INFO: Receive loop #6 received 16384 bytes in 0.029000ms
[2025-01-30 12:27:44.843280] INFO: Receive loop #7 received 16384 bytes in 0.029000ms
[2025-01-30 12:27:45.246229] INFO: Receive loop #8 received 16384 bytes in 0.253000ms
[2025-01-30 12:27:45.389210] INFO: Receive loop #9 received 16384 bytes in 0.031000ms
[2025-01-30 12:27:45.540677] INFO: Receive loop #10 received 16384 bytes in 0.031000ms
[2025-01-30 12:27:45.705466] INFO: Receive loop #11 received 16384 bytes in 0.030000ms
[2025-01-30 12:27:45.863928] INFO: Receive loop #12 received 7662 bytes in 0.019000ms
[2025-01-30 12:27:46.085714] INFO: Response received in 3719.445000ms
[2025-01-30 12:27:46.335945] INFO: File saved in 0.442000ms
[2025-01-30 12:27:46.547103] INFO: File saved to: /home/vc/kurotaka/objects/temp_22
[2025-01-30 12:27:46.871849] INFO: Execution permission granted to: /home/vc/kurotaka/objects/temp_22
[2025-01-30 12:27:47.184932] INFO: Executing command: /home/vc/kurotaka/objects/temp_22 27 32
[2025-01-30 12:27:49.511278] INFO: Command executed in 2165.242000ms
[2025-01-30 12:27:49.666102] INFO: Result saved to: /home/vc/kurotaka/results/result_22
[2025-01-30 12:27:49.856395] INFO: Second connection established in 0.275000ms
[2025-01-30 12:27:50.110703] INFO: Sending result upload request
[2025-01-30 12:27:50.308799] INFO: Second request sent in 0.029000ms
[2025-01-30 12:27:50.547063] INFO: Result uploaded in 0.061000ms
[2025-01-30 12:27:50.860786] INFO: Process completed successfully. Total execution time in 9300.665000ms

