
[2025-01-30 12:27:41.559359] INFO: Process started with ID: 10
[2025-01-30 12:27:41.667552] INFO: First connection established in 0.159000ms
[2025-01-30 12:27:41.779098] INFO: Sending request: GET /http_server/send-object.php?ID=10 HTTP/1.1
Host: 192.168.100.3
Connection: close


[2025-01-30 12:27:41.973851] INFO: First request sent in 0.032000ms
[2025-01-30 12:27:42.202264] INFO: Time from request to first response in 0.030000ms
[2025-01-30 12:27:42.420876] INFO: Received headers - MPI-Rank: 10, Group-ID: 1, Job-ID: 1, Sub-Job-ID: 11, Rank-Count: 32
[2025-01-30 12:27:42.625110] INFO: Receive loop #1 received 16384 bytes in 455.991000ms
[2025-01-30 12:27:42.884500] INFO: Receive loop #2 received 16384 bytes in 0.072000ms
[2025-01-30 12:27:43.270683] INFO: Receive loop #3 received 16384 bytes in 0.085000ms
[2025-01-30 12:27:43.581368] INFO: Receive loop #4 received 16384 bytes in 0.127000ms
[2025-01-30 12:27:43.917531] INFO: Receive loop #5 received 16384 bytes in 0.030000ms
[2025-01-30 12:27:44.254852] INFO: Receive loop #6 received 16384 bytes in 0.036000ms
[2025-01-30 12:27:44.843003] INFO: Receive loop #7 received 16384 bytes in 0.036000ms
[2025-01-30 12:27:45.202553] INFO: Receive loop #8 received 16384 bytes in 0.270000ms
[2025-01-30 12:27:45.320924] INFO: Receive loop #9 received 16384 bytes in 0.034000ms
[2025-01-30 12:27:45.444513] INFO: Receive loop #10 received 16384 bytes in 0.030000ms
[2025-01-30 12:27:45.625725] INFO: Receive loop #11 received 16384 bytes in 0.030000ms
[2025-01-30 12:27:45.798833] INFO: Receive loop #12 received 7662 bytes in 0.018000ms
[2025-01-30 12:27:45.986520] INFO: Response received in 3796.224000ms
[2025-01-30 12:27:46.211379] INFO: File saved in 0.572000ms
[2025-01-30 12:27:46.434585] INFO: File saved to: /home/vc/kurotaka/objects/temp_10
[2025-01-30 12:27:46.660327] INFO: Execution permission granted to: /home/vc/kurotaka/objects/temp_10
[2025-01-30 12:27:46.871790] INFO: Executing command: /home/vc/kurotaka/objects/temp_10 10 32
[2025-01-30 12:27:49.511181] INFO: Command executed in 2335.642000ms
[2025-01-30 12:27:49.710877] INFO: Result saved to: /home/vc/kurotaka/results/result_10
[2025-01-30 12:27:49.914017] INFO: Second connection established in 0.183000ms
[2025-01-30 12:27:50.110870] INFO: Sending result upload request
[2025-01-30 12:27:50.335958] INFO: Second request sent in 0.025000ms
[2025-01-30 12:27:50.619795] INFO: Result uploaded in 0.054000ms
[2025-01-30 12:27:50.893445] INFO: Process completed successfully. Total execution time in 9381.655000ms

