
[2025-01-30 12:27:41.480642] INFO: Process started with ID: 21
[2025-01-30 12:27:41.594497] INFO: First connection established in 0.193000ms
[2025-01-30 12:27:41.741709] INFO: Sending request: GET /http_server/send-object.php?ID=21 HTTP/1.1
Host: 192.168.100.3
Connection: close


[2025-01-30 12:27:41.897900] INFO: First request sent in 0.032000ms
[2025-01-30 12:27:42.082245] INFO: Time from request to first response in 0.006000ms
[2025-01-30 12:27:42.285074] INFO: Received headers - MPI-Rank: 6, Group-ID: 1, Job-ID: 1, Sub-Job-ID: 7, Rank-Count: 32
[2025-01-30 12:27:42.567931] INFO: Receive loop #1 received 16384 bytes in 412.092000ms
[2025-01-30 12:27:42.809129] INFO: Receive loop #2 received 16384 bytes in 0.061000ms
[2025-01-30 12:27:43.076577] INFO: Receive loop #3 received 16384 bytes in 0.075000ms
[2025-01-30 12:27:43.343420] INFO: Receive loop #4 received 16384 bytes in 0.114000ms
[2025-01-30 12:27:43.662082] INFO: Receive loop #5 received 16384 bytes in 0.029000ms
[2025-01-30 12:27:43.959818] INFO: Receive loop #6 received 16384 bytes in 0.030000ms
[2025-01-30 12:27:44.341054] INFO: Receive loop #7 received 16384 bytes in 0.035000ms
[2025-01-30 12:27:44.843094] INFO: Receive loop #8 received 16384 bytes in 0.280000ms
[2025-01-30 12:27:45.143785] INFO: Receive loop #9 received 16384 bytes in 0.029000ms
[2025-01-30 12:27:45.320901] INFO: Receive loop #10 received 16384 bytes in 0.030000ms
[2025-01-30 12:27:45.444530] INFO: Receive loop #11 received 16384 bytes in 0.029000ms
[2025-01-30 12:27:45.576004] INFO: Receive loop #12 received 7660 bytes in 0.023000ms
[2025-01-30 12:27:45.705722] INFO: Response received in 3653.794000ms
[2025-01-30 12:27:45.935179] INFO: File saved in 0.466000ms
[2025-01-30 12:27:46.140890] INFO: File saved to: /home/vc/kurotaka/objects/temp_21
[2025-01-30 12:27:46.359227] INFO: Execution permission granted to: /home/vc/kurotaka/objects/temp_21
[2025-01-30 12:27:46.630793] INFO: Executing command: /home/vc/kurotaka/objects/temp_21 6 32
[2025-01-30 12:27:49.577065] INFO: Command executed in 2640.910000ms
[2025-01-30 12:27:49.752718] INFO: Result saved to: /home/vc/kurotaka/results/result_21
[2025-01-30 12:27:49.942269] INFO: Second connection established in 0.246000ms
[2025-01-30 12:27:50.160920] INFO: Sending result upload request
[2025-01-30 12:27:50.335905] INFO: Second request sent in 0.025000ms
[2025-01-30 12:27:50.579511] INFO: Result uploaded in 0.051000ms
[2025-01-30 12:27:50.928259] INFO: Process completed successfully. Total execution time in 9414.045000ms

