
[2025-01-31 16:51:55.400938] INFO: Process started with ID: 41
[2025-01-31 16:51:55.865766] INFO: First connection established in 0.152000ms
[2025-01-31 16:51:56.380487] INFO: Sending request: GET /http_server/send-object.php?ID=41 HTTP/1.1
Host: 192.168.100.3
Connection: close


[2025-01-31 16:51:57.143442] INFO: First request sent in 0.034000ms
[2025-01-31 16:51:57.754072] INFO: Time from request to first response in 0.030000ms
[2025-01-31 16:51:57.991225] INFO: Received headers - MPI-Rank: 59, Group-ID: 1, Job-ID: 1, Sub-Job-ID: 60, Rank-Count: 64
[2025-01-31 16:51:58.222043] INFO: Receive loop #1 received 16384 bytes in 541.558000ms
[2025-01-31 16:51:58.559449] INFO: Receive loop #2 received 16384 bytes in 0.061000ms
[2025-01-31 16:51:58.975843] INFO: Receive loop #3 received 16384 bytes in 0.089000ms
[2025-01-31 16:51:59.503182] INFO: Receive loop #4 received 16384 bytes in 0.123000ms
[2025-01-31 16:52:00.317175] INFO: Receive loop #5 received 16384 bytes in 0.030000ms
[2025-01-31 16:52:01.037438] INFO: Receive loop #6 received 16384 bytes in 0.031000ms
[2025-01-31 16:52:01.353123] INFO: Receive loop #7 received 16384 bytes in 0.030000ms
[2025-01-31 16:52:01.680371] INFO: Receive loop #8 received 16384 bytes in 0.246000ms
[2025-01-31 16:52:02.122935] INFO: Receive loop #9 received 16384 bytes in 0.032000ms
[2025-01-31 16:52:02.623662] INFO: Receive loop #10 received 16384 bytes in 0.028000ms
[2025-01-31 16:52:03.258643] INFO: Receive loop #11 received 16384 bytes in 0.030000ms
[2025-01-31 16:52:04.060866] INFO: Receive loop #12 received 7662 bytes in 0.018000ms
[2025-01-31 16:52:04.483433] INFO: Response received in 6802.055000ms
[2025-01-31 16:52:04.828156] INFO: File saved in 0.432000ms
[2025-01-31 16:52:05.217247] INFO: File saved to: /home/vc/kurotaka/objects/temp_41
[2025-01-31 16:52:05.887259] INFO: Execution permission granted to: /home/vc/kurotaka/objects/temp_41
[2025-01-31 16:52:06.103256] INFO: Executing command: /home/vc/kurotaka/objects/temp_41 59 64 1
[2025-01-31 16:52:09.116065] INFO: Command executed in 2656.202000ms
[2025-01-31 16:52:09.620959] INFO: Result saved to: /home/vc/kurotaka/results/result_41
[2025-01-31 16:52:10.254797] INFO: Second connection established in 0.202000ms
[2025-01-31 16:52:11.128020] INFO: Sending result upload request
[2025-01-31 16:52:11.355144] INFO: Second request sent in 0.027000ms
[2025-01-31 16:52:11.671804] INFO: Result uploaded in 0.008000ms
[2025-01-31 16:52:11.944319] INFO: Process completed successfully. Total execution time in 17302.669000ms

