
[2025-01-23 15:04:16] Program started at 2025-01-23 15:04:16.000000
[2025-01-23 15:04:16] [getClientID] MySQL connection established. Execution time: 0.685 ms
[2025-01-23 15:04:16] [getClientID] SELECT table_name FROM table_registry WHERE id = :job_id / Execution time: 0.389 ms
[2025-01-23 15:04:16] [getClientID] SELECT client FROM `matrix` WHERE id = :sub_job_id / Execution time: 0.203 ms
[2025-01-23 15:04:16] getClientID completed. Execution time: 1.439 ms
[2025-01-23 15:04:16] Read file completed. Execution time: 0.010 ms
[2025-01-23 15:04:16] File saved successfully: uploads/job_1/group_1/result_34
[2025-01-23 15:04:16] [updateStatus] MySQL connection established. Execution time: 0.114 ms
[2025-01-23 15:04:16] [updateStatus] SELECT table_name FROM table_registry WHERE id = :job_id FOR UPDATE / Execution time: 0.217 ms
[2025-01-23 15:04:16] [updateStatus] UPDATE `matrix` SET status = :status WHERE id = :sub_job_id / Execution time: 0.231 ms
[2025-01-23 15:04:16] [updateStatus] SELECT COUNT_RECORDS FROM `matrix` / Execution time: 0.346 ms
[2025-01-23 15:04:16] [updateStatus] UPDATE table_registry SET status = :status WHERE id = :job_id / Execution time: 0.188 ms
[2025-01-23 15:04:16] updateStatus completed. Execution time: 97.023 ms
[2025-01-23 15:04:16] Write file completed. Execution time: 97.354 ms
[2025-01-23 15:04:16] [getGroupStatus] MySQL connection established. Execution time: 0.105 ms
[2025-01-23 15:04:16] [getGroupStatus] SELECT table_name FROM table_registry WHERE id = :job_id / Execution time: 0.306 ms
[2025-01-23 15:04:16] [getGroupStatus] SELECT status FROM `matrix` WHERE group_id = :group_id / Execution time: 0.456 ms
[2025-01-23 15:04:16] getGroupStatus completed. Execution time: 1.079 ms
[2025-01-23 15:04:16] Group 1 is not completed yet.
[2025-01-23 15:04:16] Program completed. Total execution time: 102.364 ms

