
[2025-01-23 15:04:15] Program started at 2025-01-23 15:04:15.000000
[2025-01-23 15:04:15] [getClientID] MySQL connection established. Execution time: 0.514 ms
[2025-01-23 15:04:15] [getClientID] SELECT table_name FROM table_registry WHERE id = :job_id / Execution time: 0.341 ms
[2025-01-23 15:04:15] [getClientID] SELECT client FROM `matrix` WHERE id = :sub_job_id / Execution time: 0.209 ms
[2025-01-23 15:04:15] getClientID completed. Execution time: 1.251 ms
[2025-01-23 15:04:15] Read file completed. Execution time: 0.014 ms
[2025-01-23 15:04:15] File saved successfully: uploads/job_1/group_1/result_63
[2025-01-23 15:04:15] [updateStatus] MySQL connection established. Execution time: 0.142 ms
[2025-01-23 15:04:15] [updateStatus] SELECT table_name FROM table_registry WHERE id = :job_id FOR UPDATE / Execution time: 2.290 ms
[2025-01-23 15:04:15] [updateStatus] UPDATE `matrix` SET status = :status WHERE id = :sub_job_id / Execution time: 0.302 ms
[2025-01-23 15:04:15] [updateStatus] SELECT COUNT_RECORDS FROM `matrix` / Execution time: 0.346 ms
[2025-01-23 15:04:15] [updateStatus] UPDATE table_registry SET status = :status WHERE id = :job_id / Execution time: 0.164 ms
[2025-01-23 15:04:15] updateStatus completed. Execution time: 98.751 ms
[2025-01-23 15:04:15] Write file completed. Execution time: 99.526 ms
[2025-01-23 15:04:15] [getGroupStatus] MySQL connection established. Execution time: 0.146 ms
[2025-01-23 15:04:15] [getGroupStatus] SELECT table_name FROM table_registry WHERE id = :job_id / Execution time: 0.269 ms
[2025-01-23 15:04:15] [getGroupStatus] SELECT status FROM `matrix` WHERE group_id = :group_id / Execution time: 0.346 ms
[2025-01-23 15:04:15] getGroupStatus completed. Execution time: 1.015 ms
[2025-01-23 15:04:15] Group 1 is not completed yet.
[2025-01-23 15:04:15] Program completed. Total execution time: 104.877 ms

