
[2025-01-31 17:53:51.881196] INFO: Process started with ID: 255
[2025-01-31 17:53:52.708987] INFO: First connection established in 0.175000ms
[2025-01-31 17:53:53.608577] INFO: Sending request: GET /http_server/send-object.php?ID=255 HTTP/1.1
Host: 192.168.100.3
Connection: close


[2025-01-31 17:53:54.828048] INFO: First request sent in 0.028000ms
[2025-01-31 17:53:56.511317] INFO: Time from request to first response in 0.037000ms
[2025-01-31 17:53:57.409283] INFO: Received headers - MPI-Rank: 157, Group-ID: 1, Job-ID: 1, Sub-Job-ID: 158, Rank-Count: 256
[2025-01-31 17:53:58.649931] INFO: Receive loop #1 received 16384 bytes in 2654.771000ms
[2025-01-31 17:54:00.224785] INFO: Receive loop #2 received 16384 bytes in 0.095000ms
[2025-01-31 17:54:02.067586] INFO: Receive loop #3 received 16384 bytes in 0.104000ms
[2025-01-31 17:54:03.828321] INFO: Receive loop #4 received 16384 bytes in 0.140000ms
[2025-01-31 17:54:05.538697] INFO: Receive loop #5 received 16384 bytes in 0.039000ms
[2025-01-31 17:54:07.551515] INFO: Receive loop #6 received 16384 bytes in 0.040000ms
[2025-01-31 17:54:09.127051] INFO: Receive loop #7 received 16384 bytes in 0.039000ms
[2025-01-31 17:54:11.167568] INFO: Receive loop #8 received 16384 bytes in 0.263000ms
[2025-01-31 17:54:12.060219] INFO: Receive loop #9 received 16384 bytes in 0.032000ms
[2025-01-31 17:54:13.128774] INFO: Receive loop #10 received 16384 bytes in 0.005000ms
[2025-01-31 17:54:14.222383] INFO: Receive loop #11 received 16384 bytes in 0.040000ms
[2025-01-31 17:54:16.214253] INFO: Receive loop #12 received 7665 bytes in 0.019000ms
[2025-01-31 17:54:17.411966] INFO: Response received in 21405.652000ms
[2025-01-31 17:54:18.448267] INFO: File saved in 0.538000ms
[2025-01-31 17:54:19.354816] INFO: File saved to: /home/vc/kurotaka/objects/temp_255
[2025-01-31 17:54:21.176103] INFO: Execution permission granted to: /home/vc/kurotaka/objects/temp_255
[2025-01-31 17:54:22.222826] INFO: Executing command: /home/vc/kurotaka/objects/temp_255 157 256 1
[2025-01-31 17:54:30.842054] INFO: Command executed in 7605.341000ms
[2025-01-31 17:54:33.227537] INFO: Result saved to: /home/vc/kurotaka/results/result_255
[2025-01-31 17:54:35.419018] INFO: Second connection established in 0.246000ms
[2025-01-31 17:54:38.134044] INFO: Sending result upload request
[2025-01-31 17:54:39.753571] INFO: Second request sent in 0.020000ms
[2025-01-31 17:54:41.231586] INFO: Result uploaded in 0.047000ms
[2025-01-31 17:54:42.933000] INFO: Process completed successfully. Total execution time in 55863.821000ms

