
[2025-01-31 17:53:51.104338] INFO: Process started with ID: 121
[2025-01-31 17:53:52.034712] INFO: First connection established in 0.176000ms
[2025-01-31 17:53:52.851191] INFO: Sending request: GET /http_server/send-object.php?ID=121 HTTP/1.1
Host: 192.168.100.3
Connection: close


[2025-01-31 17:53:54.053066] INFO: First request sent in 0.033000ms
[2025-01-31 17:53:55.144774] INFO: Time from request to first response in 0.030000ms
[2025-01-31 17:53:56.764270] INFO: Received headers - MPI-Rank: 149, Group-ID: 1, Job-ID: 1, Sub-Job-ID: 150, Rank-Count: 256
[2025-01-31 17:53:58.001890] INFO: Receive loop #1 received 16384 bytes in 2636.093000ms
[2025-01-31 17:53:59.119327] INFO: Receive loop #2 received 16384 bytes in 0.011000ms
[2025-01-31 17:54:00.750611] INFO: Receive loop #3 received 16384 bytes in 0.077000ms
[2025-01-31 17:54:02.778799] INFO: Receive loop #4 received 16384 bytes in 0.113000ms
[2025-01-31 17:54:04.689466] INFO: Receive loop #5 received 16384 bytes in 0.030000ms
[2025-01-31 17:54:06.342923] INFO: Receive loop #6 received 16384 bytes in 0.031000ms
[2025-01-31 17:54:08.180858] INFO: Receive loop #7 received 16384 bytes in 0.030000ms
[2025-01-31 17:54:10.202102] INFO: Receive loop #8 received 16384 bytes in 0.256000ms
[2025-01-31 17:54:11.892866] INFO: Receive loop #9 received 16384 bytes in 0.032000ms
[2025-01-31 17:54:13.075387] INFO: Receive loop #10 received 16384 bytes in 0.039000ms
[2025-01-31 17:54:14.531330] INFO: Receive loop #11 received 16384 bytes in 0.029000ms
[2025-01-31 17:54:16.143509] INFO: Receive loop #12 received 7665 bytes in 0.020000ms
[2025-01-31 17:54:17.367870] INFO: Response received in 22197.330000ms
[2025-01-31 17:54:18.472569] INFO: File saved in 0.130000ms
[2025-01-31 17:54:19.354398] INFO: File saved to: /home/vc/kurotaka/objects/temp_121
[2025-01-31 17:54:21.282419] INFO: Execution permission granted to: /home/vc/kurotaka/objects/temp_121
[2025-01-31 17:54:22.222751] INFO: Executing command: /home/vc/kurotaka/objects/temp_121 149 256 1
[2025-01-31 17:54:32.286099] INFO: Command executed in 8830.278000ms
[2025-01-31 17:54:34.704022] INFO: Result saved to: /home/vc/kurotaka/results/result_121
[2025-01-31 17:54:36.697243] INFO: Second connection established in 0.189000ms
[2025-01-31 17:54:38.874455] INFO: Sending result upload request
[2025-01-31 17:54:40.560884] INFO: Second request sent in 0.026000ms
[2025-01-31 17:54:42.126004] INFO: Result uploaded in 0.055000ms
[2025-01-31 17:54:43.649876] INFO: Process completed successfully. Total execution time in 56564.658000ms

