
[2025-01-31 17:53:55.907797] INFO: Process started with ID: 13
[2025-01-31 17:53:57.209955] INFO: First connection established in 0.204000ms
[2025-01-31 17:53:58.480970] INFO: Sending request: GET /http_server/send-object.php?ID=13 HTTP/1.1
Host: 192.168.100.3
Connection: close


[2025-01-31 17:54:00.052992] INFO: First request sent in 0.018000ms
[2025-01-31 17:54:01.698774] INFO: Time from request to first response in 0.040000ms
[2025-01-31 17:54:03.489239] INFO: Received headers - MPI-Rank: 207, Group-ID: 1, Job-ID: 1, Sub-Job-ID: 208, Rank-Count: 256
[2025-01-31 17:54:05.288683] INFO: Receive loop #1 received 16384 bytes in 3804.544000ms
[2025-01-31 17:54:07.188618] INFO: Receive loop #2 received 16384 bytes in 0.045000ms
[2025-01-31 17:54:08.787381] INFO: Receive loop #3 received 16384 bytes in 0.030000ms
[2025-01-31 17:54:10.809800] INFO: Receive loop #4 received 16384 bytes in 0.106000ms
[2025-01-31 17:54:11.894678] INFO: Receive loop #5 received 16384 bytes in 0.029000ms
[2025-01-31 17:54:12.967183] INFO: Receive loop #6 received 16384 bytes in 0.029000ms
[2025-01-31 17:54:14.222143] INFO: Receive loop #7 received 16384 bytes in 0.030000ms
[2025-01-31 17:54:16.214615] INFO: Receive loop #8 received 16384 bytes in 0.266000ms
[2025-01-31 17:54:17.412078] INFO: Receive loop #9 received 16384 bytes in 0.035000ms
[2025-01-31 17:54:18.448262] INFO: Receive loop #10 received 16384 bytes in 0.005000ms
[2025-01-31 17:54:19.354792] INFO: Receive loop #11 received 16384 bytes in 0.037000ms
[2025-01-31 17:54:20.612889] INFO: Receive loop #12 received 7665 bytes in 0.020000ms
[2025-01-31 17:54:21.802180] INFO: Response received in 19949.827000ms
[2025-01-31 17:54:22.462342] INFO: File saved in 0.097000ms
[2025-01-31 17:54:23.243608] INFO: File saved to: /home/vc/kurotaka/objects/temp_13
[2025-01-31 17:54:24.154569] INFO: Execution permission granted to: /home/vc/kurotaka/objects/temp_13
[2025-01-31 17:54:24.657992] INFO: Executing command: /home/vc/kurotaka/objects/temp_13 207 256 1
[2025-01-31 17:54:32.955629] INFO: Command executed in 7464.691000ms
[2025-01-31 17:54:35.156606] INFO: Result saved to: /home/vc/kurotaka/results/result_13
[2025-01-31 17:54:38.008142] INFO: Second connection established in 0.190000ms
[2025-01-31 17:54:39.467339] INFO: Sending result upload request
[2025-01-31 17:54:41.073993] INFO: Second request sent in 0.006000ms
[2025-01-31 17:54:42.806876] INFO: Result uploaded in 0.053000ms
[2025-01-31 17:54:44.555373] INFO: Process completed successfully. Total execution time in 57138.984000ms

