
[2025-01-31 17:53:52.760482] INFO: Process started with ID: 143
[2025-01-31 17:53:53.778322] INFO: First connection established in 0.329000ms
[2025-01-31 17:53:54.992337] INFO: Sending request: GET /http_server/send-object.php?ID=143 HTTP/1.1
Host: 192.168.100.3
Connection: close


[2025-01-31 17:53:56.632902] INFO: First request sent in 0.035000ms
[2025-01-31 17:53:57.628121] INFO: Time from request to first response in 0.030000ms
[2025-01-31 17:53:58.825189] INFO: Received headers - MPI-Rank: 172, Group-ID: 1, Job-ID: 1, Sub-Job-ID: 173, Rank-Count: 256
[2025-01-31 17:54:00.427195] INFO: Receive loop #1 received 16384 bytes in 2880.375000ms
[2025-01-31 17:54:02.534605] INFO: Receive loop #2 received 16384 bytes in 0.062000ms
[2025-01-31 17:54:04.189533] INFO: Receive loop #3 received 16384 bytes in 0.078000ms
[2025-01-31 17:54:05.959648] INFO: Receive loop #4 received 16384 bytes in 0.109000ms
[2025-01-31 17:54:07.850385] INFO: Receive loop #5 received 16384 bytes in 0.029000ms
[2025-01-31 17:54:09.855723] INFO: Receive loop #6 received 16384 bytes in 0.051000ms
[2025-01-31 17:54:11.472777] INFO: Receive loop #7 received 16384 bytes in 0.037000ms
[2025-01-31 17:54:12.649784] INFO: Receive loop #8 received 16384 bytes in 0.258000ms
[2025-01-31 17:54:14.000636] INFO: Receive loop #9 received 16384 bytes in 0.012000ms
[2025-01-31 17:54:16.020093] INFO: Receive loop #10 received 16384 bytes in 0.030000ms
[2025-01-31 17:54:17.411062] INFO: Receive loop #11 received 16384 bytes in 0.036000ms
[2025-01-31 17:54:18.493451] INFO: Receive loop #12 received 7665 bytes in 0.003000ms
[2025-01-31 17:54:19.477452] INFO: Response received in 21826.346000ms
[2025-01-31 17:54:20.612018] INFO: File saved in 0.303000ms
[2025-01-31 17:54:21.687107] INFO: File saved to: /home/vc/kurotaka/objects/temp_143
[2025-01-31 17:54:22.930401] INFO: Execution permission granted to: /home/vc/kurotaka/objects/temp_143
[2025-01-31 17:54:23.581197] INFO: Executing command: /home/vc/kurotaka/objects/temp_143 172 256 1
[2025-01-31 17:54:31.781292] INFO: Command executed in 6884.346000ms
[2025-01-31 17:54:34.329444] INFO: Result saved to: /home/vc/kurotaka/results/result_143
[2025-01-31 17:54:36.294021] INFO: Second connection established in 0.271000ms
[2025-01-31 17:54:38.654766] INFO: Sending result upload request
[2025-01-31 17:54:40.399679] INFO: Second request sent in 0.025000ms
[2025-01-31 17:54:41.887088] INFO: Result uploaded in 0.053000ms
[2025-01-31 17:54:43.488440] INFO: Process completed successfully. Total execution time in 56357.953000ms

