
[2025-01-31 17:53:56.794543] INFO: Process started with ID: 127
[2025-01-31 17:53:58.028077] INFO: First connection established in 0.256000ms
[2025-01-31 17:53:59.138130] INFO: Sending request: GET /http_server/send-object.php?ID=127 HTTP/1.1
Host: 192.168.100.3
Connection: close


[2025-01-31 17:54:00.832546] INFO: First request sent in 0.040000ms
[2025-01-31 17:54:02.814414] INFO: Time from request to first response in 0.030000ms
[2025-01-31 17:54:04.722826] INFO: Received headers - MPI-Rank: 212, Group-ID: 1, Job-ID: 1, Sub-Job-ID: 213, Rank-Count: 256
[2025-01-31 17:54:06.375927] INFO: Receive loop #1 received 16384 bytes in 3450.770000ms
[2025-01-31 17:54:08.181060] INFO: Receive loop #2 received 16384 bytes in 0.062000ms
[2025-01-31 17:54:10.202214] INFO: Receive loop #3 received 16384 bytes in 0.082000ms
[2025-01-31 17:54:11.893066] INFO: Receive loop #4 received 16384 bytes in 0.115000ms
[2025-01-31 17:54:13.075429] INFO: Receive loop #5 received 16384 bytes in 0.037000ms
[2025-01-31 17:54:14.531533] INFO: Receive loop #6 received 16384 bytes in 0.030000ms
[2025-01-31 17:54:16.165275] INFO: Receive loop #7 received 16384 bytes in 0.102000ms
[2025-01-31 17:54:17.411079] INFO: Receive loop #8 received 16384 bytes in 0.355000ms
[2025-01-31 17:54:18.519714] INFO: Receive loop #9 received 16384 bytes in 0.008000ms
[2025-01-31 17:54:19.385255] INFO: Receive loop #10 received 16384 bytes in 0.029000ms
[2025-01-31 17:54:20.528219] INFO: Receive loop #11 received 16384 bytes in 0.033000ms
[2025-01-31 17:54:21.223014] INFO: Receive loop #12 received 7665 bytes in 0.016000ms
[2025-01-31 17:54:22.190028] INFO: Response received in 19775.247000ms
[2025-01-31 17:54:22.984825] INFO: File saved in 0.095000ms
[2025-01-31 17:54:23.486100] INFO: File saved to: /home/vc/kurotaka/objects/temp_127
[2025-01-31 17:54:24.570275] INFO: Execution permission granted to: /home/vc/kurotaka/objects/temp_127
[2025-01-31 17:54:25.736225] INFO: Executing command: /home/vc/kurotaka/objects/temp_127 212 256 1
[2025-01-31 17:54:32.095506] INFO: Command executed in 5179.558000ms
[2025-01-31 17:54:34.438158] INFO: Result saved to: /home/vc/kurotaka/results/result_127
[2025-01-31 17:54:36.294076] INFO: Second connection established in 0.266000ms
[2025-01-31 17:54:38.654604] INFO: Sending result upload request
[2025-01-31 17:54:40.429047] INFO: Second request sent in 0.008000ms
[2025-01-31 17:54:41.887280] INFO: Result uploaded in 0.054000ms
[2025-01-31 17:54:43.461153] INFO: Process completed successfully. Total execution time in 56360.337000ms

