
[2025-01-31 17:53:48.895314] INFO: Process started with ID: 170
[2025-01-31 17:53:49.474897] INFO: First connection established in 0.263000ms
[2025-01-31 17:53:50.267611] INFO: Sending request: GET /http_server/send-object.php?ID=170 HTTP/1.1
Host: 192.168.100.3
Connection: close


[2025-01-31 17:53:51.050018] INFO: First request sent in 0.038000ms
[2025-01-31 17:53:51.978551] INFO: Time from request to first response in 0.035000ms
[2025-01-31 17:53:52.798070] INFO: Received headers - MPI-Rank: 108, Group-ID: 1, Job-ID: 1, Sub-Job-ID: 109, Rank-Count: 256
[2025-01-31 17:53:53.851443] INFO: Receive loop #1 received 16384 bytes in 1716.382000ms
[2025-01-31 17:53:54.992596] INFO: Receive loop #2 received 16384 bytes in 0.060000ms
[2025-01-31 17:53:56.633223] INFO: Receive loop #3 received 16384 bytes in 0.081000ms
[2025-01-31 17:53:57.648926] INFO: Receive loop #4 received 16384 bytes in 0.111000ms
[2025-01-31 17:53:58.925529] INFO: Receive loop #5 received 16384 bytes in 0.036000ms
[2025-01-31 17:54:00.476519] INFO: Receive loop #6 received 16384 bytes in 0.032000ms
[2025-01-31 17:54:02.622376] INFO: Receive loop #7 received 16384 bytes in 0.029000ms
[2025-01-31 17:54:04.305086] INFO: Receive loop #8 received 16384 bytes in 0.248000ms
[2025-01-31 17:54:05.989711] INFO: Receive loop #9 received 16384 bytes in 0.029000ms
[2025-01-31 17:54:07.907392] INFO: Receive loop #10 received 16384 bytes in 0.028000ms
[2025-01-31 17:54:10.011735] INFO: Receive loop #11 received 16384 bytes in 0.029000ms
[2025-01-31 17:54:11.493925] INFO: Receive loop #12 received 7665 bytes in 0.005000ms
[2025-01-31 17:54:12.648852] INFO: Response received in 20267.977000ms
[2025-01-31 17:54:14.000282] INFO: File saved in 0.118000ms
[2025-01-31 17:54:16.020040] INFO: File saved to: /home/vc/kurotaka/objects/temp_170
[2025-01-31 17:54:18.094683] INFO: Execution permission granted to: /home/vc/kurotaka/objects/temp_170
[2025-01-31 17:54:19.048755] INFO: Executing command: /home/vc/kurotaka/objects/temp_170 108 256 1
[2025-01-31 17:54:32.681797] INFO: Command executed in 12810.449000ms
[2025-01-31 17:54:34.995622] INFO: Result saved to: /home/vc/kurotaka/results/result_170
[2025-01-31 17:54:37.840028] INFO: Second connection established in 0.213000ms
[2025-01-31 17:54:39.353376] INFO: Sending result upload request
[2025-01-31 17:54:40.946338] INFO: Second request sent in 0.025000ms
[2025-01-31 17:54:42.695102] INFO: Result uploaded in 0.053000ms
[2025-01-31 17:54:44.302474] INFO: Process completed successfully. Total execution time in 56937.408000ms

