
[2025-01-31 16:31:37.210024] INFO: Process started with ID: 216
[2025-01-31 16:31:38.415730] INFO: First connection established in 0.245000ms
[2025-01-31 16:31:39.943874] INFO: Sending request: GET /http_server/send-object.php?ID=216 HTTP/1.1
Host: 192.168.100.3
Connection: close


[2025-01-31 16:31:41.390670] INFO: First request sent in 0.034000ms
[2025-01-31 16:31:42.853319] INFO: Time from request to first response in 0.032000ms
[2025-01-31 16:31:44.551204] INFO: Received headers - MPI-Rank: 222, Group-ID: 1, Job-ID: 1, Sub-Job-ID: 223, Rank-Count: 256
[2025-01-31 16:31:46.820249] INFO: Receive loop #1 received 16384 bytes in 3444.166000ms
[2025-01-31 16:31:48.737617] INFO: Receive loop #2 received 16384 bytes in 0.059000ms
[2025-01-31 16:31:50.599615] INFO: Receive loop #3 received 16384 bytes in 0.021000ms
[2025-01-31 16:31:52.359354] INFO: Receive loop #4 received 16384 bytes in 0.071000ms
[2025-01-31 16:31:53.700489] INFO: Receive loop #5 received 16384 bytes in 0.029000ms
[2025-01-31 16:31:54.866804] INFO: Receive loop #6 received 16384 bytes in 0.007000ms
[2025-01-31 16:31:55.873348] INFO: Receive loop #7 received 16384 bytes in 0.037000ms
[2025-01-31 16:31:56.928493] INFO: Receive loop #8 received 16384 bytes in 0.257000ms
[2025-01-31 16:31:58.311916] INFO: Receive loop #9 received 16384 bytes in 0.031000ms
[2025-01-31 16:31:59.042164] INFO: Receive loop #10 received 16384 bytes in 0.029000ms
[2025-01-31 16:32:00.251976] INFO: Receive loop #11 received 16384 bytes in 0.005000ms
[2025-01-31 16:32:01.664575] INFO: Receive loop #12 received 7665 bytes in 0.019000ms
[2025-01-31 16:32:02.793923] INFO: Response received in 19568.562000ms
[2025-01-31 16:32:03.853385] INFO: File saved in 0.101000ms
[2025-01-31 16:32:04.524917] INFO: File saved to: /home/vc/kurotaka/objects/temp_216
[2025-01-31 16:32:05.229848] INFO: Execution permission granted to: /home/vc/kurotaka/objects/temp_216
[2025-01-31 16:32:05.933272] INFO: Executing command: /home/vc/kurotaka/objects/temp_216 222 256 1
[2025-01-31 16:32:10.940326] INFO: Command executed in 3882.237000ms
[2025-01-31 16:32:13.126755] INFO: Result saved to: /home/vc/kurotaka/results/result_216
[2025-01-31 16:32:15.557631] INFO: Second connection established in 0.196000ms
[2025-01-31 16:32:17.072825] INFO: Sending result upload request
[2025-01-31 16:32:18.973469] INFO: Second request sent in 0.029000ms
[2025-01-31 16:32:20.596189] INFO: Result uploaded in 0.053000ms
[2025-01-31 16:32:22.356945] INFO: Process completed successfully. Total execution time in 55324.181000ms

