
[2025-01-31 16:31:31.716728] INFO: Process started with ID: 197
[2025-01-31 16:31:32.756983] INFO: First connection established in 0.158000ms
[2025-01-31 16:31:33.766365] INFO: Sending request: GET /http_server/send-object.php?ID=197 HTTP/1.1
Host: 192.168.100.3
Connection: close


[2025-01-31 16:31:34.971209] INFO: First request sent in 0.036000ms
[2025-01-31 16:31:35.892539] INFO: Time from request to first response in 0.031000ms
[2025-01-31 16:31:36.980888] INFO: Received headers - MPI-Rank: 157, Group-ID: 1, Job-ID: 1, Sub-Job-ID: 158, Rank-Count: 256
[2025-01-31 16:31:38.180449] INFO: Receive loop #1 received 16384 bytes in 2196.902000ms
[2025-01-31 16:31:39.645352] INFO: Receive loop #2 received 16384 bytes in 0.059000ms
[2025-01-31 16:31:41.036087] INFO: Receive loop #3 received 16384 bytes in 0.077000ms
[2025-01-31 16:31:42.549193] INFO: Receive loop #4 received 16384 bytes in 0.116000ms
[2025-01-31 16:31:44.207394] INFO: Receive loop #5 received 16384 bytes in 0.029000ms
[2025-01-31 16:31:46.201164] INFO: Receive loop #6 received 16384 bytes in 0.029000ms
[2025-01-31 16:31:48.022380] INFO: Receive loop #7 received 16384 bytes in 0.035000ms
[2025-01-31 16:31:50.094746] INFO: Receive loop #8 received 16384 bytes in 0.263000ms
[2025-01-31 16:31:51.790506] INFO: Receive loop #9 received 16384 bytes in 0.028000ms
[2025-01-31 16:31:52.999127] INFO: Receive loop #10 received 16384 bytes in 0.036000ms
[2025-01-31 16:31:54.867437] INFO: Receive loop #11 received 16384 bytes in 0.014000ms
[2025-01-31 16:31:55.948779] INFO: Receive loop #12 received 7665 bytes in 0.003000ms
[2025-01-31 16:31:56.990017] INFO: Response received in 20861.762000ms
[2025-01-31 16:31:58.266288] INFO: File saved in 0.504000ms
[2025-01-31 16:31:59.029452] INFO: File saved to: /home/vc/kurotaka/objects/temp_197
[2025-01-31 16:32:00.693683] INFO: Execution permission granted to: /home/vc/kurotaka/objects/temp_197
[2025-01-31 16:32:01.855490] INFO: Executing command: /home/vc/kurotaka/objects/temp_197 157 256 1
[2025-01-31 16:32:09.545199] INFO: Command executed in 6990.398000ms
[2025-01-31 16:32:10.832157] INFO: Result saved to: /home/vc/kurotaka/results/result_197
[2025-01-31 16:32:12.941020] INFO: Second connection established in 0.164000ms
[2025-01-31 16:32:15.402102] INFO: Sending result upload request
[2025-01-31 16:32:16.949486] INFO: Second request sent in 0.025000ms
[2025-01-31 16:32:18.586426] INFO: Result uploaded in 0.051000ms
[2025-01-31 16:32:20.337883] INFO: Process completed successfully. Total execution time in 53282.913000ms

