
[2025-01-23 15:05:44.094386] INFO: Process started with ID: 150
[2025-01-23 15:05:44.862030] INFO: First connection established in 0.214000ms
[2025-01-23 15:05:45.798148] INFO: Sending request: GET /http_server/send-object.php?ID=150 HTTP/1.1
Host: 192.168.100.3
Connection: close


[2025-01-23 15:05:46.706683] INFO: First request sent in 0.034000ms
[2025-01-23 15:05:48.670202] INFO: Time from request to first response:0.031000ms
[2025-01-23 15:05:50.009060] INFO: Received headers - MPI-Rank: 132, Group-ID: 1, Job-ID: 1, Sub-Job-ID: 133, Rank-Count: 256
[2025-01-23 15:05:52.241975] INFO: Receive loop #1 received 16384 bytes in 3429.361000ms
[2025-01-23 15:05:53.714595] INFO: Receive loop #2 received 16384 bytes in 0.059000ms
[2025-01-23 15:05:55.654641] INFO: Receive loop #3 received 16384 bytes in 0.140000ms
[2025-01-23 15:05:57.887218] INFO: Receive loop #4 received 16384 bytes in 0.115000ms
[2025-01-23 15:05:59.431479] INFO: Receive loop #5 received 16384 bytes in 0.028000ms
[2025-01-23 15:06:01.002956] INFO: Receive loop #6 received 16384 bytes in 0.029000ms
[2025-01-23 15:06:03.149815] INFO: Receive loop #7 received 16384 bytes in 0.030000ms
[2025-01-23 15:06:05.344688] INFO: Receive loop #8 received 16384 bytes in 0.241000ms
[2025-01-23 15:06:07.056325] INFO: Receive loop #9 received 16384 bytes in 0.030000ms
[2025-01-23 15:06:09.368194] INFO: Receive loop #10 received 16384 bytes in 0.028000ms
[2025-01-23 15:06:11.342605] INFO: Receive loop #11 received 16384 bytes in 0.034000ms
[2025-01-23 15:06:13.481674] INFO: Receive loop #12 received 7665 bytes in 0.019000ms
[2025-01-23 15:06:15.430770] INFO: Response received in 26438.612000ms
[2025-01-23 15:06:16.743355] INFO: File saved in 0.253000ms
[2025-01-23 15:06:19.023743] INFO: File saved to: /home/vc/kurotaka/objects/temp_150
[2025-01-23 15:06:21.430679] INFO: Execution permission granted to: /home/vc/kurotaka/objects/temp_150
[2025-01-23 15:06:22.741324] INFO: Executing command: /home/vc/kurotaka/objects/temp_150 132 256
[2025-01-23 15:06:36.721252] INFO: Command executed in 13115.794000ms
[2025-01-23 15:06:38.800863] INFO: Result saved to: /home/vc/kurotaka/results/result_150
[2025-01-23 15:06:40.562030] INFO: Second connection established in 0.274000ms
[2025-01-23 15:06:42.605444] INFO: Sending result upload request
[2025-01-23 15:06:44.669909] INFO: Second request sent in 0.026000ms
[2025-01-23 15:06:46.157910] INFO: Result uploaded in 0.055000ms
[2025-01-23 15:06:47.696722] INFO: Process completed successfully. Total execution time: 1m 8173.856000ms

