
[2025-01-23 15:05:39.381741] INFO: Process started with ID: 117
[2025-01-23 15:05:39.758908] INFO: First connection established in 0.213000ms
[2025-01-23 15:05:40.273683] INFO: Sending request: GET /http_server/send-object.php?ID=117 HTTP/1.1
Host: 192.168.100.3
Connection: close


[2025-01-23 15:05:41.248568] INFO: First request sent in 0.030000ms
[2025-01-23 15:05:41.934115] INFO: Time from request to first response:0.030000ms
[2025-01-23 15:05:42.605010] INFO: Received headers - MPI-Rank: 46, Group-ID: 1, Job-ID: 1, Sub-Job-ID: 47, Rank-Count: 256
[2025-01-23 15:05:44.054235] INFO: Receive loop #1 received 16384 bytes in 1782.267000ms
[2025-01-23 15:05:44.705596] INFO: Receive loop #2 received 16384 bytes in 0.067000ms
[2025-01-23 15:05:45.633402] INFO: Receive loop #3 received 16384 bytes in 0.078000ms
[2025-01-23 15:05:46.459839] INFO: Receive loop #4 received 16384 bytes in 0.108000ms
[2025-01-23 15:05:48.066783] INFO: Receive loop #5 received 16384 bytes in 0.028000ms
[2025-01-23 15:05:49.634987] INFO: Receive loop #6 received 16384 bytes in 0.030000ms
[2025-01-23 15:05:51.592444] INFO: Receive loop #7 received 16384 bytes in 0.029000ms
[2025-01-23 15:05:53.337730] INFO: Receive loop #8 received 16384 bytes in 0.239000ms
[2025-01-23 15:05:55.504964] INFO: Receive loop #9 received 16384 bytes in 0.036000ms
[2025-01-23 15:05:57.435993] INFO: Receive loop #10 received 16384 bytes in 0.029000ms
[2025-01-23 15:05:59.229230] INFO: Receive loop #11 received 16384 bytes in 0.034000ms
[2025-01-23 15:06:00.921678] INFO: Receive loop #12 received 7663 bytes in 0.008000ms
[2025-01-23 15:06:03.149885] INFO: Response received in 20850.389000ms
[2025-01-23 15:06:05.527394] INFO: File saved in 0.455000ms
[2025-01-23 15:06:07.056352] INFO: File saved to: /home/vc/kurotaka/objects/temp_117
[2025-01-23 15:06:08.981361] INFO: Execution permission granted to: /home/vc/kurotaka/objects/temp_117
[2025-01-23 15:06:11.201513] INFO: Executing command: /home/vc/kurotaka/objects/temp_117 46 256
[2025-01-23 15:06:39.411909] INFO: Command executed in 26752.421000ms
[2025-01-23 15:06:41.051770] INFO: Result saved to: /home/vc/kurotaka/results/result_117
[2025-01-23 15:06:43.071164] INFO: Second connection established in 0.174000ms
[2025-01-23 15:06:45.408930] INFO: Sending result upload request
[2025-01-23 15:06:46.431407] INFO: Second request sent in 0.019000ms
[2025-01-23 15:06:48.266229] INFO: Result uploaded in 0.041000ms
[2025-01-23 15:06:50.085655] INFO: Process completed successfully. Total execution time: 1m 10319.623000ms

