
[2025-01-23 15:05:39.122751] INFO: Process started with ID: 169
[2025-01-23 15:05:39.298895] INFO: First connection established in 0.263000ms
[2025-01-23 15:05:39.545835] INFO: Sending request: GET /http_server/send-object.php?ID=169 HTTP/1.1
Host: 192.168.100.3
Connection: close


[2025-01-23 15:05:39.958191] INFO: First request sent in 0.032000ms
[2025-01-23 15:05:40.594941] INFO: Time from request to first response:0.032000ms
[2025-01-23 15:05:41.573100] INFO: Received headers - MPI-Rank: 20, Group-ID: 1, Job-ID: 1, Sub-Job-ID: 21, Rank-Count: 256
[2025-01-23 15:05:42.082513] INFO: Receive loop #1 received 16384 bytes in 1604.977000ms
[2025-01-23 15:05:42.863513] INFO: Receive loop #2 received 16384 bytes in 0.070000ms
[2025-01-23 15:05:44.094471] INFO: Receive loop #3 received 16384 bytes in 0.108000ms
[2025-01-23 15:05:44.862014] INFO: Receive loop #4 received 16384 bytes in 0.110000ms
[2025-01-23 15:05:45.798406] INFO: Receive loop #5 received 16384 bytes in 0.029000ms
[2025-01-23 15:05:46.754739] INFO: Receive loop #6 received 16384 bytes in 0.029000ms
[2025-01-23 15:05:48.766980] INFO: Receive loop #7 received 16384 bytes in 0.029000ms
[2025-01-23 15:05:50.062397] INFO: Receive loop #8 received 16384 bytes in 0.259000ms
[2025-01-23 15:05:52.241969] INFO: Receive loop #9 received 16384 bytes in 0.028000ms
[2025-01-23 15:05:53.631642] INFO: Receive loop #10 received 16384 bytes in 0.031000ms
[2025-01-23 15:05:55.616299] INFO: Receive loop #11 received 16384 bytes in 0.030000ms
[2025-01-23 15:05:57.791914] INFO: Receive loop #12 received 7663 bytes in 0.018000ms
[2025-01-23 15:05:59.397374] INFO: Response received in 18446.324000ms
[2025-01-23 15:06:00.922179] INFO: File saved in 0.460000ms
[2025-01-23 15:06:03.064493] INFO: File saved to: /home/vc/kurotaka/objects/temp_169
[2025-01-23 15:06:05.248996] INFO: Execution permission granted to: /home/vc/kurotaka/objects/temp_169
[2025-01-23 15:06:06.899297] INFO: Executing command: /home/vc/kurotaka/objects/temp_169 20 256
[2025-01-23 15:06:36.075518] INFO: Command executed in 27318.458000ms
[2025-01-23 15:06:37.777187] INFO: Result saved to: /home/vc/kurotaka/results/result_169
[2025-01-23 15:06:39.905903] INFO: Second connection established in 0.223000ms
[2025-01-23 15:06:41.980301] INFO: Sending result upload request
[2025-01-23 15:06:43.787367] INFO: Second request sent in 0.030000ms
[2025-01-23 15:06:45.776783] INFO: Result uploaded in 0.055000ms
[2025-01-23 15:06:46.849758] INFO: Process completed successfully. Total execution time: 1m 7380.151000ms

