
[2025-01-23 15:05:43.755732] INFO: Process started with ID: 123
[2025-01-23 15:05:44.571434] INFO: First connection established in 0.186000ms
[2025-01-23 15:05:45.489839] INFO: Sending request: GET /http_server/send-object.php?ID=123 HTTP/1.1
Host: 192.168.100.3
Connection: close


[2025-01-23 15:05:46.284352] INFO: First request sent in 0.035000ms
[2025-01-23 15:05:47.932001] INFO: Time from request to first response:0.038000ms
[2025-01-23 15:05:49.529814] INFO: Received headers - MPI-Rank: 126, Group-ID: 1, Job-ID: 1, Sub-Job-ID: 127, Rank-Count: 256
[2025-01-23 15:05:51.498809] INFO: Receive loop #1 received 16384 bytes in 3356.623000ms
[2025-01-23 15:05:53.075926] INFO: Receive loop #2 received 16384 bytes in 0.085000ms
[2025-01-23 15:05:55.384121] INFO: Receive loop #3 received 16384 bytes in 0.095000ms
[2025-01-23 15:05:57.136136] INFO: Receive loop #4 received 16384 bytes in 0.112000ms
[2025-01-23 15:05:59.003389] INFO: Receive loop #5 received 16384 bytes in 0.029000ms
[2025-01-23 15:06:00.625894] INFO: Receive loop #6 received 16384 bytes in 0.067000ms
[2025-01-23 15:06:03.064003] INFO: Receive loop #7 received 16384 bytes in 0.030000ms
[2025-01-23 15:06:05.343931] INFO: Receive loop #8 received 16384 bytes in 0.252000ms
[2025-01-23 15:06:06.866554] INFO: Receive loop #9 received 16384 bytes in 0.030000ms
[2025-01-23 15:06:08.863689] INFO: Receive loop #10 received 16384 bytes in 0.032000ms
[2025-01-23 15:06:11.167268] INFO: Receive loop #11 received 16384 bytes in 0.035000ms
[2025-01-23 15:06:12.994335] INFO: Receive loop #12 received 7665 bytes in 0.004000ms
[2025-01-23 15:06:14.714131] INFO: Response received in 26220.770000ms
[2025-01-23 15:06:16.455051] INFO: File saved in 0.090000ms
[2025-01-23 15:06:18.418915] INFO: File saved to: /home/vc/kurotaka/objects/temp_123
[2025-01-23 15:06:20.929082] INFO: Execution permission granted to: /home/vc/kurotaka/objects/temp_123
[2025-01-23 15:06:22.623961] INFO: Executing command: /home/vc/kurotaka/objects/temp_123 126 256
[2025-01-23 15:06:38.646749] INFO: Command executed in 14910.104000ms
[2025-01-23 15:06:40.386830] INFO: Result saved to: /home/vc/kurotaka/results/result_123
[2025-01-23 15:06:42.496545] INFO: Second connection established in 0.133000ms
[2025-01-23 15:06:44.669364] INFO: Sending result upload request
[2025-01-23 15:06:46.135383] INFO: Second request sent in 0.029000ms
[2025-01-23 15:06:47.568295] INFO: Result uploaded in 0.058000ms
[2025-01-23 15:06:49.479276] INFO: Process completed successfully. Total execution time: 1m 9871.326000ms

