
[2025-01-23 15:05:39.107577] INFO: Process started with ID: 129
[2025-01-23 15:05:39.298908] INFO: First connection established in 0.302000ms
[2025-01-23 15:05:39.546023] INFO: Sending request: GET /http_server/send-object.php?ID=129 HTTP/1.1
Host: 192.168.100.3
Connection: close


[2025-01-23 15:05:39.958294] INFO: First request sent in 0.032000ms
[2025-01-23 15:05:40.595216] INFO: Time from request to first response:0.034000ms
[2025-01-23 15:05:41.573670] INFO: Received headers - MPI-Rank: 14, Group-ID: 1, Job-ID: 1, Sub-Job-ID: 15, Rank-Count: 256
[2025-01-23 15:05:42.127286] INFO: Receive loop #1 received 16384 bytes in 1575.254000ms
[2025-01-23 15:05:43.020783] INFO: Receive loop #2 received 16384 bytes in 0.059000ms
[2025-01-23 15:05:44.148575] INFO: Receive loop #3 received 16384 bytes in 0.074000ms
[2025-01-23 15:05:45.046691] INFO: Receive loop #4 received 16384 bytes in 0.106000ms
[2025-01-23 15:05:45.885492] INFO: Receive loop #5 received 16384 bytes in 0.030000ms
[2025-01-23 15:05:46.994763] INFO: Receive loop #6 received 16384 bytes in 0.035000ms
[2025-01-23 15:05:49.087407] INFO: Receive loop #7 received 16384 bytes in 0.028000ms
[2025-01-23 15:05:50.183704] INFO: Receive loop #8 received 16384 bytes in 0.244000ms
[2025-01-23 15:05:52.301110] INFO: Receive loop #9 received 16384 bytes in 0.029000ms
[2025-01-23 15:05:53.792251] INFO: Receive loop #10 received 16384 bytes in 0.029000ms
[2025-01-23 15:05:55.696007] INFO: Receive loop #11 received 16384 bytes in 0.028000ms
[2025-01-23 15:05:57.933081] INFO: Receive loop #12 received 7663 bytes in 0.021000ms
[2025-01-23 15:05:59.534897] INFO: Response received in 18507.469000ms
[2025-01-23 15:06:01.096885] INFO: File saved in 0.454000ms
[2025-01-23 15:06:03.199698] INFO: File saved to: /home/vc/kurotaka/objects/temp_129
[2025-01-23 15:06:05.528021] INFO: Execution permission granted to: /home/vc/kurotaka/objects/temp_129
[2025-01-23 15:06:07.211320] INFO: Executing command: /home/vc/kurotaka/objects/temp_129 14 256
[2025-01-23 15:06:36.320802] INFO: Command executed in 27336.957000ms
[2025-01-23 15:06:38.204423] INFO: Result saved to: /home/vc/kurotaka/results/result_129
[2025-01-23 15:06:40.245478] INFO: Second connection established in 0.272000ms
[2025-01-23 15:06:42.287616] INFO: Sending result upload request
[2025-01-23 15:06:44.215379] INFO: Second request sent in 0.030000ms
[2025-01-23 15:06:45.943691] INFO: Result uploaded in 0.056000ms
[2025-01-23 15:06:47.169236] INFO: Process completed successfully. Total execution time: 1m 7707.979000ms

