
[2025-01-31 16:16:10] Program started at 2025-01-31 16:16:10.9551
[2025-01-31 16:16:10] [getClientID] MySQL connection established. Execution time: 0.551 ms
[2025-01-31 16:16:10] [getClientID] SELECT table_name FROM table_registry WHERE id = :job_id / Execution time: 0.249 ms
[2025-01-31 16:16:10] [getClientID] SELECT client FROM `matrix` WHERE id = :sub_job_id / Execution time: 0.133 ms
[2025-01-31 16:16:10] getClientID completed. Execution time: 1.021 ms
[2025-01-31 16:16:10] Read file completed. Execution time: 0.006 ms
[2025-01-31 16:16:10] File saved successfully: uploads/job_1/group_1/result_45
[2025-01-31 16:16:10] [updateStatus] MySQL connection established. Execution time: 0.227 ms
[2025-01-31 16:16:11] [updateStatus] SELECT table_name FROM table_registry WHERE id = :job_id FOR UPDATE / Execution time: 422.281 ms
[2025-01-31 16:16:11] [updateStatus] UPDATE `matrix` SET status = :status WHERE id = :sub_job_id / Execution time: 0.307 ms
[2025-01-31 16:16:11] [updateStatus] SELECT COUNT_RECORDS FROM `matrix` / Execution time: 0.442 ms
[2025-01-31 16:16:11] [updateStatus] UPDATE table_registry SET status = :status WHERE id = :job_id / Execution time: 0.194 ms
[2025-01-31 16:16:11] updateStatus completed. Execution time: 439.475 ms
[2025-01-31 16:16:11] Write file completed. Execution time: 464.711 ms
[2025-01-31 16:16:11] [getGroupStatus] MySQL connection established. Execution time: 0.096 ms
[2025-01-31 16:16:11] [getGroupStatus] SELECT table_name FROM table_registry WHERE id = :job_id / Execution time: 0.327 ms
[2025-01-31 16:16:11] [getGroupStatus] SELECT status FROM `matrix` WHERE group_id = :group_id / Execution time: 0.940 ms
[2025-01-31 16:16:11] getGroupStatus completed. Execution time: 1.615 ms
[2025-01-31 16:16:11] Group 1 is not completed yet.
[2025-01-31 16:16:11] Program completed. Total execution time: 468.795 ms

