
[2025-01-31 16:08:22.254512] INFO: Process started with ID: 116
[2025-01-31 16:08:23.669853] INFO: First connection established in 0.261000ms
[2025-01-31 16:08:24.455280] INFO: Sending request: GET /http_server/send-object.php?ID=116 HTTP/1.1
Host: 192.168.100.3
Connection: close


[2025-01-31 16:08:25.404233] INFO: First request sent in 0.017000ms
[2025-01-31 16:08:26.569550] INFO: Time from request to first response in 0.033000ms
[2025-01-31 16:08:27.147760] INFO: Received headers - MPI-Rank: 117, Group-ID: 1, Job-ID: 1, Sub-Job-ID: 118, Rank-Count: 128
[2025-01-31 16:08:27.868303] INFO: Receive loop #1 received 16384 bytes in 1402.896000ms
[2025-01-31 16:08:28.482437] INFO: Receive loop #2 received 16384 bytes in 0.058000ms
[2025-01-31 16:08:28.946536] INFO: Receive loop #3 received 16384 bytes in 0.097000ms
[2025-01-31 16:08:29.680800] INFO: Receive loop #4 received 16384 bytes in 0.136000ms
[2025-01-31 16:08:30.563503] INFO: Receive loop #5 received 16384 bytes in 0.036000ms
[2025-01-31 16:08:31.013300] INFO: Receive loop #6 received 16384 bytes in 0.032000ms
[2025-01-31 16:08:31.489113] INFO: Receive loop #7 received 16384 bytes in 0.030000ms
[2025-01-31 16:08:32.034939] INFO: Receive loop #8 received 16384 bytes in 0.249000ms
[2025-01-31 16:08:32.595942] INFO: Receive loop #9 received 16384 bytes in 0.035000ms
[2025-01-31 16:08:33.075453] INFO: Receive loop #10 received 16384 bytes in 0.030000ms
[2025-01-31 16:08:33.708172] INFO: Receive loop #11 received 16384 bytes in 0.035000ms
[2025-01-31 16:08:34.100440] INFO: Receive loop #12 received 7665 bytes in 0.020000ms
[2025-01-31 16:08:34.540406] INFO: Response received in 8159.525000ms
[2025-01-31 16:08:34.895172] INFO: File saved in 0.564000ms
[2025-01-31 16:08:35.092083] INFO: File saved to: /home/vc/kurotaka/objects/temp_116
[2025-01-31 16:08:35.301500] INFO: Execution permission granted to: /home/vc/kurotaka/objects/temp_116
[2025-01-31 16:08:35.543698] INFO: Executing command: /home/vc/kurotaka/objects/temp_116 117 128 1
[2025-01-31 16:08:40.215724] INFO: Command executed in 4414.911000ms
[2025-01-31 16:08:40.880462] INFO: Result saved to: /home/vc/kurotaka/results/result_116
[2025-01-31 16:08:42.043924] INFO: Second connection established in 0.130000ms
[2025-01-31 16:08:43.111025] INFO: Sending result upload request
[2025-01-31 16:08:43.899194] INFO: Second request sent in 0.026000ms
[2025-01-31 16:08:45.393212] INFO: Result uploaded in 0.064000ms
[2025-01-31 16:08:46.124565] INFO: Process completed successfully. Total execution time in 26774.351000ms

