
[2025-01-31 16:08:19.143124] INFO: Process started with ID: 9
[2025-01-31 16:08:19.253550] INFO: First connection established in 0.256000ms
[2025-01-31 16:08:19.398294] INFO: Sending request: GET /http_server/send-object.php?ID=9 HTTP/1.1
Host: 192.168.100.3
Connection: close


[2025-01-31 16:08:19.635496] INFO: First request sent in 0.032000ms
[2025-01-31 16:08:19.892848] INFO: Time from request to first response in 0.032000ms
[2025-01-31 16:08:20.334497] INFO: Received headers - MPI-Rank: 0, Group-ID: 1, Job-ID: 1, Sub-Job-ID: 1, Rank-Count: 128
[2025-01-31 16:08:21.005665] INFO: Receive loop #1 received 16384 bytes in 972.421000ms
[2025-01-31 16:08:21.557927] INFO: Receive loop #2 received 16384 bytes in 0.061000ms
[2025-01-31 16:08:22.494218] INFO: Receive loop #3 received 16384 bytes in 0.077000ms
[2025-01-31 16:08:23.905985] INFO: Receive loop #4 received 16384 bytes in 0.038000ms
[2025-01-31 16:08:24.590484] INFO: Receive loop #5 received 16384 bytes in 0.029000ms
[2025-01-31 16:08:25.565988] INFO: Receive loop #6 received 16384 bytes in 0.029000ms
[2025-01-31 16:08:26.682407] INFO: Receive loop #7 received 16384 bytes in 0.028000ms
[2025-01-31 16:08:27.235907] INFO: Receive loop #8 received 16384 bytes in 0.247000ms
[2025-01-31 16:08:27.952500] INFO: Receive loop #9 received 16384 bytes in 0.028000ms
[2025-01-31 16:08:28.482741] INFO: Receive loop #10 received 16384 bytes in 0.027000ms
[2025-01-31 16:08:28.964416] INFO: Receive loop #11 received 16384 bytes in 0.034000ms
[2025-01-31 16:08:29.706404] INFO: Receive loop #12 received 7661 bytes in 0.019000ms
[2025-01-31 16:08:30.599608] INFO: Response received in 10555.000000ms
[2025-01-31 16:08:31.107657] INFO: File saved in 0.673000ms
[2025-01-31 16:08:31.548294] INFO: File saved to: /home/vc/kurotaka/objects/temp_9
[2025-01-31 16:08:32.125261] INFO: Execution permission granted to: /home/vc/kurotaka/objects/temp_9
[2025-01-31 16:08:32.670994] INFO: Executing command: /home/vc/kurotaka/objects/temp_9 0 128 1
[2025-01-31 16:08:39.861469] INFO: Command executed in 5832.717000ms
[2025-01-31 16:08:40.642664] INFO: Result saved to: /home/vc/kurotaka/results/result_9
[2025-01-31 16:08:41.655266] INFO: Second connection established in 0.271000ms
[2025-01-31 16:08:42.954464] INFO: Sending result upload request
[2025-01-31 16:08:43.619548] INFO: Second request sent in 0.026000ms
[2025-01-31 16:08:44.766786] INFO: Result uploaded in 0.058000ms
[2025-01-31 16:08:45.843208] INFO: Process completed successfully. Total execution time in 26594.085000ms

