
[2025-01-31 16:08:21.930296] INFO: Process started with ID: 32
[2025-01-31 16:08:23.201245] INFO: First connection established in 0.223000ms
[2025-01-31 16:08:24.210573] INFO: Sending request: GET /http_server/send-object.php?ID=32 HTTP/1.1
Host: 192.168.100.3
Connection: close


[2025-01-31 16:08:24.937964] INFO: First request sent in 0.032000ms
[2025-01-31 16:08:26.130312] INFO: Time from request to first response in 0.029000ms
[2025-01-31 16:08:26.908128] INFO: Received headers - MPI-Rank: 112, Group-ID: 1, Job-ID: 1, Sub-Job-ID: 113, Rank-Count: 128
[2025-01-31 16:08:27.519196] INFO: Receive loop #1 received 16384 bytes in 1561.408000ms
[2025-01-31 16:08:28.228501] INFO: Receive loop #2 received 16384 bytes in 0.073000ms
[2025-01-31 16:08:28.675608] INFO: Receive loop #3 received 16384 bytes in 0.076000ms
[2025-01-31 16:08:29.278897] INFO: Receive loop #4 received 16384 bytes in 0.113000ms
[2025-01-31 16:08:30.091058] INFO: Receive loop #5 received 16384 bytes in 0.028000ms
[2025-01-31 16:08:30.792301] INFO: Receive loop #6 received 16384 bytes in 0.029000ms
[2025-01-31 16:08:31.245802] INFO: Receive loop #7 received 16384 bytes in 0.032000ms
[2025-01-31 16:08:31.717368] INFO: Receive loop #8 received 16384 bytes in 0.267000ms
[2025-01-31 16:08:32.384459] INFO: Receive loop #9 received 16384 bytes in 0.029000ms
[2025-01-31 16:08:32.898618] INFO: Receive loop #10 received 16384 bytes in 0.029000ms
[2025-01-31 16:08:33.341320] INFO: Receive loop #11 received 16384 bytes in 0.008000ms
[2025-01-31 16:08:33.708609] INFO: Receive loop #12 received 7665 bytes in 0.019000ms
[2025-01-31 16:08:34.218252] INFO: Response received in 8232.964000ms
[2025-01-31 16:08:34.743371] INFO: File saved in 0.498000ms
[2025-01-31 16:08:34.963533] INFO: File saved to: /home/vc/kurotaka/objects/temp_32
[2025-01-31 16:08:35.301223] INFO: Execution permission granted to: /home/vc/kurotaka/objects/temp_32
[2025-01-31 16:08:35.542942] INFO: Executing command: /home/vc/kurotaka/objects/temp_32 112 128 1
[2025-01-31 16:08:39.596725] INFO: Command executed in 3236.645000ms
[2025-01-31 16:08:40.599296] INFO: Result saved to: /home/vc/kurotaka/results/result_32
[2025-01-31 16:08:41.619292] INFO: Second connection established in 0.234000ms
[2025-01-31 16:08:42.953706] INFO: Sending result upload request
[2025-01-31 16:08:43.618922] INFO: Second request sent in 0.026000ms
[2025-01-31 16:08:44.686600] INFO: Result uploaded in 0.053000ms
[2025-01-31 16:08:45.842716] INFO: Process completed successfully. Total execution time in 26593.628000ms

