
[2025-01-31 16:08:19.285613] INFO: Process started with ID: 78
[2025-01-31 16:08:19.480105] INFO: First connection established in 0.190000ms
[2025-01-31 16:08:19.727616] INFO: Sending request: GET /http_server/send-object.php?ID=78 HTTP/1.1
Host: 192.168.100.3
Connection: close


[2025-01-31 16:08:20.080112] INFO: First request sent in 0.032000ms
[2025-01-31 16:08:20.674486] INFO: Time from request to first response in 0.031000ms
[2025-01-31 16:08:21.282345] INFO: Received headers - MPI-Rank: 28, Group-ID: 1, Job-ID: 1, Sub-Job-ID: 29, Rank-Count: 128
[2025-01-31 16:08:21.984981] INFO: Receive loop #1 received 16384 bytes in 1201.153000ms
[2025-01-31 16:08:23.151513] INFO: Receive loop #2 received 16384 bytes in 0.073000ms
[2025-01-31 16:08:24.210882] INFO: Receive loop #3 received 16384 bytes in 0.027000ms
[2025-01-31 16:08:24.910175] INFO: Receive loop #4 received 16384 bytes in 0.109000ms
[2025-01-31 16:08:26.130443] INFO: Receive loop #5 received 16384 bytes in 0.028000ms
[2025-01-31 16:08:26.865449] INFO: Receive loop #6 received 16384 bytes in 0.028000ms
[2025-01-31 16:08:27.452253] INFO: Receive loop #7 received 16384 bytes in 0.029000ms
[2025-01-31 16:08:28.170636] INFO: Receive loop #8 received 16384 bytes in 0.261000ms
[2025-01-31 16:08:28.642807] INFO: Receive loop #9 received 16384 bytes in 0.030000ms
[2025-01-31 16:08:29.325619] INFO: Receive loop #10 received 16384 bytes in 0.028000ms
[2025-01-31 16:08:30.234489] INFO: Receive loop #11 received 16384 bytes in 0.030000ms
[2025-01-31 16:08:30.867911] INFO: Receive loop #12 received 7663 bytes in 0.018000ms
[2025-01-31 16:08:31.321372] INFO: Response received in 10682.401000ms
[2025-01-31 16:08:31.807673] INFO: File saved in 0.438000ms
[2025-01-31 16:08:32.444359] INFO: File saved to: /home/vc/kurotaka/objects/temp_78
[2025-01-31 16:08:32.947508] INFO: Execution permission granted to: /home/vc/kurotaka/objects/temp_78
[2025-01-31 16:08:33.390287] INFO: Executing command: /home/vc/kurotaka/objects/temp_78 28 128 1
[2025-01-31 16:08:38.987810] INFO: Command executed in 5183.568000ms
[2025-01-31 16:08:40.215732] INFO: Result saved to: /home/vc/kurotaka/results/result_78
[2025-01-31 16:08:40.907010] INFO: Second connection established in 0.280000ms
[2025-01-31 16:08:42.095459] INFO: Sending result upload request
[2025-01-31 16:08:43.163445] INFO: Second request sent in 0.026000ms
[2025-01-31 16:08:44.099198] INFO: Result uploaded in 0.053000ms
[2025-01-31 16:08:45.677406] INFO: Process completed successfully. Total execution time in 25773.292000ms

