
[2025-01-31 18:04:59] Program started at 2025-01-31 18:04:59.5943
[2025-01-31 18:04:59] [getClientID] MySQL connection established. Execution time: 0.292 ms
[2025-01-31 18:04:59] [getClientID] SELECT table_name FROM table_registry WHERE id = :job_id / Execution time: 0.386 ms
[2025-01-31 18:04:59] [getClientID] SELECT client FROM `matrix` WHERE id = :sub_job_id / Execution time: 0.248 ms
[2025-01-31 18:04:59] getClientID completed. Execution time: 1.104 ms
[2025-01-31 18:04:59] Read file completed. Execution time: 0.013 ms
[2025-01-31 18:04:59] File saved successfully: uploads/job_1/group_1/result_355
[2025-01-31 18:04:59] [updateStatus] MySQL connection established. Execution time: 0.132 ms
[2025-01-31 18:04:59] [updateStatus] SELECT table_name FROM table_registry WHERE id = :job_id FOR UPDATE / Execution time: 1.930 ms
[2025-01-31 18:04:59] [updateStatus] UPDATE `matrix` SET status = :status WHERE id = :sub_job_id / Execution time: 0.534 ms
[2025-01-31 18:04:59] [updateStatus] SELECT COUNT_RECORDS FROM `matrix` / Execution time: 1.051 ms
[2025-01-31 18:04:59] [updateStatus] UPDATE table_registry SET status = :status WHERE id = :job_id / Execution time: 0.227 ms
[2025-01-31 18:04:59] updateStatus completed. Execution time: 5.348 ms
[2025-01-31 18:04:59] Write file completed. Execution time: 5.640 ms
[2025-01-31 18:04:59] [getGroupStatus] MySQL connection established. Execution time: 0.040 ms
[2025-01-31 18:04:59] [getGroupStatus] SELECT table_name FROM table_registry WHERE id = :job_id / Execution time: 0.214 ms
[2025-01-31 18:04:59] [getGroupStatus] SELECT status FROM `matrix` WHERE group_id = :group_id / Execution time: 1.150 ms
[2025-01-31 18:04:59] getGroupStatus completed. Execution time: 1.522 ms
[2025-01-31 18:04:59] Group 1 is not completed yet.
[2025-01-31 18:04:59] Program completed. Total execution time: 10.955 ms

