
[2025-01-31 18:05:11] Program started at 2025-01-31 18:05:11.1976
[2025-01-31 18:05:11] [getClientID] MySQL connection established. Execution time: 0.332 ms
[2025-01-31 18:05:11] [getClientID] SELECT table_name FROM table_registry WHERE id = :job_id / Execution time: 0.392 ms
[2025-01-31 18:05:11] [getClientID] SELECT client FROM `matrix` WHERE id = :sub_job_id / Execution time: 0.164 ms
[2025-01-31 18:05:11] getClientID completed. Execution time: 1.044 ms
[2025-01-31 18:05:11] Read file completed. Execution time: 0.013 ms
[2025-01-31 18:05:11] File saved successfully: uploads/job_1/group_1/result_482
[2025-01-31 18:05:11] [updateStatus] MySQL connection established. Execution time: 0.103 ms
[2025-01-31 18:05:11] [updateStatus] SELECT table_name FROM table_registry WHERE id = :job_id FOR UPDATE / Execution time: 0.168 ms
[2025-01-31 18:05:11] [updateStatus] UPDATE `matrix` SET status = :status WHERE id = :sub_job_id / Execution time: 0.166 ms
[2025-01-31 18:05:11] [updateStatus] SELECT COUNT_RECORDS FROM `matrix` / Execution time: 0.629 ms
[2025-01-31 18:05:11] [updateStatus] UPDATE table_registry SET status = :status WHERE id = :job_id / Execution time: 0.130 ms
[2025-01-31 18:05:11] updateStatus completed. Execution time: 4.306 ms
[2025-01-31 18:05:11] Write file completed. Execution time: 4.650 ms
[2025-01-31 18:05:11] [getGroupStatus] MySQL connection established. Execution time: 0.042 ms
[2025-01-31 18:05:11] [getGroupStatus] SELECT table_name FROM table_registry WHERE id = :job_id / Execution time: 0.159 ms
[2025-01-31 18:05:11] [getGroupStatus] SELECT status FROM `matrix` WHERE group_id = :group_id / Execution time: 0.807 ms
[2025-01-31 18:05:11] getGroupStatus completed. Execution time: 1.086 ms
[2025-01-31 18:05:11] Group 1 is not completed yet.
[2025-01-31 18:05:11] Program completed. Total execution time: 9.165 ms

