
[2025-01-31 18:04:54] Program started at 2025-01-31 18:04:54.3313
[2025-01-31 18:04:54] [getClientID] MySQL connection established. Execution time: 0.355 ms
[2025-01-31 18:04:54] [getClientID] SELECT table_name FROM table_registry WHERE id = :job_id / Execution time: 0.484 ms
[2025-01-31 18:04:54] [getClientID] SELECT client FROM `matrix` WHERE id = :sub_job_id / Execution time: 0.230 ms
[2025-01-31 18:04:54] getClientID completed. Execution time: 1.255 ms
[2025-01-31 18:04:54] Read file completed. Execution time: 0.015 ms
[2025-01-31 18:04:54] File saved successfully: uploads/job_1/group_1/result_442
[2025-01-31 18:04:54] [updateStatus] MySQL connection established. Execution time: 0.133 ms
[2025-01-31 18:04:54] [updateStatus] SELECT table_name FROM table_registry WHERE id = :job_id FOR UPDATE / Execution time: 1.875 ms
[2025-01-31 18:04:54] [updateStatus] UPDATE `matrix` SET status = :status WHERE id = :sub_job_id / Execution time: 0.289 ms
[2025-01-31 18:04:54] [updateStatus] SELECT COUNT_RECORDS FROM `matrix` / Execution time: 0.749 ms
[2025-01-31 18:04:54] [updateStatus] UPDATE table_registry SET status = :status WHERE id = :job_id / Execution time: 0.162 ms
[2025-01-31 18:04:54] updateStatus completed. Execution time: 59.904 ms
[2025-01-31 18:04:54] Write file completed. Execution time: 60.278 ms
[2025-01-31 18:04:54] [getGroupStatus] MySQL connection established. Execution time: 0.087 ms
[2025-01-31 18:04:54] [getGroupStatus] SELECT table_name FROM table_registry WHERE id = :job_id / Execution time: 0.316 ms
[2025-01-31 18:04:54] [getGroupStatus] SELECT status FROM `matrix` WHERE group_id = :group_id / Execution time: 1.510 ms
[2025-01-31 18:04:54] getGroupStatus completed. Execution time: 2.155 ms
[2025-01-31 18:04:54] Group 1 is not completed yet.
[2025-01-31 18:04:54] Program completed. Total execution time: 66.482 ms

