
[2025-01-31 18:05:03] Program started at 2025-01-31 18:05:03.3836
[2025-01-31 18:05:03] [getClientID] MySQL connection established. Execution time: 0.246 ms
[2025-01-31 18:05:03] [getClientID] SELECT table_name FROM table_registry WHERE id = :job_id / Execution time: 0.456 ms
[2025-01-31 18:05:03] [getClientID] SELECT client FROM `matrix` WHERE id = :sub_job_id / Execution time: 0.236 ms
[2025-01-31 18:05:03] getClientID completed. Execution time: 1.159 ms
[2025-01-31 18:05:03] Read file completed. Execution time: 0.013 ms
[2025-01-31 18:05:03] File saved successfully: uploads/job_1/group_1/result_345
[2025-01-31 18:05:03] [updateStatus] MySQL connection established. Execution time: 0.256 ms
[2025-01-31 18:05:03] [updateStatus] SELECT table_name FROM table_registry WHERE id = :job_id FOR UPDATE / Execution time: 1.612 ms
[2025-01-31 18:05:03] [updateStatus] UPDATE `matrix` SET status = :status WHERE id = :sub_job_id / Execution time: 0.156 ms
[2025-01-31 18:05:03] [updateStatus] SELECT COUNT_RECORDS FROM `matrix` / Execution time: 0.735 ms
[2025-01-31 18:05:03] [updateStatus] UPDATE table_registry SET status = :status WHERE id = :job_id / Execution time: 0.167 ms
[2025-01-31 18:05:03] updateStatus completed. Execution time: 545.980 ms
[2025-01-31 18:05:03] Write file completed. Execution time: 559.020 ms
[2025-01-31 18:05:03] [getGroupStatus] MySQL connection established. Execution time: 0.071 ms
[2025-01-31 18:05:03] [getGroupStatus] SELECT table_name FROM table_registry WHERE id = :job_id / Execution time: 0.208 ms
[2025-01-31 18:05:03] [getGroupStatus] SELECT status FROM `matrix` WHERE group_id = :group_id / Execution time: 1.030 ms
[2025-01-31 18:05:03] getGroupStatus completed. Execution time: 1.499 ms
[2025-01-31 18:05:03] Group 1 is not completed yet.
[2025-01-31 18:05:03] Program completed. Total execution time: 564.590 ms

