
[2025-01-31 18:05:09] Program started at 2025-01-31 18:05:09.636
[2025-01-31 18:05:09] [getClientID] MySQL connection established. Execution time: 0.236 ms
[2025-01-31 18:05:09] [getClientID] SELECT table_name FROM table_registry WHERE id = :job_id / Execution time: 0.390 ms
[2025-01-31 18:05:09] [getClientID] SELECT client FROM `matrix` WHERE id = :sub_job_id / Execution time: 0.217 ms
[2025-01-31 18:05:09] getClientID completed. Execution time: 1.053 ms
[2025-01-31 18:05:09] Read file completed. Execution time: 0.014 ms
[2025-01-31 18:05:09] File saved successfully: uploads/job_1/group_1/result_177
[2025-01-31 18:05:09] [updateStatus] MySQL connection established. Execution time: 0.125 ms
[2025-01-31 18:05:09] [updateStatus] SELECT table_name FROM table_registry WHERE id = :job_id FOR UPDATE / Execution time: 0.218 ms
[2025-01-31 18:05:09] [updateStatus] UPDATE `matrix` SET status = :status WHERE id = :sub_job_id / Execution time: 0.237 ms
[2025-01-31 18:05:09] [updateStatus] SELECT COUNT_RECORDS FROM `matrix` / Execution time: 1.027 ms
[2025-01-31 18:05:09] [updateStatus] UPDATE table_registry SET status = :status WHERE id = :job_id / Execution time: 0.203 ms
[2025-01-31 18:05:09] updateStatus completed. Execution time: 40.831 ms
[2025-01-31 18:05:09] Write file completed. Execution time: 41.201 ms
[2025-01-31 18:05:09] [getGroupStatus] MySQL connection established. Execution time: 0.155 ms
[2025-01-31 18:05:09] [getGroupStatus] SELECT table_name FROM table_registry WHERE id = :job_id / Execution time: 0.322 ms
[2025-01-31 18:05:09] [getGroupStatus] SELECT status FROM `matrix` WHERE group_id = :group_id / Execution time: 1.493 ms
[2025-01-31 18:05:09] getGroupStatus completed. Execution time: 2.235 ms
[2025-01-31 18:05:09] Group 1 is not completed yet.
[2025-01-31 18:05:09] Program completed. Total execution time: 47.230 ms

