
[2025-01-31 16:07:55] Program started at 2025-01-31 16:07:55.8033
[2025-01-31 16:07:55] [getClientID] MySQL connection established. Execution time: 0.536 ms
[2025-01-31 16:07:55] [getClientID] SELECT table_name FROM table_registry WHERE id = :job_id / Execution time: 0.374 ms
[2025-01-31 16:07:55] [getClientID] SELECT client FROM `matrix` WHERE id = :sub_job_id / Execution time: 0.223 ms
[2025-01-31 16:07:55] getClientID completed. Execution time: 1.361 ms
[2025-01-31 16:07:55] Read file completed. Execution time: 0.013 ms
[2025-01-31 16:07:55] File saved successfully: uploads/job_1/group_1/result_8
[2025-01-31 16:07:55] [updateStatus] MySQL connection established. Execution time: 0.125 ms
[2025-01-31 16:07:55] [updateStatus] SELECT table_name FROM table_registry WHERE id = :job_id FOR UPDATE / Execution time: 0.221 ms
[2025-01-31 16:07:55] [updateStatus] UPDATE `matrix` SET status = :status WHERE id = :sub_job_id / Execution time: 0.221 ms
[2025-01-31 16:07:55] [updateStatus] SELECT COUNT_RECORDS FROM `matrix` / Execution time: 0.350 ms
[2025-01-31 16:07:55] [updateStatus] UPDATE table_registry SET status = :status WHERE id = :job_id / Execution time: 0.178 ms
[2025-01-31 16:07:55] updateStatus completed. Execution time: 3.764 ms
[2025-01-31 16:07:55] Write file completed. Execution time: 4.073 ms
[2025-01-31 16:07:55] [getGroupStatus] MySQL connection established. Execution time: 0.054 ms
[2025-01-31 16:07:55] [getGroupStatus] SELECT table_name FROM table_registry WHERE id = :job_id / Execution time: 0.133 ms
[2025-01-31 16:07:55] [getGroupStatus] SELECT status FROM `matrix` WHERE group_id = :group_id / Execution time: 0.167 ms
[2025-01-31 16:07:55] getGroupStatus completed. Execution time: 0.462 ms
[2025-01-31 16:07:55] Group 1 is not completed yet.
[2025-01-31 16:07:55] Program completed. Total execution time: 8.877 ms

