
[2025-01-31 16:07:56] Program started at 2025-01-31 16:07:56.8598
[2025-01-31 16:07:56] [getClientID] MySQL connection established. Execution time: 0.690 ms
[2025-01-31 16:07:56] [getClientID] SELECT table_name FROM table_registry WHERE id = :job_id / Execution time: 0.416 ms
[2025-01-31 16:07:56] [getClientID] SELECT client FROM `matrix` WHERE id = :sub_job_id / Execution time: 62.379 ms
[2025-01-31 16:07:56] getClientID completed. Execution time: 63.805 ms
[2025-01-31 16:07:56] Read file completed. Execution time: 0.013 ms
[2025-01-31 16:07:56] File saved successfully: uploads/job_1/group_1/result_14
[2025-01-31 16:07:56] [updateStatus] MySQL connection established. Execution time: 0.256 ms
[2025-01-31 16:07:56] [updateStatus] SELECT table_name FROM table_registry WHERE id = :job_id FOR UPDATE / Execution time: 25.764 ms
[2025-01-31 16:07:56] [updateStatus] UPDATE `matrix` SET status = :status WHERE id = :sub_job_id / Execution time: 0.328 ms
[2025-01-31 16:07:56] [updateStatus] SELECT COUNT_RECORDS FROM `matrix` / Execution time: 0.387 ms
[2025-01-31 16:07:56] [updateStatus] UPDATE table_registry SET status = :status WHERE id = :job_id / Execution time: 0.211 ms
[2025-01-31 16:07:57] updateStatus completed. Execution time: 231.677 ms
[2025-01-31 16:07:57] Write file completed. Execution time: 235.583 ms
[2025-01-31 16:07:57] [getGroupStatus] MySQL connection established. Execution time: 0.132 ms
[2025-01-31 16:07:57] [getGroupStatus] SELECT table_name FROM table_registry WHERE id = :job_id / Execution time: 0.334 ms
[2025-01-31 16:07:57] [getGroupStatus] SELECT status FROM `matrix` WHERE group_id = :group_id / Execution time: 0.513 ms
[2025-01-31 16:07:57] getGroupStatus completed. Execution time: 1.242 ms
[2025-01-31 16:07:57] Merge request completed. Execution time (not actual merge.php execution time, but just request): 9.896 ms
[2025-01-31 16:07:57] Program completed. Total execution time: 313.511 ms

