
[2025-01-31 15:46:18.596585] INFO: Process started with ID: 3
[2025-01-31 15:46:18.847106] INFO: First connection established in 0.189000ms
[2025-01-31 15:46:19.253469] INFO: Sending request: GET /http_server/send-object.php?ID=3 HTTP/1.1
Host: 192.168.100.3
Connection: close


[2025-01-31 15:46:19.906568] INFO: First request sent in 0.034000ms
[2025-01-31 15:46:20.977480] INFO: Time from request to first response in 0.023000ms
[2025-01-31 15:46:22.184683] INFO: Received headers - MPI-Rank: 39, Group-ID: 1, Job-ID: 1, Sub-Job-ID: 40, Rank-Count: 128
[2025-01-31 15:46:23.012714] INFO: Receive loop #1 received 16384 bytes in 2002.078000ms
[2025-01-31 15:46:24.213356] INFO: Receive loop #2 received 16384 bytes in 0.061000ms
[2025-01-31 15:46:25.233240] INFO: Receive loop #3 received 16384 bytes in 0.076000ms
[2025-01-31 15:46:26.121786] INFO: Receive loop #4 received 16384 bytes in 0.111000ms
[2025-01-31 15:46:27.444812] INFO: Receive loop #5 received 16384 bytes in 0.007000ms
[2025-01-31 15:46:28.308816] INFO: Receive loop #6 received 16384 bytes in 0.029000ms
[2025-01-31 15:46:29.391769] INFO: Receive loop #7 received 16384 bytes in 0.029000ms
[2025-01-31 15:46:30.218713] INFO: Receive loop #8 received 16384 bytes in 0.259000ms
[2025-01-31 15:46:31.208906] INFO: Receive loop #9 received 16384 bytes in 0.035000ms
[2025-01-31 15:46:32.374719] INFO: Receive loop #10 received 16384 bytes in 0.028000ms
[2025-01-31 15:46:32.954718] INFO: Receive loop #11 received 16384 bytes in 0.028000ms
[2025-01-31 15:46:33.698632] INFO: Receive loop #12 received 7663 bytes in 0.018000ms
[2025-01-31 15:46:34.329412] INFO: Response received in 13536.462000ms
[2025-01-31 15:46:34.875914] INFO: File saved in 0.432000ms
[2025-01-31 15:46:35.458032] INFO: File saved to: /home/vc/kurotaka/objects/temp_3
[2025-01-31 15:46:35.979439] INFO: Execution permission granted to: /home/vc/kurotaka/objects/temp_3
[2025-01-31 15:46:36.423677] INFO: Executing command: /home/vc/kurotaka/objects/temp_3 39 128 1
[2025-01-31 15:46:44.439623] INFO: Command executed in 6995.782000ms
[2025-01-31 15:46:45.085084] INFO: Result saved to: /home/vc/kurotaka/results/result_3
[2025-01-31 15:46:46.098942] INFO: Second connection established in 0.289000ms
[2025-01-31 15:46:47.505187] INFO: Sending result upload request
[2025-01-31 15:46:48.201016] INFO: Second request sent in 0.025000ms
[2025-01-31 15:46:48.711873] INFO: Result uploaded in 0.051000ms
[2025-01-31 15:46:49.156993] INFO: Process completed successfully. Total execution time in 30780.224000ms

