
[2025-01-31 15:46:22.452563] INFO: Process started with ID: 45
[2025-01-31 15:46:23.406968] INFO: First connection established in 0.257000ms
[2025-01-31 15:46:24.749856] INFO: Sending request: GET /http_server/send-object.php?ID=45 HTTP/1.1
Host: 192.168.100.3
Connection: close


[2025-01-31 15:46:25.530465] INFO: First request sent in 0.035000ms
[2025-01-31 15:46:26.575643] INFO: Time from request to first response in 0.030000ms
[2025-01-31 15:46:27.860265] INFO: Received headers - MPI-Rank: 115, Group-ID: 1, Job-ID: 1, Sub-Job-ID: 116, Rank-Count: 128
[2025-01-31 15:46:28.543087] INFO: Receive loop #1 received 16384 bytes in 2116.595000ms
[2025-01-31 15:46:29.744655] INFO: Receive loop #2 received 16384 bytes in 0.061000ms
[2025-01-31 15:46:30.391797] INFO: Receive loop #3 received 16384 bytes in 0.081000ms
[2025-01-31 15:46:31.515554] INFO: Receive loop #4 received 16384 bytes in 0.117000ms
[2025-01-31 15:46:32.466805] INFO: Receive loop #5 received 16384 bytes in 0.030000ms
[2025-01-31 15:46:33.147962] INFO: Receive loop #6 received 16384 bytes in 0.030000ms
[2025-01-31 15:46:33.892625] INFO: Receive loop #7 received 16384 bytes in 0.029000ms
[2025-01-31 15:46:34.478331] INFO: Receive loop #8 received 16384 bytes in 0.260000ms
[2025-01-31 15:46:35.003888] INFO: Receive loop #9 received 16384 bytes in 0.030000ms
[2025-01-31 15:46:35.590078] INFO: Receive loop #10 received 16384 bytes in 0.029000ms
[2025-01-31 15:46:36.402015] INFO: Receive loop #11 received 16384 bytes in 0.029000ms
[2025-01-31 15:46:36.941861] INFO: Receive loop #12 received 7665 bytes in 0.019000ms
[2025-01-31 15:46:37.580606] INFO: Response received in 11119.926000ms
[2025-01-31 15:46:38.124096] INFO: File saved in 0.119000ms
[2025-01-31 15:46:39.192202] INFO: File saved to: /home/vc/kurotaka/objects/temp_45
[2025-01-31 15:46:39.790791] INFO: Execution permission granted to: /home/vc/kurotaka/objects/temp_45
[2025-01-31 15:46:40.125778] INFO: Executing command: /home/vc/kurotaka/objects/temp_45 115 128 1
[2025-01-31 15:46:43.455779] INFO: Command executed in 2882.162000ms
[2025-01-31 15:46:44.702973] INFO: Result saved to: /home/vc/kurotaka/results/result_45
[2025-01-31 15:46:45.224022] INFO: Second connection established in 0.335000ms
[2025-01-31 15:46:46.172655] INFO: Sending result upload request
[2025-01-31 15:46:47.601011] INFO: Second request sent in 0.021000ms
[2025-01-31 15:46:48.220410] INFO: Result uploaded in 0.051000ms
[2025-01-31 15:46:48.694585] INFO: Process completed successfully. Total execution time in 30281.145000ms

