
[2025-01-31 15:46:18.426853] INFO: Process started with ID: 59
[2025-01-31 15:46:18.596557] INFO: First connection established in 0.297000ms
[2025-01-31 15:46:18.825025] INFO: Sending request: GET /http_server/send-object.php?ID=59 HTTP/1.1
Host: 192.168.100.3
Connection: close


[2025-01-31 15:46:19.189598] INFO: First request sent in 0.034000ms
[2025-01-31 15:46:19.763146] INFO: Time from request to first response in 0.033000ms
[2025-01-31 15:46:20.681455] INFO: Received headers - MPI-Rank: 13, Group-ID: 1, Job-ID: 1, Sub-Job-ID: 14, Rank-Count: 128
[2025-01-31 15:46:21.986960] INFO: Receive loop #1 received 16384 bytes in 1934.056000ms
[2025-01-31 15:46:22.585415] INFO: Receive loop #2 received 16384 bytes in 0.083000ms
[2025-01-31 15:46:23.635480] INFO: Receive loop #3 received 16384 bytes in 0.093000ms
[2025-01-31 15:46:24.962829] INFO: Receive loop #4 received 16384 bytes in 0.143000ms
[2025-01-31 15:46:25.617277] INFO: Receive loop #5 received 16384 bytes in 0.028000ms
[2025-01-31 15:46:26.743427] INFO: Receive loop #6 received 16384 bytes in 0.030000ms
[2025-01-31 15:46:27.945136] INFO: Receive loop #7 received 16384 bytes in 0.043000ms
[2025-01-31 15:46:28.786674] INFO: Receive loop #8 received 16384 bytes in 0.246000ms
[2025-01-31 15:46:29.868259] INFO: Receive loop #9 received 16384 bytes in 0.032000ms
[2025-01-31 15:46:30.600316] INFO: Receive loop #10 received 16384 bytes in 0.028000ms
[2025-01-31 15:46:31.804865] INFO: Receive loop #11 received 16384 bytes in 0.033000ms
[2025-01-31 15:46:32.565058] INFO: Receive loop #12 received 7663 bytes in 0.018000ms
[2025-01-31 15:46:33.339188] INFO: Response received in 13463.946000ms
[2025-01-31 15:46:33.959934] INFO: File saved in 0.539000ms
[2025-01-31 15:46:34.527359] INFO: File saved to: /home/vc/kurotaka/objects/temp_59
[2025-01-31 15:46:35.094648] INFO: Execution permission granted to: /home/vc/kurotaka/objects/temp_59
[2025-01-31 15:46:35.646342] INFO: Executing command: /home/vc/kurotaka/objects/temp_59 13 128 1
[2025-01-31 15:46:43.689213] INFO: Command executed in 7208.230000ms
[2025-01-31 15:46:44.753379] INFO: Result saved to: /home/vc/kurotaka/results/result_59
[2025-01-31 15:46:45.267637] INFO: Second connection established in 0.223000ms
[2025-01-31 15:46:46.255822] INFO: Sending result upload request
[2025-01-31 15:46:47.663520] INFO: Second request sent in 0.025000ms
[2025-01-31 15:46:48.258825] INFO: Result uploaded in 0.055000ms
[2025-01-31 15:46:48.719035] INFO: Process completed successfully. Total execution time in 30356.786000ms

