
[2025-01-31 15:46:18.738240] INFO: Process started with ID: 122
[2025-01-31 15:46:19.007343] INFO: First connection established in 0.219000ms
[2025-01-31 15:46:19.488421] INFO: Sending request: GET /http_server/send-object.php?ID=122 HTTP/1.1
Host: 192.168.100.3
Connection: close


[2025-01-31 15:46:20.274497] INFO: First request sent in 0.033000ms
[2025-01-31 15:46:21.477675] INFO: Time from request to first response in 0.029000ms
[2025-01-31 15:46:22.354705] INFO: Received headers - MPI-Rank: 45, Group-ID: 1, Job-ID: 1, Sub-Job-ID: 46, Rank-Count: 128
[2025-01-31 15:46:23.226103] INFO: Receive loop #1 received 16384 bytes in 1880.005000ms
[2025-01-31 15:46:24.558665] INFO: Receive loop #2 received 16384 bytes in 0.060000ms
[2025-01-31 15:46:25.455489] INFO: Receive loop #3 received 16384 bytes in 0.077000ms
[2025-01-31 15:46:26.452582] INFO: Receive loop #4 received 16384 bytes in 0.112000ms
[2025-01-31 15:46:27.811035] INFO: Receive loop #5 received 16384 bytes in 0.029000ms
[2025-01-31 15:46:28.486648] INFO: Receive loop #6 received 16384 bytes in 0.031000ms
[2025-01-31 15:46:29.744881] INFO: Receive loop #7 received 16384 bytes in 0.028000ms
[2025-01-31 15:46:30.366259] INFO: Receive loop #8 received 16384 bytes in 0.280000ms
[2025-01-31 15:46:31.438289] INFO: Receive loop #9 received 16384 bytes in 0.030000ms
[2025-01-31 15:46:32.433460] INFO: Receive loop #10 received 16384 bytes in 0.028000ms
[2025-01-31 15:46:33.081443] INFO: Receive loop #11 received 16384 bytes in 0.028000ms
[2025-01-31 15:46:33.780952] INFO: Receive loop #12 received 7663 bytes in 0.018000ms
[2025-01-31 15:46:34.394664] INFO: Response received in 13216.070000ms
[2025-01-31 15:46:34.955751] INFO: File saved in 0.469000ms
[2025-01-31 15:46:35.519688] INFO: File saved to: /home/vc/kurotaka/objects/temp_122
[2025-01-31 15:46:36.048100] INFO: Execution permission granted to: /home/vc/kurotaka/objects/temp_122
[2025-01-31 15:46:36.901346] INFO: Executing command: /home/vc/kurotaka/objects/temp_122 45 128 1
[2025-01-31 15:46:44.262643] INFO: Command executed in 6409.520000ms
[2025-01-31 15:46:44.979040] INFO: Result saved to: /home/vc/kurotaka/results/result_122
[2025-01-31 15:46:45.699407] INFO: Second connection established in 0.152000ms
[2025-01-31 15:46:46.778377] INFO: Sending result upload request
[2025-01-31 15:46:47.986593] INFO: Second request sent in 0.025000ms
[2025-01-31 15:46:48.497204] INFO: Result uploaded in 0.053000ms
[2025-01-31 15:46:48.901915] INFO: Process completed successfully. Total execution time in 30472.346000ms

