
[2025-01-31 15:46:22.277560] INFO: Process started with ID: 43
[2025-01-31 15:46:23.045674] INFO: First connection established in 0.153000ms
[2025-01-31 15:46:24.301987] INFO: Sending request: GET /http_server/send-object.php?ID=43 HTTP/1.1
Host: 192.168.100.3
Connection: close


[2025-01-31 15:46:25.290069] INFO: First request sent in 0.040000ms
[2025-01-31 15:46:26.161879] INFO: Time from request to first response in 0.033000ms
[2025-01-31 15:46:27.491066] INFO: Received headers - MPI-Rank: 111, Group-ID: 1, Job-ID: 1, Sub-Job-ID: 112, Rank-Count: 128
[2025-01-31 15:46:28.278636] INFO: Receive loop #1 received 16384 bytes in 2249.694000ms
[2025-01-31 15:46:29.350305] INFO: Receive loop #2 received 16384 bytes in 0.065000ms
[2025-01-31 15:46:30.155626] INFO: Receive loop #3 received 16384 bytes in 0.090000ms
[2025-01-31 15:46:31.170256] INFO: Receive loop #4 received 16384 bytes in 0.115000ms
[2025-01-31 15:46:32.326907] INFO: Receive loop #5 received 16384 bytes in 0.034000ms
[2025-01-31 15:46:32.895311] INFO: Receive loop #6 received 16384 bytes in 0.032000ms
[2025-01-31 15:46:33.659152] INFO: Receive loop #7 received 16384 bytes in 0.028000ms
[2025-01-31 15:46:34.302426] INFO: Receive loop #8 received 16384 bytes in 0.313000ms
[2025-01-31 15:46:34.813909] INFO: Receive loop #9 received 16384 bytes in 0.035000ms
[2025-01-31 15:46:35.427045] INFO: Receive loop #10 received 16384 bytes in 0.033000ms
[2025-01-31 15:46:35.940101] INFO: Receive loop #11 received 16384 bytes in 0.038000ms
[2025-01-31 15:46:36.403215] INFO: Receive loop #12 received 7665 bytes in 0.006000ms
[2025-01-31 15:46:37.282371] INFO: Response received in 11121.389000ms
[2025-01-31 15:46:37.819695] INFO: File saved in 0.652000ms
[2025-01-31 15:46:38.341624] INFO: File saved to: /home/vc/kurotaka/objects/temp_43
[2025-01-31 15:46:39.479394] INFO: Execution permission granted to: /home/vc/kurotaka/objects/temp_43
[2025-01-31 15:46:39.761518] INFO: Executing command: /home/vc/kurotaka/objects/temp_43 111 128 1
[2025-01-31 15:46:43.689500] INFO: Command executed in 3271.478000ms
[2025-01-31 15:46:44.768375] INFO: Result saved to: /home/vc/kurotaka/results/result_43
[2025-01-31 15:46:45.370613] INFO: Second connection established in 0.230000ms
[2025-01-31 15:46:46.326164] INFO: Sending result upload request
[2025-01-31 15:46:47.786540] INFO: Second request sent in 0.023000ms
[2025-01-31 15:46:48.280941] INFO: Result uploaded in 0.052000ms
[2025-01-31 15:46:48.741061] INFO: Process completed successfully. Total execution time in 30431.163000ms

