
[2025-01-31 17:47:14] Program started at 2025-01-31 17:47:14.4157
[2025-01-31 17:47:14] [getClientID] MySQL connection established. Execution time: 0.232 ms
[2025-01-31 17:47:14] [getClientID] SELECT table_name FROM table_registry WHERE id = :job_id / Execution time: 0.396 ms
[2025-01-31 17:47:14] [getClientID] SELECT client FROM `matrix` WHERE id = :sub_job_id / Execution time: 0.163 ms
[2025-01-31 17:47:14] getClientID completed. Execution time: 0.930 ms
[2025-01-31 17:47:14] Read file completed. Execution time: 0.010 ms
[2025-01-31 17:47:14] File saved successfully: uploads/job_1/group_1/result_39
[2025-01-31 17:47:14] [updateStatus] MySQL connection established. Execution time: 0.082 ms
[2025-01-31 17:47:14] [updateStatus] SELECT table_name FROM table_registry WHERE id = :job_id FOR UPDATE / Execution time: 1.071 ms
[2025-01-31 17:47:14] [updateStatus] UPDATE `matrix` SET status = :status WHERE id = :sub_job_id / Execution time: 0.177 ms
[2025-01-31 17:47:14] [updateStatus] SELECT COUNT_RECORDS FROM `matrix` / Execution time: 0.394 ms
[2025-01-31 17:47:14] [updateStatus] UPDATE table_registry SET status = :status WHERE id = :job_id / Execution time: 0.117 ms
[2025-01-31 17:47:14] updateStatus completed. Execution time: 233.632 ms
[2025-01-31 17:47:14] Write file completed. Execution time: 233.971 ms
[2025-01-31 17:47:14] [getGroupStatus] MySQL connection established. Execution time: 0.069 ms
[2025-01-31 17:47:14] [getGroupStatus] SELECT table_name FROM table_registry WHERE id = :job_id / Execution time: 0.337 ms
[2025-01-31 17:47:14] [getGroupStatus] SELECT status FROM `matrix` WHERE group_id = :group_id / Execution time: 1.059 ms
[2025-01-31 17:47:14] getGroupStatus completed. Execution time: 1.597 ms
[2025-01-31 17:47:14] Group 1 is not completed yet.
[2025-01-31 17:47:14] Program completed. Total execution time: 238.429 ms

