
[2025-01-31 17:47:16] Program started at 2025-01-31 17:47:16.2583
[2025-01-31 17:47:16] [getClientID] MySQL connection established. Execution time: 0.315 ms
[2025-01-31 17:47:16] [getClientID] SELECT table_name FROM table_registry WHERE id = :job_id / Execution time: 0.469 ms
[2025-01-31 17:47:16] [getClientID] SELECT client FROM `matrix` WHERE id = :sub_job_id / Execution time: 0.221 ms
[2025-01-31 17:47:16] getClientID completed. Execution time: 1.188 ms
[2025-01-31 17:47:16] Read file completed. Execution time: 0.015 ms
[2025-01-31 17:47:16] File saved successfully: uploads/job_1/group_1/result_194
[2025-01-31 17:47:16] [updateStatus] MySQL connection established. Execution time: 0.125 ms
[2025-01-31 17:47:16] [updateStatus] SELECT table_name FROM table_registry WHERE id = :job_id FOR UPDATE / Execution time: 0.238 ms
[2025-01-31 17:47:16] [updateStatus] UPDATE `matrix` SET status = :status WHERE id = :sub_job_id / Execution time: 0.287 ms
[2025-01-31 17:47:16] [updateStatus] SELECT COUNT_RECORDS FROM `matrix` / Execution time: 0.710 ms
[2025-01-31 17:47:16] [updateStatus] UPDATE table_registry SET status = :status WHERE id = :job_id / Execution time: 0.203 ms
[2025-01-31 17:47:16] updateStatus completed. Execution time: 4.553 ms
[2025-01-31 17:47:16] Write file completed. Execution time: 4.926 ms
[2025-01-31 17:47:16] [getGroupStatus] MySQL connection established. Execution time: 0.056 ms
[2025-01-31 17:47:16] [getGroupStatus] SELECT table_name FROM table_registry WHERE id = :job_id / Execution time: 0.209 ms
[2025-01-31 17:47:16] [getGroupStatus] SELECT status FROM `matrix` WHERE group_id = :group_id / Execution time: 0.615 ms
[2025-01-31 17:47:16] getGroupStatus completed. Execution time: 0.950 ms
[2025-01-31 17:47:16] Group 1 is not completed yet.
[2025-01-31 17:47:16] Program completed. Total execution time: 9.930 ms

