
[2025-01-31 17:47:10] Program started at 2025-01-31 17:47:10.6002
[2025-01-31 17:47:10] [getClientID] MySQL connection established. Execution time: 0.368 ms
[2025-01-31 17:47:10] [getClientID] SELECT table_name FROM table_registry WHERE id = :job_id / Execution time: 0.481 ms
[2025-01-31 17:47:10] [getClientID] SELECT client FROM `matrix` WHERE id = :sub_job_id / Execution time: 0.221 ms
[2025-01-31 17:47:10] getClientID completed. Execution time: 1.257 ms
[2025-01-31 17:47:10] Read file completed. Execution time: 0.014 ms
[2025-01-31 17:47:10] File saved successfully: uploads/job_1/group_1/result_154
[2025-01-31 17:47:10] [updateStatus] MySQL connection established. Execution time: 0.124 ms
[2025-01-31 17:47:10] [updateStatus] SELECT table_name FROM table_registry WHERE id = :job_id FOR UPDATE / Execution time: 0.237 ms
[2025-01-31 17:47:10] [updateStatus] UPDATE `matrix` SET status = :status WHERE id = :sub_job_id / Execution time: 0.262 ms
[2025-01-31 17:47:10] [updateStatus] SELECT COUNT_RECORDS FROM `matrix` / Execution time: 0.705 ms
[2025-01-31 17:47:10] [updateStatus] UPDATE table_registry SET status = :status WHERE id = :job_id / Execution time: 0.202 ms
[2025-01-31 17:47:10] updateStatus completed. Execution time: 19.484 ms
[2025-01-31 17:47:10] Write file completed. Execution time: 19.855 ms
[2025-01-31 17:47:10] [getGroupStatus] MySQL connection established. Execution time: 0.083 ms
[2025-01-31 17:47:10] [getGroupStatus] SELECT table_name FROM table_registry WHERE id = :job_id / Execution time: 0.278 ms
[2025-01-31 17:47:10] [getGroupStatus] SELECT status FROM `matrix` WHERE group_id = :group_id / Execution time: 0.727 ms
[2025-01-31 17:47:10] getGroupStatus completed. Execution time: 1.270 ms
[2025-01-31 17:47:10] Group 1 is not completed yet.
[2025-01-31 17:47:10] Program completed. Total execution time: 25.164 ms

