
[2025-01-31 17:47:16] Program started at 2025-01-31 17:47:16.6499
[2025-01-31 17:47:16] [getClientID] MySQL connection established. Execution time: 0.261 ms
[2025-01-31 17:47:16] [getClientID] SELECT table_name FROM table_registry WHERE id = :job_id / Execution time: 0.427 ms
[2025-01-31 17:47:16] [getClientID] SELECT client FROM `matrix` WHERE id = :sub_job_id / Execution time: 0.184 ms
[2025-01-31 17:47:16] getClientID completed. Execution time: 0.959 ms
[2025-01-31 17:47:16] Read file completed. Execution time: 0.007 ms
[2025-01-31 17:47:16] File saved successfully: uploads/job_1/group_1/result_112
[2025-01-31 17:47:16] [updateStatus] MySQL connection established. Execution time: 0.101 ms
[2025-01-31 17:47:16] [updateStatus] SELECT table_name FROM table_registry WHERE id = :job_id FOR UPDATE / Execution time: 0.332 ms
[2025-01-31 17:47:16] [updateStatus] UPDATE `matrix` SET status = :status WHERE id = :sub_job_id / Execution time: 0.238 ms
[2025-01-31 17:47:16] [updateStatus] SELECT COUNT_RECORDS FROM `matrix` / Execution time: 0.469 ms
[2025-01-31 17:47:16] [updateStatus] UPDATE table_registry SET status = :status WHERE id = :job_id / Execution time: 0.134 ms
[2025-01-31 17:47:16] updateStatus completed. Execution time: 217.948 ms
[2025-01-31 17:47:16] Write file completed. Execution time: 220.436 ms
[2025-01-31 17:47:16] [getGroupStatus] MySQL connection established. Execution time: 0.083 ms
[2025-01-31 17:47:16] [getGroupStatus] SELECT table_name FROM table_registry WHERE id = :job_id / Execution time: 0.323 ms
[2025-01-31 17:47:16] [getGroupStatus] SELECT status FROM `matrix` WHERE group_id = :group_id / Execution time: 0.860 ms
[2025-01-31 17:47:16] getGroupStatus completed. Execution time: 1.460 ms
[2025-01-31 17:47:16] Group 1 is not completed yet.
[2025-01-31 17:47:16] Program completed. Total execution time: 224.121 ms

