
[2025-01-31 17:47:11] Program started at 2025-01-31 17:47:11.5304
[2025-01-31 17:47:11] [getClientID] MySQL connection established. Execution time: 0.292 ms
[2025-01-31 17:47:11] [getClientID] SELECT table_name FROM table_registry WHERE id = :job_id / Execution time: 0.460 ms
[2025-01-31 17:47:11] [getClientID] SELECT client FROM `matrix` WHERE id = :sub_job_id / Execution time: 0.305 ms
[2025-01-31 17:47:11] getClientID completed. Execution time: 1.263 ms
[2025-01-31 17:47:11] Read file completed. Execution time: 0.008 ms
[2025-01-31 17:47:11] File saved successfully: uploads/job_1/group_1/result_231
[2025-01-31 17:47:11] [updateStatus] MySQL connection established. Execution time: 0.137 ms
[2025-01-31 17:47:11] [updateStatus] SELECT table_name FROM table_registry WHERE id = :job_id FOR UPDATE / Execution time: 4.307 ms
[2025-01-31 17:47:11] [updateStatus] UPDATE `matrix` SET status = :status WHERE id = :sub_job_id / Execution time: 0.305 ms
[2025-01-31 17:47:11] [updateStatus] SELECT COUNT_RECORDS FROM `matrix` / Execution time: 0.260 ms
[2025-01-31 17:47:11] [updateStatus] UPDATE table_registry SET status = :status WHERE id = :job_id / Execution time: 0.089 ms
[2025-01-31 17:47:11] updateStatus completed. Execution time: 67.019 ms
[2025-01-31 17:47:11] Write file completed. Execution time: 67.297 ms
[2025-01-31 17:47:11] [getGroupStatus] MySQL connection established. Execution time: 0.115 ms
[2025-01-31 17:47:11] [getGroupStatus] SELECT table_name FROM table_registry WHERE id = :job_id / Execution time: 0.375 ms
[2025-01-31 17:47:11] [getGroupStatus] SELECT status FROM `matrix` WHERE group_id = :group_id / Execution time: 1.111 ms
[2025-01-31 17:47:11] getGroupStatus completed. Execution time: 1.876 ms
[2025-01-31 17:47:11] Group 1 is not completed yet.
[2025-01-31 17:47:11] Program completed. Total execution time: 75.072 ms

