
[2025-01-31 16:00:58.681691] INFO: Process started with ID: 87
[2025-01-31 16:00:59.542741] INFO: First connection established in 0.406000ms
[2025-01-31 16:01:00.110249] INFO: Sending request: GET /http_server/send-object.php?ID=87 HTTP/1.1
Host: 192.168.100.3
Connection: close


[2025-01-31 16:01:00.993192] INFO: First request sent in 0.036000ms
[2025-01-31 16:01:02.246404] INFO: Time from request to first response in 0.031000ms
[2025-01-31 16:01:03.135494] INFO: Received headers - MPI-Rank: 105, Group-ID: 1, Job-ID: 1, Sub-Job-ID: 106, Rank-Count: 128
[2025-01-31 16:01:03.972640] INFO: Receive loop #1 received 16384 bytes in 1834.114000ms
[2025-01-31 16:01:05.275384] INFO: Receive loop #2 received 16384 bytes in 0.060000ms
[2025-01-31 16:01:06.208152] INFO: Receive loop #3 received 16384 bytes in 0.076000ms
[2025-01-31 16:01:06.927289] INFO: Receive loop #4 received 16384 bytes in 0.113000ms
[2025-01-31 16:01:08.154581] INFO: Receive loop #5 received 16384 bytes in 0.030000ms
[2025-01-31 16:01:09.206016] INFO: Receive loop #6 received 16384 bytes in 0.029000ms
[2025-01-31 16:01:09.863548] INFO: Receive loop #7 received 16384 bytes in 0.029000ms
[2025-01-31 16:01:10.935024] INFO: Receive loop #8 received 16384 bytes in 0.333000ms
[2025-01-31 16:01:12.239627] INFO: Receive loop #9 received 16384 bytes in 0.037000ms
[2025-01-31 16:01:12.886182] INFO: Receive loop #10 received 16384 bytes in 0.030000ms
[2025-01-31 16:01:13.938532] INFO: Receive loop #11 received 16384 bytes in 0.028000ms
[2025-01-31 16:01:15.150307] INFO: Receive loop #12 received 7665 bytes in 0.023000ms
[2025-01-31 16:01:15.953958] INFO: Response received in 13891.571000ms
[2025-01-31 16:01:17.045198] INFO: File saved in 0.521000ms
[2025-01-31 16:01:17.610367] INFO: File saved to: /home/vc/kurotaka/objects/temp_87
[2025-01-31 16:01:18.056655] INFO: Execution permission granted to: /home/vc/kurotaka/objects/temp_87
[2025-01-31 16:01:18.603557] INFO: Executing command: /home/vc/kurotaka/objects/temp_87 105 128 1
[2025-01-31 16:01:22.785140] INFO: Command executed in 3810.245000ms
[2025-01-31 16:01:24.078156] INFO: Result saved to: /home/vc/kurotaka/results/result_87
[2025-01-31 16:01:24.589391] INFO: Second connection established in 0.157000ms
[2025-01-31 16:01:25.200464] INFO: Sending result upload request
[2025-01-31 16:01:26.399484] INFO: Second request sent in 0.029000ms
[2025-01-31 16:01:27.384821] INFO: Result uploaded in 0.037000ms
[2025-01-31 16:01:28.118863] INFO: Process completed successfully. Total execution time in 31999.085000ms

