
[2025-01-31 17:53:20] Program started at 2025-01-31 17:53:20.1706
[2025-01-31 17:53:20] [getClientID] MySQL connection established. Execution time: 0.504 ms
[2025-01-31 17:53:20] [getClientID] SELECT table_name FROM table_registry WHERE id = :job_id / Execution time: 0.387 ms
[2025-01-31 17:53:20] [getClientID] SELECT client FROM `matrix` WHERE id = :sub_job_id / Execution time: 0.317 ms
[2025-01-31 17:53:20] getClientID completed. Execution time: 1.508 ms
[2025-01-31 17:53:20] Read file completed. Execution time: 0.014 ms
[2025-01-31 17:53:20] File saved successfully: uploads/job_1/group_1/result_100
[2025-01-31 17:53:20] [updateStatus] MySQL connection established. Execution time: 0.177 ms
[2025-01-31 17:53:20] [updateStatus] SELECT table_name FROM table_registry WHERE id = :job_id FOR UPDATE / Execution time: 1.247 ms
[2025-01-31 17:53:20] [updateStatus] UPDATE `matrix` SET status = :status WHERE id = :sub_job_id / Execution time: 0.294 ms
[2025-01-31 17:53:20] [updateStatus] SELECT COUNT_RECORDS FROM `matrix` / Execution time: 0.392 ms
[2025-01-31 17:53:20] [updateStatus] UPDATE table_registry SET status = :status WHERE id = :job_id / Execution time: 0.208 ms
[2025-01-31 17:53:20] updateStatus completed. Execution time: 73.824 ms
[2025-01-31 17:53:20] Write file completed. Execution time: 74.250 ms
[2025-01-31 17:53:20] [getGroupStatus] MySQL connection established. Execution time: 0.084 ms
[2025-01-31 17:53:20] [getGroupStatus] SELECT table_name FROM table_registry WHERE id = :job_id / Execution time: 0.422 ms
[2025-01-31 17:53:20] [getGroupStatus] SELECT status FROM `matrix` WHERE group_id = :group_id / Execution time: 0.524 ms
[2025-01-31 17:53:20] getGroupStatus completed. Execution time: 1.214 ms
[2025-01-31 17:53:20] Group 1 is not completed yet.
[2025-01-31 17:53:20] Program completed. Total execution time: 80.088 ms

