
[2025-01-31 17:53:20] Program started at 2025-01-31 17:53:20.1787
[2025-01-31 17:53:20] [getClientID] MySQL connection established. Execution time: 0.529 ms
[2025-01-31 17:53:20] [getClientID] SELECT table_name FROM table_registry WHERE id = :job_id / Execution time: 0.313 ms
[2025-01-31 17:53:20] [getClientID] SELECT client FROM `matrix` WHERE id = :sub_job_id / Execution time: 0.165 ms
[2025-01-31 17:53:20] getClientID completed. Execution time: 1.110 ms
[2025-01-31 17:53:20] Read file completed. Execution time: 0.007 ms
[2025-01-31 17:53:20] File saved successfully: uploads/job_1/group_1/result_26
[2025-01-31 17:53:20] [updateStatus] MySQL connection established. Execution time: 0.095 ms
[2025-01-31 17:53:20] [updateStatus] SELECT table_name FROM table_registry WHERE id = :job_id FOR UPDATE / Execution time: 0.176 ms
[2025-01-31 17:53:20] [updateStatus] UPDATE `matrix` SET status = :status WHERE id = :sub_job_id / Execution time: 0.181 ms
[2025-01-31 17:53:20] [updateStatus] SELECT COUNT_RECORDS FROM `matrix` / Execution time: 0.370 ms
[2025-01-31 17:53:20] [updateStatus] UPDATE table_registry SET status = :status WHERE id = :job_id / Execution time: 0.167 ms
[2025-01-31 17:53:20] updateStatus completed. Execution time: 67.277 ms
[2025-01-31 17:53:20] Write file completed. Execution time: 67.589 ms
[2025-01-31 17:53:20] [getGroupStatus] MySQL connection established. Execution time: 0.060 ms
[2025-01-31 17:53:20] [getGroupStatus] SELECT table_name FROM table_registry WHERE id = :job_id / Execution time: 0.350 ms
[2025-01-31 17:53:20] [getGroupStatus] SELECT status FROM `matrix` WHERE group_id = :group_id / Execution time: 0.452 ms
[2025-01-31 17:53:20] getGroupStatus completed. Execution time: 0.987 ms
[2025-01-31 17:53:20] Group 1 is not completed yet.
[2025-01-31 17:53:20] Program completed. Total execution time: 71.588 ms

