
[2025-01-22 15:05:31.230305] INFO: Process started with ID: 89
[2025-01-22 15:05:33.213172] INFO: First connection established in 0.302000ms
[2025-01-22 15:05:34.850797] INFO: Sending request: GET /http_server/send-object.php?ID=89 HTTP/1.1
Host: 192.168.100.3
Connection: close


[2025-01-22 15:05:37.006419] INFO: First request sent in 0.022000ms
[2025-01-22 15:05:39.497504] INFO: Time from request to first response:0.030000ms
[2025-01-22 15:05:41.080483] INFO: Received headers - MPI-Rank: 184, Group-ID: 1, Job-ID: 1, Sub-Job-ID: 185, Rank-Count: 256
[2025-01-22 15:05:43.244832] INFO: Receive loop #1 received 16384 bytes in 4283.233000ms
[2025-01-22 15:05:44.364202] INFO: Receive loop #2 received 16384 bytes in 0.069000ms
[2025-01-22 15:05:46.052881] INFO: Receive loop #3 received 16384 bytes in 0.079000ms
[2025-01-22 15:05:48.150143] INFO: Receive loop #4 received 16384 bytes in 0.110000ms
[2025-01-22 15:05:49.668719] INFO: Receive loop #5 received 16384 bytes in 0.005000ms
[2025-01-22 15:05:50.595619] INFO: Receive loop #6 received 16384 bytes in 0.032000ms
[2025-01-22 15:05:51.987119] INFO: Receive loop #7 received 16384 bytes in 0.031000ms
[2025-01-22 15:05:53.855625] INFO: Receive loop #8 received 16384 bytes in 0.247000ms
[2025-01-22 15:05:55.872236] INFO: Receive loop #9 received 16384 bytes in 0.030000ms
[2025-01-22 15:05:58.070669] INFO: Receive loop #10 received 16384 bytes in 0.032000ms
[2025-01-22 15:05:58.976253] INFO: Receive loop #11 received 16384 bytes in 0.005000ms
[2025-01-22 15:06:00.665927] INFO: Receive loop #12 received 7665 bytes in 0.019000ms
[2025-01-22 15:06:02.584026] INFO: Response received in 23578.524000ms
[2025-01-22 15:06:04.916518] INFO: File saved in 0.516000ms
[2025-01-22 15:06:07.414423] INFO: File saved to: /home/vc/kurotaka/objects/temp_89
[2025-01-22 15:06:08.616092] INFO: Execution permission granted to: /home/vc/kurotaka/objects/temp_89
[2025-01-22 15:06:10.236343] INFO: Executing command: .//home/vc/kurotaka/objects/temp_89 184 256
[2025-01-22 15:06:11.360337] INFO: Command executed in 2.377000ms
[2025-01-22 15:06:12.541169] INFO: Result saved to: /home/vc/kurotaka/results/result_89
[2025-01-22 15:06:14.748365] INFO: Second connection established in 0.172000ms
[2025-01-22 15:06:16.095462] INFO: Sending result upload request
[2025-01-22 15:06:18.118684] INFO: Second request sent in 0.003000ms
[2025-01-22 15:06:18.976600] INFO: Result uploaded in 0.007000ms
[2025-01-22 15:06:20.285883] INFO: Process completed successfully. Total execution time: 54564.377000ms

