
[2025-01-22 15:11:28.988374] INFO: Process started with ID: 237
[2025-01-22 15:11:30.497707] INFO: First connection established in 0.271000ms
[2025-01-22 15:11:32.441531] INFO: Sending request: GET /http_server/send-object.php?ID=237 HTTP/1.1
Host: 192.168.100.3
Connection: close


[2025-01-22 15:11:34.578187] INFO: First request sent in 0.039000ms
[2025-01-22 15:11:36.199804] INFO: Time from request to first response:0.035000ms
[2025-01-22 15:11:38.468942] INFO: Received headers - MPI-Rank: 117, Group-ID: 1, Job-ID: 1, Sub-Job-ID: 118, Rank-Count: 256
[2025-01-22 15:11:41.082014] INFO: Receive loop #1 received 16384 bytes in 4276.303000ms
[2025-01-22 15:11:42.586339] INFO: Receive loop #2 received 16384 bytes in 0.059000ms
[2025-01-22 15:11:44.760709] INFO: Receive loop #3 received 16384 bytes in 0.075000ms
[2025-01-22 15:11:45.914381] INFO: Receive loop #4 received 16384 bytes in 0.109000ms
[2025-01-22 15:11:47.596285] INFO: Receive loop #5 received 16384 bytes in 0.029000ms
[2025-01-22 15:11:49.653038] INFO: Receive loop #6 received 16384 bytes in 0.007000ms
[2025-01-22 15:11:51.191547] INFO: Receive loop #7 received 16384 bytes in 0.030000ms
[2025-01-22 15:11:52.115110] INFO: Receive loop #8 received 16384 bytes in 0.248000ms
[2025-01-22 15:11:53.429223] INFO: Receive loop #9 received 16384 bytes in 0.030000ms
[2025-01-22 15:11:55.347885] INFO: Receive loop #10 received 16384 bytes in 0.030000ms
[2025-01-22 15:11:57.380470] INFO: Receive loop #11 received 16384 bytes in 0.027000ms
[2025-01-22 15:11:59.491445] INFO: Receive loop #12 received 7665 bytes in 0.017000ms
[2025-01-22 15:12:00.488378] INFO: Response received in 24677.568000ms
[2025-01-22 15:12:02.013154] INFO: File saved in 0.471000ms
[2025-01-22 15:12:03.981744] INFO: File saved to: /home/vc/kurotaka/objects/temp_237
[2025-01-22 15:12:06.256788] INFO: Execution permission granted to: /home/vc/kurotaka/objects/temp_237
[2025-01-22 15:12:08.593203] INFO: Executing command: .//home/vc/kurotaka/objects/temp_237 117 256
[2025-01-22 15:12:09.930802] INFO: Command executed in 2.345000ms
[2025-01-22 15:12:11.065587] INFO: Result saved to: /home/vc/kurotaka/results/result_237
[2025-01-22 15:12:12.536234] INFO: Second connection established in 0.221000ms
[2025-01-22 15:12:13.870756] INFO: Sending result upload request
[2025-01-22 15:12:15.243830] INFO: Second request sent in 0.005000ms
[2025-01-22 15:12:17.062502] INFO: Result uploaded in 0.006000ms
[2025-01-22 15:12:18.832926] INFO: Process completed successfully. Total execution time: 51455.857000ms

