
[2025-01-22 15:05:28.402221] INFO: Process started with ID: 10
[2025-01-22 15:05:30.002103] INFO: First connection established in 0.239000ms
[2025-01-22 15:05:30.750468] INFO: Sending request: GET /http_server/send-object.php?ID=10 HTTP/1.1
Host: 192.168.100.3
Connection: close


[2025-01-22 15:05:32.300240] INFO: First request sent in 0.034000ms
[2025-01-22 15:05:33.641628] INFO: Time from request to first response:0.028000ms
[2025-01-22 15:05:34.982346] INFO: Received headers - MPI-Rank: 123, Group-ID: 1, Job-ID: 1, Sub-Job-ID: 124, Rank-Count: 256
[2025-01-22 15:05:36.903661] INFO: Receive loop #1 received 16384 bytes in 3429.726000ms
[2025-01-22 15:05:39.388293] INFO: Receive loop #2 received 16384 bytes in 0.085000ms
[2025-01-22 15:05:40.840286] INFO: Receive loop #3 received 16384 bytes in 0.076000ms
[2025-01-22 15:05:43.023901] INFO: Receive loop #4 received 16384 bytes in 0.109000ms
[2025-01-22 15:05:44.251970] INFO: Receive loop #5 received 16384 bytes in 0.029000ms
[2025-01-22 15:05:45.899770] INFO: Receive loop #6 received 16384 bytes in 0.031000ms
[2025-01-22 15:05:48.042957] INFO: Receive loop #7 received 16384 bytes in 0.030000ms
[2025-01-22 15:05:49.605065] INFO: Receive loop #8 received 16384 bytes in 0.323000ms
[2025-01-22 15:05:50.529140] INFO: Receive loop #9 received 16384 bytes in 0.032000ms
[2025-01-22 15:05:51.806118] INFO: Receive loop #10 received 16384 bytes in 0.031000ms
[2025-01-22 15:05:53.702279] INFO: Receive loop #11 received 16384 bytes in 0.030000ms
[2025-01-22 15:05:55.750183] INFO: Receive loop #12 received 7665 bytes in 0.021000ms
[2025-01-22 15:05:57.894976] INFO: Response received in 24432.307000ms
[2025-01-22 15:05:58.903252] INFO: File saved in 0.748000ms
[2025-01-22 15:06:00.428274] INFO: File saved to: /home/vc/kurotaka/objects/temp_10
[2025-01-22 15:06:02.396514] INFO: Execution permission granted to: /home/vc/kurotaka/objects/temp_10
[2025-01-22 15:06:04.672037] INFO: Executing command: .//home/vc/kurotaka/objects/temp_10 123 256
[2025-01-22 15:06:07.008154] INFO: Command executed in 2.560000ms
[2025-01-22 15:06:08.345763] INFO: Result saved to: /home/vc/kurotaka/results/result_10
[2025-01-22 15:06:09.480431] INFO: Second connection established in 0.114000ms
[2025-01-22 15:06:10.894684] INFO: Sending result upload request
[2025-01-22 15:06:11.666472] INFO: Second request sent in 0.002000ms
[2025-01-22 15:06:12.540996] INFO: Result uploaded in 0.007000ms
[2025-01-22 15:06:13.615143] INFO: Process completed successfully. Total execution time: 48005.914000ms

