
[2025-01-22 15:05:25.402273] INFO: Process started with ID: 0
[2025-01-22 15:05:25.577741] INFO: First connection established in 0.177000ms
[2025-01-22 15:05:25.778884] INFO: Sending request: GET /http_server/send-object.php?ID=0 HTTP/1.1
Host: 192.168.100.3
Connection: close


[2025-01-22 15:05:25.986703] INFO: First request sent in 0.028000ms
[2025-01-22 15:05:26.403017] INFO: Time from request to first response:0.027000ms
[2025-01-22 15:05:27.072984] INFO: Received headers - MPI-Rank: 8, Group-ID: 1, Job-ID: 1, Sub-Job-ID: 9, Rank-Count: 256
[2025-01-22 15:05:27.557852] INFO: Receive loop #1 received 16384 bytes in 1116.722000ms
[2025-01-22 15:05:28.402514] INFO: Receive loop #2 received 16384 bytes in 0.070000ms
[2025-01-22 15:05:30.106283] INFO: Receive loop #3 received 16384 bytes in 0.101000ms
[2025-01-22 15:05:30.831802] INFO: Receive loop #4 received 16384 bytes in 0.135000ms
[2025-01-22 15:05:32.353815] INFO: Receive loop #5 received 16384 bytes in 0.037000ms
[2025-01-22 15:05:33.705567] INFO: Receive loop #6 received 16384 bytes in 0.028000ms
[2025-01-22 15:05:35.150472] INFO: Receive loop #7 received 16384 bytes in 0.028000ms
[2025-01-22 15:05:36.983595] INFO: Receive loop #8 received 16384 bytes in 0.300000ms
[2025-01-22 15:05:39.495997] INFO: Receive loop #9 received 16384 bytes in 0.038000ms
[2025-01-22 15:05:40.918635] INFO: Receive loop #10 received 16384 bytes in 0.031000ms
[2025-01-22 15:05:43.152331] INFO: Receive loop #11 received 16384 bytes in 0.028000ms
[2025-01-22 15:05:44.299305] INFO: Receive loop #12 received 7661 bytes in 0.022000ms
[2025-01-22 15:05:45.899841] INFO: Response received in 19061.173000ms
[2025-01-22 15:05:48.043323] INFO: File saved in 0.702000ms
[2025-01-22 15:05:49.605506] INFO: File saved to: /home/vc/kurotaka/objects/temp_0
[2025-01-22 15:05:51.419443] INFO: Execution permission granted to: /home/vc/kurotaka/objects/temp_0
[2025-01-22 15:05:53.525904] INFO: Executing command: .//home/vc/kurotaka/objects/temp_0 8 256
[2025-01-22 15:05:55.621302] INFO: Command executed in 2.515000ms
[2025-01-22 15:05:57.793132] INFO: Result saved to: /home/vc/kurotaka/results/result_0
[2025-01-22 15:05:58.852806] INFO: Second connection established in 0.299000ms
[2025-01-22 15:06:00.386837] INFO: Sending result upload request
[2025-01-22 15:06:02.345981] INFO: Second request sent in 0.025000ms
[2025-01-22 15:06:04.636675] INFO: Result uploaded in 0.035000ms
[2025-01-22 15:06:06.903417] INFO: Process completed successfully. Total execution time: 40912.365000ms

