
[2025-01-28 15:34:36] Program started at 2025-01-28 15:34:36.0686
[2025-01-28 15:34:36] [getClientID] MySQL connection established. Execution time: 0.441 ms
[2025-01-28 15:34:36] [getClientID] SELECT table_name FROM table_registry WHERE id = :job_id / Execution time: 0.324 ms
[2025-01-28 15:34:36] [getClientID] SELECT client FROM `matrix` WHERE id = :sub_job_id / Execution time: 0.201 ms
[2025-01-28 15:34:36] getClientID completed. Execution time: 1.138 ms
[2025-01-28 15:34:36] Read file completed. Execution time: 0.011 ms
[2025-01-28 15:34:36] File saved successfully: uploads/job_1/group_1/result_117
[2025-01-28 15:34:36] [updateStatus] MySQL connection established. Execution time: 0.112 ms
[2025-01-28 15:34:36] [updateStatus] SELECT table_name FROM table_registry WHERE id = :job_id FOR UPDATE / Execution time: 0.222 ms
[2025-01-28 15:34:36] [updateStatus] UPDATE `matrix` SET status = :status WHERE id = :sub_job_id / Execution time: 0.228 ms
[2025-01-28 15:34:36] [updateStatus] SELECT COUNT_RECORDS FROM `matrix` / Execution time: 0.428 ms
[2025-01-28 15:34:36] [updateStatus] UPDATE table_registry SET status = :status WHERE id = :job_id / Execution time: 0.177 ms
[2025-01-28 15:34:36] updateStatus completed. Execution time: 157.274 ms
[2025-01-28 15:34:36] Write file completed. Execution time: 157.556 ms
[2025-01-28 15:34:36] [getGroupStatus] MySQL connection established. Execution time: 0.049 ms
[2025-01-28 15:34:36] [getGroupStatus] SELECT table_name FROM table_registry WHERE id = :job_id / Execution time: 0.185 ms
[2025-01-28 15:34:36] [getGroupStatus] SELECT status FROM `matrix` WHERE group_id = :group_id / Execution time: 0.255 ms
[2025-01-28 15:34:36] getGroupStatus completed. Execution time: 0.622 ms
[2025-01-28 15:34:36] Group 1 is not completed yet.
[2025-01-28 15:34:36] Program completed. Total execution time: 161.769 ms

