
[2025-01-28 15:34:36] Program started at 2025-01-28 15:34:36.1522
[2025-01-28 15:34:36] [getClientID] MySQL connection established. Execution time: 0.443 ms
[2025-01-28 15:34:36] [getClientID] SELECT table_name FROM table_registry WHERE id = :job_id / Execution time: 0.360 ms
[2025-01-28 15:34:36] [getClientID] SELECT client FROM `matrix` WHERE id = :sub_job_id / Execution time: 0.254 ms
[2025-01-28 15:34:36] getClientID completed. Execution time: 1.159 ms
[2025-01-28 15:34:36] Read file completed. Execution time: 0.006 ms
[2025-01-28 15:34:36] File saved successfully: uploads/job_1/group_1/result_12
[2025-01-28 15:34:36] [updateStatus] MySQL connection established. Execution time: 0.111 ms
[2025-01-28 15:34:36] [updateStatus] SELECT table_name FROM table_registry WHERE id = :job_id FOR UPDATE / Execution time: 0.158 ms
[2025-01-28 15:34:36] [updateStatus] UPDATE `matrix` SET status = :status WHERE id = :sub_job_id / Execution time: 0.122 ms
[2025-01-28 15:34:36] [updateStatus] SELECT COUNT_RECORDS FROM `matrix` / Execution time: 0.190 ms
[2025-01-28 15:34:36] [updateStatus] UPDATE table_registry SET status = :status WHERE id = :job_id / Execution time: 0.087 ms
[2025-01-28 15:34:36] updateStatus completed. Execution time: 256.293 ms
[2025-01-28 15:34:36] Write file completed. Execution time: 317.450 ms
[2025-01-28 15:34:36] [getGroupStatus] MySQL connection established. Execution time: 0.071 ms
[2025-01-28 15:34:36] [getGroupStatus] SELECT table_name FROM table_registry WHERE id = :job_id / Execution time: 0.201 ms
[2025-01-28 15:34:36] [getGroupStatus] SELECT status FROM `matrix` WHERE group_id = :group_id / Execution time: 482.422 ms
[2025-01-28 15:34:36] getGroupStatus completed. Execution time: 482.879 ms
[2025-01-28 15:34:36] Group 1 is not completed yet.
[2025-01-28 15:34:36] Program completed. Total execution time: 802.818 ms

