
[2025-01-28 15:34:34] Program started at 2025-01-28 15:34:34.855
[2025-01-28 15:34:34] [getClientID] MySQL connection established. Execution time: 0.199 ms
[2025-01-28 15:34:34] [getClientID] SELECT table_name FROM table_registry WHERE id = :job_id / Execution time: 0.349 ms
[2025-01-28 15:34:34] [getClientID] SELECT client FROM `matrix` WHERE id = :sub_job_id / Execution time: 0.212 ms
[2025-01-28 15:34:34] getClientID completed. Execution time: 0.907 ms
[2025-01-28 15:34:34] Read file completed. Execution time: 0.010 ms
[2025-01-28 15:34:34] File saved successfully: uploads/job_1/group_1/result_15
[2025-01-28 15:34:34] [updateStatus] MySQL connection established. Execution time: 0.123 ms
[2025-01-28 15:34:34] [updateStatus] SELECT table_name FROM table_registry WHERE id = :job_id FOR UPDATE / Execution time: 0.219 ms
[2025-01-28 15:34:34] [updateStatus] UPDATE `matrix` SET status = :status WHERE id = :sub_job_id / Execution time: 0.255 ms
[2025-01-28 15:34:34] [updateStatus] SELECT COUNT_RECORDS FROM `matrix` / Execution time: 0.422 ms
[2025-01-28 15:34:34] [updateStatus] UPDATE table_registry SET status = :status WHERE id = :job_id / Execution time: 0.169 ms
[2025-01-28 15:34:34] updateStatus completed. Execution time: 47.893 ms
[2025-01-28 15:34:34] Write file completed. Execution time: 48.229 ms
[2025-01-28 15:34:34] [getGroupStatus] MySQL connection established. Execution time: 0.073 ms
[2025-01-28 15:34:34] [getGroupStatus] SELECT table_name FROM table_registry WHERE id = :job_id / Execution time: 0.241 ms
[2025-01-28 15:34:34] [getGroupStatus] SELECT status FROM `matrix` WHERE group_id = :group_id / Execution time: 0.393 ms
[2025-01-28 15:34:34] getGroupStatus completed. Execution time: 0.885 ms
[2025-01-28 15:34:34] Group 1 is not completed yet.
[2025-01-28 15:34:34] Program completed. Total execution time: 52.558 ms

