
[2025-01-31 15:48:46.899214] INFO: Process started with ID: 330
[2025-01-31 15:48:47.446025] INFO: First connection established in 0.172000ms
[2025-01-31 15:48:48.302247] INFO: Sending request: GET /http_server/send-object.php?ID=330 HTTP/1.1
Host: 192.168.100.3
Connection: close


[2025-01-31 15:48:49.533907] INFO: First request sent in 0.037000ms
[2025-01-31 15:48:50.268968] INFO: Time from request to first response in 0.013000ms
[2025-01-31 15:48:51.778886] INFO: Received headers - MPI-Rank: 83, Group-ID: 1, Job-ID: 1, Sub-Job-ID: 84, Rank-Count: 512
[2025-01-31 15:48:53.001805] INFO: Receive loop #1 received 16384 bytes in 2679.880000ms
[2025-01-31 15:48:54.573290] INFO: Receive loop #2 received 16384 bytes in 0.072000ms
[2025-01-31 15:48:55.644496] INFO: Receive loop #3 received 16384 bytes in 0.079000ms
[2025-01-31 15:48:56.532604] INFO: Receive loop #4 received 16384 bytes in 0.112000ms
[2025-01-31 15:48:58.357460] INFO: Receive loop #5 received 16384 bytes in 0.028000ms
[2025-01-31 15:49:00.037900] INFO: Receive loop #6 received 16384 bytes in 0.028000ms
[2025-01-31 15:49:02.154071] INFO: Receive loop #7 received 16384 bytes in 0.037000ms
[2025-01-31 15:49:04.537301] INFO: Receive loop #8 received 16384 bytes in 0.329000ms
[2025-01-31 15:49:06.382794] INFO: Receive loop #9 received 16384 bytes in 0.031000ms
[2025-01-31 15:49:08.520239] INFO: Receive loop #10 received 16384 bytes in 0.029000ms
[2025-01-31 15:49:10.853378] INFO: Receive loop #11 received 16384 bytes in 0.035000ms
[2025-01-31 15:49:12.505633] INFO: Receive loop #12 received 7663 bytes in 0.024000ms
[2025-01-31 15:49:15.399094] INFO: Response received in 24286.988000ms
[2025-01-31 15:49:17.598163] INFO: File saved in 0.508000ms
[2025-01-31 15:49:19.689020] INFO: File saved to: /home/vc/kurotaka/objects/temp_330
[2025-01-31 15:49:21.295742] INFO: Execution permission granted to: /home/vc/kurotaka/objects/temp_330
[2025-01-31 15:49:22.761232] INFO: Executing command: /home/vc/kurotaka/objects/temp_330 83 512 1
[2025-01-31 15:50:33.431621] INFO: Command executed in 1m 8413.273000ms
[2025-01-31 15:50:34.827492] INFO: Result saved to: /home/vc/kurotaka/results/result_330
[2025-01-31 15:50:37.775769] INFO: Second connection established in 0.298000ms
[2025-01-31 15:50:41.709586] INFO: Sending result upload request
[2025-01-31 15:50:45.476595] INFO: Second request sent in 0.027000ms
[2025-01-31 15:50:48.407080] INFO: Result uploaded in 0.055000ms
[2025-01-31 15:50:51.979765] INFO: Process completed successfully. Total execution time in 2m 5613.707000ms

