
[2025-01-31 15:48:46.033832] INFO: Process started with ID: 293
[2025-01-31 15:48:46.830147] INFO: First connection established in 0.223000ms
[2025-01-31 15:48:47.260003] INFO: Sending request: GET /http_server/send-object.php?ID=293 HTTP/1.1
Host: 192.168.100.3
Connection: close


[2025-01-31 15:48:48.081789] INFO: First request sent in 0.036000ms
[2025-01-31 15:48:49.426891] INFO: Time from request to first response in 0.029000ms
[2025-01-31 15:48:50.096299] INFO: Received headers - MPI-Rank: 67, Group-ID: 1, Job-ID: 1, Sub-Job-ID: 68, Rank-Count: 512
[2025-01-31 15:48:51.496724] INFO: Receive loop #1 received 16384 bytes in 2057.362000ms
[2025-01-31 15:48:52.780839] INFO: Receive loop #2 received 16384 bytes in 0.060000ms
[2025-01-31 15:48:54.294788] INFO: Receive loop #3 received 16384 bytes in 0.076000ms
[2025-01-31 15:48:55.488132] INFO: Receive loop #4 received 16384 bytes in 0.113000ms
[2025-01-31 15:48:56.383683] INFO: Receive loop #5 received 16384 bytes in 0.036000ms
[2025-01-31 15:48:57.993741] INFO: Receive loop #6 received 16384 bytes in 0.037000ms
[2025-01-31 15:48:59.836745] INFO: Receive loop #7 received 16384 bytes in 0.030000ms
[2025-01-31 15:49:01.973780] INFO: Receive loop #8 received 16384 bytes in 0.251000ms
[2025-01-31 15:49:04.252379] INFO: Receive loop #9 received 16384 bytes in 0.031000ms
[2025-01-31 15:49:06.050428] INFO: Receive loop #10 received 16384 bytes in 0.029000ms
[2025-01-31 15:49:08.190601] INFO: Receive loop #11 received 16384 bytes in 0.028000ms
[2025-01-31 15:49:10.718199] INFO: Receive loop #12 received 7663 bytes in 0.019000ms
[2025-01-31 15:49:12.193546] INFO: Response received in 22887.120000ms
[2025-01-31 15:49:14.531568] INFO: File saved in 0.644000ms
[2025-01-31 15:49:16.100765] INFO: File saved to: /home/vc/kurotaka/objects/temp_293
[2025-01-31 15:49:18.698606] INFO: Execution permission granted to: /home/vc/kurotaka/objects/temp_293
[2025-01-31 15:49:20.667302] INFO: Executing command: /home/vc/kurotaka/objects/temp_293 67 512 1
[2025-01-31 15:50:37.802967] INFO: Command executed in 1m 15313.099000ms
[2025-01-31 15:50:41.709507] INFO: Result saved to: /home/vc/kurotaka/results/result_293
[2025-01-31 15:50:45.445149] INFO: Second connection established in 0.231000ms
[2025-01-31 15:50:48.349882] INFO: Sending result upload request
[2025-01-31 15:50:51.938956] INFO: Second request sent in 0.026000ms
[2025-01-31 15:50:55.658116] INFO: Result uploaded in 0.061000ms
[2025-01-31 15:50:58.231340] INFO: Process completed successfully. Total execution time in 2m 12334.340000ms

