
[2025-01-31 15:48:55.166565] INFO: Process started with ID: 471
[2025-01-31 15:48:56.062185] INFO: First connection established in 0.183000ms
[2025-01-31 15:48:57.302479] INFO: Sending request: GET /http_server/send-object.php?ID=471 HTTP/1.1
Host: 192.168.100.3
Connection: close


[2025-01-31 15:48:59.331616] INFO: First request sent in 0.034000ms
[2025-01-31 15:49:01.161028] INFO: Time from request to first response in 0.033000ms
[2025-01-31 15:49:03.040908] INFO: Received headers - MPI-Rank: 181, Group-ID: 1, Job-ID: 1, Sub-Job-ID: 182, Rank-Count: 512
[2025-01-31 15:49:05.104731] INFO: Receive loop #1 received 16384 bytes in 4403.574000ms
[2025-01-31 15:49:07.561656] INFO: Receive loop #2 received 16384 bytes in 0.068000ms
[2025-01-31 15:49:10.139979] INFO: Receive loop #3 received 16384 bytes in 0.076000ms
[2025-01-31 15:49:11.698954] INFO: Receive loop #4 received 16384 bytes in 0.152000ms
[2025-01-31 15:49:13.290770] INFO: Receive loop #5 received 16384 bytes in 0.028000ms
[2025-01-31 15:49:15.398987] INFO: Receive loop #6 received 16384 bytes in 0.029000ms
[2025-01-31 15:49:17.597488] INFO: Receive loop #7 received 16384 bytes in 0.028000ms
[2025-01-31 15:49:19.688741] INFO: Receive loop #8 received 16384 bytes in 0.087000ms
[2025-01-31 15:49:21.295094] INFO: Receive loop #9 received 16384 bytes in 0.011000ms
[2025-01-31 15:49:22.761000] INFO: Receive loop #10 received 16384 bytes in 0.029000ms
[2025-01-31 15:49:25.110251] INFO: Receive loop #11 received 16384 bytes in 0.040000ms
[2025-01-31 15:49:27.566953] INFO: Receive loop #12 received 7665 bytes in 0.020000ms
[2025-01-31 15:49:29.454472] INFO: Response received in 28698.694000ms
[2025-01-31 15:49:30.774220] INFO: File saved in 0.492000ms
[2025-01-31 15:49:32.241702] INFO: File saved to: /home/vc/kurotaka/objects/temp_471
[2025-01-31 15:49:34.659505] INFO: Execution permission granted to: /home/vc/kurotaka/objects/temp_471
[2025-01-31 15:49:37.097797] INFO: Executing command: /home/vc/kurotaka/objects/temp_471 181 512 1
[2025-01-31 15:50:39.327010] INFO: Command executed in 59598.349000ms
[2025-01-31 15:50:41.953870] INFO: Result saved to: /home/vc/kurotaka/results/result_471
[2025-01-31 15:50:45.025725] INFO: Second connection established in 0.262000ms
[2025-01-31 15:50:47.758073] INFO: Sending result upload request
[2025-01-31 15:50:50.954116] INFO: Second request sent in 0.027000ms
[2025-01-31 15:50:55.224937] INFO: Result uploaded in 0.056000ms
[2025-01-31 15:50:58.002287] INFO: Process completed successfully. Total execution time in 2m 12067.771000ms

