
[2025-01-31 15:49:20.549780] INFO: Process started with ID: 325
[2025-01-31 15:49:21.926573] INFO: First connection established in 0.412000ms
[2025-01-31 15:49:24.500271] INFO: Sending request: GET /http_server/send-object.php?ID=325 HTTP/1.1
Host: 192.168.100.3
Connection: close


[2025-01-31 15:49:26.828036] INFO: First request sent in 0.012000ms
[2025-01-31 15:49:28.804453] INFO: Time from request to first response in 0.031000ms
[2025-01-31 15:49:30.184329] INFO: Received headers - MPI-Rank: 349, Group-ID: 1, Job-ID: 1, Sub-Job-ID: 350, Rank-Count: 512
[2025-01-31 15:49:31.910627] INFO: Receive loop #1 received 16384 bytes in 3481.321000ms
[2025-01-31 15:49:34.473940] INFO: Receive loop #2 received 16384 bytes in 0.080000ms
[2025-01-31 15:49:36.931221] INFO: Receive loop #3 received 16384 bytes in 0.096000ms
[2025-01-31 15:49:39.436669] INFO: Receive loop #4 received 16384 bytes in 0.111000ms
[2025-01-31 15:49:40.699761] INFO: Receive loop #5 received 16384 bytes in 0.025000ms
[2025-01-31 15:49:42.450951] INFO: Receive loop #6 received 16384 bytes in 0.032000ms
[2025-01-31 15:49:44.884386] INFO: Receive loop #7 received 16384 bytes in 0.032000ms
[2025-01-31 15:49:47.506943] INFO: Receive loop #8 received 16384 bytes in 0.259000ms
[2025-01-31 15:49:50.550143] INFO: Receive loop #9 received 16384 bytes in 0.007000ms
[2025-01-31 15:49:52.774396] INFO: Receive loop #10 received 16384 bytes in 0.029000ms
[2025-01-31 15:49:54.753240] INFO: Receive loop #11 received 16384 bytes in 0.031000ms
[2025-01-31 15:49:57.019487] INFO: Receive loop #12 received 7665 bytes in 0.005000ms
[2025-01-31 15:49:59.252771] INFO: Response received in 30305.388000ms
[2025-01-31 15:50:00.839289] INFO: File saved in 0.458000ms
[2025-01-31 15:50:02.742346] INFO: File saved to: /home/vc/kurotaka/objects/temp_325
[2025-01-31 15:50:05.563202] INFO: Execution permission granted to: /home/vc/kurotaka/objects/temp_325
[2025-01-31 15:50:07.337426] INFO: Executing command: /home/vc/kurotaka/objects/temp_325 349 512 1
[2025-01-31 15:50:32.811784] INFO: Command executed in 24443.481000ms
[2025-01-31 15:50:33.583164] INFO: Result saved to: /home/vc/kurotaka/results/result_325
[2025-01-31 15:50:35.289106] INFO: Second connection established in 0.437000ms
[2025-01-31 15:50:38.538486] INFO: Sending result upload request
[2025-01-31 15:50:42.407222] INFO: Second request sent in 0.028000ms
[2025-01-31 15:50:46.317739] INFO: Result uploaded in 0.061000ms
[2025-01-31 15:50:49.141543] INFO: Process completed successfully. Total execution time in 2m 3378.403000ms

