
[2025-01-31 15:49:21.598675] INFO: Process started with ID: 206
[2025-01-31 15:49:23.281265] INFO: First connection established in 0.186000ms
[2025-01-31 15:49:25.477967] INFO: Sending request: GET /http_server/send-object.php?ID=206 HTTP/1.1
Host: 192.168.100.3
Connection: close


[2025-01-31 15:49:27.962973] INFO: First request sent in 0.038000ms
[2025-01-31 15:49:29.656399] INFO: Time from request to first response in 0.034000ms
[2025-01-31 15:49:31.114669] INFO: Received headers - MPI-Rank: 358, Group-ID: 1, Job-ID: 1, Sub-Job-ID: 359, Rank-Count: 512
[2025-01-31 15:49:32.853528] INFO: Receive loop #1 received 16384 bytes in 2733.110000ms
[2025-01-31 15:49:35.243560] INFO: Receive loop #2 received 16384 bytes in 0.062000ms
[2025-01-31 15:49:37.657019] INFO: Receive loop #3 received 16384 bytes in 0.079000ms
[2025-01-31 15:49:39.973751] INFO: Receive loop #4 received 16384 bytes in 0.112000ms
[2025-01-31 15:49:41.486276] INFO: Receive loop #5 received 16384 bytes in 0.029000ms
[2025-01-31 15:49:44.003572] INFO: Receive loop #6 received 16384 bytes in 0.036000ms
[2025-01-31 15:49:46.316853] INFO: Receive loop #7 received 16384 bytes in 0.030000ms
[2025-01-31 15:49:48.743598] INFO: Receive loop #8 received 16384 bytes in 0.250000ms
[2025-01-31 15:49:51.219121] INFO: Receive loop #9 received 16384 bytes in 0.036000ms
[2025-01-31 15:49:53.677952] INFO: Receive loop #10 received 16384 bytes in 0.035000ms
[2025-01-31 15:49:55.977308] INFO: Receive loop #11 received 16384 bytes in 0.027000ms
[2025-01-31 15:49:58.174974] INFO: Receive loop #12 received 7665 bytes in 0.019000ms
[2025-01-31 15:49:59.947616] INFO: Response received in 29456.174000ms
[2025-01-31 15:50:01.118923] INFO: File saved in 0.137000ms
[2025-01-31 15:50:02.683068] INFO: File saved to: /home/vc/kurotaka/objects/temp_206
[2025-01-31 15:50:05.464676] INFO: Execution permission granted to: /home/vc/kurotaka/objects/temp_206
[2025-01-31 15:50:07.133911] INFO: Executing command: /home/vc/kurotaka/objects/temp_206 358 512 1
[2025-01-31 15:50:42.042784] INFO: Command executed in 33384.168000ms
[2025-01-31 15:50:45.279673] INFO: Result saved to: /home/vc/kurotaka/results/result_206
[2025-01-31 15:50:47.936911] INFO: Second connection established in 0.221000ms
[2025-01-31 15:50:51.047334] INFO: Sending result upload request
[2025-01-31 15:50:55.255742] INFO: Second request sent in 0.030000ms
[2025-01-31 15:50:57.852120] INFO: Result uploaded in 0.012000ms
[2025-01-31 15:51:01.352102] INFO: Process completed successfully. Total execution time in 2m 15486.226000ms

