
[2025-01-31 15:48:48.451332] INFO: Process started with ID: 507
[2025-01-31 15:48:49.628060] INFO: First connection established in 0.364000ms
[2025-01-31 15:48:50.512509] INFO: Sending request: GET /http_server/send-object.php?ID=507 HTTP/1.1
Host: 192.168.100.3
Connection: close


[2025-01-31 15:48:52.163010] INFO: First request sent in 0.036000ms
[2025-01-31 15:48:53.161669] INFO: Time from request to first response in 0.032000ms
[2025-01-31 15:48:54.640960] INFO: Received headers - MPI-Rank: 112, Group-ID: 1, Job-ID: 1, Sub-Job-ID: 113, Rank-Count: 512
[2025-01-31 15:48:55.682440] INFO: Receive loop #1 received 16384 bytes in 2579.313000ms
[2025-01-31 15:48:56.532752] INFO: Receive loop #2 received 16384 bytes in 0.069000ms
[2025-01-31 15:48:58.542844] INFO: Receive loop #3 received 16384 bytes in 0.083000ms
[2025-01-31 15:49:00.004874] INFO: Receive loop #4 received 16384 bytes in 0.110000ms
[2025-01-31 15:49:02.087969] INFO: Receive loop #5 received 16384 bytes in 0.031000ms
[2025-01-31 15:49:04.493604] INFO: Receive loop #6 received 16384 bytes in 0.029000ms
[2025-01-31 15:49:06.296108] INFO: Receive loop #7 received 16384 bytes in 0.036000ms
[2025-01-31 15:49:08.433391] INFO: Receive loop #8 received 16384 bytes in 0.246000ms
[2025-01-31 15:49:10.853316] INFO: Receive loop #9 received 16384 bytes in 0.030000ms
[2025-01-31 15:49:12.398541] INFO: Receive loop #10 received 16384 bytes in 0.029000ms
[2025-01-31 15:49:14.632266] INFO: Receive loop #11 received 16384 bytes in 0.033000ms
[2025-01-31 15:49:16.310007] INFO: Receive loop #12 received 7665 bytes in 0.002000ms
[2025-01-31 15:49:18.878565] INFO: Response received in 24829.983000ms
[2025-01-31 15:49:20.747484] INFO: File saved in 0.178000ms
[2025-01-31 15:49:22.594726] INFO: File saved to: /home/vc/kurotaka/objects/temp_507
[2025-01-31 15:49:24.976019] INFO: Execution permission granted to: /home/vc/kurotaka/objects/temp_507
[2025-01-31 15:49:27.481510] INFO: Executing command: /home/vc/kurotaka/objects/temp_507 112 512 1
[2025-01-31 15:50:49.422882] INFO: Command executed in 1m 19693.442000ms
[2025-01-31 15:50:53.208600] INFO: Result saved to: /home/vc/kurotaka/results/result_507
[2025-01-31 15:50:56.737788] INFO: Second connection established in 0.186000ms
[2025-01-31 15:51:00.302261] INFO: Sending result upload request
[2025-01-31 15:51:03.272812] INFO: Second request sent in 0.004000ms
[2025-01-31 15:51:05.130428] INFO: Result uploaded in 0.010000ms
[2025-01-31 15:51:06.175467] INFO: Process completed successfully. Total execution time in 2m 21071.067000ms

