
[2025-01-31 15:48:45.110775] INFO: Process started with ID: 434
[2025-01-31 15:48:45.395528] INFO: First connection established in 0.225000ms
[2025-01-31 15:48:45.805480] INFO: Sending request: GET /http_server/send-object.php?ID=434 HTTP/1.1
Host: 192.168.100.3
Connection: close


[2025-01-31 15:48:46.544555] INFO: First request sent in 0.034000ms
[2025-01-31 15:48:47.060331] INFO: Time from request to first response in 0.032000ms
[2025-01-31 15:48:47.597052] INFO: Received headers - MPI-Rank: 30, Group-ID: 1, Job-ID: 1, Sub-Job-ID: 31, Rank-Count: 512
[2025-01-31 15:48:48.600445] INFO: Receive loop #1 received 16384 bytes in 1222.400000ms
[2025-01-31 15:48:49.655563] INFO: Receive loop #2 received 16384 bytes in 0.073000ms
[2025-01-31 15:48:50.512799] INFO: Receive loop #3 received 16384 bytes in 0.098000ms
[2025-01-31 15:48:52.261483] INFO: Receive loop #4 received 16384 bytes in 0.111000ms
[2025-01-31 15:48:53.212829] INFO: Receive loop #5 received 16384 bytes in 0.034000ms
[2025-01-31 15:48:54.854468] INFO: Receive loop #6 received 16384 bytes in 0.030000ms
[2025-01-31 15:48:55.771682] INFO: Receive loop #7 received 16384 bytes in 0.034000ms
[2025-01-31 15:48:56.672004] INFO: Receive loop #8 received 16384 bytes in 0.251000ms
[2025-01-31 15:48:58.792637] INFO: Receive loop #9 received 16384 bytes in 0.038000ms
[2025-01-31 15:49:00.351221] INFO: Receive loop #10 received 16384 bytes in 0.032000ms
[2025-01-31 15:49:02.356728] INFO: Receive loop #11 received 16384 bytes in 0.025000ms
[2025-01-31 15:49:04.741871] INFO: Receive loop #12 received 7663 bytes in 0.025000ms
[2025-01-31 15:49:06.993702] INFO: Response received in 19119.033000ms
[2025-01-31 15:49:09.173849] INFO: File saved in 0.480000ms
[2025-01-31 15:49:11.130522] INFO: File saved to: /home/vc/kurotaka/objects/temp_434
[2025-01-31 15:49:12.755689] INFO: Execution permission granted to: /home/vc/kurotaka/objects/temp_434
[2025-01-31 15:49:15.400447] INFO: Executing command: /home/vc/kurotaka/objects/temp_434 30 512 1
[2025-01-31 15:50:39.140121] INFO: Command executed in 1m 21322.430000ms
[2025-01-31 15:50:41.869839] INFO: Result saved to: /home/vc/kurotaka/results/result_434
[2025-01-31 15:50:44.930381] INFO: Second connection established in 0.222000ms
[2025-01-31 15:50:47.675220] INFO: Sending result upload request
[2025-01-31 15:50:50.668163] INFO: Second request sent in 0.026000ms
[2025-01-31 15:50:55.132426] INFO: Result uploaded in 0.058000ms
[2025-01-31 15:50:57.801307] INFO: Process completed successfully. Total execution time in 2m 11979.660000ms

