
[2025-01-31 15:49:35.492422] INFO: Process started with ID: 103
[2025-01-31 15:49:37.814533] INFO: First connection established in 0.190000ms
[2025-01-31 15:49:40.084107] INFO: Sending request: GET /http_server/send-object.php?ID=103 HTTP/1.1
Host: 192.168.100.3
Connection: close


[2025-01-31 15:49:41.505270] INFO: First request sent in 0.011000ms
[2025-01-31 15:49:44.116165] INFO: Time from request to first response in 0.027000ms
[2025-01-31 15:49:46.500022] INFO: Received headers - MPI-Rank: 444, Group-ID: 1, Job-ID: 1, Sub-Job-ID: 445, Rank-Count: 512
[2025-01-31 15:49:49.198313] INFO: Receive loop #1 received 16384 bytes in 5246.512000ms
[2025-01-31 15:49:51.219424] INFO: Receive loop #2 received 16384 bytes in 0.014000ms
[2025-01-31 15:49:53.625477] INFO: Receive loop #3 received 16384 bytes in 0.109000ms
[2025-01-31 15:49:55.508633] INFO: Receive loop #4 received 16384 bytes in 0.111000ms
[2025-01-31 15:49:57.440937] INFO: Receive loop #5 received 16384 bytes in 0.035000ms
[2025-01-31 15:49:58.945501] INFO: Receive loop #6 received 16384 bytes in 0.029000ms
[2025-01-31 15:50:00.874544] INFO: Receive loop #7 received 16384 bytes in 0.035000ms
[2025-01-31 15:50:02.770347] INFO: Receive loop #8 received 16384 bytes in 0.244000ms
[2025-01-31 15:50:04.503532] INFO: Receive loop #9 received 16384 bytes in 0.010000ms
[2025-01-31 15:50:05.933229] INFO: Receive loop #10 received 16384 bytes in 0.006000ms
[2025-01-31 15:50:07.477972] INFO: Receive loop #11 received 16384 bytes in 0.037000ms
[2025-01-31 15:50:09.101602] INFO: Receive loop #12 received 7665 bytes in 0.019000ms
[2025-01-31 15:50:10.851635] INFO: Response received in 27023.313000ms
[2025-01-31 15:50:12.501760] INFO: File saved in 0.139000ms
[2025-01-31 15:50:13.749599] INFO: File saved to: /home/vc/kurotaka/objects/temp_103
[2025-01-31 15:50:15.233955] INFO: Execution permission granted to: /home/vc/kurotaka/objects/temp_103
[2025-01-31 15:50:16.244868] INFO: Executing command: /home/vc/kurotaka/objects/temp_103 444 512 1
[2025-01-31 15:50:38.218137] INFO: Command executed in 21186.535000ms
[2025-01-31 15:50:40.573916] INFO: Result saved to: /home/vc/kurotaka/results/result_103
[2025-01-31 15:50:43.480011] INFO: Second connection established in 0.240000ms
[2025-01-31 15:50:46.389210] INFO: Sending result upload request
[2025-01-31 15:50:48.939898] INFO: Second request sent in 0.027000ms
[2025-01-31 15:50:52.371846] INFO: Result uploaded in 0.058000ms
[2025-01-31 15:50:56.116695] INFO: Process completed successfully. Total execution time in 2m 10426.539000ms

