
[2025-01-31 17:08:18.667034] INFO: Process started with ID: 164
[2025-01-31 17:08:18.945726] INFO: First connection established in 0.307000ms
[2025-01-31 17:08:19.404953] INFO: Sending request: GET /http_server/send-object.php?ID=164 HTTP/1.1
Host: 192.168.100.3
Connection: close


[2025-01-31 17:08:19.905710] INFO: First request sent in 0.033000ms
[2025-01-31 17:08:20.304565] INFO: Time from request to first response in 0.033000ms
[2025-01-31 17:08:20.795783] INFO: Received headers - MPI-Rank: 45, Group-ID: 1, Job-ID: 1, Sub-Job-ID: 46, Rank-Count: 256
[2025-01-31 17:08:21.359182] INFO: Receive loop #1 received 16384 bytes in 992.380000ms
[2025-01-31 17:08:22.025225] INFO: Receive loop #2 received 16384 bytes in 0.061000ms
[2025-01-31 17:08:22.654041] INFO: Receive loop #3 received 16384 bytes in 0.085000ms
[2025-01-31 17:08:23.456934] INFO: Receive loop #4 received 16384 bytes in 0.139000ms
[2025-01-31 17:08:24.878389] INFO: Receive loop #5 received 16384 bytes in 0.036000ms
[2025-01-31 17:08:25.690902] INFO: Receive loop #6 received 16384 bytes in 0.028000ms
[2025-01-31 17:08:26.874039] INFO: Receive loop #7 received 16384 bytes in 0.032000ms
[2025-01-31 17:08:27.935863] INFO: Receive loop #8 received 16384 bytes in 0.282000ms
[2025-01-31 17:08:29.493254] INFO: Receive loop #9 received 16384 bytes in 0.029000ms
[2025-01-31 17:08:31.442133] INFO: Receive loop #10 received 16384 bytes in 0.029000ms
[2025-01-31 17:08:33.457417] INFO: Receive loop #11 received 16384 bytes in 0.032000ms
[2025-01-31 17:08:34.958191] INFO: Receive loop #12 received 7663 bytes in 0.019000ms
[2025-01-31 17:08:37.111108] INFO: Response received in 16540.970000ms
[2025-01-31 17:08:39.479000] INFO: File saved in 0.487000ms
[2025-01-31 17:08:41.036861] INFO: File saved to: /home/vc/kurotaka/objects/temp_164
[2025-01-31 17:08:42.949038] INFO: Execution permission granted to: /home/vc/kurotaka/objects/temp_164
[2025-01-31 17:08:44.215452] INFO: Executing command: /home/vc/kurotaka/objects/temp_164 45 256 1
[2025-01-31 17:09:06.477906] INFO: Command executed in 19734.809000ms
[2025-01-31 17:09:07.689527] INFO: Result saved to: /home/vc/kurotaka/results/result_164
[2025-01-31 17:09:09.205185] INFO: Second connection established in 0.153000ms
[2025-01-31 17:09:11.004540] INFO: Sending result upload request
[2025-01-31 17:09:12.669570] INFO: Second request sent in 0.022000ms
[2025-01-31 17:09:14.305083] INFO: Result uploaded in 0.062000ms
[2025-01-31 17:09:15.699365] INFO: Process completed successfully. Total execution time in 57067.976000ms

