
[2025-01-31 17:08:24.064177] INFO: Process started with ID: 142
[2025-01-31 17:08:25.347327] INFO: First connection established in 0.218000ms
[2025-01-31 17:08:26.352009] INFO: Sending request: GET /http_server/send-object.php?ID=142 HTTP/1.1
Host: 192.168.100.3
Connection: close


[2025-01-31 17:08:27.360346] INFO: First request sent in 0.034000ms
[2025-01-31 17:08:28.756809] INFO: Time from request to first response in 0.032000ms
[2025-01-31 17:08:30.606690] INFO: Received headers - MPI-Rank: 179, Group-ID: 1, Job-ID: 1, Sub-Job-ID: 180, Rank-Count: 256
[2025-01-31 17:08:32.275502] INFO: Receive loop #1 received 16384 bytes in 3277.668000ms
[2025-01-31 17:08:34.195057] INFO: Receive loop #2 received 16384 bytes in 0.063000ms
[2025-01-31 17:08:36.555673] INFO: Receive loop #3 received 16384 bytes in 0.100000ms
[2025-01-31 17:08:38.180553] INFO: Receive loop #4 received 16384 bytes in 0.112000ms
[2025-01-31 17:08:40.100006] INFO: Receive loop #5 received 16384 bytes in 0.030000ms
[2025-01-31 17:08:42.487089] INFO: Receive loop #6 received 16384 bytes in 0.036000ms
[2025-01-31 17:08:44.213531] INFO: Receive loop #7 received 16384 bytes in 0.029000ms
[2025-01-31 17:08:46.045115] INFO: Receive loop #8 received 16384 bytes in 0.255000ms
[2025-01-31 17:08:47.119983] INFO: Receive loop #9 received 16384 bytes in 0.032000ms
[2025-01-31 17:08:48.058282] INFO: Receive loop #10 received 16384 bytes in 0.006000ms
[2025-01-31 17:08:48.964393] INFO: Receive loop #11 received 16384 bytes in 0.006000ms
[2025-01-31 17:08:50.877988] INFO: Receive loop #12 received 7665 bytes in 0.004000ms
[2025-01-31 17:08:52.536871] INFO: Response received in 23158.053000ms
[2025-01-31 17:08:53.487851] INFO: File saved in 0.464000ms
[2025-01-31 17:08:54.180095] INFO: File saved to: /home/vc/kurotaka/objects/temp_142
[2025-01-31 17:08:55.410448] INFO: Execution permission granted to: /home/vc/kurotaka/objects/temp_142
[2025-01-31 17:08:56.080231] INFO: Executing command: /home/vc/kurotaka/objects/temp_142 179 256 1
[2025-01-31 17:09:04.864925] INFO: Command executed in 7668.240000ms
[2025-01-31 17:09:07.015923] INFO: Result saved to: /home/vc/kurotaka/results/result_142
[2025-01-31 17:09:08.636259] INFO: Second connection established in 0.244000ms
[2025-01-31 17:09:10.007672] INFO: Sending result upload request
[2025-01-31 17:09:11.830207] INFO: Second request sent in 0.025000ms
[2025-01-31 17:09:13.553585] INFO: Result uploaded in 0.058000ms
[2025-01-31 17:09:15.117776] INFO: Process completed successfully. Total execution time in 56543.315000ms

