
[2025-01-31 17:08:18.285037] INFO: Process started with ID: 15
[2025-01-31 17:08:18.488263] INFO: First connection established in 0.278000ms
[2025-01-31 17:08:18.636233] INFO: Sending request: GET /http_server/send-object.php?ID=15 HTTP/1.1
Host: 192.168.100.3
Connection: close


[2025-01-31 17:08:18.850759] INFO: First request sent in 0.037000ms
[2025-01-31 17:08:19.253224] INFO: Time from request to first response in 0.029000ms
[2025-01-31 17:08:19.766725] INFO: Received headers - MPI-Rank: 6, Group-ID: 1, Job-ID: 1, Sub-Job-ID: 7, Rank-Count: 256
[2025-01-31 17:08:20.169974] INFO: Receive loop #1 received 16384 bytes in 956.935000ms
[2025-01-31 17:08:20.641915] INFO: Receive loop #2 received 16384 bytes in 0.065000ms
[2025-01-31 17:08:21.162468] INFO: Receive loop #3 received 16384 bytes in 0.020000ms
[2025-01-31 17:08:21.827010] INFO: Receive loop #4 received 16384 bytes in 0.111000ms
[2025-01-31 17:08:22.426807] INFO: Receive loop #5 received 16384 bytes in 0.029000ms
[2025-01-31 17:08:23.140970] INFO: Receive loop #6 received 16384 bytes in 0.029000ms
[2025-01-31 17:08:24.226405] INFO: Receive loop #7 received 16384 bytes in 0.036000ms
[2025-01-31 17:08:25.422228] INFO: Receive loop #8 received 16384 bytes in 0.316000ms
[2025-01-31 17:08:26.476366] INFO: Receive loop #9 received 16384 bytes in 0.037000ms
[2025-01-31 17:08:27.482652] INFO: Receive loop #10 received 16384 bytes in 0.032000ms
[2025-01-31 17:08:28.948839] INFO: Receive loop #11 received 16384 bytes in 0.031000ms
[2025-01-31 17:08:30.912688] INFO: Receive loop #12 received 7661 bytes in 0.019000ms
[2025-01-31 17:08:32.473112] INFO: Response received in 12767.156000ms
[2025-01-31 17:08:34.355221] INFO: File saved in 0.477000ms
[2025-01-31 17:08:36.726025] INFO: File saved to: /home/vc/kurotaka/objects/temp_15
[2025-01-31 17:08:39.590714] INFO: Execution permission granted to: /home/vc/kurotaka/objects/temp_15
[2025-01-31 17:08:41.273533] INFO: Executing command: /home/vc/kurotaka/objects/temp_15 6 256 1
[2025-01-31 17:09:05.642945] INFO: Command executed in 22156.157000ms
[2025-01-31 17:09:07.431054] INFO: Result saved to: /home/vc/kurotaka/results/result_15
[2025-01-31 17:09:08.969666] INFO: Second connection established in 0.130000ms
[2025-01-31 17:09:10.325834] INFO: Sending result upload request
[2025-01-31 17:09:12.287192] INFO: Second request sent in 0.025000ms
[2025-01-31 17:09:13.921171] INFO: Result uploaded in 0.056000ms
[2025-01-31 17:09:15.397700] INFO: Process completed successfully. Total execution time in 56862.021000ms

