
[2025-01-31 17:08:20.864076] INFO: Process started with ID: 5
[2025-01-31 17:08:21.481642] INFO: First connection established in 0.181000ms
[2025-01-31 17:08:22.162118] INFO: Sending request: GET /http_server/send-object.php?ID=5 HTTP/1.1
Host: 192.168.100.3
Connection: close


[2025-01-31 17:08:22.830950] INFO: First request sent in 0.034000ms
[2025-01-31 17:08:23.635178] INFO: Time from request to first response in 0.030000ms
[2025-01-31 17:08:25.043886] INFO: Received headers - MPI-Rank: 121, Group-ID: 1, Job-ID: 1, Sub-Job-ID: 122, Rank-Count: 256
[2025-01-31 17:08:25.909774] INFO: Receive loop #1 received 16384 bytes in 2267.702000ms
[2025-01-31 17:08:26.994214] INFO: Receive loop #2 received 16384 bytes in 0.061000ms
[2025-01-31 17:08:28.299339] INFO: Receive loop #3 received 16384 bytes in 0.079000ms
[2025-01-31 17:08:29.845729] INFO: Receive loop #4 received 16384 bytes in 0.113000ms
[2025-01-31 17:08:31.717314] INFO: Receive loop #5 received 16384 bytes in 0.029000ms
[2025-01-31 17:08:33.816002] INFO: Receive loop #6 received 16384 bytes in 0.032000ms
[2025-01-31 17:08:35.918517] INFO: Receive loop #7 received 16384 bytes in 0.029000ms
[2025-01-31 17:08:37.726184] INFO: Receive loop #8 received 16384 bytes in 0.253000ms
[2025-01-31 17:08:39.853423] INFO: Receive loop #9 received 16384 bytes in 0.034000ms
[2025-01-31 17:08:42.197642] INFO: Receive loop #10 received 16384 bytes in 0.036000ms
[2025-01-31 17:08:43.386045] INFO: Receive loop #11 received 16384 bytes in 0.035000ms
[2025-01-31 17:08:45.031058] INFO: Receive loop #12 received 7665 bytes in 0.019000ms
[2025-01-31 17:08:46.103008] INFO: Response received in 22422.964000ms
[2025-01-31 17:08:47.224623] INFO: File saved in 0.500000ms
[2025-01-31 17:08:48.301929] INFO: File saved to: /home/vc/kurotaka/objects/temp_5
[2025-01-31 17:08:50.589742] INFO: Execution permission granted to: /home/vc/kurotaka/objects/temp_5
[2025-01-31 17:08:51.399769] INFO: Executing command: /home/vc/kurotaka/objects/temp_5 121 256 1
[2025-01-31 17:09:03.763384] INFO: Command executed in 10369.891000ms
[2025-01-31 17:09:05.518593] INFO: Result saved to: /home/vc/kurotaka/results/result_5
[2025-01-31 17:09:07.373015] INFO: Second connection established in 0.292000ms
[2025-01-31 17:09:08.894368] INFO: Sending result upload request
[2025-01-31 17:09:10.325772] INFO: Second request sent in 0.058000ms
[2025-01-31 17:09:12.263077] INFO: Result uploaded in 0.062000ms
[2025-01-31 17:09:13.920930] INFO: Process completed successfully. Total execution time in 55329.685000ms

