
[2025-01-31 17:08:18.673685] INFO: Process started with ID: 232
[2025-01-31 17:08:19.011623] INFO: First connection established in 0.111000ms
[2025-01-31 17:08:19.474372] INFO: Sending request: GET /http_server/send-object.php?ID=232 HTTP/1.1
Host: 192.168.100.3
Connection: close


[2025-01-31 17:08:19.905696] INFO: First request sent in 0.033000ms
[2025-01-31 17:08:20.304919] INFO: Time from request to first response in 0.007000ms
[2025-01-31 17:08:20.727742] INFO: Received headers - MPI-Rank: 46, Group-ID: 1, Job-ID: 1, Sub-Job-ID: 47, Rank-Count: 256
[2025-01-31 17:08:21.333979] INFO: Receive loop #1 received 16384 bytes in 943.442000ms
[2025-01-31 17:08:21.975415] INFO: Receive loop #2 received 16384 bytes in 0.015000ms
[2025-01-31 17:08:22.623893] INFO: Receive loop #3 received 16384 bytes in 0.023000ms
[2025-01-31 17:08:23.415251] INFO: Receive loop #4 received 16384 bytes in 0.112000ms
[2025-01-31 17:08:24.764743] INFO: Receive loop #5 received 16384 bytes in 0.029000ms
[2025-01-31 17:08:25.690852] INFO: Receive loop #6 received 16384 bytes in 0.032000ms
[2025-01-31 17:08:26.768403] INFO: Receive loop #7 received 16384 bytes in 0.030000ms
[2025-01-31 17:08:27.804639] INFO: Receive loop #8 received 16384 bytes in 0.274000ms
[2025-01-31 17:08:29.378878] INFO: Receive loop #9 received 16384 bytes in 0.037000ms
[2025-01-31 17:08:31.291799] INFO: Receive loop #10 received 16384 bytes in 0.029000ms
[2025-01-31 17:08:33.100464] INFO: Receive loop #11 received 16384 bytes in 0.030000ms
[2025-01-31 17:08:34.722918] INFO: Receive loop #12 received 7663 bytes in 0.022000ms
[2025-01-31 17:08:36.997042] INFO: Response received in 16397.990000ms
[2025-01-31 17:08:39.285167] INFO: File saved in 0.465000ms
[2025-01-31 17:08:40.960898] INFO: File saved to: /home/vc/kurotaka/objects/temp_232
[2025-01-31 17:08:42.922374] INFO: Execution permission granted to: /home/vc/kurotaka/objects/temp_232
[2025-01-31 17:08:44.214560] INFO: Executing command: /home/vc/kurotaka/objects/temp_232 46 256 1
[2025-01-31 17:09:06.535302] INFO: Command executed in 19987.119000ms
[2025-01-31 17:09:07.787806] INFO: Result saved to: /home/vc/kurotaka/results/result_232
[2025-01-31 17:09:09.272584] INFO: Second connection established in 0.131000ms
[2025-01-31 17:09:11.227602] INFO: Sending result upload request
[2025-01-31 17:09:12.818499] INFO: Second request sent in 0.026000ms
[2025-01-31 17:09:14.678572] INFO: Result uploaded in 0.054000ms
[2025-01-31 17:09:15.735569] INFO: Process completed successfully. Total execution time in 57132.498000ms

