
[2025-01-31 17:08:22.893923] INFO: Process started with ID: 49
[2025-01-31 17:08:23.825654] INFO: First connection established in 0.280000ms
[2025-01-31 17:08:25.180703] INFO: Sending request: GET /http_server/send-object.php?ID=49 HTTP/1.1
Host: 192.168.100.3
Connection: close


[2025-01-31 17:08:26.121043] INFO: First request sent in 0.033000ms
[2025-01-31 17:08:27.088780] INFO: Time from request to first response in 0.034000ms
[2025-01-31 17:08:28.430192] INFO: Received headers - MPI-Rank: 162, Group-ID: 1, Job-ID: 1, Sub-Job-ID: 163, Rank-Count: 256
[2025-01-31 17:08:29.915388] INFO: Receive loop #1 received 16384 bytes in 2533.192000ms
[2025-01-31 17:08:31.717507] INFO: Receive loop #2 received 16384 bytes in 0.067000ms
[2025-01-31 17:08:33.816118] INFO: Receive loop #3 received 16384 bytes in 0.084000ms
[2025-01-31 17:08:35.856357] INFO: Receive loop #4 received 16384 bytes in 0.121000ms
[2025-01-31 17:08:37.725934] INFO: Receive loop #5 received 16384 bytes in 0.034000ms
[2025-01-31 17:08:39.833681] INFO: Receive loop #6 received 16384 bytes in 0.029000ms
[2025-01-31 17:08:42.149843] INFO: Receive loop #7 received 16384 bytes in 0.033000ms
[2025-01-31 17:08:43.368040] INFO: Receive loop #8 received 16384 bytes in 0.252000ms
[2025-01-31 17:08:44.920682] INFO: Receive loop #9 received 16384 bytes in 0.033000ms
[2025-01-31 17:08:46.102845] INFO: Receive loop #10 received 16384 bytes in 0.011000ms
[2025-01-31 17:08:47.471398] INFO: Receive loop #11 received 16384 bytes in 0.039000ms
[2025-01-31 17:08:48.493599] INFO: Receive loop #12 received 7665 bytes in 0.004000ms
[2025-01-31 17:08:49.804848] INFO: Response received in 22368.286000ms
[2025-01-31 17:08:50.970224] INFO: File saved in 0.116000ms
[2025-01-31 17:08:52.621577] INFO: File saved to: /home/vc/kurotaka/objects/temp_49
[2025-01-31 17:08:54.179693] INFO: Execution permission granted to: /home/vc/kurotaka/objects/temp_49
[2025-01-31 17:08:55.234477] INFO: Executing command: /home/vc/kurotaka/objects/temp_49 162 256 1
[2025-01-31 17:09:03.172290] INFO: Command executed in 7298.684000ms
[2025-01-31 17:09:05.203732] INFO: Result saved to: /home/vc/kurotaka/results/result_49
[2025-01-31 17:09:07.159221] INFO: Second connection established in 0.246000ms
[2025-01-31 17:09:08.796430] INFO: Sending result upload request
[2025-01-31 17:09:10.034213] INFO: Second request sent in 0.021000ms
[2025-01-31 17:09:11.948584] INFO: Result uploaded in 0.056000ms
[2025-01-31 17:09:13.685452] INFO: Process completed successfully. Total execution time in 55072.852000ms

