
[2025-01-31 17:08:19.404918] INFO: Process started with ID: 25
[2025-01-31 17:08:19.905565] INFO: First connection established in 0.161000ms
[2025-01-31 17:08:20.318527] INFO: Sending request: GET /http_server/send-object.php?ID=25 HTTP/1.1
Host: 192.168.100.3
Connection: close


[2025-01-31 17:08:20.762524] INFO: First request sent in 0.037000ms
[2025-01-31 17:08:21.393289] INFO: Time from request to first response in 0.032000ms
[2025-01-31 17:08:22.062909] INFO: Received headers - MPI-Rank: 77, Group-ID: 1, Job-ID: 1, Sub-Job-ID: 78, Rank-Count: 256
[2025-01-31 17:08:22.697946] INFO: Receive loop #1 received 16384 bytes in 1317.606000ms
[2025-01-31 17:08:23.480275] INFO: Receive loop #2 received 16384 bytes in 0.061000ms
[2025-01-31 17:08:24.878791] INFO: Receive loop #3 received 16384 bytes in 0.075000ms
[2025-01-31 17:08:25.690974] INFO: Receive loop #4 received 16384 bytes in 0.025000ms
[2025-01-31 17:08:26.801035] INFO: Receive loop #5 received 16384 bytes in 0.010000ms
[2025-01-31 17:08:27.837615] INFO: Receive loop #6 received 16384 bytes in 0.028000ms
[2025-01-31 17:08:29.463952] INFO: Receive loop #7 received 16384 bytes in 0.030000ms
[2025-01-31 17:08:31.442100] INFO: Receive loop #8 received 16384 bytes in 0.254000ms
[2025-01-31 17:08:33.457456] INFO: Receive loop #9 received 16384 bytes in 0.031000ms
[2025-01-31 17:08:35.202505] INFO: Receive loop #10 received 16384 bytes in 0.030000ms
[2025-01-31 17:08:37.381435] INFO: Receive loop #11 received 16384 bytes in 0.029000ms
[2025-01-31 17:08:39.711716] INFO: Receive loop #12 received 7663 bytes in 0.020000ms
[2025-01-31 17:08:41.591321] INFO: Response received in 19632.596000ms
[2025-01-31 17:08:43.183984] INFO: File saved in 0.450000ms
[2025-01-31 17:08:44.399512] INFO: File saved to: /home/vc/kurotaka/objects/temp_25
[2025-01-31 17:08:46.778049] INFO: Execution permission granted to: /home/vc/kurotaka/objects/temp_25
[2025-01-31 17:08:47.951483] INFO: Executing command: /home/vc/kurotaka/objects/temp_25 77 256 1
[2025-01-31 17:09:04.277335] INFO: Command executed in 15379.779000ms
[2025-01-31 17:09:06.535378] INFO: Result saved to: /home/vc/kurotaka/results/result_25
[2025-01-31 17:09:07.832941] INFO: Second connection established in 0.283000ms
[2025-01-31 17:09:09.272621] INFO: Sending result upload request
[2025-01-31 17:09:11.227640] INFO: Second request sent in 0.024000ms
[2025-01-31 17:09:12.818691] INFO: Result uploaded in 0.059000ms
[2025-01-31 17:09:14.378208] INFO: Process completed successfully. Total execution time in 55553.313000ms

