
[2025-01-31 17:08:20.318523] INFO: Process started with ID: 88
[2025-01-31 17:08:20.812737] INFO: First connection established in 0.220000ms
[2025-01-31 17:08:21.435900] INFO: Sending request: GET /http_server/send-object.php?ID=88 HTTP/1.1
Host: 192.168.100.3
Connection: close


[2025-01-31 17:08:22.138881] INFO: First request sent in 0.020000ms
[2025-01-31 17:08:22.765472] INFO: Time from request to first response in 0.030000ms
[2025-01-31 17:08:23.611200] INFO: Received headers - MPI-Rank: 106, Group-ID: 1, Job-ID: 1, Sub-Job-ID: 107, Rank-Count: 256
[2025-01-31 17:08:24.962169] INFO: Receive loop #1 received 16384 bytes in 1989.453000ms
[2025-01-31 17:08:25.734259] INFO: Receive loop #2 received 16384 bytes in 0.022000ms
[2025-01-31 17:08:26.862313] INFO: Receive loop #3 received 16384 bytes in 0.076000ms
[2025-01-31 17:08:27.935717] INFO: Receive loop #4 received 16384 bytes in 0.113000ms
[2025-01-31 17:08:29.517706] INFO: Receive loop #5 received 16384 bytes in 0.035000ms
[2025-01-31 17:08:31.469027] INFO: Receive loop #6 received 16384 bytes in 0.029000ms
[2025-01-31 17:08:33.457281] INFO: Receive loop #7 received 16384 bytes in 0.030000ms
[2025-01-31 17:08:34.958144] INFO: Receive loop #8 received 16384 bytes in 0.280000ms
[2025-01-31 17:08:37.111094] INFO: Receive loop #9 received 16384 bytes in 0.031000ms
[2025-01-31 17:08:39.535108] INFO: Receive loop #10 received 16384 bytes in 0.030000ms
[2025-01-31 17:08:41.193526] INFO: Receive loop #11 received 16384 bytes in 0.031000ms
[2025-01-31 17:08:43.043103] INFO: Receive loop #12 received 7665 bytes in 0.020000ms
[2025-01-31 17:08:44.240022] INFO: Response received in 21487.811000ms
[2025-01-31 17:08:45.975535] INFO: File saved in 0.207000ms
[2025-01-31 17:08:47.031014] INFO: File saved to: /home/vc/kurotaka/objects/temp_88
[2025-01-31 17:08:48.682408] INFO: Execution permission granted to: /home/vc/kurotaka/objects/temp_88
[2025-01-31 17:08:50.229080] INFO: Executing command: /home/vc/kurotaka/objects/temp_88 106 256 1
[2025-01-31 17:09:03.017669] INFO: Command executed in 12040.268000ms
[2025-01-31 17:09:04.963099] INFO: Result saved to: /home/vc/kurotaka/results/result_88
[2025-01-31 17:09:07.120086] INFO: Second connection established in 0.158000ms
[2025-01-31 17:09:08.734565] INFO: Sending result upload request
[2025-01-31 17:09:10.033977] INFO: Second request sent in 0.025000ms
[2025-01-31 17:09:11.926364] INFO: Result uploaded in 0.066000ms
[2025-01-31 17:09:13.726298] INFO: Process completed successfully. Total execution time in 55072.700000ms

