
[2025-01-31 17:08:22.515896] INFO: Process started with ID: 80
[2025-01-31 17:08:23.217695] INFO: First connection established in 0.265000ms
[2025-01-31 17:08:24.282446] INFO: Sending request: GET /http_server/send-object.php?ID=80 HTTP/1.1
Host: 192.168.100.3
Connection: close


[2025-01-31 17:08:25.422169] INFO: First request sent in 0.032000ms
[2025-01-31 17:08:26.429099] INFO: Time from request to first response in 0.028000ms
[2025-01-31 17:08:27.382602] INFO: Received headers - MPI-Rank: 153, Group-ID: 1, Job-ID: 1, Sub-Job-ID: 154, Rank-Count: 256
[2025-01-31 17:08:28.816650] INFO: Receive loop #1 received 16384 bytes in 2369.132000ms
[2025-01-31 17:08:30.687699] INFO: Receive loop #2 received 16384 bytes in 0.060000ms
[2025-01-31 17:08:32.371368] INFO: Receive loop #3 received 16384 bytes in 0.087000ms
[2025-01-31 17:08:34.216060] INFO: Receive loop #4 received 16384 bytes in 0.107000ms
[2025-01-31 17:08:36.603711] INFO: Receive loop #5 received 16384 bytes in 0.028000ms
[2025-01-31 17:08:38.513448] INFO: Receive loop #6 received 16384 bytes in 0.029000ms
[2025-01-31 17:08:40.378941] INFO: Receive loop #7 received 16384 bytes in 0.004000ms
[2025-01-31 17:08:42.596461] INFO: Receive loop #8 received 16384 bytes in 0.273000ms
[2025-01-31 17:08:44.215768] INFO: Receive loop #9 received 16384 bytes in 0.030000ms
[2025-01-31 17:08:45.940960] INFO: Receive loop #10 received 16384 bytes in 0.029000ms
[2025-01-31 17:08:47.119735] INFO: Receive loop #11 received 16384 bytes in 0.029000ms
[2025-01-31 17:08:48.152871] INFO: Receive loop #12 received 7665 bytes in 0.003000ms
[2025-01-31 17:08:49.402337] INFO: Response received in 22538.954000ms
[2025-01-31 17:08:51.037477] INFO: File saved in 0.479000ms
[2025-01-31 17:08:52.634862] INFO: File saved to: /home/vc/kurotaka/objects/temp_80
[2025-01-31 17:08:54.075152] INFO: Execution permission granted to: /home/vc/kurotaka/objects/temp_80
[2025-01-31 17:08:55.127871] INFO: Executing command: /home/vc/kurotaka/objects/temp_80 153 256 1
[2025-01-31 17:09:04.350804] INFO: Command executed in 8277.053000ms
[2025-01-31 17:09:06.719216] INFO: Result saved to: /home/vc/kurotaka/results/result_80
[2025-01-31 17:09:08.030565] INFO: Second connection established in 0.230000ms
[2025-01-31 17:09:09.448687] INFO: Sending result upload request
[2025-01-31 17:09:11.395524] INFO: Second request sent in 0.029000ms
[2025-01-31 17:09:13.295212] INFO: Result uploaded in 0.064000ms
[2025-01-31 17:09:14.871359] INFO: Process completed successfully. Total execution time in 56082.823000ms

