
[2025-01-22 16:33:32.403192] INFO: Process started with ID: 5
[2025-01-22 16:33:32.605056] INFO: First connection established in 0.170000ms
[2025-01-22 16:33:32.751125] INFO: Sending request: GET /http_server/send-object.php?ID=5 HTTP/1.1
Host: 192.168.100.3
Connection: close


[2025-01-22 16:33:32.937218] INFO: First request sent in 0.008000ms
[2025-01-22 16:33:33.126636] INFO: Time from request to first response:0.056000ms
[2025-01-22 16:33:33.424579] INFO: Received headers - MPI-Rank: 16, Group-ID: 1, Job-ID: 1, Sub-Job-ID: 17, Rank-Count: 32
[2025-01-22 16:33:33.676541] INFO: Receive loop #1 received 16384 bytes in 490.442000ms
[2025-01-22 16:33:34.028210] INFO: Receive loop #2 received 16384 bytes in 0.068000ms
[2025-01-22 16:33:34.375305] INFO: Receive loop #3 received 16384 bytes in 0.114000ms
[2025-01-22 16:33:34.733314] INFO: Receive loop #4 received 16384 bytes in 0.135000ms
[2025-01-22 16:33:35.189973] INFO: Receive loop #5 received 16384 bytes in 0.028000ms
[2025-01-22 16:33:35.615908] INFO: Receive loop #6 received 16384 bytes in 0.045000ms
[2025-01-22 16:33:35.721676] INFO: Receive loop #7 received 16384 bytes in 0.052000ms
[2025-01-22 16:33:35.856436] INFO: Receive loop #8 received 16384 bytes in 0.283000ms
[2025-01-22 16:33:36.018385] INFO: Receive loop #9 received 16384 bytes in 0.042000ms
[2025-01-22 16:33:36.168303] INFO: Receive loop #10 received 16384 bytes in 0.028000ms
[2025-01-22 16:33:36.420248] INFO: Receive loop #11 received 16384 bytes in 0.042000ms
[2025-01-22 16:33:36.620755] INFO: Receive loop #12 received 7662 bytes in 0.004000ms
[2025-01-22 16:33:36.869838] INFO: Response received in 3733.562000ms
[2025-01-22 16:33:37.147265] INFO: File saved in 0.518000ms
[2025-01-22 16:33:37.374106] INFO: File saved to: /home/vc/kurotaka/objects/temp_5
[2025-01-22 16:33:37.801381] INFO: Execution permission granted to: /home/vc/kurotaka/objects/temp_5
[2025-01-22 16:33:38.086974] INFO: Executing command: /home/vc/kurotaka/objects/temp_5 16 32
[2025-01-22 16:33:40.066544] INFO: Command executed in 1881.977000ms
[2025-01-22 16:33:40.198160] INFO: Result saved to: /home/vc/kurotaka/results/result_5
[2025-01-22 16:33:40.425222] INFO: Second connection established in 0.281000ms
[2025-01-22 16:33:40.633196] INFO: Sending result upload request
[2025-01-22 16:33:40.907097] INFO: Second request sent in 0.031000ms
[2025-01-22 16:33:41.147014] INFO: Result uploaded in 0.054000ms
[2025-01-22 16:33:41.399496] INFO: Process completed successfully. Total execution time: 9056.438000ms

