
[2025-01-22 16:39:33.958954] INFO: Process started with ID: 27
[2025-01-22 16:39:34.104256] INFO: First connection established in 0.152000ms
[2025-01-22 16:39:34.276505] INFO: Sending request: GET /http_server/send-object.php?ID=27 HTTP/1.1
Host: 192.168.100.3
Connection: close


[2025-01-22 16:39:34.493512] INFO: First request sent in 0.032000ms
[2025-01-22 16:39:34.682523] INFO: Time from request to first response:0.030000ms
[2025-01-22 16:39:34.844140] INFO: Received headers - MPI-Rank: 17, Group-ID: 1, Job-ID: 1, Sub-Job-ID: 18, Rank-Count: 32
[2025-01-22 16:39:35.038164] INFO: Receive loop #1 received 16384 bytes in 373.928000ms
[2025-01-22 16:39:35.348655] INFO: Receive loop #2 received 16384 bytes in 0.057000ms
[2025-01-22 16:39:35.668322] INFO: Receive loop #3 received 16384 bytes in 0.074000ms
[2025-01-22 16:39:36.023776] INFO: Receive loop #4 received 16384 bytes in 0.110000ms
[2025-01-22 16:39:36.382243] INFO: Receive loop #5 received 16384 bytes in 0.028000ms
[2025-01-22 16:39:36.746200] INFO: Receive loop #6 received 16384 bytes in 0.028000ms
[2025-01-22 16:39:37.172020] INFO: Receive loop #7 received 16384 bytes in 0.029000ms
[2025-01-22 16:39:37.306884] INFO: Receive loop #8 received 16384 bytes in 0.244000ms
[2025-01-22 16:39:37.466594] INFO: Receive loop #9 received 16384 bytes in 0.028000ms
[2025-01-22 16:39:37.614077] INFO: Receive loop #10 received 16384 bytes in 0.029000ms
[2025-01-22 16:39:37.788886] INFO: Receive loop #11 received 16384 bytes in 0.029000ms
[2025-01-22 16:39:38.003635] INFO: Receive loop #12 received 7662 bytes in 0.003000ms
[2025-01-22 16:39:38.202965] INFO: Response received in 3541.342000ms
[2025-01-22 16:39:38.425778] INFO: File saved in 0.443000ms
[2025-01-22 16:39:38.669060] INFO: File saved to: /home/vc/kurotaka/objects/temp_27
[2025-01-22 16:39:38.966490] INFO: Execution permission granted to: /home/vc/kurotaka/objects/temp_27
[2025-01-22 16:39:39.357265] INFO: Executing command: /home/vc/kurotaka/objects/temp_27 17 32
[2025-01-22 16:39:41.779028] INFO: Command executed in 2119.269000ms
[2025-01-22 16:39:41.958044] INFO: Result saved to: /home/vc/kurotaka/results/result_27
[2025-01-22 16:39:42.188992] INFO: Second connection established in 0.265000ms
[2025-01-22 16:39:42.407929] INFO: Sending result upload request
[2025-01-22 16:39:42.642483] INFO: Second request sent in 0.025000ms
[2025-01-22 16:39:42.920220] INFO: Result uploaded in 0.050000ms
[2025-01-22 16:39:43.214671] INFO: Process completed successfully. Total execution time: 9269.067000ms

