
[2025-01-31 16:18:42.955312] INFO: Process started with ID: 382
[2025-01-31 16:18:44.580590] INFO: First connection established in 0.263000ms
[2025-01-31 16:18:46.478944] INFO: Sending request: GET /http_server/send-object.php?ID=382 HTTP/1.1
Host: 192.168.100.3
Connection: close


[2025-01-31 16:18:48.865780] INFO: First request sent in 0.037000ms
[2025-01-31 16:18:51.052708] INFO: Time from request to first response in 0.033000ms
[2025-01-31 16:18:53.079020] INFO: Received headers - MPI-Rank: 414, Group-ID: 1, Job-ID: 1, Sub-Job-ID: 415, Rank-Count: 512
[2025-01-31 16:18:54.752143] INFO: Receive loop #1 received 16384 bytes in 3921.166000ms
[2025-01-31 16:18:57.155388] INFO: Receive loop #2 received 16384 bytes in 0.067000ms
[2025-01-31 16:18:59.998884] INFO: Receive loop #3 received 16384 bytes in 0.104000ms
[2025-01-31 16:19:02.213567] INFO: Receive loop #4 received 16384 bytes in 0.029000ms
[2025-01-31 16:19:04.583995] INFO: Receive loop #5 received 16384 bytes in 0.029000ms
[2025-01-31 16:19:06.401629] INFO: Receive loop #6 received 16384 bytes in 0.029000ms
[2025-01-31 16:19:07.888946] INFO: Receive loop #7 received 16384 bytes in 0.006000ms
[2025-01-31 16:19:09.339717] INFO: Receive loop #8 received 16384 bytes in 0.087000ms
[2025-01-31 16:19:10.602560] INFO: Receive loop #9 received 16384 bytes in 0.028000ms
[2025-01-31 16:19:11.576250] INFO: Receive loop #10 received 16384 bytes in 0.005000ms
[2025-01-31 16:19:13.606388] INFO: Receive loop #11 received 16384 bytes in 0.029000ms
[2025-01-31 16:19:14.781321] INFO: Receive loop #12 received 7665 bytes in 0.016000ms
[2025-01-31 16:19:16.583156] INFO: Response received in 25209.293000ms
[2025-01-31 16:19:18.149215] INFO: File saved in 0.543000ms
[2025-01-31 16:19:19.318929] INFO: File saved to: /home/vc/kurotaka/objects/temp_382
[2025-01-31 16:19:20.762114] INFO: Execution permission granted to: /home/vc/kurotaka/objects/temp_382
[2025-01-31 16:19:21.519015] INFO: Executing command: /home/vc/kurotaka/objects/temp_382 414 512 1
[2025-01-31 16:20:01.017028] INFO: Command executed in 38276.913000ms
[2025-01-31 16:20:02.905578] INFO: Result saved to: /home/vc/kurotaka/results/result_382
[2025-01-31 16:20:05.782687] INFO: Second connection established in 0.298000ms
[2025-01-31 16:20:08.425061] INFO: Sending result upload request
[2025-01-31 16:20:11.422220] INFO: Second request sent in 0.028000ms
[2025-01-31 16:20:15.318732] INFO: Result uploaded in 0.058000ms
[2025-01-31 16:20:19.381196] INFO: Process completed successfully. Total execution time in 2m 11122.926000ms

