
[2025-01-31 16:18:11.306560] INFO: Process started with ID: 223
[2025-01-31 16:18:12.804348] INFO: First connection established in 0.304000ms
[2025-01-31 16:18:13.807075] INFO: Sending request: GET /http_server/send-object.php?ID=223 HTTP/1.1
Host: 192.168.100.3
Connection: close


[2025-01-31 16:18:15.217758] INFO: First request sent in 0.034000ms
[2025-01-31 16:18:16.256529] INFO: Time from request to first response in 0.029000ms
[2025-01-31 16:18:17.325637] INFO: Received headers - MPI-Rank: 122, Group-ID: 1, Job-ID: 1, Sub-Job-ID: 123, Rank-Count: 512
[2025-01-31 16:18:18.127972] INFO: Receive loop #1 received 16384 bytes in 1846.722000ms
[2025-01-31 16:18:18.930360] INFO: Receive loop #2 received 16384 bytes in 0.061000ms
[2025-01-31 16:18:19.936267] INFO: Receive loop #3 received 16384 bytes in 0.079000ms
[2025-01-31 16:18:20.931532] INFO: Receive loop #4 received 16384 bytes in 0.109000ms
[2025-01-31 16:18:22.034968] INFO: Receive loop #5 received 16384 bytes in 0.010000ms
[2025-01-31 16:18:23.184884] INFO: Receive loop #6 received 16384 bytes in 0.030000ms
[2025-01-31 16:18:24.473708] INFO: Receive loop #7 received 16384 bytes in 0.030000ms
[2025-01-31 16:18:25.695832] INFO: Receive loop #8 received 16384 bytes in 0.317000ms
[2025-01-31 16:18:27.075265] INFO: Receive loop #9 received 16384 bytes in 0.039000ms
[2025-01-31 16:18:28.649459] INFO: Receive loop #10 received 16384 bytes in 0.030000ms
[2025-01-31 16:18:30.215754] INFO: Receive loop #11 received 16384 bytes in 0.029000ms
[2025-01-31 16:18:32.328014] INFO: Receive loop #12 received 7665 bytes in 0.019000ms
[2025-01-31 16:18:34.131167] INFO: Response received in 17680.852000ms
[2025-01-31 16:18:35.559127] INFO: File saved in 0.455000ms
[2025-01-31 16:18:37.694118] INFO: File saved to: /home/vc/kurotaka/objects/temp_223
[2025-01-31 16:18:39.481381] INFO: Execution permission granted to: /home/vc/kurotaka/objects/temp_223
[2025-01-31 16:18:41.288689] INFO: Executing command: /home/vc/kurotaka/objects/temp_223 122 512 1
[2025-01-31 16:20:04.843194] INFO: Command executed in 1m 20350.668000ms
[2025-01-31 16:20:08.554529] INFO: Result saved to: /home/vc/kurotaka/results/result_223
[2025-01-31 16:20:12.827113] INFO: Second connection established in 0.281000ms
[2025-01-31 16:20:16.804212] INFO: Sending result upload request
[2025-01-31 16:20:20.762542] INFO: Second request sent in 0.027000ms
[2025-01-31 16:20:22.646801] INFO: Result uploaded in 0.016000ms
[2025-01-31 16:20:24.417719] INFO: Process completed successfully. Total execution time in 2m 16729.890000ms

