
[2025-01-31 16:18:18.355680] INFO: Process started with ID: 268
[2025-01-31 16:18:19.290202] INFO: First connection established in 0.295000ms
[2025-01-31 16:18:20.203320] INFO: Sending request: GET /http_server/send-object.php?ID=268 HTTP/1.1
Host: 192.168.100.3
Connection: close


[2025-01-31 16:18:21.212282] INFO: First request sent in 0.034000ms
[2025-01-31 16:18:22.397289] INFO: Time from request to first response in 0.031000ms
[2025-01-31 16:18:23.697452] INFO: Received headers - MPI-Rank: 204, Group-ID: 1, Job-ID: 1, Sub-Job-ID: 205, Rank-Count: 512
[2025-01-31 16:18:24.827059] INFO: Receive loop #1 received 16384 bytes in 2416.378000ms
[2025-01-31 16:18:26.060432] INFO: Receive loop #2 received 16384 bytes in 0.059000ms
[2025-01-31 16:18:27.684795] INFO: Receive loop #3 received 16384 bytes in 0.087000ms
[2025-01-31 16:18:29.248914] INFO: Receive loop #4 received 16384 bytes in 0.141000ms
[2025-01-31 16:18:31.020768] INFO: Receive loop #5 received 16384 bytes in 0.029000ms
[2025-01-31 16:18:33.263617] INFO: Receive loop #6 received 16384 bytes in 0.029000ms
[2025-01-31 16:18:34.798293] INFO: Receive loop #7 received 16384 bytes in 0.029000ms
[2025-01-31 16:18:36.426145] INFO: Receive loop #8 received 16384 bytes in 0.254000ms
[2025-01-31 16:18:37.788535] INFO: Receive loop #9 received 16384 bytes in 0.033000ms
[2025-01-31 16:18:39.816717] INFO: Receive loop #10 received 16384 bytes in 0.012000ms
[2025-01-31 16:18:41.850189] INFO: Receive loop #11 received 16384 bytes in 0.036000ms
[2025-01-31 16:18:43.402974] INFO: Receive loop #12 received 7665 bytes in 0.018000ms
[2025-01-31 16:18:45.055527] INFO: Response received in 22404.974000ms
[2025-01-31 16:18:47.090082] INFO: File saved in 0.189000ms
[2025-01-31 16:18:49.405462] INFO: File saved to: /home/vc/kurotaka/objects/temp_268
[2025-01-31 16:18:52.048731] INFO: Execution permission granted to: /home/vc/kurotaka/objects/temp_268
[2025-01-31 16:18:53.721213] INFO: Executing command: /home/vc/kurotaka/objects/temp_268 204 512 1
[2025-01-31 16:20:01.717206] INFO: Command executed in 1m 6560.924000ms
[2025-01-31 16:20:04.390600] INFO: Result saved to: /home/vc/kurotaka/results/result_268
[2025-01-31 16:20:07.207146] INFO: Second connection established in 0.228000ms
[2025-01-31 16:20:10.136067] INFO: Sending result upload request
[2025-01-31 16:20:13.448266] INFO: Second request sent in 0.025000ms
[2025-01-31 16:20:17.790610] INFO: Result uploaded in 0.066000ms
[2025-01-31 16:20:21.123574] INFO: Process completed successfully. Total execution time in 2m 13084.454000ms

