
[2025-01-31 16:18:16.880891] INFO: Process started with ID: 135
[2025-01-31 16:18:17.744934] INFO: First connection established in 0.196000ms
[2025-01-31 16:18:18.551890] INFO: Sending request: GET /http_server/send-object.php?ID=135 HTTP/1.1
Host: 192.168.100.3
Connection: close


[2025-01-31 16:18:19.423504] INFO: First request sent in 0.023000ms
[2025-01-31 16:18:20.411729] INFO: Time from request to first response in 0.022000ms
[2025-01-31 16:18:21.385855] INFO: Received headers - MPI-Rank: 180, Group-ID: 1, Job-ID: 1, Sub-Job-ID: 181, Rank-Count: 512
[2025-01-31 16:18:22.621018] INFO: Receive loop #1 received 16384 bytes in 2119.693000ms
[2025-01-31 16:18:23.891411] INFO: Receive loop #2 received 16384 bytes in 0.064000ms
[2025-01-31 16:18:25.139963] INFO: Receive loop #3 received 16384 bytes in 0.090000ms
[2025-01-31 16:18:26.377542] INFO: Receive loop #4 received 16384 bytes in 0.047000ms
[2025-01-31 16:18:27.924426] INFO: Receive loop #5 received 16384 bytes in 0.030000ms
[2025-01-31 16:18:29.405147] INFO: Receive loop #6 received 16384 bytes in 0.031000ms
[2025-01-31 16:18:31.409975] INFO: Receive loop #7 received 16384 bytes in 0.029000ms
[2025-01-31 16:18:33.494178] INFO: Receive loop #8 received 16384 bytes in 0.247000ms
[2025-01-31 16:18:34.899967] INFO: Receive loop #9 received 16384 bytes in 0.019000ms
[2025-01-31 16:18:36.472755] INFO: Receive loop #10 received 16384 bytes in 0.009000ms
[2025-01-31 16:18:37.856465] INFO: Receive loop #11 received 16384 bytes in 0.057000ms
[2025-01-31 16:18:39.831490] INFO: Receive loop #12 received 7665 bytes in 0.023000ms
[2025-01-31 16:18:41.765509] INFO: Response received in 21180.733000ms
[2025-01-31 16:18:43.503576] INFO: File saved in 0.097000ms
[2025-01-31 16:18:45.055431] INFO: File saved to: /home/vc/kurotaka/objects/temp_135
[2025-01-31 16:18:47.155240] INFO: Execution permission granted to: /home/vc/kurotaka/objects/temp_135
[2025-01-31 16:18:49.634582] INFO: Executing command: /home/vc/kurotaka/objects/temp_135 180 512 1
[2025-01-31 16:19:53.855194] INFO: Command executed in 1m 2837.095000ms
[2025-01-31 16:19:55.650860] INFO: Result saved to: /home/vc/kurotaka/results/result_135
[2025-01-31 16:19:57.960978] INFO: Second connection established in 0.218000ms
[2025-01-31 16:20:01.111499] INFO: Sending result upload request
[2025-01-31 16:20:05.630051] INFO: Second request sent in 0.025000ms
[2025-01-31 16:20:09.172764] INFO: Result uploaded in 0.056000ms
[2025-01-31 16:20:13.158638] INFO: Process completed successfully. Total execution time in 2m 4706.550000ms

