
[2025-01-31 16:18:07.851665] INFO: Process started with ID: 167
[2025-01-31 16:18:08.467924] INFO: First connection established in 0.197000ms
[2025-01-31 16:18:09.460250] INFO: Sending request: GET /http_server/send-object.php?ID=167 HTTP/1.1
Host: 192.168.100.3
Connection: close


[2025-01-31 16:18:10.137837] INFO: First request sent in 0.034000ms
[2025-01-31 16:18:10.636193] INFO: Time from request to first response in 0.032000ms
[2025-01-31 16:18:11.252692] INFO: Received headers - MPI-Rank: 55, Group-ID: 1, Job-ID: 1, Sub-Job-ID: 56, Rank-Count: 512
[2025-01-31 16:18:12.630852] INFO: Receive loop #1 received 16384 bytes in 1566.155000ms
[2025-01-31 16:18:13.731665] INFO: Receive loop #2 received 16384 bytes in 0.093000ms
[2025-01-31 16:18:15.015397] INFO: Receive loop #3 received 16384 bytes in 0.144000ms
[2025-01-31 16:18:16.170723] INFO: Receive loop #4 received 16384 bytes in 0.110000ms
[2025-01-31 16:18:17.129342] INFO: Receive loop #5 received 16384 bytes in 0.029000ms
[2025-01-31 16:18:17.957976] INFO: Receive loop #6 received 16384 bytes in 0.026000ms
[2025-01-31 16:18:18.793453] INFO: Receive loop #7 received 16384 bytes in 0.028000ms
[2025-01-31 16:18:19.752012] INFO: Receive loop #8 received 16384 bytes in 0.256000ms
[2025-01-31 16:18:20.727273] INFO: Receive loop #9 received 16384 bytes in 0.008000ms
[2025-01-31 16:18:21.736533] INFO: Receive loop #10 received 16384 bytes in 0.005000ms
[2025-01-31 16:18:22.997585] INFO: Receive loop #11 received 16384 bytes in 0.034000ms
[2025-01-31 16:18:24.282145] INFO: Receive loop #12 received 7663 bytes in 0.020000ms
[2025-01-31 16:18:25.489141] INFO: Response received in 14610.786000ms
[2025-01-31 16:18:26.782782] INFO: File saved in 0.485000ms
[2025-01-31 16:18:28.409822] INFO: File saved to: /home/vc/kurotaka/objects/temp_167
[2025-01-31 16:18:29.886487] INFO: Execution permission granted to: /home/vc/kurotaka/objects/temp_167
[2025-01-31 16:18:32.013250] INFO: Executing command: /home/vc/kurotaka/objects/temp_167 55 512 1
[2025-01-31 16:20:03.404469] INFO: Command executed in 1m 28492.832000ms
[2025-01-31 16:20:07.613272] INFO: Result saved to: /home/vc/kurotaka/results/result_167
[2025-01-31 16:20:11.376084] INFO: Second connection established in 0.147000ms
[2025-01-31 16:20:15.916660] INFO: Sending result upload request
[2025-01-31 16:20:19.791915] INFO: Second request sent in 0.012000ms
[2025-01-31 16:20:22.266184] INFO: Result uploaded in 0.011000ms
[2025-01-31 16:20:24.507261] INFO: Process completed successfully. Total execution time in 2m 16321.216000ms

