
[2025-01-31 12:37:14] Program started at 2025-01-31 12:37:14.6223
[2025-01-31 12:37:14] [getClientID] MySQL connection established. Execution time: 0.190 ms
[2025-01-31 12:37:14] [getClientID] SELECT table_name FROM table_registry WHERE id = :job_id / Execution time: 0.369 ms
[2025-01-31 12:37:14] [getClientID] SELECT client FROM `matrix` WHERE id = :sub_job_id / Execution time: 0.232 ms
[2025-01-31 12:37:14] getClientID completed. Execution time: 0.969 ms
[2025-01-31 12:37:14] Read file completed. Execution time: 0.016 ms
[2025-01-31 12:37:14] File saved successfully: uploads/job_1/group_1/result_3
[2025-01-31 12:37:14] [updateStatus] MySQL connection established. Execution time: 0.143 ms
[2025-01-31 12:37:14] [updateStatus] SELECT table_name FROM table_registry WHERE id = :job_id FOR UPDATE / Execution time: 0.229 ms
[2025-01-31 12:37:14] [updateStatus] UPDATE `matrix` SET status = :status WHERE id = :sub_job_id / Execution time: 0.266 ms
[2025-01-31 12:37:14] [updateStatus] SELECT COUNT_RECORDS FROM `matrix` / Execution time: 0.342 ms
[2025-01-31 12:37:14] [updateStatus] UPDATE table_registry SET status = :status WHERE id = :job_id / Execution time: 0.196 ms
[2025-01-31 12:37:14] updateStatus completed. Execution time: 4.091 ms
[2025-01-31 12:37:14] Write file completed. Execution time: 4.468 ms
[2025-01-31 12:37:14] [getGroupStatus] MySQL connection established. Execution time: 0.076 ms
[2025-01-31 12:37:14] [getGroupStatus] SELECT table_name FROM table_registry WHERE id = :job_id / Execution time: 0.179 ms
[2025-01-31 12:37:14] [getGroupStatus] SELECT status FROM `matrix` WHERE group_id = :group_id / Execution time: 0.147 ms
[2025-01-31 12:37:14] getGroupStatus completed. Execution time: 0.499 ms
[2025-01-31 12:37:14] Group 1 is not completed yet.
[2025-01-31 12:37:14] Program completed. Total execution time: 8.632 ms

