
[2025-01-20 12:39:26.202898] INFO: Process started with ID: 23
[2025-01-20 12:39:27.014011] INFO: First connection established in 0.263000ms
[2025-01-20 12:39:28.497684] INFO: Sending request: GET /http_server/send-object.php?ID=23 HTTP/1.1
Host: 192.168.100.3
Connection: close


[2025-01-20 12:39:29.171742] INFO: First request sent in 0.033000ms
[2025-01-20 12:39:31.415434] INFO: Time from request to first response in 0.029000ms
[2025-01-20 12:39:32.681232] INFO: Received headers - MPI-Rank: 118, Group-ID: 1, Job-ID: 1, Sub-Job-ID: 119, Rank-Count: 256
[2025-01-20 12:39:34.813102] INFO: Receive loop #1 received 16384 bytes in 2836.024000ms
[2025-01-20 12:39:36.063566] INFO: Receive loop #2 received 16384 bytes in 0.066000ms
[2025-01-20 12:39:37.436214] INFO: Receive loop #3 received 16384 bytes in 0.094000ms
[2025-01-20 12:39:38.541333] INFO: Receive loop #4 received 16384 bytes in 0.109000ms
[2025-01-20 12:39:40.312142] INFO: Receive loop #5 received 16384 bytes in 0.029000ms
[2025-01-20 12:39:42.431269] INFO: Receive loop #6 received 16384 bytes in 0.023000ms
[2025-01-20 12:39:45.008221] INFO: Receive loop #7 received 16384 bytes in 0.030000ms
[2025-01-20 12:39:46.276251] INFO: Receive loop #8 received 16384 bytes in 0.241000ms
[2025-01-20 12:39:47.194983] INFO: Receive loop #9 received 16384 bytes in 0.036000ms
[2025-01-20 12:39:49.041528] INFO: Receive loop #10 received 16384 bytes in 0.029000ms
[2025-01-20 12:39:50.607054] INFO: Receive loop #11 received 16384 bytes in 0.036000ms
[2025-01-20 12:39:52.277463] INFO: Receive loop #12 received 7665 bytes in 0.019000ms
[2025-01-20 12:39:53.575393] INFO: Response received in 22056.802000ms
[2025-01-20 12:40:06.048963] INFO: File saved in 11004.518000ms
[2025-01-20 12:40:06.536508] INFO: File saved to: objects/temp_23
[2025-01-20 12:40:09.082446] INFO: Execution permission granted to: objects/temp_23
[2025-01-20 12:40:09.721807] INFO: Executing command: ./objects/temp_23 118 256
[2025-01-20 12:40:20.516737] INFO: Command executed in 10110.512000ms
[2025-01-20 12:40:22.677463] INFO: Result saved to: results/result_23
[2025-01-20 12:40:26.010872] INFO: Second connection established in 0.304000ms
[2025-01-20 12:40:29.540601] INFO: Sending result upload request
[2025-01-20 12:40:30.937453] INFO: Second request sent in 0.011000ms
[2025-01-20 12:40:32.407320] INFO: Result uploaded in 0.045000ms
[2025-01-20 12:40:35.470909] INFO: Process completed successfully. Total execution time in 1m 12720.643000ms

