
[2025-01-20 12:45:27.127988] INFO: Process started with ID: 245
[2025-01-20 12:45:28.818533] INFO: First connection established in 0.236000ms
[2025-01-20 12:45:30.923271] INFO: Sending request: GET /http_server/send-object.php?ID=245 HTTP/1.1
Host: 192.168.100.3
Connection: close


[2025-01-20 12:45:31.596955] INFO: First request sent in 0.037000ms
[2025-01-20 12:45:34.081374] INFO: Time from request to first response:0.011000ms
[2025-01-20 12:45:36.113104] INFO: Received headers - MPI-Rank: 113, Group-ID: 1, Job-ID: 1, Sub-Job-ID: 114, Rank-Count: 256
[2025-01-20 12:45:38.100055] INFO: Receive loop #1 received 16384 bytes in 3959.621000ms
[2025-01-20 12:45:39.669720] INFO: Receive loop #2 received 16384 bytes in 0.068000ms
[2025-01-20 12:45:40.708159] INFO: Receive loop #3 received 16384 bytes in 0.026000ms
[2025-01-20 12:45:42.183345] INFO: Receive loop #4 received 16384 bytes in 0.031000ms
[2025-01-20 12:45:44.492818] INFO: Receive loop #5 received 16384 bytes in 0.008000ms
[2025-01-20 12:45:46.931718] INFO: Receive loop #6 received 16384 bytes in 0.037000ms
[2025-01-20 12:45:48.550969] INFO: Receive loop #7 received 16384 bytes in 0.030000ms
[2025-01-20 12:45:49.599597] INFO: Receive loop #8 received 16384 bytes in 0.251000ms
[2025-01-20 12:45:51.556943] INFO: Receive loop #9 received 16384 bytes in 0.031000ms
[2025-01-20 12:45:53.407894] INFO: Receive loop #10 received 16384 bytes in 0.029000ms
[2025-01-20 12:45:54.833584] INFO: Receive loop #11 received 16384 bytes in 0.029000ms
[2025-01-20 12:45:56.505758] INFO: Receive loop #12 received 7665 bytes in 0.021000ms
[2025-01-20 12:45:57.790458] INFO: Response received in 23706.808000ms
[2025-01-20 12:46:08.534911] INFO: File saved in 9704.351000ms
[2025-01-20 12:46:08.799112] INFO: File saved to: objects/temp_245
[2025-01-20 12:46:09.912578] INFO: Execution permission granted to: objects/temp_245
[2025-01-20 12:46:10.476176] INFO: Executing command: ./objects/temp_245 113 256
[2025-01-20 12:46:26.572657] INFO: Command executed in 15110.001000ms
[2025-01-20 12:46:28.609064] INFO: Result saved to: results/result_245
[2025-01-20 12:46:32.138525] INFO: Second connection established in 0.192000ms
[2025-01-20 12:46:34.650179] INFO: Sending result upload request
[2025-01-20 12:46:36.564521] INFO: Second request sent in 0.026000ms
[2025-01-20 12:46:38.287701] INFO: Result uploaded in 0.044000ms
[2025-01-20 12:46:39.430710] INFO: Process completed successfully. Total execution time: 1m 14766.719000ms

