
[2025-01-20 12:39:22.823967] INFO: Process started with ID: 104
[2025-01-20 12:39:23.327956] INFO: First connection established in 0.265000ms
[2025-01-20 12:39:24.375171] INFO: Sending request: GET /http_server/send-object.php?ID=104 HTTP/1.1
Host: 192.168.100.3
Connection: close


[2025-01-20 12:39:26.101839] INFO: First request sent in 0.024000ms
[2025-01-20 12:39:27.869101] INFO: Time from request to first response:0.034000ms
[2025-01-20 12:39:29.023070] INFO: Received headers - MPI-Rank: 59, Group-ID: 1, Job-ID: 1, Sub-Job-ID: 60, Rank-Count: 256
[2025-01-20 12:39:31.583363] INFO: Receive loop #1 received 16384 bytes in 4943.844000ms
[2025-01-20 12:39:33.440746] INFO: Receive loop #2 received 16384 bytes in 0.074000ms
[2025-01-20 12:39:35.471052] INFO: Receive loop #3 received 16384 bytes in 0.093000ms
[2025-01-20 12:39:37.147789] INFO: Receive loop #4 received 16384 bytes in 0.112000ms
[2025-01-20 12:39:38.210182] INFO: Receive loop #5 received 16384 bytes in 0.028000ms
[2025-01-20 12:39:39.575762] INFO: Receive loop #6 received 16384 bytes in 0.029000ms
[2025-01-20 12:39:41.900315] INFO: Receive loop #7 received 16384 bytes in 0.030000ms
[2025-01-20 12:39:44.102301] INFO: Receive loop #8 received 16384 bytes in 0.263000ms
[2025-01-20 12:39:45.874367] INFO: Receive loop #9 received 16384 bytes in 0.040000ms
[2025-01-20 12:39:47.001330] INFO: Receive loop #10 received 16384 bytes in 0.031000ms
[2025-01-20 12:39:49.015073] INFO: Receive loop #11 received 16384 bytes in 0.032000ms
[2025-01-20 12:39:50.698767] INFO: Receive loop #12 received 7663 bytes in 0.024000ms
[2025-01-20 12:39:52.305942] INFO: Response received in 25803.343000ms
[2025-01-20 12:40:00.996585] INFO: File saved in 7519.229000ms
[2025-01-20 12:40:01.539862] INFO: File saved to: objects/temp_104
[2025-01-20 12:40:02.906260] INFO: Execution permission granted to: objects/temp_104
[2025-01-20 12:40:03.643972] INFO: Executing command: ./objects/temp_104 59 256
[2025-01-20 12:40:22.997532] INFO: Command executed in 18656.369000ms
[2025-01-20 12:40:25.294761] INFO: Result saved to: results/result_104
[2025-01-20 12:40:28.771847] INFO: Second connection established in 0.221000ms
[2025-01-20 12:40:31.382209] INFO: Sending result upload request
[2025-01-20 12:40:32.703340] INFO: Second request sent in 0.025000ms
[2025-01-20 12:40:35.371395] INFO: Result uploaded in 0.044000ms
[2025-01-20 12:40:36.627551] INFO: Process completed successfully. Total execution time: 1m 14455.214000ms

