
[2025-01-20 12:39:22.268011] INFO: Process started with ID: 187
[2025-01-20 12:39:22.649910] INFO: First connection established in 0.173000ms
[2025-01-20 12:39:23.203482] INFO: Sending request: GET /http_server/send-object.php?ID=187 HTTP/1.1
Host: 192.168.100.3
Connection: close


[2025-01-20 12:39:24.041763] INFO: First request sent in 0.030000ms
[2025-01-20 12:39:25.704891] INFO: Time from request to first response:0.029000ms
[2025-01-20 12:39:27.013938] INFO: Received headers - MPI-Rank: 31, Group-ID: 1, Job-ID: 1, Sub-Job-ID: 32, Rank-Count: 256
[2025-01-20 12:39:28.970064] INFO: Receive loop #1 received 16384 bytes in 3021.662000ms
[2025-01-20 12:39:31.296028] INFO: Receive loop #2 received 16384 bytes in 0.063000ms
[2025-01-20 12:39:33.101954] INFO: Receive loop #3 received 16384 bytes in 0.097000ms
[2025-01-20 12:39:35.291066] INFO: Receive loop #4 received 16384 bytes in 0.112000ms
[2025-01-20 12:39:37.035770] INFO: Receive loop #5 received 16384 bytes in 0.032000ms
[2025-01-20 12:39:38.077187] INFO: Receive loop #6 received 16384 bytes in 0.028000ms
[2025-01-20 12:39:39.408254] INFO: Receive loop #7 received 16384 bytes in 0.007000ms
[2025-01-20 12:39:41.818355] INFO: Receive loop #8 received 16384 bytes in 0.257000ms
[2025-01-20 12:39:43.843198] INFO: Receive loop #9 received 16384 bytes in 0.031000ms
[2025-01-20 12:39:45.784700] INFO: Receive loop #10 received 16384 bytes in 0.028000ms
[2025-01-20 12:39:46.890094] INFO: Receive loop #11 received 16384 bytes in 0.028000ms
[2025-01-20 12:39:48.787113] INFO: Receive loop #12 received 7663 bytes in 0.020000ms
[2025-01-20 12:39:50.475800] INFO: Response received in 25297.848000ms
[2025-01-20 12:39:59.209571] INFO: File saved in 7255.661000ms
[2025-01-20 12:39:59.586405] INFO: File saved to: objects/temp_187
[2025-01-20 12:40:00.995181] INFO: Execution permission granted to: objects/temp_187
[2025-01-20 12:40:01.539534] INFO: Executing command: ./objects/temp_187 31 256
[2025-01-20 12:40:24.589447] INFO: Command executed in 21601.779000ms
[2025-01-20 12:40:26.506680] INFO: Result saved to: results/result_187
[2025-01-20 12:40:29.803973] INFO: Second connection established in 0.191000ms
[2025-01-20 12:40:32.361945] INFO: Sending result upload request
[2025-01-20 12:40:34.656361] INFO: Second request sent in 0.026000ms
[2025-01-20 12:40:36.220946] INFO: Result uploaded in 0.042000ms
[2025-01-20 12:40:37.117492] INFO: Process completed successfully. Total execution time: 1m 14841.128000ms

