
[2025-01-31 17:17:57.297649] INFO: Process started with ID: 164
[2025-01-31 17:17:59.638031] INFO: First connection established in 0.252000ms
[2025-01-31 17:18:02.500670] INFO: Sending request: GET /http_server/send-object.php?ID=164 HTTP/1.1
Host: 192.168.100.3
Connection: close


[2025-01-31 17:18:04.765396] INFO: First request sent in 0.079000ms
[2025-01-31 17:18:06.426398] INFO: Time from request to first response in 0.027000ms
[2025-01-31 17:18:08.461102] INFO: Received headers - MPI-Rank: 379, Group-ID: 1, Job-ID: 1, Sub-Job-ID: 380, Rank-Count: 512
[2025-01-31 17:18:10.569467] INFO: Receive loop #1 received 16384 bytes in 4309.116000ms
[2025-01-31 17:18:12.909844] INFO: Receive loop #2 received 16384 bytes in 0.060000ms
[2025-01-31 17:18:14.928316] INFO: Receive loop #3 received 16384 bytes in 0.098000ms
[2025-01-31 17:18:16.968073] INFO: Receive loop #4 received 16384 bytes in 0.040000ms
[2025-01-31 17:18:20.306622] INFO: Receive loop #5 received 16384 bytes in 0.027000ms
[2025-01-31 17:18:22.628696] INFO: Receive loop #6 received 16384 bytes in 0.029000ms
[2025-01-31 17:18:24.873196] INFO: Receive loop #7 received 16384 bytes in 0.036000ms
[2025-01-31 17:18:27.163265] INFO: Receive loop #8 received 16384 bytes in 0.281000ms
[2025-01-31 17:18:29.209197] INFO: Receive loop #9 received 16384 bytes in 0.033000ms
[2025-01-31 17:18:31.324202] INFO: Receive loop #10 received 16384 bytes in 0.036000ms
[2025-01-31 17:18:33.066607] INFO: Receive loop #11 received 16384 bytes in 0.041000ms
[2025-01-31 17:18:34.909241] INFO: Receive loop #12 received 7665 bytes in 0.020000ms
[2025-01-31 17:18:36.256866] INFO: Response received in 30244.023000ms
[2025-01-31 17:18:37.968268] INFO: File saved in 0.110000ms
[2025-01-31 17:18:39.788108] INFO: File saved to: /home/vc/kurotaka/objects/temp_164
[2025-01-31 17:18:42.530464] INFO: Execution permission granted to: /home/vc/kurotaka/objects/temp_164
[2025-01-31 17:18:43.779846] INFO: Executing command: /home/vc/kurotaka/objects/temp_164 379 512 1
[2025-01-31 17:19:18.786263] INFO: Command executed in 33386.930000ms
[2025-01-31 17:19:23.111043] INFO: Result saved to: /home/vc/kurotaka/results/result_164
[2025-01-31 17:19:26.092415] INFO: Second connection established in 0.207000ms
[2025-01-31 17:19:30.764609] INFO: Sending result upload request
[2025-01-31 17:19:34.981705] INFO: Second request sent in 0.004000ms
[2025-01-31 17:19:38.808418] INFO: Result uploaded in 0.010000ms
[2025-01-31 17:19:42.658525] INFO: Process completed successfully. Total execution time in 2m 23164.508000ms

