
[2025-01-31 17:18:19.819159] INFO: Process started with ID: 398
[2025-01-31 17:18:22.569462] INFO: First connection established in 0.174000ms
[2025-01-31 17:18:24.430577] INFO: Sending request: GET /http_server/send-object.php?ID=398 HTTP/1.1
Host: 192.168.100.3
Connection: close


[2025-01-31 17:18:26.156702] INFO: First request sent in 0.005000ms
[2025-01-31 17:18:27.664188] INFO: Time from request to first response in 0.032000ms
[2025-01-31 17:18:30.444236] INFO: Received headers - MPI-Rank: 500, Group-ID: 1, Job-ID: 1, Sub-Job-ID: 501, Rank-Count: 512
[2025-01-31 17:18:32.366220] INFO: Receive loop #1 received 16384 bytes in 3890.969000ms
[2025-01-31 17:18:34.114967] INFO: Receive loop #2 received 16384 bytes in 0.065000ms
[2025-01-31 17:18:35.505798] INFO: Receive loop #3 received 16384 bytes in 0.098000ms
[2025-01-31 17:18:37.237996] INFO: Receive loop #4 received 16384 bytes in 0.050000ms
[2025-01-31 17:18:38.055210] INFO: Receive loop #5 received 16384 bytes in 0.006000ms
[2025-01-31 17:18:39.998532] INFO: Receive loop #6 received 16384 bytes in 0.007000ms
[2025-01-31 17:18:41.910953] INFO: Receive loop #7 received 16384 bytes in 0.029000ms
[2025-01-31 17:18:43.449968] INFO: Receive loop #8 received 16384 bytes in 0.249000ms
[2025-01-31 17:18:44.930687] INFO: Receive loop #9 received 16384 bytes in 0.012000ms
[2025-01-31 17:18:46.203798] INFO: Receive loop #10 received 16384 bytes in 0.008000ms
[2025-01-31 17:18:47.569139] INFO: Receive loop #11 received 16384 bytes in 0.005000ms
[2025-01-31 17:18:48.603703] INFO: Receive loop #12 received 7665 bytes in 0.006000ms
[2025-01-31 17:18:49.489003] INFO: Response received in 21961.673000ms
[2025-01-31 17:18:50.805874] INFO: File saved in 0.108000ms
[2025-01-31 17:18:51.469426] INFO: File saved to: /home/vc/kurotaka/objects/temp_398
[2025-01-31 17:18:52.245768] INFO: Execution permission granted to: /home/vc/kurotaka/objects/temp_398
[2025-01-31 17:18:52.637514] INFO: Executing command: /home/vc/kurotaka/objects/temp_398 500 512 1
[2025-01-31 17:19:28.176534] INFO: Command executed in 34270.485000ms
[2025-01-31 17:19:31.153517] INFO: Result saved to: /home/vc/kurotaka/results/result_398
[2025-01-31 17:19:34.904066] INFO: Second connection established in 0.203000ms
[2025-01-31 17:19:38.808728] INFO: Sending result upload request
[2025-01-31 17:19:43.978335] INFO: Second request sent in 0.004000ms
[2025-01-31 17:19:47.543174] INFO: Result uploaded in 0.011000ms
[2025-01-31 17:19:50.067563] INFO: Process completed successfully. Total execution time in 2m 30747.514000ms

