
[2025-01-31 17:18:03.259631] INFO: Process started with ID: 248
[2025-01-31 17:18:05.432555] INFO: First connection established in 0.174000ms
[2025-01-31 17:18:07.648837] INFO: Sending request: GET /http_server/send-object.php?ID=248 HTTP/1.1
Host: 192.168.100.3
Connection: close


[2025-01-31 17:18:09.788230] INFO: First request sent in 0.035000ms
[2025-01-31 17:18:11.827830] INFO: Time from request to first response in 0.032000ms
[2025-01-31 17:18:13.725575] INFO: Received headers - MPI-Rank: 409, Group-ID: 1, Job-ID: 1, Sub-Job-ID: 410, Rank-Count: 512
[2025-01-31 17:18:15.874565] INFO: Receive loop #1 received 16384 bytes in 4327.805000ms
[2025-01-31 17:18:18.110094] INFO: Receive loop #2 received 16384 bytes in 0.073000ms
[2025-01-31 17:18:20.386254] INFO: Receive loop #3 received 16384 bytes in 0.091000ms
[2025-01-31 17:18:22.735728] INFO: Receive loop #4 received 16384 bytes in 0.109000ms
[2025-01-31 17:18:24.995200] INFO: Receive loop #5 received 16384 bytes in 0.043000ms
[2025-01-31 17:18:27.148610] INFO: Receive loop #6 received 16384 bytes in 0.036000ms
[2025-01-31 17:18:29.162544] INFO: Receive loop #7 received 16384 bytes in 0.030000ms
[2025-01-31 17:18:31.183115] INFO: Receive loop #8 received 16384 bytes in 0.097000ms
[2025-01-31 17:18:33.015721] INFO: Receive loop #9 received 16384 bytes in 0.013000ms
[2025-01-31 17:18:34.907290] INFO: Receive loop #10 received 16384 bytes in 0.031000ms
[2025-01-31 17:18:36.237212] INFO: Receive loop #11 received 16384 bytes in 0.007000ms
[2025-01-31 17:18:37.966717] INFO: Receive loop #12 received 7665 bytes in 0.019000ms
[2025-01-31 17:18:39.637241] INFO: Response received in 28187.575000ms
[2025-01-31 17:18:41.659118] INFO: File saved in 0.122000ms
[2025-01-31 17:18:43.233831] INFO: File saved to: /home/vc/kurotaka/objects/temp_248
[2025-01-31 17:18:45.260278] INFO: Execution permission granted to: /home/vc/kurotaka/objects/temp_248
[2025-01-31 17:18:46.810447] INFO: Executing command: /home/vc/kurotaka/objects/temp_248 409 512 1
[2025-01-31 17:19:13.663849] INFO: Command executed in 26056.224000ms
[2025-01-31 17:19:15.848737] INFO: Result saved to: /home/vc/kurotaka/results/result_248
[2025-01-31 17:19:18.903764] INFO: Second connection established in 0.351000ms
[2025-01-31 17:19:23.170976] INFO: Sending result upload request
[2025-01-31 17:19:26.204153] INFO: Second request sent in 0.025000ms
[2025-01-31 17:19:30.806886] INFO: Result uploaded in 0.062000ms
[2025-01-31 17:19:35.082537] INFO: Process completed successfully. Total execution time in 2m 15015.599000ms

