
[2025-01-31 17:17:34.025592] INFO: Process started with ID: 503
[2025-01-31 17:17:35.989793] INFO: First connection established in 0.208000ms
[2025-01-31 17:17:38.044144] INFO: Sending request: GET /http_server/send-object.php?ID=503 HTTP/1.1
Host: 192.168.100.3
Connection: close


[2025-01-31 17:17:39.846849] INFO: First request sent in 0.055000ms
[2025-01-31 17:17:41.758882] INFO: Time from request to first response in 0.048000ms
[2025-01-31 17:17:43.807738] INFO: Received headers - MPI-Rank: 242, Group-ID: 1, Job-ID: 1, Sub-Job-ID: 243, Rank-Count: 512
[2025-01-31 17:17:45.772850] INFO: Receive loop #1 received 16384 bytes in 4048.966000ms
[2025-01-31 17:17:47.895756] INFO: Receive loop #2 received 16384 bytes in 0.069000ms
[2025-01-31 17:17:49.725306] INFO: Receive loop #3 received 16384 bytes in 0.099000ms
[2025-01-31 17:17:52.319084] INFO: Receive loop #4 received 16384 bytes in 0.021000ms
[2025-01-31 17:17:54.697249] INFO: Receive loop #5 received 16384 bytes in 0.029000ms
[2025-01-31 17:17:57.222176] INFO: Receive loop #6 received 16384 bytes in 0.030000ms
[2025-01-31 17:17:59.583425] INFO: Receive loop #7 received 16384 bytes in 0.029000ms
[2025-01-31 17:18:02.267414] INFO: Receive loop #8 received 16384 bytes in 0.385000ms
[2025-01-31 17:18:04.405306] INFO: Receive loop #9 received 16384 bytes in 0.030000ms
[2025-01-31 17:18:06.354213] INFO: Receive loop #10 received 16384 bytes in 0.011000ms
[2025-01-31 17:18:08.647531] INFO: Receive loop #11 received 16384 bytes in 0.009000ms
[2025-01-31 17:18:10.641139] INFO: Receive loop #12 received 7665 bytes in 0.018000ms
[2025-01-31 17:18:13.058394] INFO: Response received in 31568.736000ms
[2025-01-31 17:18:15.196310] INFO: File saved in 0.447000ms
[2025-01-31 17:18:17.634246] INFO: File saved to: /home/vc/kurotaka/objects/temp_503
[2025-01-31 17:18:22.584772] INFO: Execution permission granted to: /home/vc/kurotaka/objects/temp_503
[2025-01-31 17:18:24.475641] INFO: Executing command: /home/vc/kurotaka/objects/temp_503 242 512 1
[2025-01-31 17:19:41.167725] INFO: Command executed in 1m 14038.009000ms
[2025-01-31 17:19:44.873218] INFO: Result saved to: /home/vc/kurotaka/results/result_503
[2025-01-31 17:19:48.419583] INFO: Second connection established in 0.073000ms
[2025-01-31 17:19:50.367188] INFO: Sending result upload request
[2025-01-31 17:19:51.685311] INFO: Second request sent in 0.005000ms
[2025-01-31 17:19:52.624132] INFO: Result uploaded in 0.010000ms
[2025-01-31 17:19:52.977418] INFO: Process completed successfully. Total execution time in 2m 34517.327000ms

