
[2025-01-31 17:17:18.472859] INFO: Process started with ID: 3
[2025-01-31 17:17:18.555191] INFO: First connection established in 0.154000ms
[2025-01-31 17:17:18.772007] INFO: Sending request: GET /http_server/send-object.php?ID=3 HTTP/1.1
Host: 192.168.100.3
Connection: close


[2025-01-31 17:17:19.033976] INFO: First request sent in 0.034000ms
[2025-01-31 17:17:19.470711] INFO: Time from request to first response in 0.034000ms
[2025-01-31 17:17:20.093496] INFO: Received headers - MPI-Rank: 5, Group-ID: 1, Job-ID: 1, Sub-Job-ID: 6, Rank-Count: 512
[2025-01-31 17:17:20.641274] INFO: Receive loop #1 received 16384 bytes in 1186.952000ms
[2025-01-31 17:17:21.206739] INFO: Receive loop #2 received 16384 bytes in 0.067000ms
[2025-01-31 17:17:22.196453] INFO: Receive loop #3 received 16384 bytes in 0.081000ms
[2025-01-31 17:17:22.998398] INFO: Receive loop #4 received 16384 bytes in 0.134000ms
[2025-01-31 17:17:24.052294] INFO: Receive loop #5 received 16384 bytes in 0.034000ms
[2025-01-31 17:17:25.103081] INFO: Receive loop #6 received 16384 bytes in 0.051000ms
[2025-01-31 17:17:25.919660] INFO: Receive loop #7 received 16384 bytes in 0.028000ms
[2025-01-31 17:17:27.097418] INFO: Receive loop #8 received 16384 bytes in 0.130000ms
[2025-01-31 17:17:28.653503] INFO: Receive loop #9 received 16384 bytes in 0.015000ms
[2025-01-31 17:17:30.877318] INFO: Receive loop #10 received 16384 bytes in 0.029000ms
[2025-01-31 17:17:32.275155] INFO: Receive loop #11 received 16384 bytes in 0.036000ms
[2025-01-31 17:17:33.876161] INFO: Receive loop #12 received 7661 bytes in 0.018000ms
[2025-01-31 17:17:35.822258] INFO: Response received in 15697.721000ms
[2025-01-31 17:17:37.505417] INFO: File saved in 0.471000ms
[2025-01-31 17:17:39.400509] INFO: File saved to: /home/vc/kurotaka/objects/temp_3
[2025-01-31 17:17:40.950110] INFO: Execution permission granted to: /home/vc/kurotaka/objects/temp_3
[2025-01-31 17:17:43.081302] INFO: Executing command: /home/vc/kurotaka/objects/temp_3 5 512 1
[2025-01-31 17:19:26.452917] INFO: Command executed in 1m 41020.856000ms
[2025-01-31 17:19:30.870510] INFO: Result saved to: /home/vc/kurotaka/results/result_3
[2025-01-31 17:19:35.213443] INFO: Second connection established in 0.161000ms
[2025-01-31 17:19:39.600366] INFO: Sending result upload request
[2025-01-31 17:19:44.131931] INFO: Second request sent in 0.003000ms
[2025-01-31 17:19:47.540771] INFO: Result uploaded in 0.010000ms
[2025-01-31 17:19:49.025621] INFO: Process completed successfully. Total execution time in 2m 30015.154000ms

