
[2025-01-31 17:17:52.840602] INFO: Process started with ID: 397
[2025-01-31 17:17:55.340699] INFO: First connection established in 0.432000ms
[2025-01-31 17:17:57.715875] INFO: Sending request: GET /http_server/send-object.php?ID=397 HTTP/1.1
Host: 192.168.100.3
Connection: close


[2025-01-31 17:18:00.010825] INFO: First request sent in 0.040000ms
[2025-01-31 17:18:02.719371] INFO: Time from request to first response in 0.038000ms
[2025-01-31 17:18:05.081788] INFO: Received headers - MPI-Rank: 355, Group-ID: 1, Job-ID: 1, Sub-Job-ID: 356, Rank-Count: 512
[2025-01-31 17:18:07.053388] INFO: Receive loop #1 received 16384 bytes in 4343.332000ms
[2025-01-31 17:18:09.227889] INFO: Receive loop #2 received 16384 bytes in 0.069000ms
[2025-01-31 17:18:11.109461] INFO: Receive loop #3 received 16384 bytes in 0.073000ms
[2025-01-31 17:18:13.322254] INFO: Receive loop #4 received 16384 bytes in 0.112000ms
[2025-01-31 17:18:15.583559] INFO: Receive loop #5 received 16384 bytes in 0.031000ms
[2025-01-31 17:18:17.888995] INFO: Receive loop #6 received 16384 bytes in 0.034000ms
[2025-01-31 17:18:20.177245] INFO: Receive loop #7 received 16384 bytes in 0.030000ms
[2025-01-31 17:18:22.586108] INFO: Receive loop #8 received 16384 bytes in 0.273000ms
[2025-01-31 17:18:24.871542] INFO: Receive loop #9 received 16384 bytes in 0.029000ms
[2025-01-31 17:18:27.148654] INFO: Receive loop #10 received 16384 bytes in 0.028000ms
[2025-01-31 17:18:29.031227] INFO: Receive loop #11 received 16384 bytes in 0.028000ms
[2025-01-31 17:18:30.970053] INFO: Receive loop #12 received 7665 bytes in 0.021000ms
[2025-01-31 17:18:32.640796] INFO: Response received in 30522.353000ms
[2025-01-31 17:18:34.693765] INFO: File saved in 0.589000ms
[2025-01-31 17:18:36.236257] INFO: File saved to: /home/vc/kurotaka/objects/temp_397
[2025-01-31 17:18:39.384850] INFO: Execution permission granted to: /home/vc/kurotaka/objects/temp_397
[2025-01-31 17:18:41.279932] INFO: Executing command: /home/vc/kurotaka/objects/temp_397 355 512 1
[2025-01-31 17:19:25.548624] INFO: Command executed in 43293.781000ms
[2025-01-31 17:19:28.079109] INFO: Result saved to: /home/vc/kurotaka/results/result_397
[2025-01-31 17:19:30.956438] INFO: Second connection established in 0.193000ms
[2025-01-31 17:19:34.432963] INFO: Sending result upload request
[2025-01-31 17:19:38.444134] INFO: Second request sent in 0.005000ms
[2025-01-31 17:19:43.554708] INFO: Result uploaded in 0.011000ms
[2025-01-31 17:19:47.541554] INFO: Process completed successfully. Total execution time in 2m 27768.466000ms

