
[2025-01-31 17:18:10.756298] INFO: Process started with ID: 266
[2025-01-31 17:18:13.149213] INFO: First connection established in 0.221000ms
[2025-01-31 17:18:15.300530] INFO: Sending request: GET /http_server/send-object.php?ID=266 HTTP/1.1
Host: 192.168.100.3
Connection: close


[2025-01-31 17:18:17.683007] INFO: First request sent in 0.034000ms
[2025-01-31 17:18:20.471090] INFO: Time from request to first response in 0.029000ms
[2025-01-31 17:18:22.907216] INFO: Received headers - MPI-Rank: 453, Group-ID: 1, Job-ID: 1, Sub-Job-ID: 454, Rank-Count: 512
[2025-01-31 17:18:25.192967] INFO: Receive loop #1 received 16384 bytes in 5179.350000ms
[2025-01-31 17:18:27.434795] INFO: Receive loop #2 received 16384 bytes in 0.026000ms
[2025-01-31 17:18:29.499826] INFO: Receive loop #3 received 16384 bytes in 0.095000ms
[2025-01-31 17:18:31.603897] INFO: Receive loop #4 received 16384 bytes in 0.032000ms
[2025-01-31 17:18:33.158718] INFO: Receive loop #5 received 16384 bytes in 0.029000ms
[2025-01-31 17:18:34.967996] INFO: Receive loop #6 received 16384 bytes in 0.030000ms
[2025-01-31 17:18:36.208647] INFO: Receive loop #7 received 16384 bytes in 0.027000ms
[2025-01-31 17:18:37.939831] INFO: Receive loop #8 received 16384 bytes in 0.252000ms
[2025-01-31 17:18:39.551925] INFO: Receive loop #9 received 16384 bytes in 0.038000ms
[2025-01-31 17:18:41.584677] INFO: Receive loop #10 received 16384 bytes in 0.028000ms
[2025-01-31 17:18:42.756573] INFO: Receive loop #11 received 16384 bytes in 0.029000ms
[2025-01-31 17:18:44.088658] INFO: Receive loop #12 received 7665 bytes in 0.020000ms
[2025-01-31 17:18:45.519419] INFO: Response received in 25752.441000ms
[2025-01-31 17:18:46.983165] INFO: File saved in 0.456000ms
[2025-01-31 17:18:47.996476] INFO: File saved to: /home/vc/kurotaka/objects/temp_266
[2025-01-31 17:18:49.248428] INFO: Execution permission granted to: /home/vc/kurotaka/objects/temp_266
[2025-01-31 17:18:50.181527] INFO: Executing command: /home/vc/kurotaka/objects/temp_266 453 512 1
[2025-01-31 17:19:11.766237] INFO: Command executed in 20704.629000ms
[2025-01-31 17:19:12.728495] INFO: Result saved to: /home/vc/kurotaka/results/result_266
[2025-01-31 17:19:14.745957] INFO: Second connection established in 0.261000ms
[2025-01-31 17:19:18.203052] INFO: Sending result upload request
[2025-01-31 17:19:21.431655] INFO: Second request sent in 0.024000ms
[2025-01-31 17:19:25.131244] INFO: Result uploaded in 0.054000ms
[2025-01-31 17:19:29.156745] INFO: Process completed successfully. Total execution time in 2m 9620.665000ms

