
[2025-01-31 17:17:20.429447] INFO: Process started with ID: 146
[2025-01-31 17:17:20.851100] INFO: First connection established in 0.262000ms
[2025-01-31 17:17:21.490769] INFO: Sending request: GET /http_server/send-object.php?ID=146 HTTP/1.1
Host: 192.168.100.3
Connection: close


[2025-01-31 17:17:22.659254] INFO: First request sent in 0.033000ms
[2025-01-31 17:17:23.247346] INFO: Time from request to first response in 0.028000ms
[2025-01-31 17:17:24.268579] INFO: Received headers - MPI-Rank: 87, Group-ID: 1, Job-ID: 1, Sub-Job-ID: 88, Rank-Count: 512
[2025-01-31 17:17:25.298175] INFO: Receive loop #1 received 16384 bytes in 2064.364000ms
[2025-01-31 17:17:26.105959] INFO: Receive loop #2 received 16384 bytes in 0.073000ms
[2025-01-31 17:17:27.442664] INFO: Receive loop #3 received 16384 bytes in 0.094000ms
[2025-01-31 17:17:28.775752] INFO: Receive loop #4 received 16384 bytes in 0.134000ms
[2025-01-31 17:17:30.923057] INFO: Receive loop #5 received 16384 bytes in 0.027000ms
[2025-01-31 17:17:32.600400] INFO: Receive loop #6 received 16384 bytes in 0.028000ms
[2025-01-31 17:17:33.989231] INFO: Receive loop #7 received 16384 bytes in 0.035000ms
[2025-01-31 17:17:35.932900] INFO: Receive loop #8 received 16384 bytes in 0.297000ms
[2025-01-31 17:17:37.777225] INFO: Receive loop #9 received 16384 bytes in 0.035000ms
[2025-01-31 17:17:39.670472] INFO: Receive loop #10 received 16384 bytes in 0.009000ms
[2025-01-31 17:17:41.358894] INFO: Receive loop #11 received 16384 bytes in 0.035000ms
[2025-01-31 17:17:43.356760] INFO: Receive loop #12 received 7663 bytes in 0.024000ms
[2025-01-31 17:17:45.397061] INFO: Response received in 21657.941000ms
[2025-01-31 17:17:47.620431] INFO: File saved in 0.127000ms
[2025-01-31 17:17:49.163292] INFO: File saved to: /home/vc/kurotaka/objects/temp_146
[2025-01-31 17:17:51.770661] INFO: Execution permission granted to: /home/vc/kurotaka/objects/temp_146
[2025-01-31 17:17:54.221877] INFO: Executing command: /home/vc/kurotaka/objects/temp_146 87 512 1
[2025-01-31 17:19:14.705714] INFO: Command executed in 1m 17782.458000ms
[2025-01-31 17:19:17.297795] INFO: Result saved to: /home/vc/kurotaka/results/result_146
[2025-01-31 17:19:20.699170] INFO: Second connection established in 0.268000ms
[2025-01-31 17:19:24.541585] INFO: Sending result upload request
[2025-01-31 17:19:28.552529] INFO: Second request sent in 0.026000ms
[2025-01-31 17:19:33.159610] INFO: Result uploaded in 0.054000ms
[2025-01-31 17:19:37.251771] INFO: Process completed successfully. Total execution time in 2m 17460.462000ms

