
[2025-01-31 17:18:09.018635] INFO: Process started with ID: 395
[2025-01-31 17:18:10.973256] INFO: First connection established in 0.152000ms
[2025-01-31 17:18:13.283494] INFO: Sending request: GET /http_server/send-object.php?ID=395 HTTP/1.1
Host: 192.168.100.3
Connection: close


[2025-01-31 17:18:15.467748] INFO: First request sent in 0.036000ms
[2025-01-31 17:18:17.888918] INFO: Time from request to first response in 0.038000ms
[2025-01-31 17:18:20.177107] INFO: Received headers - MPI-Rank: 442, Group-ID: 1, Job-ID: 1, Sub-Job-ID: 443, Rank-Count: 512
[2025-01-31 17:18:22.585742] INFO: Receive loop #1 received 16384 bytes in 3563.819000ms
[2025-01-31 17:18:24.476070] INFO: Receive loop #2 received 16384 bytes in 0.062000ms
[2025-01-31 17:18:26.481218] INFO: Receive loop #3 received 16384 bytes in 0.018000ms
[2025-01-31 17:18:27.986755] INFO: Receive loop #4 received 16384 bytes in 0.026000ms
[2025-01-31 17:18:30.511162] INFO: Receive loop #5 received 16384 bytes in 0.035000ms
[2025-01-31 17:18:32.474018] INFO: Receive loop #6 received 16384 bytes in 0.030000ms
[2025-01-31 17:18:34.371444] INFO: Receive loop #7 received 16384 bytes in 0.030000ms
[2025-01-31 17:18:35.817529] INFO: Receive loop #8 received 16384 bytes in 0.251000ms
[2025-01-31 17:18:37.391263] INFO: Receive loop #9 received 16384 bytes in 0.007000ms
[2025-01-31 17:18:39.272372] INFO: Receive loop #10 received 16384 bytes in 0.029000ms
[2025-01-31 17:18:40.997147] INFO: Receive loop #11 received 16384 bytes in 0.005000ms
[2025-01-31 17:18:42.558584] INFO: Receive loop #12 received 7665 bytes in 0.019000ms
[2025-01-31 17:18:43.862569] INFO: Response received in 26357.976000ms
[2025-01-31 17:18:45.294423] INFO: File saved in 0.471000ms
[2025-01-31 17:18:46.819837] INFO: File saved to: /home/vc/kurotaka/objects/temp_395
[2025-01-31 17:18:48.626448] INFO: Execution permission granted to: /home/vc/kurotaka/objects/temp_395
[2025-01-31 17:18:49.528559] INFO: Executing command: /home/vc/kurotaka/objects/temp_395 442 512 1
[2025-01-31 17:19:31.036825] INFO: Command executed in 40020.423000ms
[2025-01-31 17:19:34.548512] INFO: Result saved to: /home/vc/kurotaka/results/result_395
[2025-01-31 17:19:38.511168] INFO: Second connection established in 0.192000ms
[2025-01-31 17:19:43.678834] INFO: Sending result upload request
[2025-01-31 17:19:47.542005] INFO: Second request sent in 0.004000ms
[2025-01-31 17:19:50.046174] INFO: Result uploaded in 0.010000ms
[2025-01-31 17:19:51.205004] INFO: Process completed successfully. Total execution time in 2m 32468.876000ms

