
[2025-01-31 17:17:18.829882] INFO: Process started with ID: 338
[2025-01-31 17:17:19.142970] INFO: First connection established in 0.258000ms
[2025-01-31 17:17:19.565602] INFO: Sending request: GET /http_server/send-object.php?ID=338 HTTP/1.1
Host: 192.168.100.3
Connection: close


[2025-01-31 17:17:20.154522] INFO: First request sent in 0.034000ms
[2025-01-31 17:17:20.642654] INFO: Time from request to first response in 0.031000ms
[2025-01-31 17:17:21.206549] INFO: Received headers - MPI-Rank: 38, Group-ID: 1, Job-ID: 1, Sub-Job-ID: 39, Rank-Count: 512
[2025-01-31 17:17:22.036020] INFO: Receive loop #1 received 16384 bytes in 1221.672000ms
[2025-01-31 17:17:22.900007] INFO: Receive loop #2 received 16384 bytes in 0.062000ms
[2025-01-31 17:17:23.829426] INFO: Receive loop #3 received 16384 bytes in 0.075000ms
[2025-01-31 17:17:24.956464] INFO: Receive loop #4 received 16384 bytes in 0.112000ms
[2025-01-31 17:17:25.757634] INFO: Receive loop #5 received 16384 bytes in 0.028000ms
[2025-01-31 17:17:26.698567] INFO: Receive loop #6 received 16384 bytes in 0.030000ms
[2025-01-31 17:17:28.199531] INFO: Receive loop #7 received 16384 bytes in 0.032000ms
[2025-01-31 17:17:29.567650] INFO: Receive loop #8 received 16384 bytes in 0.280000ms
[2025-01-31 17:17:31.380905] INFO: Receive loop #9 received 16384 bytes in 0.032000ms
[2025-01-31 17:17:33.347266] INFO: Receive loop #10 received 16384 bytes in 0.037000ms
[2025-01-31 17:17:34.638706] INFO: Receive loop #11 received 16384 bytes in 0.035000ms
[2025-01-31 17:17:36.378582] INFO: Receive loop #12 received 7663 bytes in 0.003000ms
[2025-01-31 17:17:38.524722] INFO: Response received in 17365.300000ms
[2025-01-31 17:17:40.165580] INFO: File saved in 0.642000ms
[2025-01-31 17:17:42.328868] INFO: File saved to: /home/vc/kurotaka/objects/temp_338
[2025-01-31 17:17:44.217951] INFO: Execution permission granted to: /home/vc/kurotaka/objects/temp_338
[2025-01-31 17:17:46.386629] INFO: Executing command: /home/vc/kurotaka/objects/temp_338 38 512 1
[2025-01-31 17:19:23.044462] INFO: Command executed in 1m 33501.567000ms
[2025-01-31 17:19:26.069449] INFO: Result saved to: /home/vc/kurotaka/results/result_338
[2025-01-31 17:19:30.750940] INFO: Second connection established in 0.189000ms
[2025-01-31 17:19:34.470934] INFO: Sending result upload request
[2025-01-31 17:19:38.003547] INFO: Second request sent in 0.004000ms
[2025-01-31 17:19:41.057038] INFO: Result uploaded in 0.011000ms
[2025-01-31 17:19:41.950162] INFO: Process completed successfully. Total execution time in 2m 23160.956000ms

