
[2025-01-31 17:18:04.036392] INFO: Process started with ID: 204
[2025-01-31 17:18:06.034076] INFO: First connection established in 0.206000ms
[2025-01-31 17:18:08.132235] INFO: Sending request: GET /http_server/send-object.php?ID=204 HTTP/1.1
Host: 192.168.100.3
Connection: close


[2025-01-31 17:18:10.300220] INFO: First request sent in 0.031000ms
[2025-01-31 17:18:12.710688] INFO: Time from request to first response in 0.032000ms
[2025-01-31 17:18:14.715172] INFO: Received headers - MPI-Rank: 413, Group-ID: 1, Job-ID: 1, Sub-Job-ID: 414, Rank-Count: 512
[2025-01-31 17:18:16.753173] INFO: Receive loop #1 received 16384 bytes in 3940.508000ms
[2025-01-31 17:18:19.074316] INFO: Receive loop #2 received 16384 bytes in 0.062000ms
[2025-01-31 17:18:20.765843] INFO: Receive loop #3 received 16384 bytes in 0.032000ms
[2025-01-31 17:18:24.163343] INFO: Receive loop #4 received 16384 bytes in 0.122000ms
[2025-01-31 17:18:26.602813] INFO: Receive loop #5 received 16384 bytes in 0.028000ms
[2025-01-31 17:18:28.809292] INFO: Receive loop #6 received 16384 bytes in 0.005000ms
[2025-01-31 17:18:30.511108] INFO: Receive loop #7 received 16384 bytes in 0.030000ms
[2025-01-31 17:18:32.411519] INFO: Receive loop #8 received 16384 bytes in 0.255000ms
[2025-01-31 17:18:34.505252] INFO: Receive loop #9 received 16384 bytes in 0.030000ms
[2025-01-31 17:18:35.848336] INFO: Receive loop #10 received 16384 bytes in 0.011000ms
[2025-01-31 17:18:37.866672] INFO: Receive loop #11 received 16384 bytes in 0.005000ms
[2025-01-31 17:18:39.636844] INFO: Receive loop #12 received 7665 bytes in 0.025000ms
[2025-01-31 17:18:41.640473] INFO: Response received in 28790.442000ms
[2025-01-31 17:18:43.233596] INFO: File saved in 0.123000ms
[2025-01-31 17:18:44.634858] INFO: File saved to: /home/vc/kurotaka/objects/temp_204
[2025-01-31 17:18:46.809854] INFO: Execution permission granted to: /home/vc/kurotaka/objects/temp_204
[2025-01-31 17:18:47.801828] INFO: Executing command: /home/vc/kurotaka/objects/temp_204 413 512 1
[2025-01-31 17:19:12.487506] INFO: Command executed in 23781.106000ms
[2025-01-31 17:19:13.339352] INFO: Result saved to: /home/vc/kurotaka/results/result_204
[2025-01-31 17:19:15.145427] INFO: Second connection established in 0.210000ms
[2025-01-31 17:19:18.200219] INFO: Sending result upload request
[2025-01-31 17:19:21.368814] INFO: Second request sent in 0.025000ms
[2025-01-31 17:19:25.033671] INFO: Result uploaded in 0.055000ms
[2025-01-31 17:19:29.156566] INFO: Process completed successfully. Total execution time in 2m 9408.996000ms

