
[2025-01-30 12:30:43] Program started at 2025-01-30 12:30:43.243
[2025-01-30 12:30:43] [getClientID] MySQL connection established. Execution time: 0.143 ms
[2025-01-30 12:30:43] [getClientID] SELECT table_name FROM table_registry WHERE id = :job_id / Execution time: 0.338 ms
[2025-01-30 12:30:43] [getClientID] SELECT client FROM `matrix` WHERE id = :sub_job_id / Execution time: 0.222 ms
[2025-01-30 12:30:43] getClientID completed. Execution time: 0.890 ms
[2025-01-30 12:30:43] Read file completed. Execution time: 0.013 ms
[2025-01-30 12:30:43] File saved successfully: uploads/job_1/group_1/result_21
[2025-01-30 12:30:43] [updateStatus] MySQL connection established. Execution time: 0.135 ms
[2025-01-30 12:30:43] [updateStatus] SELECT table_name FROM table_registry WHERE id = :job_id FOR UPDATE / Execution time: 0.222 ms
[2025-01-30 12:30:43] [updateStatus] UPDATE `matrix` SET status = :status WHERE id = :sub_job_id / Execution time: 0.244 ms
[2025-01-30 12:30:43] [updateStatus] SELECT COUNT_RECORDS FROM `matrix` / Execution time: 0.722 ms
[2025-01-30 12:30:43] [updateStatus] UPDATE table_registry SET status = :status WHERE id = :job_id / Execution time: 0.203 ms
[2025-01-30 12:30:43] updateStatus completed. Execution time: 4.404 ms
[2025-01-30 12:30:43] Write file completed. Execution time: 4.774 ms
[2025-01-30 12:30:43] [getGroupStatus] MySQL connection established. Execution time: 0.082 ms
[2025-01-30 12:30:43] [getGroupStatus] SELECT table_name FROM table_registry WHERE id = :job_id / Execution time: 0.284 ms
[2025-01-30 12:30:43] [getGroupStatus] SELECT status FROM `matrix` WHERE group_id = :group_id / Execution time: 0.629 ms
[2025-01-30 12:30:43] getGroupStatus completed. Execution time: 1.103 ms
[2025-01-30 12:30:43] Group 1 is not completed yet.
[2025-01-30 12:30:43] Program completed. Total execution time: 9.635 ms

