
[2025-01-30 12:30:44] Program started at 2025-01-30 12:30:44.4935
[2025-01-30 12:30:44] [getClientID] MySQL connection established. Execution time: 0.638 ms
[2025-01-30 12:30:44] [getClientID] SELECT table_name FROM table_registry WHERE id = :job_id / Execution time: 0.469 ms
[2025-01-30 12:30:44] [getClientID] SELECT client FROM `matrix` WHERE id = :sub_job_id / Execution time: 0.223 ms
[2025-01-30 12:30:44] getClientID completed. Execution time: 1.536 ms
[2025-01-30 12:30:44] Read file completed. Execution time: 0.012 ms
[2025-01-30 12:30:44] File saved successfully: uploads/job_1/group_1/result_12
[2025-01-30 12:30:44] [updateStatus] MySQL connection established. Execution time: 0.236 ms
[2025-01-30 12:30:45] [updateStatus] SELECT table_name FROM table_registry WHERE id = :job_id FOR UPDATE / Execution time: 1,203.601 ms
[2025-01-30 12:30:45] [updateStatus] UPDATE `matrix` SET status = :status WHERE id = :sub_job_id / Execution time: 0.300 ms
[2025-01-30 12:30:45] [updateStatus] SELECT COUNT_RECORDS FROM `matrix` / Execution time: 0.608 ms
[2025-01-30 12:30:45] [updateStatus] UPDATE table_registry SET status = :status WHERE id = :job_id / Execution time: 0.184 ms
[2025-01-30 12:30:45] updateStatus completed. Execution time: 1,236.882 ms
[2025-01-30 12:30:45] Write file completed. Execution time: 1,276.490 ms
[2025-01-30 12:30:45] [getGroupStatus] MySQL connection established. Execution time: 0.115 ms
[2025-01-30 12:30:45] [getGroupStatus] SELECT table_name FROM table_registry WHERE id = :job_id / Execution time: 0.502 ms
[2025-01-30 12:30:45] [getGroupStatus] SELECT status FROM `matrix` WHERE group_id = :group_id / Execution time: 1.833 ms
[2025-01-30 12:30:45] getGroupStatus completed. Execution time: 2.724 ms
[2025-01-30 12:30:45] Group 1 is not completed yet.
[2025-01-30 12:30:45] Program completed. Total execution time: 1,283.956 ms

