
[2025-01-30 12:30:44] Program started at 2025-01-30 12:30:44.0653
[2025-01-30 12:30:44] [getClientID] MySQL connection established. Execution time: 0.347 ms
[2025-01-30 12:30:44] [getClientID] SELECT table_name FROM table_registry WHERE id = :job_id / Execution time: 0.156 ms
[2025-01-30 12:30:44] [getClientID] SELECT client FROM `matrix` WHERE id = :sub_job_id / Execution time: 0.095 ms
[2025-01-30 12:30:44] getClientID completed. Execution time: 0.738 ms
[2025-01-30 12:30:44] Read file completed. Execution time: 0.010 ms
[2025-01-30 12:30:44] File saved successfully: uploads/job_1/group_1/result_144
[2025-01-30 12:30:44] [updateStatus] MySQL connection established. Execution time: 0.058 ms
[2025-01-30 12:30:44] [updateStatus] SELECT table_name FROM table_registry WHERE id = :job_id FOR UPDATE / Execution time: 0.092 ms
[2025-01-30 12:30:44] [updateStatus] UPDATE `matrix` SET status = :status WHERE id = :sub_job_id / Execution time: 793.663 ms
[2025-01-30 12:30:44] [updateStatus] SELECT COUNT_RECORDS FROM `matrix` / Execution time: 0.401 ms
[2025-01-30 12:30:44] [updateStatus] UPDATE table_registry SET status = :status WHERE id = :job_id / Execution time: 0.189 ms
[2025-01-30 12:30:45] updateStatus completed. Execution time: 994.461 ms
[2025-01-30 12:30:45] Write file completed. Execution time: 994.722 ms
[2025-01-30 12:30:45] [getGroupStatus] MySQL connection established. Execution time: 0.082 ms
[2025-01-30 12:30:45] [getGroupStatus] SELECT table_name FROM table_registry WHERE id = :job_id / Execution time: 0.382 ms
[2025-01-30 12:30:45] [getGroupStatus] SELECT status FROM `matrix` WHERE group_id = :group_id / Execution time: 1.001 ms
[2025-01-30 12:30:45] getGroupStatus completed. Execution time: 1.720 ms
[2025-01-30 12:30:45] Group 1 is not completed yet.
[2025-01-30 12:30:45] Program completed. Total execution time: 999.288 ms

