
[2025-01-31 15:48:09] Program started at 2025-01-31 15:48:09.3305
[2025-01-31 15:48:09] [getClientID] MySQL connection established. Execution time: 0.656 ms
[2025-01-31 15:48:09] [getClientID] SELECT table_name FROM table_registry WHERE id = :job_id / Execution time: 0.537 ms
[2025-01-31 15:48:09] [getClientID] SELECT client FROM `matrix` WHERE id = :sub_job_id / Execution time: 0.326 ms
[2025-01-31 15:48:09] getClientID completed. Execution time: 2.052 ms
[2025-01-31 15:48:09] Read file completed. Execution time: 0.017 ms
[2025-01-31 15:48:09] File saved successfully: uploads/job_1/group_1/result_116
[2025-01-31 15:48:09] [updateStatus] MySQL connection established. Execution time: 0.120 ms
[2025-01-31 15:48:09] [updateStatus] SELECT table_name FROM table_registry WHERE id = :job_id FOR UPDATE / Execution time: 0.203 ms
[2025-01-31 15:48:09] [updateStatus] UPDATE `matrix` SET status = :status WHERE id = :sub_job_id / Execution time: 32.351 ms
[2025-01-31 15:48:09] [updateStatus] SELECT COUNT_RECORDS FROM `matrix` / Execution time: 0.802 ms
[2025-01-31 15:48:09] [updateStatus] UPDATE table_registry SET status = :status WHERE id = :job_id / Execution time: 0.256 ms
[2025-01-31 15:48:09] updateStatus completed. Execution time: 85.837 ms
[2025-01-31 15:48:09] Write file completed. Execution time: 86.196 ms
[2025-01-31 15:48:09] [getGroupStatus] MySQL connection established. Execution time: 0.064 ms
[2025-01-31 15:48:09] [getGroupStatus] SELECT table_name FROM table_registry WHERE id = :job_id / Execution time: 0.252 ms
[2025-01-31 15:48:09] [getGroupStatus] SELECT status FROM `matrix` WHERE group_id = :group_id / Execution time: 0.611 ms
[2025-01-31 15:48:09] getGroupStatus completed. Execution time: 1.006 ms
[2025-01-31 15:48:09] Group 1 is not completed yet.
[2025-01-31 15:48:09] Program completed. Total execution time: 92.190 ms

