
[2025-01-31 15:48:11] Program started at 2025-01-31 15:48:11.1779
[2025-01-31 15:48:11] [getClientID] MySQL connection established. Execution time: 0.759 ms
[2025-01-31 15:48:11] [getClientID] SELECT table_name FROM table_registry WHERE id = :job_id / Execution time: 0.389 ms
[2025-01-31 15:48:11] [getClientID] SELECT client FROM `matrix` WHERE id = :sub_job_id / Execution time: 0.213 ms
[2025-01-31 15:48:11] getClientID completed. Execution time: 1.549 ms
[2025-01-31 15:48:11] Read file completed. Execution time: 0.014 ms
[2025-01-31 15:48:11] File saved successfully: uploads/job_1/group_1/result_34
[2025-01-31 15:48:11] [updateStatus] MySQL connection established. Execution time: 0.115 ms
[2025-01-31 15:48:11] [updateStatus] SELECT table_name FROM table_registry WHERE id = :job_id FOR UPDATE / Execution time: 0.212 ms
[2025-01-31 15:48:11] [updateStatus] UPDATE `matrix` SET status = :status WHERE id = :sub_job_id / Execution time: 0.311 ms
[2025-01-31 15:48:11] [updateStatus] SELECT COUNT_RECORDS FROM `matrix` / Execution time: 0.565 ms
[2025-01-31 15:48:11] [updateStatus] UPDATE table_registry SET status = :status WHERE id = :job_id / Execution time: 0.174 ms
[2025-01-31 15:48:11] updateStatus completed. Execution time: 529.921 ms
[2025-01-31 15:48:11] Write file completed. Execution time: 530.345 ms
[2025-01-31 15:48:11] [getGroupStatus] MySQL connection established. Execution time: 0.123 ms
[2025-01-31 15:48:11] [getGroupStatus] SELECT table_name FROM table_registry WHERE id = :job_id / Execution time: 0.620 ms
[2025-01-31 15:48:11] [getGroupStatus] SELECT status FROM `matrix` WHERE group_id = :group_id / Execution time: 1.885 ms
[2025-01-31 15:48:11] getGroupStatus completed. Execution time: 2.934 ms
[2025-01-31 15:48:11] Group 1 is not completed yet.
[2025-01-31 15:48:11] Program completed. Total execution time: 537.893 ms

