
[2025-01-31 15:48:12] Program started at 2025-01-31 15:48:12.1614
[2025-01-31 15:48:12] [getClientID] MySQL connection established. Execution time: 0.125 ms
[2025-01-31 15:48:12] [getClientID] SELECT table_name FROM table_registry WHERE id = :job_id / Execution time: 0.432 ms
[2025-01-31 15:48:12] [getClientID] SELECT client FROM `matrix` WHERE id = :sub_job_id / Execution time: 0.226 ms
[2025-01-31 15:48:12] getClientID completed. Execution time: 0.956 ms
[2025-01-31 15:48:12] Read file completed. Execution time: 0.013 ms
[2025-01-31 15:48:12] File saved successfully: uploads/job_1/group_1/result_237
[2025-01-31 15:48:12] [updateStatus] MySQL connection established. Execution time: 0.116 ms
[2025-01-31 15:48:12] [updateStatus] SELECT table_name FROM table_registry WHERE id = :job_id FOR UPDATE / Execution time: 132.364 ms
[2025-01-31 15:48:12] [updateStatus] UPDATE `matrix` SET status = :status WHERE id = :sub_job_id / Execution time: 0.275 ms
[2025-01-31 15:48:12] [updateStatus] SELECT COUNT_RECORDS FROM `matrix` / Execution time: 0.531 ms
[2025-01-31 15:48:12] [updateStatus] UPDATE table_registry SET status = :status WHERE id = :job_id / Execution time: 0.169 ms
[2025-01-31 15:48:12] updateStatus completed. Execution time: 257.994 ms
[2025-01-31 15:48:12] Write file completed. Execution time: 258.456 ms
[2025-01-31 15:48:12] [getGroupStatus] MySQL connection established. Execution time: 0.118 ms
[2025-01-31 15:48:12] [getGroupStatus] SELECT table_name FROM table_registry WHERE id = :job_id / Execution time: 0.294 ms
[2025-01-31 15:48:12] [getGroupStatus] SELECT status FROM `matrix` WHERE group_id = :group_id / Execution time: 1.029 ms
[2025-01-31 15:48:12] getGroupStatus completed. Execution time: 1.538 ms
[2025-01-31 15:48:12] Group 1 is not completed yet.
[2025-01-31 15:48:12] Program completed. Total execution time: 263.662 ms

