
[2025-01-31 15:48:11] Program started at 2025-01-31 15:48:11.1403
[2025-01-31 15:48:11] [getClientID] MySQL connection established. Execution time: 0.186 ms
[2025-01-31 15:48:11] [getClientID] SELECT table_name FROM table_registry WHERE id = :job_id / Execution time: 0.358 ms
[2025-01-31 15:48:11] [getClientID] SELECT client FROM `matrix` WHERE id = :sub_job_id / Execution time: 0.230 ms
[2025-01-31 15:48:11] getClientID completed. Execution time: 0.945 ms
[2025-01-31 15:48:11] Read file completed. Execution time: 0.013 ms
[2025-01-31 15:48:11] File saved successfully: uploads/job_1/group_1/result_65
[2025-01-31 15:48:11] [updateStatus] MySQL connection established. Execution time: 0.169 ms
[2025-01-31 15:48:11] [updateStatus] SELECT table_name FROM table_registry WHERE id = :job_id FOR UPDATE / Execution time: 12.627 ms
[2025-01-31 15:48:11] [updateStatus] UPDATE `matrix` SET status = :status WHERE id = :sub_job_id / Execution time: 0.219 ms
[2025-01-31 15:48:11] [updateStatus] SELECT COUNT_RECORDS FROM `matrix` / Execution time: 0.358 ms
[2025-01-31 15:48:11] [updateStatus] UPDATE table_registry SET status = :status WHERE id = :job_id / Execution time: 0.112 ms
[2025-01-31 15:48:11] updateStatus completed. Execution time: 567.135 ms
[2025-01-31 15:48:11] Write file completed. Execution time: 568.926 ms
[2025-01-31 15:48:11] [getGroupStatus] MySQL connection established. Execution time: 0.105 ms
[2025-01-31 15:48:11] [getGroupStatus] SELECT table_name FROM table_registry WHERE id = :job_id / Execution time: 0.534 ms
[2025-01-31 15:48:11] [getGroupStatus] SELECT status FROM `matrix` WHERE group_id = :group_id / Execution time: 2.213 ms
[2025-01-31 15:48:11] getGroupStatus completed. Execution time: 3.194 ms
[2025-01-31 15:48:11] Group 1 is not completed yet.
[2025-01-31 15:48:11] Program completed. Total execution time: 575.739 ms

