
[2025-01-31 16:59:29.277678] INFO: Process started with ID: 23
[2025-01-31 16:59:29.571454] INFO: First connection established in 0.263000ms
[2025-01-31 16:59:29.863219] INFO: Sending request: GET /http_server/send-object.php?ID=23 HTTP/1.1
Host: 192.168.100.3
Connection: close


[2025-01-31 16:59:30.221293] INFO: First request sent in 0.032000ms
[2025-01-31 16:59:30.577894] INFO: Time from request to first response in 0.033000ms
[2025-01-31 16:59:30.823755] INFO: Received headers - MPI-Rank: 58, Group-ID: 1, Job-ID: 1, Sub-Job-ID: 59, Rank-Count: 64
[2025-01-31 16:59:31.059681] INFO: Receive loop #1 received 16384 bytes in 487.053000ms
[2025-01-31 16:59:31.351859] INFO: Receive loop #2 received 16384 bytes in 0.070000ms
[2025-01-31 16:59:31.629511] INFO: Receive loop #3 received 16384 bytes in 0.080000ms
[2025-01-31 16:59:32.021708] INFO: Receive loop #4 received 16384 bytes in 0.132000ms
[2025-01-31 16:59:32.356171] INFO: Receive loop #5 received 16384 bytes in 0.010000ms
[2025-01-31 16:59:32.768402] INFO: Receive loop #6 received 16384 bytes in 0.030000ms
[2025-01-31 16:59:33.051047] INFO: Receive loop #7 received 16384 bytes in 0.032000ms
[2025-01-31 16:59:33.272140] INFO: Receive loop #8 received 16384 bytes in 0.242000ms
[2025-01-31 16:59:33.567125] INFO: Receive loop #9 received 16384 bytes in 0.028000ms
[2025-01-31 16:59:33.893945] INFO: Receive loop #10 received 16384 bytes in 0.037000ms
[2025-01-31 16:59:34.385508] INFO: Receive loop #11 received 16384 bytes in 0.028000ms
[2025-01-31 16:59:34.987037] INFO: Receive loop #12 received 7662 bytes in 0.019000ms
[2025-01-31 16:59:35.495050] INFO: Response received in 4873.868000ms
[2025-01-31 16:59:35.726006] INFO: File saved in 0.442000ms
[2025-01-31 16:59:36.057978] INFO: File saved to: /home/vc/kurotaka/objects/temp_23
[2025-01-31 16:59:36.553588] INFO: Execution permission granted to: /home/vc/kurotaka/objects/temp_23
[2025-01-31 16:59:36.778801] INFO: Executing command: /home/vc/kurotaka/objects/temp_23 58 64 1
[2025-01-31 16:59:39.439898] INFO: Command executed in 2211.302000ms
[2025-01-31 16:59:39.689008] INFO: Result saved to: /home/vc/kurotaka/results/result_23
[2025-01-31 16:59:39.939548] INFO: Second connection established in 0.298000ms
[2025-01-31 16:59:40.233803] INFO: Sending result upload request
[2025-01-31 16:59:40.618849] INFO: Second request sent in 0.025000ms
[2025-01-31 16:59:40.962093] INFO: Result uploaded in 0.054000ms
[2025-01-31 16:59:41.213725] INFO: Process completed successfully. Total execution time in 12498.175000ms

