
[2025-01-31 16:12:48] Program started at 2025-01-31 16:12:48.5707
[2025-01-31 16:12:48] [getClientID] MySQL connection established. Execution time: 0.233 ms
[2025-01-31 16:12:48] [getClientID] SELECT table_name FROM table_registry WHERE id = :job_id / Execution time: 0.580 ms
[2025-01-31 16:12:48] [getClientID] SELECT client FROM `matrix` WHERE id = :sub_job_id / Execution time: 0.123 ms
[2025-01-31 16:12:48] getClientID completed. Execution time: 1.121 ms
[2025-01-31 16:12:48] Read file completed. Execution time: 0.015 ms
[2025-01-31 16:12:48] File saved successfully: uploads/job_1/group_1/result_159
[2025-01-31 16:12:48] [updateStatus] MySQL connection established. Execution time: 0.096 ms
[2025-01-31 16:12:48] [updateStatus] SELECT table_name FROM table_registry WHERE id = :job_id FOR UPDATE / Execution time: 0.127 ms
[2025-01-31 16:12:48] [updateStatus] UPDATE `matrix` SET status = :status WHERE id = :sub_job_id / Execution time: 0.113 ms
[2025-01-31 16:12:48] [updateStatus] SELECT COUNT_RECORDS FROM `matrix` / Execution time: 0.322 ms
[2025-01-31 16:12:48] [updateStatus] UPDATE table_registry SET status = :status WHERE id = :job_id / Execution time: 0.115 ms
[2025-01-31 16:12:48] updateStatus completed. Execution time: 33.928 ms
[2025-01-31 16:12:48] Write file completed. Execution time: 34.330 ms
[2025-01-31 16:12:48] [getGroupStatus] MySQL connection established. Execution time: 0.076 ms
[2025-01-31 16:12:48] [getGroupStatus] SELECT table_name FROM table_registry WHERE id = :job_id / Execution time: 0.226 ms
[2025-01-31 16:12:48] [getGroupStatus] SELECT status FROM `matrix` WHERE group_id = :group_id / Execution time: 1.074 ms
[2025-01-31 16:12:48] getGroupStatus completed. Execution time: 1.560 ms
[2025-01-31 16:12:48] Group 1 is not completed yet.
[2025-01-31 16:12:48] Program completed. Total execution time: 39.909 ms

