
[2025-01-31 16:12:42] Program started at 2025-01-31 16:12:42.4825
[2025-01-31 16:12:42] [getClientID] MySQL connection established. Execution time: 0.359 ms
[2025-01-31 16:12:42] [getClientID] SELECT table_name FROM table_registry WHERE id = :job_id / Execution time: 0.449 ms
[2025-01-31 16:12:42] [getClientID] SELECT client FROM `matrix` WHERE id = :sub_job_id / Execution time: 0.246 ms
[2025-01-31 16:12:42] getClientID completed. Execution time: 1.348 ms
[2025-01-31 16:12:42] Read file completed. Execution time: 0.017 ms
[2025-01-31 16:12:42] File saved successfully: uploads/job_1/group_1/result_466
[2025-01-31 16:12:42] [updateStatus] MySQL connection established. Execution time: 0.133 ms
[2025-01-31 16:12:42] [updateStatus] SELECT table_name FROM table_registry WHERE id = :job_id FOR UPDATE / Execution time: 1.841 ms
[2025-01-31 16:12:42] [updateStatus] UPDATE `matrix` SET status = :status WHERE id = :sub_job_id / Execution time: 0.335 ms
[2025-01-31 16:12:42] [updateStatus] SELECT COUNT_RECORDS FROM `matrix` / Execution time: 1.023 ms
[2025-01-31 16:12:42] [updateStatus] UPDATE table_registry SET status = :status WHERE id = :job_id / Execution time: 0.198 ms
[2025-01-31 16:12:42] updateStatus completed. Execution time: 62.393 ms
[2025-01-31 16:12:42] Write file completed. Execution time: 62.800 ms
[2025-01-31 16:12:42] [getGroupStatus] MySQL connection established. Execution time: 0.087 ms
[2025-01-31 16:12:42] [getGroupStatus] SELECT table_name FROM table_registry WHERE id = :job_id / Execution time: 0.231 ms
[2025-01-31 16:12:42] [getGroupStatus] SELECT status FROM `matrix` WHERE group_id = :group_id / Execution time: 1.181 ms
[2025-01-31 16:12:42] getGroupStatus completed. Execution time: 1.689 ms
[2025-01-31 16:12:42] Group 1 is not completed yet.
[2025-01-31 16:12:42] Program completed. Total execution time: 68.644 ms

