
[2025-01-31 16:12:41] Program started at 2025-01-31 16:12:41.0499
[2025-01-31 16:12:41] [getClientID] MySQL connection established. Execution time: 0.341 ms
[2025-01-31 16:12:41] [getClientID] SELECT table_name FROM table_registry WHERE id = :job_id / Execution time: 0.477 ms
[2025-01-31 16:12:41] [getClientID] SELECT client FROM `matrix` WHERE id = :sub_job_id / Execution time: 0.226 ms
[2025-01-31 16:12:41] getClientID completed. Execution time: 1.256 ms
[2025-01-31 16:12:41] Read file completed. Execution time: 0.014 ms
[2025-01-31 16:12:41] File saved successfully: uploads/job_1/group_1/result_301
[2025-01-31 16:12:41] [updateStatus] MySQL connection established. Execution time: 0.273 ms
[2025-01-31 16:12:41] [updateStatus] SELECT table_name FROM table_registry WHERE id = :job_id FOR UPDATE / Execution time: 0.378 ms
[2025-01-31 16:12:41] [updateStatus] UPDATE `matrix` SET status = :status WHERE id = :sub_job_id / Execution time: 0.317 ms
[2025-01-31 16:12:41] [updateStatus] SELECT COUNT_RECORDS FROM `matrix` / Execution time: 0.928 ms
[2025-01-31 16:12:41] [updateStatus] UPDATE table_registry SET status = :status WHERE id = :job_id / Execution time: 0.198 ms
[2025-01-31 16:12:41] updateStatus completed. Execution time: 4.249 ms
[2025-01-31 16:12:41] Write file completed. Execution time: 4.586 ms
[2025-01-31 16:12:41] [getGroupStatus] MySQL connection established. Execution time: 0.044 ms
[2025-01-31 16:12:41] [getGroupStatus] SELECT table_name FROM table_registry WHERE id = :job_id / Execution time: 0.215 ms
[2025-01-31 16:12:41] [getGroupStatus] SELECT status FROM `matrix` WHERE group_id = :group_id / Execution time: 1.048 ms
[2025-01-31 16:12:41] getGroupStatus completed. Execution time: 1.383 ms
[2025-01-31 16:12:41] Group 1 is not completed yet.
[2025-01-31 16:12:41] Program completed. Total execution time: 9.919 ms

