
[2025-01-31 16:12:54] Program started at 2025-01-31 16:12:54.1434
[2025-01-31 16:12:54] [getClientID] MySQL connection established. Execution time: 0.546 ms
[2025-01-31 16:12:54] [getClientID] SELECT table_name FROM table_registry WHERE id = :job_id / Execution time: 0.404 ms
[2025-01-31 16:12:54] [getClientID] SELECT client FROM `matrix` WHERE id = :sub_job_id / Execution time: 0.310 ms
[2025-01-31 16:12:54] getClientID completed. Execution time: 1.557 ms
[2025-01-31 16:12:54] Read file completed. Execution time: 0.015 ms
[2025-01-31 16:12:54] File saved successfully: uploads/job_1/group_1/result_320
[2025-01-31 16:12:54] [updateStatus] MySQL connection established. Execution time: 0.185 ms
[2025-01-31 16:12:54] [updateStatus] SELECT table_name FROM table_registry WHERE id = :job_id FOR UPDATE / Execution time: 1.443 ms
[2025-01-31 16:12:54] [updateStatus] UPDATE `matrix` SET status = :status WHERE id = :sub_job_id / Execution time: 606.540 ms
[2025-01-31 16:12:54] [updateStatus] SELECT COUNT_RECORDS FROM `matrix` / Execution time: 0.478 ms
[2025-01-31 16:12:54] [updateStatus] UPDATE table_registry SET status = :status WHERE id = :job_id / Execution time: 0.149 ms
[2025-01-31 16:12:54] updateStatus completed. Execution time: 619.362 ms
[2025-01-31 16:12:54] Write file completed. Execution time: 645.129 ms
[2025-01-31 16:12:54] [getGroupStatus] MySQL connection established. Execution time: 0.045 ms
[2025-01-31 16:12:54] [getGroupStatus] SELECT table_name FROM table_registry WHERE id = :job_id / Execution time: 0.179 ms
[2025-01-31 16:12:54] [getGroupStatus] SELECT status FROM `matrix` WHERE group_id = :group_id / Execution time: 0.654 ms
[2025-01-31 16:12:54] getGroupStatus completed. Execution time: 0.998 ms
[2025-01-31 16:12:54] Group 1 is not completed yet.
[2025-01-31 16:12:54] Program completed. Total execution time: 650.586 ms

