
[2025-01-31 16:12:46] Program started at 2025-01-31 16:12:46.126
[2025-01-31 16:12:46] [getClientID] MySQL connection established. Execution time: 0.304 ms
[2025-01-31 16:12:46] [getClientID] SELECT table_name FROM table_registry WHERE id = :job_id / Execution time: 0.497 ms
[2025-01-31 16:12:46] [getClientID] SELECT client FROM `matrix` WHERE id = :sub_job_id / Execution time: 0.216 ms
[2025-01-31 16:12:46] getClientID completed. Execution time: 1.099 ms
[2025-01-31 16:12:46] Read file completed. Execution time: 0.008 ms
[2025-01-31 16:12:46] File saved successfully: uploads/job_1/group_1/result_163
[2025-01-31 16:12:46] [updateStatus] MySQL connection established. Execution time: 0.277 ms
[2025-01-31 16:12:46] [updateStatus] SELECT table_name FROM table_registry WHERE id = :job_id FOR UPDATE / Execution time: 18.923 ms
[2025-01-31 16:12:46] [updateStatus] UPDATE `matrix` SET status = :status WHERE id = :sub_job_id / Execution time: 0.234 ms
[2025-01-31 16:12:46] [updateStatus] SELECT COUNT_RECORDS FROM `matrix` / Execution time: 0.946 ms
[2025-01-31 16:12:46] [updateStatus] UPDATE table_registry SET status = :status WHERE id = :job_id / Execution time: 0.194 ms
[2025-01-31 16:12:46] updateStatus completed. Execution time: 380.489 ms
[2025-01-31 16:12:46] Write file completed. Execution time: 491.408 ms
[2025-01-31 16:12:46] [getGroupStatus] MySQL connection established. Execution time: 0.182 ms
[2025-01-31 16:12:46] [getGroupStatus] SELECT table_name FROM table_registry WHERE id = :job_id / Execution time: 0.349 ms
[2025-01-31 16:12:46] [getGroupStatus] SELECT status FROM `matrix` WHERE group_id = :group_id / Execution time: 1.599 ms
[2025-01-31 16:12:46] getGroupStatus completed. Execution time: 2.298 ms
[2025-01-31 16:12:46] Group 1 is not completed yet.
[2025-01-31 16:12:46] Program completed. Total execution time: 496.025 ms

