
[2025-01-31 16:12:43] Program started at 2025-01-31 16:12:43.2127
[2025-01-31 16:12:43] [getClientID] MySQL connection established. Execution time: 0.295 ms
[2025-01-31 16:12:43] [getClientID] SELECT table_name FROM table_registry WHERE id = :job_id / Execution time: 0.341 ms
[2025-01-31 16:12:43] [getClientID] SELECT client FROM `matrix` WHERE id = :sub_job_id / Execution time: 0.153 ms
[2025-01-31 16:12:43] getClientID completed. Execution time: 0.950 ms
[2025-01-31 16:12:43] Read file completed. Execution time: 0.008 ms
[2025-01-31 16:12:43] File saved successfully: uploads/job_1/group_1/result_365
[2025-01-31 16:12:43] [updateStatus] MySQL connection established. Execution time: 0.074 ms
[2025-01-31 16:12:43] [updateStatus] SELECT table_name FROM table_registry WHERE id = :job_id FOR UPDATE / Execution time: 2.095 ms
[2025-01-31 16:12:43] [updateStatus] UPDATE `matrix` SET status = :status WHERE id = :sub_job_id / Execution time: 0.215 ms
[2025-01-31 16:12:43] [updateStatus] SELECT COUNT_RECORDS FROM `matrix` / Execution time: 0.624 ms
[2025-01-31 16:12:43] [updateStatus] UPDATE table_registry SET status = :status WHERE id = :job_id / Execution time: 0.131 ms
[2025-01-31 16:12:43] updateStatus completed. Execution time: 166.935 ms
[2025-01-31 16:12:43] Write file completed. Execution time: 167.194 ms
[2025-01-31 16:12:43] [getGroupStatus] MySQL connection established. Execution time: 0.207 ms
[2025-01-31 16:12:43] [getGroupStatus] SELECT table_name FROM table_registry WHERE id = :job_id / Execution time: 0.411 ms
[2025-01-31 16:12:43] [getGroupStatus] SELECT status FROM `matrix` WHERE group_id = :group_id / Execution time: 1.869 ms
[2025-01-31 16:12:43] getGroupStatus completed. Execution time: 2.849 ms
[2025-01-31 16:12:43] Group 1 is not completed yet.
[2025-01-31 16:12:43] Program completed. Total execution time: 173.807 ms

