
[2025-01-31 16:12:43] Program started at 2025-01-31 16:12:43.5129
[2025-01-31 16:12:43] [getClientID] MySQL connection established. Execution time: 0.233 ms
[2025-01-31 16:12:43] [getClientID] SELECT table_name FROM table_registry WHERE id = :job_id / Execution time: 0.404 ms
[2025-01-31 16:12:43] [getClientID] SELECT client FROM `matrix` WHERE id = :sub_job_id / Execution time: 0.219 ms
[2025-01-31 16:12:43] getClientID completed. Execution time: 1.048 ms
[2025-01-31 16:12:43] Read file completed. Execution time: 0.015 ms
[2025-01-31 16:12:43] File saved successfully: uploads/job_1/group_1/result_189
[2025-01-31 16:12:43] [updateStatus] MySQL connection established. Execution time: 0.133 ms
[2025-01-31 16:12:43] [updateStatus] SELECT table_name FROM table_registry WHERE id = :job_id FOR UPDATE / Execution time: 58.006 ms
[2025-01-31 16:12:43] [updateStatus] UPDATE `matrix` SET status = :status WHERE id = :sub_job_id / Execution time: 0.333 ms
[2025-01-31 16:12:43] [updateStatus] SELECT COUNT_RECORDS FROM `matrix` / Execution time: 1.002 ms
[2025-01-31 16:12:43] [updateStatus] UPDATE table_registry SET status = :status WHERE id = :job_id / Execution time: 0.211 ms
[2025-01-31 16:12:43] updateStatus completed. Execution time: 103.911 ms
[2025-01-31 16:12:43] Write file completed. Execution time: 104.294 ms
[2025-01-31 16:12:43] [getGroupStatus] MySQL connection established. Execution time: 0.150 ms
[2025-01-31 16:12:43] [getGroupStatus] SELECT table_name FROM table_registry WHERE id = :job_id / Execution time: 0.238 ms
[2025-01-31 16:12:43] [getGroupStatus] SELECT status FROM `matrix` WHERE group_id = :group_id / Execution time: 1.117 ms
[2025-01-31 16:12:43] getGroupStatus completed. Execution time: 1.685 ms
[2025-01-31 16:12:43] Group 1 is not completed yet.
[2025-01-31 16:12:43] Program completed. Total execution time: 109.793 ms

