
[2025-01-31 16:12:37] Program started at 2025-01-31 16:12:37.1797
[2025-01-31 16:12:37] [getClientID] MySQL connection established. Execution time: 0.197 ms
[2025-01-31 16:12:37] [getClientID] SELECT table_name FROM table_registry WHERE id = :job_id / Execution time: 0.257 ms
[2025-01-31 16:12:37] [getClientID] SELECT client FROM `matrix` WHERE id = :sub_job_id / Execution time: 0.162 ms
[2025-01-31 16:12:37] getClientID completed. Execution time: 0.802 ms
[2025-01-31 16:12:37] Read file completed. Execution time: 0.014 ms
[2025-01-31 16:12:37] File saved successfully: uploads/job_1/group_1/result_377
[2025-01-31 16:12:37] [updateStatus] MySQL connection established. Execution time: 0.107 ms
[2025-01-31 16:12:37] [updateStatus] SELECT table_name FROM table_registry WHERE id = :job_id FOR UPDATE / Execution time: 0.170 ms
[2025-01-31 16:12:37] [updateStatus] UPDATE `matrix` SET status = :status WHERE id = :sub_job_id / Execution time: 0.189 ms
[2025-01-31 16:12:37] [updateStatus] SELECT COUNT_RECORDS FROM `matrix` / Execution time: 13.627 ms
[2025-01-31 16:12:37] [updateStatus] UPDATE table_registry SET status = :status WHERE id = :job_id / Execution time: 0.248 ms
[2025-01-31 16:12:37] updateStatus completed. Execution time: 52.776 ms
[2025-01-31 16:12:37] Write file completed. Execution time: 53.142 ms
[2025-01-31 16:12:37] [getGroupStatus] MySQL connection established. Execution time: 0.086 ms
[2025-01-31 16:12:37] [getGroupStatus] SELECT table_name FROM table_registry WHERE id = :job_id / Execution time: 0.308 ms
[2025-01-31 16:12:37] [getGroupStatus] SELECT status FROM `matrix` WHERE group_id = :group_id / Execution time: 1.481 ms
[2025-01-31 16:12:37] getGroupStatus completed. Execution time: 2.119 ms
[2025-01-31 16:12:37] Group 1 is not completed yet.
[2025-01-31 16:12:37] Program completed. Total execution time: 58.958 ms

