
[2025-01-31 16:12:49] Program started at 2025-01-31 16:12:49.9917
[2025-01-31 16:12:49] [getClientID] MySQL connection established. Execution time: 0.531 ms
[2025-01-31 16:12:49] [getClientID] SELECT table_name FROM table_registry WHERE id = :job_id / Execution time: 0.313 ms
[2025-01-31 16:12:49] [getClientID] SELECT client FROM `matrix` WHERE id = :sub_job_id / Execution time: 0.195 ms
[2025-01-31 16:12:49] getClientID completed. Execution time: 1.185 ms
[2025-01-31 16:12:49] Read file completed. Execution time: 0.009 ms
[2025-01-31 16:12:49] File saved successfully: uploads/job_1/group_1/result_53
[2025-01-31 16:12:49] [updateStatus] MySQL connection established. Execution time: 0.094 ms
[2025-01-31 16:12:49] [updateStatus] SELECT table_name FROM table_registry WHERE id = :job_id FOR UPDATE / Execution time: 0.243 ms
[2025-01-31 16:12:49] [updateStatus] UPDATE `matrix` SET status = :status WHERE id = :sub_job_id / Execution time: 0.229 ms
[2025-01-31 16:12:49] [updateStatus] SELECT COUNT_RECORDS FROM `matrix` / Execution time: 0.797 ms
[2025-01-31 16:12:49] [updateStatus] UPDATE table_registry SET status = :status WHERE id = :job_id / Execution time: 0.147 ms
[2025-01-31 16:12:50] updateStatus completed. Execution time: 10.607 ms
[2025-01-31 16:12:50] Write file completed. Execution time: 10.841 ms
[2025-01-31 16:12:50] [getGroupStatus] MySQL connection established. Execution time: 0.059 ms
[2025-01-31 16:12:50] [getGroupStatus] SELECT table_name FROM table_registry WHERE id = :job_id / Execution time: 0.220 ms
[2025-01-31 16:12:50] [getGroupStatus] SELECT status FROM `matrix` WHERE group_id = :group_id / Execution time: 1.030 ms
[2025-01-31 16:12:50] getGroupStatus completed. Execution time: 1.461 ms
[2025-01-31 16:12:50] Group 1 is not completed yet.
[2025-01-31 16:12:50] Program completed. Total execution time: 15.521 ms

