
[2025-01-31 15:41:35.354375] INFO: Process started with ID: 196
[2025-01-31 15:41:36.960118] INFO: First connection established in 0.191000ms
[2025-01-31 15:41:39.027195] INFO: Sending request: GET /http_server/send-object.php?ID=196 HTTP/1.1
Host: 192.168.100.3
Connection: close


[2025-01-31 15:41:40.757822] INFO: First request sent in 0.009000ms
[2025-01-31 15:41:42.817735] INFO: Time from request to first response in 0.028000ms
[2025-01-31 15:41:44.634870] INFO: Received headers - MPI-Rank: 216, Group-ID: 1, Job-ID: 1, Sub-Job-ID: 217, Rank-Count: 512
[2025-01-31 15:41:46.199398] INFO: Receive loop #1 received 16384 bytes in 3409.435000ms
[2025-01-31 15:41:48.839864] INFO: Receive loop #2 received 16384 bytes in 0.058000ms
[2025-01-31 15:41:51.341577] INFO: Receive loop #3 received 16384 bytes in 0.080000ms
[2025-01-31 15:41:53.074053] INFO: Receive loop #4 received 16384 bytes in 0.107000ms
[2025-01-31 15:41:54.721560] INFO: Receive loop #5 received 16384 bytes in 0.004000ms
[2025-01-31 15:41:56.619494] INFO: Receive loop #6 received 16384 bytes in 0.030000ms
[2025-01-31 15:41:59.021212] INFO: Receive loop #7 received 16384 bytes in 0.026000ms
[2025-01-31 15:42:00.423467] INFO: Receive loop #8 received 16384 bytes in 0.257000ms
[2025-01-31 15:42:02.168495] INFO: Receive loop #9 received 16384 bytes in 0.011000ms
[2025-01-31 15:42:03.870080] INFO: Receive loop #10 received 16384 bytes in 0.030000ms
[2025-01-31 15:42:05.258189] INFO: Receive loop #11 received 16384 bytes in 0.007000ms
[2025-01-31 15:42:07.067516] INFO: Receive loop #12 received 7665 bytes in 0.020000ms
[2025-01-31 15:42:08.957655] INFO: Response received in 26056.199000ms
[2025-01-31 15:42:10.987206] INFO: File saved in 0.197000ms
[2025-01-31 15:42:13.168065] INFO: File saved to: /home/vc/kurotaka/objects/temp_196
[2025-01-31 15:42:14.499377] INFO: Execution permission granted to: /home/vc/kurotaka/objects/temp_196
[2025-01-31 15:42:17.102861] INFO: Executing command: /home/vc/kurotaka/objects/temp_196 216 512 1
[2025-01-31 15:43:09.922280] INFO: Command executed in 50740.067000ms
[2025-01-31 15:43:13.078322] INFO: Result saved to: /home/vc/kurotaka/results/result_196
[2025-01-31 15:43:17.167739] INFO: Second connection established in 0.854000ms
[2025-01-31 15:43:20.001077] INFO: Sending result upload request
[2025-01-31 15:43:24.334461] INFO: Second request sent in 0.026000ms
[2025-01-31 15:43:27.526309] INFO: Result uploaded in 0.056000ms
[2025-01-31 15:43:30.705003] INFO: Process completed successfully. Total execution time in 2m 8181.724000ms

