
[2025-01-31 15:41:37.122930] INFO: Process started with ID: 82
[2025-01-31 15:41:39.450167] INFO: First connection established in 0.277000ms
[2025-01-31 15:41:41.318463] INFO: Sending request: GET /http_server/send-object.php?ID=82 HTTP/1.1
Host: 192.168.100.3
Connection: close


[2025-01-31 15:41:43.207987] INFO: First request sent in 0.032000ms
[2025-01-31 15:41:44.882497] INFO: Time from request to first response in 0.029000ms
[2025-01-31 15:41:46.666723] INFO: Received headers - MPI-Rank: 231, Group-ID: 1, Job-ID: 1, Sub-Job-ID: 232, Rank-Count: 512
[2025-01-31 15:41:49.206840] INFO: Receive loop #1 received 16384 bytes in 4212.156000ms
[2025-01-31 15:41:52.200651] INFO: Receive loop #2 received 16384 bytes in 0.065000ms
[2025-01-31 15:41:54.322321] INFO: Receive loop #3 received 16384 bytes in 0.025000ms
[2025-01-31 15:41:56.016542] INFO: Receive loop #4 received 16384 bytes in 0.110000ms
[2025-01-31 15:41:58.685125] INFO: Receive loop #5 received 16384 bytes in 0.010000ms
[2025-01-31 15:42:00.122204] INFO: Receive loop #6 received 16384 bytes in 0.027000ms
[2025-01-31 15:42:01.619705] INFO: Receive loop #7 received 16384 bytes in 0.029000ms
[2025-01-31 15:42:03.473027] INFO: Receive loop #8 received 16384 bytes in 0.247000ms
[2025-01-31 15:42:04.968499] INFO: Receive loop #9 received 16384 bytes in 0.030000ms
[2025-01-31 15:42:06.536501] INFO: Receive loop #10 received 16384 bytes in 0.031000ms
[2025-01-31 15:42:08.316635] INFO: Receive loop #11 received 16384 bytes in 0.029000ms
[2025-01-31 15:42:10.143591] INFO: Receive loop #12 received 7665 bytes in 0.016000ms
[2025-01-31 15:42:12.653056] INFO: Response received in 27639.369000ms
[2025-01-31 15:42:14.042998] INFO: File saved in 0.465000ms
[2025-01-31 15:42:16.074439] INFO: File saved to: /home/vc/kurotaka/objects/temp_82
[2025-01-31 15:42:18.468044] INFO: Execution permission granted to: /home/vc/kurotaka/objects/temp_82
[2025-01-31 15:42:20.314876] INFO: Executing command: /home/vc/kurotaka/objects/temp_82 231 512 1
[2025-01-31 15:43:10.517180] INFO: Command executed in 47160.721000ms
[2025-01-31 15:43:14.329751] INFO: Result saved to: /home/vc/kurotaka/results/result_82
[2025-01-31 15:43:17.863549] INFO: Second connection established in 0.246000ms
[2025-01-31 15:43:21.135034] INFO: Sending result upload request
[2025-01-31 15:43:24.972270] INFO: Second request sent in 0.025000ms
[2025-01-31 15:43:28.045957] INFO: Result uploaded in 0.009000ms
[2025-01-31 15:43:31.223329] INFO: Process completed successfully. Total execution time in 2m 8578.200000ms

