
[2025-01-31 15:41:30.412344] INFO: Process started with ID: 157
[2025-01-31 15:41:32.070288] INFO: First connection established in 0.165000ms
[2025-01-31 15:41:33.953387] INFO: Sending request: GET /http_server/send-object.php?ID=157 HTTP/1.1
Host: 192.168.100.3
Connection: close


[2025-01-31 15:41:35.515930] INFO: First request sent in 0.034000ms
[2025-01-31 15:41:37.123076] INFO: Time from request to first response in 0.029000ms
[2025-01-31 15:41:39.403501] INFO: Received headers - MPI-Rank: 180, Group-ID: 1, Job-ID: 1, Sub-Job-ID: 181, Rank-Count: 512
[2025-01-31 15:41:41.131497] INFO: Receive loop #1 received 16384 bytes in 3565.255000ms
[2025-01-31 15:41:43.117770] INFO: Receive loop #2 received 16384 bytes in 0.060000ms
[2025-01-31 15:41:44.767705] INFO: Receive loop #3 received 16384 bytes in 0.099000ms
[2025-01-31 15:41:46.434140] INFO: Receive loop #4 received 16384 bytes in 0.106000ms
[2025-01-31 15:41:49.001354] INFO: Receive loop #5 received 16384 bytes in 0.035000ms
[2025-01-31 15:41:52.198498] INFO: Receive loop #6 received 16384 bytes in 0.029000ms
[2025-01-31 15:41:54.306391] INFO: Receive loop #7 received 16384 bytes in 0.031000ms
[2025-01-31 15:41:56.013084] INFO: Receive loop #8 received 16384 bytes in 0.283000ms
[2025-01-31 15:41:58.682272] INFO: Receive loop #9 received 16384 bytes in 0.031000ms
[2025-01-31 15:42:00.090661] INFO: Receive loop #10 received 16384 bytes in 0.028000ms
[2025-01-31 15:42:01.407453] INFO: Receive loop #11 received 16384 bytes in 0.028000ms
[2025-01-31 15:42:03.272184] INFO: Receive loop #12 received 7665 bytes in 0.020000ms
[2025-01-31 15:42:04.682087] INFO: Response received in 27496.972000ms
[2025-01-31 15:42:06.185315] INFO: File saved in 0.596000ms
[2025-01-31 15:42:08.137067] INFO: File saved to: /home/vc/kurotaka/objects/temp_157
[2025-01-31 15:42:09.962468] INFO: Execution permission granted to: /home/vc/kurotaka/objects/temp_157
[2025-01-31 15:42:12.366142] INFO: Executing command: /home/vc/kurotaka/objects/temp_157 180 512 1
[2025-01-31 15:43:07.312547] INFO: Command executed in 53530.022000ms
[2025-01-31 15:43:09.366089] INFO: Result saved to: /home/vc/kurotaka/results/result_157
[2025-01-31 15:43:12.547352] INFO: Second connection established in 0.171000ms
[2025-01-31 15:43:16.518935] INFO: Sending result upload request
[2025-01-31 15:43:19.495762] INFO: Second request sent in 0.025000ms
[2025-01-31 15:43:23.456330] INFO: Result uploaded in 0.056000ms
[2025-01-31 15:43:27.220367] INFO: Process completed successfully. Total execution time in 2m 4675.120000ms

