
[2025-01-31 15:42:01.507778] INFO: Process started with ID: 68
[2025-01-31 15:42:03.372598] INFO: First connection established in 0.263000ms
[2025-01-31 15:42:04.789073] INFO: Sending request: GET /http_server/send-object.php?ID=68 HTTP/1.1
Host: 192.168.100.3
Connection: close


[2025-01-31 15:42:06.266432] INFO: First request sent in 0.035000ms
[2025-01-31 15:42:08.202172] INFO: Time from request to first response in 0.031000ms
[2025-01-31 15:42:09.995894] INFO: Received headers - MPI-Rank: 384, Group-ID: 1, Job-ID: 1, Sub-Job-ID: 385, Rank-Count: 512
[2025-01-31 15:42:12.454007] INFO: Receive loop #1 received 16384 bytes in 3990.558000ms
[2025-01-31 15:42:13.780328] INFO: Receive loop #2 received 16384 bytes in 0.061000ms
[2025-01-31 15:42:15.568713] INFO: Receive loop #3 received 16384 bytes in 0.097000ms
[2025-01-31 15:42:17.850855] INFO: Receive loop #4 received 16384 bytes in 0.114000ms
[2025-01-31 15:42:20.464182] INFO: Receive loop #5 received 16384 bytes in 0.033000ms
[2025-01-31 15:42:22.812576] INFO: Receive loop #6 received 16384 bytes in 0.005000ms
[2025-01-31 15:42:24.259871] INFO: Receive loop #7 received 16384 bytes in 0.007000ms
[2025-01-31 15:42:25.484210] INFO: Receive loop #8 received 16384 bytes in 0.258000ms
[2025-01-31 15:42:26.677645] INFO: Receive loop #9 received 16384 bytes in 0.031000ms
[2025-01-31 15:42:28.209049] INFO: Receive loop #10 received 16384 bytes in 0.006000ms
[2025-01-31 15:42:29.727125] INFO: Receive loop #11 received 16384 bytes in 0.014000ms
[2025-01-31 15:42:31.308642] INFO: Receive loop #12 received 7665 bytes in 0.027000ms
[2025-01-31 15:42:32.447021] INFO: Response received in 24081.219000ms
[2025-01-31 15:42:34.133469] INFO: File saved in 0.087000ms
[2025-01-31 15:42:35.525333] INFO: File saved to: /home/vc/kurotaka/objects/temp_68
[2025-01-31 15:42:37.859835] INFO: Execution permission granted to: /home/vc/kurotaka/objects/temp_68
[2025-01-31 15:42:39.323956] INFO: Executing command: /home/vc/kurotaka/objects/temp_68 384 512 1
[2025-01-31 15:43:08.817307] INFO: Command executed in 28395.694000ms
[2025-01-31 15:43:11.801440] INFO: Result saved to: /home/vc/kurotaka/results/result_68
[2025-01-31 15:43:15.327356] INFO: Second connection established in 0.204000ms
[2025-01-31 15:43:18.891289] INFO: Sending result upload request
[2025-01-31 15:43:22.483393] INFO: Second request sent in 0.027000ms
[2025-01-31 15:43:26.442217] INFO: Result uploaded in 0.057000ms
[2025-01-31 15:43:29.303465] INFO: Process completed successfully. Total execution time in 2m 6735.336000ms

