
[2025-01-31 15:41:53.766228] INFO: Process started with ID: 366
[2025-01-31 15:41:55.964881] INFO: First connection established in 0.246000ms
[2025-01-31 15:41:58.610946] INFO: Sending request: GET /http_server/send-object.php?ID=366 HTTP/1.1
Host: 192.168.100.3
Connection: close


[2025-01-31 15:42:00.042846] INFO: First request sent in 0.035000ms
[2025-01-31 15:42:01.408409] INFO: Time from request to first response in 0.028000ms
[2025-01-31 15:42:03.305371] INFO: Received headers - MPI-Rank: 329, Group-ID: 1, Job-ID: 1, Sub-Job-ID: 330, Rank-Count: 512
[2025-01-31 15:42:04.716172] INFO: Receive loop #1 received 16384 bytes in 3343.626000ms
[2025-01-31 15:42:06.185287] INFO: Receive loop #2 received 16384 bytes in 0.065000ms
[2025-01-31 15:42:08.137073] INFO: Receive loop #3 received 16384 bytes in 0.079000ms
[2025-01-31 15:42:09.917331] INFO: Receive loop #4 received 16384 bytes in 0.031000ms
[2025-01-31 15:42:12.409575] INFO: Receive loop #5 received 16384 bytes in 0.031000ms
[2025-01-31 15:42:13.779916] INFO: Receive loop #6 received 16384 bytes in 0.038000ms
[2025-01-31 15:42:15.530480] INFO: Receive loop #7 received 16384 bytes in 0.036000ms
[2025-01-31 15:42:18.007307] INFO: Receive loop #8 received 16384 bytes in 0.262000ms
[2025-01-31 15:42:20.549986] INFO: Receive loop #9 received 16384 bytes in 0.031000ms
[2025-01-31 15:42:23.809141] INFO: Receive loop #10 received 16384 bytes in 0.006000ms
[2025-01-31 15:42:25.393732] INFO: Receive loop #11 received 16384 bytes in 0.008000ms
[2025-01-31 15:42:26.765380] INFO: Receive loop #12 received 7665 bytes in 0.020000ms
[2025-01-31 15:42:27.999935] INFO: Response received in 26762.717000ms
[2025-01-31 15:42:29.415645] INFO: File saved in 0.715000ms
[2025-01-31 15:42:30.874994] INFO: File saved to: /home/vc/kurotaka/objects/temp_366
[2025-01-31 15:42:33.294252] INFO: Execution permission granted to: /home/vc/kurotaka/objects/temp_366
[2025-01-31 15:42:35.147505] INFO: Executing command: /home/vc/kurotaka/objects/temp_366 329 512 1
[2025-01-31 15:43:17.167782] INFO: Command executed in 40310.609000ms
[2025-01-31 15:43:19.688662] INFO: Result saved to: /home/vc/kurotaka/results/result_366
[2025-01-31 15:43:23.406459] INFO: Second connection established in 0.186000ms
[2025-01-31 15:43:27.173272] INFO: Sending result upload request
[2025-01-31 15:43:29.974884] INFO: Second request sent in 0.004000ms
[2025-01-31 15:43:33.323915] INFO: Result uploaded in 0.010000ms
[2025-01-31 15:43:35.378783] INFO: Process completed successfully. Total execution time in 2m 13177.752000ms

