
[2025-01-31 15:41:21.966358] INFO: Process started with ID: 227
[2025-01-31 15:41:22.277577] INFO: First connection established in 0.295000ms
[2025-01-31 15:41:22.743656] INFO: Sending request: GET /http_server/send-object.php?ID=227 HTTP/1.1
Host: 192.168.100.3
Connection: close


[2025-01-31 15:41:23.593706] INFO: First request sent in 0.035000ms
[2025-01-31 15:41:24.864169] INFO: Time from request to first response in 0.031000ms
[2025-01-31 15:41:25.449964] INFO: Received headers - MPI-Rank: 53, Group-ID: 1, Job-ID: 1, Sub-Job-ID: 54, Rank-Count: 512
[2025-01-31 15:41:26.784764] INFO: Receive loop #1 received 16384 bytes in 1904.684000ms
[2025-01-31 15:41:27.752139] INFO: Receive loop #2 received 16384 bytes in 0.060000ms
[2025-01-31 15:41:28.572287] INFO: Receive loop #3 received 16384 bytes in 0.095000ms
[2025-01-31 15:41:29.506860] INFO: Receive loop #4 received 16384 bytes in 0.124000ms
[2025-01-31 15:41:31.208224] INFO: Receive loop #5 received 16384 bytes in 0.035000ms
[2025-01-31 15:41:32.585000] INFO: Receive loop #6 received 16384 bytes in 0.034000ms
[2025-01-31 15:41:34.682708] INFO: Receive loop #7 received 16384 bytes in 0.029000ms
[2025-01-31 15:41:36.296345] INFO: Receive loop #8 received 16384 bytes in 0.262000ms
[2025-01-31 15:41:37.805150] INFO: Receive loop #9 received 16384 bytes in 0.031000ms
[2025-01-31 15:41:39.795054] INFO: Receive loop #10 received 16384 bytes in 0.026000ms
[2025-01-31 15:41:41.922179] INFO: Receive loop #11 received 16384 bytes in 0.028000ms
[2025-01-31 15:41:43.796496] INFO: Receive loop #12 received 7663 bytes in 0.007000ms
[2025-01-31 15:41:45.299836] INFO: Response received in 20372.437000ms
[2025-01-31 15:41:47.287269] INFO: File saved in 0.603000ms
[2025-01-31 15:41:49.698695] INFO: File saved to: /home/vc/kurotaka/objects/temp_227
[2025-01-31 15:41:52.198874] INFO: Execution permission granted to: /home/vc/kurotaka/objects/temp_227
[2025-01-31 15:41:54.307073] INFO: Executing command: /home/vc/kurotaka/objects/temp_227 53 512 1
[2025-01-31 15:43:20.754760] INFO: Command executed in 1m 23871.149000ms
[2025-01-31 15:43:24.779488] INFO: Result saved to: /home/vc/kurotaka/results/result_227
[2025-01-31 15:43:27.870023] INFO: Second connection established in 0.222000ms
[2025-01-31 15:43:31.423522] INFO: Sending result upload request
[2025-01-31 15:43:33.570223] INFO: Second request sent in 0.004000ms
[2025-01-31 15:43:34.643265] INFO: Result uploaded in 0.010000ms
[2025-01-31 15:43:35.232768] INFO: Process completed successfully. Total execution time in 2m 13708.252000ms

