
[2025-01-31 15:41:34.963179] INFO: Process started with ID: 70
[2025-01-31 15:41:36.723597] INFO: First connection established in 0.246000ms
[2025-01-31 15:41:38.979122] INFO: Sending request: GET /http_server/send-object.php?ID=70 HTTP/1.1
Host: 192.168.100.3
Connection: close


[2025-01-31 15:41:40.718278] INFO: First request sent in 0.031000ms
[2025-01-31 15:41:42.711682] INFO: Time from request to first response in 0.032000ms
[2025-01-31 15:41:44.634334] INFO: Received headers - MPI-Rank: 215, Group-ID: 1, Job-ID: 1, Sub-Job-ID: 216, Rank-Count: 512
[2025-01-31 15:41:46.199042] INFO: Receive loop #1 received 16384 bytes in 3474.871000ms
[2025-01-31 15:41:48.824956] INFO: Receive loop #2 received 16384 bytes in 0.075000ms
[2025-01-31 15:41:51.341547] INFO: Receive loop #3 received 16384 bytes in 0.103000ms
[2025-01-31 15:41:53.181185] INFO: Receive loop #4 received 16384 bytes in 0.137000ms
[2025-01-31 15:41:55.031770] INFO: Receive loop #5 received 16384 bytes in 0.004000ms
[2025-01-31 15:41:57.217822] INFO: Receive loop #6 received 16384 bytes in 0.005000ms
[2025-01-31 15:41:59.366574] INFO: Receive loop #7 received 16384 bytes in 0.008000ms
[2025-01-31 15:42:00.879105] INFO: Receive loop #8 received 16384 bytes in 0.154000ms
[2025-01-31 15:42:02.774668] INFO: Receive loop #9 received 16384 bytes in 0.038000ms
[2025-01-31 15:42:04.471257] INFO: Receive loop #10 received 16384 bytes in 0.030000ms
[2025-01-31 15:42:05.996297] INFO: Receive loop #11 received 16384 bytes in 0.038000ms
[2025-01-31 15:42:07.747304] INFO: Receive loop #12 received 7665 bytes in 0.025000ms
[2025-01-31 15:42:09.652704] INFO: Response received in 26700.782000ms
[2025-01-31 15:42:11.827835] INFO: File saved in 0.491000ms
[2025-01-31 15:42:13.521216] INFO: File saved to: /home/vc/kurotaka/objects/temp_70
[2025-01-31 15:42:15.072750] INFO: Execution permission granted to: /home/vc/kurotaka/objects/temp_70
[2025-01-31 15:42:17.427154] INFO: Executing command: /home/vc/kurotaka/objects/temp_70 215 512 1
[2025-01-31 15:43:10.563606] INFO: Command executed in 50728.140000ms
[2025-01-31 15:43:14.430346] INFO: Result saved to: /home/vc/kurotaka/results/result_70
[2025-01-31 15:43:17.897425] INFO: Second connection established in 0.239000ms
[2025-01-31 15:43:21.135034] INFO: Sending result upload request
[2025-01-31 15:43:24.998196] INFO: Second request sent in 0.020000ms
[2025-01-31 15:43:28.045906] INFO: Result uploaded in 0.011000ms
[2025-01-31 15:43:31.223435] INFO: Process completed successfully. Total execution time in 2m 8574.892000ms

