
[2025-01-31 15:41:56.015277] INFO: Process started with ID: 85
[2025-01-31 15:41:58.684141] INFO: First connection established in 0.189000ms
[2025-01-31 15:42:00.108529] INFO: Sending request: GET /http_server/send-object.php?ID=85 HTTP/1.1
Host: 192.168.100.3
Connection: close


[2025-01-31 15:42:01.534219] INFO: First request sent in 0.035000ms
[2025-01-31 15:42:03.372870] INFO: Time from request to first response in 0.032000ms
[2025-01-31 15:42:04.817163] INFO: Received headers - MPI-Rank: 348, Group-ID: 1, Job-ID: 1, Sub-Job-ID: 349, Rank-Count: 512
[2025-01-31 15:42:06.315756] INFO: Receive loop #1 received 16384 bytes in 2872.217000ms
[2025-01-31 15:42:08.238099] INFO: Receive loop #2 received 16384 bytes in 0.066000ms
[2025-01-31 15:42:10.065085] INFO: Receive loop #3 received 16384 bytes in 0.089000ms
[2025-01-31 15:42:12.562617] INFO: Receive loop #4 received 16384 bytes in 0.140000ms
[2025-01-31 15:42:13.862578] INFO: Receive loop #5 received 16384 bytes in 0.008000ms
[2025-01-31 15:42:15.728078] INFO: Receive loop #6 received 16384 bytes in 0.014000ms
[2025-01-31 15:42:18.007866] INFO: Receive loop #7 received 16384 bytes in 0.030000ms
[2025-01-31 15:42:20.550050] INFO: Receive loop #8 received 16384 bytes in 0.298000ms
[2025-01-31 15:42:23.002291] INFO: Receive loop #9 received 16384 bytes in 0.007000ms
[2025-01-31 15:42:24.305153] INFO: Receive loop #10 received 16384 bytes in 0.005000ms
[2025-01-31 15:42:25.528992] INFO: Receive loop #11 received 16384 bytes in 0.036000ms
[2025-01-31 15:42:27.307618] INFO: Receive loop #12 received 7665 bytes in 0.023000ms
[2025-01-31 15:42:28.298132] INFO: Response received in 24599.619000ms
[2025-01-31 15:42:29.478400] INFO: File saved in 0.915000ms
[2025-01-31 15:42:31.179796] INFO: File saved to: /home/vc/kurotaka/objects/temp_85
[2025-01-31 15:42:33.295882] INFO: Execution permission granted to: /home/vc/kurotaka/objects/temp_85
[2025-01-31 15:42:35.189200] INFO: Executing command: /home/vc/kurotaka/objects/temp_85 348 512 1
[2025-01-31 15:43:11.391945] INFO: Command executed in 34799.190000ms
[2025-01-31 15:43:15.017107] INFO: Result saved to: /home/vc/kurotaka/results/result_85
[2025-01-31 15:43:18.794626] INFO: Second connection established in 0.210000ms
[2025-01-31 15:43:22.337600] INFO: Sending result upload request
[2025-01-31 15:43:26.049077] INFO: Second request sent in 0.024000ms
[2025-01-31 15:43:28.919212] INFO: Result uploaded in 0.010000ms
[2025-01-31 15:43:32.477082] INFO: Process completed successfully. Total execution time in 2m 9628.288000ms

