
[2025-01-31 15:41:25.134098] INFO: Process started with ID: 170
[2025-01-31 15:41:26.221879] INFO: First connection established in 0.214000ms
[2025-01-31 15:41:27.412756] INFO: Sending request: GET /http_server/send-object.php?ID=170 HTTP/1.1
Host: 192.168.100.3
Connection: close


[2025-01-31 15:41:28.312077] INFO: First request sent in 0.036000ms
[2025-01-31 15:41:29.125177] INFO: Time from request to first response in 0.029000ms
[2025-01-31 15:41:30.336908] INFO: Received headers - MPI-Rank: 115, Group-ID: 1, Job-ID: 1, Sub-Job-ID: 116, Rank-Count: 512
[2025-01-31 15:41:32.045433] INFO: Receive loop #1 received 16384 bytes in 2855.566000ms
[2025-01-31 15:41:33.861531] INFO: Receive loop #2 received 16384 bytes in 0.079000ms
[2025-01-31 15:41:35.437511] INFO: Receive loop #3 received 16384 bytes in 0.119000ms
[2025-01-31 15:41:37.074940] INFO: Receive loop #4 received 16384 bytes in 0.037000ms
[2025-01-31 15:41:39.403332] INFO: Receive loop #5 received 16384 bytes in 0.027000ms
[2025-01-31 15:41:41.045205] INFO: Receive loop #6 received 16384 bytes in 0.033000ms
[2025-01-31 15:41:43.098841] INFO: Receive loop #7 received 16384 bytes in 0.033000ms
[2025-01-31 15:41:44.752099] INFO: Receive loop #8 received 16384 bytes in 0.253000ms
[2025-01-31 15:41:46.391809] INFO: Receive loop #9 received 16384 bytes in 0.031000ms
[2025-01-31 15:41:48.967207] INFO: Receive loop #10 received 16384 bytes in 0.030000ms
[2025-01-31 15:41:51.608095] INFO: Receive loop #11 received 16384 bytes in 0.035000ms
[2025-01-31 15:41:54.254600] INFO: Receive loop #12 received 7665 bytes in 0.022000ms
[2025-01-31 15:41:55.964878] INFO: Response received in 26527.280000ms
[2025-01-31 15:41:58.635975] INFO: File saved in 0.494000ms
[2025-01-31 15:42:00.090487] INFO: File saved to: /home/vc/kurotaka/objects/temp_170
[2025-01-31 15:42:01.407725] INFO: Execution permission granted to: /home/vc/kurotaka/objects/temp_170
[2025-01-31 15:42:03.272218] INFO: Executing command: /home/vc/kurotaka/objects/temp_170 115 512 1
[2025-01-31 15:43:08.628051] INFO: Command executed in 1m 3526.344000ms
[2025-01-31 15:43:11.224778] INFO: Result saved to: /home/vc/kurotaka/results/result_170
[2025-01-31 15:43:14.873301] INFO: Second connection established in 0.170000ms
[2025-01-31 15:43:18.610056] INFO: Sending result upload request
[2025-01-31 15:43:22.126632] INFO: Second request sent in 0.025000ms
[2025-01-31 15:43:25.784288] INFO: Result uploaded in 0.055000ms
[2025-01-31 15:43:28.919781] INFO: Process completed successfully. Total execution time in 2m 6473.609000ms

