
[2025-01-31 15:41:26.638068] INFO: Process started with ID: 225
[2025-01-31 15:41:27.646788] INFO: First connection established in 0.152000ms
[2025-01-31 15:41:28.439015] INFO: Sending request: GET /http_server/send-object.php?ID=225 HTTP/1.1
Host: 192.168.100.3
Connection: close


[2025-01-31 15:41:29.255872] INFO: First request sent in 0.038000ms
[2025-01-31 15:41:30.622137] INFO: Time from request to first response in 0.030000ms
[2025-01-31 15:41:32.131303] INFO: Received headers - MPI-Rank: 132, Group-ID: 1, Job-ID: 1, Sub-Job-ID: 133, Rank-Count: 512
[2025-01-31 15:41:34.240614] INFO: Receive loop #1 received 16384 bytes in 3288.145000ms
[2025-01-31 15:41:35.727965] INFO: Receive loop #2 received 16384 bytes in 0.061000ms
[2025-01-31 15:41:37.331849] INFO: Receive loop #3 received 16384 bytes in 0.091000ms
[2025-01-31 15:41:39.550020] INFO: Receive loop #4 received 16384 bytes in 0.111000ms
[2025-01-31 15:41:41.672599] INFO: Receive loop #5 received 16384 bytes in 0.029000ms
[2025-01-31 15:41:43.391810] INFO: Receive loop #6 received 16384 bytes in 0.036000ms
[2025-01-31 15:41:45.036467] INFO: Receive loop #7 received 16384 bytes in 0.010000ms
[2025-01-31 15:41:46.819450] INFO: Receive loop #8 received 16384 bytes in 0.252000ms
[2025-01-31 15:41:49.438496] INFO: Receive loop #9 received 16384 bytes in 0.030000ms
[2025-01-31 15:41:52.201645] INFO: Receive loop #10 received 16384 bytes in 0.038000ms
[2025-01-31 15:41:54.322409] INFO: Receive loop #11 received 16384 bytes in 0.006000ms
[2025-01-31 15:41:56.016840] INFO: Receive loop #12 received 7665 bytes in 0.019000ms
[2025-01-31 15:41:58.685312] INFO: Response received in 28463.260000ms
[2025-01-31 15:42:00.108610] INFO: File saved in 0.533000ms
[2025-01-31 15:42:01.507348] INFO: File saved to: /home/vc/kurotaka/objects/temp_225
[2025-01-31 15:42:03.352180] INFO: Execution permission granted to: /home/vc/kurotaka/objects/temp_225
[2025-01-31 15:42:04.788549] INFO: Executing command: /home/vc/kurotaka/objects/temp_225 132 512 1
[2025-01-31 15:43:08.628119] INFO: Command executed in 1m 1642.824000ms
[2025-01-31 15:43:11.225083] INFO: Result saved to: /home/vc/kurotaka/results/result_225
[2025-01-31 15:43:14.929193] INFO: Second connection established in 0.223000ms
[2025-01-31 15:43:18.661338] INFO: Sending result upload request
[2025-01-31 15:43:22.238518] INFO: Second request sent in 0.025000ms
[2025-01-31 15:43:26.048883] INFO: Result uploaded in 0.054000ms
[2025-01-31 15:43:29.081929] INFO: Process completed successfully. Total execution time in 2m 6526.524000ms

