
[2025-01-31 15:42:18.007486] INFO: Process started with ID: 164
[2025-01-31 15:42:22.414948] INFO: First connection established in 0.296000ms
[2025-01-31 15:42:23.937406] INFO: Sending request: GET /http_server/send-object.php?ID=164 HTTP/1.1
Host: 192.168.100.3
Connection: close


[2025-01-31 15:42:25.393692] INFO: First request sent in 0.022000ms
[2025-01-31 15:42:26.561684] INFO: Time from request to first response in 0.022000ms
[2025-01-31 15:42:28.027014] INFO: Received headers - MPI-Rank: 497, Group-ID: 1, Job-ID: 1, Sub-Job-ID: 498, Rank-Count: 512
[2025-01-31 15:42:29.278622] INFO: Receive loop #1 received 16384 bytes in 3092.156000ms
[2025-01-31 15:42:30.815983] INFO: Receive loop #2 received 16384 bytes in 0.065000ms
[2025-01-31 15:42:32.088345] INFO: Receive loop #3 received 16384 bytes in 0.017000ms
[2025-01-31 15:42:33.671821] INFO: Receive loop #4 received 16384 bytes in 0.036000ms
[2025-01-31 15:42:35.461907] INFO: Receive loop #5 received 16384 bytes in 0.009000ms
[2025-01-31 15:42:37.229829] INFO: Receive loop #6 received 16384 bytes in 0.029000ms
[2025-01-31 15:42:38.734653] INFO: Receive loop #7 received 16384 bytes in 0.028000ms
[2025-01-31 15:42:39.694094] INFO: Receive loop #8 received 16384 bytes in 0.249000ms
[2025-01-31 15:42:40.851291] INFO: Receive loop #9 received 16384 bytes in 0.012000ms
[2025-01-31 15:42:42.362845] INFO: Receive loop #10 received 16384 bytes in 0.034000ms
[2025-01-31 15:42:43.618335] INFO: Receive loop #11 received 16384 bytes in 0.006000ms
[2025-01-31 15:42:44.568240] INFO: Receive loop #12 received 7665 bytes in 0.004000ms
[2025-01-31 15:42:45.979032] INFO: Response received in 19341.151000ms
[2025-01-31 15:42:47.121341] INFO: File saved in 0.109000ms
[2025-01-31 15:42:47.853499] INFO: File saved to: /home/vc/kurotaka/objects/temp_164
[2025-01-31 15:42:48.549668] INFO: Execution permission granted to: /home/vc/kurotaka/objects/temp_164
[2025-01-31 15:42:49.396328] INFO: Executing command: /home/vc/kurotaka/objects/temp_164 497 512 1
[2025-01-31 15:43:06.538994] INFO: Command executed in 15813.806000ms
[2025-01-31 15:43:08.130906] INFO: Result saved to: /home/vc/kurotaka/results/result_164
[2025-01-31 15:43:10.517168] INFO: Second connection established in 0.285000ms
[2025-01-31 15:43:14.329984] INFO: Sending result upload request
[2025-01-31 15:43:18.027455] INFO: Second request sent in 0.026000ms
[2025-01-31 15:43:21.484135] INFO: Result uploaded in 0.059000ms
[2025-01-31 15:43:25.062960] INFO: Process completed successfully. Total execution time in 2m 2415.369000ms

