
[2025-01-31 15:41:21.659578] INFO: Process started with ID: 391
[2025-01-31 15:41:21.899427] INFO: First connection established in 0.196000ms
[2025-01-31 15:41:22.148573] INFO: Sending request: GET /http_server/send-object.php?ID=391 HTTP/1.1
Host: 192.168.100.3
Connection: close


[2025-01-31 15:41:22.427160] INFO: First request sent in 0.038000ms
[2025-01-31 15:41:23.019158] INFO: Time from request to first response in 0.033000ms
[2025-01-31 15:41:24.011372] INFO: Received headers - MPI-Rank: 23, Group-ID: 1, Job-ID: 1, Sub-Job-ID: 24, Rank-Count: 512
[2025-01-31 15:41:25.030192] INFO: Receive loop #1 received 16384 bytes in 2090.384000ms
[2025-01-31 15:41:25.806889] INFO: Receive loop #2 received 16384 bytes in 0.060000ms
[2025-01-31 15:41:27.145564] INFO: Receive loop #3 received 16384 bytes in 0.079000ms
[2025-01-31 15:41:28.053700] INFO: Receive loop #4 received 16384 bytes in 0.135000ms
[2025-01-31 15:41:28.724022] INFO: Receive loop #5 received 16384 bytes in 0.029000ms
[2025-01-31 15:41:29.574949] INFO: Receive loop #6 received 16384 bytes in 0.029000ms
[2025-01-31 15:41:31.296994] INFO: Receive loop #7 received 16384 bytes in 0.035000ms
[2025-01-31 15:41:32.790962] INFO: Receive loop #8 received 16384 bytes in 0.244000ms
[2025-01-31 15:41:34.798564] INFO: Receive loop #9 received 16384 bytes in 0.031000ms
[2025-01-31 15:41:36.535181] INFO: Receive loop #10 received 16384 bytes in 0.030000ms
[2025-01-31 15:41:38.053407] INFO: Receive loop #11 received 16384 bytes in 0.029000ms
[2025-01-31 15:41:39.924057] INFO: Receive loop #12 received 7663 bytes in 0.018000ms
[2025-01-31 15:41:42.061619] INFO: Response received in 18633.680000ms
[2025-01-31 15:41:43.930921] INFO: File saved in 0.512000ms
[2025-01-31 15:41:45.457601] INFO: File saved to: /home/vc/kurotaka/objects/temp_391
[2025-01-31 15:41:47.470999] INFO: Execution permission granted to: /home/vc/kurotaka/objects/temp_391
[2025-01-31 15:41:49.743505] INFO: Executing command: /home/vc/kurotaka/objects/temp_391 23 512 1
[2025-01-31 15:43:09.963681] INFO: Command executed in 1m 17074.590000ms
[2025-01-31 15:43:13.627692] INFO: Result saved to: /home/vc/kurotaka/results/result_391
[2025-01-31 15:43:17.627768] INFO: Second connection established in 0.271000ms
[2025-01-31 15:43:20.842528] INFO: Sending result upload request
[2025-01-31 15:43:24.799063] INFO: Second request sent in 0.030000ms
[2025-01-31 15:43:27.829985] INFO: Result uploaded in 0.014000ms
[2025-01-31 15:43:30.323628] INFO: Process completed successfully. Total execution time in 2m 8201.052000ms

