
[2025-01-31 17:52:00] Program started at 2025-01-31 17:52:00.6026
[2025-01-31 17:52:00] [getClientID] MySQL connection established. Execution time: 0.654 ms
[2025-01-31 17:52:00] [getClientID] SELECT table_name FROM table_registry WHERE id = :job_id / Execution time: 0.391 ms
[2025-01-31 17:52:00] [getClientID] SELECT client FROM `matrix` WHERE id = :sub_job_id / Execution time: 0.215 ms
[2025-01-31 17:52:00] getClientID completed. Execution time: 1.539 ms
[2025-01-31 17:52:00] Read file completed. Execution time: 0.014 ms
[2025-01-31 17:52:00] File saved successfully: uploads/job_1/group_1/result_26
[2025-01-31 17:52:00] [updateStatus] MySQL connection established. Execution time: 0.119 ms
[2025-01-31 17:52:00] [updateStatus] SELECT table_name FROM table_registry WHERE id = :job_id FOR UPDATE / Execution time: 0.218 ms
[2025-01-31 17:52:00] [updateStatus] UPDATE `matrix` SET status = :status WHERE id = :sub_job_id / Execution time: 0.258 ms
[2025-01-31 17:52:00] [updateStatus] SELECT COUNT_RECORDS FROM `matrix` / Execution time: 0.310 ms
[2025-01-31 17:52:00] [updateStatus] UPDATE table_registry SET status = :status WHERE id = :job_id / Execution time: 0.189 ms
[2025-01-31 17:52:00] updateStatus completed. Execution time: 101.749 ms
[2025-01-31 17:52:00] Write file completed. Execution time: 102.095 ms
[2025-01-31 17:52:00] [getGroupStatus] MySQL connection established. Execution time: 0.132 ms
[2025-01-31 17:52:00] [getGroupStatus] SELECT table_name FROM table_registry WHERE id = :job_id / Execution time: 0.364 ms
[2025-01-31 17:52:00] [getGroupStatus] SELECT status FROM `matrix` WHERE group_id = :group_id / Execution time: 0.361 ms
[2025-01-31 17:52:00] getGroupStatus completed. Execution time: 1.088 ms
[2025-01-31 17:52:00] Merge request completed. Execution time (not actual merge.php execution time, but just request): 2.916 ms
[2025-01-31 17:52:00] Program completed. Total execution time: 109.218 ms

