
[2025-01-31 15:38:33] Program started at 2025-01-31 15:38:33.3928
[2025-01-31 15:38:33] [getClientID] MySQL connection established. Execution time: 0.619 ms
[2025-01-31 15:38:33] [getClientID] SELECT table_name FROM table_registry WHERE id = :job_id / Execution time: 0.345 ms
[2025-01-31 15:38:33] [getClientID] SELECT client FROM `matrix` WHERE id = :sub_job_id / Execution time: 0.219 ms
[2025-01-31 15:38:33] getClientID completed. Execution time: 1.440 ms
[2025-01-31 15:38:33] Read file completed. Execution time: 0.014 ms
[2025-01-31 15:38:33] File saved successfully: uploads/job_1/group_1/result_44
[2025-01-31 15:38:33] [updateStatus] MySQL connection established. Execution time: 0.119 ms
[2025-01-31 15:38:33] [updateStatus] SELECT table_name FROM table_registry WHERE id = :job_id FOR UPDATE / Execution time: 2.360 ms
[2025-01-31 15:38:33] [updateStatus] UPDATE `matrix` SET status = :status WHERE id = :sub_job_id / Execution time: 0.326 ms
[2025-01-31 15:38:33] [updateStatus] SELECT COUNT_RECORDS FROM `matrix` / Execution time: 0.509 ms
[2025-01-31 15:38:33] [updateStatus] UPDATE table_registry SET status = :status WHERE id = :job_id / Execution time: 0.224 ms
[2025-01-31 15:38:33] updateStatus completed. Execution time: 74.495 ms
[2025-01-31 15:38:33] Write file completed. Execution time: 74.820 ms
[2025-01-31 15:38:33] [getGroupStatus] MySQL connection established. Execution time: 0.072 ms
[2025-01-31 15:38:33] [getGroupStatus] SELECT table_name FROM table_registry WHERE id = :job_id / Execution time: 0.303 ms
[2025-01-31 15:38:33] [getGroupStatus] SELECT status FROM `matrix` WHERE group_id = :group_id / Execution time: 0.367 ms
[2025-01-31 15:38:33] getGroupStatus completed. Execution time: 0.871 ms
[2025-01-31 15:38:33] Group 1 is not completed yet.
[2025-01-31 15:38:33] Program completed. Total execution time: 80.146 ms

