
[2025-01-31 15:38:33] Program started at 2025-01-31 15:38:33.8976
[2025-01-31 15:38:33] [getClientID] MySQL connection established. Execution time: 1.036 ms
[2025-01-31 15:38:33] [getClientID] SELECT table_name FROM table_registry WHERE id = :job_id / Execution time: 0.396 ms
[2025-01-31 15:38:33] [getClientID] SELECT client FROM `matrix` WHERE id = :sub_job_id / Execution time: 0.222 ms
[2025-01-31 15:38:33] getClientID completed. Execution time: 1.938 ms
[2025-01-31 15:38:33] Read file completed. Execution time: 0.017 ms
[2025-01-31 15:38:33] File saved successfully: uploads/job_1/group_1/result_43
[2025-01-31 15:38:33] [updateStatus] MySQL connection established. Execution time: 0.266 ms
[2025-01-31 15:38:33] [updateStatus] SELECT table_name FROM table_registry WHERE id = :job_id FOR UPDATE / Execution time: 1.346 ms
[2025-01-31 15:38:33] [updateStatus] UPDATE `matrix` SET status = :status WHERE id = :sub_job_id / Execution time: 0.312 ms
[2025-01-31 15:38:33] [updateStatus] SELECT COUNT_RECORDS FROM `matrix` / Execution time: 0.374 ms
[2025-01-31 15:38:33] [updateStatus] UPDATE table_registry SET status = :status WHERE id = :job_id / Execution time: 0.207 ms
[2025-01-31 15:38:34] updateStatus completed. Execution time: 118.552 ms
[2025-01-31 15:38:34] Write file completed. Execution time: 119.411 ms
[2025-01-31 15:38:34] [getGroupStatus] MySQL connection established. Execution time: 0.104 ms
[2025-01-31 15:38:34] [getGroupStatus] SELECT table_name FROM table_registry WHERE id = :job_id / Execution time: 0.179 ms
[2025-01-31 15:38:34] [getGroupStatus] SELECT status FROM `matrix` WHERE group_id = :group_id / Execution time: 0.190 ms
[2025-01-31 15:38:34] getGroupStatus completed. Execution time: 0.560 ms
[2025-01-31 15:38:34] Group 1 is not completed yet.
[2025-01-31 15:38:34] Program completed. Total execution time: 124.887 ms

