
[2025-01-31 16:49:28] Program started at 2025-01-31 16:49:28.0799
[2025-01-31 16:49:28] [getClientID] MySQL connection established. Execution time: 0.565 ms
[2025-01-31 16:49:28] [getClientID] SELECT table_name FROM table_registry WHERE id = :job_id / Execution time: 0.486 ms
[2025-01-31 16:49:28] [getClientID] SELECT client FROM `matrix` WHERE id = :sub_job_id / Execution time: 0.224 ms
[2025-01-31 16:49:28] getClientID completed. Execution time: 1.395 ms
[2025-01-31 16:49:28] Read file completed. Execution time: 0.010 ms
[2025-01-31 16:49:28] File saved successfully: uploads/job_1/group_1/result_160
[2025-01-31 16:49:28] [updateStatus] MySQL connection established. Execution time: 0.098 ms
[2025-01-31 16:49:28] [updateStatus] SELECT table_name FROM table_registry WHERE id = :job_id FOR UPDATE / Execution time: 0.194 ms
[2025-01-31 16:49:28] [updateStatus] UPDATE `matrix` SET status = :status WHERE id = :sub_job_id / Execution time: 0.344 ms
[2025-01-31 16:49:28] [updateStatus] SELECT COUNT_RECORDS FROM `matrix` / Execution time: 1.003 ms
[2025-01-31 16:49:28] [updateStatus] UPDATE table_registry SET status = :status WHERE id = :job_id / Execution time: 0.207 ms
[2025-01-31 16:49:28] updateStatus completed. Execution time: 4.157 ms
[2025-01-31 16:49:28] Write file completed. Execution time: 4.378 ms
[2025-01-31 16:49:28] [getGroupStatus] MySQL connection established. Execution time: 0.047 ms
[2025-01-31 16:49:28] [getGroupStatus] SELECT table_name FROM table_registry WHERE id = :job_id / Execution time: 0.179 ms
[2025-01-31 16:49:28] [getGroupStatus] SELECT status FROM `matrix` WHERE group_id = :group_id / Execution time: 0.737 ms
[2025-01-31 16:49:28] getGroupStatus completed. Execution time: 1.054 ms
[2025-01-31 16:49:28] Group 1 is not completed yet.
[2025-01-31 16:49:28] Program completed. Total execution time: 9.702 ms

