
[2025-01-31 16:49:32] Program started at 2025-01-31 16:49:32.0183
[2025-01-31 16:49:32] [getClientID] MySQL connection established. Execution time: 0.370 ms
[2025-01-31 16:49:32] [getClientID] SELECT table_name FROM table_registry WHERE id = :job_id / Execution time: 0.466 ms
[2025-01-31 16:49:32] [getClientID] SELECT client FROM `matrix` WHERE id = :sub_job_id / Execution time: 0.225 ms
[2025-01-31 16:49:32] getClientID completed. Execution time: 1.241 ms
[2025-01-31 16:49:32] Read file completed. Execution time: 0.015 ms
[2025-01-31 16:49:32] File saved successfully: uploads/job_1/group_1/result_352
[2025-01-31 16:49:32] [updateStatus] MySQL connection established. Execution time: 0.125 ms
[2025-01-31 16:49:32] [updateStatus] SELECT table_name FROM table_registry WHERE id = :job_id FOR UPDATE / Execution time: 0.225 ms
[2025-01-31 16:49:32] [updateStatus] UPDATE `matrix` SET status = :status WHERE id = :sub_job_id / Execution time: 138.664 ms
[2025-01-31 16:49:32] [updateStatus] SELECT COUNT_RECORDS FROM `matrix` / Execution time: 0.767 ms
[2025-01-31 16:49:32] [updateStatus] UPDATE table_registry SET status = :status WHERE id = :job_id / Execution time: 0.200 ms
[2025-01-31 16:49:32] updateStatus completed. Execution time: 144.301 ms
[2025-01-31 16:49:32] Write file completed. Execution time: 144.651 ms
[2025-01-31 16:49:32] [getGroupStatus] MySQL connection established. Execution time: 0.066 ms
[2025-01-31 16:49:32] [getGroupStatus] SELECT table_name FROM table_registry WHERE id = :job_id / Execution time: 0.233 ms
[2025-01-31 16:49:32] [getGroupStatus] SELECT status FROM `matrix` WHERE group_id = :group_id / Execution time: 1.061 ms
[2025-01-31 16:49:32] getGroupStatus completed. Execution time: 1.962 ms
[2025-01-31 16:49:32] Group 1 is not completed yet.
[2025-01-31 16:49:32] Program completed. Total execution time: 150.594 ms

