
[2025-01-31 16:49:51] Program started at 2025-01-31 16:49:51.1818
[2025-01-31 16:49:51] [getClientID] MySQL connection established. Execution time: 0.336 ms
[2025-01-31 16:49:51] [getClientID] SELECT table_name FROM table_registry WHERE id = :job_id / Execution time: 0.417 ms
[2025-01-31 16:49:51] [getClientID] SELECT client FROM `matrix` WHERE id = :sub_job_id / Execution time: 0.217 ms
[2025-01-31 16:49:51] getClientID completed. Execution time: 1.143 ms
[2025-01-31 16:49:51] Read file completed. Execution time: 0.015 ms
[2025-01-31 16:49:51] File saved successfully: uploads/job_1/group_1/result_189
[2025-01-31 16:49:51] [updateStatus] MySQL connection established. Execution time: 0.121 ms
[2025-01-31 16:49:51] [updateStatus] SELECT table_name FROM table_registry WHERE id = :job_id FOR UPDATE / Execution time: 0.213 ms
[2025-01-31 16:49:51] [updateStatus] UPDATE `matrix` SET status = :status WHERE id = :sub_job_id / Execution time: 0.230 ms
[2025-01-31 16:49:51] [updateStatus] SELECT COUNT_RECORDS FROM `matrix` / Execution time: 0.919 ms
[2025-01-31 16:49:51] [updateStatus] UPDATE table_registry SET status = :status WHERE id = :job_id / Execution time: 0.177 ms
[2025-01-31 16:49:51] updateStatus completed. Execution time: 3.732 ms
[2025-01-31 16:49:51] Write file completed. Execution time: 4.083 ms
[2025-01-31 16:49:51] [getGroupStatus] MySQL connection established. Execution time: 0.085 ms
[2025-01-31 16:49:51] [getGroupStatus] SELECT table_name FROM table_registry WHERE id = :job_id / Execution time: 0.183 ms
[2025-01-31 16:49:51] [getGroupStatus] SELECT status FROM `matrix` WHERE group_id = :group_id / Execution time: 0.988 ms
[2025-01-31 16:49:51] getGroupStatus completed. Execution time: 1.327 ms
[2025-01-31 16:49:51] Group 1 is not completed yet.
[2025-01-31 16:49:51] Program completed. Total execution time: 9.250 ms

