
[2025-01-31 16:49:51] Program started at 2025-01-31 16:49:51.4294
[2025-01-31 16:49:51] [getClientID] MySQL connection established. Execution time: 0.253 ms
[2025-01-31 16:49:51] [getClientID] SELECT table_name FROM table_registry WHERE id = :job_id / Execution time: 0.363 ms
[2025-01-31 16:49:51] [getClientID] SELECT client FROM `matrix` WHERE id = :sub_job_id / Execution time: 0.214 ms
[2025-01-31 16:49:51] getClientID completed. Execution time: 1.012 ms
[2025-01-31 16:49:51] Read file completed. Execution time: 0.014 ms
[2025-01-31 16:49:51] File saved successfully: uploads/job_1/group_1/result_267
[2025-01-31 16:49:51] [updateStatus] MySQL connection established. Execution time: 0.122 ms
[2025-01-31 16:49:51] [updateStatus] SELECT table_name FROM table_registry WHERE id = :job_id FOR UPDATE / Execution time: 0.219 ms
[2025-01-31 16:49:51] [updateStatus] UPDATE `matrix` SET status = :status WHERE id = :sub_job_id / Execution time: 0.223 ms
[2025-01-31 16:49:51] [updateStatus] SELECT COUNT_RECORDS FROM `matrix` / Execution time: 0.887 ms
[2025-01-31 16:49:51] [updateStatus] UPDATE table_registry SET status = :status WHERE id = :job_id / Execution time: 0.222 ms
[2025-01-31 16:49:51] updateStatus completed. Execution time: 3.865 ms
[2025-01-31 16:49:51] Write file completed. Execution time: 4.273 ms
[2025-01-31 16:49:51] [getGroupStatus] MySQL connection established. Execution time: 0.044 ms
[2025-01-31 16:49:51] [getGroupStatus] SELECT table_name FROM table_registry WHERE id = :job_id / Execution time: 0.196 ms
[2025-01-31 16:49:51] [getGroupStatus] SELECT status FROM `matrix` WHERE group_id = :group_id / Execution time: 1.047 ms
[2025-01-31 16:49:51] getGroupStatus completed. Execution time: 1.367 ms
[2025-01-31 16:49:51] Group 1 is not completed yet.
[2025-01-31 16:49:51] Program completed. Total execution time: 9.301 ms

