
[2025-01-31 16:49:42] Program started at 2025-01-31 16:49:42.5029
[2025-01-31 16:49:42] [getClientID] MySQL connection established. Execution time: 0.251 ms
[2025-01-31 16:49:42] [getClientID] SELECT table_name FROM table_registry WHERE id = :job_id / Execution time: 0.375 ms
[2025-01-31 16:49:42] [getClientID] SELECT client FROM `matrix` WHERE id = :sub_job_id / Execution time: 0.242 ms
[2025-01-31 16:49:42] getClientID completed. Execution time: 1.051 ms
[2025-01-31 16:49:42] Read file completed. Execution time: 0.014 ms
[2025-01-31 16:49:42] File saved successfully: uploads/job_1/group_1/result_90
[2025-01-31 16:49:42] [updateStatus] MySQL connection established. Execution time: 0.158 ms
[2025-01-31 16:49:42] [updateStatus] SELECT table_name FROM table_registry WHERE id = :job_id FOR UPDATE / Execution time: 0.250 ms
[2025-01-31 16:49:42] [updateStatus] UPDATE `matrix` SET status = :status WHERE id = :sub_job_id / Execution time: 0.225 ms
[2025-01-31 16:49:42] [updateStatus] SELECT COUNT_RECORDS FROM `matrix` / Execution time: 0.994 ms
[2025-01-31 16:49:42] [updateStatus] UPDATE table_registry SET status = :status WHERE id = :job_id / Execution time: 0.236 ms
[2025-01-31 16:49:42] updateStatus completed. Execution time: 136.293 ms
[2025-01-31 16:49:42] Write file completed. Execution time: 136.675 ms
[2025-01-31 16:49:42] [getGroupStatus] MySQL connection established. Execution time: 0.121 ms
[2025-01-31 16:49:42] [getGroupStatus] SELECT table_name FROM table_registry WHERE id = :job_id / Execution time: 0.424 ms
[2025-01-31 16:49:42] [getGroupStatus] SELECT status FROM `matrix` WHERE group_id = :group_id / Execution time: 1.963 ms
[2025-01-31 16:49:42] getGroupStatus completed. Execution time: 2.779 ms
[2025-01-31 16:49:42] Group 1 is not completed yet.
[2025-01-31 16:49:42] Program completed. Total execution time: 143.455 ms

