
[2025-01-31 16:49:31] Program started at 2025-01-31 16:49:31.2393
[2025-01-31 16:49:31] [getClientID] MySQL connection established. Execution time: 0.270 ms
[2025-01-31 16:49:31] [getClientID] SELECT table_name FROM table_registry WHERE id = :job_id / Execution time: 0.350 ms
[2025-01-31 16:49:31] [getClientID] SELECT client FROM `matrix` WHERE id = :sub_job_id / Execution time: 0.240 ms
[2025-01-31 16:49:31] getClientID completed. Execution time: 1.045 ms
[2025-01-31 16:49:31] Read file completed. Execution time: 0.014 ms
[2025-01-31 16:49:31] File saved successfully: uploads/job_1/group_1/result_457
[2025-01-31 16:49:31] [updateStatus] MySQL connection established. Execution time: 0.167 ms
[2025-01-31 16:49:31] [updateStatus] SELECT table_name FROM table_registry WHERE id = :job_id FOR UPDATE / Execution time: 0.241 ms
[2025-01-31 16:49:31] [updateStatus] UPDATE `matrix` SET status = :status WHERE id = :sub_job_id / Execution time: 0.260 ms
[2025-01-31 16:49:31] [updateStatus] SELECT COUNT_RECORDS FROM `matrix` / Execution time: 0.981 ms
[2025-01-31 16:49:31] [updateStatus] UPDATE table_registry SET status = :status WHERE id = :job_id / Execution time: 0.208 ms
[2025-01-31 16:49:31] updateStatus completed. Execution time: 4.293 ms
[2025-01-31 16:49:31] Write file completed. Execution time: 4.685 ms
[2025-01-31 16:49:31] [getGroupStatus] MySQL connection established. Execution time: 0.080 ms
[2025-01-31 16:49:31] [getGroupStatus] SELECT table_name FROM table_registry WHERE id = :job_id / Execution time: 0.275 ms
[2025-01-31 16:49:31] [getGroupStatus] SELECT status FROM `matrix` WHERE group_id = :group_id / Execution time: 1.063 ms
[2025-01-31 16:49:31] getGroupStatus completed. Execution time: 1.560 ms
[2025-01-31 16:49:31] Group 1 is not completed yet.
[2025-01-31 16:49:31] Program completed. Total execution time: 9.965 ms

