
[2025-01-31 16:49:46] Program started at 2025-01-31 16:49:46.2928
[2025-01-31 16:49:46] [getClientID] MySQL connection established. Execution time: 0.176 ms
[2025-01-31 16:49:46] [getClientID] SELECT table_name FROM table_registry WHERE id = :job_id / Execution time: 0.224 ms
[2025-01-31 16:49:46] [getClientID] SELECT client FROM `matrix` WHERE id = :sub_job_id / Execution time: 0.263 ms
[2025-01-31 16:49:46] getClientID completed. Execution time: 0.844 ms
[2025-01-31 16:49:46] Read file completed. Execution time: 0.013 ms
[2025-01-31 16:49:46] File saved successfully: uploads/job_1/group_1/result_229
[2025-01-31 16:49:46] [updateStatus] MySQL connection established. Execution time: 0.126 ms
[2025-01-31 16:49:46] [updateStatus] SELECT table_name FROM table_registry WHERE id = :job_id FOR UPDATE / Execution time: 0.803 ms
[2025-01-31 16:49:46] [updateStatus] UPDATE `matrix` SET status = :status WHERE id = :sub_job_id / Execution time: 0.261 ms
[2025-01-31 16:49:46] [updateStatus] SELECT COUNT_RECORDS FROM `matrix` / Execution time: 0.913 ms
[2025-01-31 16:49:46] [updateStatus] UPDATE table_registry SET status = :status WHERE id = :job_id / Execution time: 0.179 ms
[2025-01-31 16:49:46] updateStatus completed. Execution time: 101.244 ms
[2025-01-31 16:49:46] Write file completed. Execution time: 101.618 ms
[2025-01-31 16:49:46] [getGroupStatus] MySQL connection established. Execution time: 0.154 ms
[2025-01-31 16:49:46] [getGroupStatus] SELECT table_name FROM table_registry WHERE id = :job_id / Execution time: 0.297 ms
[2025-01-31 16:49:46] [getGroupStatus] SELECT status FROM `matrix` WHERE group_id = :group_id / Execution time: 1.354 ms
[2025-01-31 16:49:46] getGroupStatus completed. Execution time: 2.033 ms
[2025-01-31 16:49:46] Group 1 is not completed yet.
[2025-01-31 16:49:46] Program completed. Total execution time: 107.224 ms

