
[2025-01-31 16:49:46] Program started at 2025-01-31 16:49:46.3721
[2025-01-31 16:49:46] [getClientID] MySQL connection established. Execution time: 0.241 ms
[2025-01-31 16:49:46] [getClientID] SELECT table_name FROM table_registry WHERE id = :job_id / Execution time: 0.312 ms
[2025-01-31 16:49:46] [getClientID] SELECT client FROM `matrix` WHERE id = :sub_job_id / Execution time: 0.131 ms
[2025-01-31 16:49:46] getClientID completed. Execution time: 0.873 ms
[2025-01-31 16:49:46] Read file completed. Execution time: 0.015 ms
[2025-01-31 16:49:46] File saved successfully: uploads/job_1/group_1/result_304
[2025-01-31 16:49:46] [updateStatus] MySQL connection established. Execution time: 0.094 ms
[2025-01-31 16:49:46] [updateStatus] SELECT table_name FROM table_registry WHERE id = :job_id FOR UPDATE / Execution time: 0.148 ms
[2025-01-31 16:49:46] [updateStatus] UPDATE `matrix` SET status = :status WHERE id = :sub_job_id / Execution time: 0.144 ms
[2025-01-31 16:49:46] [updateStatus] SELECT COUNT_RECORDS FROM `matrix` / Execution time: 0.407 ms
[2025-01-31 16:49:46] [updateStatus] UPDATE table_registry SET status = :status WHERE id = :job_id / Execution time: 0.100 ms
[2025-01-31 16:49:46] updateStatus completed. Execution time: 25.794 ms
[2025-01-31 16:49:46] Write file completed. Execution time: 26.170 ms
[2025-01-31 16:49:46] [getGroupStatus] MySQL connection established. Execution time: 0.065 ms
[2025-01-31 16:49:46] [getGroupStatus] SELECT table_name FROM table_registry WHERE id = :job_id / Execution time: 0.187 ms
[2025-01-31 16:49:46] [getGroupStatus] SELECT status FROM `matrix` WHERE group_id = :group_id / Execution time: 1.020 ms
[2025-01-31 16:49:46] getGroupStatus completed. Execution time: 1.457 ms
[2025-01-31 16:49:46] Group 1 is not completed yet.
[2025-01-31 16:49:46] Program completed. Total execution time: 31.274 ms

