
[2025-01-31 12:41:22.914666] INFO: Process started with ID: 136
[2025-01-31 12:41:23.220769] INFO: First connection established in 0.250000ms
[2025-01-31 12:41:23.682851] INFO: Sending request: GET /http_server/send-object.php?ID=136 HTTP/1.1
Host: 192.168.100.3
Connection: close


[2025-01-31 12:41:24.575099] INFO: First request sent in 0.034000ms
[2025-01-31 12:41:25.269717] INFO: Time from request to first response in 0.029000ms
[2025-01-31 12:41:25.835937] INFO: Received headers - MPI-Rank: 27, Group-ID: 1, Job-ID: 1, Sub-Job-ID: 28, Rank-Count: 512
[2025-01-31 12:41:26.950399] INFO: Receive loop #1 received 16384 bytes in 1446.540000ms
[2025-01-31 12:41:27.868216] INFO: Receive loop #2 received 16384 bytes in 0.073000ms
[2025-01-31 12:41:28.824419] INFO: Receive loop #3 received 16384 bytes in 0.078000ms
[2025-01-31 12:41:30.325160] INFO: Receive loop #4 received 16384 bytes in 0.130000ms
[2025-01-31 12:41:31.485244] INFO: Receive loop #5 received 16384 bytes in 0.035000ms
[2025-01-31 12:41:33.085102] INFO: Receive loop #6 received 16384 bytes in 0.033000ms
[2025-01-31 12:41:34.471065] INFO: Receive loop #7 received 16384 bytes in 0.028000ms
[2025-01-31 12:41:35.942656] INFO: Receive loop #8 received 16384 bytes in 0.250000ms
[2025-01-31 12:41:38.138464] INFO: Receive loop #9 received 16384 bytes in 0.032000ms
[2025-01-31 12:41:39.565568] INFO: Receive loop #10 received 16384 bytes in 0.030000ms
[2025-01-31 12:41:41.503501] INFO: Receive loop #11 received 16384 bytes in 0.029000ms
[2025-01-31 12:41:43.783780] INFO: Receive loop #12 received 7663 bytes in 0.020000ms
[2025-01-31 12:41:45.606102] INFO: Response received in 19705.558000ms
[2025-01-31 12:41:47.808453] INFO: File saved in 0.447000ms
[2025-01-31 12:41:50.326410] INFO: File saved to: /home/vc/kurotaka/objects/temp_136
[2025-01-31 12:41:53.297739] INFO: Execution permission granted to: /home/vc/kurotaka/objects/temp_136
[2025-01-31 12:41:55.418661] INFO: Executing command: /home/vc/kurotaka/objects/temp_136 27 512 1
[2025-01-31 12:43:21.857694] INFO: Command executed in 1m 23745.799000ms
[2025-01-31 12:43:25.143624] INFO: Result saved to: /home/vc/kurotaka/results/result_136
[2025-01-31 12:43:28.094037] INFO: Second connection established in 0.239000ms
[2025-01-31 12:43:30.518278] INFO: Sending result upload request
[2025-01-31 12:43:33.389764] INFO: Second request sent in 0.004000ms
[2025-01-31 12:43:37.065666] INFO: Result uploaded in 0.011000ms
[2025-01-31 12:43:39.426357] INFO: Process completed successfully. Total execution time in 2m 16164.261000ms

