
[2025-01-31 12:41:38.681206] INFO: Process started with ID: 234
[2025-01-31 12:41:40.884006] INFO: First connection established in 0.202000ms
[2025-01-31 12:41:42.420929] INFO: Sending request: GET /http_server/send-object.php?ID=234 HTTP/1.1
Host: 192.168.100.3
Connection: close


[2025-01-31 12:41:44.568513] INFO: First request sent in 0.033000ms
[2025-01-31 12:41:46.972063] INFO: Time from request to first response in 0.029000ms
[2025-01-31 12:41:49.408358] INFO: Received headers - MPI-Rank: 220, Group-ID: 1, Job-ID: 1, Sub-Job-ID: 221, Rank-Count: 512
[2025-01-31 12:41:51.470335] INFO: Receive loop #1 received 16384 bytes in 4465.246000ms
[2025-01-31 12:41:53.300889] INFO: Receive loop #2 received 16384 bytes in 0.063000ms
[2025-01-31 12:41:55.419660] INFO: Receive loop #3 received 16384 bytes in 0.079000ms
[2025-01-31 12:41:57.800365] INFO: Receive loop #4 received 16384 bytes in 0.136000ms
[2025-01-31 12:41:59.960514] INFO: Receive loop #5 received 16384 bytes in 0.029000ms
[2025-01-31 12:42:02.127066] INFO: Receive loop #6 received 16384 bytes in 0.011000ms
[2025-01-31 12:42:04.032460] INFO: Receive loop #7 received 16384 bytes in 0.032000ms
[2025-01-31 12:42:06.271661] INFO: Receive loop #8 received 16384 bytes in 0.268000ms
[2025-01-31 12:42:08.471748] INFO: Receive loop #9 received 16384 bytes in 0.037000ms
[2025-01-31 12:42:10.465570] INFO: Receive loop #10 received 16384 bytes in 0.030000ms
[2025-01-31 12:42:12.588314] INFO: Receive loop #11 received 16384 bytes in 0.030000ms
[2025-01-31 12:42:14.785034] INFO: Receive loop #12 received 7665 bytes in 0.020000ms
[2025-01-31 12:42:16.993679] INFO: Response received in 30502.550000ms
[2025-01-31 12:42:18.423116] INFO: File saved in 0.469000ms
[2025-01-31 12:42:19.694753] INFO: File saved to: /home/vc/kurotaka/objects/temp_234
[2025-01-31 12:42:21.572105] INFO: Execution permission granted to: /home/vc/kurotaka/objects/temp_234
[2025-01-31 12:42:23.924523] INFO: Executing command: /home/vc/kurotaka/objects/temp_234 220 512 1
[2025-01-31 12:43:28.718312] INFO: Command executed in 1m 2432.879000ms
[2025-01-31 12:43:31.146429] INFO: Result saved to: /home/vc/kurotaka/results/result_234
[2025-01-31 12:43:34.057235] INFO: Second connection established in 0.138000ms
[2025-01-31 12:43:38.071524] INFO: Sending result upload request
[2025-01-31 12:43:40.046142] INFO: Second request sent in 0.004000ms
[2025-01-31 12:43:41.194405] INFO: Result uploaded in 0.011000ms
[2025-01-31 12:43:41.472328] INFO: Process completed successfully. Total execution time in 2m 18793.610000ms

