
[2025-01-31 12:41:24.260486] INFO: Process started with ID: 450
[2025-01-31 12:41:25.145579] INFO: First connection established in 0.250000ms
[2025-01-31 12:41:25.675063] INFO: Sending request: GET /http_server/send-object.php?ID=450 HTTP/1.1
Host: 192.168.100.3
Connection: close


[2025-01-31 12:41:26.791990] INFO: First request sent in 0.036000ms
[2025-01-31 12:41:27.837107] INFO: Time from request to first response in 0.008000ms
[2025-01-31 12:41:28.793405] INFO: Received headers - MPI-Rank: 70, Group-ID: 1, Job-ID: 1, Sub-Job-ID: 71, Rank-Count: 512
[2025-01-31 12:41:30.261299] INFO: Receive loop #1 received 16384 bytes in 2178.869000ms
[2025-01-31 12:41:31.277346] INFO: Receive loop #2 received 16384 bytes in 0.091000ms
[2025-01-31 12:41:33.011793] INFO: Receive loop #3 received 16384 bytes in 0.120000ms
[2025-01-31 12:41:34.248975] INFO: Receive loop #4 received 16384 bytes in 0.108000ms
[2025-01-31 12:41:35.830814] INFO: Receive loop #5 received 16384 bytes in 0.031000ms
[2025-01-31 12:41:37.722179] INFO: Receive loop #6 received 16384 bytes in 0.030000ms
[2025-01-31 12:41:39.334853] INFO: Receive loop #7 received 16384 bytes in 0.035000ms
[2025-01-31 12:41:41.459951] INFO: Receive loop #8 received 16384 bytes in 0.292000ms
[2025-01-31 12:41:44.022303] INFO: Receive loop #9 received 16384 bytes in 0.031000ms
[2025-01-31 12:41:45.606279] INFO: Receive loop #10 received 16384 bytes in 0.029000ms
[2025-01-31 12:41:47.808494] INFO: Receive loop #11 received 16384 bytes in 0.029000ms
[2025-01-31 12:41:50.281086] INFO: Receive loop #12 received 7663 bytes in 0.019000ms
[2025-01-31 12:41:53.263026] INFO: Response received in 24404.438000ms
[2025-01-31 12:41:55.396215] INFO: File saved in 0.458000ms
[2025-01-31 12:41:57.735075] INFO: File saved to: /home/vc/kurotaka/objects/temp_450
[2025-01-31 12:41:59.957932] INFO: Execution permission granted to: /home/vc/kurotaka/objects/temp_450
[2025-01-31 12:42:02.124832] INFO: Executing command: /home/vc/kurotaka/objects/temp_450 70 512 1
[2025-01-31 12:43:22.657259] INFO: Command executed in 1m 18163.155000ms
[2025-01-31 12:43:25.388903] INFO: Result saved to: /home/vc/kurotaka/results/result_450
[2025-01-31 12:43:28.186347] INFO: Second connection established in 0.141000ms
[2025-01-31 12:43:30.349856] INFO: Sending result upload request
[2025-01-31 12:43:32.998277] INFO: Second request sent in 0.003000ms
[2025-01-31 12:43:35.868390] INFO: Result uploaded in 0.013000ms
[2025-01-31 12:43:38.763069] INFO: Process completed successfully. Total execution time in 2m 15632.428000ms

