
[2025-01-31 12:41:22.728324] INFO: Process started with ID: 195
[2025-01-31 12:41:22.914268] INFO: First connection established in 0.265000ms
[2025-01-31 12:41:23.160776] INFO: Sending request: GET /http_server/send-object.php?ID=195 HTTP/1.1
Host: 192.168.100.3
Connection: close


[2025-01-31 12:41:23.554373] INFO: First request sent in 0.034000ms
[2025-01-31 12:41:24.333871] INFO: Time from request to first response in 0.032000ms
[2025-01-31 12:41:25.145541] INFO: Received headers - MPI-Rank: 6, Group-ID: 1, Job-ID: 1, Sub-Job-ID: 7, Rank-Count: 512
[2025-01-31 12:41:25.675248] INFO: Receive loop #1 received 16384 bytes in 1471.378000ms
[2025-01-31 12:41:26.719223] INFO: Receive loop #2 received 16384 bytes in 0.060000ms
[2025-01-31 12:41:27.765623] INFO: Receive loop #3 received 16384 bytes in 0.095000ms
[2025-01-31 12:41:28.646303] INFO: Receive loop #4 received 16384 bytes in 0.138000ms
[2025-01-31 12:41:30.291592] INFO: Receive loop #5 received 16384 bytes in 0.030000ms
[2025-01-31 12:41:31.277555] INFO: Receive loop #6 received 16384 bytes in 0.052000ms
[2025-01-31 12:41:32.993652] INFO: Receive loop #7 received 16384 bytes in 0.035000ms
[2025-01-31 12:41:34.117441] INFO: Receive loop #8 received 16384 bytes in 0.282000ms
[2025-01-31 12:41:35.692347] INFO: Receive loop #9 received 16384 bytes in 0.036000ms
[2025-01-31 12:41:37.475781] INFO: Receive loop #10 received 16384 bytes in 0.029000ms
[2025-01-31 12:41:39.079251] INFO: Receive loop #11 received 16384 bytes in 0.032000ms
[2025-01-31 12:41:41.250577] INFO: Receive loop #12 received 7661 bytes in 0.019000ms
[2025-01-31 12:41:43.181145] INFO: Response received in 18257.822000ms
[2025-01-31 12:41:45.005361] INFO: File saved in 0.475000ms
[2025-01-31 12:41:47.343458] INFO: File saved to: /home/vc/kurotaka/objects/temp_195
[2025-01-31 12:41:49.967529] INFO: Execution permission granted to: /home/vc/kurotaka/objects/temp_195
[2025-01-31 12:41:52.365288] INFO: Executing command: /home/vc/kurotaka/objects/temp_195 6 512 1
[2025-01-31 12:43:24.903262] INFO: Command executed in 1m 30833.635000ms
[2025-01-31 12:43:27.859585] INFO: Result saved to: /home/vc/kurotaka/results/result_195
[2025-01-31 12:43:30.253374] INFO: Second connection established in 0.148000ms
[2025-01-31 12:43:33.121026] INFO: Sending result upload request
[2025-01-31 12:43:36.488419] INFO: Second request sent in 0.004000ms
[2025-01-31 12:43:39.122527] INFO: Result uploaded in 0.010000ms
[2025-01-31 12:43:41.175477] INFO: Process completed successfully. Total execution time in 2m 17855.973000ms

