
[2025-01-31 12:41:44.181864] INFO: Process started with ID: 97
[2025-01-31 12:41:46.314462] INFO: First connection established in 0.236000ms
[2025-01-31 12:41:48.261546] INFO: Sending request: GET /http_server/send-object.php?ID=97 HTTP/1.1
Host: 192.168.100.3
Connection: close


[2025-01-31 12:41:50.576191] INFO: First request sent in 0.036000ms
[2025-01-31 12:41:53.299999] INFO: Time from request to first response in 0.031000ms
[2025-01-31 12:41:55.419099] INFO: Received headers - MPI-Rank: 253, Group-ID: 1, Job-ID: 1, Sub-Job-ID: 254, Rank-Count: 512
[2025-01-31 12:41:57.799276] INFO: Receive loop #1 received 16384 bytes in 5022.657000ms
[2025-01-31 12:41:59.958899] INFO: Receive loop #2 received 16384 bytes in 0.014000ms
[2025-01-31 12:42:02.125143] INFO: Receive loop #3 received 16384 bytes in 0.086000ms
[2025-01-31 12:42:04.030517] INFO: Receive loop #4 received 16384 bytes in 0.113000ms
[2025-01-31 12:42:06.061080] INFO: Receive loop #5 received 16384 bytes in 0.029000ms
[2025-01-31 12:42:08.235352] INFO: Receive loop #6 received 16384 bytes in 0.006000ms
[2025-01-31 12:42:10.154500] INFO: Receive loop #7 received 16384 bytes in 0.011000ms
[2025-01-31 12:42:12.381321] INFO: Receive loop #8 received 16384 bytes in 0.253000ms
[2025-01-31 12:42:14.611084] INFO: Receive loop #9 received 16384 bytes in 0.012000ms
[2025-01-31 12:42:16.816462] INFO: Receive loop #10 received 16384 bytes in 0.031000ms
[2025-01-31 12:42:18.268567] INFO: Receive loop #11 received 16384 bytes in 0.034000ms
[2025-01-31 12:42:19.557936] INFO: Receive loop #12 received 7665 bytes in 0.018000ms
[2025-01-31 12:42:21.184349] INFO: Response received in 28185.135000ms
[2025-01-31 12:42:23.496296] INFO: File saved in 0.466000ms
[2025-01-31 12:42:26.361273] INFO: File saved to: /home/vc/kurotaka/objects/temp_97
[2025-01-31 12:42:28.588233] INFO: Execution permission granted to: /home/vc/kurotaka/objects/temp_97
[2025-01-31 12:42:30.478594] INFO: Executing command: /home/vc/kurotaka/objects/temp_97 253 512 1
[2025-01-31 12:43:10.516001] INFO: Command executed in 39225.750000ms
[2025-01-31 12:43:11.580966] INFO: Result saved to: /home/vc/kurotaka/results/result_97
[2025-01-31 12:43:14.440586] INFO: Second connection established in 0.193000ms
[2025-01-31 12:43:18.066102] INFO: Sending result upload request
[2025-01-31 12:43:21.176007] INFO: Second request sent in 0.025000ms
[2025-01-31 12:43:24.595436] INFO: Result uploaded in 0.056000ms
[2025-01-31 12:43:27.714003] INFO: Process completed successfully. Total execution time in 2m 3994.328000ms

