
[2025-01-31 12:41:24.829483] INFO: Process started with ID: 326
[2025-01-31 12:41:25.418689] INFO: First connection established in 0.308000ms
[2025-01-31 12:41:26.161968] INFO: Sending request: GET /http_server/send-object.php?ID=326 HTTP/1.1
Host: 192.168.100.3
Connection: close


[2025-01-31 12:41:27.566668] INFO: First request sent in 0.035000ms
[2025-01-31 12:41:28.269384] INFO: Time from request to first response in 0.031000ms
[2025-01-31 12:41:29.642571] INFO: Received headers - MPI-Rank: 78, Group-ID: 1, Job-ID: 1, Sub-Job-ID: 79, Rank-Count: 512
[2025-01-31 12:41:30.750628] INFO: Receive loop #1 received 16384 bytes in 2532.026000ms
[2025-01-31 12:41:32.377390] INFO: Receive loop #2 received 16384 bytes in 0.073000ms
[2025-01-31 12:41:33.644738] INFO: Receive loop #3 received 16384 bytes in 0.083000ms
[2025-01-31 12:41:35.532041] INFO: Receive loop #4 received 16384 bytes in 0.141000ms
[2025-01-31 12:41:36.950374] INFO: Receive loop #5 received 16384 bytes in 0.035000ms
[2025-01-31 12:41:38.823994] INFO: Receive loop #6 received 16384 bytes in 0.029000ms
[2025-01-31 12:41:41.086498] INFO: Receive loop #7 received 16384 bytes in 0.031000ms
[2025-01-31 12:41:42.747038] INFO: Receive loop #8 received 16384 bytes in 0.246000ms
[2025-01-31 12:41:44.843795] INFO: Receive loop #9 received 16384 bytes in 0.032000ms
[2025-01-31 12:41:47.173728] INFO: Receive loop #10 received 16384 bytes in 0.028000ms
[2025-01-31 12:41:49.812752] INFO: Receive loop #11 received 16384 bytes in 0.030000ms
[2025-01-31 12:41:52.015515] INFO: Receive loop #12 received 7663 bytes in 0.021000ms
[2025-01-31 12:41:53.492103] INFO: Response received in 25316.395000ms
[2025-01-31 12:41:55.943722] INFO: File saved in 0.465000ms
[2025-01-31 12:41:58.383102] INFO: File saved to: /home/vc/kurotaka/objects/temp_326
[2025-01-31 12:42:00.891388] INFO: Execution permission granted to: /home/vc/kurotaka/objects/temp_326
[2025-01-31 12:42:02.933489] INFO: Executing command: /home/vc/kurotaka/objects/temp_326 78 512 1
[2025-01-31 12:43:27.859911] INFO: Command executed in 1m 22848.214000ms
[2025-01-31 12:43:30.253622] INFO: Result saved to: /home/vc/kurotaka/results/result_326
[2025-01-31 12:43:33.069233] INFO: Second connection established in 0.124000ms
[2025-01-31 12:43:35.926817] INFO: Sending result upload request
[2025-01-31 12:43:38.639742] INFO: Second request sent in 0.007000ms
[2025-01-31 12:43:39.668687] INFO: Result uploaded in 0.012000ms
[2025-01-31 12:43:40.486035] INFO: Process completed successfully. Total execution time in 2m 17722.302000ms

