
[2025-01-31 12:42:23.204979] INFO: Process started with ID: 368
[2025-01-31 12:42:25.444347] INFO: First connection established in 0.252000ms
[2025-01-31 12:42:27.034881] INFO: Sending request: GET /http_server/send-object.php?ID=368 HTTP/1.1
Host: 192.168.100.3
Connection: close


[2025-01-31 12:42:27.934132] INFO: First request sent in 0.026000ms
[2025-01-31 12:42:29.388344] INFO: Time from request to first response in 0.006000ms
[2025-01-31 12:42:31.397119] INFO: Received headers - MPI-Rank: 487, Group-ID: 1, Job-ID: 1, Sub-Job-ID: 488, Rank-Count: 512
[2025-01-31 12:42:32.737643] INFO: Receive loop #1 received 16384 bytes in 3364.663000ms
[2025-01-31 12:42:33.987062] INFO: Receive loop #2 received 16384 bytes in 0.059000ms
[2025-01-31 12:42:36.037971] INFO: Receive loop #3 received 16384 bytes in 0.081000ms
[2025-01-31 12:42:38.233985] INFO: Receive loop #4 received 16384 bytes in 0.172000ms
[2025-01-31 12:42:39.785232] INFO: Receive loop #5 received 16384 bytes in 0.035000ms
[2025-01-31 12:42:41.288108] INFO: Receive loop #6 received 16384 bytes in 0.008000ms
[2025-01-31 12:42:42.392504] INFO: Receive loop #7 received 16384 bytes in 0.008000ms
[2025-01-31 12:42:43.323965] INFO: Receive loop #8 received 16384 bytes in 0.069000ms
[2025-01-31 12:42:44.641416] INFO: Receive loop #9 received 16384 bytes in 0.005000ms
[2025-01-31 12:42:46.147353] INFO: Receive loop #10 received 16384 bytes in 0.035000ms
[2025-01-31 12:42:47.644822] INFO: Receive loop #11 received 16384 bytes in 0.020000ms
[2025-01-31 12:42:48.778338] INFO: Receive loop #12 received 7665 bytes in 0.003000ms
[2025-01-31 12:42:49.635611] INFO: Response received in 20502.487000ms
[2025-01-31 12:42:50.825725] INFO: File saved in 0.181000ms
[2025-01-31 12:42:52.206763] INFO: File saved to: /home/vc/kurotaka/objects/temp_368
[2025-01-31 12:42:54.050417] INFO: Execution permission granted to: /home/vc/kurotaka/objects/temp_368
[2025-01-31 12:42:54.560589] INFO: Executing command: /home/vc/kurotaka/objects/temp_368 487 512 1
[2025-01-31 12:43:17.058354] INFO: Command executed in 21466.762000ms
[2025-01-31 12:43:20.194834] INFO: Result saved to: /home/vc/kurotaka/results/result_368
[2025-01-31 12:43:23.590264] INFO: Second connection established in 0.212000ms
[2025-01-31 12:43:26.247136] INFO: Sending result upload request
[2025-01-31 12:43:29.066782] INFO: Second request sent in 0.024000ms
[2025-01-31 12:43:31.529804] INFO: Result uploaded in 0.052000ms
[2025-01-31 12:43:34.509404] INFO: Process completed successfully. Total execution time in 2m 10910.090000ms

