
[2025-01-31 16:16:48.395166] INFO: Process started with ID: 188
[2025-01-31 16:16:49.292761] INFO: First connection established in 0.220000ms
[2025-01-31 16:16:50.224104] INFO: Sending request: GET /http_server/send-object.php?ID=188 HTTP/1.1
Host: 192.168.100.3
Connection: close


[2025-01-31 16:16:51.181267] INFO: First request sent in 0.034000ms
[2025-01-31 16:16:52.446737] INFO: Time from request to first response in 0.036000ms
[2025-01-31 16:16:53.698132] INFO: Received headers - MPI-Rank: 194, Group-ID: 1, Job-ID: 1, Sub-Job-ID: 195, Rank-Count: 256
[2025-01-31 16:16:54.931664] INFO: Receive loop #1 received 16384 bytes in 2458.507000ms
[2025-01-31 16:16:56.222989] INFO: Receive loop #2 received 16384 bytes in 0.063000ms
[2025-01-31 16:16:57.445267] INFO: Receive loop #3 received 16384 bytes in 0.091000ms
[2025-01-31 16:16:58.602300] INFO: Receive loop #4 received 16384 bytes in 0.107000ms
[2025-01-31 16:16:59.915155] INFO: Receive loop #5 received 16384 bytes in 0.031000ms
[2025-01-31 16:17:00.842619] INFO: Receive loop #6 received 16384 bytes in 0.036000ms
[2025-01-31 16:17:02.241225] INFO: Receive loop #7 received 16384 bytes in 0.029000ms
[2025-01-31 16:17:03.729412] INFO: Receive loop #8 received 16384 bytes in 0.330000ms
[2025-01-31 16:17:05.695672] INFO: Receive loop #9 received 16384 bytes in 0.028000ms
[2025-01-31 16:17:07.156698] INFO: Receive loop #10 received 16384 bytes in 0.029000ms
[2025-01-31 16:17:08.479765] INFO: Receive loop #11 received 16384 bytes in 0.009000ms
[2025-01-31 16:17:09.577890] INFO: Receive loop #12 received 7665 bytes in 0.019000ms
[2025-01-31 16:17:10.936336] INFO: Response received in 18701.554000ms
[2025-01-31 16:17:12.641594] INFO: File saved in 0.452000ms
[2025-01-31 16:17:13.493206] INFO: File saved to: /home/vc/kurotaka/objects/temp_188
[2025-01-31 16:17:15.112158] INFO: Execution permission granted to: /home/vc/kurotaka/objects/temp_188
[2025-01-31 16:17:16.572890] INFO: Executing command: /home/vc/kurotaka/objects/temp_188 194 256 1
[2025-01-31 16:17:24.413808] INFO: Command executed in 6576.024000ms
[2025-01-31 16:17:26.236884] INFO: Result saved to: /home/vc/kurotaka/results/result_188
[2025-01-31 16:17:28.847341] INFO: Second connection established in 0.256000ms
[2025-01-31 16:17:31.004081] INFO: Sending result upload request
[2025-01-31 16:17:32.571523] INFO: Second request sent in 0.025000ms
[2025-01-31 16:17:34.325504] INFO: Result uploaded in 0.055000ms
[2025-01-31 16:17:36.377731] INFO: Process completed successfully. Total execution time in 59194.327000ms

