
[2025-01-31 16:16:43.106152] INFO: Process started with ID: 251
[2025-01-31 16:16:44.763871] INFO: First connection established in 0.249000ms
[2025-01-31 16:16:45.819890] INFO: Sending request: GET /http_server/send-object.php?ID=251 HTTP/1.1
Host: 192.168.100.3
Connection: close


[2025-01-31 16:16:47.003369] INFO: First request sent in 0.036000ms
[2025-01-31 16:16:47.921861] INFO: Time from request to first response in 0.031000ms
[2025-01-31 16:16:48.800782] INFO: Received headers - MPI-Rank: 139, Group-ID: 1, Job-ID: 1, Sub-Job-ID: 140, Rank-Count: 256
[2025-01-31 16:16:49.727072] INFO: Receive loop #1 received 16384 bytes in 1762.926000ms
[2025-01-31 16:16:50.624132] INFO: Receive loop #2 received 16384 bytes in 0.066000ms
[2025-01-31 16:16:51.670907] INFO: Receive loop #3 received 16384 bytes in 0.083000ms
[2025-01-31 16:16:52.937499] INFO: Receive loop #4 received 16384 bytes in 0.137000ms
[2025-01-31 16:16:54.262387] INFO: Receive loop #5 received 16384 bytes in 0.029000ms
[2025-01-31 16:16:55.455087] INFO: Receive loop #6 received 16384 bytes in 0.030000ms
[2025-01-31 16:16:56.734975] INFO: Receive loop #7 received 16384 bytes in 0.030000ms
[2025-01-31 16:16:57.987058] INFO: Receive loop #8 received 16384 bytes in 0.245000ms
[2025-01-31 16:16:59.230523] INFO: Receive loop #9 received 16384 bytes in 0.029000ms
[2025-01-31 16:17:00.508903] INFO: Receive loop #10 received 16384 bytes in 0.032000ms
[2025-01-31 16:17:01.698972] INFO: Receive loop #11 received 16384 bytes in 0.005000ms
[2025-01-31 16:17:02.816065] INFO: Receive loop #12 received 7665 bytes in 0.003000ms
[2025-01-31 16:17:04.974240] INFO: Response received in 15733.665000ms
[2025-01-31 16:17:06.755210] INFO: File saved in 0.532000ms
[2025-01-31 16:17:07.847781] INFO: File saved to: /home/vc/kurotaka/objects/temp_251
[2025-01-31 16:17:09.695589] INFO: Execution permission granted to: /home/vc/kurotaka/objects/temp_251
[2025-01-31 16:17:11.286500] INFO: Executing command: /home/vc/kurotaka/objects/temp_251 139 256 1
[2025-01-31 16:17:25.421239] INFO: Command executed in 12442.967000ms
[2025-01-31 16:17:27.476715] INFO: Result saved to: /home/vc/kurotaka/results/result_251
[2025-01-31 16:17:29.644438] INFO: Second connection established in 0.233000ms
[2025-01-31 16:17:31.526878] INFO: Sending result upload request
[2025-01-31 16:17:33.520141] INFO: Second request sent in 0.026000ms
[2025-01-31 16:17:35.053654] INFO: Result uploaded in 0.054000ms
[2025-01-31 16:17:37.001870] INFO: Process completed successfully. Total execution time in 59911.689000ms

