
[2025-01-31 16:16:37.676297] INFO: Process started with ID: 34
[2025-01-31 16:16:38.413775] INFO: First connection established in 0.172000ms
[2025-01-31 16:16:39.462248] INFO: Sending request: GET /http_server/send-object.php?ID=34 HTTP/1.1
Host: 192.168.100.3
Connection: close


[2025-01-31 16:16:40.037396] INFO: First request sent in 0.035000ms
[2025-01-31 16:16:40.870610] INFO: Time from request to first response in 0.033000ms
[2025-01-31 16:16:42.369856] INFO: Received headers - MPI-Rank: 59, Group-ID: 1, Job-ID: 1, Sub-Job-ID: 60, Rank-Count: 256
[2025-01-31 16:16:43.157786] INFO: Receive loop #1 received 16384 bytes in 2288.505000ms
[2025-01-31 16:16:44.667701] INFO: Receive loop #2 received 16384 bytes in 0.061000ms
[2025-01-31 16:16:45.796334] INFO: Receive loop #3 received 16384 bytes in 0.076000ms
[2025-01-31 16:16:47.003913] INFO: Receive loop #4 received 16384 bytes in 0.113000ms
[2025-01-31 16:16:47.943904] INFO: Receive loop #5 received 16384 bytes in 0.038000ms
[2025-01-31 16:16:48.850315] INFO: Receive loop #6 received 16384 bytes in 0.006000ms
[2025-01-31 16:16:49.824354] INFO: Receive loop #7 received 16384 bytes in 0.030000ms
[2025-01-31 16:16:50.752525] INFO: Receive loop #8 received 16384 bytes in 0.065000ms
[2025-01-31 16:16:51.899581] INFO: Receive loop #9 received 16384 bytes in 0.030000ms
[2025-01-31 16:16:53.158007] INFO: Receive loop #10 received 16384 bytes in 0.008000ms
[2025-01-31 16:16:54.436144] INFO: Receive loop #11 received 16384 bytes in 0.036000ms
[2025-01-31 16:16:55.703668] INFO: Receive loop #12 received 7663 bytes in 0.020000ms
[2025-01-31 16:16:57.007737] INFO: Response received in 16074.451000ms
[2025-01-31 16:16:58.253750] INFO: File saved in 0.462000ms
[2025-01-31 16:16:59.639060] INFO: File saved to: /home/vc/kurotaka/objects/temp_34
[2025-01-31 16:17:01.600038] INFO: Execution permission granted to: /home/vc/kurotaka/objects/temp_34
[2025-01-31 16:17:02.374534] INFO: Executing command: /home/vc/kurotaka/objects/temp_34 59 256 1
[2025-01-31 16:17:25.643439] INFO: Command executed in 22162.649000ms
[2025-01-31 16:17:27.896642] INFO: Result saved to: /home/vc/kurotaka/results/result_34
[2025-01-31 16:17:29.822625] INFO: Second connection established in 0.286000ms
[2025-01-31 16:17:31.638620] INFO: Sending result upload request
[2025-01-31 16:17:33.610274] INFO: Second request sent in 0.030000ms
[2025-01-31 16:17:35.311538] INFO: Result uploaded in 0.052000ms
[2025-01-31 16:17:37.085407] INFO: Process completed successfully. Total execution time in 59986.225000ms

