
[2025-01-31 16:16:48.407215] INFO: Process started with ID: 62
[2025-01-31 16:16:49.293203] INFO: First connection established in 0.221000ms
[2025-01-31 16:16:50.238966] INFO: Sending request: GET /http_server/send-object.php?ID=62 HTTP/1.1
Host: 192.168.100.3
Connection: close


[2025-01-31 16:16:51.181692] INFO: First request sent in 0.033000ms
[2025-01-31 16:16:52.447155] INFO: Time from request to first response in 0.036000ms
[2025-01-31 16:16:53.698837] INFO: Received headers - MPI-Rank: 195, Group-ID: 1, Job-ID: 1, Sub-Job-ID: 196, Rank-Count: 256
[2025-01-31 16:16:54.947372] INFO: Receive loop #1 received 16384 bytes in 2489.683000ms
[2025-01-31 16:16:56.263852] INFO: Receive loop #2 received 16384 bytes in 0.060000ms
[2025-01-31 16:16:57.522199] INFO: Receive loop #3 received 16384 bytes in 0.077000ms
[2025-01-31 16:16:58.796005] INFO: Receive loop #4 received 16384 bytes in 0.111000ms
[2025-01-31 16:17:00.082098] INFO: Receive loop #5 received 16384 bytes in 0.006000ms
[2025-01-31 16:17:00.955903] INFO: Receive loop #6 received 16384 bytes in 0.030000ms
[2025-01-31 16:17:03.116679] INFO: Receive loop #7 received 16384 bytes in 0.033000ms
[2025-01-31 16:17:04.523906] INFO: Receive loop #8 received 16384 bytes in 0.267000ms
[2025-01-31 16:17:05.977835] INFO: Receive loop #9 received 16384 bytes in 0.007000ms
[2025-01-31 16:17:07.509181] INFO: Receive loop #10 received 16384 bytes in 0.019000ms
[2025-01-31 16:17:08.999138] INFO: Receive loop #11 received 16384 bytes in 0.018000ms
[2025-01-31 16:17:10.714258] INFO: Receive loop #12 received 7665 bytes in 0.006000ms
[2025-01-31 16:17:12.152743] INFO: Response received in 19047.411000ms
[2025-01-31 16:17:13.109987] INFO: File saved in 0.126000ms
[2025-01-31 16:17:14.137021] INFO: File saved to: /home/vc/kurotaka/objects/temp_62
[2025-01-31 16:17:16.299518] INFO: Execution permission granted to: /home/vc/kurotaka/objects/temp_62
[2025-01-31 16:17:17.055876] INFO: Executing command: /home/vc/kurotaka/objects/temp_62 195 256 1
[2025-01-31 16:17:25.888946] INFO: Command executed in 8062.332000ms
[2025-01-31 16:17:28.544580] INFO: Result saved to: /home/vc/kurotaka/results/result_62
[2025-01-31 16:17:30.280968] INFO: Second connection established in 0.326000ms
[2025-01-31 16:17:31.958211] INFO: Sending result upload request
[2025-01-31 16:17:33.886682] INFO: Second request sent in 0.026000ms
[2025-01-31 16:17:35.859274] INFO: Result uploaded in 0.055000ms
[2025-01-31 16:17:37.326054] INFO: Process completed successfully. Total execution time in 1m 263.120000ms

