
[2025-01-31 16:16:36.983762] INFO: Process started with ID: 157
[2025-01-31 16:16:37.265372] INFO: First connection established in 0.212000ms
[2025-01-31 16:16:37.702947] INFO: Sending request: GET /http_server/send-object.php?ID=157 HTTP/1.1
Host: 192.168.100.3
Connection: close


[2025-01-31 16:16:38.332008] INFO: First request sent in 0.033000ms
[2025-01-31 16:16:39.322166] INFO: Time from request to first response in 0.007000ms
[2025-01-31 16:16:39.948735] INFO: Received headers - MPI-Rank: 24, Group-ID: 1, Job-ID: 1, Sub-Job-ID: 25, Rank-Count: 256
[2025-01-31 16:16:40.694952] INFO: Receive loop #1 received 16384 bytes in 1442.049000ms
[2025-01-31 16:16:42.037321] INFO: Receive loop #2 received 16384 bytes in 0.060000ms
[2025-01-31 16:16:42.933737] INFO: Receive loop #3 received 16384 bytes in 0.075000ms
[2025-01-31 16:16:44.213679] INFO: Receive loop #4 received 16384 bytes in 0.111000ms
[2025-01-31 16:16:45.572539] INFO: Receive loop #5 received 16384 bytes in 0.029000ms
[2025-01-31 16:16:46.619353] INFO: Receive loop #6 received 16384 bytes in 0.029000ms
[2025-01-31 16:16:47.739716] INFO: Receive loop #7 received 16384 bytes in 0.028000ms
[2025-01-31 16:16:48.733398] INFO: Receive loop #8 received 16384 bytes in 0.258000ms
[2025-01-31 16:16:49.650597] INFO: Receive loop #9 received 16384 bytes in 0.017000ms
[2025-01-31 16:16:50.587985] INFO: Receive loop #10 received 16384 bytes in 0.029000ms
[2025-01-31 16:16:51.653267] INFO: Receive loop #11 received 16384 bytes in 0.083000ms
[2025-01-31 16:16:52.864343] INFO: Receive loop #12 received 7663 bytes in 0.018000ms
[2025-01-31 16:16:54.214690] INFO: Response received in 14811.016000ms
[2025-01-31 16:16:55.351590] INFO: File saved in 0.480000ms
[2025-01-31 16:16:56.638097] INFO: File saved to: /home/vc/kurotaka/objects/temp_157
[2025-01-31 16:16:57.859415] INFO: Execution permission granted to: /home/vc/kurotaka/objects/temp_157
[2025-01-31 16:16:59.119417] INFO: Executing command: /home/vc/kurotaka/objects/temp_157 24 256 1
[2025-01-31 16:17:25.832751] INFO: Command executed in 25392.109000ms
[2025-01-31 16:17:28.488272] INFO: Result saved to: /home/vc/kurotaka/results/result_157
[2025-01-31 16:17:30.326132] INFO: Second connection established in 0.263000ms
[2025-01-31 16:17:32.071919] INFO: Sending result upload request
[2025-01-31 16:17:33.991110] INFO: Second request sent in 0.007000ms
[2025-01-31 16:17:36.139600] INFO: Result uploaded in 0.058000ms
[2025-01-31 16:17:37.429518] INFO: Process completed successfully. Total execution time in 1m 382.261000ms

