
[2025-01-31 16:16:52.378979] INFO: Process started with ID: 106
[2025-01-31 16:16:53.622654] INFO: First connection established in 0.248000ms
[2025-01-31 16:16:54.897357] INFO: Sending request: GET /http_server/send-object.php?ID=106 HTTP/1.1
Host: 192.168.100.3
Connection: close


[2025-01-31 16:16:56.191282] INFO: First request sent in 0.033000ms
[2025-01-31 16:16:57.414798] INFO: Time from request to first response in 0.032000ms
[2025-01-31 16:16:58.571754] INFO: Received headers - MPI-Rank: 244, Group-ID: 1, Job-ID: 1, Sub-Job-ID: 245, Rank-Count: 256
[2025-01-31 16:16:59.890186] INFO: Receive loop #1 received 16384 bytes in 2461.850000ms
[2025-01-31 16:17:00.841920] INFO: Receive loop #2 received 16384 bytes in 0.067000ms
[2025-01-31 16:17:02.128250] INFO: Receive loop #3 received 16384 bytes in 0.079000ms
[2025-01-31 16:17:03.425684] INFO: Receive loop #4 received 16384 bytes in 0.115000ms
[2025-01-31 16:17:05.189117] INFO: Receive loop #5 received 16384 bytes in 0.030000ms
[2025-01-31 16:17:06.960314] INFO: Receive loop #6 received 16384 bytes in 0.005000ms
[2025-01-31 16:17:07.769615] INFO: Receive loop #7 received 16384 bytes in 0.005000ms
[2025-01-31 16:17:09.017795] INFO: Receive loop #8 received 16384 bytes in 0.269000ms
[2025-01-31 16:17:10.728265] INFO: Receive loop #9 received 16384 bytes in 0.035000ms
[2025-01-31 16:17:12.195174] INFO: Receive loop #10 received 16384 bytes in 0.006000ms
[2025-01-31 16:17:13.085814] INFO: Receive loop #11 received 16384 bytes in 0.007000ms
[2025-01-31 16:17:13.878232] INFO: Receive loop #12 received 7665 bytes in 0.005000ms
[2025-01-31 16:17:15.111329] INFO: Response received in 17704.915000ms
[2025-01-31 16:17:16.423386] INFO: File saved in 0.147000ms
[2025-01-31 16:17:17.101737] INFO: File saved to: /home/vc/kurotaka/objects/temp_106
[2025-01-31 16:17:18.093784] INFO: Execution permission granted to: /home/vc/kurotaka/objects/temp_106
[2025-01-31 16:17:18.466571] INFO: Executing command: /home/vc/kurotaka/objects/temp_106 244 256 1
[2025-01-31 16:17:25.421105] INFO: Command executed in 6119.561000ms
[2025-01-31 16:17:27.570730] INFO: Result saved to: /home/vc/kurotaka/results/result_106
[2025-01-31 16:17:29.670582] INFO: Second connection established in 0.212000ms
[2025-01-31 16:17:31.527001] INFO: Sending result upload request
[2025-01-31 16:17:33.548567] INFO: Second request sent in 0.035000ms
[2025-01-31 16:17:35.310746] INFO: Result uploaded in 0.062000ms
[2025-01-31 16:17:37.084742] INFO: Process completed successfully. Total execution time in 59984.460000ms

