
[2025-01-31 16:16:49.261833] INFO: Process started with ID: 51
[2025-01-31 16:16:50.210345] INFO: First connection established in 0.322000ms
[2025-01-31 16:16:51.138070] INFO: Sending request: GET /http_server/send-object.php?ID=51 HTTP/1.1
Host: 192.168.100.3
Connection: close


[2025-01-31 16:16:52.394449] INFO: First request sent in 0.031000ms
[2025-01-31 16:16:53.642575] INFO: Time from request to first response in 0.009000ms
[2025-01-31 16:16:54.897812] INFO: Received headers - MPI-Rank: 207, Group-ID: 1, Job-ID: 1, Sub-Job-ID: 208, Rank-Count: 256
[2025-01-31 16:16:56.192034] INFO: Receive loop #1 received 16384 bytes in 2486.197000ms
[2025-01-31 16:16:57.430310] INFO: Receive loop #2 received 16384 bytes in 0.060000ms
[2025-01-31 16:16:58.657727] INFO: Receive loop #3 received 16384 bytes in 0.082000ms
[2025-01-31 16:16:59.976808] INFO: Receive loop #4 received 16384 bytes in 0.114000ms
[2025-01-31 16:17:00.843301] INFO: Receive loop #5 received 16384 bytes in 0.028000ms
[2025-01-31 16:17:02.303612] INFO: Receive loop #6 received 16384 bytes in 0.034000ms
[2025-01-31 16:17:03.468884] INFO: Receive loop #7 received 16384 bytes in 0.010000ms
[2025-01-31 16:17:05.267626] INFO: Receive loop #8 received 16384 bytes in 0.273000ms
[2025-01-31 16:17:07.156330] INFO: Receive loop #9 received 16384 bytes in 0.030000ms
[2025-01-31 16:17:08.431390] INFO: Receive loop #10 received 16384 bytes in 0.037000ms
[2025-01-31 16:17:09.620044] INFO: Receive loop #11 received 16384 bytes in 0.036000ms
[2025-01-31 16:17:11.186146] INFO: Receive loop #12 received 7665 bytes in 0.010000ms
[2025-01-31 16:17:12.642359] INFO: Response received in 19027.960000ms
[2025-01-31 16:17:13.271259] INFO: File saved in 0.093000ms
[2025-01-31 16:17:14.673266] INFO: File saved to: /home/vc/kurotaka/objects/temp_51
[2025-01-31 16:17:16.258353] INFO: Execution permission granted to: /home/vc/kurotaka/objects/temp_51
[2025-01-31 16:17:17.017412] INFO: Executing command: /home/vc/kurotaka/objects/temp_51 207 256 1
[2025-01-31 16:17:27.571359] INFO: Command executed in 9162.372000ms
[2025-01-31 16:17:29.616423] INFO: Result saved to: /home/vc/kurotaka/results/result_51
[2025-01-31 16:17:31.527006] INFO: Second connection established in 0.183000ms
[2025-01-31 16:17:33.499821] INFO: Sending result upload request
[2025-01-31 16:17:34.924968] INFO: Second request sent in 0.026000ms
[2025-01-31 16:17:36.900607] INFO: Result uploaded in 0.059000ms
[2025-01-31 16:17:38.138273] INFO: Process completed successfully. Total execution time in 1m 1058.094000ms

