
[2025-01-30 12:30:02.579385] INFO: Process started with ID: 39
[2025-01-30 12:30:04.944434] INFO: First connection established in 0.155000ms
[2025-01-30 12:30:05.977478] INFO: Sending request: GET /http_server/send-object.php?ID=39 HTTP/1.1
Host: 192.168.100.3
Connection: close


[2025-01-30 12:30:07.043532] INFO: First request sent in 0.041000ms
[2025-01-30 12:30:08.221124] INFO: Time from request to first response in 0.031000ms
[2025-01-30 12:30:09.212169] INFO: Received headers - MPI-Rank: 228, Group-ID: 1, Job-ID: 1, Sub-Job-ID: 229, Rank-Count: 256
[2025-01-30 12:30:10.379926] INFO: Receive loop #1 received 16384 bytes in 2191.983000ms
[2025-01-30 12:30:11.977094] INFO: Receive loop #2 received 16384 bytes in 0.062000ms
[2025-01-30 12:30:13.768442] INFO: Receive loop #3 received 16384 bytes in 0.106000ms
[2025-01-30 12:30:15.052437] INFO: Receive loop #4 received 16384 bytes in 0.125000ms
[2025-01-30 12:30:17.033414] INFO: Receive loop #5 received 16384 bytes in 0.004000ms
[2025-01-30 12:30:18.626399] INFO: Receive loop #6 received 16384 bytes in 0.030000ms
[2025-01-30 12:30:19.882024] INFO: Receive loop #7 received 16384 bytes in 0.030000ms
[2025-01-30 12:30:21.343803] INFO: Receive loop #8 received 16384 bytes in 0.050000ms
[2025-01-30 12:30:22.665600] INFO: Receive loop #9 received 16384 bytes in 0.008000ms
[2025-01-30 12:30:23.510350] INFO: Receive loop #10 received 16384 bytes in 0.006000ms
[2025-01-30 12:30:24.903260] INFO: Receive loop #11 received 16384 bytes in 0.039000ms
[2025-01-30 12:30:25.899506] INFO: Receive loop #12 received 7665 bytes in 0.019000ms
[2025-01-30 12:30:26.796210] INFO: Response received in 18460.716000ms
[2025-01-30 12:30:27.140450] INFO: File saved in 0.126000ms
[2025-01-30 12:30:27.514907] INFO: File saved to: /home/vc/kurotaka/objects/temp_39
[2025-01-30 12:30:28.306786] INFO: Execution permission granted to: /home/vc/kurotaka/objects/temp_39
[2025-01-30 12:30:29.207026] INFO: Executing command: /home/vc/kurotaka/objects/temp_39 228 256
[2025-01-30 12:30:36.853125] INFO: Command executed in 6058.408000ms
[2025-01-30 12:30:38.422948] INFO: Result saved to: /home/vc/kurotaka/results/result_39
[2025-01-30 12:30:40.658443] INFO: Second connection established in 0.223000ms
[2025-01-30 12:30:42.314709] INFO: Sending result upload request
[2025-01-30 12:30:44.167417] INFO: Second request sent in 0.019000ms
[2025-01-30 12:30:45.933705] INFO: Result uploaded in 0.056000ms
[2025-01-30 12:30:47.196092] INFO: Process completed successfully. Total execution time in 57512.858000ms

