
[2025-01-30 12:29:52.156036] INFO: Process started with ID: 22
[2025-01-30 12:29:52.865812] INFO: First connection established in 0.261000ms
[2025-01-30 12:29:54.019049] INFO: Sending request: GET /http_server/send-object.php?ID=22 HTTP/1.1
Host: 192.168.100.3
Connection: close


[2025-01-30 12:29:54.991756] INFO: First request sent in 0.035000ms
[2025-01-30 12:29:55.682511] INFO: Time from request to first response in 0.030000ms
[2025-01-30 12:29:56.254360] INFO: Received headers - MPI-Rank: 92, Group-ID: 1, Job-ID: 1, Sub-Job-ID: 93, Rank-Count: 256
[2025-01-30 12:29:57.148144] INFO: Receive loop #1 received 16384 bytes in 1256.478000ms
[2025-01-30 12:29:58.100076] INFO: Receive loop #2 received 16384 bytes in 0.059000ms
[2025-01-30 12:29:58.952617] INFO: Receive loop #3 received 16384 bytes in 0.085000ms
[2025-01-30 12:30:00.006184] INFO: Receive loop #4 received 16384 bytes in 0.110000ms
[2025-01-30 12:30:02.051716] INFO: Receive loop #5 received 16384 bytes in 0.035000ms
[2025-01-30 12:30:03.590020] INFO: Receive loop #6 received 16384 bytes in 0.035000ms
[2025-01-30 12:30:05.498824] INFO: Receive loop #7 received 16384 bytes in 0.028000ms
[2025-01-30 12:30:06.480406] INFO: Receive loop #8 received 16384 bytes in 0.257000ms
[2025-01-30 12:30:07.691150] INFO: Receive loop #9 received 16384 bytes in 0.029000ms
[2025-01-30 12:30:08.737147] INFO: Receive loop #10 received 16384 bytes in 0.029000ms
[2025-01-30 12:30:09.909136] INFO: Receive loop #11 received 16384 bytes in 0.025000ms
[2025-01-30 12:30:11.100352] INFO: Receive loop #12 received 7663 bytes in 0.003000ms
[2025-01-30 12:30:12.961301] INFO: Response received in 17112.793000ms
[2025-01-30 12:30:14.182660] INFO: File saved in 0.109000ms
[2025-01-30 12:30:15.438976] INFO: File saved to: /home/vc/kurotaka/objects/temp_22
[2025-01-30 12:30:18.259829] INFO: Execution permission granted to: /home/vc/kurotaka/objects/temp_22
[2025-01-30 12:30:19.233103] INFO: Executing command: /home/vc/kurotaka/objects/temp_22 92 256
[2025-01-30 12:30:35.620488] INFO: Command executed in 15425.135000ms
[2025-01-30 12:30:37.697136] INFO: Result saved to: /home/vc/kurotaka/results/result_22
[2025-01-30 12:30:39.072277] INFO: Second connection established in 0.226000ms
[2025-01-30 12:30:41.214052] INFO: Sending result upload request
[2025-01-30 12:30:43.286479] INFO: Second request sent in 0.030000ms
[2025-01-30 12:30:45.006030] INFO: Result uploaded in 0.056000ms
[2025-01-30 12:30:46.513094] INFO: Process completed successfully. Total execution time in 56733.637000ms

