
[2025-01-30 12:29:55.502060] INFO: Process started with ID: 166
[2025-01-30 12:29:56.132678] INFO: First connection established in 0.298000ms
[2025-01-30 12:29:56.905147] INFO: Sending request: GET /http_server/send-object.php?ID=166 HTTP/1.1
Host: 192.168.100.3
Connection: close


[2025-01-30 12:29:58.011734] INFO: First request sent in 0.035000ms
[2025-01-30 12:29:58.796957] INFO: Time from request to first response in 0.029000ms
[2025-01-30 12:29:59.819557] INFO: Received headers - MPI-Rank: 143, Group-ID: 1, Job-ID: 1, Sub-Job-ID: 144, Rank-Count: 256
[2025-01-30 12:30:01.596465] INFO: Receive loop #1 received 16384 bytes in 2213.053000ms
[2025-01-30 12:30:03.171347] INFO: Receive loop #2 received 16384 bytes in 0.059000ms
[2025-01-30 12:30:05.271471] INFO: Receive loop #3 received 16384 bytes in 0.078000ms
[2025-01-30 12:30:06.342964] INFO: Receive loop #4 received 16384 bytes in 0.055000ms
[2025-01-30 12:30:07.407813] INFO: Receive loop #5 received 16384 bytes in 0.029000ms
[2025-01-30 12:30:08.505370] INFO: Receive loop #6 received 16384 bytes in 0.030000ms
[2025-01-30 12:30:09.521061] INFO: Receive loop #7 received 16384 bytes in 0.029000ms
[2025-01-30 12:30:10.638507] INFO: Receive loop #8 received 16384 bytes in 0.253000ms
[2025-01-30 12:30:12.905730] INFO: Receive loop #9 received 16384 bytes in 0.031000ms
[2025-01-30 12:30:14.137338] INFO: Receive loop #10 received 16384 bytes in 0.086000ms
[2025-01-30 12:30:15.467496] INFO: Receive loop #11 received 16384 bytes in 0.038000ms
[2025-01-30 12:30:17.358378] INFO: Receive loop #12 received 7665 bytes in 0.016000ms
[2025-01-30 12:30:19.122200] INFO: Response received in 19729.563000ms
[2025-01-30 12:30:20.277222] INFO: File saved in 0.461000ms
[2025-01-30 12:30:21.583586] INFO: File saved to: /home/vc/kurotaka/objects/temp_166
[2025-01-30 12:30:23.398815] INFO: Execution permission granted to: /home/vc/kurotaka/objects/temp_166
[2025-01-30 12:30:24.672973] INFO: Executing command: /home/vc/kurotaka/objects/temp_166 143 256
[2025-01-30 12:30:32.999737] INFO: Command executed in 7722.616000ms
[2025-01-30 12:30:33.792294] INFO: Result saved to: /home/vc/kurotaka/results/result_166
[2025-01-30 12:30:36.094570] INFO: Second connection established in 0.165000ms
[2025-01-30 12:30:38.093725] INFO: Sending result upload request
[2025-01-30 12:30:40.022475] INFO: Second request sent in 0.025000ms
[2025-01-30 12:30:41.816636] INFO: Result uploaded in 0.053000ms
[2025-01-30 12:30:43.754273] INFO: Process completed successfully. Total execution time in 54073.844000ms

