
[2025-01-30 12:29:50.070255] INFO: Process started with ID: 209
[2025-01-30 12:29:50.688538] INFO: First connection established in 0.258000ms
[2025-01-30 12:29:51.675079] INFO: Sending request: GET /http_server/send-object.php?ID=209 HTTP/1.1
Host: 192.168.100.3
Connection: close


[2025-01-30 12:29:52.267206] INFO: First request sent in 0.006000ms
[2025-01-30 12:29:52.984120] INFO: Time from request to first response in 0.023000ms
[2025-01-30 12:29:54.200773] INFO: Received headers - MPI-Rank: 48, Group-ID: 1, Job-ID: 1, Sub-Job-ID: 49, Rank-Count: 256
[2025-01-30 12:29:55.066493] INFO: Receive loop #1 received 16384 bytes in 2165.954000ms
[2025-01-30 12:29:55.726669] INFO: Receive loop #2 received 16384 bytes in 0.060000ms
[2025-01-30 12:29:56.327174] INFO: Receive loop #3 received 16384 bytes in 0.077000ms
[2025-01-30 12:29:57.244996] INFO: Receive loop #4 received 16384 bytes in 0.107000ms
[2025-01-30 12:29:58.151193] INFO: Receive loop #5 received 16384 bytes in 0.026000ms
[2025-01-30 12:29:59.003677] INFO: Receive loop #6 received 16384 bytes in 0.027000ms
[2025-01-30 12:29:59.956076] INFO: Receive loop #7 received 16384 bytes in 0.038000ms
[2025-01-30 12:30:02.001589] INFO: Receive loop #8 received 16384 bytes in 0.305000ms
[2025-01-30 12:30:03.388079] INFO: Receive loop #9 received 16384 bytes in 0.031000ms
[2025-01-30 12:30:05.407428] INFO: Receive loop #10 received 16384 bytes in 0.013000ms
[2025-01-30 12:30:06.466726] INFO: Receive loop #11 received 16384 bytes in 0.029000ms
[2025-01-30 12:30:07.604023] INFO: Receive loop #12 received 7663 bytes in 0.019000ms
[2025-01-30 12:30:08.610883] INFO: Response received in 15726.211000ms
[2025-01-30 12:30:09.789557] INFO: File saved in 0.522000ms
[2025-01-30 12:30:10.995735] INFO: File saved to: /home/vc/kurotaka/objects/temp_209
[2025-01-30 12:30:14.114585] INFO: Execution permission granted to: /home/vc/kurotaka/objects/temp_209
[2025-01-30 12:30:15.403230] INFO: Executing command: /home/vc/kurotaka/objects/temp_209 48 256
[2025-01-30 12:30:33.605244] INFO: Command executed in 15989.615000ms
[2025-01-30 12:30:35.360617] INFO: Result saved to: /home/vc/kurotaka/results/result_209
[2025-01-30 12:30:37.612219] INFO: Second connection established in 0.291000ms
[2025-01-30 12:30:38.909766] INFO: Sending result upload request
[2025-01-30 12:30:41.150181] INFO: Second request sent in 0.031000ms
[2025-01-30 12:30:42.994042] INFO: Result uploaded in 0.054000ms
[2025-01-30 12:30:44.622302] INFO: Process completed successfully. Total execution time in 54830.513000ms

