
[2025-01-30 12:30:05.498794] INFO: Process started with ID: 225
[2025-01-30 12:30:06.529466] INFO: First connection established in 0.173000ms
[2025-01-30 12:30:07.691163] INFO: Sending request: GET /http_server/send-object.php?ID=225 HTTP/1.1
Host: 192.168.100.3
Connection: close


[2025-01-30 12:30:08.710816] INFO: First request sent in 0.037000ms
[2025-01-30 12:30:09.861332] INFO: Time from request to first response in 0.036000ms
[2025-01-30 12:30:11.100325] INFO: Received headers - MPI-Rank: 247, Group-ID: 1, Job-ID: 1, Sub-Job-ID: 248, Rank-Count: 256
[2025-01-30 12:30:13.414680] INFO: Receive loop #1 received 16384 bytes in 3220.048000ms
[2025-01-30 12:30:14.156794] INFO: Receive loop #2 received 16384 bytes in 0.064000ms
[2025-01-30 12:30:15.568198] INFO: Receive loop #3 received 16384 bytes in 0.076000ms
[2025-01-30 12:30:18.226050] INFO: Receive loop #4 received 16384 bytes in 0.027000ms
[2025-01-30 12:30:19.703912] INFO: Receive loop #5 received 16384 bytes in 0.033000ms
[2025-01-30 12:30:21.343649] INFO: Receive loop #6 received 16384 bytes in 0.029000ms
[2025-01-30 12:30:22.682165] INFO: Receive loop #7 received 16384 bytes in 0.012000ms
[2025-01-30 12:30:23.921383] INFO: Receive loop #8 received 16384 bytes in 0.246000ms
[2025-01-30 12:30:25.109413] INFO: Receive loop #9 received 16384 bytes in 0.028000ms
[2025-01-30 12:30:25.977765] INFO: Receive loop #10 received 16384 bytes in 0.028000ms
[2025-01-30 12:30:26.871696] INFO: Receive loop #11 received 16384 bytes in 0.005000ms
[2025-01-30 12:30:27.306476] INFO: Receive loop #12 received 7665 bytes in 0.004000ms
[2025-01-30 12:30:27.879508] INFO: Response received in 18079.280000ms
[2025-01-30 12:30:28.621835] INFO: File saved in 0.095000ms
[2025-01-30 12:30:30.167605] INFO: File saved to: /home/vc/kurotaka/objects/temp_225
[2025-01-30 12:30:31.131607] INFO: Execution permission granted to: /home/vc/kurotaka/objects/temp_225
[2025-01-30 12:30:31.152761] INFO: Executing command: /home/vc/kurotaka/objects/temp_225 247 256
[2025-01-30 12:30:34.366364] INFO: Command executed in 2608.227000ms
[2025-01-30 12:30:36.689131] INFO: Result saved to: /home/vc/kurotaka/results/result_225
[2025-01-30 12:30:38.365646] INFO: Second connection established in 0.160000ms
[2025-01-30 12:30:40.611405] INFO: Sending result upload request
[2025-01-30 12:30:42.173809] INFO: Second request sent in 0.026000ms
[2025-01-30 12:30:44.005675] INFO: Result uploaded in 0.053000ms
[2025-01-30 12:30:45.900712] INFO: Process completed successfully. Total execution time in 56100.116000ms

