
[2025-01-30 12:29:58.230640] INFO: Process started with ID: 149
[2025-01-30 12:29:59.151721] INFO: First connection established in 0.237000ms
[2025-01-30 12:30:00.253584] INFO: Sending request: GET /http_server/send-object.php?ID=149 HTTP/1.1
Host: 192.168.100.3
Connection: close


[2025-01-30 12:30:02.274841] INFO: First request sent in 0.034000ms
[2025-01-30 12:30:03.979885] INFO: Time from request to first response in 0.031000ms
[2025-01-30 12:30:05.710380] INFO: Received headers - MPI-Rank: 186, Group-ID: 1, Job-ID: 1, Sub-Job-ID: 187, Rank-Count: 256
[2025-01-30 12:30:06.670136] INFO: Receive loop #1 received 16384 bytes in 3137.870000ms
[2025-01-30 12:30:07.873095] INFO: Receive loop #2 received 16384 bytes in 0.062000ms
[2025-01-30 12:30:08.867847] INFO: Receive loop #3 received 16384 bytes in 0.076000ms
[2025-01-30 12:30:09.953672] INFO: Receive loop #4 received 16384 bytes in 0.134000ms
[2025-01-30 12:30:11.100165] INFO: Receive loop #5 received 16384 bytes in 0.029000ms
[2025-01-30 12:30:12.906278] INFO: Receive loop #6 received 16384 bytes in 0.030000ms
[2025-01-30 12:30:14.139214] INFO: Receive loop #7 received 16384 bytes in 0.009000ms
[2025-01-30 12:30:15.468188] INFO: Receive loop #8 received 16384 bytes in 0.254000ms
[2025-01-30 12:30:17.376003] INFO: Receive loop #9 received 16384 bytes in 0.023000ms
[2025-01-30 12:30:19.172546] INFO: Receive loop #10 received 16384 bytes in 0.026000ms
[2025-01-30 12:30:20.699501] INFO: Receive loop #11 received 16384 bytes in 0.046000ms
[2025-01-30 12:30:21.935784] INFO: Receive loop #12 received 7665 bytes in 0.021000ms
[2025-01-30 12:30:22.842703] INFO: Response received in 19335.486000ms
[2025-01-30 12:30:24.465431] INFO: File saved in 0.568000ms
[2025-01-30 12:30:25.218731] INFO: File saved to: /home/vc/kurotaka/objects/temp_149
[2025-01-30 12:30:26.772465] INFO: Execution permission granted to: /home/vc/kurotaka/objects/temp_149
[2025-01-30 12:30:27.052486] INFO: Executing command: /home/vc/kurotaka/objects/temp_149 186 256
[2025-01-30 12:30:32.965158] INFO: Command executed in 5581.790000ms
[2025-01-30 12:30:33.624299] INFO: Result saved to: /home/vc/kurotaka/results/result_149
[2025-01-30 12:30:35.732140] INFO: Second connection established in 0.230000ms
[2025-01-30 12:30:37.869712] INFO: Sending result upload request
[2025-01-30 12:30:39.494541] INFO: Second request sent in 0.026000ms
[2025-01-30 12:30:41.446286] INFO: Result uploaded in 0.059000ms
[2025-01-30 12:30:43.436259] INFO: Process completed successfully. Total execution time in 53593.841000ms

