
[2025-01-30 12:29:51.178401] INFO: Process started with ID: 237
[2025-01-30 12:29:52.071906] INFO: First connection established in 0.218000ms
[2025-01-30 12:29:52.613804] INFO: Sending request: GET /http_server/send-object.php?ID=237 HTTP/1.1
Host: 192.168.100.3
Connection: close


[2025-01-30 12:29:53.753267] INFO: First request sent in 0.034000ms
[2025-01-30 12:29:54.780337] INFO: Time from request to first response in 0.006000ms
[2025-01-30 12:29:55.520753] INFO: Received headers - MPI-Rank: 76, Group-ID: 1, Job-ID: 1, Sub-Job-ID: 77, Rank-Count: 256
[2025-01-30 12:29:56.168363] INFO: Receive loop #1 received 16384 bytes in 1351.271000ms
[2025-01-30 12:29:56.940096] INFO: Receive loop #2 received 16384 bytes in 0.064000ms
[2025-01-30 12:29:57.966457] INFO: Receive loop #3 received 16384 bytes in 0.083000ms
[2025-01-30 12:29:58.797046] INFO: Receive loop #4 received 16384 bytes in 0.110000ms
[2025-01-30 12:29:59.739709] INFO: Receive loop #5 received 16384 bytes in 0.028000ms
[2025-01-30 12:30:01.596727] INFO: Receive loop #6 received 16384 bytes in 0.031000ms
[2025-01-30 12:30:03.101384] INFO: Receive loop #7 received 16384 bytes in 0.029000ms
[2025-01-30 12:30:05.271762] INFO: Receive loop #8 received 16384 bytes in 0.330000ms
[2025-01-30 12:30:06.343313] INFO: Receive loop #9 received 16384 bytes in 0.031000ms
[2025-01-30 12:30:07.440831] INFO: Receive loop #10 received 16384 bytes in 0.030000ms
[2025-01-30 12:30:08.482238] INFO: Receive loop #11 received 16384 bytes in 0.028000ms
[2025-01-30 12:30:09.521340] INFO: Receive loop #12 received 7663 bytes in 0.016000ms
[2025-01-30 12:30:10.700285] INFO: Response received in 15644.455000ms
[2025-01-30 12:30:12.904431] INFO: File saved in 0.459000ms
[2025-01-30 12:30:14.135695] INFO: File saved to: /home/vc/kurotaka/objects/temp_237
[2025-01-30 12:30:16.957131] INFO: Execution permission granted to: /home/vc/kurotaka/objects/temp_237
[2025-01-30 12:30:18.298662] INFO: Executing command: /home/vc/kurotaka/objects/temp_237 76 256
[2025-01-30 12:30:34.698771] INFO: Command executed in 14804.269000ms
[2025-01-30 12:30:37.018204] INFO: Result saved to: /home/vc/kurotaka/results/result_237
[2025-01-30 12:30:38.525000] INFO: Second connection established in 0.256000ms
[2025-01-30 12:30:40.880332] INFO: Sending result upload request
[2025-01-30 12:30:42.383405] INFO: Second request sent in 0.029000ms
[2025-01-30 12:30:44.204864] INFO: Result uploaded in 0.052000ms
[2025-01-30 12:30:45.969323] INFO: Process completed successfully. Total execution time in 56241.979000ms

