
[2025-01-31 17:05:47] Program started at 2025-01-31 17:05:47.8513
[2025-01-31 17:05:47] [getClientID] MySQL connection established. Execution time: 0.736 ms
[2025-01-31 17:05:47] [getClientID] SELECT table_name FROM table_registry WHERE id = :job_id / Execution time: 0.380 ms
[2025-01-31 17:05:47] [getClientID] SELECT client FROM `matrix` WHERE id = :sub_job_id / Execution time: 0.188 ms
[2025-01-31 17:05:47] getClientID completed. Execution time: 1.412 ms
[2025-01-31 17:05:47] Read file completed. Execution time: 0.012 ms
[2025-01-31 17:05:47] File saved successfully: uploads/job_1/group_1/result_5
[2025-01-31 17:05:47] [updateStatus] MySQL connection established. Execution time: 0.096 ms
[2025-01-31 17:05:47] [updateStatus] SELECT table_name FROM table_registry WHERE id = :job_id FOR UPDATE / Execution time: 0.197 ms
[2025-01-31 17:05:47] [updateStatus] UPDATE `matrix` SET status = :status WHERE id = :sub_job_id / Execution time: 0.212 ms
[2025-01-31 17:05:47] [updateStatus] SELECT COUNT_RECORDS FROM `matrix` / Execution time: 0.259 ms
[2025-01-31 17:05:47] [updateStatus] UPDATE table_registry SET status = :status WHERE id = :job_id / Execution time: 0.164 ms
[2025-01-31 17:05:47] updateStatus completed. Execution time: 22.176 ms
[2025-01-31 17:05:47] Write file completed. Execution time: 22.465 ms
[2025-01-31 17:05:47] [getGroupStatus] MySQL connection established. Execution time: 0.084 ms
[2025-01-31 17:05:47] [getGroupStatus] SELECT table_name FROM table_registry WHERE id = :job_id / Execution time: 0.300 ms
[2025-01-31 17:05:47] [getGroupStatus] SELECT status FROM `matrix` WHERE group_id = :group_id / Execution time: 0.268 ms
[2025-01-31 17:05:47] getGroupStatus completed. Execution time: 0.871 ms
[2025-01-31 17:05:47] Merge request completed. Execution time (not actual merge.php execution time, but just request): 4.872 ms
[2025-01-31 17:05:47] Program completed. Total execution time: 32.803 ms

