
[2025-01-31 17:52:54.881086] INFO: Process started with ID: 114
[2025-01-31 17:52:55.093494] INFO: First connection established in 0.211000ms
[2025-01-31 17:52:55.467198] INFO: Sending request: GET /http_server/send-object.php?ID=114 HTTP/1.1
Host: 192.168.100.3
Connection: close


[2025-01-31 17:52:55.976599] INFO: First request sent in 0.033000ms
[2025-01-31 17:52:56.497940] INFO: Time from request to first response in 0.030000ms
[2025-01-31 17:52:56.975230] INFO: Received headers - MPI-Rank: 29, Group-ID: 1, Job-ID: 1, Sub-Job-ID: 30, Rank-Count: 128
[2025-01-31 17:52:57.696095] INFO: Receive loop #1 received 16384 bytes in 1091.461000ms
[2025-01-31 17:52:58.585237] INFO: Receive loop #2 received 16384 bytes in 0.080000ms
[2025-01-31 17:52:59.182322] INFO: Receive loop #3 received 16384 bytes in 0.075000ms
[2025-01-31 17:53:00.123785] INFO: Receive loop #4 received 16384 bytes in 0.132000ms
[2025-01-31 17:53:00.824705] INFO: Receive loop #5 received 16384 bytes in 0.035000ms
[2025-01-31 17:53:01.536953] INFO: Receive loop #6 received 16384 bytes in 0.035000ms
[2025-01-31 17:53:02.237495] INFO: Receive loop #7 received 16384 bytes in 0.034000ms
[2025-01-31 17:53:02.961805] INFO: Receive loop #8 received 16384 bytes in 0.254000ms
[2025-01-31 17:53:03.427169] INFO: Receive loop #9 received 16384 bytes in 0.035000ms
[2025-01-31 17:53:04.031600] INFO: Receive loop #10 received 16384 bytes in 0.035000ms
[2025-01-31 17:53:04.690645] INFO: Receive loop #11 received 16384 bytes in 0.028000ms
[2025-01-31 17:53:05.764345] INFO: Receive loop #12 received 7663 bytes in 0.018000ms
[2025-01-31 17:53:06.441225] INFO: Response received in 9928.201000ms
[2025-01-31 17:53:07.155083] INFO: File saved in 0.527000ms
[2025-01-31 17:53:08.085849] INFO: File saved to: /home/vc/kurotaka/objects/temp_114
[2025-01-31 17:53:08.809217] INFO: Execution permission granted to: /home/vc/kurotaka/objects/temp_114
[2025-01-31 17:53:09.561151] INFO: Executing command: /home/vc/kurotaka/objects/temp_114 29 128 1
[2025-01-31 17:53:15.142751] INFO: Command executed in 4944.865000ms
[2025-01-31 17:53:16.194894] INFO: Result saved to: /home/vc/kurotaka/results/result_114
[2025-01-31 17:53:17.056727] INFO: Second connection established in 0.198000ms
[2025-01-31 17:53:17.700714] INFO: Sending result upload request
[2025-01-31 17:53:18.789322] INFO: Second request sent in 0.026000ms
[2025-01-31 17:53:20.119020] INFO: Result uploaded in 0.053000ms
[2025-01-31 17:53:20.635939] INFO: Process completed successfully. Total execution time in 25762.462000ms

