
[2025-01-31 17:52:55.396701] INFO: Process started with ID: 3
[2025-01-31 17:52:55.873416] INFO: First connection established in 0.157000ms
[2025-01-31 17:52:56.475536] INFO: Sending request: GET /http_server/send-object.php?ID=3 HTTP/1.1
Host: 192.168.100.3
Connection: close


[2025-01-31 17:52:56.895186] INFO: First request sent in 0.008000ms
[2025-01-31 17:52:57.621391] INFO: Time from request to first response in 0.035000ms
[2025-01-31 17:52:58.517240] INFO: Received headers - MPI-Rank: 57, Group-ID: 1, Job-ID: 1, Sub-Job-ID: 58, Rank-Count: 128
[2025-01-31 17:52:59.077959] INFO: Receive loop #1 received 16384 bytes in 1537.642000ms
[2025-01-31 17:52:59.855967] INFO: Receive loop #2 received 16384 bytes in 0.073000ms
[2025-01-31 17:53:00.642119] INFO: Receive loop #3 received 16384 bytes in 0.100000ms
[2025-01-31 17:53:01.294272] INFO: Receive loop #4 received 16384 bytes in 0.138000ms
[2025-01-31 17:53:02.073900] INFO: Receive loop #5 received 16384 bytes in 0.035000ms
[2025-01-31 17:53:02.679159] INFO: Receive loop #6 received 16384 bytes in 0.029000ms
[2025-01-31 17:53:03.256471] INFO: Receive loop #7 received 16384 bytes in 0.029000ms
[2025-01-31 17:53:03.919200] INFO: Receive loop #8 received 16384 bytes in 0.250000ms
[2025-01-31 17:53:04.665084] INFO: Receive loop #9 received 16384 bytes in 0.030000ms
[2025-01-31 17:53:05.569684] INFO: Receive loop #10 received 16384 bytes in 0.027000ms
[2025-01-31 17:53:06.401110] INFO: Receive loop #11 received 16384 bytes in 0.034000ms
[2025-01-31 17:53:07.061577] INFO: Receive loop #12 received 7663 bytes in 0.018000ms
[2025-01-31 17:53:07.896199] INFO: Response received in 10272.415000ms
[2025-01-31 17:53:08.702766] INFO: File saved in 0.441000ms
[2025-01-31 17:53:09.561248] INFO: File saved to: /home/vc/kurotaka/objects/temp_3
[2025-01-31 17:53:10.707253] INFO: Execution permission granted to: /home/vc/kurotaka/objects/temp_3
[2025-01-31 17:53:11.064589] INFO: Executing command: /home/vc/kurotaka/objects/temp_3 57 128 1
[2025-01-31 17:53:16.851518] INFO: Command executed in 5276.854000ms
[2025-01-31 17:53:17.412496] INFO: Result saved to: /home/vc/kurotaka/results/result_3
[2025-01-31 17:53:18.408355] INFO: Second connection established in 0.292000ms
[2025-01-31 17:53:19.688358] INFO: Sending result upload request
[2025-01-31 17:53:20.466004] INFO: Second request sent in 0.024000ms
[2025-01-31 17:53:21.281860] INFO: Result uploaded in 0.059000ms
[2025-01-31 17:53:22.497588] INFO: Process completed successfully. Total execution time in 27415.070000ms

