
[2025-01-31 16:55:22.107615] INFO: Process started with ID: 351
[2025-01-31 16:55:24.025792] INFO: First connection established in 0.207000ms
[2025-01-31 16:55:25.593114] INFO: Sending request: GET /http_server/send-object.php?ID=351 HTTP/1.1
Host: 192.168.100.3
Connection: close


[2025-01-31 16:55:27.179727] INFO: First request sent in 0.029000ms
[2025-01-31 16:55:28.681981] INFO: Time from request to first response in 0.008000ms
[2025-01-31 16:55:30.558381] INFO: Received headers - MPI-Rank: 298, Group-ID: 1, Job-ID: 1, Sub-Job-ID: 299, Rank-Count: 512
[2025-01-31 16:55:32.751691] INFO: Receive loop #1 received 16384 bytes in 4258.194000ms
[2025-01-31 16:55:34.981522] INFO: Receive loop #2 received 16384 bytes in 0.065000ms
[2025-01-31 16:55:37.421270] INFO: Receive loop #3 received 16384 bytes in 0.100000ms
[2025-01-31 16:55:39.465816] INFO: Receive loop #4 received 16384 bytes in 0.158000ms
[2025-01-31 16:55:41.585251] INFO: Receive loop #5 received 16384 bytes in 0.018000ms
[2025-01-31 16:55:43.817716] INFO: Receive loop #6 received 16384 bytes in 0.029000ms
[2025-01-31 16:55:45.748260] INFO: Receive loop #7 received 16384 bytes in 0.041000ms
[2025-01-31 16:55:47.915255] INFO: Receive loop #8 received 16384 bytes in 0.063000ms
[2025-01-31 16:55:49.769827] INFO: Receive loop #9 received 16384 bytes in 0.032000ms
[2025-01-31 16:55:51.566339] INFO: Receive loop #10 received 16384 bytes in 0.032000ms
[2025-01-31 16:55:53.124083] INFO: Receive loop #11 received 16384 bytes in 0.029000ms
[2025-01-31 16:55:55.332463] INFO: Receive loop #12 received 7665 bytes in 0.019000ms
[2025-01-31 16:55:56.806037] INFO: Response received in 28233.987000ms
[2025-01-31 16:55:58.750266] INFO: File saved in 0.464000ms
[2025-01-31 16:56:00.585668] INFO: File saved to: /home/vc/kurotaka/objects/temp_351
[2025-01-31 16:56:02.844536] INFO: Execution permission granted to: /home/vc/kurotaka/objects/temp_351
[2025-01-31 16:56:04.197728] INFO: Executing command: /home/vc/kurotaka/objects/temp_351 298 512 1
[2025-01-31 16:56:47.836871] INFO: Command executed in 41742.343000ms
[2025-01-31 16:56:50.800015] INFO: Result saved to: /home/vc/kurotaka/results/result_351
[2025-01-31 16:56:54.557304] INFO: Second connection established in 0.310000ms
[2025-01-31 16:56:58.057223] INFO: Sending result upload request
[2025-01-31 16:57:02.446674] INFO: Second request sent in 0.027000ms
[2025-01-31 16:57:07.636734] INFO: Result uploaded in 0.060000ms
[2025-01-31 16:57:11.654549] INFO: Process completed successfully. Total execution time in 2m 10686.025000ms

