
[2025-01-31 16:55:40.042588] INFO: Process started with ID: 200
[2025-01-31 16:55:42.825372] INFO: First connection established in 0.227000ms
[2025-01-31 16:55:44.258038] INFO: Sending request: GET /http_server/send-object.php?ID=200 HTTP/1.1
Host: 192.168.100.3
Connection: close


[2025-01-31 16:55:46.299110] INFO: First request sent in 0.034000ms
[2025-01-31 16:55:48.199958] INFO: Time from request to first response in 0.037000ms
[2025-01-31 16:55:49.874785] INFO: Received headers - MPI-Rank: 414, Group-ID: 1, Job-ID: 1, Sub-Job-ID: 415, Rank-Count: 512
[2025-01-31 16:55:51.590339] INFO: Receive loop #1 received 16384 bytes in 3397.164000ms
[2025-01-31 16:55:53.198657] INFO: Receive loop #2 received 16384 bytes in 0.068000ms
[2025-01-31 16:55:55.987062] INFO: Receive loop #3 received 16384 bytes in 0.097000ms
[2025-01-31 16:55:58.239407] INFO: Receive loop #4 received 16384 bytes in 0.141000ms
[2025-01-31 16:56:00.043463] INFO: Receive loop #5 received 16384 bytes in 0.031000ms
[2025-01-31 16:56:01.393695] INFO: Receive loop #6 received 16384 bytes in 0.006000ms
[2025-01-31 16:56:03.198885] INFO: Receive loop #7 received 16384 bytes in 0.030000ms
[2025-01-31 16:56:04.513886] INFO: Receive loop #8 received 16384 bytes in 0.248000ms
[2025-01-31 16:56:06.454565] INFO: Receive loop #9 received 16384 bytes in 0.012000ms
[2025-01-31 16:56:08.654589] INFO: Receive loop #10 received 16384 bytes in 0.027000ms
[2025-01-31 16:56:10.626729] INFO: Receive loop #11 received 16384 bytes in 0.026000ms
[2025-01-31 16:56:12.276276] INFO: Receive loop #12 received 7665 bytes in 0.019000ms
[2025-01-31 16:56:13.842042] INFO: Response received in 25244.365000ms
[2025-01-31 16:56:15.514272] INFO: File saved in 0.105000ms
[2025-01-31 16:56:16.933922] INFO: File saved to: /home/vc/kurotaka/objects/temp_200
[2025-01-31 16:56:18.619690] INFO: Execution permission granted to: /home/vc/kurotaka/objects/temp_200
[2025-01-31 16:56:20.018359] INFO: Executing command: /home/vc/kurotaka/objects/temp_200 414 512 1
[2025-01-31 16:56:44.170764] INFO: Command executed in 23544.850000ms
[2025-01-31 16:56:45.095732] INFO: Result saved to: /home/vc/kurotaka/results/result_200
[2025-01-31 16:56:47.454470] INFO: Second connection established in 0.271000ms
[2025-01-31 16:56:50.645230] INFO: Sending result upload request
[2025-01-31 16:56:54.704911] INFO: Second request sent in 0.030000ms
[2025-01-31 16:56:58.542328] INFO: Result uploaded in 0.055000ms
[2025-01-31 16:57:03.631195] INFO: Process completed successfully. Total execution time in 2m 2630.948000ms

