
[2025-01-31 16:55:26.086541] INFO: Process started with ID: 204
[2025-01-31 16:55:27.686693] INFO: First connection established in 0.188000ms
[2025-01-31 16:55:30.172651] INFO: Sending request: GET /http_server/send-object.php?ID=204 HTTP/1.1
Host: 192.168.100.3
Connection: close


[2025-01-31 16:55:32.412720] INFO: First request sent in 0.025000ms
[2025-01-31 16:55:34.494924] INFO: Time from request to first response in 0.031000ms
[2025-01-31 16:55:36.833459] INFO: Received headers - MPI-Rank: 329, Group-ID: 1, Job-ID: 1, Sub-Job-ID: 330, Rank-Count: 512
[2025-01-31 16:55:38.590949] INFO: Receive loop #1 received 16384 bytes in 4246.543000ms
[2025-01-31 16:55:40.220445] INFO: Receive loop #2 received 16384 bytes in 0.012000ms
[2025-01-31 16:55:42.924081] INFO: Receive loop #3 received 16384 bytes in 0.088000ms
[2025-01-31 16:55:44.332975] INFO: Receive loop #4 received 16384 bytes in 0.112000ms
[2025-01-31 16:55:46.424934] INFO: Receive loop #5 received 16384 bytes in 0.030000ms
[2025-01-31 16:55:48.285084] INFO: Receive loop #6 received 16384 bytes in 0.030000ms
[2025-01-31 16:55:49.913491] INFO: Receive loop #7 received 16384 bytes in 0.030000ms
[2025-01-31 16:55:51.647161] INFO: Receive loop #8 received 16384 bytes in 0.265000ms
[2025-01-31 16:55:53.300809] INFO: Receive loop #9 received 16384 bytes in 0.032000ms
[2025-01-31 16:55:56.046488] INFO: Receive loop #10 received 16384 bytes in 0.005000ms
[2025-01-31 16:55:58.286617] INFO: Receive loop #11 received 16384 bytes in 0.034000ms
[2025-01-31 16:56:00.089326] INFO: Receive loop #12 received 7665 bytes in 0.004000ms
[2025-01-31 16:56:01.500473] INFO: Response received in 26847.060000ms
[2025-01-31 16:56:03.221636] INFO: File saved in 0.119000ms
[2025-01-31 16:56:04.598023] INFO: File saved to: /home/vc/kurotaka/objects/temp_204
[2025-01-31 16:56:07.312916] INFO: Execution permission granted to: /home/vc/kurotaka/objects/temp_204
[2025-01-31 16:56:09.418360] INFO: Executing command: /home/vc/kurotaka/objects/temp_204 329 512 1
[2025-01-31 16:56:43.800760] INFO: Command executed in 33687.514000ms
[2025-01-31 16:56:44.299218] INFO: Result saved to: /home/vc/kurotaka/results/result_204
[2025-01-31 16:56:45.328054] INFO: Second connection established in 0.812000ms
[2025-01-31 16:56:47.811824] INFO: Sending result upload request
[2025-01-31 16:56:51.175334] INFO: Second request sent in 0.025000ms
[2025-01-31 16:56:55.368636] INFO: Result uploaded in 0.056000ms
[2025-01-31 16:56:59.381355] INFO: Process completed successfully. Total execution time in 1m 58903.269000ms

