
[2025-01-31 16:55:09.966090] INFO: Process started with ID: 273
[2025-01-31 16:55:10.894441] INFO: First connection established in 0.189000ms
[2025-01-31 16:55:11.859116] INFO: Sending request: GET /http_server/send-object.php?ID=273 HTTP/1.1
Host: 192.168.100.3
Connection: close


[2025-01-31 16:55:12.905725] INFO: First request sent in 0.039000ms
[2025-01-31 16:55:13.946172] INFO: Time from request to first response in 0.034000ms
[2025-01-31 16:55:14.925027] INFO: Received headers - MPI-Rank: 190, Group-ID: 1, Job-ID: 1, Sub-Job-ID: 191, Rank-Count: 512
[2025-01-31 16:55:16.100488] INFO: Receive loop #1 received 16384 bytes in 2160.196000ms
[2025-01-31 16:55:18.294244] INFO: Receive loop #2 received 16384 bytes in 0.062000ms
[2025-01-31 16:55:20.892833] INFO: Receive loop #3 received 16384 bytes in 0.078000ms
[2025-01-31 16:55:22.948771] INFO: Receive loop #4 received 16384 bytes in 0.112000ms
[2025-01-31 16:55:24.631149] INFO: Receive loop #5 received 16384 bytes in 0.028000ms
[2025-01-31 16:55:26.011335] INFO: Receive loop #6 received 16384 bytes in 0.029000ms
[2025-01-31 16:55:27.551660] INFO: Receive loop #7 received 16384 bytes in 0.031000ms
[2025-01-31 16:55:29.310897] INFO: Receive loop #8 received 16384 bytes in 0.256000ms
[2025-01-31 16:55:32.385171] INFO: Receive loop #9 received 16384 bytes in 0.034000ms
[2025-01-31 16:55:34.495344] INFO: Receive loop #10 received 16384 bytes in 0.030000ms
[2025-01-31 16:55:36.942921] INFO: Receive loop #11 received 16384 bytes in 0.029000ms
[2025-01-31 16:55:38.718570] INFO: Receive loop #12 received 7665 bytes in 0.034000ms
[2025-01-31 16:55:40.398054] INFO: Response received in 26249.787000ms
[2025-01-31 16:55:43.186490] INFO: File saved in 0.519000ms
[2025-01-31 16:55:44.507825] INFO: File saved to: /home/vc/kurotaka/objects/temp_273
[2025-01-31 16:55:46.998677] INFO: Execution permission granted to: /home/vc/kurotaka/objects/temp_273
[2025-01-31 16:55:48.708871] INFO: Executing command: /home/vc/kurotaka/objects/temp_273 190 512 1
[2025-01-31 16:57:00.718541] INFO: Command executed in 1m 9059.893000ms
[2025-01-31 16:57:06.056517] INFO: Result saved to: /home/vc/kurotaka/results/result_273
[2025-01-31 16:57:09.974348] INFO: Second connection established in 0.108000ms
[2025-01-31 16:57:13.520185] INFO: Sending result upload request
[2025-01-31 16:57:16.057403] INFO: Second request sent in 0.005000ms
[2025-01-31 16:57:19.202508] INFO: Result uploaded in 0.012000ms
[2025-01-31 16:57:21.502468] INFO: Process completed successfully. Total execution time in 2m 22028.325000ms

