
[2025-01-31 16:55:01.964070] INFO: Process started with ID: 27
[2025-01-31 16:55:02.574877] INFO: First connection established in 0.253000ms
[2025-01-31 16:55:03.394104] INFO: Sending request: GET /http_server/send-object.php?ID=27 HTTP/1.1
Host: 192.168.100.3
Connection: close


[2025-01-31 16:55:04.980422] INFO: First request sent in 0.033000ms
[2025-01-31 16:55:05.880327] INFO: Time from request to first response in 0.030000ms
[2025-01-31 16:55:07.284599] INFO: Received headers - MPI-Rank: 84, Group-ID: 1, Job-ID: 1, Sub-Job-ID: 85, Rank-Count: 512
[2025-01-31 16:55:08.426565] INFO: Receive loop #1 received 16384 bytes in 2573.899000ms
[2025-01-31 16:55:09.232937] INFO: Receive loop #2 received 16384 bytes in 0.062000ms
[2025-01-31 16:55:10.008037] INFO: Receive loop #3 received 16384 bytes in 0.082000ms
[2025-01-31 16:55:10.894504] INFO: Receive loop #4 received 16384 bytes in 0.112000ms
[2025-01-31 16:55:11.796915] INFO: Receive loop #5 received 16384 bytes in 0.028000ms
[2025-01-31 16:55:12.825682] INFO: Receive loop #6 received 16384 bytes in 0.028000ms
[2025-01-31 16:55:13.890221] INFO: Receive loop #7 received 16384 bytes in 0.030000ms
[2025-01-31 16:55:14.893291] INFO: Receive loop #8 received 16384 bytes in 0.249000ms
[2025-01-31 16:55:16.045204] INFO: Receive loop #9 received 16384 bytes in 0.039000ms
[2025-01-31 16:55:18.258531] INFO: Receive loop #10 received 16384 bytes in 0.032000ms
[2025-01-31 16:55:20.662029] INFO: Receive loop #11 received 16384 bytes in 0.030000ms
[2025-01-31 16:55:22.801837] INFO: Receive loop #12 received 7663 bytes in 0.021000ms
[2025-01-31 16:55:24.373059] INFO: Response received in 18122.743000ms
[2025-01-31 16:55:25.895326] INFO: File saved in 0.467000ms
[2025-01-31 16:55:27.506622] INFO: File saved to: /home/vc/kurotaka/objects/temp_27
[2025-01-31 16:55:29.277176] INFO: Execution permission granted to: /home/vc/kurotaka/objects/temp_27
[2025-01-31 16:55:31.699230] INFO: Executing command: /home/vc/kurotaka/objects/temp_27 84 512 1
[2025-01-31 16:56:58.668584] INFO: Command executed in 1m 23817.170000ms
[2025-01-31 16:57:03.631684] INFO: Result saved to: /home/vc/kurotaka/results/result_27
[2025-01-31 16:57:08.662936] INFO: Second connection established in 0.129000ms
[2025-01-31 16:57:12.338093] INFO: Sending result upload request
[2025-01-31 16:57:16.058274] INFO: Second request sent in 0.003000ms
[2025-01-31 16:57:19.658464] INFO: Result uploaded in 0.011000ms
[2025-01-31 16:57:22.034313] INFO: Process completed successfully. Total execution time in 2m 22353.351000ms

