
[2025-01-31 16:55:15.565260] INFO: Process started with ID: 17
[2025-01-31 16:55:17.056684] INFO: First connection established in 0.206000ms
[2025-01-31 16:55:19.196414] INFO: Sending request: GET /http_server/send-object.php?ID=17 HTTP/1.1
Host: 192.168.100.3
Connection: close


[2025-01-31 16:55:21.773796] INFO: First request sent in 0.036000ms
[2025-01-31 16:55:23.625063] INFO: Time from request to first response in 0.030000ms
[2025-01-31 16:55:25.165646] INFO: Received headers - MPI-Rank: 260, Group-ID: 1, Job-ID: 1, Sub-Job-ID: 261, Rank-Count: 512
[2025-01-31 16:55:26.704030] INFO: Receive loop #1 received 16384 bytes in 3047.829000ms
[2025-01-31 16:55:28.322386] INFO: Receive loop #2 received 16384 bytes in 0.064000ms
[2025-01-31 16:55:30.174294] INFO: Receive loop #3 received 16384 bytes in 0.086000ms
[2025-01-31 16:55:32.414139] INFO: Receive loop #4 received 16384 bytes in 0.110000ms
[2025-01-31 16:55:34.524388] INFO: Receive loop #5 received 16384 bytes in 0.007000ms
[2025-01-31 16:55:36.994813] INFO: Receive loop #6 received 16384 bytes in 0.029000ms
[2025-01-31 16:55:38.776714] INFO: Receive loop #7 received 16384 bytes in 0.029000ms
[2025-01-31 16:55:40.493328] INFO: Receive loop #8 received 16384 bytes in 0.092000ms
[2025-01-31 16:55:43.215133] INFO: Receive loop #9 received 16384 bytes in 0.041000ms
[2025-01-31 16:55:44.609543] INFO: Receive loop #10 received 16384 bytes in 0.011000ms
[2025-01-31 16:55:47.097306] INFO: Receive loop #11 received 16384 bytes in 0.028000ms
[2025-01-31 16:55:48.847807] INFO: Receive loop #12 received 7665 bytes in 0.019000ms
[2025-01-31 16:55:50.481864] INFO: Response received in 26883.532000ms
[2025-01-31 16:55:52.184697] INFO: File saved in 0.116000ms
[2025-01-31 16:55:54.277936] INFO: File saved to: /home/vc/kurotaka/objects/temp_17
[2025-01-31 16:55:58.192485] INFO: Execution permission granted to: /home/vc/kurotaka/objects/temp_17
[2025-01-31 16:56:00.044093] INFO: Executing command: /home/vc/kurotaka/objects/temp_17 260 512 1
[2025-01-31 16:56:44.228220] INFO: Command executed in 43470.009000ms
[2025-01-31 16:56:45.292447] INFO: Result saved to: /home/vc/kurotaka/results/result_17
[2025-01-31 16:56:47.783907] INFO: Second connection established in 0.271000ms
[2025-01-31 16:56:50.679835] INFO: Sending result upload request
[2025-01-31 16:56:54.457231] INFO: Second request sent in 0.032000ms
[2025-01-31 16:56:58.018447] INFO: Result uploaded in 0.058000ms
[2025-01-31 16:57:02.560231] INFO: Process completed successfully. Total execution time in 2m 1565.076000ms

