
[2025-01-31 16:54:59.817250] INFO: Process started with ID: 7
[2025-01-31 16:55:00.293928] INFO: First connection established in 0.195000ms
[2025-01-31 16:55:01.034594] INFO: Sending request: GET /http_server/send-object.php?ID=7 HTTP/1.1
Host: 192.168.100.3
Connection: close


[2025-01-31 16:55:02.175841] INFO: First request sent in 0.034000ms
[2025-01-31 16:55:02.677485] INFO: Time from request to first response in 0.035000ms
[2025-01-31 16:55:03.554825] INFO: Received headers - MPI-Rank: 44, Group-ID: 1, Job-ID: 1, Sub-Job-ID: 45, Rank-Count: 512
[2025-01-31 16:55:05.088117] INFO: Receive loop #1 received 16384 bytes in 2030.666000ms
[2025-01-31 16:55:05.954179] INFO: Receive loop #2 received 16384 bytes in 0.060000ms
[2025-01-31 16:55:07.414490] INFO: Receive loop #3 received 16384 bytes in 0.093000ms
[2025-01-31 16:55:08.445785] INFO: Receive loop #4 received 16384 bytes in 0.111000ms
[2025-01-31 16:55:09.247926] INFO: Receive loop #5 received 16384 bytes in 0.029000ms
[2025-01-31 16:55:10.021943] INFO: Receive loop #6 received 16384 bytes in 0.007000ms
[2025-01-31 16:55:10.894346] INFO: Receive loop #7 received 16384 bytes in 0.025000ms
[2025-01-31 16:55:11.778713] INFO: Receive loop #8 received 16384 bytes in 0.250000ms
[2025-01-31 16:55:12.808936] INFO: Receive loop #9 received 16384 bytes in 0.036000ms
[2025-01-31 16:55:13.809174] INFO: Receive loop #10 received 16384 bytes in 0.028000ms
[2025-01-31 16:55:14.789405] INFO: Receive loop #11 received 16384 bytes in 0.025000ms
[2025-01-31 16:55:15.898071] INFO: Receive loop #12 received 7663 bytes in 0.022000ms
[2025-01-31 16:55:18.100679] INFO: Response received in 14595.387000ms
[2025-01-31 16:55:20.548714] INFO: File saved in 0.503000ms
[2025-01-31 16:55:22.764388] INFO: File saved to: /home/vc/kurotaka/objects/temp_7
[2025-01-31 16:55:24.324590] INFO: Execution permission granted to: /home/vc/kurotaka/objects/temp_7
[2025-01-31 16:55:25.824821] INFO: Executing command: /home/vc/kurotaka/objects/temp_7 44 512 1
[2025-01-31 16:57:01.481184] INFO: Command executed in 1m 33062.274000ms
[2025-01-31 16:57:06.919724] INFO: Result saved to: /home/vc/kurotaka/results/result_7
[2025-01-31 16:57:10.693344] INFO: Second connection established in 0.106000ms
[2025-01-31 16:57:14.104004] INFO: Sending result upload request
[2025-01-31 16:57:17.332725] INFO: Second request sent in 0.004000ms
[2025-01-31 16:57:20.817003] INFO: Result uploaded in 0.011000ms
[2025-01-31 16:57:22.236154] INFO: Process completed successfully. Total execution time in 2m 22684.819000ms

