
[2025-01-31 16:55:00.166737] INFO: Process started with ID: 29
[2025-01-31 16:55:00.875452] INFO: First connection established in 0.305000ms
[2025-01-31 16:55:01.964055] INFO: Sending request: GET /http_server/send-object.php?ID=29 HTTP/1.1
Host: 192.168.100.3
Connection: close


[2025-01-31 16:55:02.574849] INFO: First request sent in 0.037000ms
[2025-01-31 16:55:03.394012] INFO: Time from request to first response in 0.029000ms
[2025-01-31 16:55:04.839212] INFO: Received headers - MPI-Rank: 57, Group-ID: 1, Job-ID: 1, Sub-Job-ID: 58, Rank-Count: 512
[2025-01-31 16:55:05.781170] INFO: Receive loop #1 received 16384 bytes in 2474.296000ms
[2025-01-31 16:55:07.138557] INFO: Receive loop #2 received 16384 bytes in 0.068000ms
[2025-01-31 16:55:08.367974] INFO: Receive loop #3 received 16384 bytes in 0.076000ms
[2025-01-31 16:55:09.147177] INFO: Receive loop #4 received 16384 bytes in 0.111000ms
[2025-01-31 16:55:09.920425] INFO: Receive loop #5 received 16384 bytes in 0.029000ms
[2025-01-31 16:55:10.719166] INFO: Receive loop #6 received 16384 bytes in 0.008000ms
[2025-01-31 16:55:11.637472] INFO: Receive loop #7 received 16384 bytes in 0.030000ms
[2025-01-31 16:55:12.688501] INFO: Receive loop #8 received 16384 bytes in 0.246000ms
[2025-01-31 16:55:13.737431] INFO: Receive loop #9 received 16384 bytes in 0.029000ms
[2025-01-31 16:55:14.711159] INFO: Receive loop #10 received 16384 bytes in 0.029000ms
[2025-01-31 16:55:15.822256] INFO: Receive loop #11 received 16384 bytes in 0.034000ms
[2025-01-31 16:55:17.774378] INFO: Receive loop #12 received 7663 bytes in 0.022000ms
[2025-01-31 16:55:19.864799] INFO: Response received in 15905.203000ms
[2025-01-31 16:55:22.311959] INFO: File saved in 0.445000ms
[2025-01-31 16:55:24.025768] INFO: File saved to: /home/vc/kurotaka/objects/temp_29
[2025-01-31 16:55:25.593039] INFO: Execution permission granted to: /home/vc/kurotaka/objects/temp_29
[2025-01-31 16:55:27.179994] INFO: Executing command: /home/vc/kurotaka/objects/temp_29 57 512 1
[2025-01-31 16:56:51.021222] INFO: Command executed in 1m 21764.893000ms
[2025-01-31 16:56:54.704886] INFO: Result saved to: /home/vc/kurotaka/results/result_29
[2025-01-31 16:56:58.324984] INFO: Second connection established in 0.265000ms
[2025-01-31 16:57:03.238785] INFO: Sending result upload request
[2025-01-31 16:57:08.143523] INFO: Second request sent in 0.004000ms
[2025-01-31 16:57:11.999934] INFO: Result uploaded in 0.014000ms
[2025-01-31 16:57:16.055730] INFO: Process completed successfully. Total execution time in 2m 14847.444000ms

