
[2025-01-31 16:55:49.913505] INFO: Process started with ID: 406
[2025-01-31 16:55:51.620604] INFO: First connection established in 0.175000ms
[2025-01-31 16:55:53.300879] INFO: Sending request: GET /http_server/send-object.php?ID=406 HTTP/1.1
Host: 192.168.100.3
Connection: close


[2025-01-31 16:55:56.113279] INFO: First request sent in 0.030000ms
[2025-01-31 16:55:58.339927] INFO: Time from request to first response in 0.005000ms
[2025-01-31 16:55:59.990525] INFO: Received headers - MPI-Rank: 475, Group-ID: 1, Job-ID: 1, Sub-Job-ID: 476, Rank-Count: 512
[2025-01-31 16:56:01.286451] INFO: Receive loop #1 received 16384 bytes in 3828.872000ms
[2025-01-31 16:56:02.728537] INFO: Receive loop #2 received 16384 bytes in 0.024000ms
[2025-01-31 16:56:04.115966] INFO: Receive loop #3 received 16384 bytes in 0.035000ms
[2025-01-31 16:56:06.253522] INFO: Receive loop #4 received 16384 bytes in 0.118000ms
[2025-01-31 16:56:08.604993] INFO: Receive loop #5 received 16384 bytes in 0.033000ms
[2025-01-31 16:56:09.973498] INFO: Receive loop #6 received 16384 bytes in 0.035000ms
[2025-01-31 16:56:11.474537] INFO: Receive loop #7 received 16384 bytes in 0.007000ms
[2025-01-31 16:56:13.669403] INFO: Receive loop #8 received 16384 bytes in 0.267000ms
[2025-01-31 16:56:14.923425] INFO: Receive loop #9 received 16384 bytes in 0.008000ms
[2025-01-31 16:56:16.409566] INFO: Receive loop #10 received 16384 bytes in 0.030000ms
[2025-01-31 16:56:18.038253] INFO: Receive loop #11 received 16384 bytes in 0.031000ms
[2025-01-31 16:56:19.274828] INFO: Receive loop #12 received 7665 bytes in 0.007000ms
[2025-01-31 16:56:20.501321] INFO: Response received in 23240.593000ms
[2025-01-31 16:56:21.959185] INFO: File saved in 0.572000ms
[2025-01-31 16:56:23.687642] INFO: File saved to: /home/vc/kurotaka/objects/temp_406
[2025-01-31 16:56:25.334835] INFO: Execution permission granted to: /home/vc/kurotaka/objects/temp_406
[2025-01-31 16:56:25.501628] INFO: Executing command: /home/vc/kurotaka/objects/temp_406 475 512 1
[2025-01-31 16:56:54.175094] INFO: Command executed in 27863.226000ms
[2025-01-31 16:56:56.950625] INFO: Result saved to: /home/vc/kurotaka/results/result_406
[2025-01-31 16:57:00.663257] INFO: Second connection established in 0.202000ms
[2025-01-31 16:57:05.444581] INFO: Sending result upload request
[2025-01-31 16:57:09.572296] INFO: Second request sent in 0.004000ms
[2025-01-31 16:57:13.251514] INFO: Result uploaded in 0.010000ms
[2025-01-31 16:57:17.257010] INFO: Process completed successfully. Total execution time in 2m 16679.708000ms

