
[2025-01-31 16:55:51.259364] INFO: Process started with ID: 117
[2025-01-31 16:55:52.837100] INFO: First connection established in 0.222000ms
[2025-01-31 16:55:54.546245] INFO: Sending request: GET /http_server/send-object.php?ID=117 HTTP/1.1
Host: 192.168.100.3
Connection: close


[2025-01-31 16:55:57.999775] INFO: First request sent in 0.043000ms
[2025-01-31 16:56:00.026029] INFO: Time from request to first response in 0.032000ms
[2025-01-31 16:56:01.356762] INFO: Received headers - MPI-Rank: 485, Group-ID: 1, Job-ID: 1, Sub-Job-ID: 486, Rank-Count: 512
[2025-01-31 16:56:02.754720] INFO: Receive loop #1 received 16384 bytes in 3342.045000ms
[2025-01-31 16:56:04.115770] INFO: Receive loop #2 received 16384 bytes in 0.065000ms
[2025-01-31 16:56:06.147888] INFO: Receive loop #3 received 16384 bytes in 0.096000ms
[2025-01-31 16:56:08.013969] INFO: Receive loop #4 received 16384 bytes in 0.106000ms
[2025-01-31 16:56:09.840248] INFO: Receive loop #5 received 16384 bytes in 0.029000ms
[2025-01-31 16:56:11.513947] INFO: Receive loop #6 received 16384 bytes in 0.035000ms
[2025-01-31 16:56:13.056281] INFO: Receive loop #7 received 16384 bytes in 0.028000ms
[2025-01-31 16:56:14.395832] INFO: Receive loop #8 received 16384 bytes in 0.252000ms
[2025-01-31 16:56:16.071223] INFO: Receive loop #9 received 16384 bytes in 0.025000ms
[2025-01-31 16:56:17.538065] INFO: Receive loop #10 received 16384 bytes in 0.029000ms
[2025-01-31 16:56:18.491827] INFO: Receive loop #11 received 16384 bytes in 0.006000ms
[2025-01-31 16:56:19.925313] INFO: Receive loop #12 received 7665 bytes in 0.022000ms
[2025-01-31 16:56:21.383147] INFO: Response received in 21877.315000ms
[2025-01-31 16:56:22.763748] INFO: File saved in 0.537000ms
[2025-01-31 16:56:23.960704] INFO: File saved to: /home/vc/kurotaka/objects/temp_117
[2025-01-31 16:56:24.848795] INFO: Execution permission granted to: /home/vc/kurotaka/objects/temp_117
[2025-01-31 16:56:25.213539] INFO: Executing command: /home/vc/kurotaka/objects/temp_117 485 512 1
[2025-01-31 16:56:49.832828] INFO: Command executed in 23617.719000ms
[2025-01-31 16:56:53.628849] INFO: Result saved to: /home/vc/kurotaka/results/result_117
[2025-01-31 16:56:56.996741] INFO: Second connection established in 0.194000ms
[2025-01-31 16:57:01.307994] INFO: Sending result upload request
[2025-01-31 16:57:06.873166] INFO: Second request sent in 0.025000ms
[2025-01-31 16:57:10.562853] INFO: Result uploaded in 0.010000ms
[2025-01-31 16:57:14.060085] INFO: Process completed successfully. Total execution time in 2m 13578.734000ms

