
[2025-01-31 16:54:59.751202] INFO: Process started with ID: 457
[2025-01-31 16:55:00.232466] INFO: First connection established in 0.185000ms
[2025-01-31 16:55:01.112040] INFO: Sending request: GET /http_server/send-object.php?ID=457 HTTP/1.1
Host: 192.168.100.3
Connection: close


[2025-01-31 16:55:02.234550] INFO: First request sent in 0.034000ms
[2025-01-31 16:55:02.724585] INFO: Time from request to first response in 0.031000ms
[2025-01-31 16:55:03.710556] INFO: Received headers - MPI-Rank: 46, Group-ID: 1, Job-ID: 1, Sub-Job-ID: 47, Rank-Count: 512
[2025-01-31 16:55:05.316156] INFO: Receive loop #1 received 16384 bytes in 2147.364000ms
[2025-01-31 16:55:06.050913] INFO: Receive loop #2 received 16384 bytes in 0.075000ms
[2025-01-31 16:55:07.592597] INFO: Receive loop #3 received 16384 bytes in 0.076000ms
[2025-01-31 16:55:08.527383] INFO: Receive loop #4 received 16384 bytes in 0.109000ms
[2025-01-31 16:55:09.334619] INFO: Receive loop #5 received 16384 bytes in 0.029000ms
[2025-01-31 16:55:10.128627] INFO: Receive loop #6 received 16384 bytes in 0.028000ms
[2025-01-31 16:55:11.096235] INFO: Receive loop #7 received 16384 bytes in 0.030000ms
[2025-01-31 16:55:12.073448] INFO: Receive loop #8 received 16384 bytes in 0.253000ms
[2025-01-31 16:55:13.044755] INFO: Receive loop #9 received 16384 bytes in 0.028000ms
[2025-01-31 16:55:14.072308] INFO: Receive loop #10 received 16384 bytes in 0.031000ms
[2025-01-31 16:55:15.125066] INFO: Receive loop #11 received 16384 bytes in 0.027000ms
[2025-01-31 16:55:16.207677] INFO: Receive loop #12 received 7663 bytes in 0.020000ms
[2025-01-31 16:55:18.503129] INFO: Response received in 15375.014000ms
[2025-01-31 16:55:21.331171] INFO: File saved in 0.817000ms
[2025-01-31 16:55:23.211872] INFO: File saved to: /home/vc/kurotaka/objects/temp_457
[2025-01-31 16:55:24.844630] INFO: Execution permission granted to: /home/vc/kurotaka/objects/temp_457
[2025-01-31 16:55:26.384152] INFO: Executing command: /home/vc/kurotaka/objects/temp_457 46 512 1
[2025-01-31 16:56:53.201298] INFO: Command executed in 1m 25184.354000ms
[2025-01-31 16:56:55.984971] INFO: Result saved to: /home/vc/kurotaka/results/result_457
[2025-01-31 16:56:58.831837] INFO: Second connection established in 0.175000ms
[2025-01-31 16:57:03.517643] INFO: Sending result upload request
[2025-01-31 16:57:08.399189] INFO: Second request sent in 0.025000ms
[2025-01-31 16:57:12.091782] INFO: Result uploaded in 0.013000ms
[2025-01-31 16:57:16.751877] INFO: Process completed successfully. Total execution time in 2m 15077.534000ms

