
[2025-01-31 16:54:59.573887] INFO: Process started with ID: 247
[2025-01-31 16:54:59.928359] INFO: First connection established in 0.246000ms
[2025-01-31 16:55:00.405377] INFO: Sending request: GET /http_server/send-object.php?ID=247 HTTP/1.1
Host: 192.168.100.3
Connection: close


[2025-01-31 16:55:01.389691] INFO: First request sent in 0.034000ms
[2025-01-31 16:55:02.347951] INFO: Time from request to first response in 0.028000ms
[2025-01-31 16:55:02.963057] INFO: Received headers - MPI-Rank: 34, Group-ID: 1, Job-ID: 1, Sub-Job-ID: 35, Rank-Count: 512
[2025-01-31 16:55:04.201508] INFO: Receive loop #1 received 16384 bytes in 1577.415000ms
[2025-01-31 16:55:05.513610] INFO: Receive loop #2 received 16384 bytes in 0.061000ms
[2025-01-31 16:55:06.484991] INFO: Receive loop #3 received 16384 bytes in 0.075000ms
[2025-01-31 16:55:08.128143] INFO: Receive loop #4 received 16384 bytes in 0.112000ms
[2025-01-31 16:55:08.811121] INFO: Receive loop #5 received 16384 bytes in 0.028000ms
[2025-01-31 16:55:09.603398] INFO: Receive loop #6 received 16384 bytes in 0.031000ms
[2025-01-31 16:55:10.382197] INFO: Receive loop #7 received 16384 bytes in 0.030000ms
[2025-01-31 16:55:11.328787] INFO: Receive loop #8 received 16384 bytes in 0.252000ms
[2025-01-31 16:55:12.370436] INFO: Receive loop #9 received 16384 bytes in 0.032000ms
[2025-01-31 16:55:13.308992] INFO: Receive loop #10 received 16384 bytes in 0.029000ms
[2025-01-31 16:55:14.311598] INFO: Receive loop #11 received 16384 bytes in 0.028000ms
[2025-01-31 16:55:15.374592] INFO: Receive loop #12 received 7663 bytes in 0.004000ms
[2025-01-31 16:55:16.561242] INFO: Response received in 13924.238000ms
[2025-01-31 16:55:18.764942] INFO: File saved in 0.452000ms
[2025-01-31 16:55:21.554658] INFO: File saved to: /home/vc/kurotaka/objects/temp_247
[2025-01-31 16:55:23.392774] INFO: Execution permission granted to: /home/vc/kurotaka/objects/temp_247
[2025-01-31 16:55:25.030432] INFO: Executing command: /home/vc/kurotaka/objects/temp_247 34 512 1
[2025-01-31 16:56:56.073778] INFO: Command executed in 1m 28513.268000ms
[2025-01-31 16:57:00.091715] INFO: Result saved to: /home/vc/kurotaka/results/result_247
[2025-01-31 16:57:05.203945] INFO: Second connection established in 0.194000ms
[2025-01-31 16:57:09.572227] INFO: Sending result upload request
[2025-01-31 16:57:13.222616] INFO: Second request sent in 0.004000ms
[2025-01-31 16:57:16.057352] INFO: Result uploaded in 0.010000ms
[2025-01-31 16:57:19.532348] INFO: Process completed successfully. Total execution time in 2m 19472.730000ms

