
[2025-01-31 16:55:46.727366] INFO: Process started with ID: 250
[2025-01-31 16:55:48.449053] INFO: First connection established in 0.174000ms
[2025-01-31 16:55:50.071229] INFO: Sending request: GET /http_server/send-object.php?ID=250 HTTP/1.1
Host: 192.168.100.3
Connection: close


[2025-01-31 16:55:51.777150] INFO: First request sent in 0.035000ms
[2025-01-31 16:55:54.313862] INFO: Time from request to first response in 0.030000ms
[2025-01-31 16:55:56.682926] INFO: Received headers - MPI-Rank: 454, Group-ID: 1, Job-ID: 1, Sub-Job-ID: 455, Rank-Count: 512
[2025-01-31 16:55:58.891257] INFO: Receive loop #1 received 16384 bytes in 4983.774000ms
[2025-01-31 16:56:00.678865] INFO: Receive loop #2 received 16384 bytes in 0.061000ms
[2025-01-31 16:56:01.998618] INFO: Receive loop #3 received 16384 bytes in 0.083000ms
[2025-01-31 16:56:03.494631] INFO: Receive loop #4 received 16384 bytes in 0.031000ms
[2025-01-31 16:56:04.627009] INFO: Receive loop #5 received 16384 bytes in 0.029000ms
[2025-01-31 16:56:06.253982] INFO: Receive loop #6 received 16384 bytes in 0.028000ms
[2025-01-31 16:56:08.589911] INFO: Receive loop #7 received 16384 bytes in 0.034000ms
[2025-01-31 16:56:10.440722] INFO: Receive loop #8 received 16384 bytes in 0.260000ms
[2025-01-31 16:56:12.379338] INFO: Receive loop #9 received 16384 bytes in 0.008000ms
[2025-01-31 16:56:13.841604] INFO: Receive loop #10 received 16384 bytes in 0.007000ms
[2025-01-31 16:56:15.476121] INFO: Receive loop #11 received 16384 bytes in 0.005000ms
[2025-01-31 16:56:16.797907] INFO: Receive loop #12 received 7665 bytes in 0.004000ms
[2025-01-31 16:56:18.196531] INFO: Response received in 24728.289000ms
[2025-01-31 16:56:19.581248] INFO: File saved in 0.157000ms
[2025-01-31 16:56:20.500172] INFO: File saved to: /home/vc/kurotaka/objects/temp_250
[2025-01-31 16:56:22.706671] INFO: Execution permission granted to: /home/vc/kurotaka/objects/temp_250
[2025-01-31 16:56:23.411244] INFO: Executing command: /home/vc/kurotaka/objects/temp_250 454 512 1
[2025-01-31 16:56:44.779870] INFO: Command executed in 20768.079000ms
[2025-01-31 16:56:46.386712] INFO: Result saved to: /home/vc/kurotaka/results/result_250
[2025-01-31 16:56:49.327467] INFO: Second connection established in 0.259000ms
[2025-01-31 16:56:53.470137] INFO: Sending result upload request
[2025-01-31 16:56:57.245136] INFO: Second request sent in 0.026000ms
[2025-01-31 16:57:01.818857] INFO: Result uploaded in 0.066000ms
[2025-01-31 16:57:07.392759] INFO: Process completed successfully. Total execution time in 2m 6121.664000ms

