
[2025-01-31 16:55:45.290363] INFO: Process started with ID: 69
[2025-01-31 16:55:47.657357] INFO: First connection established in 0.196000ms
[2025-01-31 16:55:49.614640] INFO: Sending request: GET /http_server/send-object.php?ID=69 HTTP/1.1
Host: 192.168.100.3
Connection: close


[2025-01-31 16:55:51.338546] INFO: First request sent in 0.035000ms
[2025-01-31 16:55:52.878997] INFO: Time from request to first response in 0.028000ms
[2025-01-31 16:55:54.859095] INFO: Received headers - MPI-Rank: 448, Group-ID: 1, Job-ID: 1, Sub-Job-ID: 449, Rank-Count: 512
[2025-01-31 16:55:56.683660] INFO: Receive loop #1 received 16384 bytes in 3838.898000ms
[2025-01-31 16:55:58.978543] INFO: Receive loop #2 received 16384 bytes in 0.066000ms
[2025-01-31 16:56:00.722393] INFO: Receive loop #3 received 16384 bytes in 0.104000ms
[2025-01-31 16:56:01.999098] INFO: Receive loop #4 received 16384 bytes in 0.020000ms
[2025-01-31 16:56:03.565771] INFO: Receive loop #5 received 16384 bytes in 0.006000ms
[2025-01-31 16:56:04.738530] INFO: Receive loop #6 received 16384 bytes in 0.005000ms
[2025-01-31 16:56:06.779045] INFO: Receive loop #7 received 16384 bytes in 0.028000ms
[2025-01-31 16:56:08.696233] INFO: Receive loop #8 received 16384 bytes in 0.255000ms
[2025-01-31 16:56:10.440617] INFO: Receive loop #9 received 16384 bytes in 0.030000ms
[2025-01-31 16:56:12.561784] INFO: Receive loop #10 received 16384 bytes in 0.034000ms
[2025-01-31 16:56:13.593387] INFO: Receive loop #11 received 16384 bytes in 0.008000ms
[2025-01-31 16:56:15.045743] INFO: Receive loop #12 received 7665 bytes in 0.009000ms
[2025-01-31 16:56:16.583682] INFO: Response received in 23651.858000ms
[2025-01-31 16:56:18.147880] INFO: File saved in 0.116000ms
[2025-01-31 16:56:19.340845] INFO: File saved to: /home/vc/kurotaka/objects/temp_69
[2025-01-31 16:56:21.383132] INFO: Execution permission granted to: /home/vc/kurotaka/objects/temp_69
[2025-01-31 16:56:22.659664] INFO: Executing command: /home/vc/kurotaka/objects/temp_69 448 512 1
[2025-01-31 16:56:44.857962] INFO: Command executed in 21236.482000ms
[2025-01-31 16:56:46.812162] INFO: Result saved to: /home/vc/kurotaka/results/result_69
[2025-01-31 16:56:49.357324] INFO: Second connection established in 0.177000ms
[2025-01-31 16:56:53.093869] INFO: Sending result upload request
[2025-01-31 16:56:56.603673] INFO: Second request sent in 0.026000ms
[2025-01-31 16:57:00.605670] INFO: Result uploaded in 0.057000ms
[2025-01-31 16:57:05.751606] INFO: Process completed successfully. Total execution time in 2m 4534.990000ms

