
[2025-01-31 16:55:15.200066] INFO: Process started with ID: 57
[2025-01-31 16:55:16.399054] INFO: First connection established in 0.195000ms
[2025-01-31 16:55:18.578544] INFO: Sending request: GET /http_server/send-object.php?ID=57 HTTP/1.1
Host: 192.168.100.3
Connection: close


[2025-01-31 16:55:21.330851] INFO: First request sent in 0.035000ms
[2025-01-31 16:55:23.153043] INFO: Time from request to first response in 0.031000ms
[2025-01-31 16:55:24.817801] INFO: Received headers - MPI-Rank: 256, Group-ID: 1, Job-ID: 1, Sub-Job-ID: 257, Rank-Count: 512
[2025-01-31 16:55:26.278086] INFO: Receive loop #1 received 16384 bytes in 3205.491000ms
[2025-01-31 16:55:27.909375] INFO: Receive loop #2 received 16384 bytes in 0.061000ms
[2025-01-31 16:55:30.174620] INFO: Receive loop #3 received 16384 bytes in 0.079000ms
[2025-01-31 16:55:32.414515] INFO: Receive loop #4 received 16384 bytes in 0.022000ms
[2025-01-31 16:55:34.552072] INFO: Receive loop #5 received 16384 bytes in 0.057000ms
[2025-01-31 16:55:37.009810] INFO: Receive loop #6 received 16384 bytes in 0.033000ms
[2025-01-31 16:55:38.828639] INFO: Receive loop #7 received 16384 bytes in 0.030000ms
[2025-01-31 16:55:40.551380] INFO: Receive loop #8 received 16384 bytes in 0.263000ms
[2025-01-31 16:55:43.249016] INFO: Receive loop #9 received 16384 bytes in 0.031000ms
[2025-01-31 16:55:44.662031] INFO: Receive loop #10 received 16384 bytes in 0.034000ms
[2025-01-31 16:55:47.187284] INFO: Receive loop #11 received 16384 bytes in 0.035000ms
[2025-01-31 16:55:49.153864] INFO: Receive loop #12 received 7665 bytes in 0.021000ms
[2025-01-31 16:55:50.604610] INFO: Response received in 27520.567000ms
[2025-01-31 16:55:52.328678] INFO: File saved in 0.282000ms
[2025-01-31 16:55:54.278351] INFO: File saved to: /home/vc/kurotaka/objects/temp_57
[2025-01-31 16:55:58.169863] INFO: Execution permission granted to: /home/vc/kurotaka/objects/temp_57
[2025-01-31 16:56:00.043404] INFO: Executing command: /home/vc/kurotaka/objects/temp_57 256 512 1
[2025-01-31 16:56:44.821033] INFO: Command executed in 43888.624000ms
[2025-01-31 16:56:46.864953] INFO: Result saved to: /home/vc/kurotaka/results/result_57
[2025-01-31 16:56:49.387447] INFO: Second connection established in 0.265000ms
[2025-01-31 16:56:53.122002] INFO: Sending result upload request
[2025-01-31 16:56:56.633928] INFO: Second request sent in 0.028000ms
[2025-01-31 16:57:00.662895] INFO: Result uploaded in 0.055000ms
[2025-01-31 16:57:05.982065] INFO: Process completed successfully. Total execution time in 2m 4698.538000ms

