
[2025-01-31 16:55:00.554569] INFO: Process started with ID: 172
[2025-01-31 16:55:01.662597] INFO: First connection established in 0.185000ms
[2025-01-31 16:55:02.452580] INFO: Sending request: GET /http_server/send-object.php?ID=172 HTTP/1.1
Host: 192.168.100.3
Connection: close


[2025-01-31 16:55:03.169846] INFO: First request sent in 0.038000ms
[2025-01-31 16:55:04.478192] INFO: Time from request to first response in 0.030000ms
[2025-01-31 16:55:05.619369] INFO: Received headers - MPI-Rank: 68, Group-ID: 1, Job-ID: 1, Sub-Job-ID: 69, Rank-Count: 512
[2025-01-31 16:55:06.633825] INFO: Receive loop #1 received 16384 bytes in 2260.195000ms
[2025-01-31 16:55:08.177651] INFO: Receive loop #2 received 16384 bytes in 0.064000ms
[2025-01-31 16:55:08.864259] INFO: Receive loop #3 received 16384 bytes in 0.078000ms
[2025-01-31 16:55:09.664009] INFO: Receive loop #4 received 16384 bytes in 0.140000ms
[2025-01-31 16:55:10.458579] INFO: Receive loop #5 received 16384 bytes in 0.029000ms
[2025-01-31 16:55:11.446739] INFO: Receive loop #6 received 16384 bytes in 0.029000ms
[2025-01-31 16:55:12.442850] INFO: Receive loop #7 received 16384 bytes in 0.028000ms
[2025-01-31 16:55:13.427180] INFO: Receive loop #8 received 16384 bytes in 0.299000ms
[2025-01-31 16:55:14.386728] INFO: Receive loop #9 received 16384 bytes in 0.009000ms
[2025-01-31 16:55:15.452077] INFO: Receive loop #10 received 16384 bytes in 0.029000ms
[2025-01-31 16:55:16.783134] INFO: Receive loop #11 received 16384 bytes in 0.030000ms
[2025-01-31 16:55:19.054821] INFO: Receive loop #12 received 7663 bytes in 0.019000ms
[2025-01-31 16:55:21.719718] INFO: Response received in 17313.111000ms
[2025-01-31 16:55:23.608886] INFO: File saved in 0.453000ms
[2025-01-31 16:55:25.255168] INFO: File saved to: /home/vc/kurotaka/objects/temp_172
[2025-01-31 16:55:26.837505] INFO: Execution permission granted to: /home/vc/kurotaka/objects/temp_172
[2025-01-31 16:55:28.378123] INFO: Executing command: /home/vc/kurotaka/objects/temp_172 68 512 1
[2025-01-31 16:56:46.991694] INFO: Command executed in 1m 16372.790000ms
[2025-01-31 16:56:50.210582] INFO: Result saved to: /home/vc/kurotaka/results/result_172
[2025-01-31 16:56:54.442176] INFO: Second connection established in 0.176000ms
[2025-01-31 16:56:58.214264] INFO: Sending result upload request
[2025-01-31 16:57:03.203409] INFO: Second request sent in 0.026000ms
[2025-01-31 16:57:08.199566] INFO: Result uploaded in 0.056000ms
[2025-01-31 16:57:11.999748] INFO: Process completed successfully. Total execution time in 2m 11395.757000ms

