
[2025-01-31 17:37:50.297784] INFO: Process started with ID: 92
[2025-01-31 17:37:50.928440] INFO: First connection established in 0.224000ms
[2025-01-31 17:37:51.781289] INFO: Sending request: GET /http_server/send-object.php?ID=92 HTTP/1.1
Host: 192.168.100.3
Connection: close


[2025-01-31 17:37:52.819646] INFO: First request sent in 0.035000ms
[2025-01-31 17:37:53.390504] INFO: Time from request to first response in 0.029000ms
[2025-01-31 17:37:54.247117] INFO: Received headers - MPI-Rank: 125, Group-ID: 1, Job-ID: 1, Sub-Job-ID: 126, Rank-Count: 128
[2025-01-31 17:37:54.938606] INFO: Receive loop #1 received 16384 bytes in 1581.436000ms
[2025-01-31 17:37:55.820147] INFO: Receive loop #2 received 16384 bytes in 0.059000ms
[2025-01-31 17:37:57.157331] INFO: Receive loop #3 received 16384 bytes in 0.092000ms
[2025-01-31 17:37:57.858820] INFO: Receive loop #4 received 16384 bytes in 0.111000ms
[2025-01-31 17:37:58.899594] INFO: Receive loop #5 received 16384 bytes in 0.029000ms
[2025-01-31 17:37:59.976036] INFO: Receive loop #6 received 16384 bytes in 0.028000ms
[2025-01-31 17:38:00.613578] INFO: Receive loop #7 received 16384 bytes in 0.029000ms
[2025-01-31 17:38:01.607483] INFO: Receive loop #8 received 16384 bytes in 0.247000ms
[2025-01-31 17:38:02.362357] INFO: Receive loop #9 received 16384 bytes in 0.024000ms
[2025-01-31 17:38:03.124301] INFO: Receive loop #10 received 16384 bytes in 0.030000ms
[2025-01-31 17:38:04.120528] INFO: Receive loop #11 received 16384 bytes in 0.006000ms
[2025-01-31 17:38:04.757551] INFO: Receive loop #12 received 7665 bytes in 0.020000ms
[2025-01-31 17:38:05.173557] INFO: Response received in 11826.328000ms
[2025-01-31 17:38:05.390002] INFO: File saved in 0.187000ms
[2025-01-31 17:38:05.634433] INFO: File saved to: /home/vc/kurotaka/objects/temp_92
[2025-01-31 17:38:05.959507] INFO: Execution permission granted to: /home/vc/kurotaka/objects/temp_92
[2025-01-31 17:38:06.058416] INFO: Executing command: /home/vc/kurotaka/objects/temp_92 125 128 1
[2025-01-31 17:38:08.339163] INFO: Command executed in 2025.021000ms
[2025-01-31 17:38:09.069217] INFO: Result saved to: /home/vc/kurotaka/results/result_92
[2025-01-31 17:38:09.780882] INFO: Second connection established in 0.227000ms
[2025-01-31 17:38:10.313825] INFO: Sending result upload request
[2025-01-31 17:38:11.175408] INFO: Second request sent in 0.030000ms
[2025-01-31 17:38:11.750175] INFO: Result uploaded in 0.060000ms
[2025-01-31 17:38:12.470312] INFO: Process completed successfully. Total execution time in 25674.395000ms

