
[2025-01-31 17:37:47.375051] INFO: Process started with ID: 27
[2025-01-31 17:37:47.886686] INFO: First connection established in 0.221000ms
[2025-01-31 17:37:48.358964] INFO: Sending request: GET /http_server/send-object.php?ID=27 HTTP/1.1
Host: 192.168.100.3
Connection: close


[2025-01-31 17:37:48.920578] INFO: First request sent in 0.021000ms
[2025-01-31 17:37:49.929516] INFO: Time from request to first response in 0.038000ms
[2025-01-31 17:37:50.698818] INFO: Received headers - MPI-Rank: 65, Group-ID: 1, Job-ID: 1, Sub-Job-ID: 66, Rank-Count: 128
[2025-01-31 17:37:51.411006] INFO: Receive loop #1 received 16384 bytes in 1561.465000ms
[2025-01-31 17:37:52.503658] INFO: Receive loop #2 received 16384 bytes in 0.090000ms
[2025-01-31 17:37:53.210040] INFO: Receive loop #3 received 16384 bytes in 0.102000ms
[2025-01-31 17:37:54.062930] INFO: Receive loop #4 received 16384 bytes in 0.136000ms
[2025-01-31 17:37:54.790575] INFO: Receive loop #5 received 16384 bytes in 0.029000ms
[2025-01-31 17:37:55.581833] INFO: Receive loop #6 received 16384 bytes in 0.028000ms
[2025-01-31 17:37:56.823805] INFO: Receive loop #7 received 16384 bytes in 0.032000ms
[2025-01-31 17:37:57.608259] INFO: Receive loop #8 received 16384 bytes in 0.268000ms
[2025-01-31 17:37:58.656091] INFO: Receive loop #9 received 16384 bytes in 0.036000ms
[2025-01-31 17:37:59.863765] INFO: Receive loop #10 received 16384 bytes in 0.036000ms
[2025-01-31 17:38:00.385651] INFO: Receive loop #11 received 16384 bytes in 0.037000ms
[2025-01-31 17:38:01.275609] INFO: Receive loop #12 received 7663 bytes in 0.018000ms
[2025-01-31 17:38:02.179065] INFO: Response received in 12329.371000ms
[2025-01-31 17:38:02.813000] INFO: File saved in 0.525000ms
[2025-01-31 17:38:03.470586] INFO: File saved to: /home/vc/kurotaka/objects/temp_27
[2025-01-31 17:38:04.606994] INFO: Execution permission granted to: /home/vc/kurotaka/objects/temp_27
[2025-01-31 17:38:05.120639] INFO: Executing command: /home/vc/kurotaka/objects/temp_27 65 128 1
[2025-01-31 17:38:09.648564] INFO: Command executed in 4249.356000ms
[2025-01-31 17:38:10.269350] INFO: Result saved to: /home/vc/kurotaka/results/result_27
[2025-01-31 17:38:11.024786] INFO: Second connection established in 0.213000ms
[2025-01-31 17:38:11.655288] INFO: Sending result upload request
[2025-01-31 17:38:12.339687] INFO: Second request sent in 0.008000ms
[2025-01-31 17:38:13.313537] INFO: Result uploaded in 0.063000ms
[2025-01-31 17:38:13.995315] INFO: Process completed successfully. Total execution time in 27221.263000ms

