
[2025-01-31 17:37:47.713157] INFO: Process started with ID: 54
[2025-01-31 17:37:48.259331] INFO: First connection established in 0.255000ms
[2025-01-31 17:37:48.769942] INFO: Sending request: GET /http_server/send-object.php?ID=54 HTTP/1.1
Host: 192.168.100.3
Connection: close


[2025-01-31 17:37:49.721889] INFO: First request sent in 0.036000ms
[2025-01-31 17:37:50.579557] INFO: Time from request to first response in 0.029000ms
[2025-01-31 17:37:51.254088] INFO: Received headers - MPI-Rank: 76, Group-ID: 1, Job-ID: 1, Sub-Job-ID: 77, Rank-Count: 128
[2025-01-31 17:37:52.224517] INFO: Receive loop #1 received 16384 bytes in 1464.807000ms
[2025-01-31 17:37:53.047755] INFO: Receive loop #2 received 16384 bytes in 0.059000ms
[2025-01-31 17:37:53.736820] INFO: Receive loop #3 received 16384 bytes in 0.079000ms
[2025-01-31 17:37:54.583305] INFO: Receive loop #4 received 16384 bytes in 0.109000ms
[2025-01-31 17:37:55.299515] INFO: Receive loop #5 received 16384 bytes in 0.028000ms
[2025-01-31 17:37:56.375904] INFO: Receive loop #6 received 16384 bytes in 0.028000ms
[2025-01-31 17:37:57.415524] INFO: Receive loop #7 received 16384 bytes in 0.044000ms
[2025-01-31 17:37:58.308408] INFO: Receive loop #8 received 16384 bytes in 0.246000ms
[2025-01-31 17:37:59.494949] INFO: Receive loop #9 received 16384 bytes in 0.030000ms
[2025-01-31 17:38:00.198380] INFO: Receive loop #10 received 16384 bytes in 0.030000ms
[2025-01-31 17:38:00.898270] INFO: Receive loop #11 received 16384 bytes in 0.029000ms
[2025-01-31 17:38:01.816816] INFO: Receive loop #12 received 7663 bytes in 0.020000ms
[2025-01-31 17:38:02.484926] INFO: Response received in 11937.327000ms
[2025-01-31 17:38:03.470015] INFO: File saved in 0.503000ms
[2025-01-31 17:38:04.355880] INFO: File saved to: /home/vc/kurotaka/objects/temp_54
[2025-01-31 17:38:04.993548] INFO: Execution permission granted to: /home/vc/kurotaka/objects/temp_54
[2025-01-31 17:38:05.327963] INFO: Executing command: /home/vc/kurotaka/objects/temp_54 76 128 1
[2025-01-31 17:38:09.597088] INFO: Command executed in 4022.722000ms
[2025-01-31 17:38:10.036284] INFO: Result saved to: /home/vc/kurotaka/results/result_54
[2025-01-31 17:38:10.747578] INFO: Second connection established in 0.261000ms
[2025-01-31 17:38:11.483234] INFO: Sending result upload request
[2025-01-31 17:38:12.107000] INFO: Second request sent in 0.020000ms
[2025-01-31 17:38:12.962240] INFO: Result uploaded in 0.052000ms
[2025-01-31 17:38:13.745034] INFO: Process completed successfully. Total execution time in 27111.984000ms

