
[2025-01-31 17:37:49.721974] INFO: Process started with ID: 43
[2025-01-31 17:37:50.623141] INFO: First connection established in 0.221000ms
[2025-01-31 17:37:51.283279] INFO: Sending request: GET /http_server/send-object.php?ID=43 HTTP/1.1
Host: 192.168.100.3
Connection: close


[2025-01-31 17:37:52.276856] INFO: First request sent in 0.034000ms
[2025-01-31 17:37:53.096146] INFO: Time from request to first response in 0.030000ms
[2025-01-31 17:37:53.794053] INFO: Received headers - MPI-Rank: 117, Group-ID: 1, Job-ID: 1, Sub-Job-ID: 118, Rank-Count: 128
[2025-01-31 17:37:54.653553] INFO: Receive loop #1 received 16384 bytes in 1534.161000ms
[2025-01-31 17:37:55.355241] INFO: Receive loop #2 received 16384 bytes in 0.082000ms
[2025-01-31 17:37:56.459380] INFO: Receive loop #3 received 16384 bytes in 0.081000ms
[2025-01-31 17:37:57.437059] INFO: Receive loop #4 received 16384 bytes in 0.109000ms
[2025-01-31 17:37:58.382752] INFO: Receive loop #5 received 16384 bytes in 0.027000ms
[2025-01-31 17:37:59.593156] INFO: Receive loop #6 received 16384 bytes in 0.027000ms
[2025-01-31 17:38:00.232788] INFO: Receive loop #7 received 16384 bytes in 0.035000ms
[2025-01-31 17:38:00.957036] INFO: Receive loop #8 received 16384 bytes in 0.262000ms
[2025-01-31 17:38:01.910131] INFO: Receive loop #9 received 16384 bytes in 0.029000ms
[2025-01-31 17:38:02.551706] INFO: Receive loop #10 received 16384 bytes in 0.028000ms
[2025-01-31 17:38:03.470240] INFO: Receive loop #11 received 16384 bytes in 0.029000ms
[2025-01-31 17:38:04.370658] INFO: Receive loop #12 received 7665 bytes in 0.023000ms
[2025-01-31 17:38:04.810391] INFO: Response received in 11703.359000ms
[2025-01-31 17:38:05.173473] INFO: File saved in 0.461000ms
[2025-01-31 17:38:05.389225] INFO: File saved to: /home/vc/kurotaka/objects/temp_43
[2025-01-31 17:38:05.751150] INFO: Execution permission granted to: /home/vc/kurotaka/objects/temp_43
[2025-01-31 17:38:05.918664] INFO: Executing command: /home/vc/kurotaka/objects/temp_43 117 128 1
[2025-01-31 17:38:08.398406] INFO: Command executed in 2170.987000ms
[2025-01-31 17:38:09.437336] INFO: Result saved to: /home/vc/kurotaka/results/result_43
[2025-01-31 17:38:09.910176] INFO: Second connection established in 0.258000ms
[2025-01-31 17:38:10.549147] INFO: Sending result upload request
[2025-01-31 17:38:11.364058] INFO: Second request sent in 0.024000ms
[2025-01-31 17:38:11.989274] INFO: Result uploaded in 0.052000ms
[2025-01-31 17:38:12.770498] INFO: Process completed successfully. Total execution time in 26020.284000ms

