
[2025-01-20 12:38:35] Program started
[2025-01-20 12:38:35] [getClientID] MySQL connection established. Execution time: 0.622 ms
[2025-01-20 12:38:35] [getClientID] SELECT table_name FROM table_registry WHERE id = :job_id / Execution time: 0.354 ms
[2025-01-20 12:38:35] [getClientID] SELECT client FROM `matrix` WHERE id = :sub_job_id / Execution time: 0.204 ms
[2025-01-20 12:38:35] getClientID completed. Execution time: 1.279 ms
[2025-01-20 12:38:35] Read file completed. Execution time: 0.008 ms
[2025-01-20 12:38:35] File saved successfully: uploads/job_1/group_1/result_12
[2025-01-20 12:38:35] [updateStatus] MySQL connection established. Execution time: 0.100 ms
[2025-01-20 12:38:35] [updateStatus] SELECT table_name FROM table_registry WHERE id = :job_id FOR UPDATE / Execution time: 0.184 ms
[2025-01-20 12:38:35] [updateStatus] UPDATE `matrix` SET status = :status WHERE id = :sub_job_id / Execution time: 0.171 ms
[2025-01-20 12:38:35] [updateStatus] SELECT COUNT(*) AS total, SUM(...) FROM `matrix` / Execution time: 0.303 ms
[2025-01-20 12:38:35] [updateStatus] UPDATE table_registry SET status = :status WHERE id = :job_id / Execution time: 0.129 ms
[2025-01-20 12:38:35] updateStatus completed. Execution time: 51.997 ms
[2025-01-20 12:38:35] Write file completed. Execution time: 52.246 ms
[2025-01-20 12:38:35] [getGroupStatus] MySQL connection established. Execution time: 0.138 ms
[2025-01-20 12:38:35] [getGroupStatus] SELECT table_name FROM table_registry WHERE id = :job_id / Execution time: 0.307 ms
[2025-01-20 12:38:35] [getGroupStatus] SELECT status FROM `matrix` WHERE group_id = :group_id / Execution time: 0.453 ms
[2025-01-20 12:38:35] getGroupStatus completed. Execution time: 1.113 ms
[2025-01-20 12:38:35] Group 1 is not completed yet.
[2025-01-20 12:38:35] Program completed. Total execution time: 74.550 ms

