
[2025-01-20 12:38:34] Program started
[2025-01-20 12:38:34] [getClientID] MySQL connection established. Execution time: 1.022 ms
[2025-01-20 12:38:34] [getClientID] SELECT table_name FROM table_registry WHERE id = :job_id / Execution time: 0.339 ms
[2025-01-20 12:38:34] [getClientID] SELECT client FROM `matrix` WHERE id = :sub_job_id / Execution time: 0.202 ms
[2025-01-20 12:38:34] getClientID completed. Execution time: 1.696 ms
[2025-01-20 12:38:34] Read file completed. Execution time: 0.007 ms
[2025-01-20 12:38:34] File saved successfully: uploads/job_1/group_1/result_51
[2025-01-20 12:38:34] [updateStatus] MySQL connection established. Execution time: 0.224 ms
[2025-01-20 12:38:34] [updateStatus] SELECT table_name FROM table_registry WHERE id = :job_id FOR UPDATE / Execution time: 1.289 ms
[2025-01-20 12:38:34] [updateStatus] UPDATE `matrix` SET status = :status WHERE id = :sub_job_id / Execution time: 0.280 ms
[2025-01-20 12:38:34] [updateStatus] SELECT COUNT(*) AS total, SUM(...) FROM `matrix` / Execution time: 0.418 ms
[2025-01-20 12:38:34] [updateStatus] UPDATE table_registry SET status = :status WHERE id = :job_id / Execution time: 0.171 ms
[2025-01-20 12:38:34] updateStatus completed. Execution time: 246.039 ms
[2025-01-20 12:38:34] Write file completed. Execution time: 248.874 ms
[2025-01-20 12:38:34] [getGroupStatus] MySQL connection established. Execution time: 0.058 ms
[2025-01-20 12:38:34] [getGroupStatus] SELECT table_name FROM table_registry WHERE id = :job_id / Execution time: 0.239 ms
[2025-01-20 12:38:34] [getGroupStatus] SELECT status FROM `matrix` WHERE group_id = :group_id / Execution time: 0.636 ms
[2025-01-20 12:38:34] getGroupStatus completed. Execution time: 1.186 ms
[2025-01-20 12:38:34] Group 1 is not completed yet.
[2025-01-20 12:38:34] Program completed. Total execution time: 266.326 ms

