
[2025-01-20 12:38:36] Program started
[2025-01-20 12:38:36] [getClientID] MySQL connection established. Execution time: 0.279 ms
[2025-01-20 12:38:36] [getClientID] SELECT table_name FROM table_registry WHERE id = :job_id / Execution time: 0.360 ms
[2025-01-20 12:38:36] [getClientID] SELECT client FROM `matrix` WHERE id = :sub_job_id / Execution time: 0.198 ms
[2025-01-20 12:38:36] getClientID completed. Execution time: 1.069 ms
[2025-01-20 12:38:36] Read file completed. Execution time: 0.007 ms
[2025-01-20 12:38:36] File saved successfully: uploads/job_1/group_1/result_25
[2025-01-20 12:38:36] [updateStatus] MySQL connection established. Execution time: 0.229 ms
[2025-01-20 12:38:36] [updateStatus] SELECT table_name FROM table_registry WHERE id = :job_id FOR UPDATE / Execution time: 8.220 ms
[2025-01-20 12:38:36] [updateStatus] UPDATE `matrix` SET status = :status WHERE id = :sub_job_id / Execution time: 0.199 ms
[2025-01-20 12:38:36] [updateStatus] SELECT COUNT(*) AS total, SUM(...) FROM `matrix` / Execution time: 0.326 ms
[2025-01-20 12:38:36] [updateStatus] UPDATE table_registry SET status = :status WHERE id = :job_id / Execution time: 0.129 ms
[2025-01-20 12:38:36] updateStatus completed. Execution time: 152.517 ms
[2025-01-20 12:38:36] Write file completed. Execution time: 155.222 ms
[2025-01-20 12:38:36] [getGroupStatus] MySQL connection established. Execution time: 0.098 ms
[2025-01-20 12:38:36] [getGroupStatus] SELECT table_name FROM table_registry WHERE id = :job_id / Execution time: 0.329 ms
[2025-01-20 12:38:36] [getGroupStatus] SELECT status FROM `matrix` WHERE group_id = :group_id / Execution time: 0.563 ms
[2025-01-20 12:38:36] getGroupStatus completed. Execution time: 1.164 ms
[2025-01-20 12:38:36] Merge request completed. Execution time (not actual merge.php execution time, but just request): 23.778 ms
[2025-01-20 12:38:36] Program completed. Total execution time: 204.361 ms

