
[2025-01-31 17:46:26.355774] INFO: Process started with ID: 247
[2025-01-31 17:46:27.664421] INFO: First connection established in 0.203000ms
[2025-01-31 17:46:29.278010] INFO: Sending request: GET /http_server/send-object.php?ID=247 HTTP/1.1
Host: 192.168.100.3
Connection: close


[2025-01-31 17:46:30.619890] INFO: First request sent in 0.035000ms
[2025-01-31 17:46:32.237683] INFO: Time from request to first response in 0.031000ms
[2025-01-31 17:46:33.790551] INFO: Received headers - MPI-Rank: 192, Group-ID: 1, Job-ID: 1, Sub-Job-ID: 193, Rank-Count: 256
[2025-01-31 17:46:35.063344] INFO: Receive loop #1 received 16384 bytes in 2845.095000ms
[2025-01-31 17:46:36.735847] INFO: Receive loop #2 received 16384 bytes in 0.069000ms
[2025-01-31 17:46:38.377449] INFO: Receive loop #3 received 16384 bytes in 0.078000ms
[2025-01-31 17:46:39.936696] INFO: Receive loop #4 received 16384 bytes in 0.104000ms
[2025-01-31 17:46:41.383351] INFO: Receive loop #5 received 16384 bytes in 0.031000ms
[2025-01-31 17:46:43.273296] INFO: Receive loop #6 received 16384 bytes in 0.030000ms
[2025-01-31 17:46:44.743469] INFO: Receive loop #7 received 16384 bytes in 0.031000ms
[2025-01-31 17:46:45.877233] INFO: Receive loop #8 received 16384 bytes in 0.057000ms
[2025-01-31 17:46:47.039630] INFO: Receive loop #9 received 16384 bytes in 0.010000ms
[2025-01-31 17:46:48.350606] INFO: Receive loop #10 received 16384 bytes in 0.023000ms
[2025-01-31 17:46:49.184184] INFO: Receive loop #11 received 16384 bytes in 0.012000ms
[2025-01-31 17:46:50.498044] INFO: Receive loop #12 received 7665 bytes in 0.018000ms
[2025-01-31 17:46:51.970720] INFO: Response received in 19144.488000ms
[2025-01-31 17:46:53.055676] INFO: File saved in 0.205000ms
[2025-01-31 17:46:54.406341] INFO: File saved to: /home/vc/kurotaka/objects/temp_247
[2025-01-31 17:46:56.223763] INFO: Execution permission granted to: /home/vc/kurotaka/objects/temp_247
[2025-01-31 17:46:57.809804] INFO: Executing command: /home/vc/kurotaka/objects/temp_247 192 256 1
[2025-01-31 17:47:04.962257] INFO: Command executed in 6185.824000ms
[2025-01-31 17:47:06.065503] INFO: Result saved to: /home/vc/kurotaka/results/result_247
[2025-01-31 17:47:07.434746] INFO: Second connection established in 0.150000ms
[2025-01-31 17:47:09.810987] INFO: Sending result upload request
[2025-01-31 17:47:11.132045] INFO: Second request sent in 0.022000ms
[2025-01-31 17:47:13.001766] INFO: Result uploaded in 0.079000ms
[2025-01-31 17:47:14.374318] INFO: Process completed successfully. Total execution time in 59372.999000ms

