
[2025-01-31 17:46:15.363921] INFO: Process started with ID: 103
[2025-01-31 17:46:15.997433] INFO: First connection established in 0.195000ms
[2025-01-31 17:46:17.158211] INFO: Sending request: GET /http_server/send-object.php?ID=103 HTTP/1.1
Host: 192.168.100.3
Connection: close


[2025-01-31 17:46:17.879421] INFO: First request sent in 0.039000ms
[2025-01-31 17:46:18.661734] INFO: Time from request to first response in 0.030000ms
[2025-01-31 17:46:20.220440] INFO: Received headers - MPI-Rank: 55, Group-ID: 1, Job-ID: 1, Sub-Job-ID: 56, Rank-Count: 256
[2025-01-31 17:46:20.963525] INFO: Receive loop #1 received 16384 bytes in 2391.273000ms
[2025-01-31 17:46:22.475913] INFO: Receive loop #2 received 16384 bytes in 0.073000ms
[2025-01-31 17:46:23.576509] INFO: Receive loop #3 received 16384 bytes in 0.079000ms
[2025-01-31 17:46:25.046971] INFO: Receive loop #4 received 16384 bytes in 0.116000ms
[2025-01-31 17:46:25.912113] INFO: Receive loop #5 received 16384 bytes in 0.029000ms
[2025-01-31 17:46:27.336376] INFO: Receive loop #6 received 16384 bytes in 0.031000ms
[2025-01-31 17:46:28.591796] INFO: Receive loop #7 received 16384 bytes in 0.028000ms
[2025-01-31 17:46:30.075150] INFO: Receive loop #8 received 16384 bytes in 0.283000ms
[2025-01-31 17:46:31.789773] INFO: Receive loop #9 received 16384 bytes in 0.030000ms
[2025-01-31 17:46:33.131625] INFO: Receive loop #10 received 16384 bytes in 0.026000ms
[2025-01-31 17:46:34.554092] INFO: Receive loop #11 received 16384 bytes in 0.036000ms
[2025-01-31 17:46:35.993224] INFO: Receive loop #12 received 7663 bytes in 0.020000ms
[2025-01-31 17:46:37.732220] INFO: Response received in 18910.849000ms
[2025-01-31 17:46:39.599742] INFO: File saved in 0.544000ms
[2025-01-31 17:46:40.909979] INFO: File saved to: /home/vc/kurotaka/objects/temp_103
[2025-01-31 17:46:44.408040] INFO: Execution permission granted to: /home/vc/kurotaka/objects/temp_103
[2025-01-31 17:46:45.254970] INFO: Executing command: /home/vc/kurotaka/objects/temp_103 55 256 1
[2025-01-31 17:47:04.987978] INFO: Command executed in 18825.386000ms
[2025-01-31 17:47:06.134721] INFO: Result saved to: /home/vc/kurotaka/results/result_103
[2025-01-31 17:47:07.686021] INFO: Second connection established in 0.258000ms
[2025-01-31 17:47:09.963744] INFO: Sending result upload request
[2025-01-31 17:47:11.395709] INFO: Second request sent in 0.026000ms
[2025-01-31 17:47:13.144901] INFO: Result uploaded in 0.062000ms
[2025-01-31 17:47:14.547336] INFO: Process completed successfully. Total execution time in 59579.193000ms

