
[2025-01-31 17:46:30.050939] INFO: Process started with ID: 83
[2025-01-31 17:46:31.789924] INFO: First connection established in 0.262000ms
[2025-01-31 17:46:33.158086] INFO: Sending request: GET /http_server/send-object.php?ID=83 HTTP/1.1
Host: 192.168.100.3
Connection: close


[2025-01-31 17:46:34.596944] INFO: First request sent in 0.034000ms
[2025-01-31 17:46:36.104588] INFO: Time from request to first response in 0.031000ms
[2025-01-31 17:46:37.762367] INFO: Received headers - MPI-Rank: 226, Group-ID: 1, Job-ID: 1, Sub-Job-ID: 227, Rank-Count: 256
[2025-01-31 17:46:39.599591] INFO: Receive loop #1 received 16384 bytes in 3597.686000ms
[2025-01-31 17:46:40.909979] INFO: Receive loop #2 received 16384 bytes in 0.067000ms
[2025-01-31 17:46:42.911922] INFO: Receive loop #3 received 16384 bytes in 0.078000ms
[2025-01-31 17:46:44.720601] INFO: Receive loop #4 received 16384 bytes in 0.029000ms
[2025-01-31 17:46:46.048326] INFO: Receive loop #5 received 16384 bytes in 0.034000ms
[2025-01-31 17:46:47.900109] INFO: Receive loop #6 received 16384 bytes in 0.005000ms
[2025-01-31 17:46:49.159910] INFO: Receive loop #7 received 16384 bytes in 0.031000ms
[2025-01-31 17:46:50.410545] INFO: Receive loop #8 received 16384 bytes in 0.296000ms
[2025-01-31 17:46:51.716366] INFO: Receive loop #9 received 16384 bytes in 0.030000ms
[2025-01-31 17:46:53.627220] INFO: Receive loop #10 received 16384 bytes in 0.030000ms
[2025-01-31 17:46:54.729058] INFO: Receive loop #11 received 16384 bytes in 0.005000ms
[2025-01-31 17:46:55.753628] INFO: Receive loop #12 received 7665 bytes in 0.025000ms
[2025-01-31 17:46:57.050882] INFO: Response received in 20706.584000ms
[2025-01-31 17:46:58.225270] INFO: File saved in 0.113000ms
[2025-01-31 17:46:58.733065] INFO: File saved to: /home/vc/kurotaka/objects/temp_83
[2025-01-31 17:46:59.696294] INFO: Execution permission granted to: /home/vc/kurotaka/objects/temp_83
[2025-01-31 17:47:00.432497] INFO: Executing command: /home/vc/kurotaka/objects/temp_83 226 256 1
[2025-01-31 17:47:05.669216] INFO: Command executed in 3970.274000ms
[2025-01-31 17:47:07.240668] INFO: Result saved to: /home/vc/kurotaka/results/result_83
[2025-01-31 17:47:09.542678] INFO: Second connection established in 0.232000ms
[2025-01-31 17:47:10.975389] INFO: Sending result upload request
[2025-01-31 17:47:12.880571] INFO: Second request sent in 0.027000ms
[2025-01-31 17:47:14.274291] INFO: Result uploaded in 0.057000ms
[2025-01-31 17:47:16.052167] INFO: Process completed successfully. Total execution time in 1m 831.645000ms

