
[2025-01-31 17:46:17.960929] INFO: Process started with ID: 181
[2025-01-31 17:46:18.935599] INFO: First connection established in 0.269000ms
[2025-01-31 17:46:20.303485] INFO: Sending request: GET /http_server/send-object.php?ID=181 HTTP/1.1
Host: 192.168.100.3
Connection: close


[2025-01-31 17:46:21.188726] INFO: First request sent in 0.036000ms
[2025-01-31 17:46:22.969209] INFO: Time from request to first response in 0.030000ms
[2025-01-31 17:46:24.113991] INFO: Received headers - MPI-Rank: 102, Group-ID: 1, Job-ID: 1, Sub-Job-ID: 103, Rank-Count: 256
[2025-01-31 17:46:25.378533] INFO: Receive loop #1 received 16384 bytes in 2621.842000ms
[2025-01-31 17:46:26.401877] INFO: Receive loop #2 received 16384 bytes in 0.062000ms
[2025-01-31 17:46:27.747262] INFO: Receive loop #3 received 16384 bytes in 0.077000ms
[2025-01-31 17:46:29.347894] INFO: Receive loop #4 received 16384 bytes in 0.112000ms
[2025-01-31 17:46:30.712546] INFO: Receive loop #5 received 16384 bytes in 0.029000ms
[2025-01-31 17:46:32.388929] INFO: Receive loop #6 received 16384 bytes in 0.030000ms
[2025-01-31 17:46:33.989962] INFO: Receive loop #7 received 16384 bytes in 0.029000ms
[2025-01-31 17:46:35.111152] INFO: Receive loop #8 received 16384 bytes in 0.254000ms
[2025-01-31 17:46:36.859758] INFO: Receive loop #9 received 16384 bytes in 0.031000ms
[2025-01-31 17:46:38.479813] INFO: Receive loop #10 received 16384 bytes in 0.030000ms
[2025-01-31 17:46:39.937129] INFO: Receive loop #11 received 16384 bytes in 0.029000ms
[2025-01-31 17:46:41.383234] INFO: Receive loop #12 received 7665 bytes in 0.019000ms
[2025-01-31 17:46:43.584640] INFO: Response received in 20075.210000ms
[2025-01-31 17:46:44.943510] INFO: File saved in 0.571000ms
[2025-01-31 17:46:45.877540] INFO: File saved to: /home/vc/kurotaka/objects/temp_181
[2025-01-31 17:46:47.935983] INFO: Execution permission granted to: /home/vc/kurotaka/objects/temp_181
[2025-01-31 17:46:49.161426] INFO: Executing command: /home/vc/kurotaka/objects/temp_181 102 256 1
[2025-01-31 17:47:07.434792] INFO: Command executed in 17194.637000ms
[2025-01-31 17:47:09.810872] INFO: Result saved to: /home/vc/kurotaka/results/result_181
[2025-01-31 17:47:11.023442] INFO: Second connection established in 0.214000ms
[2025-01-31 17:47:12.949913] INFO: Sending result upload request
[2025-01-31 17:47:14.374398] INFO: Second request sent in 0.024000ms
[2025-01-31 17:47:16.112223] INFO: Result uploaded in 0.050000ms
[2025-01-31 17:47:17.746217] INFO: Process completed successfully. Total execution time in 1m 2430.511000ms

