
[2025-01-31 16:39:14.990947] INFO: Process started with ID: 221
[2025-01-31 16:39:17.007538] INFO: First connection established in 0.259000ms
[2025-01-31 16:39:18.187358] INFO: Sending request: GET /http_server/send-object.php?ID=221 HTTP/1.1
Host: 192.168.100.3
Connection: close


[2025-01-31 16:39:19.591136] INFO: First request sent in 0.031000ms
[2025-01-31 16:39:21.376894] INFO: Time from request to first response in 0.032000ms
[2025-01-31 16:39:23.377047] INFO: Received headers - MPI-Rank: 255, Group-ID: 1, Job-ID: 1, Sub-Job-ID: 256, Rank-Count: 256
[2025-01-31 16:39:25.179256] INFO: Receive loop #1 received 16384 bytes in 3592.847000ms
[2025-01-31 16:39:26.516962] INFO: Receive loop #2 received 16384 bytes in 0.071000ms
[2025-01-31 16:39:27.451820] INFO: Receive loop #3 received 16384 bytes in 0.075000ms
[2025-01-31 16:39:28.885831] INFO: Receive loop #4 received 16384 bytes in 0.027000ms
[2025-01-31 16:39:30.326221] INFO: Receive loop #5 received 16384 bytes in 0.004000ms
[2025-01-31 16:39:31.660297] INFO: Receive loop #6 received 16384 bytes in 0.028000ms
[2025-01-31 16:39:33.121801] INFO: Receive loop #7 received 16384 bytes in 0.006000ms
[2025-01-31 16:39:34.604335] INFO: Receive loop #8 received 16384 bytes in 0.264000ms
[2025-01-31 16:39:35.917499] INFO: Receive loop #9 received 16384 bytes in 0.007000ms
[2025-01-31 16:39:37.357260] INFO: Receive loop #10 received 16384 bytes in 0.032000ms
[2025-01-31 16:39:38.763218] INFO: Receive loop #11 received 16384 bytes in 0.007000ms
[2025-01-31 16:39:39.864516] INFO: Receive loop #12 received 7665 bytes in 0.003000ms
[2025-01-31 16:39:40.299427] INFO: Response received in 19216.146000ms
[2025-01-31 16:39:40.813887] INFO: File saved in 0.087000ms
[2025-01-31 16:39:41.525110] INFO: File saved to: /home/vc/kurotaka/objects/temp_221
[2025-01-31 16:39:43.614471] INFO: Execution permission granted to: /home/vc/kurotaka/objects/temp_221
[2025-01-31 16:39:43.745671] INFO: Executing command: /home/vc/kurotaka/objects/temp_221 255 256 1
[2025-01-31 16:39:48.224734] INFO: Command executed in 4063.777000ms
[2025-01-31 16:39:49.634561] INFO: Result saved to: /home/vc/kurotaka/results/result_221
[2025-01-31 16:39:51.930327] INFO: Second connection established in 0.150000ms
[2025-01-31 16:39:53.678676] INFO: Sending result upload request
[2025-01-31 16:39:55.196741] INFO: Second request sent in 0.029000ms
[2025-01-31 16:39:56.402921] INFO: Result uploaded in 0.054000ms
[2025-01-31 16:39:57.433481] INFO: Process completed successfully. Total execution time in 59711.362000ms

