
[2025-01-31 16:38:57.556259] INFO: Process started with ID: 88
[2025-01-31 16:38:57.753048] INFO: First connection established in 0.164000ms
[2025-01-31 16:38:58.120933] INFO: Sending request: GET /http_server/send-object.php?ID=88 HTTP/1.1
Host: 192.168.100.3
Connection: close


[2025-01-31 16:38:58.712780] INFO: First request sent in 0.034000ms
[2025-01-31 16:38:59.585428] INFO: Time from request to first response in 0.030000ms
[2025-01-31 16:39:00.383430] INFO: Received headers - MPI-Rank: 21, Group-ID: 1, Job-ID: 1, Sub-Job-ID: 22, Rank-Count: 256
[2025-01-31 16:39:01.099159] INFO: Receive loop #1 received 16384 bytes in 1604.266000ms
[2025-01-31 16:39:02.323559] INFO: Receive loop #2 received 16384 bytes in 0.011000ms
[2025-01-31 16:39:03.359370] INFO: Receive loop #3 received 16384 bytes in 0.090000ms
[2025-01-31 16:39:04.615563] INFO: Receive loop #4 received 16384 bytes in 0.111000ms
[2025-01-31 16:39:06.044601] INFO: Receive loop #5 received 16384 bytes in 0.030000ms
[2025-01-31 16:39:07.282161] INFO: Receive loop #6 received 16384 bytes in 0.030000ms
[2025-01-31 16:39:08.568006] INFO: Receive loop #7 received 16384 bytes in 0.029000ms
[2025-01-31 16:39:09.599345] INFO: Receive loop #8 received 16384 bytes in 0.264000ms
[2025-01-31 16:39:10.641462] INFO: Receive loop #9 received 16384 bytes in 0.031000ms
[2025-01-31 16:39:11.880967] INFO: Receive loop #10 received 16384 bytes in 0.030000ms
[2025-01-31 16:39:13.066547] INFO: Receive loop #11 received 16384 bytes in 0.030000ms
[2025-01-31 16:39:14.479403] INFO: Receive loop #12 received 7663 bytes in 0.019000ms
[2025-01-31 16:39:16.039940] INFO: Response received in 16253.913000ms
[2025-01-31 16:39:17.856200] INFO: File saved in 0.463000ms
[2025-01-31 16:39:19.219194] INFO: File saved to: /home/vc/kurotaka/objects/temp_88
[2025-01-31 16:39:20.883972] INFO: Execution permission granted to: /home/vc/kurotaka/objects/temp_88
[2025-01-31 16:39:22.781488] INFO: Executing command: /home/vc/kurotaka/objects/temp_88 21 256 1
[2025-01-31 16:39:51.633781] INFO: Command executed in 26565.411000ms
[2025-01-31 16:39:53.232150] INFO: Result saved to: /home/vc/kurotaka/results/result_88
[2025-01-31 16:39:54.901366] INFO: Second connection established in 0.260000ms
[2025-01-31 16:39:56.163072] INFO: Sending result upload request
[2025-01-31 16:39:57.160145] INFO: Second request sent in 0.025000ms
[2025-01-31 16:39:58.738942] INFO: Result uploaded in 0.053000ms
[2025-01-31 16:40:00.449998] INFO: Process completed successfully. Total execution time in 1m 2588.744000ms

