
[2025-01-31 16:39:03.925820] INFO: Process started with ID: 216
[2025-01-31 16:39:05.580134] INFO: First connection established in 0.185000ms
[2025-01-31 16:39:06.542203] INFO: Sending request: GET /http_server/send-object.php?ID=216 HTTP/1.1
Host: 192.168.100.3
Connection: close


[2025-01-31 16:39:08.118270] INFO: First request sent in 0.040000ms
[2025-01-31 16:39:09.217936] INFO: Time from request to first response in 0.030000ms
[2025-01-31 16:39:10.045418] INFO: Received headers - MPI-Rank: 143, Group-ID: 1, Job-ID: 1, Sub-Job-ID: 144, Rank-Count: 256
[2025-01-31 16:39:11.012176] INFO: Receive loop #1 received 16384 bytes in 1907.997000ms
[2025-01-31 16:39:12.301393] INFO: Receive loop #2 received 16384 bytes in 0.074000ms
[2025-01-31 16:39:13.455609] INFO: Receive loop #3 received 16384 bytes in 0.100000ms
[2025-01-31 16:39:15.008779] INFO: Receive loop #4 received 16384 bytes in 0.111000ms
[2025-01-31 16:39:17.057880] INFO: Receive loop #5 received 16384 bytes in 0.029000ms
[2025-01-31 16:39:18.350257] INFO: Receive loop #6 received 16384 bytes in 0.029000ms
[2025-01-31 16:39:19.735544] INFO: Receive loop #7 received 16384 bytes in 0.028000ms
[2025-01-31 16:39:21.518171] INFO: Receive loop #8 received 16384 bytes in 0.282000ms
[2025-01-31 16:39:23.529265] INFO: Receive loop #9 received 16384 bytes in 0.024000ms
[2025-01-31 16:39:24.940596] INFO: Receive loop #10 received 16384 bytes in 0.031000ms
[2025-01-31 16:39:26.518470] INFO: Receive loop #11 received 16384 bytes in 0.031000ms
[2025-01-31 16:39:27.452197] INFO: Receive loop #12 received 7665 bytes in 0.019000ms
[2025-01-31 16:39:28.923663] INFO: Response received in 19428.102000ms
[2025-01-31 16:39:30.326284] INFO: File saved in 0.093000ms
[2025-01-31 16:39:31.725437] INFO: File saved to: /home/vc/kurotaka/objects/temp_216
[2025-01-31 16:39:33.989820] INFO: Execution permission granted to: /home/vc/kurotaka/objects/temp_216
[2025-01-31 16:39:35.520232] INFO: Executing command: /home/vc/kurotaka/objects/temp_216 143 256 1
[2025-01-31 16:39:49.108468] INFO: Command executed in 12619.404000ms
[2025-01-31 16:39:51.574058] INFO: Result saved to: /home/vc/kurotaka/results/result_216
[2025-01-31 16:39:53.232301] INFO: Second connection established in 0.135000ms
[2025-01-31 16:39:54.880589] INFO: Sending result upload request
[2025-01-31 16:39:56.163622] INFO: Second request sent in 0.022000ms
[2025-01-31 16:39:57.286553] INFO: Result uploaded in 0.058000ms
[2025-01-31 16:39:58.910858] INFO: Process completed successfully. Total execution time in 1m 655.365000ms

