
[2025-01-31 16:39:12.743931] INFO: Process started with ID: 220
[2025-01-31 16:39:14.029194] INFO: First connection established in 0.174000ms
[2025-01-31 16:39:15.565994] INFO: Sending request: GET /http_server/send-object.php?ID=220 HTTP/1.1
Host: 192.168.100.3
Connection: close


[2025-01-31 16:39:17.416589] INFO: First request sent in 0.036000ms
[2025-01-31 16:39:18.677359] INFO: Time from request to first response in 0.031000ms
[2025-01-31 16:39:20.135349] INFO: Received headers - MPI-Rank: 235, Group-ID: 1, Job-ID: 1, Sub-Job-ID: 236, Rank-Count: 256
[2025-01-31 16:39:21.930967] INFO: Receive loop #1 received 16384 bytes in 3105.501000ms
[2025-01-31 16:39:23.944134] INFO: Receive loop #2 received 16384 bytes in 0.015000ms
[2025-01-31 16:39:25.222695] INFO: Receive loop #3 received 16384 bytes in 0.085000ms
[2025-01-31 16:39:26.517445] INFO: Receive loop #4 received 16384 bytes in 0.133000ms
[2025-01-31 16:39:27.451843] INFO: Receive loop #5 received 16384 bytes in 0.029000ms
[2025-01-31 16:39:28.885760] INFO: Receive loop #6 received 16384 bytes in 0.006000ms
[2025-01-31 16:39:30.262319] INFO: Receive loop #7 received 16384 bytes in 0.029000ms
[2025-01-31 16:39:31.623790] INFO: Receive loop #8 received 16384 bytes in 0.288000ms
[2025-01-31 16:39:33.121790] INFO: Receive loop #9 received 16384 bytes in 0.006000ms
[2025-01-31 16:39:34.578006] INFO: Receive loop #10 received 16384 bytes in 0.032000ms
[2025-01-31 16:39:35.895086] INFO: Receive loop #11 received 16384 bytes in 0.007000ms
[2025-01-31 16:39:37.356408] INFO: Receive loop #12 received 7665 bytes in 0.018000ms
[2025-01-31 16:39:38.687696] INFO: Response received in 19880.360000ms
[2025-01-31 16:39:39.849318] INFO: File saved in 0.089000ms
[2025-01-31 16:39:40.299126] INFO: File saved to: /home/vc/kurotaka/objects/temp_220
[2025-01-31 16:39:41.364033] INFO: Execution permission granted to: /home/vc/kurotaka/objects/temp_220
[2025-01-31 16:39:43.073080] INFO: Executing command: /home/vc/kurotaka/objects/temp_220 235 256 1
[2025-01-31 16:39:48.224214] INFO: Command executed in 4397.240000ms
[2025-01-31 16:39:49.634539] INFO: Result saved to: /home/vc/kurotaka/results/result_220
[2025-01-31 16:39:51.911880] INFO: Second connection established in 0.150000ms
[2025-01-31 16:39:53.678927] INFO: Sending result upload request
[2025-01-31 16:39:55.196760] INFO: Second request sent in 0.029000ms
[2025-01-31 16:39:56.403150] INFO: Result uploaded in 0.056000ms
[2025-01-31 16:39:57.507378] INFO: Process completed successfully. Total execution time in 59781.909000ms

