
[2025-01-31 16:39:08.323800] INFO: Process started with ID: 70
[2025-01-31 16:39:09.412013] INFO: First connection established in 0.229000ms
[2025-01-31 16:39:10.420719] INFO: Sending request: GET /http_server/send-object.php?ID=70 HTTP/1.1
Host: 192.168.100.3
Connection: close


[2025-01-31 16:39:11.669232] INFO: First request sent in 0.035000ms
[2025-01-31 16:39:12.759066] INFO: Time from request to first response in 0.032000ms
[2025-01-31 16:39:14.123888] INFO: Received headers - MPI-Rank: 186, Group-ID: 1, Job-ID: 1, Sub-Job-ID: 187, Rank-Count: 256
[2025-01-31 16:39:15.663649] INFO: Receive loop #1 received 16384 bytes in 2810.420000ms
[2025-01-31 16:39:17.514499] INFO: Receive loop #2 received 16384 bytes in 0.060000ms
[2025-01-31 16:39:18.788862] INFO: Receive loop #3 received 16384 bytes in 0.079000ms
[2025-01-31 16:39:20.340237] INFO: Receive loop #4 received 16384 bytes in 0.110000ms
[2025-01-31 16:39:22.181755] INFO: Receive loop #5 received 16384 bytes in 0.029000ms
[2025-01-31 16:39:24.247001] INFO: Receive loop #6 received 16384 bytes in 0.007000ms
[2025-01-31 16:39:26.193847] INFO: Receive loop #7 received 16384 bytes in 0.008000ms
[2025-01-31 16:39:27.379736] INFO: Receive loop #8 received 16384 bytes in 0.275000ms
[2025-01-31 16:39:28.573385] INFO: Receive loop #9 received 16384 bytes in 0.006000ms
[2025-01-31 16:39:30.261800] INFO: Receive loop #10 received 16384 bytes in 0.046000ms
[2025-01-31 16:39:31.660646] INFO: Receive loop #11 received 16384 bytes in 0.033000ms
[2025-01-31 16:39:33.246694] INFO: Receive loop #12 received 7665 bytes in 0.005000ms
[2025-01-31 16:39:34.713053] INFO: Response received in 21579.295000ms
[2025-01-31 16:39:35.869350] INFO: File saved in 0.132000ms
[2025-01-31 16:39:37.356552] INFO: File saved to: /home/vc/kurotaka/objects/temp_70
[2025-01-31 16:39:39.660244] INFO: Execution permission granted to: /home/vc/kurotaka/objects/temp_70
[2025-01-31 16:39:40.100305] INFO: Executing command: /home/vc/kurotaka/objects/temp_70 186 256 1
[2025-01-31 16:39:49.989417] INFO: Command executed in 9011.282000ms
[2025-01-31 16:39:52.087598] INFO: Result saved to: /home/vc/kurotaka/results/result_70
[2025-01-31 16:39:53.968393] INFO: Second connection established in 0.252000ms
[2025-01-31 16:39:55.404832] INFO: Sending result upload request
[2025-01-31 16:39:56.530790] INFO: Second request sent in 0.023000ms
[2025-01-31 16:39:57.556375] INFO: Result uploaded in 0.061000ms
[2025-01-31 16:39:59.593036] INFO: Process completed successfully. Total execution time in 1m 1515.716000ms

