
[2025-01-31 16:39:00.733353] INFO: Process started with ID: 245
[2025-01-31 16:39:01.726228] INFO: First connection established in 0.230000ms
[2025-01-31 16:39:03.001515] INFO: Sending request: GET /http_server/send-object.php?ID=245 HTTP/1.1
Host: 192.168.100.3
Connection: close


[2025-01-31 16:39:03.810864] INFO: First request sent in 0.036000ms
[2025-01-31 16:39:05.369042] INFO: Time from request to first response in 0.032000ms
[2025-01-31 16:39:06.396601] INFO: Received headers - MPI-Rank: 102, Group-ID: 1, Job-ID: 1, Sub-Job-ID: 103, Rank-Count: 256
[2025-01-31 16:39:07.790901] INFO: Receive loop #1 received 16384 bytes in 2580.490000ms
[2025-01-31 16:39:09.008729] INFO: Receive loop #2 received 16384 bytes in 0.066000ms
[2025-01-31 16:39:09.910584] INFO: Receive loop #3 received 16384 bytes in 0.082000ms
[2025-01-31 16:39:10.868735] INFO: Receive loop #4 received 16384 bytes in 0.118000ms
[2025-01-31 16:39:12.147128] INFO: Receive loop #5 received 16384 bytes in 0.031000ms
[2025-01-31 16:39:13.282252] INFO: Receive loop #6 received 16384 bytes in 0.072000ms
[2025-01-31 16:39:14.859863] INFO: Receive loop #7 received 16384 bytes in 0.030000ms
[2025-01-31 16:39:16.605075] INFO: Receive loop #8 received 16384 bytes in 0.249000ms
[2025-01-31 16:39:18.089621] INFO: Receive loop #9 received 16384 bytes in 0.030000ms
[2025-01-31 16:39:19.440030] INFO: Receive loop #10 received 16384 bytes in 0.028000ms
[2025-01-31 16:39:21.184502] INFO: Receive loop #11 received 16384 bytes in 0.047000ms
[2025-01-31 16:39:23.041552] INFO: Receive loop #12 received 7665 bytes in 0.020000ms
[2025-01-31 16:39:24.941233] INFO: Response received in 19473.600000ms
[2025-01-31 16:39:26.588198] INFO: File saved in 0.569000ms
[2025-01-31 16:39:27.542174] INFO: File saved to: /home/vc/kurotaka/objects/temp_245
[2025-01-31 16:39:29.771348] INFO: Execution permission granted to: /home/vc/kurotaka/objects/temp_245
[2025-01-31 16:39:31.162746] INFO: Executing command: /home/vc/kurotaka/objects/temp_245 102 256 1
[2025-01-31 16:39:48.632638] INFO: Command executed in 16607.141000ms
[2025-01-31 16:39:50.723259] INFO: Result saved to: /home/vc/kurotaka/results/result_245
[2025-01-31 16:39:52.745140] INFO: Second connection established in 0.142000ms
[2025-01-31 16:39:54.470533] INFO: Sending result upload request
[2025-01-31 16:39:55.802125] INFO: Second request sent in 0.026000ms
[2025-01-31 16:39:56.847330] INFO: Result uploaded in 0.061000ms
[2025-01-31 16:39:58.045127] INFO: Process completed successfully. Total execution time in 1m 263.294000ms

