
[2025-01-31 16:39:03.726855] INFO: Process started with ID: 190
[2025-01-31 16:39:05.368779] INFO: First connection established in 0.578000ms
[2025-01-31 16:39:06.421792] INFO: Sending request: GET /http_server/send-object.php?ID=190 HTTP/1.1
Host: 192.168.100.3
Connection: close


[2025-01-31 16:39:07.960137] INFO: First request sent in 0.046000ms
[2025-01-31 16:39:09.115077] INFO: Time from request to first response in 0.006000ms
[2025-01-31 16:39:10.045168] INFO: Received headers - MPI-Rank: 142, Group-ID: 1, Job-ID: 1, Sub-Job-ID: 143, Rank-Count: 256
[2025-01-31 16:39:11.060643] INFO: Receive loop #1 received 16384 bytes in 1991.747000ms
[2025-01-31 16:39:12.338383] INFO: Receive loop #2 received 16384 bytes in 0.060000ms
[2025-01-31 16:39:13.500360] INFO: Receive loop #3 received 16384 bytes in 0.100000ms
[2025-01-31 16:39:15.057961] INFO: Receive loop #4 received 16384 bytes in 0.115000ms
[2025-01-31 16:39:17.040345] INFO: Receive loop #5 received 16384 bytes in 0.027000ms
[2025-01-31 16:39:18.271531] INFO: Receive loop #6 received 16384 bytes in 0.006000ms
[2025-01-31 16:39:19.639763] INFO: Receive loop #7 received 16384 bytes in 0.030000ms
[2025-01-31 16:39:21.403596] INFO: Receive loop #8 received 16384 bytes in 0.395000ms
[2025-01-31 16:39:23.441090] INFO: Receive loop #9 received 16384 bytes in 0.046000ms
[2025-01-31 16:39:24.940435] INFO: Receive loop #10 received 16384 bytes in 0.036000ms
[2025-01-31 16:39:26.517677] INFO: Receive loop #11 received 16384 bytes in 0.035000ms
[2025-01-31 16:39:27.723135] INFO: Receive loop #12 received 7665 bytes in 0.003000ms
[2025-01-31 16:39:28.848983] INFO: Response received in 19699.669000ms
[2025-01-31 16:39:30.066043] INFO: File saved in 0.124000ms
[2025-01-31 16:39:31.508276] INFO: File saved to: /home/vc/kurotaka/objects/temp_190
[2025-01-31 16:39:33.888090] INFO: Execution permission granted to: /home/vc/kurotaka/objects/temp_190
[2025-01-31 16:39:34.682947] INFO: Executing command: /home/vc/kurotaka/objects/temp_190 142 256 1
[2025-01-31 16:39:49.634566] INFO: Command executed in 13526.929000ms
[2025-01-31 16:39:51.818336] INFO: Result saved to: /home/vc/kurotaka/results/result_190
[2025-01-31 16:39:53.619952] INFO: Second connection established in 0.253000ms
[2025-01-31 16:39:55.142512] INFO: Sending result upload request
[2025-01-31 16:39:56.357436] INFO: Second request sent in 0.025000ms
[2025-01-31 16:39:57.403873] INFO: Result uploaded in 0.052000ms
[2025-01-31 16:39:59.143793] INFO: Process completed successfully. Total execution time in 1m 828.170000ms

