
[2025-01-31 16:38:57.477160] INFO: Process started with ID: 182
[2025-01-31 16:38:57.652184] INFO: First connection established in 0.194000ms
[2025-01-31 16:38:57.956215] INFO: Sending request: GET /http_server/send-object.php?ID=182 HTTP/1.1
Host: 192.168.100.3
Connection: close


[2025-01-31 16:38:58.443208] INFO: First request sent in 0.034000ms
[2025-01-31 16:38:59.259888] INFO: Time from request to first response in 0.035000ms
[2025-01-31 16:39:00.269548] INFO: Received headers - MPI-Rank: 11, Group-ID: 1, Job-ID: 1, Sub-Job-ID: 12, Rank-Count: 256
[2025-01-31 16:39:00.813291] INFO: Receive loop #1 received 16384 bytes in 1575.600000ms
[2025-01-31 16:39:01.886284] INFO: Receive loop #2 received 16384 bytes in 0.066000ms
[2025-01-31 16:39:03.084490] INFO: Receive loop #3 received 16384 bytes in 0.077000ms
[2025-01-31 16:39:04.053563] INFO: Receive loop #4 received 16384 bytes in 0.132000ms
[2025-01-31 16:39:05.715813] INFO: Receive loop #5 received 16384 bytes in 0.028000ms
[2025-01-31 16:39:06.647428] INFO: Receive loop #6 received 16384 bytes in 0.037000ms
[2025-01-31 16:39:08.186185] INFO: Receive loop #7 received 16384 bytes in 0.043000ms
[2025-01-31 16:39:09.323748] INFO: Receive loop #8 received 16384 bytes in 0.322000ms
[2025-01-31 16:39:10.241280] INFO: Receive loop #9 received 16384 bytes in 0.041000ms
[2025-01-31 16:39:11.374457] INFO: Receive loop #10 received 16384 bytes in 0.033000ms
[2025-01-31 16:39:12.563992] INFO: Receive loop #11 received 16384 bytes in 0.054000ms
[2025-01-31 16:39:13.805837] INFO: Receive loop #12 received 7663 bytes in 0.018000ms
[2025-01-31 16:39:15.470998] INFO: Response received in 15905.011000ms
[2025-01-31 16:39:17.332386] INFO: File saved in 0.462000ms
[2025-01-31 16:39:18.566066] INFO: File saved to: /home/vc/kurotaka/objects/temp_182
[2025-01-31 16:39:20.000567] INFO: Execution permission granted to: /home/vc/kurotaka/objects/temp_182
[2025-01-31 16:39:21.813563] INFO: Executing command: /home/vc/kurotaka/objects/temp_182 11 256 1
[2025-01-31 16:39:51.573913] INFO: Command executed in 27283.523000ms
[2025-01-31 16:39:53.119340] INFO: Result saved to: /home/vc/kurotaka/results/result_182
[2025-01-31 16:39:54.782874] INFO: Second connection established in 0.159000ms
[2025-01-31 16:39:56.114601] INFO: Sending result upload request
[2025-01-31 16:39:57.199708] INFO: Second request sent in 0.025000ms
[2025-01-31 16:39:58.612247] INFO: Result uploaded in 0.052000ms
[2025-01-31 16:40:00.318707] INFO: Process completed successfully. Total execution time in 1m 2537.474000ms

