
[2025-01-31 16:03:36.471968] INFO: Process started with ID: 375
[2025-01-31 16:03:38.239951] INFO: First connection established in 0.160000ms
[2025-01-31 16:03:40.192032] INFO: Sending request: GET /http_server/send-object.php?ID=375 HTTP/1.1
Host: 192.168.100.3
Connection: close


[2025-01-31 16:03:42.361693] INFO: First request sent in 0.033000ms
[2025-01-31 16:03:44.610027] INFO: Time from request to first response in 0.031000ms
[2025-01-31 16:03:46.040930] INFO: Received headers - MPI-Rank: 222, Group-ID: 1, Job-ID: 1, Sub-Job-ID: 223, Rank-Count: 512
[2025-01-31 16:03:47.607738] INFO: Receive loop #1 received 16384 bytes in 3451.019000ms
[2025-01-31 16:03:49.740989] INFO: Receive loop #2 received 16384 bytes in 0.061000ms
[2025-01-31 16:03:52.595012] INFO: Receive loop #3 received 16384 bytes in 0.079000ms
[2025-01-31 16:03:54.996468] INFO: Receive loop #4 received 16384 bytes in 0.033000ms
[2025-01-31 16:03:57.403521] INFO: Receive loop #5 received 16384 bytes in 0.030000ms
[2025-01-31 16:03:59.218412] INFO: Receive loop #6 received 16384 bytes in 0.015000ms
[2025-01-31 16:04:01.072233] INFO: Receive loop #7 received 16384 bytes in 0.029000ms
[2025-01-31 16:04:02.493165] INFO: Receive loop #8 received 16384 bytes in 0.251000ms
[2025-01-31 16:04:04.281091] INFO: Receive loop #9 received 16384 bytes in 0.037000ms
[2025-01-31 16:04:06.746128] INFO: Receive loop #10 received 16384 bytes in 0.029000ms
[2025-01-31 16:04:08.629246] INFO: Receive loop #11 received 16384 bytes in 0.037000ms
[2025-01-31 16:04:10.616449] INFO: Receive loop #12 received 7665 bytes in 0.019000ms
[2025-01-31 16:04:12.208640] INFO: Response received in 28283.039000ms
[2025-01-31 16:04:13.724464] INFO: File saved in 0.472000ms
[2025-01-31 16:04:15.287959] INFO: File saved to: /home/vc/kurotaka/objects/temp_375
[2025-01-31 16:04:16.764625] INFO: Execution permission granted to: /home/vc/kurotaka/objects/temp_375
[2025-01-31 16:04:18.879281] INFO: Executing command: /home/vc/kurotaka/objects/temp_375 222 512 1
[2025-01-31 16:05:15.096573] INFO: Command executed in 53392.158000ms
[2025-01-31 16:05:18.270876] INFO: Result saved to: /home/vc/kurotaka/results/result_375
[2025-01-31 16:05:22.438160] INFO: Second connection established in 0.136000ms
[2025-01-31 16:05:25.970132] INFO: Sending result upload request
[2025-01-31 16:05:29.414453] INFO: Second request sent in 0.003000ms
[2025-01-31 16:05:32.366714] INFO: Result uploaded in 0.011000ms
[2025-01-31 16:05:34.581513] INFO: Process completed successfully. Total execution time in 2m 12026.496000ms

