
[2025-01-31 16:04:18.460726] INFO: Process started with ID: 251
[2025-01-31 16:04:20.885826] INFO: First connection established in 0.233000ms
[2025-01-31 16:04:23.423925] INFO: Sending request: GET /http_server/send-object.php?ID=251 HTTP/1.1
Host: 192.168.100.3
Connection: close


[2025-01-31 16:04:25.729706] INFO: First request sent in 0.027000ms
[2025-01-31 16:04:27.853899] INFO: Time from request to first response in 0.034000ms
[2025-01-31 16:04:30.226523] INFO: Received headers - MPI-Rank: 490, Group-ID: 1, Job-ID: 1, Sub-Job-ID: 491, Rank-Count: 512
[2025-01-31 16:04:32.498735] INFO: Receive loop #1 received 16384 bytes in 4150.007000ms
[2025-01-31 16:04:34.577450] INFO: Receive loop #2 received 16384 bytes in 0.047000ms
[2025-01-31 16:04:36.629230] INFO: Receive loop #3 received 16384 bytes in 0.078000ms
[2025-01-31 16:04:38.376809] INFO: Receive loop #4 received 16384 bytes in 0.031000ms
[2025-01-31 16:04:40.012068] INFO: Receive loop #5 received 16384 bytes in 0.032000ms
[2025-01-31 16:04:41.838581] INFO: Receive loop #6 received 16384 bytes in 0.029000ms
[2025-01-31 16:04:43.346320] INFO: Receive loop #7 received 16384 bytes in 0.035000ms
[2025-01-31 16:04:45.095218] INFO: Receive loop #8 received 16384 bytes in 0.259000ms
[2025-01-31 16:04:46.782532] INFO: Receive loop #9 received 16384 bytes in 0.030000ms
[2025-01-31 16:04:48.244968] INFO: Receive loop #10 received 16384 bytes in 0.007000ms
[2025-01-31 16:04:49.586412] INFO: Receive loop #11 received 16384 bytes in 0.006000ms
[2025-01-31 16:04:50.822030] INFO: Receive loop #12 received 7665 bytes in 0.019000ms
[2025-01-31 16:04:52.200238] INFO: Response received in 24518.957000ms
[2025-01-31 16:04:52.795720] INFO: File saved in 0.093000ms
[2025-01-31 16:04:53.583778] INFO: File saved to: /home/vc/kurotaka/objects/temp_251
[2025-01-31 16:04:54.319726] INFO: Execution permission granted to: /home/vc/kurotaka/objects/temp_251
[2025-01-31 16:04:54.958932] INFO: Executing command: /home/vc/kurotaka/objects/temp_251 490 512 1
[2025-01-31 16:05:15.284642] INFO: Command executed in 19415.634000ms
[2025-01-31 16:05:17.737160] INFO: Result saved to: /home/vc/kurotaka/results/result_251
[2025-01-31 16:05:20.772653] INFO: Second connection established in 0.197000ms
[2025-01-31 16:05:23.449875] INFO: Sending result upload request
[2025-01-31 16:05:26.873502] INFO: Second request sent in 0.026000ms
[2025-01-31 16:05:30.552568] INFO: Result uploaded in 0.011000ms
[2025-01-31 16:05:33.394232] INFO: Process completed successfully. Total execution time in 2m 10645.258000ms

