
[2025-01-31 16:03:32.451705] INFO: Process started with ID: 482
[2025-01-31 16:03:33.682297] INFO: First connection established in 0.153000ms
[2025-01-31 16:03:34.980047] INFO: Sending request: GET /http_server/send-object.php?ID=482 HTTP/1.1
Host: 192.168.100.3
Connection: close


[2025-01-31 16:03:36.105647] INFO: First request sent in 0.035000ms
[2025-01-31 16:03:37.608044] INFO: Time from request to first response in 0.036000ms
[2025-01-31 16:03:39.717254] INFO: Received headers - MPI-Rank: 179, Group-ID: 1, Job-ID: 1, Sub-Job-ID: 180, Rank-Count: 512
[2025-01-31 16:03:42.030677] INFO: Receive loop #1 received 16384 bytes in 4214.855000ms
[2025-01-31 16:03:43.805639] INFO: Receive loop #2 received 16384 bytes in 0.070000ms
[2025-01-31 16:03:45.660056] INFO: Receive loop #3 received 16384 bytes in 0.099000ms
[2025-01-31 16:03:47.137695] INFO: Receive loop #4 received 16384 bytes in 0.110000ms
[2025-01-31 16:03:48.821333] INFO: Receive loop #5 received 16384 bytes in 0.033000ms
[2025-01-31 16:03:51.583464] INFO: Receive loop #6 received 16384 bytes in 0.034000ms
[2025-01-31 16:03:54.148632] INFO: Receive loop #7 received 16384 bytes in 0.005000ms
[2025-01-31 16:03:56.245674] INFO: Receive loop #8 received 16384 bytes in 0.061000ms
[2025-01-31 16:03:58.517629] INFO: Receive loop #9 received 16384 bytes in 0.031000ms
[2025-01-31 16:04:00.645436] INFO: Receive loop #10 received 16384 bytes in 0.029000ms
[2025-01-31 16:04:02.138906] INFO: Receive loop #11 received 16384 bytes in 0.007000ms
[2025-01-31 16:04:03.989779] INFO: Receive loop #12 received 7665 bytes in 0.019000ms
[2025-01-31 16:04:06.574045] INFO: Response received in 29139.069000ms
[2025-01-31 16:04:08.448174] INFO: File saved in 0.485000ms
[2025-01-31 16:04:10.492824] INFO: File saved to: /home/vc/kurotaka/objects/temp_482
[2025-01-31 16:04:12.157053] INFO: Execution permission granted to: /home/vc/kurotaka/objects/temp_482
[2025-01-31 16:04:13.638728] INFO: Executing command: /home/vc/kurotaka/objects/temp_482 179 512 1
[2025-01-31 16:05:15.893610] INFO: Command executed in 1m 66.322000ms
[2025-01-31 16:05:19.062519] INFO: Result saved to: /home/vc/kurotaka/results/result_482
[2025-01-31 16:05:23.098402] INFO: Second connection established in 0.169000ms
[2025-01-31 16:05:26.646689] INFO: Sending result upload request
[2025-01-31 16:05:30.597478] INFO: Second request sent in 0.005000ms
[2025-01-31 16:05:33.360563] INFO: Result uploaded in 0.011000ms
[2025-01-31 16:05:34.931686] INFO: Process completed successfully. Total execution time in 2m 12759.156000ms

