
[2025-01-31 16:03:46.877088] INFO: Process started with ID: 473
[2025-01-31 16:03:48.475353] INFO: First connection established in 0.178000ms
[2025-01-31 16:03:51.254453] INFO: Sending request: GET /http_server/send-object.php?ID=473 HTTP/1.1
Host: 192.168.100.3
Connection: close


[2025-01-31 16:03:53.377943] INFO: First request sent in 0.009000ms
[2025-01-31 16:03:55.409454] INFO: Time from request to first response in 0.012000ms
[2025-01-31 16:03:58.015968] INFO: Received headers - MPI-Rank: 291, Group-ID: 1, Job-ID: 1, Sub-Job-ID: 292, Rank-Count: 512
[2025-01-31 16:04:00.082652] INFO: Receive loop #1 received 16384 bytes in 4223.011000ms
[2025-01-31 16:04:01.735068] INFO: Receive loop #2 received 16384 bytes in 0.013000ms
[2025-01-31 16:04:03.367526] INFO: Receive loop #3 received 16384 bytes in 0.031000ms
[2025-01-31 16:04:05.987836] INFO: Receive loop #4 received 16384 bytes in 0.115000ms
[2025-01-31 16:04:07.866917] INFO: Receive loop #5 received 16384 bytes in 0.010000ms
[2025-01-31 16:04:09.743463] INFO: Receive loop #6 received 16384 bytes in 0.030000ms
[2025-01-31 16:04:11.533931] INFO: Receive loop #7 received 16384 bytes in 0.030000ms
[2025-01-31 16:04:13.000084] INFO: Receive loop #8 received 16384 bytes in 0.256000ms
[2025-01-31 16:04:14.510229] INFO: Receive loop #9 received 16384 bytes in 0.032000ms
[2025-01-31 16:04:16.327110] INFO: Receive loop #10 received 16384 bytes in 0.033000ms
[2025-01-31 16:04:18.084021] INFO: Receive loop #11 received 16384 bytes in 0.030000ms
[2025-01-31 16:04:20.889333] INFO: Receive loop #12 received 7665 bytes in 0.028000ms
[2025-01-31 16:04:23.467634] INFO: Response received in 27662.767000ms
[2025-01-31 16:04:26.085382] INFO: File saved in 0.469000ms
[2025-01-31 16:04:28.490469] INFO: File saved to: /home/vc/kurotaka/objects/temp_473
[2025-01-31 16:04:32.521039] INFO: Execution permission granted to: /home/vc/kurotaka/objects/temp_473
[2025-01-31 16:04:34.497638] INFO: Executing command: /home/vc/kurotaka/objects/temp_473 291 512 1
[2025-01-31 16:05:09.014900] INFO: Command executed in 33261.044000ms
[2025-01-31 16:05:10.691976] INFO: Result saved to: /home/vc/kurotaka/results/result_473
[2025-01-31 16:05:12.612030] INFO: Second connection established in 0.286000ms
[2025-01-31 16:05:15.999816] INFO: Sending result upload request
[2025-01-31 16:05:19.326334] INFO: Second request sent in 0.023000ms
[2025-01-31 16:05:23.188569] INFO: Result uploaded in 0.061000ms
[2025-01-31 16:05:26.847883] INFO: Process completed successfully. Total execution time in 2m 4194.476000ms

