
[2025-01-31 16:03:28.720193] INFO: Process started with ID: 215
[2025-01-31 16:03:30.219292] INFO: First connection established in 0.216000ms
[2025-01-31 16:03:31.582089] INFO: Sending request: GET /http_server/send-object.php?ID=215 HTTP/1.1
Host: 192.168.100.3
Connection: close


[2025-01-31 16:03:32.915005] INFO: First request sent in 0.014000ms
[2025-01-31 16:03:33.964602] INFO: Time from request to first response in 0.009000ms
[2025-01-31 16:03:35.164223] INFO: Received headers - MPI-Rank: 146, Group-ID: 1, Job-ID: 1, Sub-Job-ID: 147, Rank-Count: 512
[2025-01-31 16:03:36.458627] INFO: Receive loop #1 received 16384 bytes in 2335.903000ms
[2025-01-31 16:03:38.053974] INFO: Receive loop #2 received 16384 bytes in 0.063000ms
[2025-01-31 16:03:40.072567] INFO: Receive loop #3 received 16384 bytes in 0.094000ms
[2025-01-31 16:03:42.286254] INFO: Receive loop #4 received 16384 bytes in 0.112000ms
[2025-01-31 16:03:44.524478] INFO: Receive loop #5 received 16384 bytes in 0.032000ms
[2025-01-31 16:03:45.981760] INFO: Receive loop #6 received 16384 bytes in 0.029000ms
[2025-01-31 16:03:47.456423] INFO: Receive loop #7 received 16384 bytes in 0.009000ms
[2025-01-31 16:03:49.479045] INFO: Receive loop #8 received 16384 bytes in 0.268000ms
[2025-01-31 16:03:52.593110] INFO: Receive loop #9 received 16384 bytes in 0.031000ms
[2025-01-31 16:03:54.995187] INFO: Receive loop #10 received 16384 bytes in 0.010000ms
[2025-01-31 16:03:57.402171] INFO: Receive loop #11 received 16384 bytes in 0.029000ms
[2025-01-31 16:03:59.217737] INFO: Receive loop #12 received 7665 bytes in 0.012000ms
[2025-01-31 16:04:01.071807] INFO: Response received in 27225.905000ms
[2025-01-31 16:04:02.518721] INFO: File saved in 0.460000ms
[2025-01-31 16:04:04.281031] INFO: File saved to: /home/vc/kurotaka/objects/temp_215
[2025-01-31 16:04:06.746237] INFO: Execution permission granted to: /home/vc/kurotaka/objects/temp_215
[2025-01-31 16:04:08.629476] INFO: Executing command: /home/vc/kurotaka/objects/temp_215 146 512 1
[2025-01-31 16:05:15.478706] INFO: Command executed in 1m 4314.637000ms
[2025-01-31 16:05:17.902742] INFO: Result saved to: /home/vc/kurotaka/results/result_215
[2025-01-31 16:05:21.174254] INFO: Second connection established in 0.239000ms
[2025-01-31 16:05:23.674220] INFO: Sending result upload request
[2025-01-31 16:05:27.136619] INFO: Second request sent in 0.023000ms
[2025-01-31 16:05:30.708844] INFO: Result uploaded in 0.011000ms
[2025-01-31 16:05:33.535417] INFO: Process completed successfully. Total execution time in 2m 10874.353000ms

