
[2025-01-31 16:03:52.594427] INFO: Process started with ID: 104
[2025-01-31 16:03:54.997385] INFO: First connection established in 0.237000ms
[2025-01-31 16:03:57.404213] INFO: Sending request: GET /http_server/send-object.php?ID=104 HTTP/1.1
Host: 192.168.100.3
Connection: close


[2025-01-31 16:03:59.219149] INFO: First request sent in 0.037000ms
[2025-01-31 16:04:01.073319] INFO: Time from request to first response in 0.039000ms
[2025-01-31 16:04:02.520830] INFO: Received headers - MPI-Rank: 323, Group-ID: 1, Job-ID: 1, Sub-Job-ID: 324, Rank-Count: 512
[2025-01-31 16:04:04.282784] INFO: Receive loop #1 received 16384 bytes in 3120.222000ms
[2025-01-31 16:04:06.770745] INFO: Receive loop #2 received 16384 bytes in 0.068000ms
[2025-01-31 16:04:08.750932] INFO: Receive loop #3 received 16384 bytes in 0.080000ms
[2025-01-31 16:04:10.741346] INFO: Receive loop #4 received 16384 bytes in 0.063000ms
[2025-01-31 16:04:12.295947] INFO: Receive loop #5 received 16384 bytes in 0.029000ms
[2025-01-31 16:04:13.781208] INFO: Receive loop #6 received 16384 bytes in 0.030000ms
[2025-01-31 16:04:15.351790] INFO: Receive loop #7 received 16384 bytes in 0.030000ms
[2025-01-31 16:04:16.916815] INFO: Receive loop #8 received 16384 bytes in 0.254000ms
[2025-01-31 16:04:19.095708] INFO: Receive loop #9 received 16384 bytes in 0.037000ms
[2025-01-31 16:04:22.219557] INFO: Receive loop #10 received 16384 bytes in 0.034000ms
[2025-01-31 16:04:23.664806] INFO: Receive loop #11 received 16384 bytes in 0.015000ms
[2025-01-31 16:04:26.930376] INFO: Receive loop #12 received 7665 bytes in 0.009000ms
[2025-01-31 16:04:29.477834] INFO: Response received in 27035.669000ms
[2025-01-31 16:04:31.780573] INFO: File saved in 0.457000ms
[2025-01-31 16:04:33.401993] INFO: File saved to: /home/vc/kurotaka/objects/temp_104
[2025-01-31 16:04:36.688053] INFO: Execution permission granted to: /home/vc/kurotaka/objects/temp_104
[2025-01-31 16:04:38.846683] INFO: Executing command: /home/vc/kurotaka/objects/temp_104 323 512 1
[2025-01-31 16:05:08.493198] INFO: Command executed in 28252.418000ms
[2025-01-31 16:05:10.870248] INFO: Result saved to: /home/vc/kurotaka/results/result_104
[2025-01-31 16:05:14.234203] INFO: Second connection established in 0.183000ms
[2025-01-31 16:05:18.246305] INFO: Sending result upload request
[2025-01-31 16:05:22.502382] INFO: Second request sent in 0.025000ms
[2025-01-31 16:05:25.984310] INFO: Result uploaded in 0.061000ms
[2025-01-31 16:05:28.924057] INFO: Process completed successfully. Total execution time in 2m 6306.643000ms

