
[2025-01-31 16:04:13.339556] INFO: Process started with ID: 427
[2025-01-31 16:04:14.952394] INFO: First connection established in 0.237000ms
[2025-01-31 16:04:16.546996] INFO: Sending request: GET /http_server/send-object.php?ID=427 HTTP/1.1
Host: 192.168.100.3
Connection: close


[2025-01-31 16:04:18.461187] INFO: First request sent in 0.035000ms
[2025-01-31 16:04:20.922442] INFO: Time from request to first response in 0.032000ms
[2025-01-31 16:04:23.508162] INFO: Received headers - MPI-Rank: 455, Group-ID: 1, Job-ID: 1, Sub-Job-ID: 456, Rank-Count: 512
[2025-01-31 16:04:25.872104] INFO: Receive loop #1 received 16384 bytes in 5621.945000ms
[2025-01-31 16:04:28.196176] INFO: Receive loop #2 received 16384 bytes in 0.013000ms
[2025-01-31 16:04:30.745832] INFO: Receive loop #3 received 16384 bytes in 0.084000ms
[2025-01-31 16:04:32.574390] INFO: Receive loop #4 received 16384 bytes in 0.107000ms
[2025-01-31 16:04:34.656296] INFO: Receive loop #5 received 16384 bytes in 0.025000ms
[2025-01-31 16:04:36.780214] INFO: Receive loop #6 received 16384 bytes in 0.033000ms
[2025-01-31 16:04:38.677861] INFO: Receive loop #7 received 16384 bytes in 0.030000ms
[2025-01-31 16:04:40.237421] INFO: Receive loop #8 received 16384 bytes in 0.255000ms
[2025-01-31 16:04:42.111366] INFO: Receive loop #9 received 16384 bytes in 0.009000ms
[2025-01-31 16:04:43.689461] INFO: Receive loop #10 received 16384 bytes in 0.010000ms
[2025-01-31 16:04:45.615395] INFO: Receive loop #11 received 16384 bytes in 0.029000ms
[2025-01-31 16:04:47.011004] INFO: Receive loop #12 received 7665 bytes in 0.018000ms
[2025-01-31 16:04:48.465292] INFO: Response received in 27683.147000ms
[2025-01-31 16:04:49.317779] INFO: File saved in 0.124000ms
[2025-01-31 16:04:50.786979] INFO: File saved to: /home/vc/kurotaka/objects/temp_427
[2025-01-31 16:04:52.610491] INFO: Execution permission granted to: /home/vc/kurotaka/objects/temp_427
[2025-01-31 16:04:53.426946] INFO: Executing command: /home/vc/kurotaka/objects/temp_427 455 512 1
[2025-01-31 16:05:11.597423] INFO: Command executed in 17213.320000ms
[2025-01-31 16:05:14.112108] INFO: Result saved to: /home/vc/kurotaka/results/result_427
[2025-01-31 16:05:17.935099] INFO: Second connection established in 0.137000ms
[2025-01-31 16:05:21.775822] INFO: Sending result upload request
[2025-01-31 16:05:25.357398] INFO: Second request sent in 0.027000ms
[2025-01-31 16:05:28.775260] INFO: Result uploaded in 0.057000ms
[2025-01-31 16:05:32.114223] INFO: Process completed successfully. Total execution time in 2m 9190.346000ms

