
[2025-01-31 16:03:21.926136] INFO: Process started with ID: 76
[2025-01-31 16:03:22.089862] INFO: First connection established in 0.244000ms
[2025-01-31 16:03:22.376727] INFO: Sending request: GET /http_server/send-object.php?ID=76 HTTP/1.1
Host: 192.168.100.3
Connection: close


[2025-01-31 16:03:22.775824] INFO: First request sent in 0.026000ms
[2025-01-31 16:03:23.266687] INFO: Time from request to first response in 0.034000ms
[2025-01-31 16:03:23.711985] INFO: Received headers - MPI-Rank: 0, Group-ID: 1, Job-ID: 1, Sub-Job-ID: 1, Rank-Count: 512
[2025-01-31 16:03:24.506356] INFO: Receive loop #1 received 16384 bytes in 1035.110000ms
[2025-01-31 16:03:25.808357] INFO: Receive loop #2 received 16384 bytes in 0.061000ms
[2025-01-31 16:03:26.518060] INFO: Receive loop #3 received 16384 bytes in 0.077000ms
[2025-01-31 16:03:28.013596] INFO: Receive loop #4 received 16384 bytes in 0.111000ms
[2025-01-31 16:03:29.057451] INFO: Receive loop #5 received 16384 bytes in 0.036000ms
[2025-01-31 16:03:30.896627] INFO: Receive loop #6 received 16384 bytes in 0.036000ms
[2025-01-31 16:03:31.914667] INFO: Receive loop #7 received 16384 bytes in 0.032000ms
[2025-01-31 16:03:33.303416] INFO: Receive loop #8 received 16384 bytes in 0.324000ms
[2025-01-31 16:03:34.458382] INFO: Receive loop #9 received 16384 bytes in 0.044000ms
[2025-01-31 16:03:35.511472] INFO: Receive loop #10 received 16384 bytes in 0.036000ms
[2025-01-31 16:03:36.823175] INFO: Receive loop #11 received 16384 bytes in 0.031000ms
[2025-01-31 16:03:39.135357] INFO: Receive loop #12 received 7661 bytes in 0.024000ms
[2025-01-31 16:03:40.893220] INFO: Response received in 16915.957000ms
[2025-01-31 16:03:42.856250] INFO: File saved in 0.462000ms
[2025-01-31 16:03:44.993244] INFO: File saved to: /home/vc/kurotaka/objects/temp_76
[2025-01-31 16:03:46.397634] INFO: Execution permission granted to: /home/vc/kurotaka/objects/temp_76
[2025-01-31 16:03:48.078584] INFO: Executing command: /home/vc/kurotaka/objects/temp_76 0 512 1
[2025-01-31 16:05:06.510221] INFO: Command executed in 1m 16839.764000ms
[2025-01-31 16:05:07.277766] INFO: Result saved to: /home/vc/kurotaka/results/result_76
[2025-01-31 16:05:08.675779] INFO: Second connection established in 0.247000ms
[2025-01-31 16:05:11.379432] INFO: Sending result upload request
[2025-01-31 16:05:14.916726] INFO: Second request sent in 0.026000ms
[2025-01-31 16:05:18.613973] INFO: Result uploaded in 0.062000ms
[2025-01-31 16:05:22.841562] INFO: Process completed successfully. Total execution time in 2m 27.647000ms

