
[2025-01-31 16:04:06.637781] INFO: Process started with ID: 382
[2025-01-31 16:04:08.506054] INFO: First connection established in 0.198000ms
[2025-01-31 16:04:10.534019] INFO: Sending request: GET /http_server/send-object.php?ID=382 HTTP/1.1
Host: 192.168.100.3
Connection: close


[2025-01-31 16:04:12.156761] INFO: First request sent in 0.006000ms
[2025-01-31 16:04:13.638424] INFO: Time from request to first response in 0.036000ms
[2025-01-31 16:04:15.149816] INFO: Received headers - MPI-Rank: 408, Group-ID: 1, Job-ID: 1, Sub-Job-ID: 409, Rank-Count: 512
[2025-01-31 16:04:16.667383] INFO: Receive loop #1 received 16384 bytes in 3240.078000ms
[2025-01-31 16:04:18.641688] INFO: Receive loop #2 received 16384 bytes in 0.061000ms
[2025-01-31 16:04:21.153682] INFO: Receive loop #3 received 16384 bytes in 0.102000ms
[2025-01-31 16:04:23.818797] INFO: Receive loop #4 received 16384 bytes in 0.121000ms
[2025-01-31 16:04:27.013539] INFO: Receive loop #5 received 16384 bytes in 0.025000ms
[2025-01-31 16:04:29.695705] INFO: Receive loop #6 received 16384 bytes in 0.007000ms
[2025-01-31 16:04:32.176093] INFO: Receive loop #7 received 16384 bytes in 0.036000ms
[2025-01-31 16:04:34.127565] INFO: Receive loop #8 received 16384 bytes in 0.058000ms
[2025-01-31 16:04:36.575412] INFO: Receive loop #9 received 16384 bytes in 0.030000ms
[2025-01-31 16:04:38.484357] INFO: Receive loop #10 received 16384 bytes in 0.005000ms
[2025-01-31 16:04:40.531065] INFO: Receive loop #11 received 16384 bytes in 0.029000ms
[2025-01-31 16:04:42.153157] INFO: Receive loop #12 received 7665 bytes in 0.021000ms
[2025-01-31 16:04:43.394232] INFO: Response received in 30071.710000ms
[2025-01-31 16:04:45.103497] INFO: File saved in 0.638000ms
[2025-01-31 16:04:46.745720] INFO: File saved to: /home/vc/kurotaka/objects/temp_382
[2025-01-31 16:04:49.033537] INFO: Execution permission granted to: /home/vc/kurotaka/objects/temp_382
[2025-01-31 16:04:50.515783] INFO: Executing command: /home/vc/kurotaka/objects/temp_382 408 512 1
[2025-01-31 16:05:12.049019] INFO: Command executed in 20724.377000ms
[2025-01-31 16:05:14.649679] INFO: Result saved to: /home/vc/kurotaka/results/result_382
[2025-01-31 16:05:18.030060] INFO: Second connection established in 0.249000ms
[2025-01-31 16:05:22.021192] INFO: Sending result upload request
[2025-01-31 16:05:25.653259] INFO: Second request sent in 0.007000ms
[2025-01-31 16:05:28.811840] INFO: Result uploaded in 0.058000ms
[2025-01-31 16:05:32.080504] INFO: Process completed successfully. Total execution time in 2m 9195.931000ms

