
[2025-01-30 12:28:49.721750] INFO: Process started with ID: 120
[2025-01-30 12:28:49.967328] INFO: First connection established in 0.142000ms
[2025-01-30 12:28:50.370091] INFO: Sending request: GET /http_server/send-object.php?ID=120 HTTP/1.1
Host: 192.168.100.3
Connection: close


[2025-01-30 12:28:51.088698] INFO: First request sent in 0.031000ms
[2025-01-30 12:28:52.209448] INFO: Time from request to first response in 0.031000ms
[2025-01-30 12:28:52.913877] INFO: Received headers - MPI-Rank: 26, Group-ID: 1, Job-ID: 1, Sub-Job-ID: 27, Rank-Count: 128
[2025-01-30 12:28:53.647569] INFO: Receive loop #1 received 16384 bytes in 1524.277000ms
[2025-01-30 12:28:55.014815] INFO: Receive loop #2 received 16384 bytes in 0.063000ms
[2025-01-30 12:28:55.843370] INFO: Receive loop #3 received 16384 bytes in 0.079000ms
[2025-01-30 12:28:56.788373] INFO: Receive loop #4 received 16384 bytes in 0.108000ms
[2025-01-30 12:28:58.243265] INFO: Receive loop #5 received 16384 bytes in 0.028000ms
[2025-01-30 12:28:58.973964] INFO: Receive loop #6 received 16384 bytes in 0.031000ms
[2025-01-30 12:28:59.990733] INFO: Receive loop #7 received 16384 bytes in 0.041000ms
[2025-01-30 12:29:01.448214] INFO: Receive loop #8 received 16384 bytes in 0.309000ms
[2025-01-30 12:29:02.155189] INFO: Receive loop #9 received 16384 bytes in 0.029000ms
[2025-01-30 12:29:03.166921] INFO: Receive loop #10 received 16384 bytes in 0.040000ms
[2025-01-30 12:29:04.538396] INFO: Receive loop #11 received 16384 bytes in 0.028000ms
[2025-01-30 12:29:05.185712] INFO: Receive loop #12 received 7663 bytes in 0.018000ms
[2025-01-30 12:29:06.144598] INFO: Response received in 13946.115000ms
[2025-01-30 12:29:07.057351] INFO: File saved in 0.493000ms
[2025-01-30 12:29:07.638190] INFO: File saved to: /home/vc/kurotaka/objects/temp_120
[2025-01-30 12:29:08.557887] INFO: Execution permission granted to: /home/vc/kurotaka/objects/temp_120
[2025-01-30 12:29:09.918563] INFO: Executing command: /home/vc/kurotaka/objects/temp_120 26 128
[2025-01-30 12:29:17.560988] INFO: Command executed in 6948.992000ms
[2025-01-30 12:29:18.193322] INFO: Result saved to: /home/vc/kurotaka/results/result_120
[2025-01-30 12:29:19.317755] INFO: Second connection established in 0.148000ms
[2025-01-30 12:29:20.587881] INFO: Sending result upload request
[2025-01-30 12:29:21.361231] INFO: Second request sent in 0.025000ms
[2025-01-30 12:29:22.511459] INFO: Result uploaded in 0.063000ms
[2025-01-30 12:29:23.604342] INFO: Process completed successfully. Total execution time in 33918.844000ms

