
[2025-01-22 15:08:58.055188] INFO: Process started with ID: 124
[2025-01-22 15:08:59.482249] INFO: First connection established in 0.166000ms
[2025-01-22 15:09:01.147210] INFO: Sending request: GET /http_server/send-object.php?ID=124 HTTP/1.1
Host: 192.168.100.3
Connection: close


[2025-01-22 15:09:04.022338] INFO: First request sent in 0.007000ms
[2025-01-22 15:09:07.520395] INFO: Time from request to first response:0.006000ms
[2025-01-22 15:09:09.902502] INFO: Received headers - MPI-Rank: 477, Group-ID: 1, Job-ID: 1, Sub-Job-ID: 478, Rank-Count: 512
[2025-01-22 15:09:11.881194] INFO: Receive loop #1 received 16384 bytes in 4192.871000ms
[2025-01-22 15:09:14.376508] INFO: Receive loop #2 received 16384 bytes in 0.016000ms
[2025-01-22 15:09:18.171508] INFO: Receive loop #3 received 16384 bytes in 0.014000ms
[2025-01-22 15:09:20.938088] INFO: Receive loop #4 received 16384 bytes in 0.023000ms
[2025-01-22 15:09:23.651292] INFO: Receive loop #5 received 16384 bytes in 0.005000ms
[2025-01-22 15:09:26.771911] INFO: Receive loop #6 received 16384 bytes in 0.005000ms
[2025-01-22 15:09:30.275597] INFO: Receive loop #7 received 16384 bytes in 0.005000ms
[2025-01-22 15:09:31.746267] INFO: Receive loop #8 received 16384 bytes in 0.054000ms
[2025-01-22 15:09:34.990306] INFO: Receive loop #9 received 16384 bytes in 0.006000ms
[2025-01-22 15:09:36.641228] INFO: Receive loop #10 received 16384 bytes in 0.005000ms
[2025-01-22 15:09:38.000635] INFO: Receive loop #11 received 16384 bytes in 0.004000ms
[2025-01-22 15:09:41.726703] INFO: Receive loop #12 received 7665 bytes in 0.003000ms
[2025-01-22 15:09:43.741684] INFO: Response received in 35255.233000ms
[2025-01-22 15:09:45.156306] INFO: File saved in 0.110000ms
[2025-01-22 15:09:48.227682] INFO: File saved to: /home/vc/kurotaka/objects/temp_124
[2025-01-22 15:09:49.503607] INFO: Execution permission granted to: /home/vc/kurotaka/objects/temp_124
[2025-01-22 15:09:52.589316] INFO: Executing command: .//home/vc/kurotaka/objects/temp_124 477 512
[2025-01-22 15:09:53.276394] INFO: Command executed in 0.455000ms
[2025-01-22 15:09:54.922156] INFO: Result saved to: /home/vc/kurotaka/results/result_124
[2025-01-22 15:09:55.533266] INFO: Second connection established in 0.130000ms
[2025-01-22 15:09:58.085389] INFO: Sending result upload request
[2025-01-22 15:09:59.054759] INFO: Second request sent in 0.004000ms
[2025-01-22 15:10:01.234064] INFO: Result uploaded in 0.014000ms
[2025-01-22 15:10:02.148588] INFO: Process completed successfully. Total execution time: 1m 45547.177000ms

