
[2025-01-22 15:08:32.952075] INFO: Process started with ID: 155
[2025-01-22 15:08:37.532951] INFO: First connection established in 0.404000ms
[2025-01-22 15:08:40.370607] INFO: Sending request: GET /http_server/send-object.php?ID=155 HTTP/1.1
Host: 192.168.100.3
Connection: close


[2025-01-22 15:08:43.901196] INFO: First request sent in 0.008000ms
[2025-01-22 15:08:48.351168] INFO: Time from request to first response:0.032000ms
[2025-01-22 15:08:50.938244] INFO: Received headers - MPI-Rank: 415, Group-ID: 1, Job-ID: 1, Sub-Job-ID: 416, Rank-Count: 512
[2025-01-22 15:08:54.921327] INFO: Receive loop #1 received 16384 bytes in 6813.168000ms
[2025-01-22 15:08:58.525212] INFO: Receive loop #2 received 16384 bytes in 0.014000ms
[2025-01-22 15:09:00.585656] INFO: Receive loop #3 received 16384 bytes in 0.085000ms
[2025-01-22 15:09:03.711160] INFO: Receive loop #4 received 16384 bytes in 0.112000ms
[2025-01-22 15:09:07.842681] INFO: Receive loop #5 received 16384 bytes in 0.030000ms
[2025-01-22 15:09:10.422820] INFO: Receive loop #6 received 16384 bytes in 0.027000ms
[2025-01-22 15:09:12.745269] INFO: Receive loop #7 received 16384 bytes in 0.035000ms
[2025-01-22 15:09:15.976308] INFO: Receive loop #8 received 16384 bytes in 0.339000ms
[2025-01-22 15:09:19.725434] INFO: Receive loop #9 received 16384 bytes in 0.005000ms
[2025-01-22 15:09:23.469705] INFO: Receive loop #10 received 16384 bytes in 0.039000ms
[2025-01-22 15:09:27.201272] INFO: Receive loop #11 received 16384 bytes in 0.050000ms
[2025-01-22 15:09:31.158455] INFO: Receive loop #12 received 7665 bytes in 0.029000ms
[2025-01-22 15:09:35.049946] INFO: Response received in 47362.451000ms
[2025-01-22 15:09:37.519929] INFO: File saved in 0.092000ms
[2025-01-22 15:09:41.829252] INFO: File saved to: /home/vc/kurotaka/objects/temp_155
[2025-01-22 15:09:45.093267] INFO: Execution permission granted to: /home/vc/kurotaka/objects/temp_155
[2025-01-22 15:09:49.078736] INFO: Executing command: .//home/vc/kurotaka/objects/temp_155 415 512
[2025-01-22 15:09:52.754025] INFO: Command executed in 0.435000ms
[2025-01-22 15:09:55.033011] INFO: Result saved to: /home/vc/kurotaka/results/result_155
[2025-01-22 15:09:58.304323] INFO: Second connection established in 0.136000ms
[2025-01-22 15:10:01.482612] INFO: Sending result upload request
[2025-01-22 15:10:03.953514] INFO: Second request sent in 0.004000ms
[2025-01-22 15:10:05.411354] INFO: Result uploaded in 0.007000ms
[2025-01-22 15:10:07.548555] INFO: Process completed successfully. Total execution time: 1m 50916.766000ms

