
[2025-01-22 15:08:24.205602] INFO: Process started with ID: 35
[2025-01-22 15:08:25.372029] INFO: First connection established in 0.193000ms
[2025-01-22 15:08:26.914120] INFO: Sending request: GET /http_server/send-object.php?ID=35 HTTP/1.1
Host: 192.168.100.3
Connection: close


[2025-01-22 15:08:28.217914] INFO: First request sent in 0.034000ms
[2025-01-22 15:08:29.292178] INFO: Time from request to first response:0.031000ms
[2025-01-22 15:08:30.562101] INFO: Received headers - MPI-Rank: 185, Group-ID: 1, Job-ID: 1, Sub-Job-ID: 186, Rank-Count: 512
[2025-01-22 15:08:32.488796] INFO: Receive loop #1 received 16384 bytes in 3166.244000ms
[2025-01-22 15:08:35.108234] INFO: Receive loop #2 received 16384 bytes in 0.061000ms
[2025-01-22 15:08:36.743856] INFO: Receive loop #3 received 16384 bytes in 0.076000ms
[2025-01-22 15:08:38.976148] INFO: Receive loop #4 received 16384 bytes in 0.141000ms
[2025-01-22 15:08:40.558239] INFO: Receive loop #5 received 16384 bytes in 0.029000ms
[2025-01-22 15:08:43.488068] INFO: Receive loop #6 received 16384 bytes in 0.032000ms
[2025-01-22 15:08:46.382213] INFO: Receive loop #7 received 16384 bytes in 0.029000ms
[2025-01-22 15:08:48.351860] INFO: Receive loop #8 received 16384 bytes in 0.278000ms
[2025-01-22 15:08:50.380842] INFO: Receive loop #9 received 16384 bytes in 0.033000ms
[2025-01-22 15:08:53.295832] INFO: Receive loop #10 received 16384 bytes in 0.032000ms
[2025-01-22 15:08:55.899962] INFO: Receive loop #11 received 16384 bytes in 0.035000ms
[2025-01-22 15:08:58.355784] INFO: Receive loop #12 received 7665 bytes in 0.022000ms
[2025-01-22 15:09:00.141636] INFO: Response received in 30659.692000ms
[2025-01-22 15:09:02.624590] INFO: File saved in 0.783000ms
[2025-01-22 15:09:05.989955] INFO: File saved to: /home/vc/kurotaka/objects/temp_35
[2025-01-22 15:09:08.887216] INFO: Execution permission granted to: /home/vc/kurotaka/objects/temp_35
[2025-01-22 15:09:10.521232] INFO: Executing command: .//home/vc/kurotaka/objects/temp_35 185 512
[2025-01-22 15:09:12.323727] INFO: Command executed in 0.394000ms
[2025-01-22 15:09:15.050392] INFO: Result saved to: /home/vc/kurotaka/results/result_35
[2025-01-22 15:09:18.223833] INFO: Second connection established in 0.087000ms
[2025-01-22 15:09:20.974657] INFO: Sending result upload request
[2025-01-22 15:09:23.713932] INFO: Second request sent in 0.004000ms
[2025-01-22 15:09:26.789656] INFO: Result uploaded in 0.009000ms
[2025-01-22 15:09:30.358072] INFO: Process completed successfully. Total execution time: 1m 13444.310000ms

