
[2025-01-22 15:08:29.047475] INFO: Process started with ID: 325
[2025-01-22 15:08:32.328223] INFO: First connection established in 0.270000ms
[2025-01-22 15:08:36.341026] INFO: Sending request: GET /http_server/send-object.php?ID=325 HTTP/1.1
Host: 192.168.100.3
Connection: close


[2025-01-22 15:08:39.561760] INFO: First request sent in 0.023000ms
[2025-01-22 15:08:43.447652] INFO: Time from request to first response:0.030000ms
[2025-01-22 15:08:47.414028] INFO: Received headers - MPI-Rank: 312, Group-ID: 1, Job-ID: 1, Sub-Job-ID: 313, Rank-Count: 512
[2025-01-22 15:08:50.240797] INFO: Receive loop #1 received 16384 bytes in 7660.023000ms
[2025-01-22 15:08:54.198344] INFO: Receive loop #2 received 16384 bytes in 0.073000ms
[2025-01-22 15:08:58.022663] INFO: Receive loop #3 received 16384 bytes in 0.090000ms
[2025-01-22 15:08:59.995817] INFO: Receive loop #4 received 16384 bytes in 0.111000ms
[2025-01-22 15:09:02.765150] INFO: Receive loop #5 received 16384 bytes in 0.035000ms
[2025-01-22 15:09:06.715597] INFO: Receive loop #6 received 16384 bytes in 0.035000ms
[2025-01-22 15:09:09.740385] INFO: Receive loop #7 received 16384 bytes in 0.034000ms
[2025-01-22 15:09:11.861855] INFO: Receive loop #8 received 16384 bytes in 0.312000ms
[2025-01-22 15:09:14.782350] INFO: Receive loop #9 received 16384 bytes in 0.033000ms
[2025-01-22 15:09:18.672334] INFO: Receive loop #10 received 16384 bytes in 0.033000ms
[2025-01-22 15:09:23.039183] INFO: Receive loop #11 received 16384 bytes in 0.011000ms
[2025-01-22 15:09:26.749942] INFO: Receive loop #12 received 7665 bytes in 0.024000ms
[2025-01-22 15:09:31.321839] INFO: Response received in 48465.298000ms
[2025-01-22 15:09:35.051980] INFO: File saved in 0.566000ms
[2025-01-22 15:09:37.699566] INFO: File saved to: /home/vc/kurotaka/objects/temp_325
[2025-01-22 15:09:41.910188] INFO: Execution permission granted to: /home/vc/kurotaka/objects/temp_325
[2025-01-22 15:09:45.224094] INFO: Executing command: .//home/vc/kurotaka/objects/temp_325 312 512
[2025-01-22 15:09:49.501772] INFO: Command executed in 0.494000ms
[2025-01-22 15:09:52.969379] INFO: Result saved to: /home/vc/kurotaka/results/result_325
[2025-01-22 15:09:55.409144] INFO: Second connection established in 0.114000ms
[2025-01-22 15:09:59.151155] INFO: Sending result upload request
[2025-01-22 15:10:02.809700] INFO: Second request sent in 0.005000ms
[2025-01-22 15:10:04.631821] INFO: Result uploaded in 0.007000ms
[2025-01-22 15:10:07.306216] INFO: Process completed successfully. Total execution time: 1m 50129.963000ms

