
[2025-01-22 15:14:32.850320] INFO: Process started with ID: 448
[2025-01-22 15:14:34.763515] INFO: First connection established in 0.256000ms
[2025-01-22 15:14:39.399673] INFO: Sending request: GET /http_server/send-object.php?ID=448 HTTP/1.1
Host: 192.168.100.3
Connection: close


[2025-01-22 15:14:42.107011] INFO: First request sent in 0.043000ms
[2025-01-22 15:14:45.773659] INFO: Time from request to first response:0.007000ms
[2025-01-22 15:14:50.192704] INFO: Received headers - MPI-Rank: 359, Group-ID: 1, Job-ID: 1, Sub-Job-ID: 360, Rank-Count: 512
[2025-01-22 15:14:52.679046] INFO: Receive loop #1 received 16384 bytes in 6932.070000ms
[2025-01-22 15:14:56.976000] INFO: Receive loop #2 received 16384 bytes in 0.024000ms
[2025-01-22 15:15:00.294406] INFO: Receive loop #3 received 16384 bytes in 0.015000ms
[2025-01-22 15:15:02.411870] INFO: Receive loop #4 received 16384 bytes in 0.021000ms
[2025-01-22 15:15:05.605930] INFO: Receive loop #5 received 16384 bytes in 0.030000ms
[2025-01-22 15:15:10.058140] INFO: Receive loop #6 received 16384 bytes in 0.011000ms
[2025-01-22 15:15:12.141839] INFO: Receive loop #7 received 16384 bytes in 0.029000ms
[2025-01-22 15:15:14.503490] INFO: Receive loop #8 received 16384 bytes in 0.064000ms
[2025-01-22 15:15:17.781851] INFO: Receive loop #9 received 16384 bytes in 0.031000ms
[2025-01-22 15:15:21.418236] INFO: Receive loop #10 received 16384 bytes in 0.006000ms
[2025-01-22 15:15:25.191971] INFO: Receive loop #11 received 16384 bytes in 0.035000ms
[2025-01-22 15:15:28.881514] INFO: Receive loop #12 received 7665 bytes in 0.018000ms
[2025-01-22 15:15:32.810950] INFO: Response received in 47033.192000ms
[2025-01-22 15:15:36.636000] INFO: File saved in 0.572000ms
[2025-01-22 15:15:39.283489] INFO: File saved to: /home/vc/kurotaka/objects/temp_448
[2025-01-22 15:15:43.457591] INFO: Execution permission granted to: /home/vc/kurotaka/objects/temp_448
[2025-01-22 15:15:46.807351] INFO: Executing command: .//home/vc/kurotaka/objects/temp_448 359 512
[2025-01-22 15:15:50.949723] INFO: Command executed in 0.425000ms
[2025-01-22 15:15:54.486275] INFO: Result saved to: /home/vc/kurotaka/results/result_448
[2025-01-22 15:15:56.813086] INFO: Second connection established in 0.083000ms
[2025-01-22 15:16:00.415831] INFO: Sending result upload request
[2025-01-22 15:16:03.732161] INFO: Second request sent in 0.004000ms
[2025-01-22 15:16:05.789089] INFO: Result uploaded in 0.009000ms
[2025-01-22 15:16:07.698046] INFO: Process completed successfully. Total execution time: 1m 49279.613000ms

