
[2025-01-22 15:08:30.004507] INFO: Process started with ID: 284
[2025-01-22 15:08:32.522039] INFO: First connection established in 0.300000ms
[2025-01-22 15:08:36.502651] INFO: Sending request: GET /http_server/send-object.php?ID=284 HTTP/1.1
Host: 192.168.100.3
Connection: close


[2025-01-22 15:08:39.774056] INFO: First request sent in 0.026000ms
[2025-01-22 15:08:43.526261] INFO: Time from request to first response:0.030000ms
[2025-01-22 15:08:47.609884] INFO: Received headers - MPI-Rank: 321, Group-ID: 1, Job-ID: 1, Sub-Job-ID: 322, Rank-Count: 512
[2025-01-22 15:08:50.444593] INFO: Receive loop #1 received 16384 bytes in 7055.657000ms
[2025-01-22 15:08:54.329977] INFO: Receive loop #2 received 16384 bytes in 0.076000ms
[2025-01-22 15:08:58.115386] INFO: Receive loop #3 received 16384 bytes in 0.083000ms
[2025-01-22 15:09:00.124397] INFO: Receive loop #4 received 16384 bytes in 0.112000ms
[2025-01-22 15:09:03.174785] INFO: Receive loop #5 received 16384 bytes in 0.030000ms
[2025-01-22 15:09:06.906195] INFO: Receive loop #6 received 16384 bytes in 0.038000ms
[2025-01-22 15:09:09.866649] INFO: Receive loop #7 received 16384 bytes in 0.035000ms
[2025-01-22 15:09:12.023505] INFO: Receive loop #8 received 16384 bytes in 0.253000ms
[2025-01-22 15:09:14.998805] INFO: Receive loop #9 received 16384 bytes in 0.033000ms
[2025-01-22 15:09:18.398143] INFO: Receive loop #10 received 16384 bytes in 0.029000ms
[2025-01-22 15:09:22.789991] INFO: Receive loop #11 received 16384 bytes in 0.029000ms
[2025-01-22 15:09:26.546201] INFO: Receive loop #12 received 7665 bytes in 0.021000ms
[2025-01-22 15:09:30.903822] INFO: Response received in 46865.125000ms
[2025-01-22 15:09:34.990548] INFO: File saved in 0.478000ms
[2025-01-22 15:09:37.289626] INFO: File saved to: /home/vc/kurotaka/objects/temp_284
[2025-01-22 15:09:41.777509] INFO: Execution permission granted to: /home/vc/kurotaka/objects/temp_284
[2025-01-22 15:09:44.978971] INFO: Executing command: .//home/vc/kurotaka/objects/temp_284 321 512
[2025-01-22 15:09:49.079182] INFO: Command executed in 0.532000ms
[2025-01-22 15:09:52.834611] INFO: Result saved to: /home/vc/kurotaka/results/result_284
[2025-01-22 15:09:55.142995] INFO: Second connection established in 0.092000ms
[2025-01-22 15:09:58.609486] INFO: Sending result upload request
[2025-01-22 15:10:01.934624] INFO: Second request sent in 0.003000ms
[2025-01-22 15:10:04.278193] INFO: Result uploaded in 0.008000ms
[2025-01-22 15:10:06.683140] INFO: Process completed successfully. Total execution time: 1m 49648.072000ms

