
[2025-01-22 15:08:30.328798] INFO: Process started with ID: 381
[2025-01-22 15:08:32.522500] INFO: First connection established in 0.334000ms
[2025-01-22 15:08:36.503049] INFO: Sending request: GET /http_server/send-object.php?ID=381 HTTP/1.1
Host: 192.168.100.3
Connection: close


[2025-01-22 15:08:39.775211] INFO: First request sent in 0.032000ms
[2025-01-22 15:08:43.570599] INFO: Time from request to first response:0.043000ms
[2025-01-22 15:08:47.643424] INFO: Received headers - MPI-Rank: 324, Group-ID: 1, Job-ID: 1, Sub-Job-ID: 325, Rank-Count: 512
[2025-01-22 15:08:50.523338] INFO: Receive loop #1 received 16384 bytes in 6786.129000ms
[2025-01-22 15:08:54.375378] INFO: Receive loop #2 received 16384 bytes in 0.075000ms
[2025-01-22 15:08:58.133827] INFO: Receive loop #3 received 16384 bytes in 0.077000ms
[2025-01-22 15:09:00.169689] INFO: Receive loop #4 received 16384 bytes in 0.112000ms
[2025-01-22 15:09:03.261744] INFO: Receive loop #5 received 16384 bytes in 0.029000ms
[2025-01-22 15:09:06.980705] INFO: Receive loop #6 received 16384 bytes in 0.030000ms
[2025-01-22 15:09:09.901836] INFO: Receive loop #7 received 16384 bytes in 0.035000ms
[2025-01-22 15:09:12.076917] INFO: Receive loop #8 received 16384 bytes in 0.271000ms
[2025-01-22 15:09:15.050607] INFO: Receive loop #9 received 16384 bytes in 0.033000ms
[2025-01-22 15:09:18.400490] INFO: Receive loop #10 received 16384 bytes in 0.036000ms
[2025-01-22 15:09:22.890911] INFO: Receive loop #11 received 16384 bytes in 0.029000ms
[2025-01-22 15:09:26.605944] INFO: Receive loop #12 received 7665 bytes in 0.022000ms
[2025-01-22 15:09:31.068363] INFO: Response received in 46702.882000ms
[2025-01-22 15:09:35.023031] INFO: File saved in 0.469000ms
[2025-01-22 15:09:37.438985] INFO: File saved to: /home/vc/kurotaka/objects/temp_381
[2025-01-22 15:09:41.815902] INFO: Execution permission granted to: /home/vc/kurotaka/objects/temp_381
[2025-01-22 15:09:45.093895] INFO: Executing command: .//home/vc/kurotaka/objects/temp_381 324 512
[2025-01-22 15:09:49.365276] INFO: Command executed in 0.462000ms
[2025-01-22 15:09:52.924661] INFO: Result saved to: /home/vc/kurotaka/results/result_381
[2025-01-22 15:09:55.271183] INFO: Second connection established in 0.198000ms
[2025-01-22 15:09:58.786041] INFO: Sending result upload request
[2025-01-22 15:10:02.392858] INFO: Second request sent in 0.004000ms
[2025-01-22 15:10:04.461507] INFO: Result uploaded in 0.006000ms
[2025-01-22 15:10:07.035228] INFO: Process completed successfully. Total execution time: 1m 49859.248000ms

