
[2025-01-22 15:08:16.304913] INFO: Process started with ID: 49
[2025-01-22 15:08:16.427905] INFO: First connection established in 0.179000ms
[2025-01-22 15:08:16.686383] INFO: Sending request: GET /http_server/send-object.php?ID=49 HTTP/1.1
Host: 192.168.100.3
Connection: close


[2025-01-22 15:08:16.979212] INFO: First request sent in 0.033000ms
[2025-01-22 15:08:17.393175] INFO: Time from request to first response:0.029000ms
[2025-01-22 15:08:17.949348] INFO: Received headers - MPI-Rank: 3, Group-ID: 1, Job-ID: 1, Sub-Job-ID: 4, Rank-Count: 512
[2025-01-22 15:08:19.017060] INFO: Receive loop #1 received 16384 bytes in 1343.867000ms
[2025-01-22 15:08:19.843956] INFO: Receive loop #2 received 16384 bytes in 0.072000ms
[2025-01-22 15:08:20.562202] INFO: Receive loop #3 received 16384 bytes in 0.076000ms
[2025-01-22 15:08:21.993396] INFO: Receive loop #4 received 16384 bytes in 0.109000ms
[2025-01-22 15:08:22.742648] INFO: Receive loop #5 received 16384 bytes in 0.030000ms
[2025-01-22 15:08:24.290491] INFO: Receive loop #6 received 16384 bytes in 0.028000ms
[2025-01-22 15:08:25.416909] INFO: Receive loop #7 received 16384 bytes in 0.030000ms
[2025-01-22 15:08:27.004797] INFO: Receive loop #8 received 16384 bytes in 0.285000ms
[2025-01-22 15:08:28.218246] INFO: Receive loop #9 received 16384 bytes in 0.030000ms
[2025-01-22 15:08:29.262898] INFO: Receive loop #10 received 16384 bytes in 0.030000ms
[2025-01-22 15:08:30.489492] INFO: Receive loop #11 received 16384 bytes in 0.034000ms
[2025-01-22 15:08:32.488781] INFO: Receive loop #12 received 7661 bytes in 0.021000ms
[2025-01-22 15:08:35.022044] INFO: Response received in 16259.747000ms
[2025-01-22 15:08:36.833661] INFO: File saved in 0.754000ms
[2025-01-22 15:08:39.039094] INFO: File saved to: /home/vc/kurotaka/objects/temp_49
[2025-01-22 15:08:40.602684] INFO: Execution permission granted to: /home/vc/kurotaka/objects/temp_49
[2025-01-22 15:08:43.489084] INFO: Executing command: .//home/vc/kurotaka/objects/temp_49 3 512
[2025-01-22 15:08:46.403560] INFO: Command executed in 2.376000ms
[2025-01-22 15:08:48.442888] INFO: Result saved to: /home/vc/kurotaka/results/result_49
[2025-01-22 15:08:50.414354] INFO: Second connection established in 0.298000ms
[2025-01-22 15:08:53.483224] INFO: Sending result upload request
[2025-01-22 15:08:56.086121] INFO: Second request sent in 0.032000ms
[2025-01-22 15:08:58.431498] INFO: Result uploaded in 0.009000ms
[2025-01-22 15:09:00.169733] INFO: Process completed successfully. Total execution time: 43606.800000ms

