
[2025-01-22 15:14:25.262620] INFO: Process started with ID: 429
[2025-01-22 15:14:28.259039] INFO: First connection established in 0.171000ms
[2025-01-22 15:14:30.976566] INFO: Sending request: GET /http_server/send-object.php?ID=429 HTTP/1.1
Host: 192.168.100.3
Connection: close


[2025-01-22 15:14:34.234565] INFO: First request sent in 0.032000ms
[2025-01-22 15:14:38.517620] INFO: Time from request to first response:0.032000ms
[2025-01-22 15:14:41.676009] INFO: Received headers - MPI-Rank: 214, Group-ID: 1, Job-ID: 1, Sub-Job-ID: 215, Rank-Count: 512
[2025-01-22 15:14:45.238890] INFO: Receive loop #1 received 16384 bytes in 7222.725000ms
[2025-01-22 15:14:49.420919] INFO: Receive loop #2 received 16384 bytes in 0.064000ms
[2025-01-22 15:14:52.321393] INFO: Receive loop #3 received 16384 bytes in 0.104000ms
[2025-01-22 15:14:56.266841] INFO: Receive loop #4 received 16384 bytes in 0.143000ms
[2025-01-22 15:14:59.969344] INFO: Receive loop #5 received 16384 bytes in 0.006000ms
[2025-01-22 15:15:02.014543] INFO: Receive loop #6 received 16384 bytes in 0.028000ms
[2025-01-22 15:15:05.106745] INFO: Receive loop #7 received 16384 bytes in 0.034000ms
[2025-01-22 15:15:09.138415] INFO: Receive loop #8 received 16384 bytes in 0.251000ms
[2025-01-22 15:15:11.811829] INFO: Receive loop #9 received 16384 bytes in 0.039000ms
[2025-01-22 15:15:14.008121] INFO: Receive loop #10 received 16384 bytes in 0.033000ms
[2025-01-22 15:15:16.971348] INFO: Receive loop #11 received 16384 bytes in 0.035000ms
[2025-01-22 15:15:20.395578] INFO: Receive loop #12 received 7665 bytes in 0.021000ms
[2025-01-22 15:15:24.655841] INFO: Response received in 46203.263000ms
[2025-01-22 15:15:28.373677] INFO: File saved in 0.511000ms
[2025-01-22 15:15:33.092947] INFO: File saved to: /home/vc/kurotaka/objects/temp_429
[2025-01-22 15:15:36.778916] INFO: Execution permission granted to: /home/vc/kurotaka/objects/temp_429
[2025-01-22 15:15:39.584915] INFO: Executing command: .//home/vc/kurotaka/objects/temp_429 214 512
[2025-01-22 15:15:43.671758] INFO: Command executed in 0.416000ms
[2025-01-22 15:15:46.981664] INFO: Result saved to: /home/vc/kurotaka/results/result_429
[2025-01-22 15:15:51.115884] INFO: Second connection established in 0.144000ms
[2025-01-22 15:15:54.601308] INFO: Sending result upload request
[2025-01-22 15:15:57.082055] INFO: Second request sent in 0.003000ms
[2025-01-22 15:16:00.879618] INFO: Result uploaded in 0.007000ms
[2025-01-22 15:16:04.251623] INFO: Process completed successfully. Total execution time: 1m 45549.137000ms

