
[2025-01-31 16:10:45.393664] INFO: Process started with ID: 433
[2025-01-31 16:10:45.763945] INFO: First connection established in 0.286000ms
[2025-01-31 16:10:46.177104] INFO: Sending request: GET /http_server/send-object.php?ID=433 HTTP/1.1
Host: 192.168.100.3
Connection: close


[2025-01-31 16:10:46.544594] INFO: First request sent in 0.030000ms
[2025-01-31 16:10:46.926957] INFO: Time from request to first response in 0.010000ms
[2025-01-31 16:10:47.403943] INFO: Received headers - MPI-Rank: 43, Group-ID: 1, Job-ID: 1, Sub-Job-ID: 44, Rank-Count: 512
[2025-01-31 16:10:47.963945] INFO: Receive loop #1 received 16384 bytes in 1023.697000ms
[2025-01-31 16:10:48.644764] INFO: Receive loop #2 received 16384 bytes in 0.061000ms
[2025-01-31 16:10:49.387192] INFO: Receive loop #3 received 16384 bytes in 0.021000ms
[2025-01-31 16:10:50.807919] INFO: Receive loop #4 received 16384 bytes in 0.112000ms
[2025-01-31 16:10:51.533646] INFO: Receive loop #5 received 16384 bytes in 0.029000ms
[2025-01-31 16:10:52.373050] INFO: Receive loop #6 received 16384 bytes in 0.037000ms
[2025-01-31 16:10:53.387281] INFO: Receive loop #7 received 16384 bytes in 0.030000ms
[2025-01-31 16:10:54.547936] INFO: Receive loop #8 received 16384 bytes in 0.258000ms
[2025-01-31 16:10:55.636587] INFO: Receive loop #9 received 16384 bytes in 0.036000ms
[2025-01-31 16:10:57.017193] INFO: Receive loop #10 received 16384 bytes in 0.028000ms
[2025-01-31 16:10:58.191715] INFO: Receive loop #11 received 16384 bytes in 0.029000ms
[2025-01-31 16:10:59.451151] INFO: Receive loop #12 received 7663 bytes in 0.018000ms
[2025-01-31 16:11:01.405397] INFO: Response received in 14009.534000ms
[2025-01-31 16:11:02.991988] INFO: File saved in 0.444000ms
[2025-01-31 16:11:04.441986] INFO: File saved to: /home/vc/kurotaka/objects/temp_433
[2025-01-31 16:11:06.112224] INFO: Execution permission granted to: /home/vc/kurotaka/objects/temp_433
[2025-01-31 16:11:08.646023] INFO: Executing command: /home/vc/kurotaka/objects/temp_433 43 512 1
[2025-01-31 16:12:34.647926] INFO: Command executed in 1m 23632.314000ms
[2025-01-31 16:12:38.498234] INFO: Result saved to: /home/vc/kurotaka/results/result_433
[2025-01-31 16:12:42.539929] INFO: Second connection established in 0.242000ms
[2025-01-31 16:12:46.020886] INFO: Sending result upload request
[2025-01-31 16:12:49.586121] INFO: Second request sent in 0.003000ms
[2025-01-31 16:12:52.662700] INFO: Result uploaded in 0.010000ms
[2025-01-31 16:12:55.348568] INFO: Process completed successfully. Total execution time in 2m 9507.056000ms

