
[2025-01-31 16:10:51.677413] INFO: Process started with ID: 468
[2025-01-31 16:10:52.517794] INFO: First connection established in 0.156000ms
[2025-01-31 16:10:53.732430] INFO: Sending request: GET /http_server/send-object.php?ID=468 HTTP/1.1
Host: 192.168.100.3
Connection: close


[2025-01-31 16:10:54.870966] INFO: First request sent in 0.040000ms
[2025-01-31 16:10:55.880041] INFO: Time from request to first response in 0.029000ms
[2025-01-31 16:10:57.232341] INFO: Received headers - MPI-Rank: 183, Group-ID: 1, Job-ID: 1, Sub-Job-ID: 184, Rank-Count: 512
[2025-01-31 16:10:58.434341] INFO: Receive loop #1 received 16384 bytes in 2401.226000ms
[2025-01-31 16:10:59.803195] INFO: Receive loop #2 received 16384 bytes in 0.066000ms
[2025-01-31 16:11:01.698937] INFO: Receive loop #3 received 16384 bytes in 0.099000ms
[2025-01-31 16:11:03.322267] INFO: Receive loop #4 received 16384 bytes in 0.105000ms
[2025-01-31 16:11:04.899961] INFO: Receive loop #5 received 16384 bytes in 0.034000ms
[2025-01-31 16:11:06.434174] INFO: Receive loop #6 received 16384 bytes in 0.038000ms
[2025-01-31 16:11:08.925067] INFO: Receive loop #7 received 16384 bytes in 0.029000ms
[2025-01-31 16:11:11.188183] INFO: Receive loop #8 received 16384 bytes in 0.261000ms
[2025-01-31 16:11:12.776520] INFO: Receive loop #9 received 16384 bytes in 0.028000ms
[2025-01-31 16:11:15.282427] INFO: Receive loop #10 received 16384 bytes in 0.022000ms
[2025-01-31 16:11:17.762881] INFO: Receive loop #11 received 16384 bytes in 0.032000ms
[2025-01-31 16:11:20.318902] INFO: Receive loop #12 received 7665 bytes in 0.023000ms
[2025-01-31 16:11:22.494351] INFO: Response received in 26163.985000ms
[2025-01-31 16:11:25.086718] INFO: File saved in 0.456000ms
[2025-01-31 16:11:27.094532] INFO: File saved to: /home/vc/kurotaka/objects/temp_468
[2025-01-31 16:11:29.328627] INFO: Execution permission granted to: /home/vc/kurotaka/objects/temp_468
[2025-01-31 16:11:31.657210] INFO: Executing command: /home/vc/kurotaka/objects/temp_468 183 512 1
[2025-01-31 16:12:33.756511] INFO: Command executed in 58542.764000ms
[2025-01-31 16:12:37.780736] INFO: Result saved to: /home/vc/kurotaka/results/result_468
[2025-01-31 16:12:41.444221] INFO: Second connection established in 0.262000ms
[2025-01-31 16:12:45.316611] INFO: Sending result upload request
[2025-01-31 16:12:49.007068] INFO: Second request sent in 0.029000ms
[2025-01-31 16:12:51.802202] INFO: Result uploaded in 0.010000ms
[2025-01-31 16:12:54.607064] INFO: Process completed successfully. Total execution time in 2m 8925.875000ms

