
[2025-01-31 16:10:47.147959] INFO: Process started with ID: 17
[2025-01-31 16:10:47.697709] INFO: First connection established in 0.255000ms
[2025-01-31 16:10:48.157194] INFO: Sending request: GET /http_server/send-object.php?ID=17 HTTP/1.1
Host: 192.168.100.3
Connection: close


[2025-01-31 16:10:48.829960] INFO: First request sent in 0.008000ms
[2025-01-31 16:10:49.736509] INFO: Time from request to first response in 0.031000ms
[2025-01-31 16:10:50.938341] INFO: Received headers - MPI-Rank: 107, Group-ID: 1, Job-ID: 1, Sub-Job-ID: 108, Rank-Count: 512
[2025-01-31 16:10:51.720256] INFO: Receive loop #1 received 16384 bytes in 2137.275000ms
[2025-01-31 16:10:52.585877] INFO: Receive loop #2 received 16384 bytes in 0.065000ms
[2025-01-31 16:10:53.834580] INFO: Receive loop #3 received 16384 bytes in 0.090000ms
[2025-01-31 16:10:54.975665] INFO: Receive loop #4 received 16384 bytes in 0.139000ms
[2025-01-31 16:10:56.078137] INFO: Receive loop #5 received 16384 bytes in 0.028000ms
[2025-01-31 16:10:57.343652] INFO: Receive loop #6 received 16384 bytes in 0.019000ms
[2025-01-31 16:10:58.576651] INFO: Receive loop #7 received 16384 bytes in 0.102000ms
[2025-01-31 16:11:00.004309] INFO: Receive loop #8 received 16384 bytes in 0.266000ms
[2025-01-31 16:11:01.956135] INFO: Receive loop #9 received 16384 bytes in 0.038000ms
[2025-01-31 16:11:03.480072] INFO: Receive loop #10 received 16384 bytes in 0.028000ms
[2025-01-31 16:11:04.979914] INFO: Receive loop #11 received 16384 bytes in 0.028000ms
[2025-01-31 16:11:06.602344] INFO: Receive loop #12 received 7665 bytes in 0.021000ms
[2025-01-31 16:11:09.124651] INFO: Response received in 19332.856000ms
[2025-01-31 16:11:11.425296] INFO: File saved in 0.492000ms
[2025-01-31 16:11:13.042029] INFO: File saved to: /home/vc/kurotaka/objects/temp_17
[2025-01-31 16:11:15.999580] INFO: Execution permission granted to: /home/vc/kurotaka/objects/temp_17
[2025-01-31 16:11:17.786983] INFO: Executing command: /home/vc/kurotaka/objects/temp_17 107 512 1
[2025-01-31 16:12:34.368773] INFO: Command executed in 1m 13106.650000ms
[2025-01-31 16:12:38.456965] INFO: Result saved to: /home/vc/kurotaka/results/result_17
[2025-01-31 16:12:42.910195] INFO: Second connection established in 0.175000ms
[2025-01-31 16:12:46.441351] INFO: Sending result upload request
[2025-01-31 16:12:49.956491] INFO: Second request sent in 0.004000ms
[2025-01-31 16:12:52.988809] INFO: Result uploaded in 0.010000ms
[2025-01-31 16:12:55.676849] INFO: Process completed successfully. Total execution time in 2m 9697.038000ms

