
[2025-01-31 16:10:45.895153] INFO: Process started with ID: 0
[2025-01-31 16:10:46.303402] INFO: First connection established in 0.295000ms
[2025-01-31 16:10:46.693459] INFO: Sending request: GET /http_server/send-object.php?ID=0 HTTP/1.1
Host: 192.168.100.3
Connection: close


[2025-01-31 16:10:47.164192] INFO: First request sent in 0.036000ms
[2025-01-31 16:10:47.697703] INFO: Time from request to first response in 0.027000ms
[2025-01-31 16:10:48.157242] INFO: Received headers - MPI-Rank: 67, Group-ID: 1, Job-ID: 1, Sub-Job-ID: 68, Rank-Count: 512
[2025-01-31 16:10:48.830086] INFO: Receive loop #1 received 16384 bytes in 1168.394000ms
[2025-01-31 16:10:49.736460] INFO: Receive loop #2 received 16384 bytes in 0.069000ms
[2025-01-31 16:10:50.938464] INFO: Receive loop #3 received 16384 bytes in 0.142000ms
[2025-01-31 16:10:51.754764] INFO: Receive loop #4 received 16384 bytes in 0.138000ms
[2025-01-31 16:10:52.585811] INFO: Receive loop #5 received 16384 bytes in 0.028000ms
[2025-01-31 16:10:53.820874] INFO: Receive loop #6 received 16384 bytes in 0.030000ms
[2025-01-31 16:10:54.924947] INFO: Receive loop #7 received 16384 bytes in 0.018000ms
[2025-01-31 16:10:56.031960] INFO: Receive loop #8 received 16384 bytes in 0.286000ms
[2025-01-31 16:10:57.307247] INFO: Receive loop #9 received 16384 bytes in 0.006000ms
[2025-01-31 16:10:58.468630] INFO: Receive loop #10 received 16384 bytes in 0.011000ms
[2025-01-31 16:10:59.842127] INFO: Receive loop #11 received 16384 bytes in 0.029000ms
[2025-01-31 16:11:01.791803] INFO: Receive loop #12 received 7663 bytes in 0.018000ms
[2025-01-31 16:11:03.395957] INFO: Response received in 15457.561000ms
[2025-01-31 16:11:04.900397] INFO: File saved in 0.451000ms
[2025-01-31 16:11:06.485688] INFO: File saved to: /home/vc/kurotaka/objects/temp_0
[2025-01-31 16:11:09.005084] INFO: Execution permission granted to: /home/vc/kurotaka/objects/temp_0
[2025-01-31 16:11:11.291462] INFO: Executing command: /home/vc/kurotaka/objects/temp_0 67 512 1
[2025-01-31 16:12:30.787340] INFO: Command executed in 1m 17397.847000ms
[2025-01-31 16:12:34.930030] INFO: Result saved to: /home/vc/kurotaka/results/result_0
[2025-01-31 16:12:38.913428] INFO: Second connection established in 0.259000ms
[2025-01-31 16:12:43.134231] INFO: Sending result upload request
[2025-01-31 16:12:46.893356] INFO: Second request sent in 0.031000ms
[2025-01-31 16:12:50.171315] INFO: Result uploaded in 0.011000ms
[2025-01-31 16:12:53.368056] INFO: Process completed successfully. Total execution time in 2m 7528.608000ms

