
[2025-01-31 16:10:48.118252] INFO: Process started with ID: 150
[2025-01-31 16:10:48.726470] INFO: First connection established in 0.290000ms
[2025-01-31 16:10:49.563269] INFO: Sending request: GET /http_server/send-object.php?ID=150 HTTP/1.1
Host: 192.168.100.3
Connection: close


[2025-01-31 16:10:50.867825] INFO: First request sent in 0.035000ms
[2025-01-31 16:10:51.676899] INFO: Time from request to first response in 0.026000ms
[2025-01-31 16:10:52.483625] INFO: Received headers - MPI-Rank: 132, Group-ID: 1, Job-ID: 1, Sub-Job-ID: 133, Rank-Count: 512
[2025-01-31 16:10:53.731954] INFO: Receive loop #1 received 16384 bytes in 1798.793000ms
[2025-01-31 16:10:54.897927] INFO: Receive loop #2 received 16384 bytes in 0.061000ms
[2025-01-31 16:10:55.941182] INFO: Receive loop #3 received 16384 bytes in 0.078000ms
[2025-01-31 16:10:57.263584] INFO: Receive loop #4 received 16384 bytes in 0.137000ms
[2025-01-31 16:10:58.467690] INFO: Receive loop #5 received 16384 bytes in 0.028000ms
[2025-01-31 16:10:59.879643] INFO: Receive loop #6 received 16384 bytes in 0.028000ms
[2025-01-31 16:11:01.901044] INFO: Receive loop #7 received 16384 bytes in 0.035000ms
[2025-01-31 16:11:03.469689] INFO: Receive loop #8 received 16384 bytes in 0.322000ms
[2025-01-31 16:11:05.055165] INFO: Receive loop #9 received 16384 bytes in 0.039000ms
[2025-01-31 16:11:06.726486] INFO: Receive loop #10 received 16384 bytes in 0.030000ms
[2025-01-31 16:11:09.103038] INFO: Receive loop #11 received 16384 bytes in 0.034000ms
[2025-01-31 16:11:11.311474] INFO: Receive loop #12 received 7665 bytes in 0.024000ms
[2025-01-31 16:11:13.006021] INFO: Response received in 20954.669000ms
[2025-01-31 16:11:15.998351] INFO: File saved in 0.482000ms
[2025-01-31 16:11:17.785278] INFO: File saved to: /home/vc/kurotaka/objects/temp_150
[2025-01-31 16:11:20.351348] INFO: Execution permission granted to: /home/vc/kurotaka/objects/temp_150
[2025-01-31 16:11:22.540680] INFO: Executing command: /home/vc/kurotaka/objects/temp_150 132 512 1
[2025-01-31 16:12:31.778469] INFO: Command executed in 1m 6296.121000ms
[2025-01-31 16:12:36.570775] INFO: Result saved to: /home/vc/kurotaka/results/result_150
[2025-01-31 16:12:40.962677] INFO: Second connection established in 0.159000ms
[2025-01-31 16:12:44.824997] INFO: Sending result upload request
[2025-01-31 16:12:48.653259] INFO: Second request sent in 0.026000ms
[2025-01-31 16:12:51.302086] INFO: Result uploaded in 0.011000ms
[2025-01-31 16:12:54.141678] INFO: Process completed successfully. Total execution time in 2m 8378.405000ms

