
[2025-01-31 16:10:47.176185] INFO: Process started with ID: 235
[2025-01-31 16:10:47.722781] INFO: First connection established in 0.222000ms
[2025-01-31 16:10:48.195289] INFO: Sending request: GET /http_server/send-object.php?ID=235 HTTP/1.1
Host: 192.168.100.3
Connection: close


[2025-01-31 16:10:48.829440] INFO: First request sent in 0.008000ms
[2025-01-31 16:10:49.735992] INFO: Time from request to first response in 0.027000ms
[2025-01-31 16:10:50.969194] INFO: Received headers - MPI-Rank: 106, Group-ID: 1, Job-ID: 1, Sub-Job-ID: 107, Rank-Count: 512
[2025-01-31 16:10:51.791836] INFO: Receive loop #1 received 16384 bytes in 2185.743000ms
[2025-01-31 16:10:52.684647] INFO: Receive loop #2 received 16384 bytes in 0.062000ms
[2025-01-31 16:10:53.901110] INFO: Receive loop #3 received 16384 bytes in 0.078000ms
[2025-01-31 16:10:55.016171] INFO: Receive loop #4 received 16384 bytes in 0.126000ms
[2025-01-31 16:10:56.229860] INFO: Receive loop #5 received 16384 bytes in 0.028000ms
[2025-01-31 16:10:57.453268] INFO: Receive loop #6 received 16384 bytes in 0.031000ms
[2025-01-31 16:10:58.727589] INFO: Receive loop #7 received 16384 bytes in 0.029000ms
[2025-01-31 16:11:00.134314] INFO: Receive loop #8 received 16384 bytes in 0.277000ms
[2025-01-31 16:11:02.204058] INFO: Receive loop #9 received 16384 bytes in 0.037000ms
[2025-01-31 16:11:03.635711] INFO: Receive loop #10 received 16384 bytes in 0.031000ms
[2025-01-31 16:11:05.272089] INFO: Receive loop #11 received 16384 bytes in 0.036000ms
[2025-01-31 16:11:07.085132] INFO: Receive loop #12 received 7665 bytes in 0.026000ms
[2025-01-31 16:11:09.382589] INFO: Response received in 19479.278000ms
[2025-01-31 16:11:11.529142] INFO: File saved in 0.464000ms
[2025-01-31 16:11:13.263908] INFO: File saved to: /home/vc/kurotaka/objects/temp_235
[2025-01-31 16:11:16.002139] INFO: Execution permission granted to: /home/vc/kurotaka/objects/temp_235
[2025-01-31 16:11:17.803252] INFO: Executing command: /home/vc/kurotaka/objects/temp_235 106 512 1
[2025-01-31 16:12:27.978715] INFO: Command executed in 1m 6839.392000ms
[2025-01-31 16:12:31.474071] INFO: Result saved to: /home/vc/kurotaka/results/result_235
[2025-01-31 16:12:36.348624] INFO: Second connection established in 0.187000ms
[2025-01-31 16:12:40.818633] INFO: Sending result upload request
[2025-01-31 16:12:44.477441] INFO: Second request sent in 0.026000ms
[2025-01-31 16:12:48.390579] INFO: Result uploaded in 0.067000ms
[2025-01-31 16:12:50.965005] INFO: Process completed successfully. Total execution time in 2m 5123.578000ms

