
[2025-01-31 16:11:33.133662] INFO: Process started with ID: 156
[2025-01-31 16:11:35.258471] INFO: First connection established in 0.403000ms
[2025-01-31 16:11:37.357501] INFO: Sending request: GET /http_server/send-object.php?ID=156 HTTP/1.1
Host: 192.168.100.3
Connection: close


[2025-01-31 16:11:40.264312] INFO: First request sent in 0.016000ms
[2025-01-31 16:11:41.960493] INFO: Time from request to first response in 0.027000ms
[2025-01-31 16:11:43.908513] INFO: Received headers - MPI-Rank: 466, Group-ID: 1, Job-ID: 1, Sub-Job-ID: 467, Rank-Count: 512
[2025-01-31 16:11:45.817667] INFO: Receive loop #1 received 16384 bytes in 4114.346000ms
[2025-01-31 16:11:48.214422] INFO: Receive loop #2 received 16384 bytes in 0.061000ms
[2025-01-31 16:11:50.212868] INFO: Receive loop #3 received 16384 bytes in 0.084000ms
[2025-01-31 16:11:52.033135] INFO: Receive loop #4 received 16384 bytes in 0.125000ms
[2025-01-31 16:11:54.087997] INFO: Receive loop #5 received 16384 bytes in 0.005000ms
[2025-01-31 16:11:55.741621] INFO: Receive loop #6 received 16384 bytes in 0.035000ms
[2025-01-31 16:11:57.377113] INFO: Receive loop #7 received 16384 bytes in 0.009000ms
[2025-01-31 16:11:58.672417] INFO: Receive loop #8 received 16384 bytes in 0.247000ms
[2025-01-31 16:12:00.248230] INFO: Receive loop #9 received 16384 bytes in 0.032000ms
[2025-01-31 16:12:01.096927] INFO: Receive loop #10 received 16384 bytes in 0.030000ms
[2025-01-31 16:12:02.649896] INFO: Receive loop #11 received 16384 bytes in 0.029000ms
[2025-01-31 16:12:04.054654] INFO: Receive loop #12 received 7665 bytes in 0.007000ms
[2025-01-31 16:12:04.913350] INFO: Response received in 23094.921000ms
[2025-01-31 16:12:05.882314] INFO: File saved in 0.087000ms
[2025-01-31 16:12:06.712625] INFO: File saved to: /home/vc/kurotaka/objects/temp_156
[2025-01-31 16:12:07.778722] INFO: Execution permission granted to: /home/vc/kurotaka/objects/temp_156
[2025-01-31 16:12:08.198159] INFO: Executing command: /home/vc/kurotaka/objects/temp_156 466 512 1
[2025-01-31 16:12:25.050655] INFO: Command executed in 15899.284000ms
[2025-01-31 16:12:27.396216] INFO: Result saved to: /home/vc/kurotaka/results/result_156
[2025-01-31 16:12:30.750566] INFO: Second connection established in 0.265000ms
[2025-01-31 16:12:35.601681] INFO: Sending result upload request
[2025-01-31 16:12:39.812213] INFO: Second request sent in 0.023000ms
[2025-01-31 16:12:43.486041] INFO: Result uploaded in 0.059000ms
[2025-01-31 16:12:47.541263] INFO: Process completed successfully. Total execution time in 2m 1091.182000ms

