
[2025-01-31 16:11:36.286894] INFO: Process started with ID: 215
[2025-01-31 16:11:38.636749] INFO: First connection established in 0.188000ms
[2025-01-31 16:11:41.065471] INFO: Sending request: GET /http_server/send-object.php?ID=215 HTTP/1.1
Host: 192.168.100.3
Connection: close


[2025-01-31 16:11:42.033716] INFO: First request sent in 0.004000ms
[2025-01-31 16:11:43.829748] INFO: Time from request to first response in 0.034000ms
[2025-01-31 16:11:46.476340] INFO: Received headers - MPI-Rank: 488, Group-ID: 1, Job-ID: 1, Sub-Job-ID: 489, Rank-Count: 512
[2025-01-31 16:11:48.588306] INFO: Receive loop #1 received 16384 bytes in 4007.679000ms
[2025-01-31 16:11:50.695573] INFO: Receive loop #2 received 16384 bytes in 0.016000ms
[2025-01-31 16:11:51.958992] INFO: Receive loop #3 received 16384 bytes in 0.078000ms
[2025-01-31 16:11:54.011262] INFO: Receive loop #4 received 16384 bytes in 0.120000ms
[2025-01-31 16:11:55.741326] INFO: Receive loop #5 received 16384 bytes in 0.036000ms
[2025-01-31 16:11:57.376971] INFO: Receive loop #6 received 16384 bytes in 0.008000ms
[2025-01-31 16:11:59.030732] INFO: Receive loop #7 received 16384 bytes in 0.030000ms
[2025-01-31 16:12:00.489021] INFO: Receive loop #8 received 16384 bytes in 0.303000ms
[2025-01-31 16:12:02.026582] INFO: Receive loop #9 received 16384 bytes in 0.007000ms
[2025-01-31 16:12:03.394293] INFO: Receive loop #10 received 16384 bytes in 0.035000ms
[2025-01-31 16:12:04.781375] INFO: Receive loop #11 received 16384 bytes in 0.035000ms
[2025-01-31 16:12:05.811879] INFO: Receive loop #12 received 7665 bytes in 0.006000ms
[2025-01-31 16:12:06.797372] INFO: Response received in 22778.771000ms
[2025-01-31 16:12:07.478817] INFO: File saved in 0.095000ms
[2025-01-31 16:12:07.870464] INFO: File saved to: /home/vc/kurotaka/objects/temp_215
[2025-01-31 16:12:08.401322] INFO: Execution permission granted to: /home/vc/kurotaka/objects/temp_215
[2025-01-31 16:12:08.623495] INFO: Executing command: /home/vc/kurotaka/objects/temp_215 488 512 1
[2025-01-31 16:12:39.910578] INFO: Command executed in 29654.695000ms
[2025-01-31 16:12:43.565416] INFO: Result saved to: /home/vc/kurotaka/results/result_215
[2025-01-31 16:12:47.761093] INFO: Second connection established in 0.258000ms
[2025-01-31 16:12:50.499452] INFO: Sending result upload request
[2025-01-31 16:12:54.285397] INFO: Second request sent in 0.004000ms
[2025-01-31 16:12:55.909442] INFO: Result uploaded in 0.011000ms
[2025-01-31 16:12:56.717661] INFO: Process completed successfully. Total execution time in 2m 11531.801000ms

