
[2025-01-31 16:31:02] Program started at 2025-01-31 16:31:02.008
[2025-01-31 16:31:02] [getClientID] MySQL connection established. Execution time: 0.750 ms
[2025-01-31 16:31:02] [getClientID] SELECT table_name FROM table_registry WHERE id = :job_id / Execution time: 0.384 ms
[2025-01-31 16:31:02] [getClientID] SELECT client FROM `matrix` WHERE id = :sub_job_id / Execution time: 0.207 ms
[2025-01-31 16:31:02] getClientID completed. Execution time: 1.552 ms
[2025-01-31 16:31:02] Read file completed. Execution time: 0.014 ms
[2025-01-31 16:31:02] File saved successfully: uploads/job_1/group_1/result_5
[2025-01-31 16:31:02] [updateStatus] MySQL connection established. Execution time: 0.122 ms
[2025-01-31 16:31:02] [updateStatus] SELECT table_name FROM table_registry WHERE id = :job_id FOR UPDATE / Execution time: 3.185 ms
[2025-01-31 16:31:02] [updateStatus] UPDATE `matrix` SET status = :status WHERE id = :sub_job_id / Execution time: 0.193 ms
[2025-01-31 16:31:02] [updateStatus] SELECT COUNT_RECORDS FROM `matrix` / Execution time: 0.310 ms
[2025-01-31 16:31:02] [updateStatus] UPDATE table_registry SET status = :status WHERE id = :job_id / Execution time: 0.122 ms
[2025-01-31 16:31:02] updateStatus completed. Execution time: 321.483 ms
[2025-01-31 16:31:02] Write file completed. Execution time: 321.797 ms
[2025-01-31 16:31:02] [getGroupStatus] MySQL connection established. Execution time: 0.101 ms
[2025-01-31 16:31:02] [getGroupStatus] SELECT table_name FROM table_registry WHERE id = :job_id / Execution time: 0.388 ms
[2025-01-31 16:31:02] [getGroupStatus] SELECT status FROM `matrix` WHERE group_id = :group_id / Execution time: 0.676 ms
[2025-01-31 16:31:02] getGroupStatus completed. Execution time: 1.381 ms
[2025-01-31 16:31:02] Group 1 is not completed yet.
[2025-01-31 16:31:02] Program completed. Total execution time: 327.717 ms

