
[2025-01-31 17:48:30.379692] INFO: Process started with ID: 124
[2025-01-31 17:48:32.630161] INFO: First connection established in 0.222000ms
[2025-01-31 17:48:34.936576] INFO: Sending request: GET /http_server/send-object.php?ID=124 HTTP/1.1
Host: 192.168.100.3
Connection: close


[2025-01-31 17:48:37.185437] INFO: First request sent in 0.033000ms
[2025-01-31 17:48:39.393076] INFO: Time from request to first response in 0.029000ms
[2025-01-31 17:48:41.952562] INFO: Received headers - MPI-Rank: 393, Group-ID: 1, Job-ID: 1, Sub-Job-ID: 394, Rank-Count: 512
[2025-01-31 17:48:43.964440] INFO: Receive loop #1 received 16384 bytes in 4360.300000ms
[2025-01-31 17:48:46.358626] INFO: Receive loop #2 received 16384 bytes in 0.076000ms
[2025-01-31 17:48:48.168180] INFO: Receive loop #3 received 16384 bytes in 0.097000ms
[2025-01-31 17:48:50.416027] INFO: Receive loop #4 received 16384 bytes in 0.113000ms
[2025-01-31 17:48:52.984751] INFO: Receive loop #5 received 16384 bytes in 0.033000ms
[2025-01-31 17:48:55.012049] INFO: Receive loop #6 received 16384 bytes in 0.032000ms
[2025-01-31 17:48:57.296188] INFO: Receive loop #7 received 16384 bytes in 0.032000ms
[2025-01-31 17:48:58.732354] INFO: Receive loop #8 received 16384 bytes in 0.061000ms
[2025-01-31 17:49:01.570249] INFO: Receive loop #9 received 16384 bytes in 0.031000ms
[2025-01-31 17:49:03.880672] INFO: Receive loop #10 received 16384 bytes in 0.029000ms
[2025-01-31 17:49:05.731862] INFO: Receive loop #11 received 16384 bytes in 0.029000ms
[2025-01-31 17:49:07.596025] INFO: Receive loop #12 received 7665 bytes in 0.018000ms
[2025-01-31 17:49:08.562813] INFO: Response received in 29523.934000ms
[2025-01-31 17:49:09.953486] INFO: File saved in 0.528000ms
[2025-01-31 17:49:11.876345] INFO: File saved to: /home/vc/kurotaka/objects/temp_124
[2025-01-31 17:49:15.312841] INFO: Execution permission granted to: /home/vc/kurotaka/objects/temp_124
[2025-01-31 17:49:16.269014] INFO: Executing command: /home/vc/kurotaka/objects/temp_124 393 512 1
[2025-01-31 17:49:39.062083] INFO: Command executed in 21586.059000ms
[2025-01-31 17:49:40.416127] INFO: Result saved to: /home/vc/kurotaka/results/result_124
[2025-01-31 17:49:42.878186] INFO: Second connection established in 0.181000ms
[2025-01-31 17:49:46.289838] INFO: Sending result upload request
[2025-01-31 17:49:49.042535] INFO: Second request sent in 0.027000ms
[2025-01-31 17:49:52.979608] INFO: Result uploaded in 0.064000ms
[2025-01-31 17:49:57.212288] INFO: Process completed successfully. Total execution time in 2m 8369.383000ms

