
[2025-01-31 17:47:51.408119] INFO: Process started with ID: 81
[2025-01-31 17:47:52.438134] INFO: First connection established in 0.265000ms
[2025-01-31 17:47:53.240318] INFO: Sending request: GET /http_server/send-object.php?ID=81 HTTP/1.1
Host: 192.168.100.3
Connection: close


[2025-01-31 17:47:54.229314] INFO: First request sent in 0.032000ms
[2025-01-31 17:47:55.120467] INFO: Time from request to first response in 0.029000ms
[2025-01-31 17:47:56.471434] INFO: Received headers - MPI-Rank: 117, Group-ID: 1, Job-ID: 1, Sub-Job-ID: 118, Rank-Count: 512
[2025-01-31 17:47:57.697915] INFO: Receive loop #1 received 16384 bytes in 2527.680000ms
[2025-01-31 17:47:59.480638] INFO: Receive loop #2 received 16384 bytes in 0.071000ms
[2025-01-31 17:48:00.830481] INFO: Receive loop #3 received 16384 bytes in 0.084000ms
[2025-01-31 17:48:02.737478] INFO: Receive loop #4 received 16384 bytes in 0.043000ms
[2025-01-31 17:48:05.021664] INFO: Receive loop #5 received 16384 bytes in 0.029000ms
[2025-01-31 17:48:06.948784] INFO: Receive loop #6 received 16384 bytes in 0.030000ms
[2025-01-31 17:48:08.797678] INFO: Receive loop #7 received 16384 bytes in 0.010000ms
[2025-01-31 17:48:11.324611] INFO: Receive loop #8 received 16384 bytes in 0.254000ms
[2025-01-31 17:48:13.855803] INFO: Receive loop #9 received 16384 bytes in 0.034000ms
[2025-01-31 17:48:16.056619] INFO: Receive loop #10 received 16384 bytes in 0.030000ms
[2025-01-31 17:48:19.175016] INFO: Receive loop #11 received 16384 bytes in 0.031000ms
[2025-01-31 17:48:20.954609] INFO: Receive loop #12 received 7665 bytes in 0.010000ms
[2025-01-31 17:48:23.003732] INFO: Response received in 27396.187000ms
[2025-01-31 17:48:24.615641] INFO: File saved in 0.459000ms
[2025-01-31 17:48:26.516367] INFO: File saved to: /home/vc/kurotaka/objects/temp_81
[2025-01-31 17:48:28.468059] INFO: Execution permission granted to: /home/vc/kurotaka/objects/temp_81
[2025-01-31 17:48:30.629319] INFO: Executing command: /home/vc/kurotaka/objects/temp_81 117 512 1
[2025-01-31 17:49:39.127951] INFO: Command executed in 1m 6523.711000ms
[2025-01-31 17:49:40.416124] INFO: Result saved to: /home/vc/kurotaka/results/result_81
[2025-01-31 17:49:42.878051] INFO: Second connection established in 0.299000ms
[2025-01-31 17:49:46.289651] INFO: Sending result upload request
[2025-01-31 17:49:49.042407] INFO: Second request sent in 0.025000ms
[2025-01-31 17:49:52.931356] INFO: Result uploaded in 0.066000ms
[2025-01-31 17:49:57.236508] INFO: Process completed successfully. Total execution time in 2m 8375.962000ms

