
[2025-01-31 17:48:21.738494] INFO: Process started with ID: 171
[2025-01-31 17:48:23.882082] INFO: First connection established in 0.182000ms
[2025-01-31 17:48:25.847099] INFO: Sending request: GET /http_server/send-object.php?ID=171 HTTP/1.1
Host: 192.168.100.3
Connection: close


[2025-01-31 17:48:27.671836] INFO: First request sent in 0.008000ms
[2025-01-31 17:48:29.356771] INFO: Time from request to first response in 0.012000ms
[2025-01-31 17:48:31.740634] INFO: Received headers - MPI-Rank: 340, Group-ID: 1, Job-ID: 1, Sub-Job-ID: 341, Rank-Count: 512
[2025-01-31 17:48:34.092479] INFO: Receive loop #1 received 16384 bytes in 4513.607000ms
[2025-01-31 17:48:36.642013] INFO: Receive loop #2 received 16384 bytes in 0.076000ms
[2025-01-31 17:48:38.641931] INFO: Receive loop #3 received 16384 bytes in 0.095000ms
[2025-01-31 17:48:40.795957] INFO: Receive loop #4 received 16384 bytes in 0.138000ms
[2025-01-31 17:48:43.102927] INFO: Receive loop #5 received 16384 bytes in 0.030000ms
[2025-01-31 17:48:45.334881] INFO: Receive loop #6 received 16384 bytes in 0.030000ms
[2025-01-31 17:48:47.364813] INFO: Receive loop #7 received 16384 bytes in 0.030000ms
[2025-01-31 17:48:49.668178] INFO: Receive loop #8 received 16384 bytes in 0.262000ms
[2025-01-31 17:48:51.671577] INFO: Receive loop #9 received 16384 bytes in 0.028000ms
[2025-01-31 17:48:54.001013] INFO: Receive loop #10 received 16384 bytes in 0.012000ms
[2025-01-31 17:48:56.693345] INFO: Receive loop #11 received 16384 bytes in 0.029000ms
[2025-01-31 17:48:58.584231] INFO: Receive loop #12 received 7665 bytes in 0.028000ms
[2025-01-31 17:49:00.892567] INFO: Response received in 31546.854000ms
[2025-01-31 17:49:03.556949] INFO: File saved in 0.663000ms
[2025-01-31 17:49:05.945375] INFO: File saved to: /home/vc/kurotaka/objects/temp_171
[2025-01-31 17:49:08.511500] INFO: Execution permission granted to: /home/vc/kurotaka/objects/temp_171
[2025-01-31 17:49:09.603430] INFO: Executing command: /home/vc/kurotaka/objects/temp_171 340 512 1
[2025-01-31 17:49:42.254353] INFO: Command executed in 30640.108000ms
[2025-01-31 17:49:44.574450] INFO: Result saved to: /home/vc/kurotaka/results/result_171
[2025-01-31 17:49:47.685456] INFO: Second connection established in 0.221000ms
[2025-01-31 17:49:50.745619] INFO: Sending result upload request
[2025-01-31 17:49:54.813461] INFO: Second request sent in 0.027000ms
[2025-01-31 17:50:00.029239] INFO: Result uploaded in 0.055000ms
[2025-01-31 17:50:04.242460] INFO: Process completed successfully. Total execution time in 2m 14963.510000ms

