
[2025-01-31 17:47:55.583763] INFO: Process started with ID: 49
[2025-01-31 17:47:57.128308] INFO: First connection established in 0.163000ms
[2025-01-31 17:47:58.174201] INFO: Sending request: GET /http_server/send-object.php?ID=49 HTTP/1.1
Host: 192.168.100.3
Connection: close


[2025-01-31 17:47:59.908176] INFO: First request sent in 0.033000ms
[2025-01-31 17:48:01.708208] INFO: Time from request to first response in 0.051000ms
[2025-01-31 17:48:03.347315] INFO: Received headers - MPI-Rank: 174, Group-ID: 1, Job-ID: 1, Sub-Job-ID: 175, Rank-Count: 512
[2025-01-31 17:48:05.334368] INFO: Receive loop #1 received 16384 bytes in 3988.779000ms
[2025-01-31 17:48:07.797896] INFO: Receive loop #2 received 16384 bytes in 0.064000ms
[2025-01-31 17:48:09.732525] INFO: Receive loop #3 received 16384 bytes in 0.076000ms
[2025-01-31 17:48:11.912060] INFO: Receive loop #4 received 16384 bytes in 0.118000ms
[2025-01-31 17:48:14.358305] INFO: Receive loop #5 received 16384 bytes in 0.029000ms
[2025-01-31 17:48:16.662824] INFO: Receive loop #6 received 16384 bytes in 0.034000ms
[2025-01-31 17:48:19.175341] INFO: Receive loop #7 received 16384 bytes in 0.031000ms
[2025-01-31 17:48:20.955016] INFO: Receive loop #8 received 16384 bytes in 0.254000ms
[2025-01-31 17:48:23.004391] INFO: Receive loop #9 received 16384 bytes in 0.033000ms
[2025-01-31 17:48:24.616632] INFO: Receive loop #10 received 16384 bytes in 0.030000ms
[2025-01-31 17:48:26.517151] INFO: Receive loop #11 received 16384 bytes in 0.034000ms
[2025-01-31 17:48:28.468282] INFO: Receive loop #12 received 7665 bytes in 0.021000ms
[2025-01-31 17:48:30.629618] INFO: Response received in 28903.092000ms
[2025-01-31 17:48:32.773975] INFO: File saved in 0.464000ms
[2025-01-31 17:48:35.062070] INFO: File saved to: /home/vc/kurotaka/objects/temp_49
[2025-01-31 17:48:37.246965] INFO: Execution permission granted to: /home/vc/kurotaka/objects/temp_49
[2025-01-31 17:48:39.456791] INFO: Executing command: /home/vc/kurotaka/objects/temp_49 174 512 1
[2025-01-31 17:49:49.327652] INFO: Command executed in 1m 6934.108000ms
[2025-01-31 17:49:53.417147] INFO: Result saved to: /home/vc/kurotaka/results/result_49
[2025-01-31 17:49:57.445949] INFO: Second connection established in 0.184000ms
[2025-01-31 17:50:02.414584] INFO: Sending result upload request
[2025-01-31 17:50:06.340903] INFO: Second request sent in 0.004000ms
[2025-01-31 17:50:09.900792] INFO: Result uploaded in 0.010000ms
[2025-01-31 17:50:11.763082] INFO: Process completed successfully. Total execution time in 2m 23242.645000ms

