
[2025-01-31 17:47:51.841868] INFO: Process started with ID: 298
[2025-01-31 17:47:52.948752] INFO: First connection established in 0.292000ms
[2025-01-31 17:47:53.744789] INFO: Sending request: GET /http_server/send-object.php?ID=298 HTTP/1.1
Host: 192.168.100.3
Connection: close


[2025-01-31 17:47:54.865208] INFO: First request sent in 0.035000ms
[2025-01-31 17:47:55.902452] INFO: Time from request to first response in 0.030000ms
[2025-01-31 17:47:57.400838] INFO: Received headers - MPI-Rank: 124, Group-ID: 1, Job-ID: 1, Sub-Job-ID: 125, Rank-Count: 512
[2025-01-31 17:47:58.800588] INFO: Receive loop #1 received 16384 bytes in 2641.648000ms
[2025-01-31 17:48:00.286076] INFO: Receive loop #2 received 16384 bytes in 0.062000ms
[2025-01-31 17:48:02.373820] INFO: Receive loop #3 received 16384 bytes in 0.078000ms
[2025-01-31 17:48:04.152200] INFO: Receive loop #4 received 16384 bytes in 0.112000ms
[2025-01-31 17:48:06.020958] INFO: Receive loop #5 received 16384 bytes in 0.030000ms
[2025-01-31 17:48:08.255479] INFO: Receive loop #6 received 16384 bytes in 0.029000ms
[2025-01-31 17:48:10.849152] INFO: Receive loop #7 received 16384 bytes in 0.030000ms
[2025-01-31 17:48:13.285641] INFO: Receive loop #8 received 16384 bytes in 0.258000ms
[2025-01-31 17:48:15.448966] INFO: Receive loop #9 received 16384 bytes in 0.032000ms
[2025-01-31 17:48:17.928319] INFO: Receive loop #10 received 16384 bytes in 0.049000ms
[2025-01-31 17:48:20.085181] INFO: Receive loop #11 received 16384 bytes in 0.005000ms
[2025-01-31 17:48:21.789089] INFO: Receive loop #12 received 7665 bytes in 0.003000ms
[2025-01-31 17:48:23.987602] INFO: Response received in 27619.736000ms
[2025-01-31 17:48:26.266941] INFO: File saved in 0.478000ms
[2025-01-31 17:48:28.400364] INFO: File saved to: /home/vc/kurotaka/objects/temp_298
[2025-01-31 17:48:30.495684] INFO: Execution permission granted to: /home/vc/kurotaka/objects/temp_298
[2025-01-31 17:48:32.689841] INFO: Executing command: /home/vc/kurotaka/objects/temp_298 124 512 1
[2025-01-31 17:49:47.715603] INFO: Command executed in 1m 12796.354000ms
[2025-01-31 17:49:50.007305] INFO: Result saved to: /home/vc/kurotaka/results/result_298
[2025-01-31 17:49:53.517397] INFO: Second connection established in 0.210000ms
[2025-01-31 17:49:57.607050] INFO: Sending result upload request
[2025-01-31 17:50:02.756987] INFO: Second request sent in 0.035000ms
[2025-01-31 17:50:06.621940] INFO: Result uploaded in 0.011000ms
[2025-01-31 17:50:11.424575] INFO: Process completed successfully. Total execution time in 2m 21170.903000ms

