
[2025-01-31 17:48:47.273233] INFO: Process started with ID: 293
[2025-01-31 17:48:49.385924] INFO: First connection established in 0.263000ms
[2025-01-31 17:48:51.045337] INFO: Sending request: GET /http_server/send-object.php?ID=293 HTTP/1.1
Host: 192.168.100.3
Connection: close


[2025-01-31 17:48:52.918835] INFO: First request sent in 0.033000ms
[2025-01-31 17:48:55.010760] INFO: Time from request to first response in 0.031000ms
[2025-01-31 17:48:57.762879] INFO: Received headers - MPI-Rank: 485, Group-ID: 1, Job-ID: 1, Sub-Job-ID: 486, Rank-Count: 512
[2025-01-31 17:48:58.954352] INFO: Receive loop #1 received 16384 bytes in 4039.661000ms
[2025-01-31 17:49:01.169170] INFO: Receive loop #2 received 16384 bytes in 0.070000ms
[2025-01-31 17:49:04.593004] INFO: Receive loop #3 received 16384 bytes in 0.096000ms
[2025-01-31 17:49:06.370672] INFO: Receive loop #4 received 16384 bytes in 0.130000ms
[2025-01-31 17:49:07.800350] INFO: Receive loop #5 received 16384 bytes in 0.029000ms
[2025-01-31 17:49:08.577588] INFO: Receive loop #6 received 16384 bytes in 0.005000ms
[2025-01-31 17:49:09.785271] INFO: Receive loop #7 received 16384 bytes in 0.006000ms
[2025-01-31 17:49:11.707776] INFO: Receive loop #8 received 16384 bytes in 0.249000ms
[2025-01-31 17:49:13.667880] INFO: Receive loop #9 received 16384 bytes in 0.037000ms
[2025-01-31 17:49:15.671879] INFO: Receive loop #10 received 16384 bytes in 0.012000ms
[2025-01-31 17:49:17.175510] INFO: Receive loop #11 received 16384 bytes in 0.028000ms
[2025-01-31 17:49:18.110055] INFO: Receive loop #12 received 7665 bytes in 0.005000ms
[2025-01-31 17:49:19.101325] INFO: Response received in 24285.398000ms
[2025-01-31 17:49:20.063445] INFO: File saved in 0.091000ms
[2025-01-31 17:49:21.259990] INFO: File saved to: /home/vc/kurotaka/objects/temp_293
[2025-01-31 17:49:23.324858] INFO: Execution permission granted to: /home/vc/kurotaka/objects/temp_293
[2025-01-31 17:49:24.110401] INFO: Executing command: /home/vc/kurotaka/objects/temp_293 485 512 1
[2025-01-31 17:49:47.379520] INFO: Command executed in 22489.257000ms
[2025-01-31 17:49:49.489684] INFO: Result saved to: /home/vc/kurotaka/results/result_293
[2025-01-31 17:49:52.822253] INFO: Second connection established in 0.236000ms
[2025-01-31 17:49:56.970830] INFO: Sending result upload request
[2025-01-31 17:50:01.658016] INFO: Second request sent in 0.054000ms
[2025-01-31 17:50:05.951724] INFO: Result uploaded in 0.027000ms
[2025-01-31 17:50:09.995581] INFO: Process completed successfully. Total execution time in 2m 20543.399000ms

