
[2025-01-31 17:06:50.601872] INFO: Process started with ID: 54
[2025-01-31 17:06:50.673793] INFO: First connection established in 0.158000ms
[2025-01-31 17:06:50.852594] INFO: Sending request: GET /http_server/send-object.php?ID=54 HTTP/1.1
Host: 192.168.100.3
Connection: close


[2025-01-31 17:06:51.111990] INFO: First request sent in 0.058000ms
[2025-01-31 17:06:51.457884] INFO: Time from request to first response in 0.035000ms
[2025-01-31 17:06:51.976313] INFO: Received headers - MPI-Rank: 0, Group-ID: 1, Job-ID: 1, Sub-Job-ID: 1, Rank-Count: 64
[2025-01-31 17:06:52.609834] INFO: Receive loop #1 received 16384 bytes in 1052.659000ms
[2025-01-31 17:06:53.354663] INFO: Receive loop #2 received 16384 bytes in 0.067000ms
[2025-01-31 17:06:53.912147] INFO: Receive loop #3 received 16384 bytes in 0.075000ms
[2025-01-31 17:06:54.159735] INFO: Receive loop #4 received 16384 bytes in 0.116000ms
[2025-01-31 17:06:54.469888] INFO: Receive loop #5 received 16384 bytes in 0.031000ms
[2025-01-31 17:06:54.710119] INFO: Receive loop #6 received 16384 bytes in 0.032000ms
[2025-01-31 17:06:55.017672] INFO: Receive loop #7 received 16384 bytes in 0.029000ms
[2025-01-31 17:06:55.381038] INFO: Receive loop #8 received 16384 bytes in 0.098000ms
[2025-01-31 17:06:55.831736] INFO: Receive loop #9 received 16384 bytes in 0.033000ms
[2025-01-31 17:06:56.231720] INFO: Receive loop #10 received 16384 bytes in 0.039000ms
[2025-01-31 17:06:56.536412] INFO: Receive loop #11 received 16384 bytes in 0.027000ms
[2025-01-31 17:06:56.904719] INFO: Receive loop #12 received 7660 bytes in 0.018000ms
[2025-01-31 17:06:57.281044] INFO: Response received in 5808.655000ms
[2025-01-31 17:06:57.862787] INFO: File saved in 0.461000ms
[2025-01-31 17:06:58.481739] INFO: File saved to: /home/vc/kurotaka/objects/temp_54
[2025-01-31 17:06:59.243297] INFO: Execution permission granted to: /home/vc/kurotaka/objects/temp_54
[2025-01-31 17:06:59.450737] INFO: Executing command: /home/vc/kurotaka/objects/temp_54 0 64 1
[2025-01-31 17:07:03.696873] INFO: Command executed in 3891.790000ms
[2025-01-31 17:07:03.942811] INFO: Result saved to: /home/vc/kurotaka/results/result_54
[2025-01-31 17:07:04.156968] INFO: Second connection established in 0.162000ms
[2025-01-31 17:07:04.472742] INFO: Sending result upload request
[2025-01-31 17:07:04.739863] INFO: Second request sent in 0.025000ms
[2025-01-31 17:07:05.001035] INFO: Result uploaded in 0.056000ms
[2025-01-31 17:07:05.341651] INFO: Process completed successfully. Total execution time in 14667.511000ms

