
[2025-01-31 17:14:35] Program started at 2025-01-31 17:14:35.5553
[2025-01-31 17:14:35] [getClientID] MySQL connection established. Execution time: 0.808 ms
[2025-01-31 17:14:35] [getClientID] SELECT table_name FROM table_registry WHERE id = :job_id / Execution time: 0.234 ms
[2025-01-31 17:14:35] [getClientID] SELECT client FROM `matrix` WHERE id = :sub_job_id / Execution time: 0.136 ms
[2025-01-31 17:14:35] getClientID completed. Execution time: 1.310 ms
[2025-01-31 17:14:35] Read file completed. Execution time: 0.013 ms
[2025-01-31 17:14:35] File saved successfully: uploads/job_1/group_1/result_25
[2025-01-31 17:14:35] [updateStatus] MySQL connection established. Execution time: 0.072 ms
[2025-01-31 17:14:35] [updateStatus] SELECT table_name FROM table_registry WHERE id = :job_id FOR UPDATE / Execution time: 0.128 ms
[2025-01-31 17:14:35] [updateStatus] UPDATE `matrix` SET status = :status WHERE id = :sub_job_id / Execution time: 0.139 ms
[2025-01-31 17:14:35] [updateStatus] SELECT COUNT_RECORDS FROM `matrix` / Execution time: 0.167 ms
[2025-01-31 17:14:35] [updateStatus] UPDATE table_registry SET status = :status WHERE id = :job_id / Execution time: 0.101 ms
[2025-01-31 17:14:35] updateStatus completed. Execution time: 171.501 ms
[2025-01-31 17:14:35] Write file completed. Execution time: 171.768 ms
[2025-01-31 17:14:35] [getGroupStatus] MySQL connection established. Execution time: 0.084 ms
[2025-01-31 17:14:35] [getGroupStatus] SELECT table_name FROM table_registry WHERE id = :job_id / Execution time: 0.414 ms
[2025-01-31 17:14:35] [getGroupStatus] SELECT status FROM `matrix` WHERE group_id = :group_id / Execution time: 0.594 ms
[2025-01-31 17:14:35] getGroupStatus completed. Execution time: 2.217 ms
[2025-01-31 17:14:35] Group 1 is not completed yet.
[2025-01-31 17:14:35] Program completed. Total execution time: 178.268 ms

