
[2025-01-31 15:37:53.679084] INFO: Process started with ID: 14
[2025-01-31 15:37:53.781290] INFO: First connection established in 0.263000ms
[2025-01-31 15:37:53.875972] INFO: Sending request: GET /http_server/send-object.php?ID=14 HTTP/1.1
Host: 192.168.100.3
Connection: close


[2025-01-31 15:37:53.995559] INFO: First request sent in 0.033000ms
[2025-01-31 15:37:54.122860] INFO: Time from request to first response in 0.028000ms
[2025-01-31 15:37:54.345469] INFO: Received headers - MPI-Rank: 4, Group-ID: 1, Job-ID: 1, Sub-Job-ID: 5, Rank-Count: 32
[2025-01-31 15:37:54.520789] INFO: Receive loop #1 received 16384 bytes in 385.879000ms
[2025-01-31 15:37:54.613388] INFO: Receive loop #2 received 16384 bytes in 0.059000ms
[2025-01-31 15:37:54.717189] INFO: Receive loop #3 received 16384 bytes in 0.076000ms
[2025-01-31 15:37:54.834830] INFO: Receive loop #4 received 16384 bytes in 0.125000ms
[2025-01-31 15:37:54.951713] INFO: Receive loop #5 received 16384 bytes in 0.029000ms
[2025-01-31 15:37:55.118700] INFO: Receive loop #6 received 16384 bytes in 0.027000ms
[2025-01-31 15:37:55.303287] INFO: Receive loop #7 received 16384 bytes in 0.028000ms
[2025-01-31 15:37:55.533222] INFO: Receive loop #8 received 16384 bytes in 0.264000ms
[2025-01-31 15:37:55.667901] INFO: Receive loop #9 received 16384 bytes in 0.030000ms
[2025-01-31 15:37:55.775865] INFO: Receive loop #10 received 16384 bytes in 0.029000ms
[2025-01-31 15:37:55.901700] INFO: Receive loop #11 received 16384 bytes in 0.027000ms
[2025-01-31 15:37:56.003634] INFO: Receive loop #12 received 7660 bytes in 0.018000ms
[2025-01-31 15:37:56.137926] INFO: Response received in 1994.967000ms
[2025-01-31 15:37:56.283041] INFO: File saved in 0.492000ms
[2025-01-31 15:37:56.411802] INFO: File saved to: /home/vc/kurotaka/objects/temp_14
[2025-01-31 15:37:56.553581] INFO: Execution permission granted to: /home/vc/kurotaka/objects/temp_14
[2025-01-31 15:37:56.724935] INFO: Executing command: /home/vc/kurotaka/objects/temp_14 4 32 1
[2025-01-31 15:37:58.575249] INFO: Command executed in 1664.820000ms
[2025-01-31 15:37:58.746356] INFO: Result saved to: /home/vc/kurotaka/results/result_14
[2025-01-31 15:37:58.981214] INFO: Second connection established in 0.203000ms
[2025-01-31 15:37:59.202442] INFO: Sending result upload request
[2025-01-31 15:37:59.507949] INFO: Second request sent in 0.025000ms
[2025-01-31 15:37:59.807486] INFO: Result uploaded in 0.051000ms
[2025-01-31 15:38:00.134340] INFO: Process completed successfully. Total execution time in 6472.033000ms

