
[2025-01-31 12:38:52.036029] INFO: Process started with ID: 56
[2025-01-31 12:38:53.327705] INFO: First connection established in 0.309000ms
[2025-01-31 12:38:54.169501] INFO: Sending request: GET /http_server/send-object.php?ID=56 HTTP/1.1
Host: 192.168.100.3
Connection: close


[2025-01-31 12:38:54.965246] INFO: First request sent in 0.041000ms
[2025-01-31 12:38:56.483962] INFO: Time from request to first response in 0.030000ms
[2025-01-31 12:38:57.142258] INFO: Received headers - MPI-Rank: 118, Group-ID: 1, Job-ID: 1, Sub-Job-ID: 119, Rank-Count: 128
[2025-01-31 12:38:58.007112] INFO: Receive loop #1 received 16384 bytes in 1732.206000ms
[2025-01-31 12:38:59.574775] INFO: Receive loop #2 received 16384 bytes in 0.059000ms
[2025-01-31 12:39:00.141408] INFO: Receive loop #3 received 16384 bytes in 0.082000ms
[2025-01-31 12:39:01.149081] INFO: Receive loop #4 received 16384 bytes in 0.112000ms
[2025-01-31 12:39:02.530346] INFO: Receive loop #5 received 16384 bytes in 0.081000ms
[2025-01-31 12:39:03.174009] INFO: Receive loop #6 received 16384 bytes in 0.029000ms
[2025-01-31 12:39:04.281848] INFO: Receive loop #7 received 16384 bytes in 0.030000ms
[2025-01-31 12:39:05.406230] INFO: Receive loop #8 received 16384 bytes in 0.254000ms
[2025-01-31 12:39:05.926578] INFO: Receive loop #9 received 16384 bytes in 0.029000ms
[2025-01-31 12:39:06.406647] INFO: Receive loop #10 received 16384 bytes in 0.019000ms
[2025-01-31 12:39:06.869906] INFO: Receive loop #11 received 16384 bytes in 0.029000ms
[2025-01-31 12:39:07.435634] INFO: Receive loop #12 received 7665 bytes in 0.023000ms
[2025-01-31 12:39:07.765332] INFO: Response received in 11636.036000ms
[2025-01-31 12:39:08.190171] INFO: File saved in 0.633000ms
[2025-01-31 12:39:08.765408] INFO: File saved to: /home/vc/kurotaka/objects/temp_56
[2025-01-31 12:39:10.011560] INFO: Execution permission granted to: /home/vc/kurotaka/objects/temp_56
[2025-01-31 12:39:10.324601] INFO: Executing command: /home/vc/kurotaka/objects/temp_56 118 128 1
[2025-01-31 12:39:13.295474] INFO: Command executed in 2610.830000ms
[2025-01-31 12:39:14.528168] INFO: Result saved to: /home/vc/kurotaka/results/result_56
[2025-01-31 12:39:15.280373] INFO: Second connection established in 0.148000ms
[2025-01-31 12:39:16.308148] INFO: Sending result upload request
[2025-01-31 12:39:17.646216] INFO: Second request sent in 0.025000ms
[2025-01-31 12:39:18.306299] INFO: Result uploaded in 0.057000ms
[2025-01-31 12:39:19.265562] INFO: Process completed successfully. Total execution time in 30363.567000ms

