
[2025-01-31 12:38:52.407365] INFO: Process started with ID: 46
[2025-01-31 12:38:53.749837] INFO: First connection established in 0.397000ms
[2025-01-31 12:38:54.327748] INFO: Sending request: GET /http_server/send-object.php?ID=46 HTTP/1.1
Host: 192.168.100.3
Connection: close


[2025-01-31 12:38:55.296129] INFO: First request sent in 0.035000ms
[2025-01-31 12:38:56.638847] INFO: Time from request to first response in 0.025000ms
[2025-01-31 12:38:57.300930] INFO: Received headers - MPI-Rank: 121, Group-ID: 1, Job-ID: 1, Sub-Job-ID: 122, Rank-Count: 128
[2025-01-31 12:38:58.242648] INFO: Receive loop #1 received 16384 bytes in 1656.314000ms
[2025-01-31 12:38:59.597649] INFO: Receive loop #2 received 16384 bytes in 0.068000ms
[2025-01-31 12:39:00.189282] INFO: Receive loop #3 received 16384 bytes in 0.084000ms
[2025-01-31 12:39:01.149121] INFO: Receive loop #4 received 16384 bytes in 0.114000ms
[2025-01-31 12:39:02.544141] INFO: Receive loop #5 received 16384 bytes in 0.029000ms
[2025-01-31 12:39:03.174017] INFO: Receive loop #6 received 16384 bytes in 0.044000ms
[2025-01-31 12:39:04.320674] INFO: Receive loop #7 received 16384 bytes in 0.036000ms
[2025-01-31 12:39:05.406178] INFO: Receive loop #8 received 16384 bytes in 0.289000ms
[2025-01-31 12:39:05.926379] INFO: Receive loop #9 received 16384 bytes in 0.030000ms
[2025-01-31 12:39:06.406524] INFO: Receive loop #10 received 16384 bytes in 0.021000ms
[2025-01-31 12:39:06.869717] INFO: Receive loop #11 received 16384 bytes in 0.035000ms
[2025-01-31 12:39:07.245403] INFO: Receive loop #12 received 7665 bytes in 0.021000ms
[2025-01-31 12:39:07.601832] INFO: Response received in 11221.842000ms
[2025-01-31 12:39:07.977393] INFO: File saved in 0.202000ms
[2025-01-31 12:39:08.375828] INFO: File saved to: /home/vc/kurotaka/objects/temp_46
[2025-01-31 12:39:09.550632] INFO: Execution permission granted to: /home/vc/kurotaka/objects/temp_46
[2025-01-31 12:39:10.193235] INFO: Executing command: /home/vc/kurotaka/objects/temp_46 121 128 1
[2025-01-31 12:39:13.037195] INFO: Command executed in 2550.161000ms
[2025-01-31 12:39:13.941548] INFO: Result saved to: /home/vc/kurotaka/results/result_46
[2025-01-31 12:39:14.811435] INFO: Second connection established in 0.228000ms
[2025-01-31 12:39:15.761172] INFO: Sending result upload request
[2025-01-31 12:39:17.073061] INFO: Second request sent in 0.026000ms
[2025-01-31 12:39:17.989687] INFO: Result uploaded in 0.053000ms
[2025-01-31 12:39:18.716759] INFO: Process completed successfully. Total execution time in 29986.215000ms

