
[2025-01-31 12:38:48.920423] INFO: Process started with ID: 124
[2025-01-31 12:38:49.225440] INFO: First connection established in 0.327000ms
[2025-01-31 12:38:49.741820] INFO: Sending request: GET /http_server/send-object.php?ID=124 HTTP/1.1
Host: 192.168.100.3
Connection: close


[2025-01-31 12:38:50.564153] INFO: First request sent in 0.035000ms
[2025-01-31 12:38:51.196701] INFO: Time from request to first response in 0.031000ms
[2025-01-31 12:38:51.939931] INFO: Received headers - MPI-Rank: 47, Group-ID: 1, Job-ID: 1, Sub-Job-ID: 48, Rank-Count: 128
[2025-01-31 12:38:53.250453] INFO: Receive loop #1 received 16384 bytes in 1707.304000ms
[2025-01-31 12:38:54.169418] INFO: Receive loop #2 received 16384 bytes in 0.066000ms
[2025-01-31 12:38:55.033845] INFO: Receive loop #3 received 16384 bytes in 0.077000ms
[2025-01-31 12:38:56.297507] INFO: Receive loop #4 received 16384 bytes in 0.112000ms
[2025-01-31 12:38:57.024303] INFO: Receive loop #5 received 16384 bytes in 0.029000ms
[2025-01-31 12:38:57.936621] INFO: Receive loop #6 received 16384 bytes in 0.030000ms
[2025-01-31 12:38:59.374738] INFO: Receive loop #7 received 16384 bytes in 0.029000ms
[2025-01-31 12:38:59.997145] INFO: Receive loop #8 received 16384 bytes in 0.247000ms
[2025-01-31 12:39:00.905348] INFO: Receive loop #9 received 16384 bytes in 0.029000ms
[2025-01-31 12:39:02.297189] INFO: Receive loop #10 received 16384 bytes in 0.029000ms
[2025-01-31 12:39:03.013318] INFO: Receive loop #11 received 16384 bytes in 0.028000ms
[2025-01-31 12:39:03.907477] INFO: Receive loop #12 received 7663 bytes in 0.021000ms
[2025-01-31 12:39:05.278035] INFO: Response received in 13832.543000ms
[2025-01-31 12:39:05.829276] INFO: File saved in 0.460000ms
[2025-01-31 12:39:06.264802] INFO: File saved to: /home/vc/kurotaka/objects/temp_124
[2025-01-31 12:39:07.037412] INFO: Execution permission granted to: /home/vc/kurotaka/objects/temp_124
[2025-01-31 12:39:07.436563] INFO: Executing command: /home/vc/kurotaka/objects/temp_124 47 128 1
[2025-01-31 12:39:14.722850] INFO: Command executed in 6928.234000ms
[2025-01-31 12:39:15.501104] INFO: Result saved to: /home/vc/kurotaka/results/result_124
[2025-01-31 12:39:16.706636] INFO: Second connection established in 0.222000ms
[2025-01-31 12:39:17.791775] INFO: Sending result upload request
[2025-01-31 12:39:18.458228] INFO: Second request sent in 0.023000ms
[2025-01-31 12:39:19.614672] INFO: Result uploaded in 0.058000ms
[2025-01-31 12:39:20.878981] INFO: Process completed successfully. Total execution time in 32283.958000ms

