
[2025-01-31 17:29:27.353896] INFO: Process started with ID: 60
[2025-01-31 17:29:27.553925] INFO: First connection established in 0.137000ms
[2025-01-31 17:29:27.867582] INFO: Sending request: GET /http_server/send-object.php?ID=60 HTTP/1.1
Host: 192.168.100.3
Connection: close


[2025-01-31 17:29:28.157060] INFO: First request sent in 0.034000ms
[2025-01-31 17:29:28.464884] INFO: Time from request to first response in 0.034000ms
[2025-01-31 17:29:28.797620] INFO: Received headers - MPI-Rank: 20, Group-ID: 1, Job-ID: 1, Sub-Job-ID: 21, Rank-Count: 64
[2025-01-31 17:29:29.226770] INFO: Receive loop #1 received 16384 bytes in 772.205000ms
[2025-01-31 17:29:29.696038] INFO: Receive loop #2 received 16384 bytes in 0.057000ms
[2025-01-31 17:29:29.871242] INFO: Receive loop #3 received 16384 bytes in 0.076000ms
[2025-01-31 17:29:30.178509] INFO: Receive loop #4 received 16384 bytes in 0.111000ms
[2025-01-31 17:29:30.464689] INFO: Receive loop #5 received 16384 bytes in 0.031000ms
[2025-01-31 17:29:30.773381] INFO: Receive loop #6 received 16384 bytes in 0.037000ms
[2025-01-31 17:29:31.142524] INFO: Receive loop #7 received 16384 bytes in 0.029000ms
[2025-01-31 17:29:31.560575] INFO: Receive loop #8 received 16384 bytes in 0.270000ms
[2025-01-31 17:29:32.009845] INFO: Receive loop #9 received 16384 bytes in 0.030000ms
[2025-01-31 17:29:32.197807] INFO: Receive loop #10 received 16384 bytes in 0.031000ms
[2025-01-31 17:29:32.422774] INFO: Receive loop #11 received 16384 bytes in 0.028000ms
[2025-01-31 17:29:32.771550] INFO: Receive loop #12 received 7662 bytes in 0.018000ms
[2025-01-31 17:29:33.058640] INFO: Response received in 4629.029000ms
[2025-01-31 17:29:33.387585] INFO: File saved in 0.451000ms
[2025-01-31 17:29:33.623724] INFO: File saved to: /home/vc/kurotaka/objects/temp_60
[2025-01-31 17:29:33.906913] INFO: Execution permission granted to: /home/vc/kurotaka/objects/temp_60
[2025-01-31 17:29:34.281859] INFO: Executing command: /home/vc/kurotaka/objects/temp_60 20 64 1
[2025-01-31 17:29:37.139932] INFO: Command executed in 2618.839000ms
[2025-01-31 17:29:37.388411] INFO: Result saved to: /home/vc/kurotaka/results/result_60
[2025-01-31 17:29:37.595742] INFO: Second connection established in 0.256000ms
[2025-01-31 17:29:37.903102] INFO: Sending result upload request
[2025-01-31 17:29:38.313145] INFO: Second request sent in 0.025000ms
[2025-01-31 17:29:38.577780] INFO: Result uploaded in 0.053000ms
[2025-01-31 17:29:38.807832] INFO: Process completed successfully. Total execution time in 11466.106000ms

