
[2025-01-31 17:29:27.866849] INFO: Process started with ID: 28
[2025-01-31 17:29:28.178510] INFO: First connection established in 0.152000ms
[2025-01-31 17:29:28.464968] INFO: Sending request: GET /http_server/send-object.php?ID=28 HTTP/1.1
Host: 192.168.100.3
Connection: close


[2025-01-31 17:29:28.768638] INFO: First request sent in 0.036000ms
[2025-01-31 17:29:29.118717] INFO: Time from request to first response in 0.034000ms
[2025-01-31 17:29:29.613852] INFO: Received headers - MPI-Rank: 49, Group-ID: 1, Job-ID: 1, Sub-Job-ID: 50, Rank-Count: 64
[2025-01-31 17:29:29.825731] INFO: Receive loop #1 received 16384 bytes in 737.940000ms
[2025-01-31 17:29:30.066932] INFO: Receive loop #2 received 16384 bytes in 0.019000ms
[2025-01-31 17:29:30.348009] INFO: Receive loop #3 received 16384 bytes in 0.082000ms
[2025-01-31 17:29:30.720846] INFO: Receive loop #4 received 16384 bytes in 0.110000ms
[2025-01-31 17:29:31.091982] INFO: Receive loop #5 received 16384 bytes in 0.039000ms
[2025-01-31 17:29:31.501385] INFO: Receive loop #6 received 16384 bytes in 0.035000ms
[2025-01-31 17:29:31.972356] INFO: Receive loop #7 received 16384 bytes in 0.042000ms
[2025-01-31 17:29:32.168593] INFO: Receive loop #8 received 16384 bytes in 0.270000ms
[2025-01-31 17:29:32.422472] INFO: Receive loop #9 received 16384 bytes in 0.031000ms
[2025-01-31 17:29:32.688492] INFO: Receive loop #10 received 16384 bytes in 0.034000ms
[2025-01-31 17:29:32.998672] INFO: Receive loop #11 received 16384 bytes in 0.034000ms
[2025-01-31 17:29:33.308153] INFO: Receive loop #12 received 7662 bytes in 0.025000ms
[2025-01-31 17:29:33.493926] INFO: Response received in 4427.477000ms
[2025-01-31 17:29:33.849348] INFO: File saved in 0.534000ms
[2025-01-31 17:29:34.155401] INFO: File saved to: /home/vc/kurotaka/objects/temp_28
[2025-01-31 17:29:34.565335] INFO: Execution permission granted to: /home/vc/kurotaka/objects/temp_28
[2025-01-31 17:29:34.936439] INFO: Executing command: /home/vc/kurotaka/objects/temp_28 49 64 1
[2025-01-31 17:29:37.489832] INFO: Command executed in 2325.845000ms
[2025-01-31 17:29:37.761833] INFO: Result saved to: /home/vc/kurotaka/results/result_28
[2025-01-31 17:29:38.014493] INFO: Second connection established in 0.186000ms
[2025-01-31 17:29:38.380515] INFO: Sending result upload request
[2025-01-31 17:29:38.638827] INFO: Second request sent in 0.025000ms
[2025-01-31 17:29:38.870209] INFO: Result uploaded in 0.049000ms
[2025-01-31 17:29:39.184115] INFO: Process completed successfully. Total execution time in 11808.771000ms

