
[2025-01-31 16:21:46] Program started at 2025-01-31 16:21:46.6532
[2025-01-31 16:21:46] [getClientID] MySQL connection established. Execution time: 1.096 ms
[2025-01-31 16:21:46] [getClientID] SELECT table_name FROM table_registry WHERE id = :job_id / Execution time: 0.366 ms
[2025-01-31 16:21:46] [getClientID] SELECT client FROM `matrix` WHERE id = :sub_job_id / Execution time: 0.291 ms
[2025-01-31 16:21:46] getClientID completed. Execution time: 2.014 ms
[2025-01-31 16:21:46] Read file completed. Execution time: 0.026 ms
[2025-01-31 16:21:46] File saved successfully: uploads/job_1/group_1/result_0
[2025-01-31 16:21:46] [updateStatus] MySQL connection established. Execution time: 0.134 ms
[2025-01-31 16:21:46] [updateStatus] SELECT table_name FROM table_registry WHERE id = :job_id FOR UPDATE / Execution time: 1.603 ms
[2025-01-31 16:21:46] [updateStatus] UPDATE `matrix` SET status = :status WHERE id = :sub_job_id / Execution time: 0.317 ms
[2025-01-31 16:21:46] [updateStatus] SELECT COUNT_RECORDS FROM `matrix` / Execution time: 0.290 ms
[2025-01-31 16:21:46] [updateStatus] UPDATE table_registry SET status = :status WHERE id = :job_id / Execution time: 0.175 ms
[2025-01-31 16:21:46] updateStatus completed. Execution time: 185.403 ms
[2025-01-31 16:21:46] Write file completed. Execution time: 185.939 ms
[2025-01-31 16:21:46] [getGroupStatus] MySQL connection established. Execution time: 0.171 ms
[2025-01-31 16:21:46] [getGroupStatus] SELECT table_name FROM table_registry WHERE id = :job_id / Execution time: 0.221 ms
[2025-01-31 16:21:46] [getGroupStatus] SELECT status FROM `matrix` WHERE group_id = :group_id / Execution time: 0.204 ms
[2025-01-31 16:21:46] getGroupStatus completed. Execution time: 0.774 ms
[2025-01-31 16:21:46] Merge request completed. Execution time (not actual merge.php execution time, but just request): 4.363 ms
[2025-01-31 16:21:46] Program completed. Total execution time: 196.346 ms

