
[2025-01-31 15:58:11] Program started at 2025-01-31 15:58:11.5808
[2025-01-31 15:58:11] [getClientID] MySQL connection established. Execution time: 0.763 ms
[2025-01-31 15:58:11] [getClientID] SELECT table_name FROM table_registry WHERE id = :job_id / Execution time: 0.426 ms
[2025-01-31 15:58:11] [getClientID] SELECT client FROM `matrix` WHERE id = :sub_job_id / Execution time: 0.218 ms
[2025-01-31 15:58:11] getClientID completed. Execution time: 1.688 ms
[2025-01-31 15:58:11] Read file completed. Execution time: 0.011 ms
[2025-01-31 15:58:11] File saved successfully: uploads/job_1/group_1/result_124
[2025-01-31 15:58:11] [updateStatus] MySQL connection established. Execution time: 0.099 ms
[2025-01-31 15:58:11] [updateStatus] SELECT table_name FROM table_registry WHERE id = :job_id FOR UPDATE / Execution time: 0.206 ms
[2025-01-31 15:58:11] [updateStatus] UPDATE `matrix` SET status = :status WHERE id = :sub_job_id / Execution time: 0.235 ms
[2025-01-31 15:58:11] [updateStatus] SELECT COUNT_RECORDS FROM `matrix` / Execution time: 0.924 ms
[2025-01-31 15:58:11] [updateStatus] SELECT group_id FROM `matrix` ORDER BY id DESC LIMIT 1 / Execution time: 0.177 ms
[2025-01-31 15:58:11] [updateStatus] UPDATE table_registry SET status = :status WHERE id = :job_id / Execution time: 0.377 ms
[2025-01-31 15:58:11] updateStatus completed. Execution time: 3.902 ms
[2025-01-31 15:58:11] Write file completed. Execution time: 4.205 ms
[2025-01-31 15:58:11] [getGroupStatus] MySQL connection established. Execution time: 0.071 ms
[2025-01-31 15:58:11] [getGroupStatus] SELECT table_name FROM table_registry WHERE id = :job_id / Execution time: 0.154 ms
[2025-01-31 15:58:11] [getGroupStatus] SELECT status FROM `matrix` WHERE group_id = :group_id / Execution time: 0.911 ms
[2025-01-31 15:58:11] getGroupStatus completed. Execution time: 1.268 ms
[2025-01-31 15:58:11] Merge request completed. Execution time (not actual merge.php execution time, but just request): 12.033 ms
[2025-01-31 15:58:11] Majority request completed. Execution time (not actual script execution time, but just request): 3.209 ms
[2025-01-31 15:58:11] Program completed. Total execution time: 25.738 ms

