
[2025-01-31 15:57:49] Program started at 2025-01-31 15:57:49.5771
[2025-01-31 15:57:49] [getClientID] MySQL connection established. Execution time: 0.262 ms
[2025-01-31 15:57:49] [getClientID] SELECT table_name FROM table_registry WHERE id = :job_id / Execution time: 0.375 ms
[2025-01-31 15:57:49] [getClientID] SELECT client FROM `matrix` WHERE id = :sub_job_id / Execution time: 0.234 ms
[2025-01-31 15:57:49] getClientID completed. Execution time: 1.033 ms
[2025-01-31 15:57:49] Read file completed. Execution time: 0.013 ms
[2025-01-31 15:57:49] File saved successfully: uploads/job_1/group_1/result_197
[2025-01-31 15:57:49] [updateStatus] MySQL connection established. Execution time: 0.114 ms
[2025-01-31 15:57:49] [updateStatus] SELECT table_name FROM table_registry WHERE id = :job_id FOR UPDATE / Execution time: 0.232 ms
[2025-01-31 15:57:49] [updateStatus] UPDATE `matrix` SET status = :status WHERE id = :sub_job_id / Execution time: 0.252 ms
[2025-01-31 15:57:49] [updateStatus] SELECT COUNT_RECORDS FROM `matrix` / Execution time: 0.889 ms
[2025-01-31 15:57:49] [updateStatus] UPDATE table_registry SET status = :status WHERE id = :job_id / Execution time: 0.179 ms
[2025-01-31 15:57:49] updateStatus completed. Execution time: 114.855 ms
[2025-01-31 15:57:49] Write file completed. Execution time: 115.186 ms
[2025-01-31 15:57:49] [getGroupStatus] MySQL connection established. Execution time: 0.080 ms
[2025-01-31 15:57:49] [getGroupStatus] SELECT table_name FROM table_registry WHERE id = :job_id / Execution time: 0.231 ms
[2025-01-31 15:57:49] [getGroupStatus] SELECT status FROM `matrix` WHERE group_id = :group_id / Execution time: 2.250 ms
[2025-01-31 15:57:49] getGroupStatus completed. Execution time: 2.815 ms
[2025-01-31 15:57:49] Group 1 is not completed yet.
[2025-01-31 15:57:49] Program completed. Total execution time: 121.524 ms

