
[2025-01-31 15:57:55] Program started at 2025-01-31 15:57:55.0296
[2025-01-31 15:57:55] [getClientID] MySQL connection established. Execution time: 0.242 ms
[2025-01-31 15:57:55] [getClientID] SELECT table_name FROM table_registry WHERE id = :job_id / Execution time: 0.390 ms
[2025-01-31 15:57:55] [getClientID] SELECT client FROM `matrix` WHERE id = :sub_job_id / Execution time: 0.225 ms
[2025-01-31 15:57:55] getClientID completed. Execution time: 1.019 ms
[2025-01-31 15:57:55] Read file completed. Execution time: 0.013 ms
[2025-01-31 15:57:55] File saved successfully: uploads/job_1/group_1/result_427
[2025-01-31 15:57:55] [updateStatus] MySQL connection established. Execution time: 0.108 ms
[2025-01-31 15:57:55] [updateStatus] SELECT table_name FROM table_registry WHERE id = :job_id FOR UPDATE / Execution time: 0.154 ms
[2025-01-31 15:57:55] [updateStatus] UPDATE `matrix` SET status = :status WHERE id = :sub_job_id / Execution time: 0.147 ms
[2025-01-31 15:57:55] [updateStatus] SELECT COUNT_RECORDS FROM `matrix` / Execution time: 0.406 ms
[2025-01-31 15:57:55] [updateStatus] UPDATE table_registry SET status = :status WHERE id = :job_id / Execution time: 0.118 ms
[2025-01-31 15:57:55] updateStatus completed. Execution time: 3.007 ms
[2025-01-31 15:57:55] Write file completed. Execution time: 3.346 ms
[2025-01-31 15:57:55] [getGroupStatus] MySQL connection established. Execution time: 0.064 ms
[2025-01-31 15:57:55] [getGroupStatus] SELECT table_name FROM table_registry WHERE id = :job_id / Execution time: 0.163 ms
[2025-01-31 15:57:55] [getGroupStatus] SELECT status FROM `matrix` WHERE group_id = :group_id / Execution time: 0.808 ms
[2025-01-31 15:57:55] getGroupStatus completed. Execution time: 1.165 ms
[2025-01-31 15:57:55] Group 1 is not completed yet.
[2025-01-31 15:57:55] Program completed. Total execution time: 7.943 ms

