
[2025-01-31 15:57:58] Program started at 2025-01-31 15:57:58.9058
[2025-01-31 15:57:58] [getClientID] MySQL connection established. Execution time: 0.101 ms
[2025-01-31 15:57:58] [getClientID] SELECT table_name FROM table_registry WHERE id = :job_id / Execution time: 0.212 ms
[2025-01-31 15:57:58] [getClientID] SELECT client FROM `matrix` WHERE id = :sub_job_id / Execution time: 0.138 ms
[2025-01-31 15:57:58] getClientID completed. Execution time: 0.577 ms
[2025-01-31 15:57:58] Read file completed. Execution time: 0.012 ms
[2025-01-31 15:57:58] File saved successfully: uploads/job_1/group_1/result_330
[2025-01-31 15:57:58] [updateStatus] MySQL connection established. Execution time: 0.073 ms
[2025-01-31 15:57:58] [updateStatus] SELECT table_name FROM table_registry WHERE id = :job_id FOR UPDATE / Execution time: 0.127 ms
[2025-01-31 15:57:58] [updateStatus] UPDATE `matrix` SET status = :status WHERE id = :sub_job_id / Execution time: 0.135 ms
[2025-01-31 15:57:58] [updateStatus] SELECT COUNT_RECORDS FROM `matrix` / Execution time: 0.388 ms
[2025-01-31 15:57:58] [updateStatus] UPDATE table_registry SET status = :status WHERE id = :job_id / Execution time: 0.085 ms
[2025-01-31 15:57:58] updateStatus completed. Execution time: 26.044 ms
[2025-01-31 15:57:58] Write file completed. Execution time: 26.369 ms
[2025-01-31 15:57:58] [getGroupStatus] MySQL connection established. Execution time: 0.102 ms
[2025-01-31 15:57:58] [getGroupStatus] SELECT table_name FROM table_registry WHERE id = :job_id / Execution time: 0.208 ms
[2025-01-31 15:57:58] [getGroupStatus] SELECT status FROM `matrix` WHERE group_id = :group_id / Execution time: 0.879 ms
[2025-01-31 15:57:58] getGroupStatus completed. Execution time: 1.345 ms
[2025-01-31 15:57:58] Group 1 is not completed yet.
[2025-01-31 15:57:58] Program completed. Total execution time: 30.710 ms

