
[2025-01-31 15:57:54] Program started at 2025-01-31 15:57:54.0878
[2025-01-31 15:57:54] [getClientID] MySQL connection established. Execution time: 0.238 ms
[2025-01-31 15:57:54] [getClientID] SELECT table_name FROM table_registry WHERE id = :job_id / Execution time: 0.350 ms
[2025-01-31 15:57:54] [getClientID] SELECT client FROM `matrix` WHERE id = :sub_job_id / Execution time: 0.186 ms
[2025-01-31 15:57:54] getClientID completed. Execution time: 0.915 ms
[2025-01-31 15:57:54] Read file completed. Execution time: 0.010 ms
[2025-01-31 15:57:54] File saved successfully: uploads/job_1/group_1/result_162
[2025-01-31 15:57:54] [updateStatus] MySQL connection established. Execution time: 0.118 ms
[2025-01-31 15:57:54] [updateStatus] SELECT table_name FROM table_registry WHERE id = :job_id FOR UPDATE / Execution time: 0.194 ms
[2025-01-31 15:57:54] [updateStatus] UPDATE `matrix` SET status = :status WHERE id = :sub_job_id / Execution time: 0.210 ms
[2025-01-31 15:57:54] [updateStatus] SELECT COUNT_RECORDS FROM `matrix` / Execution time: 0.863 ms
[2025-01-31 15:57:54] [updateStatus] UPDATE table_registry SET status = :status WHERE id = :job_id / Execution time: 0.202 ms
[2025-01-31 15:57:54] updateStatus completed. Execution time: 4.432 ms
[2025-01-31 15:57:54] Write file completed. Execution time: 4.726 ms
[2025-01-31 15:57:54] [getGroupStatus] MySQL connection established. Execution time: 0.061 ms
[2025-01-31 15:57:54] [getGroupStatus] SELECT table_name FROM table_registry WHERE id = :job_id / Execution time: 0.297 ms
[2025-01-31 15:57:54] [getGroupStatus] SELECT status FROM `matrix` WHERE group_id = :group_id / Execution time: 1.094 ms
[2025-01-31 15:57:54] getGroupStatus completed. Execution time: 1.574 ms
[2025-01-31 15:57:54] Group 1 is not completed yet.
[2025-01-31 15:57:54] Program completed. Total execution time: 9.604 ms

