
[2025-01-31 15:58:03] Program started at 2025-01-31 15:58:03.1004
[2025-01-31 15:58:03] [getClientID] MySQL connection established. Execution time: 0.153 ms
[2025-01-31 15:58:03] [getClientID] SELECT table_name FROM table_registry WHERE id = :job_id / Execution time: 0.243 ms
[2025-01-31 15:58:03] [getClientID] SELECT client FROM `matrix` WHERE id = :sub_job_id / Execution time: 0.114 ms
[2025-01-31 15:58:03] getClientID completed. Execution time: 0.624 ms
[2025-01-31 15:58:03] Read file completed. Execution time: 0.010 ms
[2025-01-31 15:58:03] File saved successfully: uploads/job_1/group_1/result_404
[2025-01-31 15:58:03] [updateStatus] MySQL connection established. Execution time: 0.203 ms
[2025-01-31 15:58:03] [updateStatus] SELECT table_name FROM table_registry WHERE id = :job_id FOR UPDATE / Execution time: 0.375 ms
[2025-01-31 15:58:03] [updateStatus] UPDATE `matrix` SET status = :status WHERE id = :sub_job_id / Execution time: 0.236 ms
[2025-01-31 15:58:03] [updateStatus] SELECT COUNT_RECORDS FROM `matrix` / Execution time: 0.913 ms
[2025-01-31 15:58:03] [updateStatus] UPDATE table_registry SET status = :status WHERE id = :job_id / Execution time: 0.173 ms
[2025-01-31 15:58:03] updateStatus completed. Execution time: 474.107 ms
[2025-01-31 15:58:03] Write file completed. Execution time: 693.076 ms
[2025-01-31 15:58:03] [getGroupStatus] MySQL connection established. Execution time: 0.079 ms
[2025-01-31 15:58:03] [getGroupStatus] SELECT table_name FROM table_registry WHERE id = :job_id / Execution time: 0.306 ms
[2025-01-31 15:58:03] [getGroupStatus] SELECT status FROM `matrix` WHERE group_id = :group_id / Execution time: 1.367 ms
[2025-01-31 15:58:03] getGroupStatus completed. Execution time: 1.924 ms
[2025-01-31 15:58:03] Group 1 is not completed yet.
[2025-01-31 15:58:03] Program completed. Total execution time: 697.388 ms

