
[2025-01-31 15:58:06] Program started at 2025-01-31 15:58:06.7286
[2025-01-31 15:58:06] [getClientID] MySQL connection established. Execution time: 0.236 ms
[2025-01-31 15:58:06] [getClientID] SELECT table_name FROM table_registry WHERE id = :job_id / Execution time: 0.370 ms
[2025-01-31 15:58:06] [getClientID] SELECT client FROM `matrix` WHERE id = :sub_job_id / Execution time: 0.244 ms
[2025-01-31 15:58:06] getClientID completed. Execution time: 1.030 ms
[2025-01-31 15:58:06] Read file completed. Execution time: 0.014 ms
[2025-01-31 15:58:06] File saved successfully: uploads/job_1/group_1/result_271
[2025-01-31 15:58:06] [updateStatus] MySQL connection established. Execution time: 0.127 ms
[2025-01-31 15:58:06] [updateStatus] SELECT table_name FROM table_registry WHERE id = :job_id FOR UPDATE / Execution time: 0.223 ms
[2025-01-31 15:58:06] [updateStatus] UPDATE `matrix` SET status = :status WHERE id = :sub_job_id / Execution time: 39.817 ms
[2025-01-31 15:58:06] [updateStatus] SELECT COUNT_RECORDS FROM `matrix` / Execution time: 0.981 ms
[2025-01-31 15:58:06] [updateStatus] UPDATE table_registry SET status = :status WHERE id = :job_id / Execution time: 0.224 ms
[2025-01-31 15:58:06] updateStatus completed. Execution time: 92.198 ms
[2025-01-31 15:58:06] Write file completed. Execution time: 92.583 ms
[2025-01-31 15:58:06] [getGroupStatus] MySQL connection established. Execution time: 0.086 ms
[2025-01-31 15:58:06] [getGroupStatus] SELECT table_name FROM table_registry WHERE id = :job_id / Execution time: 0.288 ms
[2025-01-31 15:58:06] [getGroupStatus] SELECT status FROM `matrix` WHERE group_id = :group_id / Execution time: 1.428 ms
[2025-01-31 15:58:06] getGroupStatus completed. Execution time: 2.040 ms
[2025-01-31 15:58:06] Group 1 is not completed yet.
[2025-01-31 15:58:06] Program completed. Total execution time: 98.380 ms

