
[2025-01-31 15:58:05] Program started at 2025-01-31 15:58:05.8228
[2025-01-31 15:58:05] [getClientID] MySQL connection established. Execution time: 0.557 ms
[2025-01-31 15:58:05] [getClientID] SELECT table_name FROM table_registry WHERE id = :job_id / Execution time: 0.380 ms
[2025-01-31 15:58:05] [getClientID] SELECT client FROM `matrix` WHERE id = :sub_job_id / Execution time: 0.217 ms
[2025-01-31 15:58:05] getClientID completed. Execution time: 1.351 ms
[2025-01-31 15:58:05] Read file completed. Execution time: 0.014 ms
[2025-01-31 15:58:05] File saved successfully: uploads/job_1/group_1/result_42
[2025-01-31 15:58:05] [updateStatus] MySQL connection established. Execution time: 0.129 ms
[2025-01-31 15:58:05] [updateStatus] SELECT table_name FROM table_registry WHERE id = :job_id FOR UPDATE / Execution time: 0.226 ms
[2025-01-31 15:58:05] [updateStatus] UPDATE `matrix` SET status = :status WHERE id = :sub_job_id / Execution time: 0.346 ms
[2025-01-31 15:58:05] [updateStatus] SELECT COUNT_RECORDS FROM `matrix` / Execution time: 1.015 ms
[2025-01-31 15:58:05] [updateStatus] UPDATE table_registry SET status = :status WHERE id = :job_id / Execution time: 0.214 ms
[2025-01-31 15:58:05] updateStatus completed. Execution time: 4.050 ms
[2025-01-31 15:58:05] Write file completed. Execution time: 4.354 ms
[2025-01-31 15:58:05] [getGroupStatus] MySQL connection established. Execution time: 0.033 ms
[2025-01-31 15:58:05] [getGroupStatus] SELECT table_name FROM table_registry WHERE id = :job_id / Execution time: 0.146 ms
[2025-01-31 15:58:05] [getGroupStatus] SELECT status FROM `matrix` WHERE group_id = :group_id / Execution time: 0.736 ms
[2025-01-31 15:58:05] getGroupStatus completed. Execution time: 0.982 ms
[2025-01-31 15:58:05] Group 1 is not completed yet.
[2025-01-31 15:58:05] Program completed. Total execution time: 9.591 ms

