
[2025-01-31 15:58:00] Program started at 2025-01-31 15:58:00.6383
[2025-01-31 15:58:00] [getClientID] MySQL connection established. Execution time: 0.346 ms
[2025-01-31 15:58:00] [getClientID] SELECT table_name FROM table_registry WHERE id = :job_id / Execution time: 0.426 ms
[2025-01-31 15:58:00] [getClientID] SELECT client FROM `matrix` WHERE id = :sub_job_id / Execution time: 0.213 ms
[2025-01-31 15:58:00] getClientID completed. Execution time: 1.105 ms
[2025-01-31 15:58:00] Read file completed. Execution time: 0.009 ms
[2025-01-31 15:58:00] File saved successfully: uploads/job_1/group_1/result_280
[2025-01-31 15:58:00] [updateStatus] MySQL connection established. Execution time: 0.097 ms
[2025-01-31 15:58:00] [updateStatus] SELECT table_name FROM table_registry WHERE id = :job_id FOR UPDATE / Execution time: 0.190 ms
[2025-01-31 15:58:00] [updateStatus] UPDATE `matrix` SET status = :status WHERE id = :sub_job_id / Execution time: 0.210 ms
[2025-01-31 15:58:00] [updateStatus] SELECT COUNT_RECORDS FROM `matrix` / Execution time: 0.790 ms
[2025-01-31 15:58:00] [updateStatus] UPDATE table_registry SET status = :status WHERE id = :job_id / Execution time: 0.150 ms
[2025-01-31 15:58:00] updateStatus completed. Execution time: 14.038 ms
[2025-01-31 15:58:00] Write file completed. Execution time: 14.284 ms
[2025-01-31 15:58:00] [getGroupStatus] MySQL connection established. Execution time: 0.072 ms
[2025-01-31 15:58:00] [getGroupStatus] SELECT table_name FROM table_registry WHERE id = :job_id / Execution time: 0.250 ms
[2025-01-31 15:58:00] [getGroupStatus] SELECT status FROM `matrix` WHERE group_id = :group_id / Execution time: 1.151 ms
[2025-01-31 15:58:00] getGroupStatus completed. Execution time: 1.677 ms
[2025-01-31 15:58:00] Group 1 is not completed yet.
[2025-01-31 15:58:00] Program completed. Total execution time: 19.077 ms

