
[2025-01-31 16:10:12] Program started at 2025-01-31 16:10:12.7056
[2025-01-31 16:10:12] [getClientID] MySQL connection established. Execution time: 0.242 ms
[2025-01-31 16:10:12] [getClientID] SELECT table_name FROM table_registry WHERE id = :job_id / Execution time: 0.342 ms
[2025-01-31 16:10:13] [getClientID] SELECT client FROM `matrix` WHERE id = :sub_job_id / Execution time: 520.581 ms
[2025-01-31 16:10:13] getClientID completed. Execution time: 521.444 ms
[2025-01-31 16:10:13] Read file completed. Execution time: 0.019 ms
[2025-01-31 16:10:13] File saved successfully: uploads/job_1/group_1/result_40
[2025-01-31 16:10:13] [updateStatus] MySQL connection established. Execution time: 0.112 ms
[2025-01-31 16:10:14] [updateStatus] SELECT table_name FROM table_registry WHERE id = :job_id FOR UPDATE / Execution time: 1,187.018 ms
[2025-01-31 16:10:14] [updateStatus] UPDATE `matrix` SET status = :status WHERE id = :sub_job_id / Execution time: 0.328 ms
[2025-01-31 16:10:14] [updateStatus] SELECT COUNT_RECORDS FROM `matrix` / Execution time: 0.652 ms
[2025-01-31 16:10:14] [updateStatus] UPDATE table_registry SET status = :status WHERE id = :job_id / Execution time: 0.210 ms
[2025-01-31 16:10:14] updateStatus completed. Execution time: 1,204.314 ms
[2025-01-31 16:10:14] Write file completed. Execution time: 1,252.791 ms
[2025-01-31 16:10:14] [getGroupStatus] MySQL connection established. Execution time: 0.106 ms
[2025-01-31 16:10:14] [getGroupStatus] SELECT table_name FROM table_registry WHERE id = :job_id / Execution time: 0.438 ms
[2025-01-31 16:10:14] [getGroupStatus] SELECT status FROM `matrix` WHERE group_id = :group_id / Execution time: 1.520 ms
[2025-01-31 16:10:14] getGroupStatus completed. Execution time: 2.353 ms
[2025-01-31 16:10:14] Group 1 is not completed yet.
[2025-01-31 16:10:14] Program completed. Total execution time: 1,779.718 ms

