
[2025-01-31 16:10:11] Program started at 2025-01-31 16:10:11.4016
[2025-01-31 16:10:11] [getClientID] MySQL connection established. Execution time: 0.579 ms
[2025-01-31 16:10:11] [getClientID] SELECT table_name FROM table_registry WHERE id = :job_id / Execution time: 0.350 ms
[2025-01-31 16:10:11] [getClientID] SELECT client FROM `matrix` WHERE id = :sub_job_id / Execution time: 0.206 ms
[2025-01-31 16:10:11] getClientID completed. Execution time: 1.398 ms
[2025-01-31 16:10:11] Read file completed. Execution time: 0.015 ms
[2025-01-31 16:10:11] File saved successfully: uploads/job_1/group_1/result_243
[2025-01-31 16:10:11] [updateStatus] MySQL connection established. Execution time: 0.122 ms
[2025-01-31 16:10:11] [updateStatus] SELECT table_name FROM table_registry WHERE id = :job_id FOR UPDATE / Execution time: 3.516 ms
[2025-01-31 16:10:11] [updateStatus] UPDATE `matrix` SET status = :status WHERE id = :sub_job_id / Execution time: 0.306 ms
[2025-01-31 16:10:11] [updateStatus] SELECT COUNT_RECORDS FROM `matrix` / Execution time: 0.479 ms
[2025-01-31 16:10:11] [updateStatus] UPDATE table_registry SET status = :status WHERE id = :job_id / Execution time: 0.149 ms
[2025-01-31 16:10:12] updateStatus completed. Execution time: 666.032 ms
[2025-01-31 16:10:12] Write file completed. Execution time: 670.352 ms
[2025-01-31 16:10:12] [getGroupStatus] MySQL connection established. Execution time: 0.117 ms
[2025-01-31 16:10:12] [getGroupStatus] SELECT table_name FROM table_registry WHERE id = :job_id / Execution time: 0.365 ms
[2025-01-31 16:10:13] [getGroupStatus] SELECT status FROM `matrix` WHERE group_id = :group_id / Execution time: 1,736.774 ms
[2025-01-31 16:10:13] getGroupStatus completed. Execution time: 1,737.454 ms
[2025-01-31 16:10:13] Group 1 is not completed yet.
[2025-01-31 16:10:13] Program completed. Total execution time: 2,412.331 ms

