
[2025-01-31 16:10:12] Program started at 2025-01-31 16:10:12.4699
[2025-01-31 16:10:12] [getClientID] MySQL connection established. Execution time: 0.269 ms
[2025-01-31 16:10:12] [getClientID] SELECT table_name FROM table_registry WHERE id = :job_id / Execution time: 0.419 ms
[2025-01-31 16:10:13] [getClientID] SELECT client FROM `matrix` WHERE id = :sub_job_id / Execution time: 757.423 ms
[2025-01-31 16:10:13] getClientID completed. Execution time: 758.309 ms
[2025-01-31 16:10:13] Read file completed. Execution time: 0.007 ms
[2025-01-31 16:10:13] File saved successfully: uploads/job_1/group_1/result_17
[2025-01-31 16:10:13] [updateStatus] MySQL connection established. Execution time: 0.074 ms
[2025-01-31 16:10:14] [updateStatus] SELECT table_name FROM table_registry WHERE id = :job_id FOR UPDATE / Execution time: 1,256.638 ms
[2025-01-31 16:10:14] [updateStatus] UPDATE `matrix` SET status = :status WHERE id = :sub_job_id / Execution time: 0.303 ms
[2025-01-31 16:10:14] [updateStatus] SELECT COUNT_RECORDS FROM `matrix` / Execution time: 0.541 ms
[2025-01-31 16:10:14] [updateStatus] UPDATE table_registry SET status = :status WHERE id = :job_id / Execution time: 0.201 ms
[2025-01-31 16:10:14] updateStatus completed. Execution time: 1,264.460 ms
[2025-01-31 16:10:14] Write file completed. Execution time: 1,312.722 ms
[2025-01-31 16:10:14] [getGroupStatus] MySQL connection established. Execution time: 0.151 ms
[2025-01-31 16:10:14] [getGroupStatus] SELECT table_name FROM table_registry WHERE id = :job_id / Execution time: 0.417 ms
[2025-01-31 16:10:14] [getGroupStatus] SELECT status FROM `matrix` WHERE group_id = :group_id / Execution time: 1.366 ms
[2025-01-31 16:10:14] getGroupStatus completed. Execution time: 2.251 ms
[2025-01-31 16:10:14] Group 1 is not completed yet.
[2025-01-31 16:10:14] Program completed. Total execution time: 2,075.703 ms

