
[2025-01-31 16:10:13] Program started at 2025-01-31 16:10:13.422
[2025-01-31 16:10:13] [getClientID] MySQL connection established. Execution time: 0.232 ms
[2025-01-31 16:10:13] [getClientID] SELECT table_name FROM table_registry WHERE id = :job_id / Execution time: 0.551 ms
[2025-01-31 16:10:13] [getClientID] SELECT client FROM `matrix` WHERE id = :sub_job_id / Execution time: 386.710 ms
[2025-01-31 16:10:13] getClientID completed. Execution time: 387.747 ms
[2025-01-31 16:10:13] Read file completed. Execution time: 0.013 ms
[2025-01-31 16:10:13] File saved successfully: uploads/job_1/group_1/result_128
[2025-01-31 16:10:13] [updateStatus] MySQL connection established. Execution time: 0.169 ms
[2025-01-31 16:10:14] [updateStatus] SELECT table_name FROM table_registry WHERE id = :job_id FOR UPDATE / Execution time: 795.639 ms
[2025-01-31 16:10:14] [updateStatus] UPDATE `matrix` SET status = :status WHERE id = :sub_job_id / Execution time: 0.399 ms
[2025-01-31 16:10:14] [updateStatus] SELECT COUNT_RECORDS FROM `matrix` / Execution time: 0.722 ms
[2025-01-31 16:10:14] [updateStatus] UPDATE table_registry SET status = :status WHERE id = :job_id / Execution time: 0.263 ms
[2025-01-31 16:10:14] updateStatus completed. Execution time: 818.621 ms
[2025-01-31 16:10:14] Write file completed. Execution time: 832.458 ms
[2025-01-31 16:10:14] [getGroupStatus] MySQL connection established. Execution time: 0.053 ms
[2025-01-31 16:10:14] [getGroupStatus] SELECT table_name FROM table_registry WHERE id = :job_id / Execution time: 0.222 ms
[2025-01-31 16:10:14] [getGroupStatus] SELECT status FROM `matrix` WHERE group_id = :group_id / Execution time: 0.714 ms
[2025-01-31 16:10:14] getGroupStatus completed. Execution time: 1.072 ms
[2025-01-31 16:10:14] Group 1 is not completed yet.
[2025-01-31 16:10:14] Program completed. Total execution time: 1,224.178 ms

