
[2025-01-31 16:10:12] Program started at 2025-01-31 16:10:12.5951
[2025-01-31 16:10:12] [getClientID] MySQL connection established. Execution time: 0.207 ms
[2025-01-31 16:10:12] [getClientID] SELECT table_name FROM table_registry WHERE id = :job_id / Execution time: 0.247 ms
[2025-01-31 16:10:13] [getClientID] SELECT client FROM `matrix` WHERE id = :sub_job_id / Execution time: 632.056 ms
[2025-01-31 16:10:13] getClientID completed. Execution time: 632.846 ms
[2025-01-31 16:10:13] Read file completed. Execution time: 0.014 ms
[2025-01-31 16:10:13] File saved successfully: uploads/job_1/group_1/result_108
[2025-01-31 16:10:13] [updateStatus] MySQL connection established. Execution time: 0.125 ms
[2025-01-31 16:10:14] [updateStatus] SELECT table_name FROM table_registry WHERE id = :job_id FOR UPDATE / Execution time: 1,241.346 ms
[2025-01-31 16:10:14] [updateStatus] UPDATE `matrix` SET status = :status WHERE id = :sub_job_id / Execution time: 0.209 ms
[2025-01-31 16:10:14] [updateStatus] SELECT COUNT_RECORDS FROM `matrix` / Execution time: 0.426 ms
[2025-01-31 16:10:14] [updateStatus] UPDATE table_registry SET status = :status WHERE id = :job_id / Execution time: 0.146 ms
[2025-01-31 16:10:14] updateStatus completed. Execution time: 1,264.657 ms
[2025-01-31 16:10:14] Write file completed. Execution time: 1,312.143 ms
[2025-01-31 16:10:14] [getGroupStatus] MySQL connection established. Execution time: 0.129 ms
[2025-01-31 16:10:14] [getGroupStatus] SELECT table_name FROM table_registry WHERE id = :job_id / Execution time: 0.429 ms
[2025-01-31 16:10:14] [getGroupStatus] SELECT status FROM `matrix` WHERE group_id = :group_id / Execution time: 1.357 ms
[2025-01-31 16:10:14] getGroupStatus completed. Execution time: 2.175 ms
[2025-01-31 16:10:14] Group 1 is not completed yet.
[2025-01-31 16:10:14] Program completed. Total execution time: 1,950.485 ms

