
[2025-01-31 16:10:10] Program started at 2025-01-31 16:10:10.6996
[2025-01-31 16:10:10] [getClientID] MySQL connection established. Execution time: 0.225 ms
[2025-01-31 16:10:10] [getClientID] SELECT table_name FROM table_registry WHERE id = :job_id / Execution time: 0.354 ms
[2025-01-31 16:10:10] [getClientID] SELECT client FROM `matrix` WHERE id = :sub_job_id / Execution time: 0.243 ms
[2025-01-31 16:10:10] getClientID completed. Execution time: 1.110 ms
[2025-01-31 16:10:10] Read file completed. Execution time: 0.013 ms
[2025-01-31 16:10:10] File saved successfully: uploads/job_1/group_1/result_37
[2025-01-31 16:10:10] [updateStatus] MySQL connection established. Execution time: 0.164 ms
[2025-01-31 16:10:10] [updateStatus] SELECT table_name FROM table_registry WHERE id = :job_id FOR UPDATE / Execution time: 2.629 ms
[2025-01-31 16:10:10] [updateStatus] UPDATE `matrix` SET status = :status WHERE id = :sub_job_id / Execution time: 0.261 ms
[2025-01-31 16:10:10] [updateStatus] SELECT COUNT_RECORDS FROM `matrix` / Execution time: 0.450 ms
[2025-01-31 16:10:10] [updateStatus] UPDATE table_registry SET status = :status WHERE id = :job_id / Execution time: 0.133 ms
[2025-01-31 16:10:10] updateStatus completed. Execution time: 188.862 ms
[2025-01-31 16:10:10] Write file completed. Execution time: 189.251 ms
[2025-01-31 16:10:10] [getGroupStatus] MySQL connection established. Execution time: 0.085 ms
[2025-01-31 16:10:10] [getGroupStatus] SELECT table_name FROM table_registry WHERE id = :job_id / Execution time: 0.179 ms
[2025-01-31 16:10:10] [getGroupStatus] SELECT status FROM `matrix` WHERE group_id = :group_id / Execution time: 0.604 ms
[2025-01-31 16:10:10] getGroupStatus completed. Execution time: 1.029 ms
[2025-01-31 16:10:10] Group 1 is not completed yet.
[2025-01-31 16:10:10] Program completed. Total execution time: 194.220 ms

