
[2025-01-31 16:10:13] Program started at 2025-01-31 16:10:13.7617
[2025-01-31 16:10:13] [getClientID] MySQL connection established. Execution time: 0.274 ms
[2025-01-31 16:10:13] [getClientID] SELECT table_name FROM table_registry WHERE id = :job_id / Execution time: 0.417 ms
[2025-01-31 16:10:13] [getClientID] SELECT client FROM `matrix` WHERE id = :sub_job_id / Execution time: 46.403 ms
[2025-01-31 16:10:13] getClientID completed. Execution time: 47.458 ms
[2025-01-31 16:10:13] Read file completed. Execution time: 0.018 ms
[2025-01-31 16:10:13] File saved successfully: uploads/job_1/group_1/result_216
[2025-01-31 16:10:13] [updateStatus] MySQL connection established. Execution time: 0.281 ms
[2025-01-31 16:10:14] [updateStatus] SELECT table_name FROM table_registry WHERE id = :job_id FOR UPDATE / Execution time: 789.833 ms
[2025-01-31 16:10:14] [updateStatus] UPDATE `matrix` SET status = :status WHERE id = :sub_job_id / Execution time: 0.222 ms
[2025-01-31 16:10:14] [updateStatus] SELECT COUNT_RECORDS FROM `matrix` / Execution time: 0.389 ms
[2025-01-31 16:10:14] [updateStatus] UPDATE table_registry SET status = :status WHERE id = :job_id / Execution time: 0.141 ms
[2025-01-31 16:10:14] updateStatus completed. Execution time: 796.996 ms
[2025-01-31 16:10:14] Write file completed. Execution time: 811.916 ms
[2025-01-31 16:10:14] [getGroupStatus] MySQL connection established. Execution time: 0.067 ms
[2025-01-31 16:10:14] [getGroupStatus] SELECT table_name FROM table_registry WHERE id = :job_id / Execution time: 0.221 ms
[2025-01-31 16:10:14] [getGroupStatus] SELECT status FROM `matrix` WHERE group_id = :group_id / Execution time: 1.180 ms
[2025-01-31 16:10:14] getGroupStatus completed. Execution time: 1.617 ms
[2025-01-31 16:10:14] Group 1 is not completed yet.
[2025-01-31 16:10:14] Program completed. Total execution time: 863.937 ms

