
[2025-01-31 17:09:11] Program started at 2025-01-31 17:09:11.9797
[2025-01-31 17:09:11] [getClientID] MySQL connection established. Execution time: 0.465 ms
[2025-01-31 17:09:11] [getClientID] SELECT table_name FROM table_registry WHERE id = :job_id / Execution time: 0.316 ms
[2025-01-31 17:09:11] [getClientID] SELECT client FROM `matrix` WHERE id = :sub_job_id / Execution time: 0.192 ms
[2025-01-31 17:09:11] getClientID completed. Execution time: 1.201 ms
[2025-01-31 17:09:11] Read file completed. Execution time: 0.013 ms
[2025-01-31 17:09:11] File saved successfully: uploads/job_1/group_1/result_235
[2025-01-31 17:09:11] [updateStatus] MySQL connection established. Execution time: 0.209 ms
[2025-01-31 17:09:12] [updateStatus] SELECT table_name FROM table_registry WHERE id = :job_id FOR UPDATE / Execution time: 69.149 ms
[2025-01-31 17:09:12] [updateStatus] UPDATE `matrix` SET status = :status WHERE id = :sub_job_id / Execution time: 0.205 ms
[2025-01-31 17:09:12] [updateStatus] SELECT COUNT_RECORDS FROM `matrix` / Execution time: 0.286 ms
[2025-01-31 17:09:12] [updateStatus] UPDATE table_registry SET status = :status WHERE id = :job_id / Execution time: 0.110 ms
[2025-01-31 17:09:12] updateStatus completed. Execution time: 113.667 ms
[2025-01-31 17:09:12] Write file completed. Execution time: 114.274 ms
[2025-01-31 17:09:12] [getGroupStatus] MySQL connection established. Execution time: 0.115 ms
[2025-01-31 17:09:12] [getGroupStatus] SELECT table_name FROM table_registry WHERE id = :job_id / Execution time: 0.435 ms
[2025-01-31 17:09:12] [getGroupStatus] SELECT status FROM `matrix` WHERE group_id = :group_id / Execution time: 69.967 ms
[2025-01-31 17:09:12] getGroupStatus completed. Execution time: 70.909 ms
[2025-01-31 17:09:12] Group 1 is not completed yet.
[2025-01-31 17:09:12] Program completed. Total execution time: 189.561 ms

