
[2025-01-31 17:09:13] Program started at 2025-01-31 17:09:13.3799
[2025-01-31 17:09:13] [getClientID] MySQL connection established. Execution time: 0.697 ms
[2025-01-31 17:09:13] [getClientID] SELECT table_name FROM table_registry WHERE id = :job_id / Execution time: 0.389 ms
[2025-01-31 17:09:13] [getClientID] SELECT client FROM `matrix` WHERE id = :sub_job_id / Execution time: 0.167 ms
[2025-01-31 17:09:13] getClientID completed. Execution time: 1.541 ms
[2025-01-31 17:09:13] Read file completed. Execution time: 0.009 ms
[2025-01-31 17:09:13] File saved successfully: uploads/job_1/group_1/result_29
[2025-01-31 17:09:13] [updateStatus] MySQL connection established. Execution time: 0.233 ms
[2025-01-31 17:09:13] [updateStatus] SELECT table_name FROM table_registry WHERE id = :job_id FOR UPDATE / Execution time: 11.754 ms
[2025-01-31 17:09:13] [updateStatus] UPDATE `matrix` SET status = :status WHERE id = :sub_job_id / Execution time: 0.282 ms
[2025-01-31 17:09:13] [updateStatus] SELECT COUNT_RECORDS FROM `matrix` / Execution time: 0.536 ms
[2025-01-31 17:09:13] [updateStatus] UPDATE table_registry SET status = :status WHERE id = :job_id / Execution time: 0.165 ms
[2025-01-31 17:09:13] updateStatus completed. Execution time: 234.468 ms
[2025-01-31 17:09:13] Write file completed. Execution time: 335.293 ms
[2025-01-31 17:09:13] [getGroupStatus] MySQL connection established. Execution time: 0.065 ms
[2025-01-31 17:09:13] [getGroupStatus] SELECT table_name FROM table_registry WHERE id = :job_id / Execution time: 0.351 ms
[2025-01-31 17:09:13] [getGroupStatus] SELECT status FROM `matrix` WHERE group_id = :group_id / Execution time: 1.187 ms
[2025-01-31 17:09:13] getGroupStatus completed. Execution time: 1.777 ms
[2025-01-31 17:09:13] Group 1 is not completed yet.
[2025-01-31 17:09:13] Program completed. Total execution time: 340.620 ms

