
[2025-01-31 17:09:11] Program started at 2025-01-31 17:09:11.832
[2025-01-31 17:09:11] [getClientID] MySQL connection established. Execution time: 0.675 ms
[2025-01-31 17:09:11] [getClientID] SELECT table_name FROM table_registry WHERE id = :job_id / Execution time: 0.346 ms
[2025-01-31 17:09:11] [getClientID] SELECT client FROM `matrix` WHERE id = :sub_job_id / Execution time: 0.271 ms
[2025-01-31 17:09:11] getClientID completed. Execution time: 1.575 ms
[2025-01-31 17:09:11] Read file completed. Execution time: 0.015 ms
[2025-01-31 17:09:11] File saved successfully: uploads/job_1/group_1/result_247
[2025-01-31 17:09:11] [updateStatus] MySQL connection established. Execution time: 0.142 ms
[2025-01-31 17:09:12] [updateStatus] SELECT table_name FROM table_registry WHERE id = :job_id FOR UPDATE / Execution time: 199.851 ms
[2025-01-31 17:09:12] [updateStatus] UPDATE `matrix` SET status = :status WHERE id = :sub_job_id / Execution time: 0.644 ms
[2025-01-31 17:09:12] [updateStatus] SELECT COUNT_RECORDS FROM `matrix` / Execution time: 0.527 ms
[2025-01-31 17:09:12] [updateStatus] UPDATE table_registry SET status = :status WHERE id = :job_id / Execution time: 0.180 ms
[2025-01-31 17:09:12] updateStatus completed. Execution time: 260.918 ms
[2025-01-31 17:09:12] Write file completed. Execution time: 261.540 ms
[2025-01-31 17:09:12] [getGroupStatus] MySQL connection established. Execution time: 0.184 ms
[2025-01-31 17:09:12] [getGroupStatus] SELECT table_name FROM table_registry WHERE id = :job_id / Execution time: 0.319 ms
[2025-01-31 17:09:12] [getGroupStatus] SELECT status FROM `matrix` WHERE group_id = :group_id / Execution time: 2.370 ms
[2025-01-31 17:09:12] getGroupStatus completed. Execution time: 3.054 ms
[2025-01-31 17:09:12] Group 1 is not completed yet.
[2025-01-31 17:09:12] Program completed. Total execution time: 269.231 ms

