
[2025-01-31 17:09:12] Program started at 2025-01-31 17:09:12.2019
[2025-01-31 17:09:12] [getClientID] MySQL connection established. Execution time: 0.934 ms
[2025-01-31 17:09:12] [getClientID] SELECT table_name FROM table_registry WHERE id = :job_id / Execution time: 0.381 ms
[2025-01-31 17:09:12] [getClientID] SELECT client FROM `matrix` WHERE id = :sub_job_id / Execution time: 79.272 ms
[2025-01-31 17:09:12] getClientID completed. Execution time: 80.930 ms
[2025-01-31 17:09:12] Read file completed. Execution time: 0.015 ms
[2025-01-31 17:09:12] File saved successfully: uploads/job_1/group_1/result_152
[2025-01-31 17:09:12] [updateStatus] MySQL connection established. Execution time: 0.249 ms
[2025-01-31 17:09:12] [updateStatus] SELECT table_name FROM table_registry WHERE id = :job_id FOR UPDATE / Execution time: 24.476 ms
[2025-01-31 17:09:12] [updateStatus] UPDATE `matrix` SET status = :status WHERE id = :sub_job_id / Execution time: 0.215 ms
[2025-01-31 17:09:12] [updateStatus] SELECT COUNT_RECORDS FROM `matrix` / Execution time: 0.319 ms
[2025-01-31 17:09:12] [updateStatus] UPDATE table_registry SET status = :status WHERE id = :job_id / Execution time: 0.383 ms
[2025-01-31 17:09:12] updateStatus completed. Execution time: 444.029 ms
[2025-01-31 17:09:12] Write file completed. Execution time: 444.514 ms
[2025-01-31 17:09:12] [getGroupStatus] MySQL connection established. Execution time: 0.134 ms
[2025-01-31 17:09:12] [getGroupStatus] SELECT table_name FROM table_registry WHERE id = :job_id / Execution time: 0.400 ms
[2025-01-31 17:09:12] [getGroupStatus] SELECT status FROM `matrix` WHERE group_id = :group_id / Execution time: 2.243 ms
[2025-01-31 17:09:12] getGroupStatus completed. Execution time: 9.649 ms
[2025-01-31 17:09:12] Group 1 is not completed yet.
[2025-01-31 17:09:12] Program completed. Total execution time: 538.233 ms

