
[2025-01-31 17:09:11] Program started at 2025-01-31 17:09:11.3686
[2025-01-31 17:09:11] [getClientID] MySQL connection established. Execution time: 0.580 ms
[2025-01-31 17:09:11] [getClientID] SELECT table_name FROM table_registry WHERE id = :job_id / Execution time: 0.335 ms
[2025-01-31 17:09:11] [getClientID] SELECT client FROM `matrix` WHERE id = :sub_job_id / Execution time: 0.210 ms
[2025-01-31 17:09:11] getClientID completed. Execution time: 1.300 ms
[2025-01-31 17:09:11] Read file completed. Execution time: 0.009 ms
[2025-01-31 17:09:11] File saved successfully: uploads/job_1/group_1/result_25
[2025-01-31 17:09:11] [updateStatus] MySQL connection established. Execution time: 0.103 ms
[2025-01-31 17:09:11] [updateStatus] SELECT table_name FROM table_registry WHERE id = :job_id FOR UPDATE / Execution time: 0.203 ms
[2025-01-31 17:09:11] [updateStatus] UPDATE `matrix` SET status = :status WHERE id = :sub_job_id / Execution time: 0.217 ms
[2025-01-31 17:09:11] [updateStatus] SELECT COUNT_RECORDS FROM `matrix` / Execution time: 0.563 ms
[2025-01-31 17:09:11] [updateStatus] UPDATE table_registry SET status = :status WHERE id = :job_id / Execution time: 0.173 ms
[2025-01-31 17:09:11] updateStatus completed. Execution time: 50.127 ms
[2025-01-31 17:09:11] Write file completed. Execution time: 50.405 ms
[2025-01-31 17:09:11] [getGroupStatus] MySQL connection established. Execution time: 0.088 ms
[2025-01-31 17:09:11] [getGroupStatus] SELECT table_name FROM table_registry WHERE id = :job_id / Execution time: 0.297 ms
[2025-01-31 17:09:11] [getGroupStatus] SELECT status FROM `matrix` WHERE group_id = :group_id / Execution time: 0.746 ms
[2025-01-31 17:09:11] getGroupStatus completed. Execution time: 1.290 ms
[2025-01-31 17:09:11] Group 1 is not completed yet.
[2025-01-31 17:09:11] Program completed. Total execution time: 54.948 ms

