
[2025-01-30 12:33:26] Program started at 2025-01-30 12:33:26.8965
[2025-01-30 12:33:26] [getClientID] MySQL connection established. Execution time: 0.357 ms
[2025-01-30 12:33:26] [getClientID] SELECT table_name FROM table_registry WHERE id = :job_id / Execution time: 0.457 ms
[2025-01-30 12:33:26] [getClientID] SELECT client FROM `matrix` WHERE id = :sub_job_id / Execution time: 0.213 ms
[2025-01-30 12:33:26] getClientID completed. Execution time: 1.214 ms
[2025-01-30 12:33:26] Read file completed. Execution time: 0.014 ms
[2025-01-30 12:33:26] File saved successfully: uploads/job_1/group_1/result_243
[2025-01-30 12:33:26] [updateStatus] MySQL connection established. Execution time: 0.123 ms
[2025-01-30 12:33:26] [updateStatus] SELECT table_name FROM table_registry WHERE id = :job_id FOR UPDATE / Execution time: 4.427 ms
[2025-01-30 12:33:26] [updateStatus] UPDATE `matrix` SET status = :status WHERE id = :sub_job_id / Execution time: 0.222 ms
[2025-01-30 12:33:26] [updateStatus] SELECT COUNT_RECORDS FROM `matrix` / Execution time: 0.603 ms
[2025-01-30 12:33:26] [updateStatus] UPDATE table_registry SET status = :status WHERE id = :job_id / Execution time: 0.140 ms
[2025-01-30 12:33:26] updateStatus completed. Execution time: 40.393 ms
[2025-01-30 12:33:26] Write file completed. Execution time: 40.793 ms
[2025-01-30 12:33:26] [getGroupStatus] MySQL connection established. Execution time: 0.089 ms
[2025-01-30 12:33:26] [getGroupStatus] SELECT table_name FROM table_registry WHERE id = :job_id / Execution time: 0.315 ms
[2025-01-30 12:33:26] [getGroupStatus] SELECT status FROM `matrix` WHERE group_id = :group_id / Execution time: 1.528 ms
[2025-01-30 12:33:26] getGroupStatus completed. Execution time: 2.177 ms
[2025-01-30 12:33:26] Group 1 is not completed yet.
[2025-01-30 12:33:26] Program completed. Total execution time: 46.918 ms

