
[2025-01-30 12:33:21] Program started at 2025-01-30 12:33:21.1466
[2025-01-30 12:33:21] [getClientID] MySQL connection established. Execution time: 0.360 ms
[2025-01-30 12:33:21] [getClientID] SELECT table_name FROM table_registry WHERE id = :job_id / Execution time: 0.438 ms
[2025-01-30 12:33:21] [getClientID] SELECT client FROM `matrix` WHERE id = :sub_job_id / Execution time: 0.212 ms
[2025-01-30 12:33:21] getClientID completed. Execution time: 1.197 ms
[2025-01-30 12:33:21] Read file completed. Execution time: 0.015 ms
[2025-01-30 12:33:21] File saved successfully: uploads/job_1/group_1/result_218
[2025-01-30 12:33:21] [updateStatus] MySQL connection established. Execution time: 0.125 ms
[2025-01-30 12:33:21] [updateStatus] SELECT table_name FROM table_registry WHERE id = :job_id FOR UPDATE / Execution time: 6.049 ms
[2025-01-30 12:33:21] [updateStatus] UPDATE `matrix` SET status = :status WHERE id = :sub_job_id / Execution time: 0.312 ms
[2025-01-30 12:33:21] [updateStatus] SELECT COUNT_RECORDS FROM `matrix` / Execution time: 0.857 ms
[2025-01-30 12:33:21] [updateStatus] UPDATE table_registry SET status = :status WHERE id = :job_id / Execution time: 0.195 ms
[2025-01-30 12:33:21] updateStatus completed. Execution time: 240.867 ms
[2025-01-30 12:33:21] Write file completed. Execution time: 241.263 ms
[2025-01-30 12:33:21] [getGroupStatus] MySQL connection established. Execution time: 0.084 ms
[2025-01-30 12:33:21] [getGroupStatus] SELECT table_name FROM table_registry WHERE id = :job_id / Execution time: 0.311 ms
[2025-01-30 12:33:21] [getGroupStatus] SELECT status FROM `matrix` WHERE group_id = :group_id / Execution time: 1.809 ms
[2025-01-30 12:33:21] getGroupStatus completed. Execution time: 2.385 ms
[2025-01-30 12:33:21] Group 1 is not completed yet.
[2025-01-30 12:33:21] Program completed. Total execution time: 247.657 ms

