
[2025-01-30 12:33:32] Program started at 2025-01-30 12:33:32.0707
[2025-01-30 12:33:32] [getClientID] MySQL connection established. Execution time: 0.223 ms
[2025-01-30 12:33:32] [getClientID] SELECT table_name FROM table_registry WHERE id = :job_id / Execution time: 0.376 ms
[2025-01-30 12:33:32] [getClientID] SELECT client FROM `matrix` WHERE id = :sub_job_id / Execution time: 0.236 ms
[2025-01-30 12:33:32] getClientID completed. Execution time: 1.029 ms
[2025-01-30 12:33:32] Read file completed. Execution time: 0.014 ms
[2025-01-30 12:33:32] File saved successfully: uploads/job_1/group_1/result_137
[2025-01-30 12:33:32] [updateStatus] MySQL connection established. Execution time: 0.153 ms
[2025-01-30 12:33:32] [updateStatus] SELECT table_name FROM table_registry WHERE id = :job_id FOR UPDATE / Execution time: 0.238 ms
[2025-01-30 12:33:32] [updateStatus] UPDATE `matrix` SET status = :status WHERE id = :sub_job_id / Execution time: 0.206 ms
[2025-01-30 12:33:32] [updateStatus] SELECT COUNT_RECORDS FROM `matrix` / Execution time: 0.743 ms
[2025-01-30 12:33:32] [updateStatus] UPDATE table_registry SET status = :status WHERE id = :job_id / Execution time: 0.169 ms
[2025-01-30 12:33:32] updateStatus completed. Execution time: 3.647 ms
[2025-01-30 12:33:32] Write file completed. Execution time: 3.956 ms
[2025-01-30 12:33:32] [getGroupStatus] MySQL connection established. Execution time: 0.053 ms
[2025-01-30 12:33:32] [getGroupStatus] SELECT table_name FROM table_registry WHERE id = :job_id / Execution time: 0.177 ms
[2025-01-30 12:33:32] [getGroupStatus] SELECT status FROM `matrix` WHERE group_id = :group_id / Execution time: 0.852 ms
[2025-01-30 12:33:32] getGroupStatus completed. Execution time: 1.226 ms
[2025-01-30 12:33:32] Group 1 is not completed yet.
[2025-01-30 12:33:32] Program completed. Total execution time: 9.233 ms

