
[2025-01-30 12:33:19] Program started at 2025-01-30 12:33:19.7948
[2025-01-30 12:33:19] [getClientID] MySQL connection established. Execution time: 0.653 ms
[2025-01-30 12:33:19] [getClientID] SELECT table_name FROM table_registry WHERE id = :job_id / Execution time: 0.314 ms
[2025-01-30 12:33:19] [getClientID] SELECT client FROM `matrix` WHERE id = :sub_job_id / Execution time: 0.168 ms
[2025-01-30 12:33:19] getClientID completed. Execution time: 1.438 ms
[2025-01-30 12:33:19] Read file completed. Execution time: 0.016 ms
[2025-01-30 12:33:19] File saved successfully: uploads/job_1/group_1/result_250
[2025-01-30 12:33:19] [updateStatus] MySQL connection established. Execution time: 0.101 ms
[2025-01-30 12:33:19] [updateStatus] SELECT table_name FROM table_registry WHERE id = :job_id FOR UPDATE / Execution time: 1.804 ms
[2025-01-30 12:33:19] [updateStatus] UPDATE `matrix` SET status = :status WHERE id = :sub_job_id / Execution time: 0.372 ms
[2025-01-30 12:33:19] [updateStatus] SELECT COUNT_RECORDS FROM `matrix` / Execution time: 0.747 ms
[2025-01-30 12:33:19] [updateStatus] UPDATE table_registry SET status = :status WHERE id = :job_id / Execution time: 0.187 ms
[2025-01-30 12:33:19] updateStatus completed. Execution time: 31.173 ms
[2025-01-30 12:33:19] Write file completed. Execution time: 31.562 ms
[2025-01-30 12:33:19] [getGroupStatus] MySQL connection established. Execution time: 0.075 ms
[2025-01-30 12:33:19] [getGroupStatus] SELECT table_name FROM table_registry WHERE id = :job_id / Execution time: 0.291 ms
[2025-01-30 12:33:19] [getGroupStatus] SELECT status FROM `matrix` WHERE group_id = :group_id / Execution time: 1.354 ms
[2025-01-30 12:33:19] getGroupStatus completed. Execution time: 1.956 ms
[2025-01-30 12:33:19] Group 1 is not completed yet.
[2025-01-30 12:33:19] Program completed. Total execution time: 38.158 ms

