
[2025-01-30 12:33:20] Program started at 2025-01-30 12:33:20.3074
[2025-01-30 12:33:20] [getClientID] MySQL connection established. Execution time: 0.340 ms
[2025-01-30 12:33:20] [getClientID] SELECT table_name FROM table_registry WHERE id = :job_id / Execution time: 0.499 ms
[2025-01-30 12:33:20] [getClientID] SELECT client FROM `matrix` WHERE id = :sub_job_id / Execution time: 0.218 ms
[2025-01-30 12:33:20] getClientID completed. Execution time: 1.269 ms
[2025-01-30 12:33:20] Read file completed. Execution time: 0.017 ms
[2025-01-30 12:33:20] File saved successfully: uploads/job_1/group_1/result_246
[2025-01-30 12:33:20] [updateStatus] MySQL connection established. Execution time: 0.239 ms
[2025-01-30 12:33:20] [updateStatus] SELECT table_name FROM table_registry WHERE id = :job_id FOR UPDATE / Execution time: 2.375 ms
[2025-01-30 12:33:20] [updateStatus] UPDATE `matrix` SET status = :status WHERE id = :sub_job_id / Execution time: 0.324 ms
[2025-01-30 12:33:20] [updateStatus] SELECT COUNT_RECORDS FROM `matrix` / Execution time: 0.526 ms
[2025-01-30 12:33:20] [updateStatus] UPDATE table_registry SET status = :status WHERE id = :job_id / Execution time: 0.110 ms
[2025-01-30 12:33:20] updateStatus completed. Execution time: 6.990 ms
[2025-01-30 12:33:20] Write file completed. Execution time: 7.314 ms
[2025-01-30 12:33:20] [getGroupStatus] MySQL connection established. Execution time: 0.044 ms
[2025-01-30 12:33:20] [getGroupStatus] SELECT table_name FROM table_registry WHERE id = :job_id / Execution time: 0.183 ms
[2025-01-30 12:33:20] [getGroupStatus] SELECT status FROM `matrix` WHERE group_id = :group_id / Execution time: 0.728 ms
[2025-01-30 12:33:20] getGroupStatus completed. Execution time: 1.038 ms
[2025-01-30 12:33:20] Group 1 is not completed yet.
[2025-01-30 12:33:20] Program completed. Total execution time: 12.301 ms

