
[2025-01-30 12:33:43] Program started at 2025-01-30 12:33:43.372
[2025-01-30 12:33:43] [getClientID] MySQL connection established. Execution time: 0.667 ms
[2025-01-30 12:33:43] [getClientID] SELECT table_name FROM table_registry WHERE id = :job_id / Execution time: 0.364 ms
[2025-01-30 12:33:43] [getClientID] SELECT client FROM `matrix` WHERE id = :sub_job_id / Execution time: 0.225 ms
[2025-01-30 12:33:43] getClientID completed. Execution time: 1.638 ms
[2025-01-30 12:33:43] Read file completed. Execution time: 0.024 ms
[2025-01-30 12:33:43] File saved successfully: uploads/job_1/group_1/result_462
[2025-01-30 12:33:43] [updateStatus] MySQL connection established. Execution time: 0.150 ms
[2025-01-30 12:33:43] [updateStatus] SELECT table_name FROM table_registry WHERE id = :job_id FOR UPDATE / Execution time: 1.269 ms
[2025-01-30 12:33:43] [updateStatus] UPDATE `matrix` SET status = :status WHERE id = :sub_job_id / Execution time: 0.263 ms
[2025-01-30 12:33:43] [updateStatus] SELECT COUNT_RECORDS FROM `matrix` / Execution time: 0.751 ms
[2025-01-30 12:33:43] [updateStatus] UPDATE table_registry SET status = :status WHERE id = :job_id / Execution time: 0.147 ms
[2025-01-30 12:33:43] updateStatus completed. Execution time: 5.413 ms
[2025-01-30 12:33:43] Write file completed. Execution time: 5.747 ms
[2025-01-30 12:33:43] [getGroupStatus] MySQL connection established. Execution time: 0.035 ms
[2025-01-30 12:33:43] [getGroupStatus] SELECT table_name FROM table_registry WHERE id = :job_id / Execution time: 0.139 ms
[2025-01-30 12:33:43] [getGroupStatus] SELECT status FROM `matrix` WHERE group_id = :group_id / Execution time: 0.689 ms
[2025-01-30 12:33:43] getGroupStatus completed. Execution time: 0.942 ms
[2025-01-30 12:33:43] Group 1 is not completed yet.
[2025-01-30 12:33:43] Program completed. Total execution time: 11.102 ms

