
[2025-01-31 15:54:29.374611] INFO: Process started with ID: 172
[2025-01-31 15:54:29.805796] INFO: First connection established in 0.288000ms
[2025-01-31 15:54:30.386220] INFO: Sending request: GET /http_server/send-object.php?ID=172 HTTP/1.1
Host: 192.168.100.3
Connection: close


[2025-01-31 15:54:31.524603] INFO: First request sent in 0.032000ms
[2025-01-31 15:54:32.695701] INFO: Time from request to first response in 0.052000ms
[2025-01-31 15:54:33.670314] INFO: Received headers - MPI-Rank: 76, Group-ID: 1, Job-ID: 1, Sub-Job-ID: 77, Rank-Count: 256
[2025-01-31 15:54:35.336108] INFO: Receive loop #1 received 16384 bytes in 2318.664000ms
[2025-01-31 15:54:36.191635] INFO: Receive loop #2 received 16384 bytes in 0.073000ms
[2025-01-31 15:54:36.975898] INFO: Receive loop #3 received 16384 bytes in 0.079000ms
[2025-01-31 15:54:38.014360] INFO: Receive loop #4 received 16384 bytes in 0.118000ms
[2025-01-31 15:54:39.812920] INFO: Receive loop #5 received 16384 bytes in 0.029000ms
[2025-01-31 15:54:41.046589] INFO: Receive loop #6 received 16384 bytes in 0.026000ms
[2025-01-31 15:54:43.104714] INFO: Receive loop #7 received 16384 bytes in 0.028000ms
[2025-01-31 15:54:45.365249] INFO: Receive loop #8 received 16384 bytes in 0.249000ms
[2025-01-31 15:54:46.713559] INFO: Receive loop #9 received 16384 bytes in 0.030000ms
[2025-01-31 15:54:48.349360] INFO: Receive loop #10 received 16384 bytes in 0.029000ms
[2025-01-31 15:54:49.477472] INFO: Receive loop #11 received 16384 bytes in 0.028000ms
[2025-01-31 15:54:50.568688] INFO: Receive loop #12 received 7663 bytes in 0.022000ms
[2025-01-31 15:54:51.615504] INFO: Response received in 18807.686000ms
[2025-01-31 15:54:52.813962] INFO: File saved in 0.446000ms
[2025-01-31 15:54:53.900066] INFO: File saved to: /home/vc/kurotaka/objects/temp_172
[2025-01-31 15:54:55.776899] INFO: Execution permission granted to: /home/vc/kurotaka/objects/temp_172
[2025-01-31 15:54:56.796656] INFO: Executing command: /home/vc/kurotaka/objects/temp_172 76 256 1
[2025-01-31 15:55:13.102185] INFO: Command executed in 15531.416000ms
[2025-01-31 15:55:15.149527] INFO: Result saved to: /home/vc/kurotaka/results/result_172
[2025-01-31 15:55:17.589151] INFO: Second connection established in 0.201000ms
[2025-01-31 15:55:18.915743] INFO: Sending result upload request
[2025-01-31 15:55:21.069725] INFO: Second request sent in 0.028000ms
[2025-01-31 15:55:23.063681] INFO: Result uploaded in 0.057000ms
[2025-01-31 15:55:24.759515] INFO: Process completed successfully. Total execution time in 56004.634000ms

