
[2025-01-31 15:54:29.430300] INFO: Process started with ID: 78
[2025-01-31 15:54:29.862523] INFO: First connection established in 0.180000ms
[2025-01-31 15:54:30.458166] INFO: Sending request: GET /http_server/send-object.php?ID=78 HTTP/1.1
Host: 192.168.100.3
Connection: close


[2025-01-31 15:54:31.571874] INFO: First request sent in 0.035000ms
[2025-01-31 15:54:32.712170] INFO: Time from request to first response in 0.029000ms
[2025-01-31 15:54:33.670351] INFO: Received headers - MPI-Rank: 77, Group-ID: 1, Job-ID: 1, Sub-Job-ID: 78, Rank-Count: 256
[2025-01-31 15:54:35.316099] INFO: Receive loop #1 received 16384 bytes in 2260.435000ms
[2025-01-31 15:54:36.123508] INFO: Receive loop #2 received 16384 bytes in 0.060000ms
[2025-01-31 15:54:36.926589] INFO: Receive loop #3 received 16384 bytes in 0.078000ms
[2025-01-31 15:54:37.922664] INFO: Receive loop #4 received 16384 bytes in 0.113000ms
[2025-01-31 15:54:39.738319] INFO: Receive loop #5 received 16384 bytes in 0.029000ms
[2025-01-31 15:54:40.884756] INFO: Receive loop #6 received 16384 bytes in 0.029000ms
[2025-01-31 15:54:42.978547] INFO: Receive loop #7 received 16384 bytes in 0.033000ms
[2025-01-31 15:54:45.153773] INFO: Receive loop #8 received 16384 bytes in 0.247000ms
[2025-01-31 15:54:46.676764] INFO: Receive loop #9 received 16384 bytes in 0.033000ms
[2025-01-31 15:54:48.363038] INFO: Receive loop #10 received 16384 bytes in 0.029000ms
[2025-01-31 15:54:49.488948] INFO: Receive loop #11 received 16384 bytes in 0.029000ms
[2025-01-31 15:54:50.583996] INFO: Receive loop #12 received 7663 bytes in 0.020000ms
[2025-01-31 15:54:51.701749] INFO: Response received in 18838.745000ms
[2025-01-31 15:54:52.915521] INFO: File saved in 0.289000ms
[2025-01-31 15:54:53.900289] INFO: File saved to: /home/vc/kurotaka/objects/temp_78
[2025-01-31 15:54:55.823860] INFO: Execution permission granted to: /home/vc/kurotaka/objects/temp_78
[2025-01-31 15:54:56.836535] INFO: Executing command: /home/vc/kurotaka/objects/temp_78 77 256 1
[2025-01-31 15:55:17.554719] INFO: Command executed in 19555.452000ms
[2025-01-31 15:55:18.999194] INFO: Result saved to: /home/vc/kurotaka/results/result_78
[2025-01-31 15:55:21.090804] INFO: Second connection established in 0.250000ms
[2025-01-31 15:55:23.243152] INFO: Sending result upload request
[2025-01-31 15:55:24.982136] INFO: Second request sent in 0.023000ms
[2025-01-31 15:55:27.053170] INFO: Result uploaded in 0.067000ms
[2025-01-31 15:55:28.716707] INFO: Process completed successfully. Total execution time in 59966.333000ms

