
[2025-01-31 16:37:43] Program started at 2025-01-31 16:37:43.7522
[2025-01-31 16:37:43] [getClientID] MySQL connection established. Execution time: 0.360 ms
[2025-01-31 16:37:43] [getClientID] SELECT table_name FROM table_registry WHERE id = :job_id / Execution time: 0.185 ms
[2025-01-31 16:37:43] [getClientID] SELECT client FROM `matrix` WHERE id = :sub_job_id / Execution time: 0.095 ms
[2025-01-31 16:37:43] getClientID completed. Execution time: 0.731 ms
[2025-01-31 16:37:43] Read file completed. Execution time: 0.008 ms
[2025-01-31 16:37:43] File saved successfully: uploads/job_1/group_1/result_16
[2025-01-31 16:37:43] [updateStatus] MySQL connection established. Execution time: 0.056 ms
[2025-01-31 16:37:43] [updateStatus] SELECT table_name FROM table_registry WHERE id = :job_id FOR UPDATE / Execution time: 0.687 ms
[2025-01-31 16:37:43] [updateStatus] UPDATE `matrix` SET status = :status WHERE id = :sub_job_id / Execution time: 0.122 ms
[2025-01-31 16:37:43] [updateStatus] SELECT COUNT_RECORDS FROM `matrix` / Execution time: 0.177 ms
[2025-01-31 16:37:43] [updateStatus] UPDATE table_registry SET status = :status WHERE id = :job_id / Execution time: 0.105 ms
[2025-01-31 16:37:43] updateStatus completed. Execution time: 140.671 ms
[2025-01-31 16:37:43] Write file completed. Execution time: 140.879 ms
[2025-01-31 16:37:43] [getGroupStatus] MySQL connection established. Execution time: 0.083 ms
[2025-01-31 16:37:43] [getGroupStatus] SELECT table_name FROM table_registry WHERE id = :job_id / Execution time: 0.357 ms
[2025-01-31 16:37:43] [getGroupStatus] SELECT status FROM `matrix` WHERE group_id = :group_id / Execution time: 0.403 ms
[2025-01-31 16:37:43] getGroupStatus completed. Execution time: 1.075 ms
[2025-01-31 16:37:43] Merge request completed. Execution time (not actual merge.php execution time, but just request): 7.138 ms
[2025-01-31 16:37:43] Program completed. Total execution time: 151.681 ms

