
[2025-01-31 17:15:58.471958] INFO: Process started with ID: 173
[2025-01-31 17:16:00.626613] INFO: First connection established in 0.266000ms
[2025-01-31 17:16:02.370738] INFO: Sending request: GET /http_server/send-object.php?ID=173 HTTP/1.1
Host: 192.168.100.3
Connection: close


[2025-01-31 17:16:04.356403] INFO: First request sent in 0.039000ms
[2025-01-31 17:16:05.969076] INFO: Time from request to first response in 0.036000ms
[2025-01-31 17:16:08.215891] INFO: Received headers - MPI-Rank: 226, Group-ID: 1, Job-ID: 1, Sub-Job-ID: 227, Rank-Count: 256
[2025-01-31 17:16:09.936292] INFO: Receive loop #1 received 16384 bytes in 3929.746000ms
[2025-01-31 17:16:11.627410] INFO: Receive loop #2 received 16384 bytes in 0.062000ms
[2025-01-31 17:16:13.244950] INFO: Receive loop #3 received 16384 bytes in 0.099000ms
[2025-01-31 17:16:14.675140] INFO: Receive loop #4 received 16384 bytes in 0.147000ms
[2025-01-31 17:16:16.134050] INFO: Receive loop #5 received 16384 bytes in 0.031000ms
[2025-01-31 17:16:17.195180] INFO: Receive loop #6 received 16384 bytes in 0.031000ms
[2025-01-31 17:16:19.013397] INFO: Receive loop #7 received 16384 bytes in 0.029000ms
[2025-01-31 17:16:19.879332] INFO: Receive loop #8 received 16384 bytes in 0.097000ms
[2025-01-31 17:16:20.861164] INFO: Receive loop #9 received 16384 bytes in 0.031000ms
[2025-01-31 17:16:21.737615] INFO: Receive loop #10 received 16384 bytes in 0.053000ms
[2025-01-31 17:16:22.705868] INFO: Receive loop #11 received 16384 bytes in 0.030000ms
[2025-01-31 17:16:23.768839] INFO: Receive loop #12 received 7665 bytes in 0.005000ms
[2025-01-31 17:16:24.433043] INFO: Response received in 18865.906000ms
[2025-01-31 17:16:25.423783] INFO: File saved in 0.495000ms
[2025-01-31 17:16:26.451091] INFO: File saved to: /home/vc/kurotaka/objects/temp_173
[2025-01-31 17:16:27.687077] INFO: Execution permission granted to: /home/vc/kurotaka/objects/temp_173
[2025-01-31 17:16:28.310584] INFO: Executing command: /home/vc/kurotaka/objects/temp_173 226 256 1
[2025-01-31 17:16:37.367078] INFO: Command executed in 8350.376000ms
[2025-01-31 17:16:39.312590] INFO: Result saved to: /home/vc/kurotaka/results/result_173
[2025-01-31 17:16:41.313964] INFO: Second connection established in 0.187000ms
[2025-01-31 17:16:42.756073] INFO: Sending result upload request
[2025-01-31 17:16:44.663391] INFO: Second request sent in 0.025000ms
[2025-01-31 17:16:46.437538] INFO: Result uploaded in 0.043000ms
[2025-01-31 17:16:48.744042] INFO: Process completed successfully. Total execution time in 1m 4216.431000ms

