
[2025-01-31 17:15:51.724237] INFO: Process started with ID: 12
[2025-01-31 17:15:53.223428] INFO: First connection established in 0.207000ms
[2025-01-31 17:15:54.861084] INFO: Sending request: GET /http_server/send-object.php?ID=12 HTTP/1.1
Host: 192.168.100.3
Connection: close


[2025-01-31 17:15:56.270457] INFO: First request sent in 0.037000ms
[2025-01-31 17:15:58.354619] INFO: Time from request to first response in 0.030000ms
[2025-01-31 17:16:00.224117] INFO: Received headers - MPI-Rank: 173, Group-ID: 1, Job-ID: 1, Sub-Job-ID: 174, Rank-Count: 256
[2025-01-31 17:16:02.026012] INFO: Receive loop #1 received 16384 bytes in 3528.103000ms
[2025-01-31 17:16:04.099031] INFO: Receive loop #2 received 16384 bytes in 0.068000ms
[2025-01-31 17:16:05.733188] INFO: Receive loop #3 received 16384 bytes in 0.084000ms
[2025-01-31 17:16:08.011552] INFO: Receive loop #4 received 16384 bytes in 0.121000ms
[2025-01-31 17:16:09.563257] INFO: Receive loop #5 received 16384 bytes in 0.029000ms
[2025-01-31 17:16:11.231098] INFO: Receive loop #6 received 16384 bytes in 0.035000ms
[2025-01-31 17:16:13.244981] INFO: Receive loop #7 received 16384 bytes in 0.035000ms
[2025-01-31 17:16:14.621598] INFO: Receive loop #8 received 16384 bytes in 0.271000ms
[2025-01-31 17:16:16.214147] INFO: Receive loop #9 received 16384 bytes in 0.030000ms
[2025-01-31 17:16:17.731577] INFO: Receive loop #10 received 16384 bytes in 0.008000ms
[2025-01-31 17:16:19.102538] INFO: Receive loop #11 received 16384 bytes in 0.005000ms
[2025-01-31 17:16:19.939277] INFO: Receive loop #12 received 7665 bytes in 0.016000ms
[2025-01-31 17:16:21.095332] INFO: Response received in 22639.596000ms
[2025-01-31 17:16:21.861977] INFO: File saved in 0.136000ms
[2025-01-31 17:16:22.612783] INFO: File saved to: /home/vc/kurotaka/objects/temp_12
[2025-01-31 17:16:24.295989] INFO: Execution permission granted to: /home/vc/kurotaka/objects/temp_12
[2025-01-31 17:16:24.949295] INFO: Executing command: /home/vc/kurotaka/objects/temp_12 173 256 1
[2025-01-31 17:16:33.802121] INFO: Command executed in 7824.185000ms
[2025-01-31 17:16:35.735763] INFO: Result saved to: /home/vc/kurotaka/results/result_12
[2025-01-31 17:16:37.608434] INFO: Second connection established in 0.205000ms
[2025-01-31 17:16:39.574440] INFO: Sending result upload request
[2025-01-31 17:16:41.584301] INFO: Second request sent in 0.026000ms
[2025-01-31 17:16:43.275218] INFO: Result uploaded in 0.053000ms
[2025-01-31 17:16:44.824063] INFO: Process completed successfully. Total execution time in 1m 208.642000ms

