
[2025-01-31 17:15:49.225972] INFO: Process started with ID: 246
[2025-01-31 17:15:50.610278] INFO: First connection established in 0.229000ms
[2025-01-31 17:15:51.572673] INFO: Sending request: GET /http_server/send-object.php?ID=246 HTTP/1.1
Host: 192.168.100.3
Connection: close


[2025-01-31 17:15:53.097879] INFO: First request sent in 0.035000ms
[2025-01-31 17:15:54.509957] INFO: Time from request to first response in 0.032000ms
[2025-01-31 17:15:56.141726] INFO: Received headers - MPI-Rank: 147, Group-ID: 1, Job-ID: 1, Sub-Job-ID: 148, Rank-Count: 256
[2025-01-31 17:15:58.200573] INFO: Receive loop #1 received 16384 bytes in 3583.771000ms
[2025-01-31 17:15:59.835546] INFO: Receive loop #2 received 16384 bytes in 0.060000ms
[2025-01-31 17:16:01.736444] INFO: Receive loop #3 received 16384 bytes in 0.079000ms
[2025-01-31 17:16:03.831929] INFO: Receive loop #4 received 16384 bytes in 0.139000ms
[2025-01-31 17:16:05.500026] INFO: Receive loop #5 received 16384 bytes in 0.035000ms
[2025-01-31 17:16:07.888025] INFO: Receive loop #6 received 16384 bytes in 0.028000ms
[2025-01-31 17:16:09.410152] INFO: Receive loop #7 received 16384 bytes in 0.031000ms
[2025-01-31 17:16:11.104073] INFO: Receive loop #8 received 16384 bytes in 0.259000ms
[2025-01-31 17:16:12.768575] INFO: Receive loop #9 received 16384 bytes in 0.032000ms
[2025-01-31 17:16:14.351301] INFO: Receive loop #10 received 16384 bytes in 0.031000ms
[2025-01-31 17:16:16.086759] INFO: Receive loop #11 received 16384 bytes in 0.032000ms
[2025-01-31 17:16:17.805139] INFO: Receive loop #12 received 7665 bytes in 0.019000ms
[2025-01-31 17:16:19.155388] INFO: Response received in 24444.966000ms
[2025-01-31 17:16:20.042950] INFO: File saved in 0.513000ms
[2025-01-31 17:16:21.237630] INFO: File saved to: /home/vc/kurotaka/objects/temp_246
[2025-01-31 17:16:22.824299] INFO: Execution permission granted to: /home/vc/kurotaka/objects/temp_246
[2025-01-31 17:16:23.845911] INFO: Executing command: /home/vc/kurotaka/objects/temp_246 147 256 1
[2025-01-31 17:16:35.398633] INFO: Command executed in 10666.370000ms
[2025-01-31 17:16:37.041166] INFO: Result saved to: /home/vc/kurotaka/results/result_246
[2025-01-31 17:16:39.095838] INFO: Second connection established in 0.170000ms
[2025-01-31 17:16:40.926257] INFO: Sending result upload request
[2025-01-31 17:16:42.399492] INFO: Second request sent in 0.026000ms
[2025-01-31 17:16:44.411162] INFO: Result uploaded in 0.053000ms
[2025-01-31 17:16:46.038926] INFO: Process completed successfully. Total execution time in 1m 1124.057000ms

