
[2025-01-31 17:15:44.680686] INFO: Process started with ID: 199
[2025-01-31 17:15:45.023998] INFO: First connection established in 0.218000ms
[2025-01-31 17:15:45.325716] INFO: Sending request: GET /http_server/send-object.php?ID=199 HTTP/1.1
Host: 192.168.100.3
Connection: close


[2025-01-31 17:15:45.796297] INFO: First request sent in 0.036000ms
[2025-01-31 17:15:46.267597] INFO: Time from request to first response in 0.036000ms
[2025-01-31 17:15:47.081051] INFO: Received headers - MPI-Rank: 48, Group-ID: 1, Job-ID: 1, Sub-Job-ID: 49, Rank-Count: 256
[2025-01-31 17:15:48.181650] INFO: Receive loop #1 received 16384 bytes in 1831.058000ms
[2025-01-31 17:15:49.059194] INFO: Receive loop #2 received 16384 bytes in 0.073000ms
[2025-01-31 17:15:50.490898] INFO: Receive loop #3 received 16384 bytes in 0.087000ms
[2025-01-31 17:15:51.262552] INFO: Receive loop #4 received 16384 bytes in 0.113000ms
[2025-01-31 17:15:52.869374] INFO: Receive loop #5 received 16384 bytes in 0.050000ms
[2025-01-31 17:15:54.064825] INFO: Receive loop #6 received 16384 bytes in 0.040000ms
[2025-01-31 17:15:55.781656] INFO: Receive loop #7 received 16384 bytes in 0.032000ms
[2025-01-31 17:15:57.780557] INFO: Receive loop #8 received 16384 bytes in 0.254000ms
[2025-01-31 17:15:59.227955] INFO: Receive loop #9 received 16384 bytes in 0.035000ms
[2025-01-31 17:16:01.407294] INFO: Receive loop #10 received 16384 bytes in 0.048000ms
[2025-01-31 17:16:03.564776] INFO: Receive loop #11 received 16384 bytes in 0.039000ms
[2025-01-31 17:16:05.179268] INFO: Receive loop #12 received 7663 bytes in 0.019000ms
[2025-01-31 17:16:07.175445] INFO: Response received in 20199.099000ms
[2025-01-31 17:16:08.930857] INFO: File saved in 0.470000ms
[2025-01-31 17:16:10.504840] INFO: File saved to: /home/vc/kurotaka/objects/temp_199
[2025-01-31 17:16:13.997394] INFO: Execution permission granted to: /home/vc/kurotaka/objects/temp_199
[2025-01-31 17:16:15.224383] INFO: Executing command: /home/vc/kurotaka/objects/temp_199 48 256 1
[2025-01-31 17:16:34.261003] INFO: Command executed in 17094.623000ms
[2025-01-31 17:16:35.673948] INFO: Result saved to: /home/vc/kurotaka/results/result_199
[2025-01-31 17:16:37.445616] INFO: Second connection established in 0.221000ms
[2025-01-31 17:16:39.397964] INFO: Sending result upload request
[2025-01-31 17:16:41.385465] INFO: Second request sent in 0.026000ms
[2025-01-31 17:16:42.961761] INFO: Result uploaded in 0.055000ms
[2025-01-31 17:16:44.799660] INFO: Process completed successfully. Total execution time in 1m 130.428000ms

