
[2025-01-31 17:15:45.795949] INFO: Process started with ID: 96
[2025-01-31 17:15:46.286725] INFO: First connection established in 0.216000ms
[2025-01-31 17:15:47.080908] INFO: Sending request: GET /http_server/send-object.php?ID=96 HTTP/1.1
Host: 192.168.100.3
Connection: close


[2025-01-31 17:15:48.136109] INFO: First request sent in 0.035000ms
[2025-01-31 17:15:48.981323] INFO: Time from request to first response in 0.007000ms
[2025-01-31 17:15:50.433958] INFO: Received headers - MPI-Rank: 91, Group-ID: 1, Job-ID: 1, Sub-Job-ID: 92, Rank-Count: 256
[2025-01-31 17:15:51.239759] INFO: Receive loop #1 received 16384 bytes in 2303.032000ms
[2025-01-31 17:15:52.820089] INFO: Receive loop #2 received 16384 bytes in 0.060000ms
[2025-01-31 17:15:53.844897] INFO: Receive loop #3 received 16384 bytes in 0.100000ms
[2025-01-31 17:15:55.682141] INFO: Receive loop #4 received 16384 bytes in 0.112000ms
[2025-01-31 17:15:57.497574] INFO: Receive loop #5 received 16384 bytes in 0.029000ms
[2025-01-31 17:15:59.108767] INFO: Receive loop #6 received 16384 bytes in 0.028000ms
[2025-01-31 17:16:01.370408] INFO: Receive loop #7 received 16384 bytes in 0.005000ms
[2025-01-31 17:16:03.545870] INFO: Receive loop #8 received 16384 bytes in 0.245000ms
[2025-01-31 17:16:05.115421] INFO: Receive loop #9 received 16384 bytes in 0.030000ms
[2025-01-31 17:16:07.012139] INFO: Receive loop #10 received 16384 bytes in 0.030000ms
[2025-01-31 17:16:08.821579] INFO: Receive loop #11 received 16384 bytes in 0.006000ms
[2025-01-31 17:16:10.306128] INFO: Receive loop #12 received 7663 bytes in 0.004000ms
[2025-01-31 17:16:12.721792] INFO: Response received in 22970.939000ms
[2025-01-31 17:16:14.072830] INFO: File saved in 0.453000ms
[2025-01-31 17:16:15.784362] INFO: File saved to: /home/vc/kurotaka/objects/temp_96
[2025-01-31 17:16:18.069110] INFO: Execution permission granted to: /home/vc/kurotaka/objects/temp_96
[2025-01-31 17:16:19.471275] INFO: Executing command: /home/vc/kurotaka/objects/temp_96 91 256 1
[2025-01-31 17:16:32.950752] INFO: Command executed in 12852.989000ms
[2025-01-31 17:16:34.725908] INFO: Result saved to: /home/vc/kurotaka/results/result_96
[2025-01-31 17:16:36.735059] INFO: Second connection established in 0.300000ms
[2025-01-31 17:16:38.839365] INFO: Sending result upload request
[2025-01-31 17:16:40.404350] INFO: Second request sent in 0.026000ms
[2025-01-31 17:16:42.053668] INFO: Result uploaded in 0.051000ms
[2025-01-31 17:16:44.175382] INFO: Process completed successfully. Total execution time in 59352.911000ms

