
[2025-01-31 12:40:01.982009] INFO: Process started with ID: 188
[2025-01-31 12:40:04.324666] INFO: First connection established in 0.251000ms
[2025-01-31 12:40:05.932850] INFO: Sending request: GET /http_server/send-object.php?ID=188 HTTP/1.1
Host: 192.168.100.3
Connection: close


[2025-01-31 12:40:07.050911] INFO: First request sent in 0.036000ms
[2025-01-31 12:40:08.558494] INFO: Time from request to first response in 0.031000ms
[2025-01-31 12:40:10.659040] INFO: Received headers - MPI-Rank: 253, Group-ID: 1, Job-ID: 1, Sub-Job-ID: 254, Rank-Count: 256
[2025-01-31 12:40:12.612879] INFO: Receive loop #1 received 16384 bytes in 3668.449000ms
[2025-01-31 12:40:14.346954] INFO: Receive loop #2 received 16384 bytes in 0.057000ms
[2025-01-31 12:40:16.157367] INFO: Receive loop #3 received 16384 bytes in 0.030000ms
[2025-01-31 12:40:17.048096] INFO: Receive loop #4 received 16384 bytes in 0.125000ms
[2025-01-31 12:40:18.099526] INFO: Receive loop #5 received 16384 bytes in 0.011000ms
[2025-01-31 12:40:19.716640] INFO: Receive loop #6 received 16384 bytes in 0.035000ms
[2025-01-31 12:40:21.173550] INFO: Receive loop #7 received 16384 bytes in 0.044000ms
[2025-01-31 12:40:21.977181] INFO: Receive loop #8 received 16384 bytes in 0.250000ms
[2025-01-31 12:40:23.273314] INFO: Receive loop #9 received 16384 bytes in 0.019000ms
[2025-01-31 12:40:24.206184] INFO: Receive loop #10 received 16384 bytes in 0.006000ms
[2025-01-31 12:40:25.357314] INFO: Receive loop #11 received 16384 bytes in 0.008000ms
[2025-01-31 12:40:25.902881] INFO: Receive loop #12 received 7665 bytes in 0.022000ms
[2025-01-31 12:40:26.166614] INFO: Response received in 18016.522000ms
[2025-01-31 12:40:26.415377] INFO: File saved in 0.120000ms
[2025-01-31 12:40:27.024766] INFO: File saved to: /home/vc/kurotaka/objects/temp_188
[2025-01-31 12:40:28.246713] INFO: Execution permission granted to: /home/vc/kurotaka/objects/temp_188
[2025-01-31 12:40:28.521859] INFO: Executing command: /home/vc/kurotaka/objects/temp_188 253 256 1
[2025-01-31 12:40:34.317271] INFO: Command executed in 5147.610000ms
[2025-01-31 12:40:36.296565] INFO: Result saved to: /home/vc/kurotaka/results/result_188
[2025-01-31 12:40:38.148730] INFO: Second connection established in 0.247000ms
[2025-01-31 12:40:39.931295] INFO: Sending result upload request
[2025-01-31 12:40:41.889302] INFO: Second request sent in 0.025000ms
[2025-01-31 12:40:44.235775] INFO: Result uploaded in 0.050000ms
[2025-01-31 12:40:45.712365] INFO: Process completed successfully. Total execution time in 1m 1310.842000ms

