
[2025-01-31 12:39:51.912158] INFO: Process started with ID: 87
[2025-01-31 12:39:53.136534] INFO: First connection established in 0.293000ms
[2025-01-31 12:39:55.003567] INFO: Sending request: GET /http_server/send-object.php?ID=87 HTTP/1.1
Host: 192.168.100.3
Connection: close


[2025-01-31 12:39:56.096936] INFO: First request sent in 0.033000ms
[2025-01-31 12:39:56.966653] INFO: Time from request to first response in 0.029000ms
[2025-01-31 12:39:57.787175] INFO: Received headers - MPI-Rank: 156, Group-ID: 1, Job-ID: 1, Sub-Job-ID: 157, Rank-Count: 256
[2025-01-31 12:39:58.855264] INFO: Receive loop #1 received 16384 bytes in 1767.332000ms
[2025-01-31 12:40:01.333571] INFO: Receive loop #2 received 16384 bytes in 0.060000ms
[2025-01-31 12:40:03.060140] INFO: Receive loop #3 received 16384 bytes in 0.082000ms
[2025-01-31 12:40:04.976109] INFO: Receive loop #4 received 16384 bytes in 0.105000ms
[2025-01-31 12:40:06.414877] INFO: Receive loop #5 received 16384 bytes in 0.026000ms
[2025-01-31 12:40:07.742319] INFO: Receive loop #6 received 16384 bytes in 0.030000ms
[2025-01-31 12:40:09.266675] INFO: Receive loop #7 received 16384 bytes in 0.029000ms
[2025-01-31 12:40:11.409759] INFO: Receive loop #8 received 16384 bytes in 0.257000ms
[2025-01-31 12:40:12.634508] INFO: Receive loop #9 received 16384 bytes in 0.031000ms
[2025-01-31 12:40:14.197691] INFO: Receive loop #10 received 16384 bytes in 0.029000ms
[2025-01-31 12:40:15.978958] INFO: Receive loop #11 received 16384 bytes in 0.007000ms
[2025-01-31 12:40:16.896743] INFO: Receive loop #12 received 7665 bytes in 0.019000ms
[2025-01-31 12:40:17.922829] INFO: Response received in 20843.522000ms
[2025-01-31 12:40:19.451088] INFO: File saved in 0.492000ms
[2025-01-31 12:40:20.680937] INFO: File saved to: /home/vc/kurotaka/objects/temp_87
[2025-01-31 12:40:22.681990] INFO: Execution permission granted to: /home/vc/kurotaka/objects/temp_87
[2025-01-31 12:40:23.749576] INFO: Executing command: /home/vc/kurotaka/objects/temp_87 156 256 1
[2025-01-31 12:40:32.408565] INFO: Command executed in 7852.378000ms
[2025-01-31 12:40:34.700869] INFO: Result saved to: /home/vc/kurotaka/results/result_87
[2025-01-31 12:40:36.521049] INFO: Second connection established in 0.349000ms
[2025-01-31 12:40:38.746415] INFO: Sending result upload request
[2025-01-31 12:40:40.631016] INFO: Second request sent in 0.007000ms
[2025-01-31 12:40:42.427054] INFO: Result uploaded in 0.056000ms
[2025-01-31 12:40:44.679921] INFO: Process completed successfully. Total execution time in 1m 15.516000ms

