
[2025-01-31 12:39:55.411328] INFO: Process started with ID: 62
[2025-01-31 12:39:56.399538] INFO: First connection established in 0.228000ms
[2025-01-31 12:39:57.299572] INFO: Sending request: GET /http_server/send-object.php?ID=62 HTTP/1.1
Host: 192.168.100.3
Connection: close


[2025-01-31 12:39:58.212429] INFO: First request sent in 0.033000ms
[2025-01-31 12:39:59.534839] INFO: Time from request to first response in 0.029000ms
[2025-01-31 12:40:01.710709] INFO: Received headers - MPI-Rank: 187, Group-ID: 1, Job-ID: 1, Sub-Job-ID: 188, Rank-Count: 256
[2025-01-31 12:40:04.080177] INFO: Receive loop #1 received 16384 bytes in 4261.203000ms
[2025-01-31 12:40:05.637248] INFO: Receive loop #2 received 16384 bytes in 0.061000ms
[2025-01-31 12:40:06.936668] INFO: Receive loop #3 received 16384 bytes in 0.082000ms
[2025-01-31 12:40:08.425910] INFO: Receive loop #4 received 16384 bytes in 0.127000ms
[2025-01-31 12:40:10.306069] INFO: Receive loop #5 received 16384 bytes in 0.035000ms
[2025-01-31 12:40:12.608744] INFO: Receive loop #6 received 16384 bytes in 0.029000ms
[2025-01-31 12:40:14.283719] INFO: Receive loop #7 received 16384 bytes in 0.029000ms
[2025-01-31 12:40:15.965773] INFO: Receive loop #8 received 16384 bytes in 0.298000ms
[2025-01-31 12:40:16.809614] INFO: Receive loop #9 received 16384 bytes in 0.029000ms
[2025-01-31 12:40:17.769563] INFO: Receive loop #10 received 16384 bytes in 0.018000ms
[2025-01-31 12:40:19.376886] INFO: Receive loop #11 received 16384 bytes in 0.030000ms
[2025-01-31 12:40:20.825977] INFO: Receive loop #12 received 7665 bytes in 0.018000ms
[2025-01-31 12:40:21.750554] INFO: Response received in 22428.560000ms
[2025-01-31 12:40:23.289551] INFO: File saved in 0.467000ms
[2025-01-31 12:40:24.206489] INFO: File saved to: /home/vc/kurotaka/objects/temp_62
[2025-01-31 12:40:25.809350] INFO: Execution permission granted to: /home/vc/kurotaka/objects/temp_62
[2025-01-31 12:40:26.081537] INFO: Executing command: /home/vc/kurotaka/objects/temp_62 187 256 1
[2025-01-31 12:40:33.956278] INFO: Command executed in 7148.689000ms
[2025-01-31 12:40:36.199424] INFO: Result saved to: /home/vc/kurotaka/results/result_62
[2025-01-31 12:40:37.945690] INFO: Second connection established in 0.235000ms
[2025-01-31 12:40:39.826377] INFO: Sending result upload request
[2025-01-31 12:40:41.807817] INFO: Second request sent in 0.005000ms
[2025-01-31 12:40:44.088436] INFO: Result uploaded in 0.052000ms
[2025-01-31 12:40:45.563498] INFO: Process completed successfully. Total execution time in 1m 1268.985000ms

