
[2025-01-31 12:39:54.630679] INFO: Process started with ID: 174
[2025-01-31 12:39:55.985723] INFO: First connection established in 0.266000ms
[2025-01-31 12:39:56.848791] INFO: Sending request: GET /http_server/send-object.php?ID=174 HTTP/1.1
Host: 192.168.100.3
Connection: close


[2025-01-31 12:39:57.665145] INFO: First request sent in 0.034000ms
[2025-01-31 12:39:58.606738] INFO: Time from request to first response in 0.035000ms
[2025-01-31 12:40:00.997012] INFO: Received headers - MPI-Rank: 181, Group-ID: 1, Job-ID: 1, Sub-Job-ID: 182, Rank-Count: 256
[2025-01-31 12:40:02.697566] INFO: Receive loop #1 received 16384 bytes in 3691.370000ms
[2025-01-31 12:40:04.765032] INFO: Receive loop #2 received 16384 bytes in 0.063000ms
[2025-01-31 12:40:06.269090] INFO: Receive loop #3 received 16384 bytes in 0.020000ms
[2025-01-31 12:40:07.469577] INFO: Receive loop #4 received 16384 bytes in 0.149000ms
[2025-01-31 12:40:09.052137] INFO: Receive loop #5 received 16384 bytes in 0.029000ms
[2025-01-31 12:40:11.253976] INFO: Receive loop #6 received 16384 bytes in 0.036000ms
[2025-01-31 12:40:12.612297] INFO: Receive loop #7 received 16384 bytes in 0.029000ms
[2025-01-31 12:40:14.317080] INFO: Receive loop #8 received 16384 bytes in 0.295000ms
[2025-01-31 12:40:16.140114] INFO: Receive loop #9 received 16384 bytes in 0.007000ms
[2025-01-31 12:40:17.027800] INFO: Receive loop #10 received 16384 bytes in 0.032000ms
[2025-01-31 12:40:18.575753] INFO: Receive loop #11 received 16384 bytes in 0.006000ms
[2025-01-31 12:40:19.847374] INFO: Receive loop #12 received 7665 bytes in 0.004000ms
[2025-01-31 12:40:21.367335] INFO: Response received in 22315.083000ms
[2025-01-31 12:40:22.719172] INFO: File saved in 0.117000ms
[2025-01-31 12:40:24.050619] INFO: File saved to: /home/vc/kurotaka/objects/temp_174
[2025-01-31 12:40:25.475081] INFO: Execution permission granted to: /home/vc/kurotaka/objects/temp_174
[2025-01-31 12:40:25.913596] INFO: Executing command: /home/vc/kurotaka/objects/temp_174 181 256 1
[2025-01-31 12:40:34.185715] INFO: Command executed in 7715.756000ms
[2025-01-31 12:40:36.226493] INFO: Result saved to: /home/vc/kurotaka/results/result_174
[2025-01-31 12:40:37.945885] INFO: Second connection established in 0.229000ms
[2025-01-31 12:40:39.826312] INFO: Sending result upload request
[2025-01-31 12:40:41.785923] INFO: Second request sent in 0.026000ms
[2025-01-31 12:40:43.982527] INFO: Result uploaded in 0.055000ms
[2025-01-31 12:40:45.563708] INFO: Process completed successfully. Total execution time in 1m 1178.463000ms

