
[2025-01-31 12:40:02.088661] INFO: Process started with ID: 68
[2025-01-31 12:40:04.377761] INFO: First connection established in 0.236000ms
[2025-01-31 12:40:05.980987] INFO: Sending request: GET /http_server/send-object.php?ID=68 HTTP/1.1
Host: 192.168.100.3
Connection: close


[2025-01-31 12:40:07.096648] INFO: First request sent in 0.035000ms
[2025-01-31 12:40:08.634512] INFO: Time from request to first response in 0.031000ms
[2025-01-31 12:40:10.744255] INFO: Received headers - MPI-Rank: 254, Group-ID: 1, Job-ID: 1, Sub-Job-ID: 255, Rank-Count: 256
[2025-01-31 12:40:12.613079] INFO: Receive loop #1 received 16384 bytes in 3543.650000ms
[2025-01-31 12:40:14.317206] INFO: Receive loop #2 received 16384 bytes in 0.076000ms
[2025-01-31 12:40:16.157289] INFO: Receive loop #3 received 16384 bytes in 0.099000ms
[2025-01-31 12:40:17.048066] INFO: Receive loop #4 received 16384 bytes in 0.085000ms
[2025-01-31 12:40:18.774435] INFO: Receive loop #5 received 16384 bytes in 0.006000ms
[2025-01-31 12:40:19.716739] INFO: Receive loop #6 received 16384 bytes in 0.007000ms
[2025-01-31 12:40:21.342574] INFO: Receive loop #7 received 16384 bytes in 0.035000ms
[2025-01-31 12:40:22.382979] INFO: Receive loop #8 received 16384 bytes in 0.151000ms
[2025-01-31 12:40:23.625863] INFO: Receive loop #9 received 16384 bytes in 0.034000ms
[2025-01-31 12:40:25.112654] INFO: Receive loop #10 received 16384 bytes in 0.008000ms
[2025-01-31 12:40:25.450518] INFO: Receive loop #11 received 16384 bytes in 0.006000ms
[2025-01-31 12:40:25.922265] INFO: Receive loop #12 received 7665 bytes in 0.003000ms
[2025-01-31 12:40:26.191553] INFO: Response received in 17863.278000ms
[2025-01-31 12:40:26.476113] INFO: File saved in 0.119000ms
[2025-01-31 12:40:27.473225] INFO: File saved to: /home/vc/kurotaka/objects/temp_68
[2025-01-31 12:40:28.279776] INFO: Execution permission granted to: /home/vc/kurotaka/objects/temp_68
[2025-01-31 12:40:28.521975] INFO: Executing command: /home/vc/kurotaka/objects/temp_68 254 256 1
[2025-01-31 12:40:33.762875] INFO: Command executed in 4224.889000ms
[2025-01-31 12:40:36.021872] INFO: Result saved to: /home/vc/kurotaka/results/result_68
[2025-01-31 12:40:37.648872] INFO: Second connection established in 0.222000ms
[2025-01-31 12:40:39.679935] INFO: Sending result upload request
[2025-01-31 12:40:41.708374] INFO: Second request sent in 0.026000ms
[2025-01-31 12:40:43.734725] INFO: Result uploaded in 0.055000ms
[2025-01-31 12:40:45.467675] INFO: Process completed successfully. Total execution time in 1m 991.145000ms

