
[2025-01-31 12:39:59.891927] INFO: Process started with ID: 34
[2025-01-31 12:40:01.922391] INFO: First connection established in 0.211000ms
[2025-01-31 12:40:04.272208] INFO: Sending request: GET /http_server/send-object.php?ID=34 HTTP/1.1
Host: 192.168.100.3
Connection: close


[2025-01-31 12:40:05.830483] INFO: First request sent in 0.037000ms
[2025-01-31 12:40:07.029982] INFO: Time from request to first response in 0.030000ms
[2025-01-31 12:40:08.539332] INFO: Received headers - MPI-Rank: 239, Group-ID: 1, Job-ID: 1, Sub-Job-ID: 240, Rank-Count: 256
[2025-01-31 12:40:10.606130] INFO: Receive loop #1 received 16384 bytes in 3068.318000ms
[2025-01-31 12:40:12.611206] INFO: Receive loop #2 received 16384 bytes in 0.063000ms
[2025-01-31 12:40:14.169426] INFO: Receive loop #3 received 16384 bytes in 0.023000ms
[2025-01-31 12:40:15.978715] INFO: Receive loop #4 received 16384 bytes in 0.115000ms
[2025-01-31 12:40:16.754982] INFO: Receive loop #5 received 16384 bytes in 0.030000ms
[2025-01-31 12:40:17.922663] INFO: Receive loop #6 received 16384 bytes in 0.006000ms
[2025-01-31 12:40:19.266146] INFO: Receive loop #7 received 16384 bytes in 0.039000ms
[2025-01-31 12:40:20.950007] INFO: Receive loop #8 received 16384 bytes in 0.175000ms
[2025-01-31 12:40:21.750815] INFO: Receive loop #9 received 16384 bytes in 0.015000ms
[2025-01-31 12:40:23.273762] INFO: Receive loop #10 received 16384 bytes in 0.037000ms
[2025-01-31 12:40:24.206445] INFO: Receive loop #11 received 16384 bytes in 0.031000ms
[2025-01-31 12:40:25.319663] INFO: Receive loop #12 received 7665 bytes in 0.006000ms
[2025-01-31 12:40:25.809452] INFO: Response received in 19048.702000ms
[2025-01-31 12:40:26.071500] INFO: File saved in 0.124000ms
[2025-01-31 12:40:26.321811] INFO: File saved to: /home/vc/kurotaka/objects/temp_34
[2025-01-31 12:40:27.106916] INFO: Execution permission granted to: /home/vc/kurotaka/objects/temp_34
[2025-01-31 12:40:28.175618] INFO: Executing command: /home/vc/kurotaka/objects/temp_34 239 256 1
[2025-01-31 12:40:31.904915] INFO: Command executed in 3164.740000ms
[2025-01-31 12:40:33.828310] INFO: Result saved to: /home/vc/kurotaka/results/result_34
[2025-01-31 12:40:36.145104] INFO: Second connection established in 0.242000ms
[2025-01-31 12:40:37.863560] INFO: Sending result upload request
[2025-01-31 12:40:39.775554] INFO: Second request sent in 0.026000ms
[2025-01-31 12:40:41.767547] INFO: Result uploaded in 0.064000ms
[2025-01-31 12:40:43.982872] INFO: Process completed successfully. Total execution time in 59294.975000ms

