
[2025-01-31 16:48:42.077325] INFO: Process started with ID: 489
[2025-01-31 16:48:43.372355] INFO: First connection established in 0.152000ms
[2025-01-31 16:48:45.084059] INFO: Sending request: GET /http_server/send-object.php?ID=489 HTTP/1.1
Host: 192.168.100.3
Connection: close


[2025-01-31 16:48:47.095960] INFO: First request sent in 0.007000ms
[2025-01-31 16:48:48.310741] INFO: Time from request to first response in 0.011000ms
[2025-01-31 16:48:49.892118] INFO: Received headers - MPI-Rank: 507, Group-ID: 1, Job-ID: 1, Sub-Job-ID: 508, Rank-Count: 512
[2025-01-31 16:48:51.552089] INFO: Receive loop #1 received 16384 bytes in 2881.539000ms
[2025-01-31 16:48:53.126324] INFO: Receive loop #2 received 16384 bytes in 0.019000ms
[2025-01-31 16:48:54.384991] INFO: Receive loop #3 received 16384 bytes in 0.066000ms
[2025-01-31 16:48:55.527452] INFO: Receive loop #4 received 16384 bytes in 0.109000ms
[2025-01-31 16:48:56.276709] INFO: Receive loop #5 received 16384 bytes in 0.028000ms
[2025-01-31 16:48:57.158310] INFO: Receive loop #6 received 16384 bytes in 0.030000ms
[2025-01-31 16:48:58.875809] INFO: Receive loop #7 received 16384 bytes in 0.008000ms
[2025-01-31 16:49:00.645081] INFO: Receive loop #8 received 16384 bytes in 0.249000ms
[2025-01-31 16:49:01.615118] INFO: Receive loop #9 received 16384 bytes in 0.005000ms
[2025-01-31 16:49:02.910703] INFO: Receive loop #10 received 16384 bytes in 0.007000ms
[2025-01-31 16:49:03.819499] INFO: Receive loop #11 received 16384 bytes in 0.016000ms
[2025-01-31 16:49:04.960169] INFO: Receive loop #12 received 7665 bytes in 0.018000ms
[2025-01-31 16:49:06.150869] INFO: Response received in 18187.032000ms
[2025-01-31 16:49:07.529372] INFO: File saved in 0.090000ms
[2025-01-31 16:49:08.224080] INFO: File saved to: /home/vc/kurotaka/objects/temp_489
[2025-01-31 16:49:09.616024] INFO: Execution permission granted to: /home/vc/kurotaka/objects/temp_489
[2025-01-31 16:49:10.073438] INFO: Executing command: /home/vc/kurotaka/objects/temp_489 507 512 1
[2025-01-31 16:49:24.654049] INFO: Command executed in 13963.776000ms
[2025-01-31 16:49:26.491767] INFO: Result saved to: /home/vc/kurotaka/results/result_489
[2025-01-31 16:49:29.084599] INFO: Second connection established in 0.143000ms
[2025-01-31 16:49:32.899829] INFO: Sending result upload request
[2025-01-31 16:49:35.837318] INFO: Second request sent in 0.025000ms
[2025-01-31 16:49:40.111147] INFO: Result uploaded in 0.056000ms
[2025-01-31 16:49:43.768879] INFO: Process completed successfully. Total execution time in 2m 1735.352000ms

