
[2025-01-31 16:47:49.667535] INFO: Process started with ID: 113
[2025-01-31 16:47:50.820588] INFO: First connection established in 0.201000ms
[2025-01-31 16:47:51.995578] INFO: Sending request: GET /http_server/send-object.php?ID=113 HTTP/1.1
Host: 192.168.100.3
Connection: close


[2025-01-31 16:47:52.919061] INFO: First request sent in 0.033000ms
[2025-01-31 16:47:55.147610] INFO: Time from request to first response in 0.029000ms
[2025-01-31 16:47:56.807821] INFO: Received headers - MPI-Rank: 168, Group-ID: 1, Job-ID: 1, Sub-Job-ID: 169, Rank-Count: 512
[2025-01-31 16:47:58.746199] INFO: Receive loop #1 received 16384 bytes in 4169.925000ms
[2025-01-31 16:48:00.530339] INFO: Receive loop #2 received 16384 bytes in 0.059000ms
[2025-01-31 16:48:02.266771] INFO: Receive loop #3 received 16384 bytes in 0.077000ms
[2025-01-31 16:48:04.646284] INFO: Receive loop #4 received 16384 bytes in 0.110000ms
[2025-01-31 16:48:06.828741] INFO: Receive loop #5 received 16384 bytes in 0.029000ms
[2025-01-31 16:48:08.997466] INFO: Receive loop #6 received 16384 bytes in 0.029000ms
[2025-01-31 16:48:11.447923] INFO: Receive loop #7 received 16384 bytes in 0.007000ms
[2025-01-31 16:48:12.809235] INFO: Receive loop #8 received 16384 bytes in 0.249000ms
[2025-01-31 16:48:14.478393] INFO: Receive loop #9 received 16384 bytes in 0.039000ms
[2025-01-31 16:48:16.197473] INFO: Receive loop #10 received 16384 bytes in 0.009000ms
[2025-01-31 16:48:18.038265] INFO: Receive loop #11 received 16384 bytes in 0.006000ms
[2025-01-31 16:48:19.762142] INFO: Receive loop #12 received 7665 bytes in 0.020000ms
[2025-01-31 16:48:21.623517] INFO: Response received in 27094.655000ms
[2025-01-31 16:48:24.218659] INFO: File saved in 0.527000ms
[2025-01-31 16:48:26.715443] INFO: File saved to: /home/vc/kurotaka/objects/temp_113
[2025-01-31 16:48:29.244887] INFO: Execution permission granted to: /home/vc/kurotaka/objects/temp_113
[2025-01-31 16:48:31.277590] INFO: Executing command: /home/vc/kurotaka/objects/temp_113 168 512 1
[2025-01-31 16:49:31.509705] INFO: Command executed in 57456.972000ms
[2025-01-31 16:49:34.283461] INFO: Result saved to: /home/vc/kurotaka/results/result_113
[2025-01-31 16:49:36.672543] INFO: Second connection established in 0.177000ms
[2025-01-31 16:49:40.768943] INFO: Sending result upload request
[2025-01-31 16:49:44.548208] INFO: Second request sent in 0.004000ms
[2025-01-31 16:49:48.854047] INFO: Result uploaded in 0.009000ms
[2025-01-31 16:49:50.803610] INFO: Process completed successfully. Total execution time in 2m 9390.411000ms

