
[2025-01-31 16:48:39.067892] INFO: Process started with ID: 202
[2025-01-31 16:48:41.424761] INFO: First connection established in 0.360000ms
[2025-01-31 16:48:43.066990] INFO: Sending request: GET /http_server/send-object.php?ID=202 HTTP/1.1
Host: 192.168.100.3
Connection: close


[2025-01-31 16:48:44.466147] INFO: First request sent in 0.010000ms
[2025-01-31 16:48:46.121278] INFO: Time from request to first response in 0.024000ms
[2025-01-31 16:48:47.545234] INFO: Received headers - MPI-Rank: 489, Group-ID: 1, Job-ID: 1, Sub-Job-ID: 490, Rank-Count: 512
[2025-01-31 16:48:49.428536] INFO: Receive loop #1 received 16384 bytes in 3229.211000ms
[2025-01-31 16:48:51.014256] INFO: Receive loop #2 received 16384 bytes in 0.065000ms
[2025-01-31 16:48:52.144916] INFO: Receive loop #3 received 16384 bytes in 0.017000ms
[2025-01-31 16:48:53.435495] INFO: Receive loop #4 received 16384 bytes in 0.110000ms
[2025-01-31 16:48:55.095787] INFO: Receive loop #5 received 16384 bytes in 0.037000ms
[2025-01-31 16:48:56.158078] INFO: Receive loop #6 received 16384 bytes in 0.030000ms
[2025-01-31 16:48:57.202599] INFO: Receive loop #7 received 16384 bytes in 0.007000ms
[2025-01-31 16:48:58.842709] INFO: Receive loop #8 received 16384 bytes in 0.263000ms
[2025-01-31 16:49:00.625577] INFO: Receive loop #9 received 16384 bytes in 0.030000ms
[2025-01-31 16:49:01.830013] INFO: Receive loop #10 received 16384 bytes in 0.027000ms
[2025-01-31 16:49:03.234805] INFO: Receive loop #11 received 16384 bytes in 0.006000ms
[2025-01-31 16:49:04.499146] INFO: Receive loop #12 received 7665 bytes in 0.019000ms
[2025-01-31 16:49:05.861855] INFO: Response received in 19906.560000ms
[2025-01-31 16:49:06.757830] INFO: File saved in 0.115000ms
[2025-01-31 16:49:07.881838] INFO: File saved to: /home/vc/kurotaka/objects/temp_202
[2025-01-31 16:49:08.956077] INFO: Execution permission granted to: /home/vc/kurotaka/objects/temp_202
[2025-01-31 16:49:09.845463] INFO: Executing command: /home/vc/kurotaka/objects/temp_202 489 512 1
[2025-01-31 16:49:21.739076] INFO: Command executed in 11349.470000ms
[2025-01-31 16:49:22.252892] INFO: Result saved to: /home/vc/kurotaka/results/result_202
[2025-01-31 16:49:23.485683] INFO: Second connection established in 0.183000ms
[2025-01-31 16:49:25.286765] INFO: Sending result upload request
[2025-01-31 16:49:26.997768] INFO: Second request sent in 0.029000ms
[2025-01-31 16:49:30.096668] INFO: Result uploaded in 0.056000ms
[2025-01-31 16:49:33.691901] INFO: Process completed successfully. Total execution time in 1m 51388.285000ms

