
[2025-01-31 16:48:11.685673] INFO: Process started with ID: 299
[2025-01-31 16:48:13.223258] INFO: First connection established in 0.186000ms
[2025-01-31 16:48:15.001950] INFO: Sending request: GET /http_server/send-object.php?ID=299 HTTP/1.1
Host: 192.168.100.3
Connection: close


[2025-01-31 16:48:17.076178] INFO: First request sent in 0.024000ms
[2025-01-31 16:48:18.972710] INFO: Time from request to first response in 0.031000ms
[2025-01-31 16:48:20.841497] INFO: Received headers - MPI-Rank: 326, Group-ID: 1, Job-ID: 1, Sub-Job-ID: 327, Rank-Count: 512
[2025-01-31 16:48:22.817915] INFO: Receive loop #1 received 16384 bytes in 3560.258000ms
[2025-01-31 16:48:25.482597] INFO: Receive loop #2 received 16384 bytes in 0.074000ms
[2025-01-31 16:48:27.871246] INFO: Receive loop #3 received 16384 bytes in 0.077000ms
[2025-01-31 16:48:30.036094] INFO: Receive loop #4 received 16384 bytes in 0.029000ms
[2025-01-31 16:48:32.324354] INFO: Receive loop #5 received 16384 bytes in 0.027000ms
[2025-01-31 16:48:34.565264] INFO: Receive loop #6 received 16384 bytes in 0.031000ms
[2025-01-31 16:48:36.781456] INFO: Receive loop #7 received 16384 bytes in 0.033000ms
[2025-01-31 16:48:38.709101] INFO: Receive loop #8 received 16384 bytes in 0.240000ms
[2025-01-31 16:48:40.363139] INFO: Receive loop #9 received 16384 bytes in 0.031000ms
[2025-01-31 16:48:42.814122] INFO: Receive loop #10 received 16384 bytes in 0.035000ms
[2025-01-31 16:48:44.386221] INFO: Receive loop #11 received 16384 bytes in 0.005000ms
[2025-01-31 16:48:46.146336] INFO: Receive loop #12 received 7665 bytes in 0.045000ms
[2025-01-31 16:48:47.593450] INFO: Response received in 28827.526000ms
[2025-01-31 16:48:49.588271] INFO: File saved in 0.468000ms
[2025-01-31 16:48:50.967680] INFO: File saved to: /home/vc/kurotaka/objects/temp_299
[2025-01-31 16:48:53.260583] INFO: Execution permission granted to: /home/vc/kurotaka/objects/temp_299
[2025-01-31 16:48:54.652343] INFO: Executing command: /home/vc/kurotaka/objects/temp_299 326 512 1
[2025-01-31 16:49:30.510691] INFO: Command executed in 34260.545000ms
[2025-01-31 16:49:32.682540] INFO: Result saved to: /home/vc/kurotaka/results/result_299
[2025-01-31 16:49:35.089726] INFO: Second connection established in 0.242000ms
[2025-01-31 16:49:38.270550] INFO: Sending result upload request
[2025-01-31 16:49:42.124495] INFO: Second request sent in 0.026000ms
[2025-01-31 16:49:46.274029] INFO: Result uploaded in 0.011000ms
[2025-01-31 16:49:49.923357] INFO: Process completed successfully. Total execution time in 2m 8152.755000ms

