
[2025-01-31 16:47:41.092059] INFO: Process started with ID: 30
[2025-01-31 16:47:41.297663] INFO: First connection established in 0.259000ms
[2025-01-31 16:47:41.630518] INFO: Sending request: GET /http_server/send-object.php?ID=30 HTTP/1.1
Host: 192.168.100.3
Connection: close


[2025-01-31 16:47:41.943528] INFO: First request sent in 0.030000ms
[2025-01-31 16:47:42.532902] INFO: Time from request to first response in 0.029000ms
[2025-01-31 16:47:43.555074] INFO: Received headers - MPI-Rank: 19, Group-ID: 1, Job-ID: 1, Sub-Job-ID: 20, Rank-Count: 512
[2025-01-31 16:47:44.654001] INFO: Receive loop #1 received 16384 bytes in 2196.850000ms
[2025-01-31 16:47:45.358473] INFO: Receive loop #2 received 16384 bytes in 0.061000ms
[2025-01-31 16:47:46.802083] INFO: Receive loop #3 received 16384 bytes in 0.077000ms
[2025-01-31 16:47:47.848905] INFO: Receive loop #4 received 16384 bytes in 0.071000ms
[2025-01-31 16:47:49.250758] INFO: Receive loop #5 received 16384 bytes in 0.036000ms
[2025-01-31 16:47:50.173346] INFO: Receive loop #6 received 16384 bytes in 0.039000ms
[2025-01-31 16:47:51.211559] INFO: Receive loop #7 received 16384 bytes in 0.030000ms
[2025-01-31 16:47:52.338718] INFO: Receive loop #8 received 16384 bytes in 0.323000ms
[2025-01-31 16:47:53.668623] INFO: Receive loop #9 received 16384 bytes in 0.033000ms
[2025-01-31 16:47:55.684834] INFO: Receive loop #10 received 16384 bytes in 0.029000ms
[2025-01-31 16:47:57.919927] INFO: Receive loop #11 received 16384 bytes in 0.031000ms
[2025-01-31 16:47:59.647333] INFO: Receive loop #12 received 7663 bytes in 0.019000ms
[2025-01-31 16:48:01.059833] INFO: Response received in 18282.591000ms
[2025-01-31 16:48:03.150779] INFO: File saved in 0.459000ms
[2025-01-31 16:48:05.363584] INFO: File saved to: /home/vc/kurotaka/objects/temp_30
[2025-01-31 16:48:07.765737] INFO: Execution permission granted to: /home/vc/kurotaka/objects/temp_30
[2025-01-31 16:48:10.107141] INFO: Executing command: /home/vc/kurotaka/objects/temp_30 19 512 1
[2025-01-31 16:49:37.947637] INFO: Command executed in 1m 24822.787000ms
[2025-01-31 16:49:41.568581] INFO: Result saved to: /home/vc/kurotaka/results/result_30
[2025-01-31 16:49:45.566911] INFO: Second connection established in 0.104000ms
[2025-01-31 16:49:49.483831] INFO: Sending result upload request
[2025-01-31 16:49:50.978086] INFO: Second request sent in 0.004000ms
[2025-01-31 16:49:52.339925] INFO: Result uploaded in 0.011000ms
[2025-01-31 16:49:53.188144] INFO: Process completed successfully. Total execution time in 2m 11836.951000ms

