
[2025-01-31 16:48:17.977521] INFO: Process started with ID: 326
[2025-01-31 16:48:19.712337] INFO: First connection established in 0.240000ms
[2025-01-31 16:48:21.545447] INFO: Sending request: GET /http_server/send-object.php?ID=326 HTTP/1.1
Host: 192.168.100.3
Connection: close


[2025-01-31 16:48:24.122807] INFO: First request sent in 0.023000ms
[2025-01-31 16:48:26.660061] INFO: Time from request to first response in 0.031000ms
[2025-01-31 16:48:29.221396] INFO: Received headers - MPI-Rank: 370, Group-ID: 1, Job-ID: 1, Sub-Job-ID: 371, Rank-Count: 512
[2025-01-31 16:48:31.238622] INFO: Receive loop #1 received 16384 bytes in 4501.464000ms
[2025-01-31 16:48:33.704249] INFO: Receive loop #2 received 16384 bytes in 0.061000ms
[2025-01-31 16:48:35.763173] INFO: Receive loop #3 received 16384 bytes in 0.076000ms
[2025-01-31 16:48:37.804192] INFO: Receive loop #4 received 16384 bytes in 0.120000ms
[2025-01-31 16:48:39.329521] INFO: Receive loop #5 received 16384 bytes in 0.035000ms
[2025-01-31 16:48:41.428510] INFO: Receive loop #6 received 16384 bytes in 0.030000ms
[2025-01-31 16:48:43.234999] INFO: Receive loop #7 received 16384 bytes in 0.008000ms
[2025-01-31 16:48:45.007276] INFO: Receive loop #8 received 16384 bytes in 0.249000ms
[2025-01-31 16:48:46.894067] INFO: Receive loop #9 received 16384 bytes in 0.037000ms
[2025-01-31 16:48:48.359566] INFO: Receive loop #10 received 16384 bytes in 0.015000ms
[2025-01-31 16:48:49.920449] INFO: Receive loop #11 received 16384 bytes in 0.029000ms
[2025-01-31 16:48:51.163026] INFO: Receive loop #12 received 7665 bytes in 0.022000ms
[2025-01-31 16:48:53.126644] INFO: Response received in 25573.347000ms
[2025-01-31 16:48:54.409118] INFO: File saved in 0.455000ms
[2025-01-31 16:48:55.690375] INFO: File saved to: /home/vc/kurotaka/objects/temp_326
[2025-01-31 16:48:57.452744] INFO: Execution permission granted to: /home/vc/kurotaka/objects/temp_326
[2025-01-31 16:48:59.223086] INFO: Executing command: /home/vc/kurotaka/objects/temp_326 370 512 1
[2025-01-31 16:49:28.214854] INFO: Command executed in 27430.019000ms
[2025-01-31 16:49:30.330397] INFO: Result saved to: /home/vc/kurotaka/results/result_326
[2025-01-31 16:49:32.450170] INFO: Second connection established in 0.232000ms
[2025-01-31 16:49:34.898176] INFO: Sending result upload request
[2025-01-31 16:49:38.030923] INFO: Second request sent in 0.026000ms
[2025-01-31 16:49:41.798891] INFO: Result uploaded in 0.055000ms
[2025-01-31 16:49:45.851548] INFO: Process completed successfully. Total execution time in 2m 3435.395000ms

