
[2025-01-31 16:48:23.389569] INFO: Process started with ID: 472
[2025-01-31 16:48:25.964290] INFO: First connection established in 0.203000ms
[2025-01-31 16:48:28.449459] INFO: Sending request: GET /http_server/send-object.php?ID=472 HTTP/1.1
Host: 192.168.100.3
Connection: close


[2025-01-31 16:48:30.829091] INFO: First request sent in 0.028000ms
[2025-01-31 16:48:33.208779] INFO: Time from request to first response in 0.033000ms
[2025-01-31 16:48:35.251259] INFO: Received headers - MPI-Rank: 401, Group-ID: 1, Job-ID: 1, Sub-Job-ID: 402, Rank-Count: 512
[2025-01-31 16:48:37.425724] INFO: Receive loop #1 received 16384 bytes in 4569.136000ms
[2025-01-31 16:48:38.995618] INFO: Receive loop #2 received 16384 bytes in 0.064000ms
[2025-01-31 16:48:40.719249] INFO: Receive loop #3 received 16384 bytes in 0.083000ms
[2025-01-31 16:48:42.947159] INFO: Receive loop #4 received 16384 bytes in 0.132000ms
[2025-01-31 16:48:44.303758] INFO: Receive loop #5 received 16384 bytes in 0.014000ms
[2025-01-31 16:48:45.386797] INFO: Receive loop #6 received 16384 bytes in 0.041000ms
[2025-01-31 16:48:47.340699] INFO: Receive loop #7 received 16384 bytes in 0.038000ms
[2025-01-31 16:48:49.365381] INFO: Receive loop #8 received 16384 bytes in 0.390000ms
[2025-01-31 16:48:51.014369] INFO: Receive loop #9 received 16384 bytes in 0.031000ms
[2025-01-31 16:48:52.041668] INFO: Receive loop #10 received 16384 bytes in 0.038000ms
[2025-01-31 16:48:53.435395] INFO: Receive loop #11 received 16384 bytes in 0.043000ms
[2025-01-31 16:48:55.013038] INFO: Receive loop #12 received 7665 bytes in 0.016000ms
[2025-01-31 16:48:56.109062] INFO: Response received in 23475.129000ms
[2025-01-31 16:48:57.121550] INFO: File saved in 0.481000ms
[2025-01-31 16:48:58.843353] INFO: File saved to: /home/vc/kurotaka/objects/temp_472
[2025-01-31 16:49:00.772895] INFO: Execution permission granted to: /home/vc/kurotaka/objects/temp_472
[2025-01-31 16:49:02.299983] INFO: Executing command: /home/vc/kurotaka/objects/temp_472 401 512 1
[2025-01-31 16:49:22.141721] INFO: Command executed in 19060.389000ms
[2025-01-31 16:49:23.193514] INFO: Result saved to: /home/vc/kurotaka/results/result_472
[2025-01-31 16:49:24.960360] INFO: Second connection established in 0.343000ms
[2025-01-31 16:49:26.815949] INFO: Sending result upload request
[2025-01-31 16:49:29.892031] INFO: Second request sent in 0.025000ms
[2025-01-31 16:49:33.812169] INFO: Result uploaded in 0.055000ms
[2025-01-31 16:49:36.391049] INFO: Process completed successfully. Total execution time in 1m 54536.507000ms

