
[2025-01-31 16:48:11.444111] INFO: Process started with ID: 254
[2025-01-31 16:48:12.769057] INFO: First connection established in 0.194000ms
[2025-01-31 16:48:14.387414] INFO: Sending request: GET /http_server/send-object.php?ID=254 HTTP/1.1
Host: 192.168.100.3
Connection: close


[2025-01-31 16:48:16.094967] INFO: First request sent in 0.036000ms
[2025-01-31 16:48:17.978049] INFO: Time from request to first response in 0.031000ms
[2025-01-31 16:48:19.733063] INFO: Received headers - MPI-Rank: 317, Group-ID: 1, Job-ID: 1, Sub-Job-ID: 318, Rank-Count: 512
[2025-01-31 16:48:21.570188] INFO: Receive loop #1 received 16384 bytes in 3613.105000ms
[2025-01-31 16:48:24.143899] INFO: Receive loop #2 received 16384 bytes in 0.021000ms
[2025-01-31 16:48:26.643046] INFO: Receive loop #3 received 16384 bytes in 0.083000ms
[2025-01-31 16:48:29.234092] INFO: Receive loop #4 received 16384 bytes in 0.112000ms
[2025-01-31 16:48:31.238462] INFO: Receive loop #5 received 16384 bytes in 0.035000ms
[2025-01-31 16:48:33.647774] INFO: Receive loop #6 received 16384 bytes in 0.029000ms
[2025-01-31 16:48:35.725677] INFO: Receive loop #7 received 16384 bytes in 0.007000ms
[2025-01-31 16:48:37.905803] INFO: Receive loop #8 received 16384 bytes in 0.273000ms
[2025-01-31 16:48:39.338778] INFO: Receive loop #9 received 16384 bytes in 0.032000ms
[2025-01-31 16:48:42.599016] INFO: Receive loop #10 received 16384 bytes in 0.030000ms
[2025-01-31 16:48:44.184881] INFO: Receive loop #11 received 16384 bytes in 0.013000ms
[2025-01-31 16:48:46.100766] INFO: Receive loop #12 received 7665 bytes in 0.019000ms
[2025-01-31 16:48:47.544754] INFO: Response received in 29223.385000ms
[2025-01-31 16:48:49.428441] INFO: File saved in 0.261000ms
[2025-01-31 16:48:50.999560] INFO: File saved to: /home/vc/kurotaka/objects/temp_254
[2025-01-31 16:48:53.434915] INFO: Execution permission granted to: /home/vc/kurotaka/objects/temp_254
[2025-01-31 16:48:55.095516] INFO: Executing command: /home/vc/kurotaka/objects/temp_254 317 512 1
[2025-01-31 16:49:26.351941] INFO: Command executed in 30212.108000ms
[2025-01-31 16:49:28.589456] INFO: Result saved to: /home/vc/kurotaka/results/result_254
[2025-01-31 16:49:32.189409] INFO: Second connection established in 0.196000ms
[2025-01-31 16:49:35.243963] INFO: Sending result upload request
[2025-01-31 16:49:38.947618] INFO: Second request sent in 0.026000ms
[2025-01-31 16:49:42.899299] INFO: Result uploaded in 0.011000ms
[2025-01-31 16:49:45.755115] INFO: Process completed successfully. Total execution time in 2m 3798.924000ms

