
[2025-01-31 16:48:33.034713] INFO: Process started with ID: 83
[2025-01-31 16:48:35.182663] INFO: First connection established in 0.150000ms
[2025-01-31 16:48:37.316441] INFO: Sending request: GET /http_server/send-object.php?ID=83 HTTP/1.1
Host: 192.168.100.3
Connection: close


[2025-01-31 16:48:38.995527] INFO: First request sent in 0.034000ms
[2025-01-31 16:48:40.603450] INFO: Time from request to first response in 0.033000ms
[2025-01-31 16:48:42.863607] INFO: Received headers - MPI-Rank: 451, Group-ID: 1, Job-ID: 1, Sub-Job-ID: 452, Rank-Count: 512
[2025-01-31 16:48:44.386230] INFO: Receive loop #1 received 16384 bytes in 3318.595000ms
[2025-01-31 16:48:46.239824] INFO: Receive loop #2 received 16384 bytes in 0.067000ms
[2025-01-31 16:48:47.700390] INFO: Receive loop #3 received 16384 bytes in 0.082000ms
[2025-01-31 16:48:49.428115] INFO: Receive loop #4 received 16384 bytes in 0.143000ms
[2025-01-31 16:48:50.999720] INFO: Receive loop #5 received 16384 bytes in 0.038000ms
[2025-01-31 16:48:51.930604] INFO: Receive loop #6 received 16384 bytes in 0.029000ms
[2025-01-31 16:48:53.585302] INFO: Receive loop #7 received 16384 bytes in 0.009000ms
[2025-01-31 16:48:55.511996] INFO: Receive loop #8 received 16384 bytes in 0.197000ms
[2025-01-31 16:48:56.434627] INFO: Receive loop #9 received 16384 bytes in 0.031000ms
[2025-01-31 16:48:57.618925] INFO: Receive loop #10 received 16384 bytes in 0.033000ms
[2025-01-31 16:48:59.120963] INFO: Receive loop #11 received 16384 bytes in 0.029000ms
[2025-01-31 16:49:00.772715] INFO: Receive loop #12 received 7665 bytes in 0.019000ms
[2025-01-31 16:49:01.660169] INFO: Response received in 21342.498000ms
[2025-01-31 16:49:02.954271] INFO: File saved in 0.240000ms
[2025-01-31 16:49:03.990368] INFO: File saved to: /home/vc/kurotaka/objects/temp_83
[2025-01-31 16:49:05.958079] INFO: Execution permission granted to: /home/vc/kurotaka/objects/temp_83
[2025-01-31 16:49:06.844672] INFO: Executing command: /home/vc/kurotaka/objects/temp_83 451 512 1
[2025-01-31 16:49:32.532607] INFO: Command executed in 24229.003000ms
[2025-01-31 16:49:35.089169] INFO: Result saved to: /home/vc/kurotaka/results/result_83
[2025-01-31 16:49:38.329342] INFO: Second connection established in 0.195000ms
[2025-01-31 16:49:42.189512] INFO: Sending result upload request
[2025-01-31 16:49:46.370049] INFO: Second request sent in 0.004000ms
[2025-01-31 16:49:49.893713] INFO: Result uploaded in 0.010000ms
[2025-01-31 16:49:51.137673] INFO: Process completed successfully. Total execution time in 2m 9907.365000ms

