
[2025-01-31 16:47:45.737047] INFO: Process started with ID: 452
[2025-01-31 16:47:47.015590] INFO: First connection established in 0.224000ms
[2025-01-31 16:47:48.245613] INFO: Sending request: GET /http_server/send-object.php?ID=452 HTTP/1.1
Host: 192.168.100.3
Connection: close


[2025-01-31 16:47:49.354925] INFO: First request sent in 0.034000ms
[2025-01-31 16:47:50.481383] INFO: Time from request to first response in 0.029000ms
[2025-01-31 16:47:51.535264] INFO: Received headers - MPI-Rank: 124, Group-ID: 1, Job-ID: 1, Sub-Job-ID: 125, Rank-Count: 512
[2025-01-31 16:47:52.587408] INFO: Receive loop #1 received 16384 bytes in 2206.357000ms
[2025-01-31 16:47:54.192433] INFO: Receive loop #2 received 16384 bytes in 0.061000ms
[2025-01-31 16:47:56.124632] INFO: Receive loop #3 received 16384 bytes in 0.094000ms
[2025-01-31 16:47:58.478128] INFO: Receive loop #4 received 16384 bytes in 0.144000ms
[2025-01-31 16:48:00.192954] INFO: Receive loop #5 received 16384 bytes in 0.030000ms
[2025-01-31 16:48:01.665311] INFO: Receive loop #6 received 16384 bytes in 0.035000ms
[2025-01-31 16:48:03.700278] INFO: Receive loop #7 received 16384 bytes in 0.028000ms
[2025-01-31 16:48:05.972423] INFO: Receive loop #8 received 16384 bytes in 0.281000ms
[2025-01-31 16:48:08.301698] INFO: Receive loop #9 received 16384 bytes in 0.035000ms
[2025-01-31 16:48:10.589709] INFO: Receive loop #10 received 16384 bytes in 0.043000ms
[2025-01-31 16:48:11.855360] INFO: Receive loop #11 received 16384 bytes in 0.005000ms
[2025-01-31 16:48:13.628851] INFO: Receive loop #12 received 7665 bytes in 0.007000ms
[2025-01-31 16:48:15.348379] INFO: Response received in 24496.749000ms
[2025-01-31 16:48:17.433364] INFO: File saved in 0.527000ms
[2025-01-31 16:48:19.215173] INFO: File saved to: /home/vc/kurotaka/objects/temp_452
[2025-01-31 16:48:21.128726] INFO: Execution permission granted to: /home/vc/kurotaka/objects/temp_452
[2025-01-31 16:48:23.976976] INFO: Executing command: /home/vc/kurotaka/objects/temp_452 124 512 1
[2025-01-31 16:49:22.847455] INFO: Command executed in 57018.658000ms
[2025-01-31 16:49:24.422484] INFO: Result saved to: /home/vc/kurotaka/results/result_452
[2025-01-31 16:49:26.290069] INFO: Second connection established in 0.473000ms
[2025-01-31 16:49:28.589754] INFO: Sending result upload request
[2025-01-31 16:49:32.431987] INFO: Second request sent in 0.030000ms
[2025-01-31 16:49:35.526054] INFO: Result uploaded in 0.057000ms
[2025-01-31 16:49:39.404392] INFO: Process completed successfully. Total execution time in 1m 57261.556000ms

