
[2025-01-31 16:47:55.772487] INFO: Process started with ID: 233
[2025-01-31 16:47:58.260874] INFO: First connection established in 0.235000ms
[2025-01-31 16:47:59.872297] INFO: Sending request: GET /http_server/send-object.php?ID=233 HTTP/1.1
Host: 192.168.100.3
Connection: close


[2025-01-31 16:48:01.185169] INFO: First request sent in 0.034000ms
[2025-01-31 16:48:03.240097] INFO: Time from request to first response in 0.030000ms
[2025-01-31 16:48:05.544417] INFO: Received headers - MPI-Rank: 224, Group-ID: 1, Job-ID: 1, Sub-Job-ID: 225, Rank-Count: 512
[2025-01-31 16:48:07.928277] INFO: Receive loop #1 received 16384 bytes in 4637.818000ms
[2025-01-31 16:48:10.205591] INFO: Receive loop #2 received 16384 bytes in 0.063000ms
[2025-01-31 16:48:11.497138] INFO: Receive loop #3 received 16384 bytes in 0.015000ms
[2025-01-31 16:48:12.896326] INFO: Receive loop #4 received 16384 bytes in 0.141000ms
[2025-01-31 16:48:14.549839] INFO: Receive loop #5 received 16384 bytes in 0.035000ms
[2025-01-31 16:48:16.337713] INFO: Receive loop #6 received 16384 bytes in 0.034000ms
[2025-01-31 16:48:18.254486] INFO: Receive loop #7 received 16384 bytes in 0.029000ms
[2025-01-31 16:48:19.992825] INFO: Receive loop #8 received 16384 bytes in 0.085000ms
[2025-01-31 16:48:22.011555] INFO: Receive loop #9 received 16384 bytes in 0.011000ms
[2025-01-31 16:48:24.523494] INFO: Receive loop #10 received 16384 bytes in 0.028000ms
[2025-01-31 16:48:27.136938] INFO: Receive loop #11 received 16384 bytes in 0.039000ms
[2025-01-31 16:48:29.639551] INFO: Receive loop #12 received 7665 bytes in 0.010000ms
[2025-01-31 16:48:31.790702] INFO: Response received in 28669.269000ms
[2025-01-31 16:48:34.195196] INFO: File saved in 0.203000ms
[2025-01-31 16:48:36.518068] INFO: File saved to: /home/vc/kurotaka/objects/temp_233
[2025-01-31 16:48:38.543192] INFO: Execution permission granted to: /home/vc/kurotaka/objects/temp_233
[2025-01-31 16:48:40.096513] INFO: Executing command: /home/vc/kurotaka/objects/temp_233 224 512 1
[2025-01-31 16:49:22.333913] INFO: Command executed in 40857.212000ms
[2025-01-31 16:49:23.788301] INFO: Result saved to: /home/vc/kurotaka/results/result_233
[2025-01-31 16:49:25.466459] INFO: Second connection established in 0.178000ms
[2025-01-31 16:49:27.263924] INFO: Sending result upload request
[2025-01-31 16:49:30.615012] INFO: Second request sent in 0.026000ms
[2025-01-31 16:49:34.106697] INFO: Result uploaded in 0.026000ms
[2025-01-31 16:49:36.910885] INFO: Process completed successfully. Total execution time in 1m 54725.310000ms

