
[2025-01-31 16:48:24.075954] INFO: Process started with ID: 429
[2025-01-31 16:48:26.612623] INFO: First connection established in 0.295000ms
[2025-01-31 16:48:29.068534] INFO: Sending request: GET /http_server/send-object.php?ID=429 HTTP/1.1
Host: 192.168.100.3
Connection: close


[2025-01-31 16:48:31.143093] INFO: First request sent in 0.041000ms
[2025-01-31 16:48:33.566962] INFO: Time from request to first response in 0.037000ms
[2025-01-31 16:48:35.551537] INFO: Received headers - MPI-Rank: 404, Group-ID: 1, Job-ID: 1, Sub-Job-ID: 405, Rank-Count: 512
[2025-01-31 16:48:37.558607] INFO: Receive loop #1 received 16384 bytes in 4240.426000ms
[2025-01-31 16:48:39.068153] INFO: Receive loop #2 received 16384 bytes in 0.063000ms
[2025-01-31 16:48:40.840412] INFO: Receive loop #3 received 16384 bytes in 0.082000ms
[2025-01-31 16:48:42.947605] INFO: Receive loop #4 received 16384 bytes in 0.020000ms
[2025-01-31 16:48:44.536631] INFO: Receive loop #5 received 16384 bytes in 0.006000ms
[2025-01-31 16:48:46.819352] INFO: Receive loop #6 received 16384 bytes in 0.005000ms
[2025-01-31 16:48:47.820849] INFO: Receive loop #7 received 16384 bytes in 0.038000ms
[2025-01-31 16:48:49.794062] INFO: Receive loop #8 received 16384 bytes in 0.249000ms
[2025-01-31 16:48:51.512275] INFO: Receive loop #9 received 16384 bytes in 0.018000ms
[2025-01-31 16:48:53.124400] INFO: Receive loop #10 received 16384 bytes in 0.006000ms
[2025-01-31 16:48:54.382016] INFO: Receive loop #11 received 16384 bytes in 0.007000ms
[2025-01-31 16:48:55.615571] INFO: Receive loop #12 received 7665 bytes in 0.020000ms
[2025-01-31 16:48:56.378107] INFO: Response received in 23606.634000ms
[2025-01-31 16:48:57.202741] INFO: File saved in 0.432000ms
[2025-01-31 16:48:58.843204] INFO: File saved to: /home/vc/kurotaka/objects/temp_429
[2025-01-31 16:49:01.225126] INFO: Execution permission granted to: /home/vc/kurotaka/objects/temp_429
[2025-01-31 16:49:02.737272] INFO: Executing command: /home/vc/kurotaka/objects/temp_429 404 512 1
[2025-01-31 16:49:22.981738] INFO: Command executed in 19712.911000ms
[2025-01-31 16:49:24.653776] INFO: Result saved to: /home/vc/kurotaka/results/result_429
[2025-01-31 16:49:26.475324] INFO: Second connection established in 0.288000ms
[2025-01-31 16:49:29.084564] INFO: Sending result upload request
[2025-01-31 16:49:32.813896] INFO: Second request sent in 0.027000ms
[2025-01-31 16:49:35.813133] INFO: Result uploaded in 0.058000ms
[2025-01-31 16:49:40.110928] INFO: Process completed successfully. Total execution time in 1m 57687.651000ms

