
[2025-01-31 16:48:05.841291] INFO: Process started with ID: 170
[2025-01-31 16:48:08.242871] INFO: First connection established in 0.235000ms
[2025-01-31 16:48:10.546607] INFO: Sending request: GET /http_server/send-object.php?ID=170 HTTP/1.1
Host: 192.168.100.3
Connection: close


[2025-01-31 16:48:11.783948] INFO: First request sent in 0.020000ms
[2025-01-31 16:48:13.298579] INFO: Time from request to first response in 0.030000ms
[2025-01-31 16:48:14.933527] INFO: Received headers - MPI-Rank: 288, Group-ID: 1, Job-ID: 1, Sub-Job-ID: 289, Rank-Count: 512
[2025-01-31 16:48:16.887610] INFO: Receive loop #1 received 16384 bytes in 3325.913000ms
[2025-01-31 16:48:18.907637] INFO: Receive loop #2 received 16384 bytes in 0.029000ms
[2025-01-31 16:48:20.720907] INFO: Receive loop #3 received 16384 bytes in 0.015000ms
[2025-01-31 16:48:22.862403] INFO: Receive loop #4 received 16384 bytes in 0.112000ms
[2025-01-31 16:48:25.096486] INFO: Receive loop #5 received 16384 bytes in 0.026000ms
[2025-01-31 16:48:27.607070] INFO: Receive loop #6 received 16384 bytes in 0.041000ms
[2025-01-31 16:48:29.969821] INFO: Receive loop #7 received 16384 bytes in 0.030000ms
[2025-01-31 16:48:32.109958] INFO: Receive loop #8 received 16384 bytes in 0.073000ms
[2025-01-31 16:48:34.511224] INFO: Receive loop #9 received 16384 bytes in 0.031000ms
[2025-01-31 16:48:36.781391] INFO: Receive loop #10 received 16384 bytes in 0.014000ms
[2025-01-31 16:48:38.632426] INFO: Receive loop #11 received 16384 bytes in 0.006000ms
[2025-01-31 16:48:40.214877] INFO: Receive loop #12 received 7665 bytes in 0.019000ms
[2025-01-31 16:48:42.745947] INFO: Response received in 28599.706000ms
[2025-01-31 16:48:44.366381] INFO: File saved in 0.467000ms
[2025-01-31 16:48:46.123892] INFO: File saved to: /home/vc/kurotaka/objects/temp_170
[2025-01-31 16:48:48.503328] INFO: Execution permission granted to: /home/vc/kurotaka/objects/temp_170
[2025-01-31 16:48:50.439475] INFO: Executing command: /home/vc/kurotaka/objects/temp_170 288 512 1
[2025-01-31 16:49:34.001037] INFO: Command executed in 41533.442000ms
[2025-01-31 16:49:36.710628] INFO: Result saved to: /home/vc/kurotaka/results/result_170
[2025-01-31 16:49:40.852556] INFO: Second connection established in 0.129000ms
[2025-01-31 16:49:44.140981] INFO: Sending result upload request
[2025-01-31 16:49:46.513741] INFO: Second request sent in 0.004000ms
[2025-01-31 16:49:48.047068] INFO: Result uploaded in 0.011000ms
[2025-01-31 16:49:49.156045] INFO: Process completed successfully. Total execution time in 2m 8003.010000ms

