
[2025-01-31 16:48:35.182572] INFO: Process started with ID: 484
[2025-01-31 16:48:37.316822] INFO: First connection established in 0.185000ms
[2025-01-31 16:48:38.961913] INFO: Sending request: GET /http_server/send-object.php?ID=484 HTTP/1.1
Host: 192.168.100.3
Connection: close


[2025-01-31 16:48:40.662034] INFO: First request sent in 0.039000ms
[2025-01-31 16:48:42.885056] INFO: Time from request to first response in 0.031000ms
[2025-01-31 16:48:44.269432] INFO: Received headers - MPI-Rank: 464, Group-ID: 1, Job-ID: 1, Sub-Job-ID: 465, Rank-Count: 512
[2025-01-31 16:48:45.267133] INFO: Receive loop #1 received 16384 bytes in 3297.138000ms
[2025-01-31 16:48:47.313744] INFO: Receive loop #2 received 16384 bytes in 0.069000ms
[2025-01-31 16:48:49.342474] INFO: Receive loop #3 received 16384 bytes in 0.108000ms
[2025-01-31 16:48:50.513432] INFO: Receive loop #4 received 16384 bytes in 0.118000ms
[2025-01-31 16:48:51.860230] INFO: Receive loop #5 received 16384 bytes in 0.030000ms
[2025-01-31 16:48:53.435674] INFO: Receive loop #6 received 16384 bytes in 0.030000ms
[2025-01-31 16:48:54.751845] INFO: Receive loop #7 received 16384 bytes in 0.030000ms
[2025-01-31 16:48:55.726706] INFO: Receive loop #8 received 16384 bytes in 0.251000ms
[2025-01-31 16:48:56.701042] INFO: Receive loop #9 received 16384 bytes in 0.034000ms
[2025-01-31 16:48:57.835537] INFO: Receive loop #10 received 16384 bytes in 0.005000ms
[2025-01-31 16:48:59.584819] INFO: Receive loop #11 received 16384 bytes in 0.006000ms
[2025-01-31 16:49:01.256041] INFO: Receive loop #12 received 7665 bytes in 0.019000ms
[2025-01-31 16:49:02.688691] INFO: Response received in 20234.944000ms
[2025-01-31 16:49:03.266544] INFO: File saved in 0.240000ms
[2025-01-31 16:49:04.384198] INFO: File saved to: /home/vc/kurotaka/objects/temp_484
[2025-01-31 16:49:06.196449] INFO: Execution permission granted to: /home/vc/kurotaka/objects/temp_484
[2025-01-31 16:49:07.581488] INFO: Executing command: /home/vc/kurotaka/objects/temp_484 464 512 1
[2025-01-31 16:49:26.078057] INFO: Command executed in 17488.325000ms
[2025-01-31 16:49:28.155341] INFO: Result saved to: /home/vc/kurotaka/results/result_484
[2025-01-31 16:49:31.959373] INFO: Second connection established in 0.165000ms
[2025-01-31 16:49:35.109592] INFO: Sending result upload request
[2025-01-31 16:49:38.820614] INFO: Second request sent in 0.025000ms
[2025-01-31 16:49:42.899621] INFO: Result uploaded in 0.013000ms
[2025-01-31 16:49:46.177363] INFO: Process completed successfully. Total execution time in 2m 4002.899000ms

