
[2025-01-31 17:10:17.412071] INFO: Process started with ID: 332
[2025-01-31 17:10:19.421829] INFO: First connection established in 0.227000ms
[2025-01-31 17:10:21.686318] INFO: Sending request: GET /http_server/send-object.php?ID=332 HTTP/1.1
Host: 192.168.100.3
Connection: close


[2025-01-31 17:10:23.888768] INFO: First request sent in 0.034000ms
[2025-01-31 17:10:26.156564] INFO: Time from request to first response in 0.031000ms
[2025-01-31 17:10:28.612692] INFO: Received headers - MPI-Rank: 328, Group-ID: 1, Job-ID: 1, Sub-Job-ID: 329, Rank-Count: 512
[2025-01-31 17:10:30.599993] INFO: Receive loop #1 received 16384 bytes in 4280.864000ms
[2025-01-31 17:10:33.109832] INFO: Receive loop #2 received 16384 bytes in 0.061000ms
[2025-01-31 17:10:35.714171] INFO: Receive loop #3 received 16384 bytes in 0.070000ms
[2025-01-31 17:10:38.139150] INFO: Receive loop #4 received 16384 bytes in 0.139000ms
[2025-01-31 17:10:40.503350] INFO: Receive loop #5 received 16384 bytes in 0.009000ms
[2025-01-31 17:10:42.860431] INFO: Receive loop #6 received 16384 bytes in 0.007000ms
[2025-01-31 17:10:45.582394] INFO: Receive loop #7 received 16384 bytes in 0.038000ms
[2025-01-31 17:10:47.962868] INFO: Receive loop #8 received 16384 bytes in 0.251000ms
[2025-01-31 17:10:50.349157] INFO: Receive loop #9 received 16384 bytes in 0.012000ms
[2025-01-31 17:10:52.495205] INFO: Receive loop #10 received 16384 bytes in 0.030000ms
[2025-01-31 17:10:55.022076] INFO: Receive loop #11 received 16384 bytes in 0.004000ms
[2025-01-31 17:10:56.527465] INFO: Receive loop #12 received 7665 bytes in 0.004000ms
[2025-01-31 17:10:58.788302] INFO: Response received in 31929.972000ms
[2025-01-31 17:11:00.266597] INFO: File saved in 0.086000ms
[2025-01-31 17:11:02.242877] INFO: File saved to: /home/vc/kurotaka/objects/temp_332
[2025-01-31 17:11:05.474357] INFO: Execution permission granted to: /home/vc/kurotaka/objects/temp_332
[2025-01-31 17:11:07.428906] INFO: Executing command: /home/vc/kurotaka/objects/temp_332 328 512 1
[2025-01-31 17:11:58.981611] INFO: Command executed in 48905.267000ms
[2025-01-31 17:12:04.023080] INFO: Result saved to: /home/vc/kurotaka/results/result_332
[2025-01-31 17:12:08.872730] INFO: Second connection established in 0.232000ms
[2025-01-31 17:12:13.156394] INFO: Sending result upload request
[2025-01-31 17:12:16.240090] INFO: Second request sent in 0.004000ms
[2025-01-31 17:12:18.958769] INFO: Result uploaded in 0.012000ms
[2025-01-31 17:12:20.316040] INFO: Process completed successfully. Total execution time in 2m 36037.572000ms

