
[2025-01-31 17:10:21.747659] INFO: Process started with ID: 119
[2025-01-31 17:10:23.928988] INFO: First connection established in 0.190000ms
[2025-01-31 17:10:26.156938] INFO: Sending request: GET /http_server/send-object.php?ID=119 HTTP/1.1
Host: 192.168.100.3
Connection: close


[2025-01-31 17:10:28.612777] INFO: First request sent in 0.033000ms
[2025-01-31 17:10:30.600411] INFO: Time from request to first response in 0.030000ms
[2025-01-31 17:10:32.945656] INFO: Received headers - MPI-Rank: 359, Group-ID: 1, Job-ID: 1, Sub-Job-ID: 360, Rank-Count: 512
[2025-01-31 17:10:35.538746] INFO: Receive loop #1 received 16384 bytes in 4916.220000ms
[2025-01-31 17:10:38.032887] INFO: Receive loop #2 received 16384 bytes in 0.061000ms
[2025-01-31 17:10:40.317100] INFO: Receive loop #3 received 16384 bytes in 0.099000ms
[2025-01-31 17:10:42.668663] INFO: Receive loop #4 received 16384 bytes in 0.146000ms
[2025-01-31 17:10:45.409869] INFO: Receive loop #5 received 16384 bytes in 0.031000ms
[2025-01-31 17:10:47.353643] INFO: Receive loop #6 received 16384 bytes in 0.054000ms
[2025-01-31 17:10:50.766511] INFO: Receive loop #7 received 16384 bytes in 0.036000ms
[2025-01-31 17:10:53.304492] INFO: Receive loop #8 received 16384 bytes in 0.248000ms
[2025-01-31 17:10:55.408817] INFO: Receive loop #9 received 16384 bytes in 0.031000ms
[2025-01-31 17:10:57.730110] INFO: Receive loop #10 received 16384 bytes in 0.028000ms
[2025-01-31 17:10:59.567636] INFO: Receive loop #11 received 16384 bytes in 0.033000ms
[2025-01-31 17:11:01.281243] INFO: Receive loop #12 received 7665 bytes in 0.004000ms
[2025-01-31 17:11:03.182707] INFO: Response received in 32105.012000ms
[2025-01-31 17:11:04.774626] INFO: File saved in 0.102000ms
[2025-01-31 17:11:06.158051] INFO: File saved to: /home/vc/kurotaka/objects/temp_119
[2025-01-31 17:11:08.821106] INFO: Execution permission granted to: /home/vc/kurotaka/objects/temp_119
[2025-01-31 17:11:10.514936] INFO: Executing command: /home/vc/kurotaka/objects/temp_119 359 512 1
[2025-01-31 17:11:43.505101] INFO: Command executed in 31304.354000ms
[2025-01-31 17:11:45.101227] INFO: Result saved to: /home/vc/kurotaka/results/result_119
[2025-01-31 17:11:47.013081] INFO: Second connection established in 0.180000ms
[2025-01-31 17:11:49.982354] INFO: Sending result upload request
[2025-01-31 17:11:53.408478] INFO: Second request sent in 0.027000ms
[2025-01-31 17:11:57.217588] INFO: Result uploaded in 0.055000ms
[2025-01-31 17:12:02.583604] INFO: Process completed successfully. Total execution time in 2m 16479.611000ms

