
[2025-01-31 17:10:29.277712] INFO: Process started with ID: 451
[2025-01-31 17:10:31.636191] INFO: First connection established in 0.234000ms
[2025-01-31 17:10:34.423083] INFO: Sending request: GET /http_server/send-object.php?ID=451 HTTP/1.1
Host: 192.168.100.3
Connection: close


[2025-01-31 17:10:37.399161] INFO: First request sent in 0.036000ms
[2025-01-31 17:10:39.896631] INFO: Time from request to first response in 0.033000ms
[2025-01-31 17:10:41.852994] INFO: Received headers - MPI-Rank: 399, Group-ID: 1, Job-ID: 1, Sub-Job-ID: 400, Rank-Count: 512
[2025-01-31 17:10:44.131238] INFO: Receive loop #1 received 16384 bytes in 4654.633000ms
[2025-01-31 17:10:46.620646] INFO: Receive loop #2 received 16384 bytes in 0.075000ms
[2025-01-31 17:10:49.435671] INFO: Receive loop #3 received 16384 bytes in 0.078000ms
[2025-01-31 17:10:52.203698] INFO: Receive loop #4 received 16384 bytes in 0.122000ms
[2025-01-31 17:10:54.294517] INFO: Receive loop #5 received 16384 bytes in 0.028000ms
[2025-01-31 17:10:56.084544] INFO: Receive loop #6 received 16384 bytes in 0.015000ms
[2025-01-31 17:10:58.440949] INFO: Receive loop #7 received 16384 bytes in 0.030000ms
[2025-01-31 17:11:00.221034] INFO: Receive loop #8 received 16384 bytes in 0.263000ms
[2025-01-31 17:11:02.261891] INFO: Receive loop #9 received 16384 bytes in 0.010000ms
[2025-01-31 17:11:03.826615] INFO: Receive loop #10 received 16384 bytes in 0.036000ms
[2025-01-31 17:11:05.877414] INFO: Receive loop #11 received 16384 bytes in 0.039000ms
[2025-01-31 17:11:07.670375] INFO: Receive loop #12 received 7665 bytes in 0.022000ms
[2025-01-31 17:11:09.577179] INFO: Response received in 30427.589000ms
[2025-01-31 17:11:11.166172] INFO: File saved in 0.456000ms
[2025-01-31 17:11:12.762345] INFO: File saved to: /home/vc/kurotaka/objects/temp_451
[2025-01-31 17:11:14.424381] INFO: Execution permission granted to: /home/vc/kurotaka/objects/temp_451
[2025-01-31 17:11:15.877999] INFO: Executing command: /home/vc/kurotaka/objects/temp_451 399 512 1
[2025-01-31 17:11:44.591018] INFO: Command executed in 27824.696000ms
[2025-01-31 17:11:46.684310] INFO: Result saved to: /home/vc/kurotaka/results/result_451
[2025-01-31 17:11:49.867903] INFO: Second connection established in 0.230000ms
[2025-01-31 17:11:53.788963] INFO: Sending result upload request
[2025-01-31 17:11:57.696204] INFO: Second request sent in 0.026000ms
[2025-01-31 17:12:03.247870] INFO: Result uploaded in 0.056000ms
[2025-01-31 17:12:07.902762] INFO: Process completed successfully. Total execution time in 2m 22797.323000ms

