
[2025-01-31 17:09:50.377207] INFO: Process started with ID: 25
[2025-01-31 17:09:51.832030] INFO: First connection established in 0.191000ms
[2025-01-31 17:09:52.823637] INFO: Sending request: GET /http_server/send-object.php?ID=25 HTTP/1.1
Host: 192.168.100.3
Connection: close


[2025-01-31 17:09:54.546956] INFO: First request sent in 0.033000ms
[2025-01-31 17:09:56.016616] INFO: Time from request to first response in 0.029000ms
[2025-01-31 17:09:57.619970] INFO: Received headers - MPI-Rank: 162, Group-ID: 1, Job-ID: 1, Sub-Job-ID: 163, Rank-Count: 512
[2025-01-31 17:09:59.470786] INFO: Receive loop #1 received 16384 bytes in 3534.711000ms
[2025-01-31 17:10:01.775667] INFO: Receive loop #2 received 16384 bytes in 0.074000ms
[2025-01-31 17:10:03.879103] INFO: Receive loop #3 received 16384 bytes in 0.078000ms
[2025-01-31 17:10:06.183789] INFO: Receive loop #4 received 16384 bytes in 0.113000ms
[2025-01-31 17:10:08.470786] INFO: Receive loop #5 received 16384 bytes in 0.028000ms
[2025-01-31 17:10:10.754306] INFO: Receive loop #6 received 16384 bytes in 0.029000ms
[2025-01-31 17:10:13.314339] INFO: Receive loop #7 received 16384 bytes in 0.031000ms
[2025-01-31 17:10:15.497374] INFO: Receive loop #8 received 16384 bytes in 0.050000ms
[2025-01-31 17:10:18.185589] INFO: Receive loop #9 received 16384 bytes in 0.005000ms
[2025-01-31 17:10:20.361049] INFO: Receive loop #10 received 16384 bytes in 0.006000ms
[2025-01-31 17:10:22.563409] INFO: Receive loop #11 received 16384 bytes in 0.028000ms
[2025-01-31 17:10:24.483570] INFO: Receive loop #12 received 7665 bytes in 0.006000ms
[2025-01-31 17:10:26.583611] INFO: Response received in 30777.913000ms
[2025-01-31 17:10:29.108680] INFO: File saved in 0.117000ms
[2025-01-31 17:10:31.294510] INFO: File saved to: /home/vc/kurotaka/objects/temp_25
[2025-01-31 17:10:34.174745] INFO: Execution permission granted to: /home/vc/kurotaka/objects/temp_25
[2025-01-31 17:10:36.424280] INFO: Executing command: /home/vc/kurotaka/objects/temp_25 162 512 1
[2025-01-31 17:11:52.873214] INFO: Command executed in 1m 13444.023000ms
[2025-01-31 17:11:56.091894] INFO: Result saved to: /home/vc/kurotaka/results/result_25
[2025-01-31 17:12:00.635279] INFO: Second connection established in 0.185000ms
[2025-01-31 17:12:06.418705] INFO: Sending result upload request
[2025-01-31 17:12:10.344119] INFO: Second request sent in 0.029000ms
[2025-01-31 17:12:15.010325] INFO: Result uploaded in 0.011000ms
[2025-01-31 17:12:18.263354] INFO: Process completed successfully. Total execution time in 2m 33928.575000ms

