
[2025-01-31 17:10:09.661347] INFO: Process started with ID: 318
[2025-01-31 17:10:11.995687] INFO: First connection established in 0.242000ms
[2025-01-31 17:10:15.019584] INFO: Sending request: GET /http_server/send-object.php?ID=318 HTTP/1.1
Host: 192.168.100.3
Connection: close


[2025-01-31 17:10:17.413516] INFO: First request sent in 0.028000ms
[2025-01-31 17:10:19.456155] INFO: Time from request to first response in 0.020000ms
[2025-01-31 17:10:21.688356] INFO: Received headers - MPI-Rank: 294, Group-ID: 1, Job-ID: 1, Sub-Job-ID: 295, Rank-Count: 512
[2025-01-31 17:10:23.929077] INFO: Receive loop #1 received 16384 bytes in 4527.875000ms
[2025-01-31 17:10:26.228942] INFO: Receive loop #2 received 16384 bytes in 0.016000ms
[2025-01-31 17:10:28.661137] INFO: Receive loop #3 received 16384 bytes in 0.090000ms
[2025-01-31 17:10:30.912116] INFO: Receive loop #4 received 16384 bytes in 0.136000ms
[2025-01-31 17:10:33.449909] INFO: Receive loop #5 received 16384 bytes in 0.029000ms
[2025-01-31 17:10:36.117150] INFO: Receive loop #6 received 16384 bytes in 0.037000ms
[2025-01-31 17:10:38.509757] INFO: Receive loop #7 received 16384 bytes in 0.029000ms
[2025-01-31 17:10:40.880945] INFO: Receive loop #8 received 16384 bytes in 0.297000ms
[2025-01-31 17:10:43.164316] INFO: Receive loop #9 received 16384 bytes in 0.032000ms
[2025-01-31 17:10:45.785963] INFO: Receive loop #10 received 16384 bytes in 0.039000ms
[2025-01-31 17:10:48.783421] INFO: Receive loop #11 received 16384 bytes in 0.029000ms
[2025-01-31 17:10:51.662408] INFO: Receive loop #12 received 7665 bytes in 0.019000ms
[2025-01-31 17:10:54.081605] INFO: Response received in 33411.478000ms
[2025-01-31 17:10:55.332761] INFO: File saved in 0.145000ms
[2025-01-31 17:10:56.837879] INFO: File saved to: /home/vc/kurotaka/objects/temp_318
[2025-01-31 17:11:00.266505] INFO: Execution permission granted to: /home/vc/kurotaka/objects/temp_318
[2025-01-31 17:11:02.242976] INFO: Executing command: /home/vc/kurotaka/objects/temp_318 294 512 1
[2025-01-31 17:11:44.384041] INFO: Command executed in 40755.424000ms
[2025-01-31 17:11:46.664575] INFO: Result saved to: /home/vc/kurotaka/results/result_318
[2025-01-31 17:11:49.090680] INFO: Second connection established in 0.244000ms
[2025-01-31 17:11:52.768702] INFO: Sending result upload request
[2025-01-31 17:11:55.868107] INFO: Second request sent in 0.028000ms
[2025-01-31 17:12:00.313037] INFO: Result uploaded in 0.056000ms
[2025-01-31 17:12:05.698445] INFO: Process completed successfully. Total execution time in 2m 20063.604000ms

