
[2025-01-31 17:10:30.013101] INFO: Process started with ID: 400
[2025-01-31 17:10:32.532624] INFO: First connection established in 0.170000ms
[2025-01-31 17:10:35.145568] INFO: Sending request: GET /http_server/send-object.php?ID=400 HTTP/1.1
Host: 192.168.100.3
Connection: close


[2025-01-31 17:10:37.759439] INFO: First request sent in 0.036000ms
[2025-01-31 17:10:40.159369] INFO: Time from request to first response in 0.036000ms
[2025-01-31 17:10:42.447621] INFO: Received headers - MPI-Rank: 403, Group-ID: 1, Job-ID: 1, Sub-Job-ID: 404, Rank-Count: 512
[2025-01-31 17:10:44.698994] INFO: Receive loop #1 received 16384 bytes in 4258.799000ms
[2025-01-31 17:10:46.791469] INFO: Receive loop #2 received 16384 bytes in 0.067000ms
[2025-01-31 17:10:49.589172] INFO: Receive loop #3 received 16384 bytes in 0.077000ms
[2025-01-31 17:10:52.309086] INFO: Receive loop #4 received 16384 bytes in 0.107000ms
[2025-01-31 17:10:54.992529] INFO: Receive loop #5 received 16384 bytes in 0.008000ms
[2025-01-31 17:10:56.496071] INFO: Receive loop #6 received 16384 bytes in 0.008000ms
[2025-01-31 17:10:58.478868] INFO: Receive loop #7 received 16384 bytes in 0.029000ms
[2025-01-31 17:11:00.266152] INFO: Receive loop #8 received 16384 bytes in 0.255000ms
[2025-01-31 17:11:02.242192] INFO: Receive loop #9 received 16384 bytes in 0.032000ms
[2025-01-31 17:11:03.776052] INFO: Receive loop #10 received 16384 bytes in 0.029000ms
[2025-01-31 17:11:05.831699] INFO: Receive loop #11 received 16384 bytes in 0.028000ms
[2025-01-31 17:11:07.524258] INFO: Receive loop #12 received 7665 bytes in 0.005000ms
[2025-01-31 17:11:09.337848] INFO: Response received in 29225.758000ms
[2025-01-31 17:11:10.920677] INFO: File saved in 0.341000ms
[2025-01-31 17:11:12.690755] INFO: File saved to: /home/vc/kurotaka/objects/temp_400
[2025-01-31 17:11:14.974557] INFO: Execution permission granted to: /home/vc/kurotaka/objects/temp_400
[2025-01-31 17:11:16.016551] INFO: Executing command: /home/vc/kurotaka/objects/temp_400 403 512 1
[2025-01-31 17:11:42.893908] INFO: Command executed in 26254.717000ms
[2025-01-31 17:11:44.489588] INFO: Result saved to: /home/vc/kurotaka/results/result_400
[2025-01-31 17:11:46.623384] INFO: Second connection established in 0.170000ms
[2025-01-31 17:11:49.736817] INFO: Sending result upload request
[2025-01-31 17:11:53.534547] INFO: Second request sent in 0.029000ms
[2025-01-31 17:11:57.548782] INFO: Result uploaded in 0.060000ms
[2025-01-31 17:12:03.158806] INFO: Process completed successfully. Total execution time in 2m 17249.621000ms

