
[2025-01-31 17:09:43.847017] INFO: Process started with ID: 0
[2025-01-31 17:09:43.996301] INFO: First connection established in 0.235000ms
[2025-01-31 17:09:44.215577] INFO: Sending request: GET /http_server/send-object.php?ID=0 HTTP/1.1
Host: 192.168.100.3
Connection: close


[2025-01-31 17:09:44.564022] INFO: First request sent in 0.032000ms
[2025-01-31 17:09:45.023809] INFO: Time from request to first response in 0.030000ms
[2025-01-31 17:09:45.752117] INFO: Received headers - MPI-Rank: 9, Group-ID: 1, Job-ID: 1, Sub-Job-ID: 10, Rank-Count: 512
[2025-01-31 17:09:46.204243] INFO: Receive loop #1 received 16384 bytes in 1133.975000ms
[2025-01-31 17:09:46.918734] INFO: Receive loop #2 received 16384 bytes in 0.059000ms
[2025-01-31 17:09:47.927366] INFO: Receive loop #3 received 16384 bytes in 0.093000ms
[2025-01-31 17:09:48.713617] INFO: Receive loop #4 received 16384 bytes in 0.110000ms
[2025-01-31 17:09:49.854253] INFO: Receive loop #5 received 16384 bytes in 0.030000ms
[2025-01-31 17:09:50.665822] INFO: Receive loop #6 received 16384 bytes in 0.005000ms
[2025-01-31 17:09:52.038872] INFO: Receive loop #7 received 16384 bytes in 0.037000ms
[2025-01-31 17:09:53.095647] INFO: Receive loop #8 received 16384 bytes in 0.243000ms
[2025-01-31 17:09:54.650199] INFO: Receive loop #9 received 16384 bytes in 0.030000ms
[2025-01-31 17:09:56.334485] INFO: Receive loop #10 received 16384 bytes in 0.029000ms
[2025-01-31 17:09:57.967903] INFO: Receive loop #11 received 16384 bytes in 0.028000ms
[2025-01-31 17:09:59.732064] INFO: Receive loop #12 received 7662 bytes in 0.018000ms
[2025-01-31 17:10:01.951254] INFO: Response received in 16614.520000ms
[2025-01-31 17:10:04.131226] INFO: File saved in 0.441000ms
[2025-01-31 17:10:06.553799] INFO: File saved to: /home/vc/kurotaka/objects/temp_0
[2025-01-31 17:10:08.916652] INFO: Execution permission granted to: /home/vc/kurotaka/objects/temp_0
[2025-01-31 17:10:11.159922] INFO: Executing command: /home/vc/kurotaka/objects/temp_0 9 512 1
[2025-01-31 17:11:50.365012] INFO: Command executed in 1m 36241.644000ms
[2025-01-31 17:11:53.714032] INFO: Result saved to: /home/vc/kurotaka/results/result_0
[2025-01-31 17:11:57.517273] INFO: Second connection established in 0.185000ms
[2025-01-31 17:12:03.046517] INFO: Sending result upload request
[2025-01-31 17:12:07.475261] INFO: Second request sent in 0.024000ms
[2025-01-31 17:12:12.392985] INFO: Result uploaded in 0.013000ms
[2025-01-31 17:12:15.108726] INFO: Process completed successfully. Total execution time in 2m 31034.131000ms

