
[2025-01-31 17:10:05.330169] INFO: Process started with ID: 294
[2025-01-31 17:10:07.643346] INFO: First connection established in 0.232000ms
[2025-01-31 17:10:10.181264] INFO: Sending request: GET /http_server/send-object.php?ID=294 HTTP/1.1
Host: 192.168.100.3
Connection: close


[2025-01-31 17:10:12.834218] INFO: First request sent in 0.035000ms
[2025-01-31 17:10:15.021435] INFO: Time from request to first response in 0.026000ms
[2025-01-31 17:10:17.414394] INFO: Received headers - MPI-Rank: 272, Group-ID: 1, Job-ID: 1, Sub-Job-ID: 273, Rank-Count: 512
[2025-01-31 17:10:19.484853] INFO: Receive loop #1 received 16384 bytes in 4644.150000ms
[2025-01-31 17:10:21.747361] INFO: Receive loop #2 received 16384 bytes in 0.059000ms
[2025-01-31 17:10:24.018060] INFO: Receive loop #3 received 16384 bytes in 0.104000ms
[2025-01-31 17:10:26.346537] INFO: Receive loop #4 received 16384 bytes in 0.109000ms
[2025-01-31 17:10:28.828068] INFO: Receive loop #5 received 16384 bytes in 0.028000ms
[2025-01-31 17:10:31.203241] INFO: Receive loop #6 received 16384 bytes in 0.028000ms
[2025-01-31 17:10:34.174638] INFO: Receive loop #7 received 16384 bytes in 0.035000ms
[2025-01-31 17:10:36.510135] INFO: Receive loop #8 received 16384 bytes in 0.106000ms
[2025-01-31 17:10:38.815211] INFO: Receive loop #9 received 16384 bytes in 0.007000ms
[2025-01-31 17:10:41.076391] INFO: Receive loop #10 received 16384 bytes in 0.006000ms
[2025-01-31 17:10:43.280558] INFO: Receive loop #11 received 16384 bytes in 0.006000ms
[2025-01-31 17:10:45.893440] INFO: Receive loop #12 received 7665 bytes in 0.023000ms
[2025-01-31 17:10:48.935654] INFO: Response received in 32662.603000ms
[2025-01-31 17:10:51.743954] INFO: File saved in 0.458000ms
[2025-01-31 17:10:53.303340] INFO: File saved to: /home/vc/kurotaka/objects/temp_294
[2025-01-31 17:10:56.102840] INFO: Execution permission granted to: /home/vc/kurotaka/objects/temp_294
[2025-01-31 17:10:58.014535] INFO: Executing command: /home/vc/kurotaka/objects/temp_294 272 512 1
[2025-01-31 17:11:49.090722] INFO: Command executed in 49794.088000ms
[2025-01-31 17:11:52.821600] INFO: Result saved to: /home/vc/kurotaka/results/result_294
[2025-01-31 17:11:55.937724] INFO: Second connection established in 0.262000ms
[2025-01-31 17:12:00.349094] INFO: Sending result upload request
[2025-01-31 17:12:05.796852] INFO: Second request sent in 0.025000ms
[2025-01-31 17:12:09.902840] INFO: Result uploaded in 0.056000ms
[2025-01-31 17:12:14.839791] INFO: Process completed successfully. Total execution time in 2m 29180.658000ms

