
[2025-01-31 17:09:44.072484] INFO: Process started with ID: 488
[2025-01-31 17:09:44.262285] INFO: First connection established in 0.183000ms
[2025-01-31 17:09:44.645236] INFO: Sending request: GET /http_server/send-object.php?ID=488 HTTP/1.1
Host: 192.168.100.3
Connection: close


[2025-01-31 17:09:45.127262] INFO: First request sent in 0.033000ms
[2025-01-31 17:09:45.788222] INFO: Time from request to first response in 0.034000ms
[2025-01-31 17:09:46.223083] INFO: Received headers - MPI-Rank: 28, Group-ID: 1, Job-ID: 1, Sub-Job-ID: 29, Rank-Count: 512
[2025-01-31 17:09:47.016884] INFO: Receive loop #1 received 16384 bytes in 1059.870000ms
[2025-01-31 17:09:47.955082] INFO: Receive loop #2 received 16384 bytes in 0.062000ms
[2025-01-31 17:09:48.713626] INFO: Receive loop #3 received 16384 bytes in 0.077000ms
[2025-01-31 17:09:49.854197] INFO: Receive loop #4 received 16384 bytes in 0.110000ms
[2025-01-31 17:09:50.665691] INFO: Receive loop #5 received 16384 bytes in 0.035000ms
[2025-01-31 17:09:52.038761] INFO: Receive loop #6 received 16384 bytes in 0.029000ms
[2025-01-31 17:09:53.096220] INFO: Receive loop #7 received 16384 bytes in 0.036000ms
[2025-01-31 17:09:54.650212] INFO: Receive loop #8 received 16384 bytes in 0.243000ms
[2025-01-31 17:09:56.273461] INFO: Receive loop #9 received 16384 bytes in 0.028000ms
[2025-01-31 17:09:57.858547] INFO: Receive loop #10 received 16384 bytes in 0.031000ms
[2025-01-31 17:09:59.541406] INFO: Receive loop #11 received 16384 bytes in 0.027000ms
[2025-01-31 17:10:01.798034] INFO: Receive loop #12 received 7663 bytes in 0.023000ms
[2025-01-31 17:10:03.879529] INFO: Response received in 17306.645000ms
[2025-01-31 17:10:06.098012] INFO: File saved in 0.652000ms
[2025-01-31 17:10:08.293555] INFO: File saved to: /home/vc/kurotaka/objects/temp_488
[2025-01-31 17:10:10.682248] INFO: Execution permission granted to: /home/vc/kurotaka/objects/temp_488
[2025-01-31 17:10:13.314250] INFO: Executing command: /home/vc/kurotaka/objects/temp_488 28 512 1
[2025-01-31 17:11:51.896907] INFO: Command executed in 1m 35688.777000ms
[2025-01-31 17:11:55.607108] INFO: Result saved to: /home/vc/kurotaka/results/result_488
[2025-01-31 17:12:00.159247] INFO: Second connection established in 0.316000ms
[2025-01-31 17:12:05.596595] INFO: Sending result upload request
[2025-01-31 17:12:09.902936] INFO: Second request sent in 0.026000ms
[2025-01-31 17:12:14.838510] INFO: Result uploaded in 0.013000ms
[2025-01-31 17:12:17.703863] INFO: Process completed successfully. Total execution time in 2m 33150.326000ms

