
[2025-01-31 17:38:46.407494] INFO: Process started with ID: 32
[2025-01-31 17:38:47.426742] INFO: First connection established in 0.294000ms
[2025-01-31 17:38:48.328931] INFO: Sending request: GET /http_server/send-object.php?ID=32 HTTP/1.1
Host: 192.168.100.3
Connection: close


[2025-01-31 17:38:49.638987] INFO: First request sent in 0.033000ms
[2025-01-31 17:38:51.395024] INFO: Time from request to first response in 0.031000ms
[2025-01-31 17:38:53.057249] INFO: Received headers - MPI-Rank: 187, Group-ID: 1, Job-ID: 1, Sub-Job-ID: 188, Rank-Count: 256
[2025-01-31 17:38:54.964265] INFO: Receive loop #1 received 16384 bytes in 3823.690000ms
[2025-01-31 17:38:56.769137] INFO: Receive loop #2 received 16384 bytes in 0.061000ms
[2025-01-31 17:38:58.792286] INFO: Receive loop #3 received 16384 bytes in 0.108000ms
[2025-01-31 17:39:00.428633] INFO: Receive loop #4 received 16384 bytes in 0.139000ms
[2025-01-31 17:39:02.347359] INFO: Receive loop #5 received 16384 bytes in 0.030000ms
[2025-01-31 17:39:04.231501] INFO: Receive loop #6 received 16384 bytes in 0.035000ms
[2025-01-31 17:39:05.557575] INFO: Receive loop #7 received 16384 bytes in 0.040000ms
[2025-01-31 17:39:07.001227] INFO: Receive loop #8 received 16384 bytes in 0.274000ms
[2025-01-31 17:39:08.360381] INFO: Receive loop #9 received 16384 bytes in 0.008000ms
[2025-01-31 17:39:10.061110] INFO: Receive loop #10 received 16384 bytes in 0.036000ms
[2025-01-31 17:39:11.699503] INFO: Receive loop #11 received 16384 bytes in 0.036000ms
[2025-01-31 17:39:12.828438] INFO: Receive loop #12 received 7665 bytes in 0.023000ms
[2025-01-31 17:39:14.163052] INFO: Response received in 23023.741000ms
[2025-01-31 17:39:15.679080] INFO: File saved in 0.508000ms
[2025-01-31 17:39:16.559688] INFO: File saved to: /home/vc/kurotaka/objects/temp_32
[2025-01-31 17:39:18.727659] INFO: Execution permission granted to: /home/vc/kurotaka/objects/temp_32
[2025-01-31 17:39:19.275668] INFO: Executing command: /home/vc/kurotaka/objects/temp_32 187 256 1
[2025-01-31 17:39:25.745742] INFO: Command executed in 5823.968000ms
[2025-01-31 17:39:28.138434] INFO: Result saved to: /home/vc/kurotaka/results/result_32
[2025-01-31 17:39:30.794670] INFO: Second connection established in 0.167000ms
[2025-01-31 17:39:33.237744] INFO: Sending result upload request
[2025-01-31 17:39:34.705803] INFO: Second request sent in 0.026000ms
[2025-01-31 17:39:36.298921] INFO: Result uploaded in 0.054000ms
[2025-01-31 17:39:38.057377] INFO: Process completed successfully. Total execution time in 59141.407000ms

