
[2025-01-31 17:38:50.200056] INFO: Process started with ID: 175
[2025-01-31 17:38:51.993212] INFO: First connection established in 0.171000ms
[2025-01-31 17:38:53.902229] INFO: Sending request: GET /http_server/send-object.php?ID=175 HTTP/1.1
Host: 192.168.100.3
Connection: close


[2025-01-31 17:38:55.728616] INFO: First request sent in 0.033000ms
[2025-01-31 17:38:57.510347] INFO: Time from request to first response in 0.033000ms
[2025-01-31 17:38:59.409486] INFO: Received headers - MPI-Rank: 230, Group-ID: 1, Job-ID: 1, Sub-Job-ID: 231, Rank-Count: 256
[2025-01-31 17:39:01.553729] INFO: Receive loop #1 received 16384 bytes in 3749.779000ms
[2025-01-31 17:39:03.397632] INFO: Receive loop #2 received 16384 bytes in 0.014000ms
[2025-01-31 17:39:05.194281] INFO: Receive loop #3 received 16384 bytes in 0.092000ms
[2025-01-31 17:39:06.964423] INFO: Receive loop #4 received 16384 bytes in 0.024000ms
[2025-01-31 17:39:08.821556] INFO: Receive loop #5 received 16384 bytes in 0.077000ms
[2025-01-31 17:39:10.922245] INFO: Receive loop #6 received 16384 bytes in 0.010000ms
[2025-01-31 17:39:12.432179] INFO: Receive loop #7 received 16384 bytes in 0.051000ms
[2025-01-31 17:39:13.896224] INFO: Receive loop #8 received 16384 bytes in 0.100000ms
[2025-01-31 17:39:15.133963] INFO: Receive loop #9 received 16384 bytes in 0.038000ms
[2025-01-31 17:39:16.207088] INFO: Receive loop #10 received 16384 bytes in 0.005000ms
[2025-01-31 17:39:17.032628] INFO: Receive loop #11 received 16384 bytes in 0.030000ms
[2025-01-31 17:39:18.215682] INFO: Receive loop #12 received 7665 bytes in 0.010000ms
[2025-01-31 17:39:19.108151] INFO: Response received in 21923.030000ms
[2025-01-31 17:39:19.506686] INFO: File saved in 0.095000ms
[2025-01-31 17:39:19.929720] INFO: File saved to: /home/vc/kurotaka/objects/temp_175
[2025-01-31 17:39:20.324370] INFO: Execution permission granted to: /home/vc/kurotaka/objects/temp_175
[2025-01-31 17:39:20.654067] INFO: Executing command: /home/vc/kurotaka/objects/temp_175 230 256 1
[2025-01-31 17:39:27.770008] INFO: Command executed in 6617.815000ms
[2025-01-31 17:39:30.390703] INFO: Result saved to: /home/vc/kurotaka/results/result_175
[2025-01-31 17:39:32.342033] INFO: Second connection established in 0.162000ms
[2025-01-31 17:39:34.042824] INFO: Sending result upload request
[2025-01-31 17:39:35.976721] INFO: Second request sent in 0.026000ms
[2025-01-31 17:39:37.368732] INFO: Result uploaded in 0.055000ms
[2025-01-31 17:39:39.199125] INFO: Process completed successfully. Total execution time in 1m 615.876000ms

