
[2025-01-31 17:38:46.407208] INFO: Process started with ID: 129
[2025-01-31 17:38:47.357802] INFO: First connection established in 0.227000ms
[2025-01-31 17:38:48.298446] INFO: Sending request: GET /http_server/send-object.php?ID=129 HTTP/1.1
Host: 192.168.100.3
Connection: close


[2025-01-31 17:38:49.611759] INFO: First request sent in 0.028000ms
[2025-01-31 17:38:51.118097] INFO: Time from request to first response in 0.029000ms
[2025-01-31 17:38:52.845260] INFO: Received headers - MPI-Rank: 184, Group-ID: 1, Job-ID: 1, Sub-Job-ID: 185, Rank-Count: 256
[2025-01-31 17:38:54.825492] INFO: Receive loop #1 received 16384 bytes in 3802.689000ms
[2025-01-31 17:38:56.667074] INFO: Receive loop #2 received 16384 bytes in 0.122000ms
[2025-01-31 17:38:58.617846] INFO: Receive loop #3 received 16384 bytes in 0.104000ms
[2025-01-31 17:39:00.257585] INFO: Receive loop #4 received 16384 bytes in 0.137000ms
[2025-01-31 17:39:02.219183] INFO: Receive loop #5 received 16384 bytes in 0.049000ms
[2025-01-31 17:39:04.230978] INFO: Receive loop #6 received 16384 bytes in 0.038000ms
[2025-01-31 17:39:05.481171] INFO: Receive loop #7 received 16384 bytes in 0.038000ms
[2025-01-31 17:39:06.856247] INFO: Receive loop #8 received 16384 bytes in 0.376000ms
[2025-01-31 17:39:08.602668] INFO: Receive loop #9 received 16384 bytes in 0.022000ms
[2025-01-31 17:39:10.043621] INFO: Receive loop #10 received 16384 bytes in 0.005000ms
[2025-01-31 17:39:11.699020] INFO: Receive loop #11 received 16384 bytes in 0.030000ms
[2025-01-31 17:39:13.149202] INFO: Receive loop #12 received 7665 bytes in 0.020000ms
[2025-01-31 17:39:14.680172] INFO: Response received in 23301.490000ms
[2025-01-31 17:39:15.777132] INFO: File saved in 0.526000ms
[2025-01-31 17:39:16.509250] INFO: File saved to: /home/vc/kurotaka/objects/temp_129
[2025-01-31 17:39:18.103074] INFO: Execution permission granted to: /home/vc/kurotaka/objects/temp_129
[2025-01-31 17:39:19.088227] INFO: Executing command: /home/vc/kurotaka/objects/temp_129 184 256 1
[2025-01-31 17:39:25.695673] INFO: Command executed in 6073.728000ms
[2025-01-31 17:39:27.969302] INFO: Result saved to: /home/vc/kurotaka/results/result_129
[2025-01-31 17:39:30.602720] INFO: Second connection established in 0.190000ms
[2025-01-31 17:39:32.812896] INFO: Sending result upload request
[2025-01-31 17:39:34.562260] INFO: Second request sent in 0.022000ms
[2025-01-31 17:39:36.218204] INFO: Result uploaded in 0.043000ms
[2025-01-31 17:39:37.935398] INFO: Process completed successfully. Total execution time in 59025.585000ms

