
[2025-01-31 17:38:49.815942] INFO: Process started with ID: 165
[2025-01-31 17:38:51.666249] INFO: First connection established in 0.279000ms
[2025-01-31 17:38:53.268385] INFO: Sending request: GET /http_server/send-object.php?ID=165 HTTP/1.1
Host: 192.168.100.3
Connection: close


[2025-01-31 17:38:55.105944] INFO: First request sent in 0.008000ms
[2025-01-31 17:38:56.904546] INFO: Time from request to first response in 0.030000ms
[2025-01-31 17:38:58.895471] INFO: Received headers - MPI-Rank: 227, Group-ID: 1, Job-ID: 1, Sub-Job-ID: 228, Rank-Count: 256
[2025-01-31 17:39:00.623533] INFO: Receive loop #1 received 16384 bytes in 3583.517000ms
[2025-01-31 17:39:02.553518] INFO: Receive loop #2 received 16384 bytes in 0.060000ms
[2025-01-31 17:39:04.508300] INFO: Receive loop #3 received 16384 bytes in 0.024000ms
[2025-01-31 17:39:05.906230] INFO: Receive loop #4 received 16384 bytes in 0.031000ms
[2025-01-31 17:39:07.113952] INFO: Receive loop #5 received 16384 bytes in 0.029000ms
[2025-01-31 17:39:08.487011] INFO: Receive loop #6 received 16384 bytes in 0.006000ms
[2025-01-31 17:39:10.023909] INFO: Receive loop #7 received 16384 bytes in 0.030000ms
[2025-01-31 17:39:11.610840] INFO: Receive loop #8 received 16384 bytes in 0.258000ms
[2025-01-31 17:39:13.075599] INFO: Receive loop #9 received 16384 bytes in 0.031000ms
[2025-01-31 17:39:14.571833] INFO: Receive loop #10 received 16384 bytes in 0.008000ms
[2025-01-31 17:39:16.021920] INFO: Receive loop #11 received 16384 bytes in 0.008000ms
[2025-01-31 17:39:16.611602] INFO: Receive loop #12 received 7665 bytes in 0.012000ms
[2025-01-31 17:39:18.020105] INFO: Response received in 20636.823000ms
[2025-01-31 17:39:19.062714] INFO: File saved in 0.133000ms
[2025-01-31 17:39:19.493679] INFO: File saved to: /home/vc/kurotaka/objects/temp_165
[2025-01-31 17:39:20.036865] INFO: Execution permission granted to: /home/vc/kurotaka/objects/temp_165
[2025-01-31 17:39:20.324479] INFO: Executing command: /home/vc/kurotaka/objects/temp_165 227 256 1
[2025-01-31 17:39:28.329201] INFO: Command executed in 7129.909000ms
[2025-01-31 17:39:30.844018] INFO: Result saved to: /home/vc/kurotaka/results/result_165
[2025-01-31 17:39:33.211110] INFO: Second connection established in 0.180000ms
[2025-01-31 17:39:34.636992] INFO: Sending result upload request
[2025-01-31 17:39:36.298626] INFO: Second request sent in 0.023000ms
[2025-01-31 17:39:38.057321] INFO: Result uploaded in 0.058000ms
[2025-01-31 17:39:39.467425] INFO: Process completed successfully. Total execution time in 1m 884.925000ms

