
[2025-01-31 17:38:38.582978] INFO: Process started with ID: 94
[2025-01-31 17:38:38.889855] INFO: First connection established in 0.209000ms
[2025-01-31 17:38:39.251434] INFO: Sending request: GET /http_server/send-object.php?ID=94 HTTP/1.1
Host: 192.168.100.3
Connection: close


[2025-01-31 17:38:39.811855] INFO: First request sent in 0.032000ms
[2025-01-31 17:38:40.335765] INFO: Time from request to first response in 0.035000ms
[2025-01-31 17:38:40.907898] INFO: Received headers - MPI-Rank: 41, Group-ID: 1, Job-ID: 1, Sub-Job-ID: 42, Rank-Count: 256
[2025-01-31 17:38:41.912774] INFO: Receive loop #1 received 16384 bytes in 1396.977000ms
[2025-01-31 17:38:42.792038] INFO: Receive loop #2 received 16384 bytes in 0.012000ms
[2025-01-31 17:38:43.476634] INFO: Receive loop #3 received 16384 bytes in 0.077000ms
[2025-01-31 17:38:44.275216] INFO: Receive loop #4 received 16384 bytes in 0.164000ms
[2025-01-31 17:38:45.527514] INFO: Receive loop #5 received 16384 bytes in 0.036000ms
[2025-01-31 17:38:46.778049] INFO: Receive loop #6 received 16384 bytes in 0.036000ms
[2025-01-31 17:38:47.719021] INFO: Receive loop #7 received 16384 bytes in 0.029000ms
[2025-01-31 17:38:48.731013] INFO: Receive loop #8 received 16384 bytes in 0.052000ms
[2025-01-31 17:38:49.991518] INFO: Receive loop #9 received 16384 bytes in 0.031000ms
[2025-01-31 17:38:51.856974] INFO: Receive loop #10 received 16384 bytes in 0.029000ms
[2025-01-31 17:38:53.579061] INFO: Receive loop #11 received 16384 bytes in 0.029000ms
[2025-01-31 17:38:55.334964] INFO: Receive loop #12 received 7663 bytes in 0.019000ms
[2025-01-31 17:38:57.014772] INFO: Response received in 16400.475000ms
[2025-01-31 17:38:58.978489] INFO: File saved in 0.469000ms
[2025-01-31 17:39:00.986859] INFO: File saved to: /home/vc/kurotaka/objects/temp_94
[2025-01-31 17:39:02.713225] INFO: Execution permission granted to: /home/vc/kurotaka/objects/temp_94
[2025-01-31 17:39:05.192221] INFO: Executing command: /home/vc/kurotaka/objects/temp_94 41 256 1
[2025-01-31 17:39:28.137865] INFO: Command executed in 21566.841000ms
[2025-01-31 17:39:30.579435] INFO: Result saved to: /home/vc/kurotaka/results/result_94
[2025-01-31 17:39:33.157559] INFO: Second connection established in 0.225000ms
[2025-01-31 17:39:34.604455] INFO: Sending result upload request
[2025-01-31 17:39:36.217891] INFO: Second request sent in 0.026000ms
[2025-01-31 17:39:37.901592] INFO: Result uploaded in 0.061000ms
[2025-01-31 17:39:39.374626] INFO: Process completed successfully. Total execution time in 1m 812.787000ms

