
[2025-01-31 17:38:39.201665] INFO: Process started with ID: 121
[2025-01-31 17:38:39.732432] INFO: First connection established in 0.259000ms
[2025-01-31 17:38:40.227387] INFO: Sending request: GET /http_server/send-object.php?ID=121 HTTP/1.1
Host: 192.168.100.3
Connection: close


[2025-01-31 17:38:40.819552] INFO: First request sent in 0.039000ms
[2025-01-31 17:38:41.693440] INFO: Time from request to first response in 0.028000ms
[2025-01-31 17:38:42.653698] INFO: Received headers - MPI-Rank: 69, Group-ID: 1, Job-ID: 1, Sub-Job-ID: 70, Rank-Count: 256
[2025-01-31 17:38:43.359180] INFO: Receive loop #1 received 16384 bytes in 1754.396000ms
[2025-01-31 17:38:44.176302] INFO: Receive loop #2 received 16384 bytes in 0.060000ms
[2025-01-31 17:38:45.314367] INFO: Receive loop #3 received 16384 bytes in 0.082000ms
[2025-01-31 17:38:46.613752] INFO: Receive loop #4 received 16384 bytes in 0.137000ms
[2025-01-31 17:38:47.591265] INFO: Receive loop #5 received 16384 bytes in 0.031000ms
[2025-01-31 17:38:48.473079] INFO: Receive loop #6 received 16384 bytes in 0.008000ms
[2025-01-31 17:38:49.758642] INFO: Receive loop #7 received 16384 bytes in 0.029000ms
[2025-01-31 17:38:51.462642] INFO: Receive loop #8 received 16384 bytes in 0.249000ms
[2025-01-31 17:38:53.108227] INFO: Receive loop #9 received 16384 bytes in 0.028000ms
[2025-01-31 17:38:54.963826] INFO: Receive loop #10 received 16384 bytes in 0.030000ms
[2025-01-31 17:38:56.690526] INFO: Receive loop #11 received 16384 bytes in 0.029000ms
[2025-01-31 17:38:58.659316] INFO: Receive loop #12 received 7663 bytes in 0.021000ms
[2025-01-31 17:39:00.372026] INFO: Response received in 18297.099000ms
[2025-01-31 17:39:02.289867] INFO: File saved in 0.104000ms
[2025-01-31 17:39:04.263321] INFO: File saved to: /home/vc/kurotaka/objects/temp_121
[2025-01-31 17:39:06.787520] INFO: Execution permission granted to: /home/vc/kurotaka/objects/temp_121
[2025-01-31 17:39:08.167088] INFO: Executing command: /home/vc/kurotaka/objects/temp_121 69 256 1
[2025-01-31 17:39:30.333455] INFO: Command executed in 20436.350000ms
[2025-01-31 17:39:32.256198] INFO: Result saved to: /home/vc/kurotaka/results/result_121
[2025-01-31 17:39:34.025575] INFO: Second connection established in 0.238000ms
[2025-01-31 17:39:35.881504] INFO: Sending result upload request
[2025-01-31 17:39:37.273239] INFO: Second request sent in 0.019000ms
[2025-01-31 17:39:38.989287] INFO: Result uploaded in 0.054000ms
[2025-01-31 17:39:40.233232] INFO: Process completed successfully. Total execution time in 1m 1700.775000ms

