
[2025-01-31 17:38:51.961061] INFO: Process started with ID: 111
[2025-01-31 17:38:53.827970] INFO: First connection established in 0.265000ms
[2025-01-31 17:38:55.554190] INFO: Sending request: GET /http_server/send-object.php?ID=111 HTTP/1.1
Host: 192.168.100.3
Connection: close


[2025-01-31 17:38:57.242304] INFO: First request sent in 0.029000ms
[2025-01-31 17:38:59.188998] INFO: Time from request to first response in 0.030000ms
[2025-01-31 17:39:01.257511] INFO: Received headers - MPI-Rank: 241, Group-ID: 1, Job-ID: 1, Sub-Job-ID: 242, Rank-Count: 256
[2025-01-31 17:39:02.924872] INFO: Receive loop #1 received 16384 bytes in 3622.614000ms
[2025-01-31 17:39:05.193070] INFO: Receive loop #2 received 16384 bytes in 0.062000ms
[2025-01-31 17:39:06.926912] INFO: Receive loop #3 received 16384 bytes in 0.084000ms
[2025-01-31 17:39:08.330282] INFO: Receive loop #4 received 16384 bytes in 0.147000ms
[2025-01-31 17:39:10.044506] INFO: Receive loop #5 received 16384 bytes in 0.028000ms
[2025-01-31 17:39:11.699308] INFO: Receive loop #6 received 16384 bytes in 0.028000ms
[2025-01-31 17:39:13.172923] INFO: Receive loop #7 received 16384 bytes in 0.030000ms
[2025-01-31 17:39:14.162517] INFO: Receive loop #8 received 16384 bytes in 0.066000ms
[2025-01-31 17:39:15.313799] INFO: Receive loop #9 received 16384 bytes in 0.036000ms
[2025-01-31 17:39:16.344765] INFO: Receive loop #10 received 16384 bytes in 0.006000ms
[2025-01-31 17:39:17.405219] INFO: Receive loop #11 received 16384 bytes in 0.034000ms
[2025-01-31 17:39:18.785544] INFO: Receive loop #12 received 7665 bytes in 0.008000ms
[2025-01-31 17:39:19.304652] INFO: Response received in 20445.004000ms
[2025-01-31 17:39:19.666718] INFO: File saved in 0.093000ms
[2025-01-31 17:39:19.953397] INFO: File saved to: /home/vc/kurotaka/objects/temp_111
[2025-01-31 17:39:20.524569] INFO: Execution permission granted to: /home/vc/kurotaka/objects/temp_111
[2025-01-31 17:39:20.726487] INFO: Executing command: /home/vc/kurotaka/objects/temp_111 241 256 1
[2025-01-31 17:39:29.717978] INFO: Command executed in 7930.819000ms
[2025-01-31 17:39:31.811724] INFO: Result saved to: /home/vc/kurotaka/results/result_111
[2025-01-31 17:39:33.783387] INFO: Second connection established in 0.214000ms
[2025-01-31 17:39:35.564273] INFO: Sending result upload request
[2025-01-31 17:39:36.936149] INFO: Second request sent in 0.030000ms
[2025-01-31 17:39:38.711126] INFO: Result uploaded in 0.057000ms
[2025-01-31 17:39:39.928706] INFO: Process completed successfully. Total execution time in 1m 1415.985000ms

