
[2025-01-31 17:38:38.246251] INFO: Process started with ID: 229
[2025-01-31 17:38:38.439532] INFO: First connection established in 0.144000ms
[2025-01-31 17:38:38.708805] INFO: Sending request: GET /http_server/send-object.php?ID=229 HTTP/1.1
Host: 192.168.100.3
Connection: close


[2025-01-31 17:38:39.000515] INFO: First request sent in 0.032000ms
[2025-01-31 17:38:39.413116] INFO: Time from request to first response in 0.028000ms
[2025-01-31 17:38:39.991289] INFO: Received headers - MPI-Rank: 8, Group-ID: 1, Job-ID: 1, Sub-Job-ID: 9, Rank-Count: 256
[2025-01-31 17:38:40.423242] INFO: Receive loop #1 received 16384 bytes in 1008.043000ms
[2025-01-31 17:38:41.023825] INFO: Receive loop #2 received 16384 bytes in 0.013000ms
[2025-01-31 17:38:42.064142] INFO: Receive loop #3 received 16384 bytes in 0.033000ms
[2025-01-31 17:38:42.896508] INFO: Receive loop #4 received 16384 bytes in 0.119000ms
[2025-01-31 17:38:43.635669] INFO: Receive loop #5 received 16384 bytes in 0.029000ms
[2025-01-31 17:38:44.404202] INFO: Receive loop #6 received 16384 bytes in 0.037000ms
[2025-01-31 17:38:45.687570] INFO: Receive loop #7 received 16384 bytes in 0.007000ms
[2025-01-31 17:38:46.979856] INFO: Receive loop #8 received 16384 bytes in 0.251000ms
[2025-01-31 17:38:47.822006] INFO: Receive loop #9 received 16384 bytes in 0.030000ms
[2025-01-31 17:38:48.937722] INFO: Receive loop #10 received 16384 bytes in 0.026000ms
[2025-01-31 17:38:50.232187] INFO: Receive loop #11 received 16384 bytes in 0.026000ms
[2025-01-31 17:38:52.103388] INFO: Receive loop #12 received 7661 bytes in 0.019000ms
[2025-01-31 17:38:53.902311] INFO: Response received in 13946.303000ms
[2025-01-31 17:38:55.685997] INFO: File saved in 0.465000ms
[2025-01-31 17:38:57.416130] INFO: File saved to: /home/vc/kurotaka/objects/temp_229
[2025-01-31 17:39:00.500985] INFO: Execution permission granted to: /home/vc/kurotaka/objects/temp_229
[2025-01-31 17:39:02.388006] INFO: Executing command: /home/vc/kurotaka/objects/temp_229 8 256 1
[2025-01-31 17:39:30.626062] INFO: Command executed in 26020.437000ms
[2025-01-31 17:39:33.057333] INFO: Result saved to: /home/vc/kurotaka/results/result_229
[2025-01-31 17:39:34.562454] INFO: Second connection established in 0.153000ms
[2025-01-31 17:39:36.181731] INFO: Sending result upload request
[2025-01-31 17:39:38.023246] INFO: Second request sent in 0.032000ms
[2025-01-31 17:39:39.467553] INFO: Result uploaded in 0.055000ms
[2025-01-31 17:39:41.041526] INFO: Process completed successfully. Total execution time in 1m 2207.067000ms

