
[2025-01-31 16:45:19.680340] INFO: Process started with ID: 69
[2025-01-31 16:45:20.307541] INFO: First connection established in 0.206000ms
[2025-01-31 16:45:21.012753] INFO: Sending request: GET /http_server/send-object.php?ID=69 HTTP/1.1
Host: 192.168.100.3
Connection: close


[2025-01-31 16:45:21.486236] INFO: First request sent in 0.034000ms
[2025-01-31 16:45:22.001724] INFO: Time from request to first response in 0.034000ms
[2025-01-31 16:45:22.554163] INFO: Received headers - MPI-Rank: 67, Group-ID: 1, Job-ID: 1, Sub-Job-ID: 68, Rank-Count: 128
[2025-01-31 16:45:23.091724] INFO: Receive loop #1 received 16384 bytes in 1086.401000ms
[2025-01-31 16:45:23.979840] INFO: Receive loop #2 received 16384 bytes in 0.098000ms
[2025-01-31 16:45:25.278402] INFO: Receive loop #3 received 16384 bytes in 0.083000ms
[2025-01-31 16:45:26.095831] INFO: Receive loop #4 received 16384 bytes in 0.134000ms
[2025-01-31 16:45:26.945059] INFO: Receive loop #5 received 16384 bytes in 0.030000ms
[2025-01-31 16:45:28.144222] INFO: Receive loop #6 received 16384 bytes in 0.030000ms
[2025-01-31 16:45:28.858439] INFO: Receive loop #7 received 16384 bytes in 0.024000ms
[2025-01-31 16:45:29.971502] INFO: Receive loop #8 received 16384 bytes in 0.263000ms
[2025-01-31 16:45:31.073930] INFO: Receive loop #9 received 16384 bytes in 0.030000ms
[2025-01-31 16:45:31.610820] INFO: Receive loop #10 received 16384 bytes in 0.029000ms
[2025-01-31 16:45:32.238801] INFO: Receive loop #11 received 16384 bytes in 0.038000ms
[2025-01-31 16:45:33.051117] INFO: Receive loop #12 received 7663 bytes in 0.022000ms
[2025-01-31 16:45:33.551595] INFO: Response received in 11571.222000ms
[2025-01-31 16:45:34.182046] INFO: File saved in 0.108000ms
[2025-01-31 16:45:35.020737] INFO: File saved to: /home/vc/kurotaka/objects/temp_69
[2025-01-31 16:45:35.833859] INFO: Execution permission granted to: /home/vc/kurotaka/objects/temp_69
[2025-01-31 16:45:36.173891] INFO: Executing command: /home/vc/kurotaka/objects/temp_69 67 128 1
[2025-01-31 16:45:41.117308] INFO: Command executed in 4654.337000ms
[2025-01-31 16:45:41.738012] INFO: Result saved to: /home/vc/kurotaka/results/result_69
[2025-01-31 16:45:42.818202] INFO: Second connection established in 0.157000ms
[2025-01-31 16:45:44.024366] INFO: Sending result upload request
[2025-01-31 16:45:44.626649] INFO: Second request sent in 0.026000ms
[2025-01-31 16:45:45.735324] INFO: Result uploaded in 0.061000ms
[2025-01-31 16:45:46.519906] INFO: Process completed successfully. Total execution time in 27380.998000ms

