
[2025-01-31 16:45:22.036411] INFO: Process started with ID: 115
[2025-01-31 16:45:22.724124] INFO: First connection established in 0.403000ms
[2025-01-31 16:45:23.272937] INFO: Sending request: GET /http_server/send-object.php?ID=115 HTTP/1.1
Host: 192.168.100.3
Connection: close


[2025-01-31 16:45:24.281655] INFO: First request sent in 0.035000ms
[2025-01-31 16:45:25.687254] INFO: Time from request to first response in 0.033000ms
[2025-01-31 16:45:26.204500] INFO: Received headers - MPI-Rank: 125, Group-ID: 1, Job-ID: 1, Sub-Job-ID: 126, Rank-Count: 128
[2025-01-31 16:45:27.280847] INFO: Receive loop #1 received 16384 bytes in 1651.365000ms
[2025-01-31 16:45:28.193041] INFO: Receive loop #2 received 16384 bytes in 0.060000ms
[2025-01-31 16:45:28.913407] INFO: Receive loop #3 received 16384 bytes in 0.073000ms
[2025-01-31 16:45:30.155859] INFO: Receive loop #4 received 16384 bytes in 0.125000ms
[2025-01-31 16:45:31.206149] INFO: Receive loop #5 received 16384 bytes in 0.029000ms
[2025-01-31 16:45:31.763536] INFO: Receive loop #6 received 16384 bytes in 0.029000ms
[2025-01-31 16:45:32.460994] INFO: Receive loop #7 received 16384 bytes in 0.028000ms
[2025-01-31 16:45:33.139616] INFO: Receive loop #8 received 16384 bytes in 0.302000ms
[2025-01-31 16:45:33.672949] INFO: Receive loop #9 received 16384 bytes in 0.030000ms
[2025-01-31 16:45:34.445113] INFO: Receive loop #10 received 16384 bytes in 0.031000ms
[2025-01-31 16:45:35.033990] INFO: Receive loop #11 received 16384 bytes in 0.028000ms
[2025-01-31 16:45:35.467843] INFO: Receive loop #12 received 7665 bytes in 0.019000ms
[2025-01-31 16:45:35.966955] INFO: Response received in 10603.903000ms
[2025-01-31 16:45:36.324421] INFO: File saved in 0.264000ms
[2025-01-31 16:45:36.590617] INFO: File saved to: /home/vc/kurotaka/objects/temp_115
[2025-01-31 16:45:36.927363] INFO: Execution permission granted to: /home/vc/kurotaka/objects/temp_115
[2025-01-31 16:45:37.110691] INFO: Executing command: /home/vc/kurotaka/objects/temp_115 125 128 1
[2025-01-31 16:45:40.184972] INFO: Command executed in 2357.168000ms
[2025-01-31 16:45:41.171235] INFO: Result saved to: /home/vc/kurotaka/results/result_115
[2025-01-31 16:45:41.957492] INFO: Second connection established in 0.219000ms
[2025-01-31 16:45:43.499003] INFO: Sending result upload request
[2025-01-31 16:45:44.309503] INFO: Second request sent in 0.026000ms
[2025-01-31 16:45:45.140711] INFO: Result uploaded in 0.056000ms
[2025-01-31 16:45:46.239897] INFO: Process completed successfully. Total execution time in 26945.360000ms

