
[2025-01-31 16:45:21.770757] INFO: Process started with ID: 90
[2025-01-31 16:45:22.292468] INFO: First connection established in 0.206000ms
[2025-01-31 16:45:22.911509] INFO: Sending request: GET /http_server/send-object.php?ID=90 HTTP/1.1
Host: 192.168.100.3
Connection: close


[2025-01-31 16:45:23.703345] INFO: First request sent in 0.034000ms
[2025-01-31 16:45:25.077819] INFO: Time from request to first response in 0.030000ms
[2025-01-31 16:45:25.971934] INFO: Received headers - MPI-Rank: 119, Group-ID: 1, Job-ID: 1, Sub-Job-ID: 120, Rank-Count: 128
[2025-01-31 16:45:26.765546] INFO: Receive loop #1 received 16384 bytes in 1911.425000ms
[2025-01-31 16:45:28.018453] INFO: Receive loop #2 received 16384 bytes in 0.089000ms
[2025-01-31 16:45:28.522561] INFO: Receive loop #3 received 16384 bytes in 0.098000ms
[2025-01-31 16:45:29.431648] INFO: Receive loop #4 received 16384 bytes in 0.110000ms
[2025-01-31 16:45:30.709101] INFO: Receive loop #5 received 16384 bytes in 0.029000ms
[2025-01-31 16:45:31.400169] INFO: Receive loop #6 received 16384 bytes in 0.037000ms
[2025-01-31 16:45:31.913264] INFO: Receive loop #7 received 16384 bytes in 0.032000ms
[2025-01-31 16:45:32.672789] INFO: Receive loop #8 received 16384 bytes in 0.284000ms
[2025-01-31 16:45:33.340406] INFO: Receive loop #9 received 16384 bytes in 0.031000ms
[2025-01-31 16:45:33.887286] INFO: Receive loop #10 received 16384 bytes in 0.029000ms
[2025-01-31 16:45:34.880592] INFO: Receive loop #11 received 16384 bytes in 0.031000ms
[2025-01-31 16:45:35.371319] INFO: Receive loop #12 received 7665 bytes in 0.018000ms
[2025-01-31 16:45:35.833852] INFO: Response received in 11110.312000ms
[2025-01-31 16:45:36.173730] INFO: File saved in 0.457000ms
[2025-01-31 16:45:36.517060] INFO: File saved to: /home/vc/kurotaka/objects/temp_90
[2025-01-31 16:45:36.849457] INFO: Execution permission granted to: /home/vc/kurotaka/objects/temp_90
[2025-01-31 16:45:37.085872] INFO: Executing command: /home/vc/kurotaka/objects/temp_90 119 128 1
[2025-01-31 16:45:41.171048] INFO: Command executed in 3824.100000ms
[2025-01-31 16:45:41.903347] INFO: Result saved to: /home/vc/kurotaka/results/result_90
[2025-01-31 16:45:43.167864] INFO: Second connection established in 0.216000ms
[2025-01-31 16:45:44.194580] INFO: Sending result upload request
[2025-01-31 16:45:45.054531] INFO: Second request sent in 0.026000ms
[2025-01-31 16:45:46.174421] INFO: Result uploaded in 0.051000ms
[2025-01-31 16:45:46.654146] INFO: Process completed successfully. Total execution time in 27583.857000ms

