
[2025-01-31 16:45:21.012840] INFO: Process started with ID: 99
[2025-01-31 16:45:21.519202] INFO: First connection established in 0.222000ms
[2025-01-31 16:45:22.012156] INFO: Sending request: GET /http_server/send-object.php?ID=99 HTTP/1.1
Host: 192.168.100.3
Connection: close


[2025-01-31 16:45:22.571474] INFO: First request sent in 0.036000ms
[2025-01-31 16:45:23.138566] INFO: Time from request to first response in 0.006000ms
[2025-01-31 16:45:24.057430] INFO: Received headers - MPI-Rank: 97, Group-ID: 1, Job-ID: 1, Sub-Job-ID: 98, Rank-Count: 128
[2025-01-31 16:45:25.425685] INFO: Receive loop #1 received 16384 bytes in 2138.133000ms
[2025-01-31 16:45:26.120356] INFO: Receive loop #2 received 16384 bytes in 0.077000ms
[2025-01-31 16:45:27.080114] INFO: Receive loop #3 received 16384 bytes in 0.106000ms
[2025-01-31 16:45:28.175357] INFO: Receive loop #4 received 16384 bytes in 0.121000ms
[2025-01-31 16:45:28.834064] INFO: Receive loop #5 received 16384 bytes in 0.030000ms
[2025-01-31 16:45:30.070127] INFO: Receive loop #6 received 16384 bytes in 0.028000ms
[2025-01-31 16:45:31.176296] INFO: Receive loop #7 received 16384 bytes in 0.030000ms
[2025-01-31 16:45:31.685476] INFO: Receive loop #8 received 16384 bytes in 0.241000ms
[2025-01-31 16:45:32.417387] INFO: Receive loop #9 received 16384 bytes in 0.031000ms
[2025-01-31 16:45:33.139405] INFO: Receive loop #10 received 16384 bytes in 0.029000ms
[2025-01-31 16:45:33.657280] INFO: Receive loop #11 received 16384 bytes in 0.031000ms
[2025-01-31 16:45:34.396772] INFO: Receive loop #12 received 7663 bytes in 0.019000ms
[2025-01-31 16:45:34.982545] INFO: Response received in 11915.799000ms
[2025-01-31 16:45:35.589768] INFO: File saved in 0.102000ms
[2025-01-31 16:45:35.990749] INFO: File saved to: /home/vc/kurotaka/objects/temp_99
[2025-01-31 16:45:36.395409] INFO: Execution permission granted to: /home/vc/kurotaka/objects/temp_99
[2025-01-31 16:45:36.658647] INFO: Executing command: /home/vc/kurotaka/objects/temp_99 97 128 1
[2025-01-31 16:45:41.046308] INFO: Command executed in 4130.752000ms
[2025-01-31 16:45:41.738166] INFO: Result saved to: /home/vc/kurotaka/results/result_99
[2025-01-31 16:45:42.904385] INFO: Second connection established in 0.186000ms
[2025-01-31 16:45:44.074475] INFO: Sending result upload request
[2025-01-31 16:45:44.654646] INFO: Second request sent in 0.026000ms
[2025-01-31 16:45:45.698150] INFO: Result uploaded in 0.013000ms
[2025-01-31 16:45:46.542952] INFO: Process completed successfully. Total execution time in 27398.929000ms

