
[2025-01-31 16:45:19.086776] INFO: Process started with ID: 121
[2025-01-31 16:45:19.199676] INFO: First connection established in 0.247000ms
[2025-01-31 16:45:19.362762] INFO: Sending request: GET /http_server/send-object.php?ID=121 HTTP/1.1
Host: 192.168.100.3
Connection: close


[2025-01-31 16:45:19.771822] INFO: First request sent in 0.034000ms
[2025-01-31 16:45:20.358818] INFO: Time from request to first response in 0.029000ms
[2025-01-31 16:45:21.045207] INFO: Received headers - MPI-Rank: 25, Group-ID: 1, Job-ID: 1, Sub-Job-ID: 26, Rank-Count: 128
[2025-01-31 16:45:21.603339] INFO: Receive loop #1 received 16384 bytes in 1393.189000ms
[2025-01-31 16:45:22.111485] INFO: Receive loop #2 received 16384 bytes in 0.059000ms
[2025-01-31 16:45:22.724006] INFO: Receive loop #3 received 16384 bytes in 0.078000ms
[2025-01-31 16:45:23.249479] INFO: Receive loop #4 received 16384 bytes in 0.121000ms
[2025-01-31 16:45:24.203679] INFO: Receive loop #5 received 16384 bytes in 0.035000ms
[2025-01-31 16:45:25.578095] INFO: Receive loop #6 received 16384 bytes in 0.029000ms
[2025-01-31 16:45:26.204392] INFO: Receive loop #7 received 16384 bytes in 0.030000ms
[2025-01-31 16:45:27.281222] INFO: Receive loop #8 received 16384 bytes in 0.273000ms
[2025-01-31 16:45:28.207652] INFO: Receive loop #9 received 16384 bytes in 0.031000ms
[2025-01-31 16:45:28.937712] INFO: Receive loop #10 received 16384 bytes in 0.029000ms
[2025-01-31 16:45:30.239520] INFO: Receive loop #11 received 16384 bytes in 0.029000ms
[2025-01-31 16:45:31.238156] INFO: Receive loop #12 received 7663 bytes in 0.019000ms
[2025-01-31 16:45:31.802493] INFO: Response received in 11520.614000ms
[2025-01-31 16:45:32.508558] INFO: File saved in 0.449000ms
[2025-01-31 16:45:33.174574] INFO: File saved to: /home/vc/kurotaka/objects/temp_121
[2025-01-31 16:45:33.709547] INFO: Execution permission granted to: /home/vc/kurotaka/objects/temp_121
[2025-01-31 16:45:34.497313] INFO: Executing command: /home/vc/kurotaka/objects/temp_121 25 128 1
[2025-01-31 16:45:39.937153] INFO: Command executed in 4608.843000ms
[2025-01-31 16:45:41.103288] INFO: Result saved to: /home/vc/kurotaka/results/result_121
[2025-01-31 16:45:41.795449] INFO: Second connection established in 0.164000ms
[2025-01-31 16:45:42.818304] INFO: Sending result upload request
[2025-01-31 16:45:44.063233] INFO: Second request sent in 0.026000ms
[2025-01-31 16:45:44.678585] INFO: Result uploaded in 0.058000ms
[2025-01-31 16:45:45.808680] INFO: Process completed successfully. Total execution time in 26355.414000ms

