
[2025-01-31 17:24:19] Program started at 2025-01-31 17:24:19.8282
[2025-01-31 17:24:19] [getClientID] MySQL connection established. Execution time: 0.324 ms
[2025-01-31 17:24:19] [getClientID] SELECT table_name FROM table_registry WHERE id = :job_id / Execution time: 0.470 ms
[2025-01-31 17:24:19] [getClientID] SELECT client FROM `matrix` WHERE id = :sub_job_id / Execution time: 0.221 ms
[2025-01-31 17:24:19] getClientID completed. Execution time: 1.102 ms
[2025-01-31 17:24:19] Read file completed. Execution time: 0.007 ms
[2025-01-31 17:24:19] File saved successfully: uploads/job_1/group_1/result_188
[2025-01-31 17:24:19] [updateStatus] MySQL connection established. Execution time: 0.091 ms
[2025-01-31 17:24:19] [updateStatus] SELECT table_name FROM table_registry WHERE id = :job_id FOR UPDATE / Execution time: 0.202 ms
[2025-01-31 17:24:19] [updateStatus] UPDATE `matrix` SET status = :status WHERE id = :sub_job_id / Execution time: 0.237 ms
[2025-01-31 17:24:19] [updateStatus] SELECT COUNT_RECORDS FROM `matrix` / Execution time: 0.623 ms
[2025-01-31 17:24:19] [updateStatus] UPDATE table_registry SET status = :status WHERE id = :job_id / Execution time: 0.170 ms
[2025-01-31 17:24:19] updateStatus completed. Execution time: 4.850 ms
[2025-01-31 17:24:19] Write file completed. Execution time: 5.038 ms
[2025-01-31 17:24:19] [getGroupStatus] MySQL connection established. Execution time: 0.056 ms
[2025-01-31 17:24:19] [getGroupStatus] SELECT table_name FROM table_registry WHERE id = :job_id / Execution time: 0.250 ms
[2025-01-31 17:24:19] [getGroupStatus] SELECT status FROM `matrix` WHERE group_id = :group_id / Execution time: 0.850 ms
[2025-01-31 17:24:19] getGroupStatus completed. Execution time: 1.292 ms
[2025-01-31 17:24:19] Group 1 is not completed yet.
[2025-01-31 17:24:19] Program completed. Total execution time: 8.590 ms

