
[2025-01-31 17:24:14] Program started at 2025-01-31 17:24:14.5086
[2025-01-31 17:24:14] [getClientID] MySQL connection established. Execution time: 0.414 ms
[2025-01-31 17:24:14] [getClientID] SELECT table_name FROM table_registry WHERE id = :job_id / Execution time: 0.336 ms
[2025-01-31 17:24:14] [getClientID] SELECT client FROM `matrix` WHERE id = :sub_job_id / Execution time: 0.191 ms
[2025-01-31 17:24:14] getClientID completed. Execution time: 1.151 ms
[2025-01-31 17:24:14] Read file completed. Execution time: 0.014 ms
[2025-01-31 17:24:14] File saved successfully: uploads/job_1/group_1/result_14
[2025-01-31 17:24:14] [updateStatus] MySQL connection established. Execution time: 0.132 ms
[2025-01-31 17:24:14] [updateStatus] SELECT table_name FROM table_registry WHERE id = :job_id FOR UPDATE / Execution time: 1.270 ms
[2025-01-31 17:24:14] [updateStatus] UPDATE `matrix` SET status = :status WHERE id = :sub_job_id / Execution time: 0.218 ms
[2025-01-31 17:24:14] [updateStatus] SELECT COUNT_RECORDS FROM `matrix` / Execution time: 0.512 ms
[2025-01-31 17:24:14] [updateStatus] UPDATE table_registry SET status = :status WHERE id = :job_id / Execution time: 0.141 ms
[2025-01-31 17:24:14] updateStatus completed. Execution time: 65.007 ms
[2025-01-31 17:24:14] Write file completed. Execution time: 65.415 ms
[2025-01-31 17:24:14] [getGroupStatus] MySQL connection established. Execution time: 0.093 ms
[2025-01-31 17:24:14] [getGroupStatus] SELECT table_name FROM table_registry WHERE id = :job_id / Execution time: 0.314 ms
[2025-01-31 17:24:14] [getGroupStatus] SELECT status FROM `matrix` WHERE group_id = :group_id / Execution time: 0.858 ms
[2025-01-31 17:24:14] getGroupStatus completed. Execution time: 1.447 ms
[2025-01-31 17:24:14] Group 1 is not completed yet.
[2025-01-31 17:24:14] Program completed. Total execution time: 71.046 ms

