
[2025-01-31 17:24:17] Program started at 2025-01-31 17:24:17.0015
[2025-01-31 17:24:17] [getClientID] MySQL connection established. Execution time: 0.570 ms
[2025-01-31 17:24:17] [getClientID] SELECT table_name FROM table_registry WHERE id = :job_id / Execution time: 0.260 ms
[2025-01-31 17:24:17] [getClientID] SELECT client FROM `matrix` WHERE id = :sub_job_id / Execution time: 0.167 ms
[2025-01-31 17:24:17] getClientID completed. Execution time: 1.286 ms
[2025-01-31 17:24:17] Read file completed. Execution time: 0.014 ms
[2025-01-31 17:24:17] File saved successfully: uploads/job_1/group_1/result_211
[2025-01-31 17:24:17] [updateStatus] MySQL connection established. Execution time: 0.106 ms
[2025-01-31 17:24:17] [updateStatus] SELECT table_name FROM table_registry WHERE id = :job_id FOR UPDATE / Execution time: 0.173 ms
[2025-01-31 17:24:17] [updateStatus] UPDATE `matrix` SET status = :status WHERE id = :sub_job_id / Execution time: 0.200 ms
[2025-01-31 17:24:17] [updateStatus] SELECT COUNT_RECORDS FROM `matrix` / Execution time: 0.342 ms
[2025-01-31 17:24:17] [updateStatus] UPDATE table_registry SET status = :status WHERE id = :job_id / Execution time: 0.118 ms
[2025-01-31 17:24:17] updateStatus completed. Execution time: 50.958 ms
[2025-01-31 17:24:17] Write file completed. Execution time: 51.532 ms
[2025-01-31 17:24:17] [getGroupStatus] MySQL connection established. Execution time: 0.075 ms
[2025-01-31 17:24:17] [getGroupStatus] SELECT table_name FROM table_registry WHERE id = :job_id / Execution time: 0.317 ms
[2025-01-31 17:24:17] [getGroupStatus] SELECT status FROM `matrix` WHERE group_id = :group_id / Execution time: 0.828 ms
[2025-01-31 17:24:17] getGroupStatus completed. Execution time: 1.407 ms
[2025-01-31 17:24:17] Group 1 is not completed yet.
[2025-01-31 17:24:17] Program completed. Total execution time: 57.226 ms

