
[2025-01-31 16:47:08] Program started at 2025-01-31 16:47:08.5235
[2025-01-31 16:47:08] [getClientID] MySQL connection established. Execution time: 0.254 ms
[2025-01-31 16:47:08] [getClientID] SELECT table_name FROM table_registry WHERE id = :job_id / Execution time: 0.387 ms
[2025-01-31 16:47:08] [getClientID] SELECT client FROM `matrix` WHERE id = :sub_job_id / Execution time: 0.221 ms
[2025-01-31 16:47:08] getClientID completed. Execution time: 1.061 ms
[2025-01-31 16:47:08] Read file completed. Execution time: 0.013 ms
[2025-01-31 16:47:08] File saved successfully: uploads/job_1/group_1/result_201
[2025-01-31 16:47:08] [updateStatus] MySQL connection established. Execution time: 0.164 ms
[2025-01-31 16:47:08] [updateStatus] SELECT table_name FROM table_registry WHERE id = :job_id FOR UPDATE / Execution time: 1.664 ms
[2025-01-31 16:47:08] [updateStatus] UPDATE `matrix` SET status = :status WHERE id = :sub_job_id / Execution time: 0.235 ms
[2025-01-31 16:47:08] [updateStatus] SELECT COUNT_RECORDS FROM `matrix` / Execution time: 0.516 ms
[2025-01-31 16:47:08] [updateStatus] UPDATE table_registry SET status = :status WHERE id = :job_id / Execution time: 0.177 ms
[2025-01-31 16:47:08] updateStatus completed. Execution time: 71.798 ms
[2025-01-31 16:47:08] Write file completed. Execution time: 72.221 ms
[2025-01-31 16:47:08] [getGroupStatus] MySQL connection established. Execution time: 0.080 ms
[2025-01-31 16:47:08] [getGroupStatus] SELECT table_name FROM table_registry WHERE id = :job_id / Execution time: 0.267 ms
[2025-01-31 16:47:08] [getGroupStatus] SELECT status FROM `matrix` WHERE group_id = :group_id / Execution time: 0.700 ms
[2025-01-31 16:47:08] getGroupStatus completed. Execution time: 1.233 ms
[2025-01-31 16:47:08] Group 1 is not completed yet.
[2025-01-31 16:47:08] Program completed. Total execution time: 77.281 ms

