
[2025-01-31 16:47:07] Program started at 2025-01-31 16:47:07.4356
[2025-01-31 16:47:07] [getClientID] MySQL connection established. Execution time: 0.248 ms
[2025-01-31 16:47:07] [getClientID] SELECT table_name FROM table_registry WHERE id = :job_id / Execution time: 0.347 ms
[2025-01-31 16:47:07] [getClientID] SELECT client FROM `matrix` WHERE id = :sub_job_id / Execution time: 0.204 ms
[2025-01-31 16:47:07] getClientID completed. Execution time: 0.986 ms
[2025-01-31 16:47:07] Read file completed. Execution time: 0.014 ms
[2025-01-31 16:47:07] File saved successfully: uploads/job_1/group_1/result_123
[2025-01-31 16:47:07] [updateStatus] MySQL connection established. Execution time: 0.277 ms
[2025-01-31 16:47:07] [updateStatus] SELECT table_name FROM table_registry WHERE id = :job_id FOR UPDATE / Execution time: 0.296 ms
[2025-01-31 16:47:07] [updateStatus] UPDATE `matrix` SET status = :status WHERE id = :sub_job_id / Execution time: 0.286 ms
[2025-01-31 16:47:07] [updateStatus] SELECT COUNT_RECORDS FROM `matrix` / Execution time: 0.550 ms
[2025-01-31 16:47:07] [updateStatus] UPDATE table_registry SET status = :status WHERE id = :job_id / Execution time: 0.166 ms
[2025-01-31 16:47:07] updateStatus completed. Execution time: 3.859 ms
[2025-01-31 16:47:07] Write file completed. Execution time: 4.302 ms
[2025-01-31 16:47:07] [getGroupStatus] MySQL connection established. Execution time: 0.077 ms
[2025-01-31 16:47:07] [getGroupStatus] SELECT table_name FROM table_registry WHERE id = :job_id / Execution time: 0.238 ms
[2025-01-31 16:47:07] [getGroupStatus] SELECT status FROM `matrix` WHERE group_id = :group_id / Execution time: 0.730 ms
[2025-01-31 16:47:07] getGroupStatus completed. Execution time: 1.231 ms
[2025-01-31 16:47:07] Group 1 is not completed yet.
[2025-01-31 16:47:07] Program completed. Total execution time: 9.278 ms

