
[2025-01-31 16:47:04] Program started at 2025-01-31 16:47:04.1801
[2025-01-31 16:47:04] [getClientID] MySQL connection established. Execution time: 0.382 ms
[2025-01-31 16:47:04] [getClientID] SELECT table_name FROM table_registry WHERE id = :job_id / Execution time: 0.510 ms
[2025-01-31 16:47:04] [getClientID] SELECT client FROM `matrix` WHERE id = :sub_job_id / Execution time: 0.198 ms
[2025-01-31 16:47:04] getClientID completed. Execution time: 1.224 ms
[2025-01-31 16:47:04] Read file completed. Execution time: 0.008 ms
[2025-01-31 16:47:04] File saved successfully: uploads/job_1/group_1/result_8
[2025-01-31 16:47:04] [updateStatus] MySQL connection established. Execution time: 0.101 ms
[2025-01-31 16:47:04] [updateStatus] SELECT table_name FROM table_registry WHERE id = :job_id FOR UPDATE / Execution time: 0.196 ms
[2025-01-31 16:47:04] [updateStatus] UPDATE `matrix` SET status = :status WHERE id = :sub_job_id / Execution time: 0.235 ms
[2025-01-31 16:47:04] [updateStatus] SELECT COUNT_RECORDS FROM `matrix` / Execution time: 0.640 ms
[2025-01-31 16:47:04] [updateStatus] UPDATE table_registry SET status = :status WHERE id = :job_id / Execution time: 0.178 ms
[2025-01-31 16:47:04] updateStatus completed. Execution time: 55.127 ms
[2025-01-31 16:47:04] Write file completed. Execution time: 55.408 ms
[2025-01-31 16:47:04] [getGroupStatus] MySQL connection established. Execution time: 0.087 ms
[2025-01-31 16:47:04] [getGroupStatus] SELECT table_name FROM table_registry WHERE id = :job_id / Execution time: 0.371 ms
[2025-01-31 16:47:04] [getGroupStatus] SELECT status FROM `matrix` WHERE group_id = :group_id / Execution time: 0.974 ms
[2025-01-31 16:47:04] getGroupStatus completed. Execution time: 1.668 ms
[2025-01-31 16:47:04] Group 1 is not completed yet.
[2025-01-31 16:47:04] Program completed. Total execution time: 60.996 ms

