
[2025-01-31 16:47:04] Program started at 2025-01-31 16:47:04.1801
[2025-01-31 16:47:04] [getClientID] MySQL connection established. Execution time: 0.508 ms
[2025-01-31 16:47:04] [getClientID] SELECT table_name FROM table_registry WHERE id = :job_id / Execution time: 0.353 ms
[2025-01-31 16:47:04] [getClientID] SELECT client FROM `matrix` WHERE id = :sub_job_id / Execution time: 0.226 ms
[2025-01-31 16:47:04] getClientID completed. Execution time: 1.299 ms
[2025-01-31 16:47:04] Read file completed. Execution time: 0.013 ms
[2025-01-31 16:47:04] File saved successfully: uploads/job_1/group_1/result_195
[2025-01-31 16:47:04] [updateStatus] MySQL connection established. Execution time: 0.286 ms
[2025-01-31 16:47:04] [updateStatus] SELECT table_name FROM table_registry WHERE id = :job_id FOR UPDATE / Execution time: 2.483 ms
[2025-01-31 16:47:04] [updateStatus] UPDATE `matrix` SET status = :status WHERE id = :sub_job_id / Execution time: 0.308 ms
[2025-01-31 16:47:04] [updateStatus] SELECT COUNT_RECORDS FROM `matrix` / Execution time: 0.582 ms
[2025-01-31 16:47:04] [updateStatus] UPDATE table_registry SET status = :status WHERE id = :job_id / Execution time: 0.164 ms
[2025-01-31 16:47:04] updateStatus completed. Execution time: 54.504 ms
[2025-01-31 16:47:04] Write file completed. Execution time: 54.871 ms
[2025-01-31 16:47:04] [getGroupStatus] MySQL connection established. Execution time: 0.055 ms
[2025-01-31 16:47:04] [getGroupStatus] SELECT table_name FROM table_registry WHERE id = :job_id / Execution time: 0.191 ms
[2025-01-31 16:47:04] [getGroupStatus] SELECT status FROM `matrix` WHERE group_id = :group_id / Execution time: 0.447 ms
[2025-01-31 16:47:04] getGroupStatus completed. Execution time: 0.814 ms
[2025-01-31 16:47:04] Group 1 is not completed yet.
[2025-01-31 16:47:04] Program completed. Total execution time: 59.878 ms

