
[2025-01-31 16:47:04] Program started at 2025-01-31 16:47:04.4833
[2025-01-31 16:47:04] [getClientID] MySQL connection established. Execution time: 0.641 ms
[2025-01-31 16:47:04] [getClientID] SELECT table_name FROM table_registry WHERE id = :job_id / Execution time: 0.405 ms
[2025-01-31 16:47:04] [getClientID] SELECT client FROM `matrix` WHERE id = :sub_job_id / Execution time: 0.221 ms
[2025-01-31 16:47:04] getClientID completed. Execution time: 1.567 ms
[2025-01-31 16:47:04] Read file completed. Execution time: 0.014 ms
[2025-01-31 16:47:04] File saved successfully: uploads/job_1/group_1/result_207
[2025-01-31 16:47:04] [updateStatus] MySQL connection established. Execution time: 0.111 ms
[2025-01-31 16:47:04] [updateStatus] SELECT table_name FROM table_registry WHERE id = :job_id FOR UPDATE / Execution time: 0.211 ms
[2025-01-31 16:47:04] [updateStatus] UPDATE `matrix` SET status = :status WHERE id = :sub_job_id / Execution time: 0.219 ms
[2025-01-31 16:47:04] [updateStatus] SELECT COUNT_RECORDS FROM `matrix` / Execution time: 0.586 ms
[2025-01-31 16:47:04] [updateStatus] UPDATE table_registry SET status = :status WHERE id = :job_id / Execution time: 0.171 ms
[2025-01-31 16:47:04] updateStatus completed. Execution time: 81.729 ms
[2025-01-31 16:47:04] Write file completed. Execution time: 82.117 ms
[2025-01-31 16:47:04] [getGroupStatus] MySQL connection established. Execution time: 0.087 ms
[2025-01-31 16:47:04] [getGroupStatus] SELECT table_name FROM table_registry WHERE id = :job_id / Execution time: 0.314 ms
[2025-01-31 16:47:04] [getGroupStatus] SELECT status FROM `matrix` WHERE group_id = :group_id / Execution time: 1.168 ms
[2025-01-31 16:47:04] getGroupStatus completed. Execution time: 1.829 ms
[2025-01-31 16:47:04] Group 1 is not completed yet.
[2025-01-31 16:47:04] Program completed. Total execution time: 88.462 ms

