
[2025-01-28 15:35:12.606781] INFO: Process started with ID: 195
[2025-01-28 15:35:14.194713] INFO: First connection established in 0.321000ms
[2025-01-28 15:35:16.589788] INFO: Sending request: GET /http_server/send-object.php?ID=195 HTTP/1.1
Host: 192.168.100.3
Connection: close


[2025-01-28 15:35:18.273697] INFO: First request sent in 0.034000ms
[2025-01-28 15:35:20.211031] INFO: Time from request to first response:0.016000ms
[2025-01-28 15:35:22.432285] INFO: Received headers - MPI-Rank: 77, Group-ID: 1, Job-ID: 3, Sub-Job-ID: 78, Rank-Count: 128
[2025-01-28 15:35:23.933945] INFO: Receive loop #1 received 16384 bytes in 3439.753000ms
[2025-01-28 15:35:25.099084] INFO: Receive loop #2 received 30 bytes in 0.052000ms
[2025-01-28 15:35:26.173686] INFO: Response received in 6032.977000ms
[2025-01-28 15:35:26.964997] INFO: File saved in 0.030000ms
[2025-01-28 15:35:27.975658] INFO: File saved to: /home/vc/kurotaka/objects/temp_195
[2025-01-28 15:35:28.860404] INFO: Execution permission granted to: /home/vc/kurotaka/objects/temp_195
[2025-01-28 15:35:29.942785] INFO: Executing command: /home/vc/kurotaka/objects/temp_195 77 128
[2025-01-28 15:35:30.540166] INFO: Command executed in 0.463000ms
[2025-01-28 15:35:31.344329] INFO: Result saved to: /home/vc/kurotaka/results/result_195
[2025-01-28 15:35:31.911460] INFO: Second connection established in 0.130000ms
[2025-01-28 15:35:32.397118] INFO: Sending result upload request
[2025-01-28 15:35:32.944594] INFO: Second request sent in 0.004000ms
[2025-01-28 15:35:33.345589] INFO: Result uploaded in 0.007000ms
[2025-01-28 15:35:33.677388] INFO: Process completed successfully. Total execution time: 34251.947000ms

