
[2025-01-28 15:35:08.452546] INFO: Process started with ID: 246
[2025-01-28 15:35:09.566872] INFO: First connection established in 0.160000ms
[2025-01-28 15:35:11.597916] INFO: Sending request: GET /http_server/send-object.php?ID=246 HTTP/1.1
Host: 192.168.100.3
Connection: close


[2025-01-28 15:35:12.758951] INFO: First request sent in 0.041000ms
[2025-01-28 15:35:14.277132] INFO: Time from request to first response:0.020000ms
[2025-01-28 15:35:16.698206] INFO: Received headers - MPI-Rank: 41, Group-ID: 1, Job-ID: 3, Sub-Job-ID: 42, Rank-Count: 128
[2025-01-28 15:35:18.347740] INFO: Receive loop #1 received 16384 bytes in 3768.832000ms
[2025-01-28 15:35:20.340130] INFO: Receive loop #2 received 30 bytes in 0.054000ms
[2025-01-28 15:35:22.523513] INFO: Response received in 8259.481000ms
[2025-01-28 15:35:24.187754] INFO: File saved in 0.196000ms
[2025-01-28 15:35:25.219781] INFO: File saved to: /home/vc/kurotaka/objects/temp_246
[2025-01-28 15:35:26.309288] INFO: Execution permission granted to: /home/vc/kurotaka/objects/temp_246
[2025-01-28 15:35:27.100478] INFO: Executing command: /home/vc/kurotaka/objects/temp_246 41 128
[2025-01-28 15:35:28.234058] INFO: Command executed in 0.475000ms
[2025-01-28 15:35:28.958897] INFO: Result saved to: /home/vc/kurotaka/results/result_246
[2025-01-28 15:35:29.938950] INFO: Second connection established in 0.074000ms
[2025-01-28 15:35:30.539079] INFO: Sending result upload request
[2025-01-28 15:35:31.306066] INFO: Second request sent in 0.004000ms
[2025-01-28 15:35:31.894711] INFO: Result uploaded in 0.006000ms
[2025-01-28 15:35:32.377858] INFO: Process completed successfully. Total execution time: 32863.921000ms

