
[2025-01-28 15:35:14.336951] INFO: Process started with ID: 77
[2025-01-28 15:35:16.768482] INFO: First connection established in 0.219000ms
[2025-01-28 15:35:18.577522] INFO: Sending request: GET /http_server/send-object.php?ID=77 HTTP/1.1
Host: 192.168.100.3
Connection: close


[2025-01-28 15:35:20.546816] INFO: First request sent in 0.034000ms
[2025-01-28 15:35:22.649357] INFO: Time from request to first response:0.017000ms
[2025-01-28 15:35:24.291941] INFO: Received headers - MPI-Rank: 91, Group-ID: 1, Job-ID: 3, Sub-Job-ID: 92, Rank-Count: 128
[2025-01-28 15:35:25.320012] INFO: Receive loop #1 received 16384 bytes in 2669.575000ms
[2025-01-28 15:35:26.443572] INFO: Receive loop #2 received 30 bytes in 0.009000ms
[2025-01-28 15:35:27.285816] INFO: Response received in 4644.583000ms
[2025-01-28 15:35:28.425124] INFO: File saved in 0.033000ms
[2025-01-28 15:35:29.209929] INFO: File saved to: /home/vc/kurotaka/objects/temp_77
[2025-01-28 15:35:29.943311] INFO: Execution permission granted to: /home/vc/kurotaka/objects/temp_77
[2025-01-28 15:35:30.585813] INFO: Executing command: /home/vc/kurotaka/objects/temp_77 91 128
[2025-01-28 15:35:31.345215] INFO: Command executed in 0.466000ms
[2025-01-28 15:35:31.911797] INFO: Result saved to: /home/vc/kurotaka/results/result_77
[2025-01-28 15:35:32.411891] INFO: Second connection established in 0.158000ms
[2025-01-28 15:35:33.000579] INFO: Sending result upload request
[2025-01-28 15:35:33.406519] INFO: Second request sent in 0.004000ms
[2025-01-28 15:35:33.692334] INFO: Result uploaded in 0.006000ms
[2025-01-28 15:35:34.077071] INFO: Process completed successfully. Total execution time: 34601.155000ms

