
[2025-01-28 15:35:18.659929] INFO: Process started with ID: 202
[2025-01-28 15:35:20.622001] INFO: First connection established in 0.281000ms
[2025-01-28 15:35:22.649314] INFO: Sending request: GET /http_server/send-object.php?ID=202 HTTP/1.1
Host: 192.168.100.3
Connection: close


[2025-01-28 15:35:24.291911] INFO: First request sent in 0.025000ms
[2025-01-28 15:35:25.319902] INFO: Time from request to first response:0.018000ms
[2025-01-28 15:35:26.362454] INFO: Received headers - MPI-Rank: 117, Group-ID: 1, Job-ID: 3, Sub-Job-ID: 118, Rank-Count: 128
[2025-01-28 15:35:27.139129] INFO: Receive loop #1 received 16384 bytes in 1877.124000ms
[2025-01-28 15:35:28.295399] INFO: Receive loop #2 received 32 bytes in 0.007000ms
[2025-01-28 15:35:29.035627] INFO: Response received in 3782.145000ms
[2025-01-28 15:35:29.940126] INFO: File saved in 0.027000ms
[2025-01-28 15:35:30.539537] INFO: File saved to: /home/vc/kurotaka/objects/temp_202
[2025-01-28 15:35:31.344030] INFO: Execution permission granted to: /home/vc/kurotaka/objects/temp_202
[2025-01-28 15:35:31.910932] INFO: Executing command: /home/vc/kurotaka/objects/temp_202 117 128
[2025-01-28 15:35:32.396391] INFO: Command executed in 0.487000ms
[2025-01-28 15:35:32.944392] INFO: Result saved to: /home/vc/kurotaka/results/result_202
[2025-01-28 15:35:33.345452] INFO: Second connection established in 0.052000ms
[2025-01-28 15:35:33.655896] INFO: Sending result upload request
[2025-01-28 15:35:33.954207] INFO: Second request sent in 0.003000ms
[2025-01-28 15:35:34.234812] INFO: Result uploaded in 0.006000ms
[2025-01-28 15:35:34.510220] INFO: Process completed successfully. Total execution time: 35121.515000ms

