
[2025-01-31 15:37:30.945592] INFO: Process started with ID: 7
[2025-01-31 15:37:30.969128] INFO: First connection established in 0.139000ms
[2025-01-31 15:37:31.043115] INFO: Sending request: GET /http_server/send-object.php?ID=7 HTTP/1.1
Host: 192.168.100.3
Connection: close


[2025-01-31 15:37:31.100896] INFO: First request sent in 0.033000ms
[2025-01-31 15:37:31.233461] INFO: Time from request to first response in 94.600000ms
[2025-01-31 15:37:31.359360] INFO: Received headers - MPI-Rank: 6, Group-ID: 1, Job-ID: 1, Sub-Job-ID: 7, Rank-Count: 16
[2025-01-31 15:37:31.435562] INFO: Receive loop #1 received 5792 bytes in 170.839000ms
[2025-01-31 15:37:31.509794] INFO: Receive loop #2 received 16384 bytes in 0.032000ms
[2025-01-31 15:37:31.566608] INFO: Receive loop #3 received 16384 bytes in 0.054000ms
[2025-01-31 15:37:31.665122] INFO: Receive loop #4 received 16384 bytes in 0.083000ms
[2025-01-31 15:37:31.736066] INFO: Receive loop #5 received 16384 bytes in 0.030000ms
[2025-01-31 15:37:31.806091] INFO: Receive loop #6 received 16384 bytes in 0.024000ms
[2025-01-31 15:37:31.893143] INFO: Receive loop #7 received 16384 bytes in 0.192000ms
[2025-01-31 15:37:31.950396] INFO: Receive loop #8 received 16384 bytes in 0.028000ms
[2025-01-31 15:37:32.057446] INFO: Receive loop #9 received 16384 bytes in 0.029000ms
[2025-01-31 15:37:32.151806] INFO: Receive loop #10 received 16384 bytes in 0.028000ms
[2025-01-31 15:37:32.229673] INFO: Receive loop #11 received 16384 bytes in 0.058000ms
[2025-01-31 15:37:32.299486] INFO: Receive loop #12 received 16384 bytes in 0.314000ms
[2025-01-31 15:37:32.398276] INFO: Receive loop #13 received 1868 bytes in 0.001000ms
[2025-01-31 15:37:32.502172] INFO: Response received in 1314.028000ms
[2025-01-31 15:37:32.641067] INFO: File saved in 0.487000ms
[2025-01-31 15:37:32.751731] INFO: File saved to: /home/vc/kurotaka/objects/temp_7
[2025-01-31 15:37:32.917403] INFO: Execution permission granted to: /home/vc/kurotaka/objects/temp_7
[2025-01-31 15:37:33.040000] INFO: Executing command: /home/vc/kurotaka/objects/temp_7 6 16 1
[2025-01-31 15:37:34.717496] INFO: Command executed in 1560.026000ms
[2025-01-31 15:37:34.779215] INFO: Result saved to: /home/vc/kurotaka/results/result_7
[2025-01-31 15:37:34.872900] INFO: Second connection established in 0.305000ms
[2025-01-31 15:37:34.947749] INFO: Sending result upload request
[2025-01-31 15:37:35.020935] INFO: Second request sent in 0.024000ms
[2025-01-31 15:37:35.129561] INFO: Result uploaded in 0.050000ms
[2025-01-31 15:37:35.255737] INFO: Process completed successfully. Total execution time in 4307.857000ms

