
[2025-01-31 17:45:27.295895] INFO: Process started with ID: 57
[2025-01-31 17:45:28.206729] INFO: First connection established in 0.165000ms
[2025-01-31 17:45:28.803785] INFO: Sending request: GET /http_server/send-object.php?ID=57 HTTP/1.1
Host: 192.168.100.3
Connection: close


[2025-01-31 17:45:29.383382] INFO: First request sent in 0.034000ms
[2025-01-31 17:45:29.946578] INFO: Time from request to first response in 0.025000ms
[2025-01-31 17:45:30.722247] INFO: Received headers - MPI-Rank: 116, Group-ID: 1, Job-ID: 1, Sub-Job-ID: 117, Rank-Count: 128
[2025-01-31 17:45:31.176942] INFO: Receive loop #1 received 16384 bytes in 1288.061000ms
[2025-01-31 17:45:31.734383] INFO: Receive loop #2 received 16384 bytes in 0.017000ms
[2025-01-31 17:45:32.483462] INFO: Receive loop #3 received 16384 bytes in 0.095000ms
[2025-01-31 17:45:33.135404] INFO: Receive loop #4 received 16384 bytes in 0.142000ms
[2025-01-31 17:45:33.746843] INFO: Receive loop #5 received 16384 bytes in 0.034000ms
[2025-01-31 17:45:34.552063] INFO: Receive loop #6 received 16384 bytes in 0.034000ms
[2025-01-31 17:45:35.542977] INFO: Receive loop #7 received 16384 bytes in 0.029000ms
[2025-01-31 17:45:36.196435] INFO: Receive loop #8 received 16384 bytes in 0.247000ms
[2025-01-31 17:45:36.992916] INFO: Receive loop #9 received 16384 bytes in 0.029000ms
[2025-01-31 17:45:37.411282] INFO: Receive loop #10 received 16384 bytes in 0.035000ms
[2025-01-31 17:45:37.934320] INFO: Receive loop #11 received 16384 bytes in 0.030000ms
[2025-01-31 17:45:38.721321] INFO: Receive loop #12 received 7665 bytes in 0.018000ms
[2025-01-31 17:45:39.248071] INFO: Response received in 9253.303000ms
[2025-01-31 17:45:39.696545] INFO: File saved in 0.488000ms
[2025-01-31 17:45:40.020691] INFO: File saved to: /home/vc/kurotaka/objects/temp_57
[2025-01-31 17:45:40.657756] INFO: Execution permission granted to: /home/vc/kurotaka/objects/temp_57
[2025-01-31 17:45:40.826187] INFO: Executing command: /home/vc/kurotaka/objects/temp_57 116 128 1
[2025-01-31 17:45:44.843604] INFO: Command executed in 3289.418000ms
[2025-01-31 17:45:46.237739] INFO: Result saved to: /home/vc/kurotaka/results/result_57
[2025-01-31 17:45:46.843905] INFO: Second connection established in 0.282000ms
[2025-01-31 17:45:47.868566] INFO: Sending result upload request
[2025-01-31 17:45:49.329786] INFO: Second request sent in 0.029000ms
[2025-01-31 17:45:49.873184] INFO: Result uploaded in 0.051000ms
[2025-01-31 17:45:50.459986] INFO: Process completed successfully. Total execution time in 26132.181000ms

