
[2025-01-31 17:45:24.476147] INFO: Process started with ID: 91
[2025-01-31 17:45:24.751586] INFO: First connection established in 0.220000ms
[2025-01-31 17:45:25.208833] INFO: Sending request: GET /http_server/send-object.php?ID=91 HTTP/1.1
Host: 192.168.100.3
Connection: close


[2025-01-31 17:45:25.854586] INFO: First request sent in 0.034000ms
[2025-01-31 17:45:26.475163] INFO: Time from request to first response in 0.029000ms
[2025-01-31 17:45:27.009586] INFO: Received headers - MPI-Rank: 40, Group-ID: 1, Job-ID: 1, Sub-Job-ID: 41, Rank-Count: 128
[2025-01-31 17:45:27.837144] INFO: Receive loop #1 received 16384 bytes in 1205.616000ms
[2025-01-31 17:45:28.664947] INFO: Receive loop #2 received 16384 bytes in 0.075000ms
[2025-01-31 17:45:29.302490] INFO: Receive loop #3 received 16384 bytes in 0.095000ms
[2025-01-31 17:45:29.853600] INFO: Receive loop #4 received 16384 bytes in 0.150000ms
[2025-01-31 17:45:30.635863] INFO: Receive loop #5 received 16384 bytes in 0.035000ms
[2025-01-31 17:45:31.136044] INFO: Receive loop #6 received 16384 bytes in 0.029000ms
[2025-01-31 17:45:31.690058] INFO: Receive loop #7 received 16384 bytes in 0.030000ms
[2025-01-31 17:45:32.409491] INFO: Receive loop #8 received 16384 bytes in 0.246000ms
[2025-01-31 17:45:33.104404] INFO: Receive loop #9 received 16384 bytes in 0.036000ms
[2025-01-31 17:45:33.658615] INFO: Receive loop #10 received 16384 bytes in 0.033000ms
[2025-01-31 17:45:34.494608] INFO: Receive loop #11 received 16384 bytes in 0.033000ms
[2025-01-31 17:45:35.443871] INFO: Receive loop #12 received 7663 bytes in 0.018000ms
[2025-01-31 17:45:35.940117] INFO: Response received in 9444.699000ms
[2025-01-31 17:45:36.622134] INFO: File saved in 0.459000ms
[2025-01-31 17:45:37.240902] INFO: File saved to: /home/vc/kurotaka/objects/temp_91
[2025-01-31 17:45:37.675642] INFO: Execution permission granted to: /home/vc/kurotaka/objects/temp_91
[2025-01-31 17:45:38.192572] INFO: Executing command: /home/vc/kurotaka/objects/temp_91 40 128 1
[2025-01-31 17:45:45.088655] INFO: Command executed in 6216.037000ms
[2025-01-31 17:45:46.278224] INFO: Result saved to: /home/vc/kurotaka/results/result_91
[2025-01-31 17:45:46.914575] INFO: Second connection established in 0.189000ms
[2025-01-31 17:45:48.032661] INFO: Sending result upload request
[2025-01-31 17:45:49.456636] INFO: Second request sent in 0.026000ms
[2025-01-31 17:45:49.999646] INFO: Result uploaded in 0.052000ms
[2025-01-31 17:45:50.575318] INFO: Process completed successfully. Total execution time in 26207.434000ms

