
[2025-01-30 12:28:28] Program started at 2025-01-30 12:28:28.88
[2025-01-30 12:28:28] [getClientID] MySQL connection established. Execution time: 0.371 ms
[2025-01-30 12:28:28] [getClientID] SELECT table_name FROM table_registry WHERE id = :job_id / Execution time: 0.195 ms
[2025-01-30 12:28:28] [getClientID] SELECT client FROM `matrix` WHERE id = :sub_job_id / Execution time: 0.319 ms
[2025-01-30 12:28:28] getClientID completed. Execution time: 0.993 ms
[2025-01-30 12:28:28] Read file completed. Execution time: 0.007 ms
[2025-01-30 12:28:28] File saved successfully: uploads/job_1/group_1/result_2
[2025-01-30 12:28:28] [updateStatus] MySQL connection established. Execution time: 0.077 ms
[2025-01-30 12:28:28] [updateStatus] SELECT table_name FROM table_registry WHERE id = :job_id FOR UPDATE / Execution time: 2.216 ms
[2025-01-30 12:28:28] [updateStatus] UPDATE `matrix` SET status = :status WHERE id = :sub_job_id / Execution time: 0.278 ms
[2025-01-30 12:28:28] [updateStatus] SELECT COUNT_RECORDS FROM `matrix` / Execution time: 0.226 ms
[2025-01-30 12:28:28] [updateStatus] UPDATE table_registry SET status = :status WHERE id = :job_id / Execution time: 0.108 ms
[2025-01-30 12:28:28] updateStatus completed. Execution time: 89.560 ms
[2025-01-30 12:28:28] Write file completed. Execution time: 90.102 ms
[2025-01-30 12:28:28] [getGroupStatus] MySQL connection established. Execution time: 0.090 ms
[2025-01-30 12:28:28] [getGroupStatus] SELECT table_name FROM table_registry WHERE id = :job_id / Execution time: 0.320 ms
[2025-01-30 12:28:28] [getGroupStatus] SELECT status FROM `matrix` WHERE group_id = :group_id / Execution time: 0.477 ms
[2025-01-30 12:28:28] getGroupStatus completed. Execution time: 1.054 ms
[2025-01-30 12:28:28] Group 1 is not completed yet.
[2025-01-30 12:28:28] Program completed. Total execution time: 95.109 ms

