
[2025-01-31 17:50:51] Program started at 2025-01-31 17:50:51.3298
[2025-01-31 17:50:51] [getClientID] MySQL connection established. Execution time: 0.851 ms
[2025-01-31 17:50:51] [getClientID] SELECT table_name FROM table_registry WHERE id = :job_id / Execution time: 0.345 ms
[2025-01-31 17:50:51] [getClientID] SELECT client FROM `matrix` WHERE id = :sub_job_id / Execution time: 0.179 ms
[2025-01-31 17:50:51] getClientID completed. Execution time: 1.483 ms
[2025-01-31 17:50:51] Read file completed. Execution time: 0.007 ms
[2025-01-31 17:50:51] File saved successfully: uploads/job_1/group_1/result_0
[2025-01-31 17:50:51] [updateStatus] MySQL connection established. Execution time: 0.089 ms
[2025-01-31 17:50:51] [updateStatus] SELECT table_name FROM table_registry WHERE id = :job_id FOR UPDATE / Execution time: 0.187 ms
[2025-01-31 17:50:51] [updateStatus] UPDATE `matrix` SET status = :status WHERE id = :sub_job_id / Execution time: 0.212 ms
[2025-01-31 17:50:51] [updateStatus] SELECT COUNT_RECORDS FROM `matrix` / Execution time: 0.251 ms
[2025-01-31 17:50:51] [updateStatus] SELECT group_id FROM `matrix` ORDER BY id DESC LIMIT 1 / Execution time: 0.158 ms
[2025-01-31 17:50:51] [updateStatus] UPDATE table_registry SET status = :status WHERE id = :job_id / Execution time: 0.369 ms
[2025-01-31 17:50:51] updateStatus completed. Execution time: 4.478 ms
[2025-01-31 17:50:51] Write file completed. Execution time: 4.663 ms
[2025-01-31 17:50:51] [getGroupStatus] MySQL connection established. Execution time: 0.056 ms
[2025-01-31 17:50:51] [getGroupStatus] SELECT table_name FROM table_registry WHERE id = :job_id / Execution time: 0.222 ms
[2025-01-31 17:50:51] [getGroupStatus] SELECT status FROM `matrix` WHERE group_id = :group_id / Execution time: 0.405 ms
[2025-01-31 17:50:51] getGroupStatus completed. Execution time: 0.770 ms
[2025-01-31 17:50:51] Merge request completed. Execution time (not actual merge.php execution time, but just request): 4.346 ms
[2025-01-31 17:50:51] Majority request completed. Execution time (not actual script execution time, but just request): 2.761 ms
[2025-01-31 17:50:51] Program completed. Total execution time: 17.216 ms

