
[2025-01-31 16:00:21.021987] INFO: Process started with ID: 53
[2025-01-31 16:00:21.360420] INFO: First connection established in 0.221000ms
[2025-01-31 16:00:21.733397] INFO: Sending request: GET /http_server/send-object.php?ID=53 HTTP/1.1
Host: 192.168.100.3
Connection: close


[2025-01-31 16:00:22.214366] INFO: First request sent in 0.036000ms
[2025-01-31 16:00:22.803110] INFO: Time from request to first response in 0.032000ms
[2025-01-31 16:00:23.359404] INFO: Received headers - MPI-Rank: 37, Group-ID: 1, Job-ID: 1, Sub-Job-ID: 38, Rank-Count: 64
[2025-01-31 16:00:23.811853] INFO: Receive loop #1 received 16384 bytes in 1058.229000ms
[2025-01-31 16:00:24.050232] INFO: Receive loop #2 received 16384 bytes in 0.116000ms
[2025-01-31 16:00:24.418422] INFO: Receive loop #3 received 16384 bytes in 0.091000ms
[2025-01-31 16:00:24.814732] INFO: Receive loop #4 received 16384 bytes in 0.153000ms
[2025-01-31 16:00:25.350382] INFO: Receive loop #5 received 16384 bytes in 0.031000ms
[2025-01-31 16:00:25.695765] INFO: Receive loop #6 received 16384 bytes in 0.034000ms
[2025-01-31 16:00:26.133693] INFO: Receive loop #7 received 16384 bytes in 0.030000ms
[2025-01-31 16:00:26.403048] INFO: Receive loop #8 received 16384 bytes in 0.309000ms
[2025-01-31 16:00:26.628505] INFO: Receive loop #9 received 16384 bytes in 0.028000ms
[2025-01-31 16:00:26.875519] INFO: Receive loop #10 received 16384 bytes in 0.035000ms
[2025-01-31 16:00:27.102831] INFO: Receive loop #11 received 16384 bytes in 0.036000ms
[2025-01-31 16:00:27.293482] INFO: Receive loop #12 received 7662 bytes in 0.018000ms
[2025-01-31 16:00:27.559227] INFO: Response received in 4794.205000ms
[2025-01-31 16:00:27.950266] INFO: File saved in 0.452000ms
[2025-01-31 16:00:28.173815] INFO: File saved to: /home/vc/kurotaka/objects/temp_53
[2025-01-31 16:00:28.381847] INFO: Execution permission granted to: /home/vc/kurotaka/objects/temp_53
[2025-01-31 16:00:28.700804] INFO: Executing command: /home/vc/kurotaka/objects/temp_53 37 64 1
[2025-01-31 16:00:32.208560] INFO: Command executed in 3133.493000ms
[2025-01-31 16:00:32.464159] INFO: Result saved to: /home/vc/kurotaka/results/result_53
[2025-01-31 16:00:32.805577] INFO: Second connection established in 0.230000ms
[2025-01-31 16:00:33.199579] INFO: Sending result upload request
[2025-01-31 16:00:33.397513] INFO: Second request sent in 0.028000ms
[2025-01-31 16:00:33.695108] INFO: Result uploaded in 0.008000ms
[2025-01-31 16:00:34.056791] INFO: Process completed successfully. Total execution time in 13176.300000ms

