
[2025-01-31 17:07:04] Program started at 2025-01-31 17:07:04.7002
[2025-01-31 17:07:04] [getClientID] MySQL connection established. Execution time: 0.547 ms
[2025-01-31 17:07:04] [getClientID] SELECT table_name FROM table_registry WHERE id = :job_id / Execution time: 0.340 ms
[2025-01-31 17:07:04] [getClientID] SELECT client FROM `matrix` WHERE id = :sub_job_id / Execution time: 0.209 ms
[2025-01-31 17:07:04] getClientID completed. Execution time: 1.293 ms
[2025-01-31 17:07:04] Read file completed. Execution time: 0.012 ms
[2025-01-31 17:07:04] File saved successfully: uploads/job_1/group_1/result_56
[2025-01-31 17:07:04] [updateStatus] MySQL connection established. Execution time: 0.092 ms
[2025-01-31 17:07:04] [updateStatus] SELECT table_name FROM table_registry WHERE id = :job_id FOR UPDATE / Execution time: 0.192 ms
[2025-01-31 17:07:04] [updateStatus] UPDATE `matrix` SET status = :status WHERE id = :sub_job_id / Execution time: 0.228 ms
[2025-01-31 17:07:04] [updateStatus] SELECT COUNT_RECORDS FROM `matrix` / Execution time: 0.324 ms
[2025-01-31 17:07:04] [updateStatus] UPDATE table_registry SET status = :status WHERE id = :job_id / Execution time: 0.159 ms
[2025-01-31 17:07:04] updateStatus completed. Execution time: 106.979 ms
[2025-01-31 17:07:04] Write file completed. Execution time: 107.835 ms
[2025-01-31 17:07:04] [getGroupStatus] MySQL connection established. Execution time: 0.152 ms
[2025-01-31 17:07:04] [getGroupStatus] SELECT table_name FROM table_registry WHERE id = :job_id / Execution time: 0.296 ms
[2025-01-31 17:07:04] [getGroupStatus] SELECT status FROM `matrix` WHERE group_id = :group_id / Execution time: 0.389 ms
[2025-01-31 17:07:04] getGroupStatus completed. Execution time: 1.009 ms
[2025-01-31 17:07:04] Group 1 is not completed yet.
[2025-01-31 17:07:04] Program completed. Total execution time: 112.805 ms

