
[2025-01-31 16:51:10] Program started at 2025-01-31 16:51:10.5986
[2025-01-31 16:51:10] [getClientID] MySQL connection established. Execution time: 1.069 ms
[2025-01-31 16:51:10] [getClientID] SELECT table_name FROM table_registry WHERE id = :job_id / Execution time: 0.395 ms
[2025-01-31 16:51:10] [getClientID] SELECT client FROM `matrix` WHERE id = :sub_job_id / Execution time: 0.200 ms
[2025-01-31 16:51:10] getClientID completed. Execution time: 2.033 ms
[2025-01-31 16:51:10] Read file completed. Execution time: 0.007 ms
[2025-01-31 16:51:10] File saved successfully: uploads/job_1/group_1/result_6
[2025-01-31 16:51:10] [updateStatus] MySQL connection established. Execution time: 0.078 ms
[2025-01-31 16:51:10] [updateStatus] SELECT table_name FROM table_registry WHERE id = :job_id FOR UPDATE / Execution time: 1.057 ms
[2025-01-31 16:51:10] [updateStatus] UPDATE `matrix` SET status = :status WHERE id = :sub_job_id / Execution time: 0.306 ms
[2025-01-31 16:51:10] [updateStatus] SELECT COUNT_RECORDS FROM `matrix` / Execution time: 0.247 ms
[2025-01-31 16:51:10] [updateStatus] UPDATE table_registry SET status = :status WHERE id = :job_id / Execution time: 0.146 ms
[2025-01-31 16:51:10] updateStatus completed. Execution time: 121.774 ms
[2025-01-31 16:51:10] Write file completed. Execution time: 122.022 ms
[2025-01-31 16:51:10] [getGroupStatus] MySQL connection established. Execution time: 0.088 ms
[2025-01-31 16:51:10] [getGroupStatus] SELECT table_name FROM table_registry WHERE id = :job_id / Execution time: 0.306 ms
[2025-01-31 16:51:10] [getGroupStatus] SELECT status FROM `matrix` WHERE group_id = :group_id / Execution time: 0.275 ms
[2025-01-31 16:51:10] getGroupStatus completed. Execution time: 0.855 ms
[2025-01-31 16:51:10] Merge request completed. Execution time (not actual merge.php execution time, but just request): 6.024 ms
[2025-01-31 16:51:10] Program completed. Total execution time: 134.103 ms

