
[2025-01-31 17:44:24.672289] INFO: Process started with ID: 27
[2025-01-31 17:44:24.776289] INFO: First connection established in 0.213000ms
[2025-01-31 17:44:24.919408] INFO: Sending request: GET /http_server/send-object.php?ID=27 HTTP/1.1
Host: 192.168.100.3
Connection: close


[2025-01-31 17:44:25.078684] INFO: First request sent in 0.035000ms
[2025-01-31 17:44:25.225313] INFO: Time from request to first response in 0.006000ms
[2025-01-31 17:44:25.400084] INFO: Received headers - MPI-Rank: 3, Group-ID: 1, Job-ID: 1, Sub-Job-ID: 4, Rank-Count: 32
[2025-01-31 17:44:25.549381] INFO: Receive loop #1 received 16384 bytes in 340.474000ms
[2025-01-31 17:44:25.695059] INFO: Receive loop #2 received 16384 bytes in 0.062000ms
[2025-01-31 17:44:25.851686] INFO: Receive loop #3 received 16384 bytes in 0.084000ms
[2025-01-31 17:44:26.100208] INFO: Receive loop #4 received 16384 bytes in 0.108000ms
[2025-01-31 17:44:26.291584] INFO: Receive loop #5 received 16384 bytes in 0.029000ms
[2025-01-31 17:44:26.506770] INFO: Receive loop #6 received 16384 bytes in 0.031000ms
[2025-01-31 17:44:26.693484] INFO: Receive loop #7 received 16384 bytes in 0.029000ms
[2025-01-31 17:44:26.809495] INFO: Receive loop #8 received 16384 bytes in 0.241000ms
[2025-01-31 17:44:26.953325] INFO: Receive loop #9 received 16384 bytes in 0.028000ms
[2025-01-31 17:44:27.089036] INFO: Receive loop #10 received 16384 bytes in 0.036000ms
[2025-01-31 17:44:27.249037] INFO: Receive loop #11 received 16384 bytes in 0.028000ms
[2025-01-31 17:44:27.397416] INFO: Receive loop #12 received 7660 bytes in 0.020000ms
[2025-01-31 17:44:27.560627] INFO: Response received in 2324.490000ms
[2025-01-31 17:44:27.813489] INFO: File saved in 0.461000ms
[2025-01-31 17:44:27.976268] INFO: File saved to: /home/vc/kurotaka/objects/temp_27
[2025-01-31 17:44:28.211876] INFO: Execution permission granted to: /home/vc/kurotaka/objects/temp_27
[2025-01-31 17:44:28.459925] INFO: Executing command: /home/vc/kurotaka/objects/temp_27 3 32 1
[2025-01-31 17:44:30.498330] INFO: Command executed in 1740.572000ms
[2025-01-31 17:44:30.593199] INFO: Result saved to: /home/vc/kurotaka/results/result_27
[2025-01-31 17:44:30.713231] INFO: Second connection established in 0.185000ms
[2025-01-31 17:44:30.795009] INFO: Sending result upload request
[2025-01-31 17:44:30.958913] INFO: Second request sent in 0.032000ms
[2025-01-31 17:44:31.100068] INFO: Result uploaded in 0.053000ms
[2025-01-31 17:44:31.267729] INFO: Process completed successfully. Total execution time in 6622.822000ms

