
[2025-01-31 17:44:24.759413] INFO: Process started with ID: 19
[2025-01-31 17:44:24.903514] INFO: First connection established in 0.345000ms
[2025-01-31 17:44:25.039671] INFO: Sending request: GET /http_server/send-object.php?ID=19 HTTP/1.1
Host: 192.168.100.3
Connection: close


[2025-01-31 17:44:25.190432] INFO: First request sent in 0.033000ms
[2025-01-31 17:44:25.347161] INFO: Time from request to first response in 0.036000ms
[2025-01-31 17:44:25.484943] INFO: Received headers - MPI-Rank: 18, Group-ID: 1, Job-ID: 1, Sub-Job-ID: 19, Rank-Count: 32
[2025-01-31 17:44:25.649776] INFO: Receive loop #1 received 16384 bytes in 298.988000ms
[2025-01-31 17:44:25.833990] INFO: Receive loop #2 received 16384 bytes in 0.059000ms
[2025-01-31 17:44:26.014040] INFO: Receive loop #3 received 16384 bytes in 0.076000ms
[2025-01-31 17:44:26.260622] INFO: Receive loop #4 received 16384 bytes in 0.111000ms
[2025-01-31 17:44:26.494487] INFO: Receive loop #5 received 16384 bytes in 0.030000ms
[2025-01-31 17:44:26.655954] INFO: Receive loop #6 received 16384 bytes in 0.029000ms
[2025-01-31 17:44:26.770198] INFO: Receive loop #7 received 16384 bytes in 0.030000ms
[2025-01-31 17:44:26.936055] INFO: Receive loop #8 received 16384 bytes in 0.243000ms
[2025-01-31 17:44:27.088893] INFO: Receive loop #9 received 16384 bytes in 0.028000ms
[2025-01-31 17:44:27.248985] INFO: Receive loop #10 received 16384 bytes in 0.027000ms
[2025-01-31 17:44:27.440948] INFO: Receive loop #11 received 16384 bytes in 0.028000ms
[2025-01-31 17:44:27.648641] INFO: Receive loop #12 received 7662 bytes in 0.018000ms
[2025-01-31 17:44:27.813585] INFO: Response received in 2461.455000ms
[2025-01-31 17:44:27.976151] INFO: File saved in 0.433000ms
[2025-01-31 17:44:28.158178] INFO: File saved to: /home/vc/kurotaka/objects/temp_19
[2025-01-31 17:44:28.429848] INFO: Execution permission granted to: /home/vc/kurotaka/objects/temp_19
[2025-01-31 17:44:28.605774] INFO: Executing command: /home/vc/kurotaka/objects/temp_19 18 32 1
[2025-01-31 17:44:30.499202] INFO: Command executed in 1624.378000ms
[2025-01-31 17:44:30.593350] INFO: Result saved to: /home/vc/kurotaka/results/result_19
[2025-01-31 17:44:30.746406] INFO: Second connection established in 0.175000ms
[2025-01-31 17:44:30.865238] INFO: Sending result upload request
[2025-01-31 17:44:31.010582] INFO: Second request sent in 0.031000ms
[2025-01-31 17:44:31.156651] INFO: Result uploaded in 0.052000ms
[2025-01-31 17:44:31.285310] INFO: Process completed successfully. Total execution time in 6641.668000ms

