
[2025-01-31 15:51:04] Program started at 2025-01-31 15:51:04.438
[2025-01-31 15:51:04] [getClientID] MySQL connection established. Execution time: 0.330 ms
[2025-01-31 15:51:04] [getClientID] SELECT table_name FROM table_registry WHERE id = :job_id / Execution time: 0.395 ms
[2025-01-31 15:51:04] [getClientID] SELECT client FROM `matrix` WHERE id = :sub_job_id / Execution time: 0.225 ms
[2025-01-31 15:51:04] getClientID completed. Execution time: 1.220 ms
[2025-01-31 15:51:04] Read file completed. Execution time: 0.014 ms
[2025-01-31 15:51:04] File saved successfully: uploads/job_1/group_1/result_296
[2025-01-31 15:51:04] [updateStatus] MySQL connection established. Execution time: 0.247 ms
[2025-01-31 15:51:04] [updateStatus] SELECT table_name FROM table_registry WHERE id = :job_id FOR UPDATE / Execution time: 1.118 ms
[2025-01-31 15:51:04] [updateStatus] UPDATE `matrix` SET status = :status WHERE id = :sub_job_id / Execution time: 0.289 ms
[2025-01-31 15:51:04] [updateStatus] SELECT COUNT_RECORDS FROM `matrix` / Execution time: 0.772 ms
[2025-01-31 15:51:04] [updateStatus] UPDATE table_registry SET status = :status WHERE id = :job_id / Execution time: 0.192 ms
[2025-01-31 15:51:05] updateStatus completed. Execution time: 587.907 ms
[2025-01-31 15:51:05] Write file completed. Execution time: 592.027 ms
[2025-01-31 15:51:05] [getGroupStatus] MySQL connection established. Execution time: 0.104 ms
[2025-01-31 15:51:05] [getGroupStatus] SELECT table_name FROM table_registry WHERE id = :job_id / Execution time: 0.206 ms
[2025-01-31 15:51:05] [getGroupStatus] SELECT status FROM `matrix` WHERE group_id = :group_id / Execution time: 1.082 ms
[2025-01-31 15:51:05] getGroupStatus completed. Execution time: 1.590 ms
[2025-01-31 15:51:05] Group 1 is not completed yet.
[2025-01-31 15:51:05] Program completed. Total execution time: 597.408 ms

