
[2025-01-31 15:50:46] Program started at 2025-01-31 15:50:46.6135
[2025-01-31 15:50:46] [getClientID] MySQL connection established. Execution time: 0.574 ms
[2025-01-31 15:50:46] [getClientID] SELECT table_name FROM table_registry WHERE id = :job_id / Execution time: 0.285 ms
[2025-01-31 15:50:46] [getClientID] SELECT client FROM `matrix` WHERE id = :sub_job_id / Execution time: 0.145 ms
[2025-01-31 15:50:46] getClientID completed. Execution time: 1.212 ms
[2025-01-31 15:50:46] Read file completed. Execution time: 0.014 ms
[2025-01-31 15:50:46] File saved successfully: uploads/job_1/group_1/result_244
[2025-01-31 15:50:46] [updateStatus] MySQL connection established. Execution time: 0.089 ms
[2025-01-31 15:50:46] [updateStatus] SELECT table_name FROM table_registry WHERE id = :job_id FOR UPDATE / Execution time: 1.295 ms
[2025-01-31 15:50:46] [updateStatus] UPDATE `matrix` SET status = :status WHERE id = :sub_job_id / Execution time: 0.193 ms
[2025-01-31 15:50:46] [updateStatus] SELECT COUNT_RECORDS FROM `matrix` / Execution time: 0.405 ms
[2025-01-31 15:50:46] [updateStatus] UPDATE table_registry SET status = :status WHERE id = :job_id / Execution time: 0.119 ms
[2025-01-31 15:50:46] updateStatus completed. Execution time: 63.047 ms
[2025-01-31 15:50:46] Write file completed. Execution time: 63.428 ms
[2025-01-31 15:50:46] [getGroupStatus] MySQL connection established. Execution time: 0.076 ms
[2025-01-31 15:50:46] [getGroupStatus] SELECT table_name FROM table_registry WHERE id = :job_id / Execution time: 0.196 ms
[2025-01-31 15:50:46] [getGroupStatus] SELECT status FROM `matrix` WHERE group_id = :group_id / Execution time: 0.938 ms
[2025-01-31 15:50:46] getGroupStatus completed. Execution time: 1.384 ms
[2025-01-31 15:50:46] Group 1 is not completed yet.
[2025-01-31 15:50:46] Program completed. Total execution time: 69.042 ms

