
[2025-01-31 15:50:51] Program started at 2025-01-31 15:50:51.0483
[2025-01-31 15:50:51] [getClientID] MySQL connection established. Execution time: 0.319 ms
[2025-01-31 15:50:51] [getClientID] SELECT table_name FROM table_registry WHERE id = :job_id / Execution time: 0.471 ms
[2025-01-31 15:50:51] [getClientID] SELECT client FROM `matrix` WHERE id = :sub_job_id / Execution time: 0.217 ms
[2025-01-31 15:50:51] getClientID completed. Execution time: 1.161 ms
[2025-01-31 15:50:51] Read file completed. Execution time: 0.011 ms
[2025-01-31 15:50:51] File saved successfully: uploads/job_1/group_1/result_385
[2025-01-31 15:50:51] [updateStatus] MySQL connection established. Execution time: 0.134 ms
[2025-01-31 15:50:51] [updateStatus] SELECT table_name FROM table_registry WHERE id = :job_id FOR UPDATE / Execution time: 0.236 ms
[2025-01-31 15:50:51] [updateStatus] UPDATE `matrix` SET status = :status WHERE id = :sub_job_id / Execution time: 0.183 ms
[2025-01-31 15:50:51] [updateStatus] SELECT COUNT_RECORDS FROM `matrix` / Execution time: 0.733 ms
[2025-01-31 15:50:51] [updateStatus] UPDATE table_registry SET status = :status WHERE id = :job_id / Execution time: 0.156 ms
[2025-01-31 15:50:51] updateStatus completed. Execution time: 3.444 ms
[2025-01-31 15:50:51] Write file completed. Execution time: 3.695 ms
[2025-01-31 15:50:51] [getGroupStatus] MySQL connection established. Execution time: 0.058 ms
[2025-01-31 15:50:51] [getGroupStatus] SELECT table_name FROM table_registry WHERE id = :job_id / Execution time: 0.236 ms
[2025-01-31 15:50:51] [getGroupStatus] SELECT status FROM `matrix` WHERE group_id = :group_id / Execution time: 1.128 ms
[2025-01-31 15:50:51] getGroupStatus completed. Execution time: 1.612 ms
[2025-01-31 15:50:51] Group 1 is not completed yet.
[2025-01-31 15:50:51] Program completed. Total execution time: 8.863 ms

