
[2025-01-31 15:51:00] Program started at 2025-01-31 15:51:00.0861
[2025-01-31 15:51:00] [getClientID] MySQL connection established. Execution time: 0.372 ms
[2025-01-31 15:51:00] [getClientID] SELECT table_name FROM table_registry WHERE id = :job_id / Execution time: 0.446 ms
[2025-01-31 15:51:00] [getClientID] SELECT client FROM `matrix` WHERE id = :sub_job_id / Execution time: 0.202 ms
[2025-01-31 15:51:00] getClientID completed. Execution time: 1.147 ms
[2025-01-31 15:51:00] Read file completed. Execution time: 0.008 ms
[2025-01-31 15:51:00] File saved successfully: uploads/job_1/group_1/result_253
[2025-01-31 15:51:00] [updateStatus] MySQL connection established. Execution time: 0.095 ms
[2025-01-31 15:51:00] [updateStatus] SELECT table_name FROM table_registry WHERE id = :job_id FOR UPDATE / Execution time: 0.199 ms
[2025-01-31 15:51:00] [updateStatus] UPDATE `matrix` SET status = :status WHERE id = :sub_job_id / Execution time: 0.218 ms
[2025-01-31 15:51:00] [updateStatus] SELECT COUNT_RECORDS FROM `matrix` / Execution time: 0.897 ms
[2025-01-31 15:51:00] [updateStatus] UPDATE table_registry SET status = :status WHERE id = :job_id / Execution time: 0.169 ms
[2025-01-31 15:51:00] updateStatus completed. Execution time: 3.563 ms
[2025-01-31 15:51:00] Write file completed. Execution time: 3.828 ms
[2025-01-31 15:51:00] [getGroupStatus] MySQL connection established. Execution time: 0.070 ms
[2025-01-31 15:51:00] [getGroupStatus] SELECT table_name FROM table_registry WHERE id = :job_id / Execution time: 0.214 ms
[2025-01-31 15:51:00] [getGroupStatus] SELECT status FROM `matrix` WHERE group_id = :group_id / Execution time: 1.078 ms
[2025-01-31 15:51:00] getGroupStatus completed. Execution time: 1.494 ms
[2025-01-31 15:51:00] Group 1 is not completed yet.
[2025-01-31 15:51:00] Program completed. Total execution time: 9.191 ms

