
[2025-01-31 15:50:52] Program started at 2025-01-31 15:50:52.582
[2025-01-31 15:50:52] [getClientID] MySQL connection established. Execution time: 0.415 ms
[2025-01-31 15:50:52] [getClientID] SELECT table_name FROM table_registry WHERE id = :job_id / Execution time: 0.496 ms
[2025-01-31 15:50:52] [getClientID] SELECT client FROM `matrix` WHERE id = :sub_job_id / Execution time: 0.221 ms
[2025-01-31 15:50:52] getClientID completed. Execution time: 1.402 ms
[2025-01-31 15:50:52] Read file completed. Execution time: 0.015 ms
[2025-01-31 15:50:52] File saved successfully: uploads/job_1/group_1/result_78
[2025-01-31 15:50:52] [updateStatus] MySQL connection established. Execution time: 0.123 ms
[2025-01-31 15:50:52] [updateStatus] SELECT table_name FROM table_registry WHERE id = :job_id FOR UPDATE / Execution time: 0.753 ms
[2025-01-31 15:50:52] [updateStatus] UPDATE `matrix` SET status = :status WHERE id = :sub_job_id / Execution time: 0.256 ms
[2025-01-31 15:50:52] [updateStatus] SELECT COUNT_RECORDS FROM `matrix` / Execution time: 0.864 ms
[2025-01-31 15:50:52] [updateStatus] UPDATE table_registry SET status = :status WHERE id = :job_id / Execution time: 0.134 ms
[2025-01-31 15:50:52] updateStatus completed. Execution time: 66.761 ms
[2025-01-31 15:50:52] Write file completed. Execution time: 67.091 ms
[2025-01-31 15:50:52] [getGroupStatus] MySQL connection established. Execution time: 0.054 ms
[2025-01-31 15:50:52] [getGroupStatus] SELECT table_name FROM table_registry WHERE id = :job_id / Execution time: 0.278 ms
[2025-01-31 15:50:52] [getGroupStatus] SELECT status FROM `matrix` WHERE group_id = :group_id / Execution time: 1.106 ms
[2025-01-31 15:50:52] getGroupStatus completed. Execution time: 1.618 ms
[2025-01-31 15:50:52] Group 1 is not completed yet.
[2025-01-31 15:50:52] Program completed. Total execution time: 72.917 ms

