
[2025-01-31 15:50:46] Program started at 2025-01-31 15:50:46.9408
[2025-01-31 15:50:46] [getClientID] MySQL connection established. Execution time: 0.399 ms
[2025-01-31 15:50:46] [getClientID] SELECT table_name FROM table_registry WHERE id = :job_id / Execution time: 0.417 ms
[2025-01-31 15:50:46] [getClientID] SELECT client FROM `matrix` WHERE id = :sub_job_id / Execution time: 0.265 ms
[2025-01-31 15:50:46] getClientID completed. Execution time: 1.412 ms
[2025-01-31 15:50:46] Read file completed. Execution time: 0.016 ms
[2025-01-31 15:50:46] File saved successfully: uploads/job_1/group_1/result_476
[2025-01-31 15:50:46] [updateStatus] MySQL connection established. Execution time: 0.147 ms
[2025-01-31 15:50:46] [updateStatus] SELECT table_name FROM table_registry WHERE id = :job_id FOR UPDATE / Execution time: 0.255 ms
[2025-01-31 15:50:46] [updateStatus] UPDATE `matrix` SET status = :status WHERE id = :sub_job_id / Execution time: 0.267 ms
[2025-01-31 15:50:46] [updateStatus] SELECT COUNT_RECORDS FROM `matrix` / Execution time: 0.888 ms
[2025-01-31 15:50:46] [updateStatus] UPDATE table_registry SET status = :status WHERE id = :job_id / Execution time: 0.207 ms
[2025-01-31 15:50:46] updateStatus completed. Execution time: 4.867 ms
[2025-01-31 15:50:46] Write file completed. Execution time: 5.244 ms
[2025-01-31 15:50:46] [getGroupStatus] MySQL connection established. Execution time: 0.067 ms
[2025-01-31 15:50:46] [getGroupStatus] SELECT table_name FROM table_registry WHERE id = :job_id / Execution time: 0.179 ms
[2025-01-31 15:50:46] [getGroupStatus] SELECT status FROM `matrix` WHERE group_id = :group_id / Execution time: 1.152 ms
[2025-01-31 15:50:46] getGroupStatus completed. Execution time: 1.617 ms
[2025-01-31 15:50:46] Group 1 is not completed yet.
[2025-01-31 15:50:46] Program completed. Total execution time: 11.167 ms

