
[2025-01-31 15:50:54] Program started at 2025-01-31 15:50:54.8713
[2025-01-31 15:50:54] [getClientID] MySQL connection established. Execution time: 0.239 ms
[2025-01-31 15:50:54] [getClientID] SELECT table_name FROM table_registry WHERE id = :job_id / Execution time: 0.362 ms
[2025-01-31 15:50:54] [getClientID] SELECT client FROM `matrix` WHERE id = :sub_job_id / Execution time: 0.250 ms
[2025-01-31 15:50:54] getClientID completed. Execution time: 1.028 ms
[2025-01-31 15:50:54] Read file completed. Execution time: 0.014 ms
[2025-01-31 15:50:54] File saved successfully: uploads/job_1/group_1/result_67
[2025-01-31 15:50:54] [updateStatus] MySQL connection established. Execution time: 0.143 ms
[2025-01-31 15:50:54] [updateStatus] SELECT table_name FROM table_registry WHERE id = :job_id FOR UPDATE / Execution time: 2.127 ms
[2025-01-31 15:50:54] [updateStatus] UPDATE `matrix` SET status = :status WHERE id = :sub_job_id / Execution time: 0.265 ms
[2025-01-31 15:50:54] [updateStatus] SELECT COUNT_RECORDS FROM `matrix` / Execution time: 0.717 ms
[2025-01-31 15:50:54] [updateStatus] UPDATE table_registry SET status = :status WHERE id = :job_id / Execution time: 0.162 ms
[2025-01-31 15:50:54] updateStatus completed. Execution time: 6.161 ms
[2025-01-31 15:50:54] Write file completed. Execution time: 6.563 ms
[2025-01-31 15:50:54] [getGroupStatus] MySQL connection established. Execution time: 0.081 ms
[2025-01-31 15:50:54] [getGroupStatus] SELECT table_name FROM table_registry WHERE id = :job_id / Execution time: 0.234 ms
[2025-01-31 15:50:54] [getGroupStatus] SELECT status FROM `matrix` WHERE group_id = :group_id / Execution time: 0.835 ms
[2025-01-31 15:50:54] getGroupStatus completed. Execution time: 1.258 ms
[2025-01-31 15:50:54] Group 1 is not completed yet.
[2025-01-31 15:50:54] Program completed. Total execution time: 11.557 ms

