
[2025-01-31 15:50:52] Program started at 2025-01-31 15:50:52.1359
[2025-01-31 15:50:52] [getClientID] MySQL connection established. Execution time: 0.373 ms
[2025-01-31 15:50:52] [getClientID] SELECT table_name FROM table_registry WHERE id = :job_id / Execution time: 0.485 ms
[2025-01-31 15:50:52] [getClientID] SELECT client FROM `matrix` WHERE id = :sub_job_id / Execution time: 0.218 ms
[2025-01-31 15:50:52] getClientID completed. Execution time: 1.371 ms
[2025-01-31 15:50:52] Read file completed. Execution time: 0.016 ms
[2025-01-31 15:50:52] File saved successfully: uploads/job_1/group_1/result_344
[2025-01-31 15:50:52] [updateStatus] MySQL connection established. Execution time: 0.259 ms
[2025-01-31 15:50:52] [updateStatus] SELECT table_name FROM table_registry WHERE id = :job_id FOR UPDATE / Execution time: 0.311 ms
[2025-01-31 15:50:52] [updateStatus] UPDATE `matrix` SET status = :status WHERE id = :sub_job_id / Execution time: 0.255 ms
[2025-01-31 15:50:52] [updateStatus] SELECT COUNT_RECORDS FROM `matrix` / Execution time: 0.993 ms
[2025-01-31 15:50:52] [updateStatus] UPDATE table_registry SET status = :status WHERE id = :job_id / Execution time: 0.211 ms
[2025-01-31 15:50:52] updateStatus completed. Execution time: 4.163 ms
[2025-01-31 15:50:52] Write file completed. Execution time: 4.516 ms
[2025-01-31 15:50:52] [getGroupStatus] MySQL connection established. Execution time: 0.059 ms
[2025-01-31 15:50:52] [getGroupStatus] SELECT table_name FROM table_registry WHERE id = :job_id / Execution time: 0.232 ms
[2025-01-31 15:50:52] [getGroupStatus] SELECT status FROM `matrix` WHERE group_id = :group_id / Execution time: 1.490 ms
[2025-01-31 15:50:52] getGroupStatus completed. Execution time: 2.017 ms
[2025-01-31 15:50:52] Group 1 is not completed yet.
[2025-01-31 15:50:52] Program completed. Total execution time: 9.800 ms

