
[2025-01-31 15:50:46] Program started at 2025-01-31 15:50:46.9741
[2025-01-31 15:50:46] [getClientID] MySQL connection established. Execution time: 0.616 ms
[2025-01-31 15:50:46] [getClientID] SELECT table_name FROM table_registry WHERE id = :job_id / Execution time: 0.318 ms
[2025-01-31 15:50:46] [getClientID] SELECT client FROM `matrix` WHERE id = :sub_job_id / Execution time: 0.414 ms
[2025-01-31 15:50:46] getClientID completed. Execution time: 1.634 ms
[2025-01-31 15:50:46] Read file completed. Execution time: 0.013 ms
[2025-01-31 15:50:46] File saved successfully: uploads/job_1/group_1/result_449
[2025-01-31 15:50:46] [updateStatus] MySQL connection established. Execution time: 0.256 ms
[2025-01-31 15:50:46] [updateStatus] SELECT table_name FROM table_registry WHERE id = :job_id FOR UPDATE / Execution time: 0.403 ms
[2025-01-31 15:50:46] [updateStatus] UPDATE `matrix` SET status = :status WHERE id = :sub_job_id / Execution time: 0.262 ms
[2025-01-31 15:50:46] [updateStatus] SELECT COUNT_RECORDS FROM `matrix` / Execution time: 0.901 ms
[2025-01-31 15:50:46] [updateStatus] UPDATE table_registry SET status = :status WHERE id = :job_id / Execution time: 0.178 ms
[2025-01-31 15:50:46] updateStatus completed. Execution time: 4.134 ms
[2025-01-31 15:50:46] Write file completed. Execution time: 4.419 ms
[2025-01-31 15:50:46] [getGroupStatus] MySQL connection established. Execution time: 0.051 ms
[2025-01-31 15:50:46] [getGroupStatus] SELECT table_name FROM table_registry WHERE id = :job_id / Execution time: 0.244 ms
[2025-01-31 15:50:46] [getGroupStatus] SELECT status FROM `matrix` WHERE group_id = :group_id / Execution time: 1.417 ms
[2025-01-31 15:50:46] getGroupStatus completed. Execution time: 1.940 ms
[2025-01-31 15:50:46] Group 1 is not completed yet.
[2025-01-31 15:50:46] Program completed. Total execution time: 10.863 ms

