
[2025-01-30 11:52:22.878953] INFO: Process started with ID: 74
[2025-01-30 11:52:23.477400] INFO: First connection established in 0.130000ms
[2025-01-30 11:52:23.978744] INFO: Sending request: GET /http_server/send-object.php?ID=74 HTTP/1.1
Host: 192.168.100.3
Connection: close


[2025-01-30 11:52:25.070241] INFO: First request sent in 0.035000ms
[2025-01-30 11:52:26.372537] INFO: Time from request to first response in 0.037000ms
[2025-01-30 11:52:26.963777] INFO: Received headers - MPI-Rank: 119, Group-ID: 1, Job-ID: 1, Sub-Job-ID: 120, Rank-Count: 128
[2025-01-30 11:52:28.061092] INFO: Receive loop #1 received 16384 bytes in 1618.601000ms
[2025-01-30 11:52:29.379084] INFO: Receive loop #2 received 16384 bytes in 0.068000ms
[2025-01-30 11:52:29.999300] INFO: Receive loop #3 received 16384 bytes in 0.085000ms
[2025-01-30 11:52:31.179679] INFO: Receive loop #4 received 16384 bytes in 0.138000ms
[2025-01-30 11:52:32.224448] INFO: Receive loop #5 received 16384 bytes in 0.030000ms
[2025-01-30 11:52:32.893518] INFO: Receive loop #6 received 16384 bytes in 0.029000ms
[2025-01-30 11:52:33.254269] INFO: Receive loop #7 received 16384 bytes in 0.029000ms
[2025-01-30 11:52:33.665773] INFO: Receive loop #8 received 16384 bytes in 0.238000ms
[2025-01-30 11:52:34.221559] INFO: Receive loop #9 received 16384 bytes in 0.031000ms
[2025-01-30 11:52:35.382541] INFO: Receive loop #10 received 16384 bytes in 0.030000ms
[2025-01-30 11:52:36.701144] INFO: Receive loop #11 received 16384 bytes in 0.029000ms
[2025-01-30 11:52:37.148032] INFO: Receive loop #12 received 7665 bytes in 0.022000ms
[2025-01-30 11:52:38.012562] INFO: Response received in 11462.090000ms
[2025-01-30 11:52:39.052844] INFO: File saved in 0.473000ms
[2025-01-30 11:52:39.305245] INFO: File saved to: /home/vc/kurotaka/objects/temp_74
[2025-01-30 11:52:39.888526] INFO: Execution permission granted to: /home/vc/kurotaka/objects/temp_74
[2025-01-30 11:52:40.024123] INFO: Executing command: /home/vc/kurotaka/objects/temp_74 119 128
[2025-01-30 11:52:44.334108] INFO: Command executed in 4049.480000ms
[2025-01-30 11:52:45.788377] INFO: Result saved to: /home/vc/kurotaka/results/result_74
[2025-01-30 11:52:46.585798] INFO: Second connection established in 0.216000ms
[2025-01-30 11:52:47.291965] INFO: Sending result upload request
[2025-01-30 11:52:47.910572] INFO: Second request sent in 0.026000ms
[2025-01-30 11:52:48.514099] INFO: Result uploaded in 0.014000ms
[2025-01-30 11:52:49.506634] INFO: Process completed successfully. Total execution time in 30418.939000ms

