
[2025-01-30 11:52:20.153162] INFO: Process started with ID: 72
[2025-01-30 11:52:20.978318] INFO: First connection established in 0.178000ms
[2025-01-30 11:52:21.762800] INFO: Sending request: GET /http_server/send-object.php?ID=72 HTTP/1.1
Host: 192.168.100.3
Connection: close


[2025-01-30 11:52:22.313417] INFO: First request sent in 0.034000ms
[2025-01-30 11:52:22.964092] INFO: Time from request to first response in 0.017000ms
[2025-01-30 11:52:23.525345] INFO: Received headers - MPI-Rank: 70, Group-ID: 1, Job-ID: 1, Sub-Job-ID: 71, Rank-Count: 128
[2025-01-30 11:52:24.197358] INFO: Receive loop #1 received 16384 bytes in 1121.980000ms
[2025-01-30 11:52:25.430282] INFO: Receive loop #2 received 16384 bytes in 0.060000ms
[2025-01-30 11:52:26.505400] INFO: Receive loop #3 received 16384 bytes in 0.014000ms
[2025-01-30 11:52:27.260179] INFO: Receive loop #4 received 16384 bytes in 0.110000ms
[2025-01-30 11:52:28.507634] INFO: Receive loop #5 received 16384 bytes in 0.038000ms
[2025-01-30 11:52:29.504646] INFO: Receive loop #6 received 16384 bytes in 0.028000ms
[2025-01-30 11:52:30.161923] INFO: Receive loop #7 received 16384 bytes in 0.028000ms
[2025-01-30 11:52:31.538897] INFO: Receive loop #8 received 16384 bytes in 0.330000ms
[2025-01-30 11:52:32.328745] INFO: Receive loop #9 received 16384 bytes in 0.031000ms
[2025-01-30 11:52:32.982432] INFO: Receive loop #10 received 16384 bytes in 0.028000ms
[2025-01-30 11:52:33.366654] INFO: Receive loop #11 received 16384 bytes in 0.028000ms
[2025-01-30 11:52:33.795783] INFO: Receive loop #12 received 7663 bytes in 0.019000ms
[2025-01-30 11:52:34.543717] INFO: Response received in 11403.377000ms
[2025-01-30 11:52:35.937204] INFO: File saved in 0.446000ms
[2025-01-30 11:52:36.890323] INFO: File saved to: /home/vc/kurotaka/objects/temp_72
[2025-01-30 11:52:37.981776] INFO: Execution permission granted to: /home/vc/kurotaka/objects/temp_72
[2025-01-30 11:52:38.871192] INFO: Executing command: /home/vc/kurotaka/objects/temp_72 70 128
[2025-01-30 11:52:43.959302] INFO: Command executed in 4273.329000ms
[2025-01-30 11:52:45.324109] INFO: Result saved to: /home/vc/kurotaka/results/result_72
[2025-01-30 11:52:46.399090] INFO: Second connection established in 0.268000ms
[2025-01-30 11:52:47.174248] INFO: Sending result upload request
[2025-01-30 11:52:47.701137] INFO: Second request sent in 0.029000ms
[2025-01-30 11:52:48.302372] INFO: Result uploaded in 0.054000ms
[2025-01-30 11:52:49.190477] INFO: Process completed successfully. Total execution time in 30168.703000ms

