
[2025-01-31 15:52:26] Program started at 2025-01-31 15:52:26.0148
[2025-01-31 15:52:26] [getClientID] MySQL connection established. Execution time: 0.755 ms
[2025-01-31 15:52:26] [getClientID] SELECT table_name FROM table_registry WHERE id = :job_id / Execution time: 0.368 ms
[2025-01-31 15:52:26] [getClientID] SELECT client FROM `matrix` WHERE id = :sub_job_id / Execution time: 0.263 ms
[2025-01-31 15:52:26] getClientID completed. Execution time: 1.619 ms
[2025-01-31 15:52:26] Read file completed. Execution time: 0.012 ms
[2025-01-31 15:52:26] File saved successfully: uploads/job_1/group_1/result_6
[2025-01-31 15:52:26] [updateStatus] MySQL connection established. Execution time: 0.121 ms
[2025-01-31 15:52:26] [updateStatus] SELECT table_name FROM table_registry WHERE id = :job_id FOR UPDATE / Execution time: 3.105 ms
[2025-01-31 15:52:26] [updateStatus] UPDATE `matrix` SET status = :status WHERE id = :sub_job_id / Execution time: 0.357 ms
[2025-01-31 15:52:26] [updateStatus] SELECT COUNT_RECORDS FROM `matrix` / Execution time: 0.290 ms
[2025-01-31 15:52:26] [updateStatus] UPDATE table_registry SET status = :status WHERE id = :job_id / Execution time: 0.173 ms
[2025-01-31 15:52:26] updateStatus completed. Execution time: 118.495 ms
[2025-01-31 15:52:26] Write file completed. Execution time: 118.914 ms
[2025-01-31 15:52:26] [getGroupStatus] MySQL connection established. Execution time: 0.095 ms
[2025-01-31 15:52:26] [getGroupStatus] SELECT table_name FROM table_registry WHERE id = :job_id / Execution time: 0.335 ms
[2025-01-31 15:52:26] [getGroupStatus] SELECT status FROM `matrix` WHERE group_id = :group_id / Execution time: 0.370 ms
[2025-01-31 15:52:26] getGroupStatus completed. Execution time: 0.984 ms
[2025-01-31 15:52:26] Merge request completed. Execution time (not actual merge.php execution time, but just request): 60.986 ms
[2025-01-31 15:52:26] Program completed. Total execution time: 185.764 ms

