
[2025-01-30 11:51:15.981611] INFO: Process started with ID: 1
[2025-01-30 11:51:16.041532] INFO: First connection established in 0.274000ms
[2025-01-30 11:51:16.102400] INFO: Sending request: GET /http_server/send-object.php?ID=1 HTTP/1.1
Host: 192.168.100.3
Connection: close


[2025-01-30 11:51:16.231137] INFO: First request sent in 0.031000ms
[2025-01-30 11:51:16.425451] INFO: Time from request to first response in 0.031000ms
[2025-01-30 11:51:16.614859] INFO: Received headers - MPI-Rank: 5, Group-ID: 1, Job-ID: 1, Sub-Job-ID: 6, Rank-Count: 32
[2025-01-30 11:51:16.823825] INFO: Receive loop #1 received 16384 bytes in 409.297000ms
[2025-01-30 11:51:17.024175] INFO: Receive loop #2 received 16384 bytes in 0.056000ms
[2025-01-30 11:51:17.375761] INFO: Receive loop #3 received 16384 bytes in 0.072000ms
[2025-01-30 11:51:17.639029] INFO: Receive loop #4 received 16384 bytes in 0.107000ms
[2025-01-30 11:51:17.963298] INFO: Receive loop #5 received 16384 bytes in 0.027000ms
[2025-01-30 11:51:18.216430] INFO: Receive loop #6 received 16384 bytes in 0.029000ms
[2025-01-30 11:51:18.644746] INFO: Receive loop #7 received 16384 bytes in 0.030000ms
[2025-01-30 11:51:19.092193] INFO: Receive loop #8 received 16384 bytes in 0.240000ms
[2025-01-30 11:51:19.235680] INFO: Receive loop #9 received 16384 bytes in 0.029000ms
[2025-01-30 11:51:19.387597] INFO: Receive loop #10 received 16384 bytes in 0.028000ms
[2025-01-30 11:51:19.526998] INFO: Receive loop #11 received 16384 bytes in 0.028000ms
[2025-01-30 11:51:19.715621] INFO: Receive loop #12 received 7660 bytes in 0.019000ms
[2025-01-30 11:51:19.891135] INFO: Response received in 3485.464000ms
[2025-01-30 11:51:20.055399] INFO: File saved in 0.436000ms
[2025-01-30 11:51:20.159587] INFO: File saved to: /home/vc/kurotaka/objects/temp_1
[2025-01-30 11:51:20.306861] INFO: Execution permission granted to: /home/vc/kurotaka/objects/temp_1
[2025-01-30 11:51:20.448730] INFO: Executing command: /home/vc/kurotaka/objects/temp_1 5 32
[2025-01-30 11:51:22.934633] INFO: Command executed in 2310.932000ms
[2025-01-30 11:51:23.009745] INFO: Result saved to: /home/vc/kurotaka/results/result_1
[2025-01-30 11:51:23.124025] INFO: Second connection established in 0.270000ms
[2025-01-30 11:51:23.233055] INFO: Sending result upload request
[2025-01-30 11:51:23.323756] INFO: Second request sent in 0.026000ms
[2025-01-30 11:51:23.428713] INFO: Result uploaded in 0.053000ms
[2025-01-30 11:51:23.495098] INFO: Process completed successfully. Total execution time in 7561.407000ms

