
[2025-01-16 19:22:23.702389] INFO: Process started with ID: 1
[2025-01-16 19:22:23.764659] INFO: First connection established in 0.233000ms
[2025-01-16 19:22:23.812814] INFO: Sending request: GET /http_server/send-object.php?ID=1 HTTP/1.1
Host: 192.168.100.3
Connection: close


[2025-01-16 19:22:23.853292] INFO: First request sent in 0.022000ms
[2025-01-16 19:22:23.953306] INFO: Time from request to first response in 75.690000ms
[2025-01-16 19:22:24.011411] INFO: Received headers - MPI-Rank: 7, Group-ID: 1, Job-ID: 1, Sub-Job-ID: 8, Rank-Count: 8
[2025-01-16 19:22:24.108388] INFO: Receive loop #1 received 8688 bytes in 154.957000ms
[2025-01-16 19:22:24.156630] INFO: Receive loop #2 received 16384 bytes in 0.042000ms
[2025-01-16 19:22:24.241233] INFO: Receive loop #3 received 16384 bytes in 0.072000ms
[2025-01-16 19:22:24.267326] INFO: Receive loop #4 received 16384 bytes in 0.091000ms
[2025-01-16 19:22:24.341331] INFO: Receive loop #5 received 16384 bytes in 0.029000ms
[2025-01-16 19:22:24.400364] INFO: Receive loop #6 received 16384 bytes in 0.030000ms
[2025-01-16 19:22:24.483610] INFO: Receive loop #7 received 16384 bytes in 0.199000ms
[2025-01-16 19:22:24.530312] INFO: Receive loop #8 received 16384 bytes in 0.030000ms
[2025-01-16 19:22:24.589839] INFO: Receive loop #9 received 16384 bytes in 0.030000ms
[2025-01-16 19:22:24.653572] INFO: Receive loop #10 received 16384 bytes in 0.027000ms
[2025-01-16 19:22:24.715410] INFO: Receive loop #11 received 16384 bytes in 0.028000ms
[2025-01-16 19:22:24.783116] INFO: Receive loop #12 received 15355 bytes in 0.023000ms
[2025-01-16 19:22:24.840374] INFO: Response received in 963.169000ms
[2025-01-16 19:22:25.009961] INFO: File saved in 100.475000ms
[2025-01-16 19:22:25.054840] INFO: File saved to: objects/temp_1
[2025-01-16 19:22:25.124662] INFO: Execution permission granted to: objects/temp_1
[2025-01-16 19:22:25.156446] INFO: Executing command: ./objects/temp_1 7 8
[2025-01-16 19:22:26.424493] INFO: Command executed in 1185.955000ms
[2025-01-16 19:22:26.470754] INFO: Result saved to: results/result_1
[2025-01-16 19:22:26.590494] INFO: Second connection established in 0.328000ms
[2025-01-16 19:22:26.627543] INFO: Sending result upload request
[2025-01-16 19:22:26.672730] INFO: Second request sent in 0.022000ms
[2025-01-16 19:22:26.732978] INFO: Result uploaded in 0.040000ms
[2025-01-16 19:22:26.771844] INFO: Process completed successfully. Total execution time in 3088.838000ms

