
[2025-01-31 17:37:12.655497] INFO: Process started with ID: 28
[2025-01-31 17:37:12.875543] INFO: First connection established in 0.257000ms
[2025-01-31 17:37:13.097285] INFO: Sending request: GET /http_server/send-object.php?ID=28 HTTP/1.1
Host: 192.168.100.3
Connection: close


[2025-01-31 17:37:13.415057] INFO: First request sent in 0.033000ms
[2025-01-31 17:37:13.791106] INFO: Time from request to first response in 0.029000ms
[2025-01-31 17:37:14.056367] INFO: Received headers - MPI-Rank: 41, Group-ID: 1, Job-ID: 1, Sub-Job-ID: 42, Rank-Count: 64
[2025-01-31 17:37:14.333604] INFO: Receive loop #1 received 16384 bytes in 581.406000ms
[2025-01-31 17:37:14.658189] INFO: Receive loop #2 received 16384 bytes in 0.016000ms
[2025-01-31 17:37:14.944243] INFO: Receive loop #3 received 16384 bytes in 0.087000ms
[2025-01-31 17:37:15.353892] INFO: Receive loop #4 received 16384 bytes in 0.121000ms
[2025-01-31 17:37:15.768287] INFO: Receive loop #5 received 16384 bytes in 0.049000ms
[2025-01-31 17:37:16.221553] INFO: Receive loop #6 received 16384 bytes in 0.037000ms
[2025-01-31 17:37:16.492573] INFO: Receive loop #7 received 16384 bytes in 0.029000ms
[2025-01-31 17:37:16.740462] INFO: Receive loop #8 received 16384 bytes in 0.245000ms
[2025-01-31 17:37:17.051692] INFO: Receive loop #9 received 16384 bytes in 0.028000ms
[2025-01-31 17:37:17.437253] INFO: Receive loop #10 received 16384 bytes in 0.026000ms
[2025-01-31 17:37:17.791135] INFO: Receive loop #11 received 16384 bytes in 0.027000ms
[2025-01-31 17:37:18.066136] INFO: Receive loop #12 received 7662 bytes in 0.022000ms
[2025-01-31 17:37:18.395197] INFO: Response received in 4595.220000ms
[2025-01-31 17:37:18.761271] INFO: File saved in 0.437000ms
[2025-01-31 17:37:19.114258] INFO: File saved to: /home/vc/kurotaka/objects/temp_28
[2025-01-31 17:37:19.715329] INFO: Execution permission granted to: /home/vc/kurotaka/objects/temp_28
[2025-01-31 17:37:20.001627] INFO: Executing command: /home/vc/kurotaka/objects/temp_28 41 64 1
[2025-01-31 17:37:22.392389] INFO: Command executed in 2151.896000ms
[2025-01-31 17:37:22.648082] INFO: Result saved to: /home/vc/kurotaka/results/result_28
[2025-01-31 17:37:22.866599] INFO: Second connection established in 0.266000ms
[2025-01-31 17:37:23.163534] INFO: Sending result upload request
[2025-01-31 17:37:23.516488] INFO: Second request sent in 0.021000ms
[2025-01-31 17:37:23.724758] INFO: Result uploaded in 0.053000ms
[2025-01-31 17:37:23.977585] INFO: Process completed successfully. Total execution time in 11651.319000ms

