
[2025-01-31 17:37:12.407166] INFO: Process started with ID: 24
[2025-01-31 17:37:12.563913] INFO: First connection established in 0.259000ms
[2025-01-31 17:37:12.812087] INFO: Sending request: GET /http_server/send-object.php?ID=24 HTTP/1.1
Host: 192.168.100.3
Connection: close


[2025-01-31 17:37:13.014222] INFO: First request sent in 0.033000ms
[2025-01-31 17:37:13.295785] INFO: Time from request to first response in 0.029000ms
[2025-01-31 17:37:13.619720] INFO: Received headers - MPI-Rank: 19, Group-ID: 1, Job-ID: 1, Sub-Job-ID: 20, Rank-Count: 64
[2025-01-31 17:37:13.973680] INFO: Receive loop #1 received 16384 bytes in 695.344000ms
[2025-01-31 17:37:14.208525] INFO: Receive loop #2 received 16384 bytes in 0.057000ms
[2025-01-31 17:37:14.569618] INFO: Receive loop #3 received 16384 bytes in 0.076000ms
[2025-01-31 17:37:14.853273] INFO: Receive loop #4 received 16384 bytes in 0.031000ms
[2025-01-31 17:37:15.226488] INFO: Receive loop #5 received 16384 bytes in 0.029000ms
[2025-01-31 17:37:15.634897] INFO: Receive loop #6 received 16384 bytes in 0.029000ms
[2025-01-31 17:37:16.103931] INFO: Receive loop #7 received 16384 bytes in 0.028000ms
[2025-01-31 17:37:16.382943] INFO: Receive loop #8 received 16384 bytes in 0.249000ms
[2025-01-31 17:37:16.618042] INFO: Receive loop #9 received 16384 bytes in 0.029000ms
[2025-01-31 17:37:16.955738] INFO: Receive loop #10 received 16384 bytes in 0.034000ms
[2025-01-31 17:37:17.387316] INFO: Receive loop #11 received 16384 bytes in 0.029000ms
[2025-01-31 17:37:17.748483] INFO: Receive loop #12 received 7662 bytes in 0.023000ms
[2025-01-31 17:37:17.977345] INFO: Response received in 4688.407000ms
[2025-01-31 17:37:18.256099] INFO: File saved in 0.455000ms
[2025-01-31 17:37:18.675626] INFO: File saved to: /home/vc/kurotaka/objects/temp_24
[2025-01-31 17:37:19.045237] INFO: Execution permission granted to: /home/vc/kurotaka/objects/temp_24
[2025-01-31 17:37:19.493036] INFO: Executing command: /home/vc/kurotaka/objects/temp_24 19 64 1
[2025-01-31 17:37:22.595844] INFO: Command executed in 2694.147000ms
[2025-01-31 17:37:22.841463] INFO: Result saved to: /home/vc/kurotaka/results/result_24
[2025-01-31 17:37:23.093082] INFO: Second connection established in 0.287000ms
[2025-01-31 17:37:23.412528] INFO: Sending result upload request
[2025-01-31 17:37:23.679650] INFO: Second request sent in 0.026000ms
[2025-01-31 17:37:23.920639] INFO: Result uploaded in 0.054000ms
[2025-01-31 17:37:24.252613] INFO: Process completed successfully. Total execution time in 11901.377000ms

