
[2025-01-20 12:36:04.697499] INFO: Process started with ID: 4
[2025-01-20 12:36:04.759115] INFO: First connection established in 0.184000ms
[2025-01-20 12:36:04.824163] INFO: Sending request: GET /http_server/send-object.php?ID=4 HTTP/1.1
Host: 192.168.100.3
Connection: close


[2025-01-20 12:36:04.877104] INFO: First request sent in 0.024000ms
[2025-01-20 12:36:05.037320] INFO: Time from request to first response:0.030000ms
[2025-01-20 12:36:05.110643] INFO: Received headers - MPI-Rank: 0, Group-ID: 1, Job-ID: 1, Sub-Job-ID: 1, Rank-Count: 16
[2025-01-20 12:36:05.229873] INFO: Receive loop #1 received 16384 bytes in 172.632000ms
[2025-01-20 12:36:05.343644] INFO: Receive loop #2 received 16384 bytes in 0.057000ms
[2025-01-20 12:36:05.479894] INFO: Receive loop #3 received 16384 bytes in 0.075000ms
[2025-01-20 12:36:05.612622] INFO: Receive loop #4 received 16384 bytes in 0.111000ms
[2025-01-20 12:36:05.756690] INFO: Receive loop #5 received 16384 bytes in 0.028000ms
[2025-01-20 12:36:05.892481] INFO: Receive loop #6 received 16384 bytes in 0.028000ms
[2025-01-20 12:36:06.025241] INFO: Receive loop #7 received 16384 bytes in 0.030000ms
[2025-01-20 12:36:06.186528] INFO: Receive loop #8 received 16384 bytes in 0.265000ms
[2025-01-20 12:36:06.356590] INFO: Receive loop #9 received 16384 bytes in 0.030000ms
[2025-01-20 12:36:06.512084] INFO: Receive loop #10 received 16384 bytes in 0.027000ms
[2025-01-20 12:36:06.736287] INFO: Receive loop #11 received 16384 bytes in 0.027000ms
[2025-01-20 12:36:06.880035] INFO: Receive loop #12 received 7660 bytes in 0.018000ms
[2025-01-20 12:36:07.081524] INFO: Response received in 2069.050000ms
[2025-01-20 12:36:07.836882] INFO: File saved in 594.016000ms
[2025-01-20 12:36:07.912558] INFO: File saved to: objects/temp_4
[2025-01-20 12:36:08.038023] INFO: Execution permission granted to: objects/temp_4
[2025-01-20 12:36:08.082106] INFO: Executing command: ./objects/temp_4 0 16
[2025-01-20 12:36:09.376853] INFO: Command executed in 1245.700000ms
[2025-01-20 12:36:09.425047] INFO: Result saved to: results/result_4
[2025-01-20 12:36:09.554927] INFO: Second connection established in 0.270000ms
[2025-01-20 12:36:09.618265] INFO: Sending result upload request
[2025-01-20 12:36:09.661056] INFO: Second request sent in 0.024000ms
[2025-01-20 12:36:09.711529] INFO: Result uploaded in 0.049000ms
[2025-01-20 12:36:09.785619] INFO: Process completed successfully. Total execution time: 5141.827000ms

