
[2025-01-20 12:36:04.665215] INFO: Process started with ID: 8
[2025-01-20 12:36:04.759063] INFO: First connection established in 0.288000ms
[2025-01-20 12:36:04.824078] INFO: Sending request: GET /http_server/send-object.php?ID=8 HTTP/1.1
Host: 192.168.100.3
Connection: close


[2025-01-20 12:36:04.933172] INFO: First request sent in 0.025000ms
[2025-01-20 12:36:05.037271] INFO: Time from request to first response in 0.031000ms
[2025-01-20 12:36:05.134299] INFO: Received headers - MPI-Rank: 2, Group-ID: 1, Job-ID: 1, Sub-Job-ID: 3, Rank-Count: 16
[2025-01-20 12:36:05.282215] INFO: Receive loop #1 received 16384 bytes in 218.222000ms
[2025-01-20 12:36:05.391013] INFO: Receive loop #2 received 16384 bytes in 0.060000ms
[2025-01-20 12:36:05.513762] INFO: Receive loop #3 received 16384 bytes in 0.076000ms
[2025-01-20 12:36:05.690307] INFO: Receive loop #4 received 16384 bytes in 0.111000ms
[2025-01-20 12:36:05.857370] INFO: Receive loop #5 received 16384 bytes in 0.028000ms
[2025-01-20 12:36:05.959939] INFO: Receive loop #6 received 16384 bytes in 0.029000ms
[2025-01-20 12:36:06.063274] INFO: Receive loop #7 received 16384 bytes in 0.029000ms
[2025-01-20 12:36:06.261330] INFO: Receive loop #8 received 16384 bytes in 0.243000ms
[2025-01-20 12:36:06.394638] INFO: Receive loop #9 received 16384 bytes in 0.030000ms
[2025-01-20 12:36:06.597559] INFO: Receive loop #10 received 16384 bytes in 0.030000ms
[2025-01-20 12:36:06.778278] INFO: Receive loop #11 received 16384 bytes in 0.028000ms
[2025-01-20 12:36:06.929496] INFO: Receive loop #12 received 7660 bytes in 0.019000ms
[2025-01-20 12:36:07.149013] INFO: Response received in 2069.417000ms
[2025-01-20 12:36:07.558629] INFO: File saved in 316.009000ms
[2025-01-20 12:36:07.584419] INFO: File saved to: objects/temp_8
[2025-01-20 12:36:07.749093] INFO: Execution permission granted to: objects/temp_8
[2025-01-20 12:36:07.795352] INFO: Executing command: ./objects/temp_8 2 16
[2025-01-20 12:36:09.453725] INFO: Command executed in 1573.097000ms
[2025-01-20 12:36:09.525970] INFO: Result saved to: results/result_8
[2025-01-20 12:36:09.618130] INFO: Second connection established in 0.263000ms
[2025-01-20 12:36:09.711483] INFO: Sending result upload request
[2025-01-20 12:36:09.769634] INFO: Second request sent in 0.025000ms
[2025-01-20 12:36:09.833574] INFO: Result uploaded in 0.044000ms
[2025-01-20 12:36:09.907111] INFO: Process completed successfully. Total execution time in 5278.955000ms

