
[2025-01-20 12:43:32] Program started
[2025-01-20 12:43:32] [getClientID] MySQL connection established. Execution time: 0.104 ms
[2025-01-20 12:43:32] [getClientID] SELECT table_name FROM table_registry WHERE id = :job_id / Execution time: 0.183 ms
[2025-01-20 12:43:32] [getClientID] SELECT client FROM `matrix` WHERE id = :sub_job_id / Execution time: 0.108 ms
[2025-01-20 12:43:32] getClientID completed. Execution time: 0.479 ms
[2025-01-20 12:43:32] Read file completed. Execution time: 0.007 ms
[2025-01-20 12:43:32] File saved successfully: uploads/job_1/group_1/result_230
[2025-01-20 12:43:32] [updateStatus] MySQL connection established. Execution time: 0.067 ms
[2025-01-20 12:43:32] [updateStatus] SELECT table_name FROM table_registry WHERE id = :job_id FOR UPDATE / Execution time: 0.118 ms
[2025-01-20 12:43:32] [updateStatus] UPDATE `matrix` SET status = :status WHERE id = :sub_job_id / Execution time: 0.143 ms
[2025-01-20 12:43:32] [updateStatus] SELECT COUNT_RECORDS FROM matrix / Execution time: 0.456 ms
[2025-01-20 12:43:32] [updateStatus] UPDATE table_registry SET status = :status WHERE id = :job_id / Execution time: 0.095 ms
[2025-01-20 12:43:32] updateStatus completed. Execution time: 3.003 ms
[2025-01-20 12:43:32] Write file completed. Execution time: 3.205 ms
[2025-01-20 12:43:32] [getGroupStatus] MySQL connection established. Execution time: 0.036 ms
[2025-01-20 12:43:32] [getGroupStatus] SELECT table_name FROM table_registry WHERE id = :job_id / Execution time: 0.133 ms
[2025-01-20 12:43:32] [getGroupStatus] SELECT status FROM `matrix` WHERE group_id = :group_id / Execution time: 0.573 ms
[2025-01-20 12:43:32] getGroupStatus completed. Execution time: 0.814 ms
[2025-01-20 12:43:32] Group 1 is not completed yet.
[2025-01-20 12:43:32] Program completed. Total execution time: 23.678 ms

