
[2025-01-20 12:43:38] Program started
[2025-01-20 12:43:38] [getClientID] MySQL connection established. Execution time: 0.229 ms
[2025-01-20 12:43:38] [getClientID] SELECT table_name FROM table_registry WHERE id = :job_id / Execution time: 0.387 ms
[2025-01-20 12:43:38] [getClientID] SELECT client FROM `matrix` WHERE id = :sub_job_id / Execution time: 0.225 ms
[2025-01-20 12:43:38] getClientID completed. Execution time: 1.029 ms
[2025-01-20 12:43:38] Read file completed. Execution time: 0.013 ms
[2025-01-20 12:43:38] File saved successfully: uploads/job_1/group_1/result_259
[2025-01-20 12:43:38] [updateStatus] MySQL connection established. Execution time: 0.115 ms
[2025-01-20 12:43:38] [updateStatus] SELECT table_name FROM table_registry WHERE id = :job_id FOR UPDATE / Execution time: 0.730 ms
[2025-01-20 12:43:38] [updateStatus] UPDATE `matrix` SET status = :status WHERE id = :sub_job_id / Execution time: 0.207 ms
[2025-01-20 12:43:38] [updateStatus] SELECT COUNT_RECORDS FROM matrix / Execution time: 0.827 ms
[2025-01-20 12:43:38] [updateStatus] UPDATE table_registry SET status = :status WHERE id = :job_id / Execution time: 0.173 ms
[2025-01-20 12:43:38] updateStatus completed. Execution time: 4.199 ms
[2025-01-20 12:43:38] Write file completed. Execution time: 4.526 ms
[2025-01-20 12:43:38] [getGroupStatus] MySQL connection established. Execution time: 0.078 ms
[2025-01-20 12:43:38] [getGroupStatus] SELECT table_name FROM table_registry WHERE id = :job_id / Execution time: 0.199 ms
[2025-01-20 12:43:38] [getGroupStatus] SELECT status FROM `matrix` WHERE group_id = :group_id / Execution time: 0.967 ms
[2025-01-20 12:43:38] getGroupStatus completed. Execution time: 1.351 ms
[2025-01-20 12:43:38] Group 1 is not completed yet.
[2025-01-20 12:43:38] Program completed. Total execution time: 9.928 ms

