
[2025-01-20 12:43:37] Program started
[2025-01-20 12:43:37] [getClientID] MySQL connection established. Execution time: 0.225 ms
[2025-01-20 12:43:37] [getClientID] SELECT table_name FROM table_registry WHERE id = :job_id / Execution time: 0.193 ms
[2025-01-20 12:43:37] [getClientID] SELECT client FROM `matrix` WHERE id = :sub_job_id / Execution time: 0.409 ms
[2025-01-20 12:43:37] getClientID completed. Execution time: 1.018 ms
[2025-01-20 12:43:37] Read file completed. Execution time: 0.013 ms
[2025-01-20 12:43:37] File saved successfully: uploads/job_1/group_1/result_244
[2025-01-20 12:43:37] [updateStatus] MySQL connection established. Execution time: 0.134 ms
[2025-01-20 12:43:37] [updateStatus] SELECT table_name FROM table_registry WHERE id = :job_id FOR UPDATE / Execution time: 0.244 ms
[2025-01-20 12:43:37] [updateStatus] UPDATE `matrix` SET status = :status WHERE id = :sub_job_id / Execution time: 0.240 ms
[2025-01-20 12:43:37] [updateStatus] SELECT COUNT_RECORDS FROM matrix / Execution time: 0.887 ms
[2025-01-20 12:43:37] [updateStatus] UPDATE table_registry SET status = :status WHERE id = :job_id / Execution time: 0.174 ms
[2025-01-20 12:43:37] updateStatus completed. Execution time: 6.221 ms
[2025-01-20 12:43:37] Write file completed. Execution time: 6.590 ms
[2025-01-20 12:43:37] [getGroupStatus] MySQL connection established. Execution time: 0.083 ms
[2025-01-20 12:43:37] [getGroupStatus] SELECT table_name FROM table_registry WHERE id = :job_id / Execution time: 0.212 ms
[2025-01-20 12:43:37] [getGroupStatus] SELECT status FROM `matrix` WHERE group_id = :group_id / Execution time: 1.021 ms
[2025-01-20 12:43:37] getGroupStatus completed. Execution time: 1.425 ms
[2025-01-20 12:43:37] Group 1 is not completed yet.
[2025-01-20 12:43:37] Program completed. Total execution time: 11.728 ms

