
[2025-01-20 12:43:30] Program started
[2025-01-20 12:43:30] [getClientID] MySQL connection established. Execution time: 0.344 ms
[2025-01-20 12:43:30] [getClientID] SELECT table_name FROM table_registry WHERE id = :job_id / Execution time: 0.706 ms
[2025-01-20 12:43:30] [getClientID] SELECT client FROM `matrix` WHERE id = :sub_job_id / Execution time: 0.240 ms
[2025-01-20 12:43:30] getClientID completed. Execution time: 1.465 ms
[2025-01-20 12:43:30] Read file completed. Execution time: 0.011 ms
[2025-01-20 12:43:30] File saved successfully: uploads/job_1/group_1/result_424
[2025-01-20 12:43:30] [updateStatus] MySQL connection established. Execution time: 0.103 ms
[2025-01-20 12:43:30] [updateStatus] SELECT table_name FROM table_registry WHERE id = :job_id FOR UPDATE / Execution time: 1.177 ms
[2025-01-20 12:43:30] [updateStatus] UPDATE `matrix` SET status = :status WHERE id = :sub_job_id / Execution time: 0.305 ms
[2025-01-20 12:43:30] [updateStatus] SELECT COUNT(*) AS total, SUM(...) FROM `matrix` / Execution time: 1.001 ms
[2025-01-20 12:43:30] [updateStatus] UPDATE table_registry SET status = :status WHERE id = :job_id / Execution time: 0.198 ms
[2025-01-20 12:43:30] updateStatus completed. Execution time: 4.048 ms
[2025-01-20 12:43:30] Write file completed. Execution time: 4.225 ms
[2025-01-20 12:43:30] [getGroupStatus] MySQL connection established. Execution time: 0.042 ms
[2025-01-20 12:43:30] [getGroupStatus] SELECT table_name FROM table_registry WHERE id = :job_id / Execution time: 0.142 ms
[2025-01-20 12:43:30] [getGroupStatus] SELECT status FROM `matrix` WHERE group_id = :group_id / Execution time: 0.714 ms
[2025-01-20 12:43:30] getGroupStatus completed. Execution time: 0.984 ms
[2025-01-20 12:43:30] Group 1 is not completed yet.
[2025-01-20 12:43:30] Program completed. Total execution time: 9.309 ms

