
[2025-01-31 17:21:31.649643] INFO: Process started with ID: 12
[2025-01-31 17:21:31.757996] INFO: First connection established in 0.259000ms
[2025-01-31 17:21:31.919070] INFO: Sending request: GET /http_server/send-object.php?ID=12 HTTP/1.1
Host: 192.168.100.3
Connection: close


[2025-01-31 17:21:31.998995] INFO: First request sent in 0.034000ms
[2025-01-31 17:21:32.096365] INFO: Time from request to first response in 0.021000ms
[2025-01-31 17:21:32.223702] INFO: Received headers - MPI-Rank: 5, Group-ID: 1, Job-ID: 1, Sub-Job-ID: 6, Rank-Count: 32
[2025-01-31 17:21:32.358248] INFO: Receive loop #1 received 16384 bytes in 261.409000ms
[2025-01-31 17:21:32.543223] INFO: Receive loop #2 received 16384 bytes in 0.068000ms
[2025-01-31 17:21:32.746073] INFO: Receive loop #3 received 16384 bytes in 0.115000ms
[2025-01-31 17:21:32.888285] INFO: Receive loop #4 received 16384 bytes in 0.114000ms
[2025-01-31 17:21:33.062437] INFO: Receive loop #5 received 16384 bytes in 0.031000ms
[2025-01-31 17:21:33.286675] INFO: Receive loop #6 received 16384 bytes in 0.027000ms
[2025-01-31 17:21:33.415703] INFO: Receive loop #7 received 16384 bytes in 0.028000ms
[2025-01-31 17:21:33.563454] INFO: Receive loop #8 received 16384 bytes in 0.292000ms
[2025-01-31 17:21:33.737703] INFO: Receive loop #9 received 16384 bytes in 0.030000ms
[2025-01-31 17:21:33.822743] INFO: Receive loop #10 received 16384 bytes in 0.023000ms
[2025-01-31 17:21:33.904812] INFO: Receive loop #11 received 16384 bytes in 0.036000ms
[2025-01-31 17:21:34.047439] INFO: Receive loop #12 received 7660 bytes in 0.024000ms
[2025-01-31 17:21:34.173513] INFO: Response received in 2068.483000ms
[2025-01-31 17:21:34.291554] INFO: File saved in 0.453000ms
[2025-01-31 17:21:34.429851] INFO: File saved to: /home/vc/kurotaka/objects/temp_12
[2025-01-31 17:21:34.564920] INFO: Execution permission granted to: /home/vc/kurotaka/objects/temp_12
[2025-01-31 17:21:34.759477] INFO: Executing command: /home/vc/kurotaka/objects/temp_12 5 32 1
[2025-01-31 17:21:36.801426] INFO: Command executed in 1895.996000ms
[2025-01-31 17:21:37.007255] INFO: Result saved to: /home/vc/kurotaka/results/result_12
[2025-01-31 17:21:37.197573] INFO: Second connection established in 0.170000ms
[2025-01-31 17:21:37.309010] INFO: Sending result upload request
[2025-01-31 17:21:37.487902] INFO: Second request sent in 0.028000ms
[2025-01-31 17:21:37.580230] INFO: Result uploaded in 0.008000ms
[2025-01-31 17:21:37.655096] INFO: Process completed successfully. Total execution time in 6048.422000ms

