
[2025-01-22 16:35:27] Program started
[2025-01-22 16:35:27] [getClientID] MySQL connection established. Execution time: 0.181 ms
[2025-01-22 16:35:27] [getClientID] SELECT table_name FROM table_registry WHERE id = :job_id / Execution time: 0.362 ms
[2025-01-22 16:35:27] [getClientID] SELECT client FROM `matrix` WHERE id = :sub_job_id / Execution time: 0.271 ms
[2025-01-22 16:35:27] getClientID completed. Execution time: 1.062 ms
[2025-01-22 16:35:27] Read file completed. Execution time: 0.016 ms
[2025-01-22 16:35:27] File saved successfully: uploads/job_1/group_1/result_76
[2025-01-22 16:35:27] [updateStatus] MySQL connection established. Execution time: 0.148 ms
[2025-01-22 16:35:27] [updateStatus] SELECT table_name FROM table_registry WHERE id = :job_id FOR UPDATE / Execution time: 1.603 ms
[2025-01-22 16:35:27] [updateStatus] UPDATE `matrix` SET status = :status WHERE id = :sub_job_id / Execution time: 0.320 ms
[2025-01-22 16:35:27] [updateStatus] SELECT COUNT_RECORDS FROM `matrix` / Execution time: 0.475 ms
[2025-01-22 16:35:27] [updateStatus] UPDATE table_registry SET status = :status WHERE id = :job_id / Execution time: 0.204 ms
[2025-01-22 16:35:27] updateStatus completed. Execution time: 110.300 ms
[2025-01-22 16:35:27] Write file completed. Execution time: 110.959 ms
[2025-01-22 16:35:27] [getGroupStatus] MySQL connection established. Execution time: 0.102 ms
[2025-01-22 16:35:27] [getGroupStatus] SELECT table_name FROM table_registry WHERE id = :job_id / Execution time: 0.162 ms
[2025-01-22 16:35:27] [getGroupStatus] SELECT status FROM `matrix` WHERE group_id = :group_id / Execution time: 0.283 ms
[2025-01-22 16:35:27] getGroupStatus completed. Execution time: 0.649 ms
[2025-01-22 16:35:27] Group 1 is not completed yet.
[2025-01-22 16:35:27] Program completed. Total execution time: 115.411 ms

