
[2025-01-31 17:07:28.506983] INFO: Process started with ID: 123
[2025-01-31 17:07:29.170644] INFO: First connection established in 0.208000ms
[2025-01-31 17:07:29.998464] INFO: Sending request: GET /http_server/send-object.php?ID=123 HTTP/1.1
Host: 192.168.100.3
Connection: close


[2025-01-31 17:07:30.756927] INFO: First request sent in 0.035000ms
[2025-01-31 17:07:31.427476] INFO: Time from request to first response in 0.039000ms
[2025-01-31 17:07:32.629092] INFO: Received headers - MPI-Rank: 48, Group-ID: 1, Job-ID: 1, Sub-Job-ID: 49, Rank-Count: 128
[2025-01-31 17:07:33.754420] INFO: Receive loop #1 received 16384 bytes in 2362.469000ms
[2025-01-31 17:07:34.409445] INFO: Receive loop #2 received 16384 bytes in 0.119000ms
[2025-01-31 17:07:35.532860] INFO: Receive loop #3 received 16384 bytes in 0.095000ms
[2025-01-31 17:07:36.775876] INFO: Receive loop #4 received 16384 bytes in 0.137000ms
[2025-01-31 17:07:37.534673] INFO: Receive loop #5 received 16384 bytes in 0.034000ms
[2025-01-31 17:07:38.823681] INFO: Receive loop #6 received 16384 bytes in 0.035000ms
[2025-01-31 17:07:39.797236] INFO: Receive loop #7 received 16384 bytes in 0.028000ms
[2025-01-31 17:07:40.463906] INFO: Receive loop #8 received 16384 bytes in 0.250000ms
[2025-01-31 17:07:41.272795] INFO: Receive loop #9 received 16384 bytes in 0.033000ms
[2025-01-31 17:07:42.033407] INFO: Receive loop #10 received 16384 bytes in 0.033000ms
[2025-01-31 17:07:42.781335] INFO: Receive loop #11 received 16384 bytes in 0.037000ms
[2025-01-31 17:07:43.289300] INFO: Receive loop #12 received 7663 bytes in 0.019000ms
[2025-01-31 17:07:43.934310] INFO: Response received in 12602.657000ms
[2025-01-31 17:07:44.565930] INFO: File saved in 0.480000ms
[2025-01-31 17:07:45.121055] INFO: File saved to: /home/vc/kurotaka/objects/temp_123
[2025-01-31 17:07:46.115798] INFO: Execution permission granted to: /home/vc/kurotaka/objects/temp_123
[2025-01-31 17:07:46.579953] INFO: Executing command: /home/vc/kurotaka/objects/temp_123 48 128 1
[2025-01-31 17:07:50.372528] INFO: Command executed in 3398.315000ms
[2025-01-31 17:07:51.546126] INFO: Result saved to: /home/vc/kurotaka/results/result_123
[2025-01-31 17:07:52.186142] INFO: Second connection established in 0.108000ms
[2025-01-31 17:07:52.711565] INFO: Sending result upload request
[2025-01-31 17:07:53.461508] INFO: Second request sent in 0.026000ms
[2025-01-31 17:07:53.951366] INFO: Result uploaded in 0.054000ms
[2025-01-31 17:07:54.604162] INFO: Process completed successfully. Total execution time in 26515.082000ms

