
[2025-01-20 12:44:56.150137] INFO: Process started with ID: 199
[2025-01-20 12:44:56.654654] INFO: First connection established in 0.267000ms
[2025-01-20 12:44:59.479383] INFO: Sending request: GET /http_server/send-object.php?ID=199 HTTP/1.1
Host: 192.168.100.3
Connection: close


[2025-01-20 12:45:03.018618] INFO: First request sent in 0.004000ms
[2025-01-20 12:45:07.118282] INFO: Time from request to first response in 0.031000ms
[2025-01-20 12:45:11.615958] INFO: Received headers - MPI-Rank: 221, Group-ID: 1, Job-ID: 1, Sub-Job-ID: 222, Rank-Count: 1024
[2025-01-20 12:45:15.790197] INFO: Receive loop #1 received 16384 bytes in 8283.305000ms
[2025-01-20 12:45:23.531973] INFO: Receive loop #2 received 16384 bytes in 0.068000ms
[2025-01-20 12:45:36.650299] INFO: Receive loop #3 received 16384 bytes in 0.083000ms
[2025-01-20 12:45:40.549976] INFO: Receive loop #4 received 16384 bytes in 0.120000ms
[2025-01-20 12:45:45.783299] INFO: Receive loop #5 received 16384 bytes in 0.006000ms
[2025-01-20 12:45:53.400658] INFO: Receive loop #6 received 16384 bytes in 0.006000ms
[2025-01-20 12:46:03.113482] INFO: Receive loop #7 received 16384 bytes in 0.007000ms
[2025-01-20 12:46:08.261608] INFO: Receive loop #8 received 16384 bytes in 0.050000ms
[2025-01-20 12:46:14.880537] INFO: Receive loop #9 received 16384 bytes in 0.008000ms
[2025-01-20 12:46:21.876714] INFO: Receive loop #10 received 16384 bytes in 0.005000ms
[2025-01-20 12:46:29.143013] INFO: Receive loop #11 received 16384 bytes in 0.009000ms
[2025-01-20 12:46:36.441130] INFO: Receive loop #12 received 7666 bytes in 0.003000ms
[2025-01-20 12:46:43.717573] INFO: Response received in 1m 37010.099000ms
[2025-01-20 12:47:38.656217] INFO: File saved in 49564.861000ms
[2025-01-20 12:47:39.315968] INFO: File saved to: objects/temp_199
[2025-01-20 12:47:42.126105] INFO: Execution permission granted to: objects/temp_199
[2025-01-20 12:47:42.910040] INFO: Executing command: ./objects/temp_199 221 1024

