
[2025-01-20 13:03:15.615963] INFO: Process started with ID: 344
[2025-01-20 13:03:16.821608] INFO: First connection established in 0.219000ms
[2025-01-20 13:03:18.260678] INFO: Sending request: GET /http_server/send-object.php?ID=344 HTTP/1.1
Host: 192.168.100.3
Connection: close


[2025-01-20 13:03:20.725928] INFO: First request sent in 0.032000ms
[2025-01-20 13:03:23.209835] INFO: Time from request to first response in 0.028000ms
[2025-01-20 13:03:25.631338] INFO: Received headers - MPI-Rank: 850, Group-ID: 1, Job-ID: 1, Sub-Job-ID: 851, Rank-Count: 1024
[2025-01-20 13:03:27.066163] INFO: Receive loop #1 received 16384 bytes in 4181.701000ms
[2025-01-20 13:03:29.299919] INFO: Receive loop #2 received 16384 bytes in 0.059000ms
[2025-01-20 13:03:30.639779] INFO: Receive loop #3 received 16384 bytes in 0.086000ms
[2025-01-20 13:03:32.784656] INFO: Receive loop #4 received 16384 bytes in 0.122000ms
[2025-01-20 13:03:35.247149] INFO: Receive loop #5 received 16384 bytes in 0.028000ms
[2025-01-20 13:03:37.788021] INFO: Receive loop #6 received 16384 bytes in 0.034000ms
[2025-01-20 13:03:40.132134] INFO: Receive loop #7 received 16384 bytes in 0.037000ms
[2025-01-20 13:03:42.554653] INFO: Receive loop #8 received 16384 bytes in 0.303000ms
[2025-01-20 13:03:46.340763] INFO: Receive loop #9 received 16384 bytes in 0.036000ms
[2025-01-20 13:03:49.871388] INFO: Receive loop #10 received 16384 bytes in 0.029000ms
[2025-01-20 13:03:51.803365] INFO: Receive loop #11 received 16384 bytes in 0.005000ms
[2025-01-20 13:03:53.010983] INFO: Receive loop #12 received 7666 bytes in 0.005000ms
[2025-01-20 13:03:54.051926] INFO: Response received in 31061.767000ms
[2025-01-20 13:04:54.884512] INFO: File saved in 59197.773000ms
[2025-01-20 13:04:55.835901] INFO: File saved to: objects/temp_344
[2025-01-20 13:04:57.971219] INFO: Execution permission granted to: objects/temp_344
[2025-01-20 13:04:59.321586] INFO: Executing command: ./objects/temp_344 850 1024
[2025-01-20 13:05:05.999509] INFO: Command executed in 5701.911000ms
[2025-01-20 13:05:06.456489] INFO: Result saved to: results/result_344
[2025-01-20 13:05:07.234250] INFO: Second connection established in 0.689000ms
[2025-01-20 13:05:08.236861] INFO: Sending result upload request
[2025-01-20 13:05:09.153807] INFO: Second request sent in 0.004000ms
[2025-01-20 13:05:09.792598] INFO: Result uploaded in 0.009000ms
[2025-01-20 13:05:10.589210] INFO: Process completed successfully. Total execution time in 4m 3620.552000ms

