
[2025-01-20 13:03:40.511780] INFO: Process started with ID: 184
[2025-01-20 13:03:43.232560] INFO: First connection established in 0.188000ms
[2025-01-20 13:03:46.978108] INFO: Sending request: GET /http_server/send-object.php?ID=184 HTTP/1.1
Host: 192.168.100.3
Connection: close


[2025-01-20 13:03:49.918804] INFO: First request sent in 0.006000ms
[2025-01-20 13:03:51.849184] INFO: Time from request to first response:0.021000ms
[2025-01-20 13:03:53.138570] INFO: Received headers - MPI-Rank: 1000, Group-ID: 1, Job-ID: 1, Sub-Job-ID: 1001, Rank-Count: 1024
[2025-01-20 13:03:54.964122] INFO: Receive loop #1 received 16384 bytes in 3191.009000ms
[2025-01-20 13:03:57.248293] INFO: Receive loop #2 received 16384 bytes in 0.014000ms
[2025-01-20 13:03:59.166808] INFO: Receive loop #3 received 16384 bytes in 0.021000ms
[2025-01-20 13:04:01.088211] INFO: Receive loop #4 received 16384 bytes in 0.021000ms
[2025-01-20 13:04:01.938832] INFO: Receive loop #5 received 16384 bytes in 0.034000ms
[2025-01-20 13:04:03.051863] INFO: Receive loop #6 received 16384 bytes in 0.027000ms
[2025-01-20 13:04:04.744067] INFO: Receive loop #7 received 16384 bytes in 0.004000ms
[2025-01-20 13:04:06.133049] INFO: Receive loop #8 received 16384 bytes in 0.055000ms
[2025-01-20 13:04:07.630756] INFO: Receive loop #9 received 16384 bytes in 0.008000ms
[2025-01-20 13:04:09.220500] INFO: Receive loop #10 received 16384 bytes in 0.006000ms
[2025-01-20 13:04:10.114647] INFO: Receive loop #11 received 16384 bytes in 0.006000ms
[2025-01-20 13:04:11.055637] INFO: Receive loop #12 received 7668 bytes in 0.003000ms
[2025-01-20 13:04:11.583545] INFO: Response received in 20804.635000ms
[2025-01-20 13:05:11.312797] INFO: File saved in 58826.776000ms
[2025-01-20 13:05:12.531004] INFO: File saved to: objects/temp_184
[2025-01-20 13:05:15.577386] INFO: Execution permission granted to: objects/temp_184
[2025-01-20 13:05:16.800990] INFO: Executing command: ./objects/temp_184 1000 1024
[2025-01-20 13:05:21.147533] INFO: Command executed in 3832.618000ms
[2025-01-20 13:05:22.171029] INFO: Result saved to: results/result_184
[2025-01-20 13:05:23.239529] INFO: Second connection established in 0.862000ms
[2025-01-20 13:05:24.533538] INFO: Sending result upload request
[2025-01-20 13:05:25.539579] INFO: Second request sent in 0.004000ms
[2025-01-20 13:05:26.803304] INFO: Result uploaded in 0.010000ms
[2025-01-20 13:05:28.123962] INFO: Process completed successfully. Total execution time: 4m 20737.275000ms

