
[2025-01-20 13:03:35.388632] INFO: Process started with ID: 494
[2025-01-20 13:03:37.843519] INFO: First connection established in 0.250000ms
[2025-01-20 13:03:40.228041] INFO: Sending request: GET /http_server/send-object.php?ID=494 HTTP/1.1
Host: 192.168.100.3
Connection: close


[2025-01-20 13:03:42.684573] INFO: First request sent in 0.035000ms
[2025-01-20 13:03:45.056605] INFO: Time from request to first response in 0.041000ms
[2025-01-20 13:03:47.576187] INFO: Received headers - MPI-Rank: 972, Group-ID: 1, Job-ID: 1, Sub-Job-ID: 973, Rank-Count: 1024
[2025-01-20 13:03:50.181601] INFO: Receive loop #1 received 16384 bytes in 5257.223000ms
[2025-01-20 13:03:51.781423] INFO: Receive loop #2 received 16384 bytes in 0.061000ms
[2025-01-20 13:03:53.011205] INFO: Receive loop #3 received 16384 bytes in 0.016000ms
[2025-01-20 13:03:54.093899] INFO: Receive loop #4 received 16384 bytes in 0.117000ms
[2025-01-20 13:03:56.222572] INFO: Receive loop #5 received 16384 bytes in 0.005000ms
[2025-01-20 13:03:58.830028] INFO: Receive loop #6 received 16384 bytes in 0.005000ms
[2025-01-20 13:04:00.651475] INFO: Receive loop #7 received 16384 bytes in 0.006000ms
[2025-01-20 13:04:01.705980] INFO: Receive loop #8 received 16384 bytes in 0.067000ms
[2025-01-20 13:04:02.936154] INFO: Receive loop #9 received 16384 bytes in 0.006000ms
[2025-01-20 13:04:04.543166] INFO: Receive loop #10 received 16384 bytes in 0.031000ms
[2025-01-20 13:04:06.052725] INFO: Receive loop #11 received 16384 bytes in 0.005000ms
[2025-01-20 13:04:07.313198] INFO: Receive loop #12 received 7666 bytes in 0.005000ms
[2025-01-20 13:04:08.620922] INFO: Response received in 23651.751000ms
[2025-01-20 13:05:30.474954] INFO: File saved in 1m 20704.461000ms
[2025-01-20 13:05:31.163432] INFO: File saved to: objects/temp_494
[2025-01-20 13:05:33.306538] INFO: Execution permission granted to: objects/temp_494
[2025-01-20 13:05:34.467361] INFO: Executing command: ./objects/temp_494 972 1024
[2025-01-20 13:05:39.407328] INFO: Command executed in 4339.137000ms
[2025-01-20 13:05:39.794907] INFO: Result saved to: results/result_494
[2025-01-20 13:05:40.409274] INFO: Second connection established in 0.291000ms
[2025-01-20 13:05:40.730502] INFO: Sending result upload request
[2025-01-20 13:05:40.896135] INFO: Second request sent in 0.004000ms
[2025-01-20 13:05:40.976223] INFO: Result uploaded in 0.008000ms
[2025-01-20 13:05:41.110870] INFO: Process completed successfully. Total execution time in 4m 34302.779000ms

