
[2025-01-20 12:44:56.129705] INFO: Process started with ID: 233
[2025-01-20 12:44:56.654600] INFO: First connection established in 0.195000ms
[2025-01-20 12:44:59.479244] INFO: Sending request: GET /http_server/send-object.php?ID=233 HTTP/1.1
Host: 192.168.100.3
Connection: close


[2025-01-20 12:45:03.018303] INFO: First request sent in 0.005000ms
[2025-01-20 12:45:07.117967] INFO: Time from request to first response:0.020000ms
[2025-01-20 12:45:11.606830] INFO: Received headers - MPI-Rank: 243, Group-ID: 1, Job-ID: 1, Sub-Job-ID: 244, Rank-Count: 1024
[2025-01-20 12:45:15.737845] INFO: Receive loop #1 received 16384 bytes in 8251.539000ms
[2025-01-20 12:45:23.470823] INFO: Receive loop #2 received 16384 bytes in 0.068000ms
[2025-01-20 12:45:35.624064] INFO: Receive loop #3 received 16384 bytes in 0.080000ms
[2025-01-20 12:45:40.117115] INFO: Receive loop #4 received 16384 bytes in 0.168000ms
[2025-01-20 12:45:45.745639] INFO: Receive loop #5 received 16384 bytes in 0.010000ms
[2025-01-20 12:45:53.398934] INFO: Receive loop #6 received 16384 bytes in 0.005000ms
[2025-01-20 12:46:02.420795] INFO: Receive loop #7 received 16384 bytes in 0.009000ms
[2025-01-20 12:46:08.046984] INFO: Receive loop #8 received 16384 bytes in 0.259000ms
[2025-01-20 12:46:14.310958] INFO: Receive loop #9 received 16384 bytes in 0.007000ms
[2025-01-20 12:46:21.562719] INFO: Receive loop #10 received 16384 bytes in 0.005000ms
[2025-01-20 12:46:28.480470] INFO: Receive loop #11 received 16384 bytes in 0.008000ms
[2025-01-20 12:46:35.940289] INFO: Receive loop #12 received 7666 bytes in 0.018000ms
[2025-01-20 12:46:43.716398] INFO: Response received in 1m 37036.038000ms
[2025-01-20 12:47:27.609373] INFO: File saved in 39525.968000ms
[2025-01-20 12:47:28.233024] INFO: File saved to: objects/temp_233
[2025-01-20 12:47:29.378397] INFO: Execution permission granted to: objects/temp_233
[2025-01-20 12:47:29.932077] INFO: Executing command: ./objects/temp_233 243 1024

