
[2025-01-20 12:44:56.235539] INFO: Process started with ID: 100
[2025-01-20 12:44:56.654755] INFO: First connection established in 0.215000ms
[2025-01-20 12:44:59.479512] INFO: Sending request: GET /http_server/send-object.php?ID=100 HTTP/1.1
Host: 192.168.100.3
Connection: close


[2025-01-20 12:45:03.018564] INFO: First request sent in 0.003000ms
[2025-01-20 12:45:07.118289] INFO: Time from request to first response in 0.033000ms
[2025-01-20 12:45:11.615808] INFO: Received headers - MPI-Rank: 222, Group-ID: 1, Job-ID: 1, Sub-Job-ID: 223, Rank-Count: 1024
[2025-01-20 12:45:15.790245] INFO: Receive loop #1 received 16384 bytes in 8283.297000ms
[2025-01-20 12:45:23.513243] INFO: Receive loop #2 received 16384 bytes in 0.060000ms
[2025-01-20 12:45:37.038743] INFO: Receive loop #3 received 16384 bytes in 0.087000ms
[2025-01-20 12:45:40.678055] INFO: Receive loop #4 received 16384 bytes in 0.117000ms
[2025-01-20 12:45:45.784059] INFO: Receive loop #5 received 16384 bytes in 0.005000ms
[2025-01-20 12:45:53.401165] INFO: Receive loop #6 received 16384 bytes in 0.004000ms
[2025-01-20 12:46:03.005025] INFO: Receive loop #7 received 16384 bytes in 0.005000ms
[2025-01-20 12:46:08.261487] INFO: Receive loop #8 received 16384 bytes in 0.050000ms
[2025-01-20 12:46:14.880475] INFO: Receive loop #9 received 16384 bytes in 0.005000ms
[2025-01-20 12:46:21.876617] INFO: Receive loop #10 received 16384 bytes in 0.004000ms
[2025-01-20 12:46:29.051470] INFO: Receive loop #11 received 16384 bytes in 0.009000ms
[2025-01-20 12:46:36.363836] INFO: Receive loop #12 received 7666 bytes in 0.002000ms
[2025-01-20 12:46:43.717467] INFO: Response received in 1m 37009.859000ms
[2025-01-20 12:47:38.044302] INFO: File saved in 49106.292000ms
[2025-01-20 12:47:38.702496] INFO: File saved to: objects/temp_100
[2025-01-20 12:47:41.655319] INFO: Execution permission granted to: objects/temp_100
[2025-01-20 12:47:42.320401] INFO: Executing command: ./objects/temp_100 222 1024

