
[2025-01-20 13:02:34.945744] INFO: Process started with ID: 644
[2025-01-20 13:02:36.915618] INFO: First connection established in 0.436000ms
[2025-01-20 13:02:39.233251] INFO: Sending request: GET /http_server/send-object.php?ID=644 HTTP/1.1
Host: 192.168.100.3
Connection: close


[2025-01-20 13:02:41.743098] INFO: First request sent in 0.035000ms
[2025-01-20 13:02:44.112792] INFO: Time from request to first response:0.029000ms
[2025-01-20 13:02:46.384644] INFO: Received headers - MPI-Rank: 618, Group-ID: 1, Job-ID: 1, Sub-Job-ID: 619, Rank-Count: 1024
[2025-01-20 13:02:48.644482] INFO: Receive loop #1 received 16384 bytes in 4251.195000ms
[2025-01-20 13:02:49.881138] INFO: Receive loop #2 received 16384 bytes in 0.062000ms
[2025-01-20 13:02:52.396657] INFO: Receive loop #3 received 16384 bytes in 0.089000ms
[2025-01-20 13:02:54.867848] INFO: Receive loop #4 received 16384 bytes in 0.111000ms
[2025-01-20 13:02:57.542950] INFO: Receive loop #5 received 16384 bytes in 0.028000ms
[2025-01-20 13:02:59.559739] INFO: Receive loop #6 received 16384 bytes in 0.028000ms
[2025-01-20 13:03:02.142883] INFO: Receive loop #7 received 16384 bytes in 0.009000ms
[2025-01-20 13:03:04.714517] INFO: Receive loop #8 received 16384 bytes in 0.249000ms
[2025-01-20 13:03:06.409318] INFO: Receive loop #9 received 16384 bytes in 0.030000ms
[2025-01-20 13:03:07.722193] INFO: Receive loop #10 received 16384 bytes in 0.028000ms
[2025-01-20 13:03:09.595585] INFO: Receive loop #11 received 16384 bytes in 0.044000ms
[2025-01-20 13:03:11.833898] INFO: Receive loop #12 received 7666 bytes in 0.026000ms
[2025-01-20 13:03:14.190272] INFO: Response received in 29969.882000ms
[2025-01-20 13:04:21.256989] INFO: File saved in 1m 5297.560000ms
[2025-01-20 13:04:22.138499] INFO: File saved to: objects/temp_644
[2025-01-20 13:04:24.585929] INFO: Execution permission granted to: objects/temp_644
[2025-01-20 13:04:25.314709] INFO: Executing command: ./objects/temp_644 618 1024
[2025-01-20 13:04:29.952750] INFO: Command executed in 3816.611000ms
[2025-01-20 13:04:31.167960] INFO: Result saved to: results/result_644
[2025-01-20 13:04:32.921525] INFO: Second connection established in 0.429000ms
[2025-01-20 13:04:35.311527] INFO: Sending result upload request
[2025-01-20 13:04:36.255165] INFO: Second request sent in 0.003000ms
[2025-01-20 13:04:37.403667] INFO: Result uploaded in 0.009000ms
[2025-01-20 13:04:38.646575] INFO: Process completed successfully. Total execution time: 3m 31605.221000ms

