
[2025-01-20 13:03:11.083588] INFO: Process started with ID: 7
[2025-01-20 13:03:13.717351] INFO: First connection established in 0.187000ms
[2025-01-20 13:03:15.759229] INFO: Sending request: GET /http_server/send-object.php?ID=7 HTTP/1.1
Host: 192.168.100.3
Connection: close


[2025-01-20 13:03:17.017134] INFO: First request sent in 0.035000ms
[2025-01-20 13:03:18.840282] INFO: Time from request to first response in 0.026000ms
[2025-01-20 13:03:21.113104] INFO: Received headers - MPI-Rank: 827, Group-ID: 1, Job-ID: 1, Sub-Job-ID: 828, Rank-Count: 1024
[2025-01-20 13:03:23.815610] INFO: Receive loop #1 received 16384 bytes in 5010.367000ms
[2025-01-20 13:03:25.929361] INFO: Receive loop #2 received 16384 bytes in 0.060000ms
[2025-01-20 13:03:27.350596] INFO: Receive loop #3 received 16384 bytes in 0.077000ms
[2025-01-20 13:03:29.523656] INFO: Receive loop #4 received 16384 bytes in 0.110000ms
[2025-01-20 13:03:31.002747] INFO: Receive loop #5 received 16384 bytes in 0.011000ms
[2025-01-20 13:03:33.409658] INFO: Receive loop #6 received 16384 bytes in 0.024000ms
[2025-01-20 13:03:35.706273] INFO: Receive loop #7 received 16384 bytes in 0.030000ms
[2025-01-20 13:03:38.175445] INFO: Receive loop #8 received 16384 bytes in 0.264000ms
[2025-01-20 13:03:40.609276] INFO: Receive loop #9 received 16384 bytes in 0.032000ms
[2025-01-20 13:03:43.451903] INFO: Receive loop #10 received 16384 bytes in 0.005000ms
[2025-01-20 13:03:46.415000] INFO: Receive loop #11 received 16384 bytes in 0.006000ms
[2025-01-20 13:03:49.944554] INFO: Receive loop #12 received 7666 bytes in 0.026000ms
[2025-01-20 13:03:51.866614] INFO: Response received in 32578.940000ms
[2025-01-20 13:04:49.338951] INFO: File saved in 56506.839000ms
[2025-01-20 13:04:50.303566] INFO: File saved to: objects/temp_7
[2025-01-20 13:04:53.737731] INFO: Execution permission granted to: objects/temp_7
[2025-01-20 13:04:55.234737] INFO: Executing command: ./objects/temp_7 827 1024
[2025-01-20 13:05:01.876365] INFO: Command executed in 5518.518000ms
[2025-01-20 13:05:03.247131] INFO: Result saved to: results/result_7
[2025-01-20 13:05:05.467938] INFO: Second connection established in 0.326000ms
[2025-01-20 13:05:06.385111] INFO: Sending result upload request
[2025-01-20 13:05:07.000759] INFO: Second request sent in 0.004000ms
[2025-01-20 13:05:07.395950] INFO: Result uploaded in 0.011000ms
[2025-01-20 13:05:08.179231] INFO: Process completed successfully. Total execution time in 4m 1062.500000ms

