
[2025-01-20 12:45:10.271391] INFO: Process started with ID: 374
[2025-01-20 12:45:15.332263] INFO: First connection established in 0.168000ms
[2025-01-20 12:45:22.657021] INFO: Sending request: GET /http_server/send-object.php?ID=374 HTTP/1.1
Host: 192.168.100.3
Connection: close


[2025-01-20 12:45:30.385410] INFO: First request sent in 0.004000ms
[2025-01-20 12:45:34.557264] INFO: Time from request to first response:0.006000ms
[2025-01-20 12:45:46.540782] INFO: Received headers - MPI-Rank: 413, Group-ID: 1, Job-ID: 1, Sub-Job-ID: 414, Rank-Count: 1024
[2025-01-20 12:45:53.423933] INFO: Receive loop #1 received 16384 bytes in 14287.194000ms
[2025-01-20 12:46:01.435699] INFO: Receive loop #2 received 16384 bytes in 0.077000ms
[2025-01-20 12:46:07.642671] INFO: Receive loop #3 received 16384 bytes in 0.097000ms
[2025-01-20 12:46:14.159112] INFO: Receive loop #4 received 16384 bytes in 0.112000ms
[2025-01-20 12:46:21.332532] INFO: Receive loop #5 received 16384 bytes in 0.034000ms
[2025-01-20 12:46:28.073153] INFO: Receive loop #6 received 16384 bytes in 0.033000ms
[2025-01-20 12:46:35.614449] INFO: Receive loop #7 received 16384 bytes in 0.039000ms
[2025-01-20 12:46:44.729231] INFO: Receive loop #8 received 16384 bytes in 0.249000ms
[2025-01-20 12:46:52.271929] INFO: Receive loop #9 received 16384 bytes in 0.033000ms
[2025-01-20 12:46:57.689283] INFO: Receive loop #10 received 16384 bytes in 0.036000ms
[2025-01-20 12:47:01.469812] INFO: Receive loop #11 received 16384 bytes in 0.029000ms
[2025-01-20 12:47:07.563100] INFO: Receive loop #12 received 7666 bytes in 0.023000ms
[2025-01-20 12:47:14.625075] INFO: Response received in 1m 40795.401000ms
[2025-01-20 12:47:29.379589] INFO: File saved in 11916.110000ms
[2025-01-20 12:47:29.858239] INFO: File saved to: objects/temp_374
[2025-01-20 12:47:33.295811] INFO: Execution permission granted to: objects/temp_374
[2025-01-20 12:47:34.058316] INFO: Executing command: ./objects/temp_374 413 1024

