
[2025-01-20 12:44:54.398689] INFO: Process started with ID: 19
[2025-01-20 12:44:56.650294] INFO: First connection established in 0.190000ms
[2025-01-20 12:44:59.389333] INFO: Sending request: GET /http_server/send-object.php?ID=19 HTTP/1.1
Host: 192.168.100.3
Connection: close


[2025-01-20 12:45:02.981510] INFO: First request sent in 0.003000ms
[2025-01-20 12:45:06.838740] INFO: Time from request to first response:0.033000ms
[2025-01-20 12:45:11.475773] INFO: Received headers - MPI-Rank: 142, Group-ID: 1, Job-ID: 1, Sub-Job-ID: 143, Rank-Count: 1024
[2025-01-20 12:45:15.457644] INFO: Receive loop #1 received 16384 bytes in 7854.117000ms
[2025-01-20 12:45:23.125240] INFO: Receive loop #2 received 16384 bytes in 0.014000ms
[2025-01-20 12:45:32.492368] INFO: Receive loop #3 received 16384 bytes in 0.080000ms
[2025-01-20 12:45:38.421465] INFO: Receive loop #4 received 16384 bytes in 0.111000ms
[2025-01-20 12:45:46.054097] INFO: Receive loop #5 received 16384 bytes in 0.007000ms
[2025-01-20 12:45:53.441059] INFO: Receive loop #6 received 16384 bytes in 0.028000ms
[2025-01-20 12:46:05.316229] INFO: Receive loop #7 received 16384 bytes in 0.006000ms
[2025-01-20 12:46:09.480466] INFO: Receive loop #8 received 16384 bytes in 0.045000ms
[2025-01-20 12:46:16.646354] INFO: Receive loop #9 received 16384 bytes in 0.005000ms
[2025-01-20 12:46:23.586361] INFO: Receive loop #10 received 16384 bytes in 0.006000ms
[2025-01-20 12:46:30.443333] INFO: Receive loop #11 received 16384 bytes in 0.032000ms
[2025-01-20 12:46:38.013953] INFO: Receive loop #12 received 7666 bytes in 0.003000ms
[2025-01-20 12:46:43.720687] INFO: Response received in 1m 37166.373000ms
[2025-01-20 12:48:05.170725] INFO: File saved in 1m 14503.958000ms
[2025-01-20 12:48:05.934673] INFO: File saved to: objects/temp_19
[2025-01-20 12:48:09.463763] INFO: Execution permission granted to: objects/temp_19
[2025-01-20 12:48:10.307876] INFO: Executing command: ./objects/temp_19 142 1024

