
[2025-01-20 13:03:32.952010] INFO: Process started with ID: 451
[2025-01-20 13:03:35.522807] INFO: First connection established in 0.242000ms
[2025-01-20 13:03:37.843610] INFO: Sending request: GET /http_server/send-object.php?ID=451 HTTP/1.1
Host: 192.168.100.3
Connection: close


[2025-01-20 13:03:40.228166] INFO: First request sent in 0.032000ms
[2025-01-20 13:03:42.684784] INFO: Time from request to first response:0.031000ms
[2025-01-20 13:03:45.056962] INFO: Received headers - MPI-Rank: 962, Group-ID: 1, Job-ID: 1, Sub-Job-ID: 963, Rank-Count: 1024
[2025-01-20 13:03:47.576593] INFO: Receive loop #1 received 16384 bytes in 4633.770000ms
[2025-01-20 13:03:50.236687] INFO: Receive loop #2 received 16384 bytes in 0.066000ms
[2025-01-20 13:03:51.986559] INFO: Receive loop #3 received 16384 bytes in 0.075000ms
[2025-01-20 13:03:53.244266] INFO: Receive loop #4 received 16384 bytes in 0.161000ms
[2025-01-20 13:03:55.154196] INFO: Receive loop #5 received 16384 bytes in 0.013000ms
[2025-01-20 13:03:57.314756] INFO: Receive loop #6 received 16384 bytes in 0.038000ms
[2025-01-20 13:03:59.135694] INFO: Receive loop #7 received 16384 bytes in 0.009000ms
[2025-01-20 13:04:00.978903] INFO: Receive loop #8 received 16384 bytes in 0.114000ms
[2025-01-20 13:04:02.070466] INFO: Receive loop #9 received 16384 bytes in 0.037000ms
[2025-01-20 13:04:03.649625] INFO: Receive loop #10 received 16384 bytes in 0.028000ms
[2025-01-20 13:04:05.255555] INFO: Receive loop #11 received 16384 bytes in 0.005000ms
[2025-01-20 13:04:06.618133] INFO: Receive loop #12 received 7666 bytes in 0.019000ms
[2025-01-20 13:04:08.005657] INFO: Response received in 25072.926000ms
[2025-01-20 13:05:07.472862] INFO: File saved in 58839.296000ms
[2025-01-20 13:05:07.992761] INFO: File saved to: objects/temp_451
[2025-01-20 13:05:10.041900] INFO: Execution permission granted to: objects/temp_451
[2025-01-20 13:05:10.552258] INFO: Executing command: ./objects/temp_451 962 1024
[2025-01-20 13:05:15.524537] INFO: Command executed in 3531.353000ms
[2025-01-20 13:05:16.689982] INFO: Result saved to: results/result_451
[2025-01-20 13:05:17.913241] INFO: Second connection established in 0.250000ms
[2025-01-20 13:05:19.296065] INFO: Sending result upload request
[2025-01-20 13:05:20.287452] INFO: Second request sent in 0.003000ms
[2025-01-20 13:05:20.997283] INFO: Result uploaded in 0.010000ms
[2025-01-20 13:05:21.988722] INFO: Process completed successfully. Total execution time: 4m 14954.667000ms

