
[2025-01-20 13:02:31.182252] INFO: Process started with ID: 58
[2025-01-20 13:02:33.614332] INFO: First connection established in 0.410000ms
[2025-01-20 13:02:35.878076] INFO: Sending request: GET /http_server/send-object.php?ID=58 HTTP/1.1
Host: 192.168.100.3
Connection: close


[2025-01-20 13:02:37.794251] INFO: First request sent in 0.032000ms
[2025-01-20 13:02:40.595578] INFO: Time from request to first response in 0.035000ms
[2025-01-20 13:02:42.764793] INFO: Received headers - MPI-Rank: 602, Group-ID: 1, Job-ID: 1, Sub-Job-ID: 603, Rank-Count: 1024
[2025-01-20 13:02:45.438258] INFO: Receive loop #1 received 16384 bytes in 4870.912000ms
[2025-01-20 13:02:47.260556] INFO: Receive loop #2 received 16384 bytes in 0.068000ms
[2025-01-20 13:02:49.106722] INFO: Receive loop #3 received 16384 bytes in 0.023000ms
[2025-01-20 13:02:50.684929] INFO: Receive loop #4 received 16384 bytes in 0.110000ms
[2025-01-20 13:02:53.339234] INFO: Receive loop #5 received 16384 bytes in 0.007000ms
[2025-01-20 13:02:55.794451] INFO: Receive loop #6 received 16384 bytes in 0.030000ms
[2025-01-20 13:02:58.128781] INFO: Receive loop #7 received 16384 bytes in 0.030000ms
[2025-01-20 13:03:00.664267] INFO: Receive loop #8 received 16384 bytes in 0.304000ms
[2025-01-20 13:03:02.859027] INFO: Receive loop #9 received 16384 bytes in 0.031000ms
[2025-01-20 13:03:05.307793] INFO: Receive loop #10 received 16384 bytes in 0.029000ms
[2025-01-20 13:03:06.841630] INFO: Receive loop #11 received 16384 bytes in 0.032000ms
[2025-01-20 13:03:08.456064] INFO: Receive loop #12 received 7666 bytes in 0.019000ms
[2025-01-20 13:03:10.040860] INFO: Response received in 30020.893000ms
[2025-01-20 13:04:20.164003] INFO: File saved in 1m 8118.292000ms
[2025-01-20 13:04:21.060601] INFO: File saved to: objects/temp_58
[2025-01-20 13:04:24.455220] INFO: Execution permission granted to: objects/temp_58
[2025-01-20 13:04:25.314598] INFO: Executing command: ./objects/temp_58 602 1024
[2025-01-20 13:04:34.802287] INFO: Command executed in 8669.851000ms
[2025-01-20 13:04:36.058252] INFO: Result saved to: results/result_58
[2025-01-20 13:04:38.085449] INFO: Second connection established in 0.153000ms
[2025-01-20 13:04:39.956453] INFO: Sending result upload request
[2025-01-20 13:04:40.991745] INFO: Second request sent in 0.003000ms
[2025-01-20 13:04:42.070569] INFO: Result uploaded in 0.009000ms
[2025-01-20 13:04:43.582188] INFO: Process completed successfully. Total execution time in 3m 36112.786000ms

