
[2025-01-20 13:03:02.755290] INFO: Process started with ID: 1
[2025-01-20 13:03:05.244541] INFO: First connection established in 0.256000ms
[2025-01-20 13:03:06.755766] INFO: Sending request: GET /http_server/send-object.php?ID=1 HTTP/1.1
Host: 192.168.100.3
Connection: close


[2025-01-20 13:03:08.360469] INFO: First request sent in 0.006000ms
[2025-01-20 13:03:09.914439] INFO: Time from request to first response in 0.030000ms
[2025-01-20 13:03:12.246345] INFO: Received headers - MPI-Rank: 771, Group-ID: 1, Job-ID: 1, Sub-Job-ID: 772, Rank-Count: 1024
[2025-01-20 13:03:14.826513] INFO: Receive loop #1 received 16384 bytes in 4480.957000ms
[2025-01-20 13:03:16.494366] INFO: Receive loop #2 received 16384 bytes in 0.079000ms
[2025-01-20 13:03:17.718770] INFO: Receive loop #3 received 16384 bytes in 0.092000ms
[2025-01-20 13:03:19.903293] INFO: Receive loop #4 received 16384 bytes in 0.125000ms
[2025-01-20 13:03:22.685879] INFO: Receive loop #5 received 16384 bytes in 0.039000ms
[2025-01-20 13:03:25.182490] INFO: Receive loop #6 received 16384 bytes in 0.032000ms
[2025-01-20 13:03:26.689131] INFO: Receive loop #7 received 16384 bytes in 0.038000ms
[2025-01-20 13:03:28.597430] INFO: Receive loop #8 received 16384 bytes in 0.072000ms
[2025-01-20 13:03:30.148359] INFO: Receive loop #9 received 16384 bytes in 0.036000ms
[2025-01-20 13:03:32.232276] INFO: Receive loop #10 received 16384 bytes in 0.033000ms
[2025-01-20 13:03:34.529945] INFO: Receive loop #11 received 16384 bytes in 0.035000ms
[2025-01-20 13:03:36.988013] INFO: Receive loop #12 received 7666 bytes in 0.018000ms
[2025-01-20 13:03:40.368059] INFO: Response received in 29317.229000ms
[2025-01-20 13:04:43.405236] INFO: File saved in 1m 5.606000ms
[2025-01-20 13:04:44.268600] INFO: File saved to: objects/temp_1
[2025-01-20 13:04:47.472073] INFO: Execution permission granted to: objects/temp_1
[2025-01-20 13:04:48.587407] INFO: Executing command: ./objects/temp_1 771 1024
[2025-01-20 13:04:55.236231] INFO: Command executed in 5444.778000ms
[2025-01-20 13:04:56.084331] INFO: Result saved to: results/result_1
[2025-01-20 13:04:57.814936] INFO: Second connection established in 0.112000ms
[2025-01-20 13:05:00.394771] INFO: Sending result upload request
[2025-01-20 13:05:01.531499] INFO: Second request sent in 0.003000ms
[2025-01-20 13:05:02.591972] INFO: Result uploaded in 0.010000ms
[2025-01-20 13:05:03.816259] INFO: Process completed successfully. Total execution time in 3m 56476.838000ms

