
[2025-01-20 13:02:41.556466] INFO: Process started with ID: 642
[2025-01-20 13:02:43.835913] INFO: First connection established in 0.206000ms
[2025-01-20 13:02:46.179359] INFO: Sending request: GET /http_server/send-object.php?ID=642 HTTP/1.1
Host: 192.168.100.3
Connection: close


[2025-01-20 13:02:48.401245] INFO: First request sent in 0.032000ms
[2025-01-20 13:02:49.704394] INFO: Time from request to first response in 0.033000ms
[2025-01-20 13:02:52.084404] INFO: Received headers - MPI-Rank: 655, Group-ID: 1, Job-ID: 1, Sub-Job-ID: 656, Rank-Count: 1024
[2025-01-20 13:02:54.526257] INFO: Receive loop #1 received 16384 bytes in 4597.586000ms
[2025-01-20 13:02:56.995585] INFO: Receive loop #2 received 16384 bytes in 0.061000ms
[2025-01-20 13:02:59.164488] INFO: Receive loop #3 received 16384 bytes in 0.082000ms
[2025-01-20 13:03:01.617305] INFO: Receive loop #4 received 16384 bytes in 0.130000ms
[2025-01-20 13:03:04.338429] INFO: Receive loop #5 received 16384 bytes in 0.035000ms
[2025-01-20 13:03:06.299780] INFO: Receive loop #6 received 16384 bytes in 0.029000ms
[2025-01-20 13:03:07.445090] INFO: Receive loop #7 received 16384 bytes in 0.033000ms
[2025-01-20 13:03:09.453061] INFO: Receive loop #8 received 16384 bytes in 0.319000ms
[2025-01-20 13:03:11.688356] INFO: Receive loop #9 received 16384 bytes in 0.038000ms
[2025-01-20 13:03:13.989694] INFO: Receive loop #10 received 16384 bytes in 0.036000ms
[2025-01-20 13:03:16.114705] INFO: Receive loop #11 received 16384 bytes in 0.035000ms
[2025-01-20 13:03:17.332244] INFO: Receive loop #12 received 7666 bytes in 0.017000ms
[2025-01-20 13:03:19.075950] INFO: Response received in 29037.765000ms
[2025-01-20 13:04:25.023388] INFO: File saved in 1m 3791.155000ms
[2025-01-20 13:04:25.734623] INFO: File saved to: objects/temp_642
[2025-01-20 13:04:27.364520] INFO: Execution permission granted to: objects/temp_642
[2025-01-20 13:04:28.176983] INFO: Executing command: ./objects/temp_642 655 1024
[2025-01-20 13:04:35.732716] INFO: Command executed in 6418.108000ms
[2025-01-20 13:04:36.565395] INFO: Result saved to: results/result_642
[2025-01-20 13:04:38.134405] INFO: Second connection established in 0.660000ms
[2025-01-20 13:04:39.913155] INFO: Sending result upload request
[2025-01-20 13:04:41.009056] INFO: Second request sent in 0.004000ms
[2025-01-20 13:04:42.044610] INFO: Result uploaded in 0.011000ms
[2025-01-20 13:04:42.966032] INFO: Process completed successfully. Total execution time in 3m 35984.895000ms

