
[2025-01-31 17:57:32] Program started at 2025-01-31 17:57:32.7327
[2025-01-31 17:57:32] [getClientID] MySQL connection established. Execution time: 0.280 ms
[2025-01-31 17:57:32] [getClientID] SELECT table_name FROM table_registry WHERE id = :job_id / Execution time: 0.505 ms
[2025-01-31 17:57:32] [getClientID] SELECT client FROM `matrix` WHERE id = :sub_job_id / Execution time: 0.221 ms
[2025-01-31 17:57:32] getClientID completed. Execution time: 1.202 ms
[2025-01-31 17:57:32] Read file completed. Execution time: 0.014 ms
[2025-01-31 17:57:32] File saved successfully: uploads/job_1/group_1/result_299
[2025-01-31 17:57:32] [updateStatus] MySQL connection established. Execution time: 0.124 ms
[2025-01-31 17:57:32] [updateStatus] SELECT table_name FROM table_registry WHERE id = :job_id FOR UPDATE / Execution time: 2.078 ms
[2025-01-31 17:57:32] [updateStatus] UPDATE `matrix` SET status = :status WHERE id = :sub_job_id / Execution time: 0.315 ms
[2025-01-31 17:57:32] [updateStatus] SELECT COUNT_RECORDS FROM `matrix` / Execution time: 0.701 ms
[2025-01-31 17:57:32] [updateStatus] UPDATE table_registry SET status = :status WHERE id = :job_id / Execution time: 0.165 ms
[2025-01-31 17:57:32] updateStatus completed. Execution time: 5.739 ms
[2025-01-31 17:57:32] Write file completed. Execution time: 6.072 ms
[2025-01-31 17:57:32] [getGroupStatus] MySQL connection established. Execution time: 0.037 ms
[2025-01-31 17:57:32] [getGroupStatus] SELECT table_name FROM table_registry WHERE id = :job_id / Execution time: 0.145 ms
[2025-01-31 17:57:32] [getGroupStatus] SELECT status FROM `matrix` WHERE group_id = :group_id / Execution time: 0.673 ms
[2025-01-31 17:57:32] getGroupStatus completed. Execution time: 0.943 ms
[2025-01-31 17:57:32] Group 1 is not completed yet.
[2025-01-31 17:57:32] Program completed. Total execution time: 10.895 ms

