
[2025-01-31 17:57:24] Program started at 2025-01-31 17:57:24.1855
[2025-01-31 17:57:24] [getClientID] MySQL connection established. Execution time: 0.371 ms
[2025-01-31 17:57:24] [getClientID] SELECT table_name FROM table_registry WHERE id = :job_id / Execution time: 0.460 ms
[2025-01-31 17:57:24] [getClientID] SELECT client FROM `matrix` WHERE id = :sub_job_id / Execution time: 0.246 ms
[2025-01-31 17:57:24] getClientID completed. Execution time: 1.369 ms
[2025-01-31 17:57:24] Read file completed. Execution time: 0.017 ms
[2025-01-31 17:57:24] File saved successfully: uploads/job_1/group_1/result_145
[2025-01-31 17:57:24] [updateStatus] MySQL connection established. Execution time: 0.138 ms
[2025-01-31 17:57:24] [updateStatus] SELECT table_name FROM table_registry WHERE id = :job_id FOR UPDATE / Execution time: 1.392 ms
[2025-01-31 17:57:24] [updateStatus] UPDATE `matrix` SET status = :status WHERE id = :sub_job_id / Execution time: 0.342 ms
[2025-01-31 17:57:24] [updateStatus] SELECT COUNT_RECORDS FROM `matrix` / Execution time: 1.011 ms
[2025-01-31 17:57:24] [updateStatus] UPDATE table_registry SET status = :status WHERE id = :job_id / Execution time: 0.214 ms
[2025-01-31 17:57:24] updateStatus completed. Execution time: 4.342 ms
[2025-01-31 17:57:24] Write file completed. Execution time: 4.657 ms
[2025-01-31 17:57:24] [getGroupStatus] MySQL connection established. Execution time: 0.057 ms
[2025-01-31 17:57:24] [getGroupStatus] SELECT table_name FROM table_registry WHERE id = :job_id / Execution time: 0.252 ms
[2025-01-31 17:57:24] [getGroupStatus] SELECT status FROM `matrix` WHERE group_id = :group_id / Execution time: 1.414 ms
[2025-01-31 17:57:24] getGroupStatus completed. Execution time: 1.903 ms
[2025-01-31 17:57:24] Group 1 is not completed yet.
[2025-01-31 17:57:24] Program completed. Total execution time: 10.673 ms

