
[2025-01-31 17:57:13] Program started at 2025-01-31 17:57:13.7599
[2025-01-31 17:57:13] [getClientID] MySQL connection established. Execution time: 0.272 ms
[2025-01-31 17:57:13] [getClientID] SELECT table_name FROM table_registry WHERE id = :job_id / Execution time: 0.410 ms
[2025-01-31 17:57:13] [getClientID] SELECT client FROM `matrix` WHERE id = :sub_job_id / Execution time: 0.252 ms
[2025-01-31 17:57:13] getClientID completed. Execution time: 1.124 ms
[2025-01-31 17:57:13] Read file completed. Execution time: 0.015 ms
[2025-01-31 17:57:13] File saved successfully: uploads/job_1/group_1/result_447
[2025-01-31 17:57:13] [updateStatus] MySQL connection established. Execution time: 0.123 ms
[2025-01-31 17:57:13] [updateStatus] SELECT table_name FROM table_registry WHERE id = :job_id FOR UPDATE / Execution time: 0.220 ms
[2025-01-31 17:57:13] [updateStatus] UPDATE `matrix` SET status = :status WHERE id = :sub_job_id / Execution time: 0.270 ms
[2025-01-31 17:57:13] [updateStatus] SELECT COUNT_RECORDS FROM `matrix` / Execution time: 0.973 ms
[2025-01-31 17:57:13] [updateStatus] UPDATE table_registry SET status = :status WHERE id = :job_id / Execution time: 0.205 ms
[2025-01-31 17:57:13] updateStatus completed. Execution time: 4.084 ms
[2025-01-31 17:57:13] Write file completed. Execution time: 4.412 ms
[2025-01-31 17:57:13] [getGroupStatus] MySQL connection established. Execution time: 0.057 ms
[2025-01-31 17:57:13] [getGroupStatus] SELECT table_name FROM table_registry WHERE id = :job_id / Execution time: 0.277 ms
[2025-01-31 17:57:13] [getGroupStatus] SELECT status FROM `matrix` WHERE group_id = :group_id / Execution time: 1.256 ms
[2025-01-31 17:57:13] getGroupStatus completed. Execution time: 1.715 ms
[2025-01-31 17:57:13] Group 1 is not completed yet.
[2025-01-31 17:57:13] Program completed. Total execution time: 9.907 ms

