
[2025-01-31 17:57:24] Program started at 2025-01-31 17:57:24.72
[2025-01-31 17:57:24] [getClientID] MySQL connection established. Execution time: 0.512 ms
[2025-01-31 17:57:24] [getClientID] SELECT table_name FROM table_registry WHERE id = :job_id / Execution time: 0.307 ms
[2025-01-31 17:57:24] [getClientID] SELECT client FROM `matrix` WHERE id = :sub_job_id / Execution time: 0.568 ms
[2025-01-31 17:57:24] getClientID completed. Execution time: 1.625 ms
[2025-01-31 17:57:24] Read file completed. Execution time: 0.015 ms
[2025-01-31 17:57:24] File saved successfully: uploads/job_1/group_1/result_263
[2025-01-31 17:57:24] [updateStatus] MySQL connection established. Execution time: 0.233 ms
[2025-01-31 17:57:24] [updateStatus] SELECT table_name FROM table_registry WHERE id = :job_id FOR UPDATE / Execution time: 0.324 ms
[2025-01-31 17:57:24] [updateStatus] UPDATE `matrix` SET status = :status WHERE id = :sub_job_id / Execution time: 0.238 ms
[2025-01-31 17:57:24] [updateStatus] SELECT COUNT_RECORDS FROM `matrix` / Execution time: 1.004 ms
[2025-01-31 17:57:24] [updateStatus] UPDATE table_registry SET status = :status WHERE id = :job_id / Execution time: 0.210 ms
[2025-01-31 17:57:24] updateStatus completed. Execution time: 4.314 ms
[2025-01-31 17:57:24] Write file completed. Execution time: 4.678 ms
[2025-01-31 17:57:24] [getGroupStatus] MySQL connection established. Execution time: 0.057 ms
[2025-01-31 17:57:24] [getGroupStatus] SELECT table_name FROM table_registry WHERE id = :job_id / Execution time: 0.184 ms
[2025-01-31 17:57:24] [getGroupStatus] SELECT status FROM `matrix` WHERE group_id = :group_id / Execution time: 1.027 ms
[2025-01-31 17:57:24] getGroupStatus completed. Execution time: 1.433 ms
[2025-01-31 17:57:24] Group 1 is not completed yet.
[2025-01-31 17:57:24] Program completed. Total execution time: 9.886 ms

