
[2025-01-31 15:59:10] Program started at 2025-01-31 15:59:10.5722
[2025-01-31 15:59:10] [getClientID] MySQL connection established. Execution time: 0.808 ms
[2025-01-31 15:59:10] [getClientID] SELECT table_name FROM table_registry WHERE id = :job_id / Execution time: 0.331 ms
[2025-01-31 15:59:10] [getClientID] SELECT client FROM `matrix` WHERE id = :sub_job_id / Execution time: 0.203 ms
[2025-01-31 15:59:10] getClientID completed. Execution time: 1.592 ms
[2025-01-31 15:59:10] Read file completed. Execution time: 0.006 ms
[2025-01-31 15:59:10] File saved successfully: uploads/job_1/group_1/result_3
[2025-01-31 15:59:10] [updateStatus] MySQL connection established. Execution time: 0.093 ms
[2025-01-31 15:59:10] [updateStatus] SELECT table_name FROM table_registry WHERE id = :job_id FOR UPDATE / Execution time: 0.194 ms
[2025-01-31 15:59:10] [updateStatus] UPDATE `matrix` SET status = :status WHERE id = :sub_job_id / Execution time: 0.215 ms
[2025-01-31 15:59:10] [updateStatus] SELECT COUNT_RECORDS FROM `matrix` / Execution time: 0.250 ms
[2025-01-31 15:59:10] [updateStatus] UPDATE table_registry SET status = :status WHERE id = :job_id / Execution time: 0.167 ms
[2025-01-31 15:59:10] updateStatus completed. Execution time: 2.415 ms
[2025-01-31 15:59:10] Write file completed. Execution time: 2.570 ms
[2025-01-31 15:59:10] [getGroupStatus] MySQL connection established. Execution time: 0.041 ms
[2025-01-31 15:59:10] [getGroupStatus] SELECT table_name FROM table_registry WHERE id = :job_id / Execution time: 0.190 ms
[2025-01-31 15:59:10] [getGroupStatus] SELECT status FROM `matrix` WHERE group_id = :group_id / Execution time: 0.190 ms
[2025-01-31 15:59:10] getGroupStatus completed. Execution time: 0.492 ms
[2025-01-31 15:59:10] Group 1 is not completed yet.
[2025-01-31 15:59:10] Program completed. Total execution time: 7.582 ms

