
[2025-01-31 17:30:03.481317] INFO: Process started with ID: 49
[2025-01-31 17:30:04.385397] INFO: First connection established in 0.117000ms
[2025-01-31 17:30:05.042476] INFO: Sending request: GET /http_server/send-object.php?ID=49 HTTP/1.1
Host: 192.168.100.3
Connection: close


[2025-01-31 17:30:05.895807] INFO: First request sent in 0.033000ms
[2025-01-31 17:30:06.917106] INFO: Time from request to first response in 0.028000ms
[2025-01-31 17:30:07.625091] INFO: Received headers - MPI-Rank: 121, Group-ID: 1, Job-ID: 1, Sub-Job-ID: 122, Rank-Count: 128
[2025-01-31 17:30:08.864311] INFO: Receive loop #1 received 16384 bytes in 1692.860000ms
[2025-01-31 17:30:09.933764] INFO: Receive loop #2 received 16384 bytes in 0.077000ms
[2025-01-31 17:30:10.633831] INFO: Receive loop #3 received 16384 bytes in 0.142000ms
[2025-01-31 17:30:11.694744] INFO: Receive loop #4 received 16384 bytes in 0.160000ms
[2025-01-31 17:30:12.870435] INFO: Receive loop #5 received 16384 bytes in 0.029000ms
[2025-01-31 17:30:13.551714] INFO: Receive loop #6 received 16384 bytes in 0.027000ms
[2025-01-31 17:30:14.431499] INFO: Receive loop #7 received 16384 bytes in 0.029000ms
[2025-01-31 17:30:15.168078] INFO: Receive loop #8 received 16384 bytes in 0.265000ms
[2025-01-31 17:30:16.235937] INFO: Receive loop #9 received 16384 bytes in 0.029000ms
[2025-01-31 17:30:17.519659] INFO: Receive loop #10 received 16384 bytes in 0.029000ms
[2025-01-31 17:30:18.184350] INFO: Receive loop #11 received 16384 bytes in 0.028000ms
[2025-01-31 17:30:18.936429] INFO: Receive loop #12 received 7665 bytes in 0.020000ms
[2025-01-31 17:30:19.495661] INFO: Response received in 12543.696000ms
[2025-01-31 17:30:19.915504] INFO: File saved in 0.462000ms
[2025-01-31 17:30:20.405897] INFO: File saved to: /home/vc/kurotaka/objects/temp_49
[2025-01-31 17:30:20.934347] INFO: Execution permission granted to: /home/vc/kurotaka/objects/temp_49
[2025-01-31 17:30:20.988283] INFO: Executing command: /home/vc/kurotaka/objects/temp_49 121 128 1
[2025-01-31 17:30:23.974159] INFO: Command executed in 2356.253000ms
[2025-01-31 17:30:25.111924] INFO: Result saved to: /home/vc/kurotaka/results/result_49
[2025-01-31 17:30:25.892456] INFO: Second connection established in 0.188000ms
[2025-01-31 17:30:27.049680] INFO: Sending result upload request
[2025-01-31 17:30:28.264185] INFO: Second request sent in 0.026000ms
[2025-01-31 17:30:29.035268] INFO: Result uploaded in 0.030000ms
[2025-01-31 17:30:30.263197] INFO: Process completed successfully. Total execution time in 30176.857000ms

