
[2025-01-31 17:29:59.669971] INFO: Process started with ID: 30
[2025-01-31 17:29:59.786498] INFO: First connection established in 0.307000ms
[2025-01-31 17:30:00.020782] INFO: Sending request: GET /http_server/send-object.php?ID=30 HTTP/1.1
Host: 192.168.100.3
Connection: close


[2025-01-31 17:30:00.404420] INFO: First request sent in 0.040000ms
[2025-01-31 17:30:00.868217] INFO: Time from request to first response in 0.010000ms
[2025-01-31 17:30:01.507020] INFO: Received headers - MPI-Rank: 2, Group-ID: 1, Job-ID: 1, Sub-Job-ID: 3, Rank-Count: 128
[2025-01-31 17:30:02.149830] INFO: Receive loop #1 received 16384 bytes in 1320.218000ms
[2025-01-31 17:30:02.845542] INFO: Receive loop #2 received 16384 bytes in 0.075000ms
[2025-01-31 17:30:03.847256] INFO: Receive loop #3 received 16384 bytes in 0.091000ms
[2025-01-31 17:30:04.560101] INFO: Receive loop #4 received 16384 bytes in 0.113000ms
[2025-01-31 17:30:05.382823] INFO: Receive loop #5 received 16384 bytes in 0.035000ms
[2025-01-31 17:30:06.302613] INFO: Receive loop #6 received 16384 bytes in 0.033000ms
[2025-01-31 17:30:07.110120] INFO: Receive loop #7 received 16384 bytes in 0.049000ms
[2025-01-31 17:30:07.876587] INFO: Receive loop #8 received 16384 bytes in 0.270000ms
[2025-01-31 17:30:09.112660] INFO: Receive loop #9 received 16384 bytes in 0.032000ms
[2025-01-31 17:30:10.012361] INFO: Receive loop #10 received 16384 bytes in 0.035000ms
[2025-01-31 17:30:10.750655] INFO: Receive loop #11 received 16384 bytes in 0.027000ms
[2025-01-31 17:30:12.097284] INFO: Receive loop #12 received 7661 bytes in 0.018000ms
[2025-01-31 17:30:13.029438] INFO: Response received in 12189.018000ms
[2025-01-31 17:30:13.820766] INFO: File saved in 0.466000ms
[2025-01-31 17:30:14.570178] INFO: File saved to: /home/vc/kurotaka/objects/temp_30
[2025-01-31 17:30:16.000219] INFO: Execution permission granted to: /home/vc/kurotaka/objects/temp_30
[2025-01-31 17:30:17.434607] INFO: Executing command: /home/vc/kurotaka/objects/temp_30 2 128 1
[2025-01-31 17:30:23.648709] INFO: Command executed in 5613.143000ms
[2025-01-31 17:30:24.951297] INFO: Result saved to: /home/vc/kurotaka/results/result_30
[2025-01-31 17:30:25.591492] INFO: Second connection established in 0.283000ms
[2025-01-31 17:30:26.584238] INFO: Sending result upload request
[2025-01-31 17:30:28.093028] INFO: Second request sent in 0.027000ms
[2025-01-31 17:30:28.723202] INFO: Result uploaded in 0.051000ms
[2025-01-31 17:30:29.735319] INFO: Process completed successfully. Total execution time in 29709.907000ms

