
[2025-01-31 17:30:01.112557] INFO: Process started with ID: 45
[2025-01-31 17:30:01.854479] INFO: First connection established in 0.229000ms
[2025-01-31 17:30:02.407538] INFO: Sending request: GET /http_server/send-object.php?ID=45 HTTP/1.1
Host: 192.168.100.3
Connection: close


[2025-01-31 17:30:03.128765] INFO: First request sent in 0.035000ms
[2025-01-31 17:30:04.163161] INFO: Time from request to first response in 0.034000ms
[2025-01-31 17:30:04.723900] INFO: Received headers - MPI-Rank: 76, Group-ID: 1, Job-ID: 1, Sub-Job-ID: 77, Rank-Count: 128
[2025-01-31 17:30:05.654009] INFO: Receive loop #1 received 16384 bytes in 1535.445000ms
[2025-01-31 17:30:06.755030] INFO: Receive loop #2 received 16384 bytes in 0.061000ms
[2025-01-31 17:30:07.341174] INFO: Receive loop #3 received 16384 bytes in 0.076000ms
[2025-01-31 17:30:08.466645] INFO: Receive loop #4 received 16384 bytes in 0.111000ms
[2025-01-31 17:30:09.776668] INFO: Receive loop #5 received 16384 bytes in 0.031000ms
[2025-01-31 17:30:10.317211] INFO: Receive loop #6 received 16384 bytes in 0.029000ms
[2025-01-31 17:30:11.277217] INFO: Receive loop #7 received 16384 bytes in 0.029000ms
[2025-01-31 17:30:12.567996] INFO: Receive loop #8 received 16384 bytes in 0.257000ms
[2025-01-31 17:30:13.245825] INFO: Receive loop #9 received 16384 bytes in 0.031000ms
[2025-01-31 17:30:14.256656] INFO: Receive loop #10 received 16384 bytes in 0.027000ms
[2025-01-31 17:30:14.822289] INFO: Receive loop #11 received 16384 bytes in 0.028000ms
[2025-01-31 17:30:15.845836] INFO: Receive loop #12 received 7663 bytes in 0.018000ms
[2025-01-31 17:30:17.187227] INFO: Response received in 12887.261000ms
[2025-01-31 17:30:17.919136] INFO: File saved in 0.461000ms
[2025-01-31 17:30:18.654437] INFO: File saved to: /home/vc/kurotaka/objects/temp_45
[2025-01-31 17:30:19.495661] INFO: Execution permission granted to: /home/vc/kurotaka/objects/temp_45
[2025-01-31 17:30:19.915728] INFO: Executing command: /home/vc/kurotaka/objects/temp_45 76 128 1
[2025-01-31 17:30:24.883518] INFO: Command executed in 4167.719000ms
[2025-01-31 17:30:25.505254] INFO: Result saved to: /home/vc/kurotaka/results/result_45
[2025-01-31 17:30:26.504318] INFO: Second connection established in 0.226000ms
[2025-01-31 17:30:28.027342] INFO: Sending result upload request
[2025-01-31 17:30:28.690981] INFO: Second request sent in 0.021000ms
[2025-01-31 17:30:29.701981] INFO: Result uploaded in 0.052000ms
[2025-01-31 17:30:30.899688] INFO: Process completed successfully. Total execution time in 30876.490000ms

