
[2025-01-31 17:30:01.223125] INFO: Process started with ID: 22
[2025-01-31 17:30:02.018451] INFO: First connection established in 0.268000ms
[2025-01-31 17:30:02.655204] INFO: Sending request: GET /http_server/send-object.php?ID=22 HTTP/1.1
Host: 192.168.100.3
Connection: close


[2025-01-31 17:30:03.535595] INFO: First request sent in 0.034000ms
[2025-01-31 17:30:04.418795] INFO: Time from request to first response in 0.029000ms
[2025-01-31 17:30:05.042437] INFO: Received headers - MPI-Rank: 81, Group-ID: 1, Job-ID: 1, Sub-Job-ID: 82, Rank-Count: 128
[2025-01-31 17:30:05.919536] INFO: Receive loop #1 received 16384 bytes in 1362.223000ms
[2025-01-31 17:30:06.916986] INFO: Receive loop #2 received 16384 bytes in 0.059000ms
[2025-01-31 17:30:07.625260] INFO: Receive loop #3 received 16384 bytes in 0.076000ms
[2025-01-31 17:30:08.817502] INFO: Receive loop #4 received 16384 bytes in 0.112000ms
[2025-01-31 17:30:09.890500] INFO: Receive loop #5 received 16384 bytes in 0.029000ms
[2025-01-31 17:30:10.550093] INFO: Receive loop #6 received 16384 bytes in 0.032000ms
[2025-01-31 17:30:11.613345] INFO: Receive loop #7 received 16384 bytes in 0.030000ms
[2025-01-31 17:30:12.870692] INFO: Receive loop #8 received 16384 bytes in 0.247000ms
[2025-01-31 17:30:13.490250] INFO: Receive loop #9 received 16384 bytes in 0.029000ms
[2025-01-31 17:30:14.417821] INFO: Receive loop #10 received 16384 bytes in 0.029000ms
[2025-01-31 17:30:15.147217] INFO: Receive loop #11 received 16384 bytes in 0.035000ms
[2025-01-31 17:30:16.236016] INFO: Receive loop #12 received 7663 bytes in 0.023000ms
[2025-01-31 17:30:17.474051] INFO: Response received in 13022.613000ms
[2025-01-31 17:30:18.184487] INFO: File saved in 0.418000ms
[2025-01-31 17:30:18.968808] INFO: File saved to: /home/vc/kurotaka/objects/temp_22
[2025-01-31 17:30:19.740170] INFO: Execution permission granted to: /home/vc/kurotaka/objects/temp_22
[2025-01-31 17:30:20.011551] INFO: Executing command: /home/vc/kurotaka/objects/temp_22 81 128 1
[2025-01-31 17:30:24.883729] INFO: Command executed in 3998.465000ms
[2025-01-31 17:30:25.464735] INFO: Result saved to: /home/vc/kurotaka/results/result_22
[2025-01-31 17:30:26.504537] INFO: Second connection established in 0.261000ms
[2025-01-31 17:30:28.027481] INFO: Sending result upload request
[2025-01-31 17:30:28.690716] INFO: Second request sent in 0.019000ms
[2025-01-31 17:30:29.734827] INFO: Result uploaded in 0.052000ms
[2025-01-31 17:30:30.899945] INFO: Process completed successfully. Total execution time in 30876.452000ms

