
[2025-01-31 17:39:36] Program started at 2025-01-31 17:39:36.9374
[2025-01-31 17:39:36] [getClientID] MySQL connection established. Execution time: 0.212 ms
[2025-01-31 17:39:36] [getClientID] SELECT table_name FROM table_registry WHERE id = :job_id / Execution time: 0.352 ms
[2025-01-31 17:39:37] [getClientID] SELECT client FROM `matrix` WHERE id = :sub_job_id / Execution time: 345.167 ms
[2025-01-31 17:39:37] getClientID completed. Execution time: 345.953 ms
[2025-01-31 17:39:37] Read file completed. Execution time: 0.008 ms
[2025-01-31 17:39:37] File saved successfully: uploads/job_1/group_1/result_115
[2025-01-31 17:39:37] [updateStatus] MySQL connection established. Execution time: 0.158 ms
[2025-01-31 17:39:38] [updateStatus] SELECT table_name FROM table_registry WHERE id = :job_id FOR UPDATE / Execution time: 1,186.310 ms
[2025-01-31 17:39:38] [updateStatus] UPDATE `matrix` SET status = :status WHERE id = :sub_job_id / Execution time: 0.334 ms
[2025-01-31 17:39:38] [updateStatus] SELECT COUNT_RECORDS FROM `matrix` / Execution time: 0.769 ms
[2025-01-31 17:39:38] [updateStatus] UPDATE table_registry SET status = :status WHERE id = :job_id / Execution time: 0.212 ms
[2025-01-31 17:39:38] updateStatus completed. Execution time: 1,534.015 ms
[2025-01-31 17:39:38] Write file completed. Execution time: 1,566.889 ms
[2025-01-31 17:39:38] [getGroupStatus] MySQL connection established. Execution time: 0.129 ms
[2025-01-31 17:39:38] [getGroupStatus] SELECT table_name FROM table_registry WHERE id = :job_id / Execution time: 0.318 ms
[2025-01-31 17:39:38] [getGroupStatus] SELECT status FROM `matrix` WHERE group_id = :group_id / Execution time: 2.861 ms
[2025-01-31 17:39:38] getGroupStatus completed. Execution time: 3.705 ms
[2025-01-31 17:39:38] Group 1 is not completed yet.
[2025-01-31 17:39:38] Program completed. Total execution time: 1,919.554 ms

