
[2025-01-31 17:39:36] Program started at 2025-01-31 17:39:36.5205
[2025-01-31 17:39:36] [getClientID] MySQL connection established. Execution time: 0.329 ms
[2025-01-31 17:39:36] [getClientID] SELECT table_name FROM table_registry WHERE id = :job_id / Execution time: 0.318 ms
[2025-01-31 17:39:36] [getClientID] SELECT client FROM `matrix` WHERE id = :sub_job_id / Execution time: 0.141 ms
[2025-01-31 17:39:36] getClientID completed. Execution time: 5.621 ms
[2025-01-31 17:39:36] Read file completed. Execution time: 0.008 ms
[2025-01-31 17:39:36] File saved successfully: uploads/job_1/group_1/result_47
[2025-01-31 17:39:36] [updateStatus] MySQL connection established. Execution time: 0.062 ms
[2025-01-31 17:39:36] [updateStatus] SELECT table_name FROM table_registry WHERE id = :job_id FOR UPDATE / Execution time: 17.064 ms
[2025-01-31 17:39:36] [updateStatus] UPDATE `matrix` SET status = :status WHERE id = :sub_job_id / Execution time: 0.313 ms
[2025-01-31 17:39:36] [updateStatus] SELECT COUNT_RECORDS FROM `matrix` / Execution time: 0.622 ms
[2025-01-31 17:39:36] [updateStatus] UPDATE table_registry SET status = :status WHERE id = :job_id / Execution time: 0.170 ms
[2025-01-31 17:39:37] updateStatus completed. Execution time: 489.115 ms
[2025-01-31 17:39:37] Write file completed. Execution time: 492.852 ms
[2025-01-31 17:39:37] [getGroupStatus] MySQL connection established. Execution time: 0.149 ms
[2025-01-31 17:39:37] [getGroupStatus] SELECT table_name FROM table_registry WHERE id = :job_id / Execution time: 0.331 ms
[2025-01-31 17:39:37] [getGroupStatus] SELECT status FROM `matrix` WHERE group_id = :group_id / Execution time: 267.185 ms
[2025-01-31 17:39:37] getGroupStatus completed. Execution time: 267.909 ms
[2025-01-31 17:39:37] Group 1 is not completed yet.
[2025-01-31 17:39:37] Program completed. Total execution time: 769.413 ms

