
[2025-01-31 17:39:36] Program started at 2025-01-31 17:39:36.4438
[2025-01-31 17:39:36] [getClientID] MySQL connection established. Execution time: 0.187 ms
[2025-01-31 17:39:36] [getClientID] SELECT table_name FROM table_registry WHERE id = :job_id / Execution time: 0.320 ms
[2025-01-31 17:39:36] [getClientID] SELECT client FROM `matrix` WHERE id = :sub_job_id / Execution time: 0.269 ms
[2025-01-31 17:39:36] getClientID completed. Execution time: 0.941 ms
[2025-01-31 17:39:36] Read file completed. Execution time: 0.007 ms
[2025-01-31 17:39:36] File saved successfully: uploads/job_1/group_1/result_200
[2025-01-31 17:39:36] [updateStatus] MySQL connection established. Execution time: 0.103 ms
[2025-01-31 17:39:36] [updateStatus] SELECT table_name FROM table_registry WHERE id = :job_id FOR UPDATE / Execution time: 2.058 ms
[2025-01-31 17:39:36] [updateStatus] UPDATE `matrix` SET status = :status WHERE id = :sub_job_id / Execution time: 0.302 ms
[2025-01-31 17:39:36] [updateStatus] SELECT COUNT_RECORDS FROM `matrix` / Execution time: 0.586 ms
[2025-01-31 17:39:36] [updateStatus] UPDATE table_registry SET status = :status WHERE id = :job_id / Execution time: 0.168 ms
[2025-01-31 17:39:37] updateStatus completed. Execution time: 570.792 ms
[2025-01-31 17:39:37] Write file completed. Execution time: 574.634 ms
[2025-01-31 17:39:37] [getGroupStatus] MySQL connection established. Execution time: 0.125 ms
[2025-01-31 17:39:37] [getGroupStatus] SELECT table_name FROM table_registry WHERE id = :job_id / Execution time: 0.374 ms
[2025-01-31 17:39:37] [getGroupStatus] SELECT status FROM `matrix` WHERE group_id = :group_id / Execution time: 269.807 ms
[2025-01-31 17:39:37] getGroupStatus completed. Execution time: 296.893 ms
[2025-01-31 17:39:37] Group 1 is not completed yet.
[2025-01-31 17:39:37] Program completed. Total execution time: 875.479 ms

