
[2025-01-31 12:40:41] Program started at 2025-01-31 12:40:41.8704
[2025-01-31 12:40:41] [getClientID] MySQL connection established. Execution time: 0.543 ms
[2025-01-31 12:40:41] [getClientID] SELECT table_name FROM table_registry WHERE id = :job_id / Execution time: 0.324 ms
[2025-01-31 12:40:41] [getClientID] SELECT client FROM `matrix` WHERE id = :sub_job_id / Execution time: 0.198 ms
[2025-01-31 12:40:41] getClientID completed. Execution time: 1.201 ms
[2025-01-31 12:40:41] Read file completed. Execution time: 0.006 ms
[2025-01-31 12:40:41] File saved successfully: uploads/job_1/group_1/result_139
[2025-01-31 12:40:41] [updateStatus] MySQL connection established. Execution time: 0.101 ms
[2025-01-31 12:40:41] [updateStatus] SELECT table_name FROM table_registry WHERE id = :job_id FOR UPDATE / Execution time: 0.206 ms
[2025-01-31 12:40:41] [updateStatus] UPDATE `matrix` SET status = :status WHERE id = :sub_job_id / Execution time: 0.244 ms
[2025-01-31 12:40:41] [updateStatus] SELECT COUNT_RECORDS FROM `matrix` / Execution time: 0.643 ms
[2025-01-31 12:40:41] [updateStatus] UPDATE table_registry SET status = :status WHERE id = :job_id / Execution time: 0.202 ms
[2025-01-31 12:40:42] updateStatus completed. Execution time: 384.228 ms
[2025-01-31 12:40:42] Write file completed. Execution time: 389.971 ms
[2025-01-31 12:40:42] [getGroupStatus] MySQL connection established. Execution time: 0.085 ms
[2025-01-31 12:40:42] [getGroupStatus] SELECT table_name FROM table_registry WHERE id = :job_id / Execution time: 0.184 ms
[2025-01-31 12:40:42] [getGroupStatus] SELECT status FROM `matrix` WHERE group_id = :group_id / Execution time: 0.500 ms
[2025-01-31 12:40:42] getGroupStatus completed. Execution time: 0.913 ms
[2025-01-31 12:40:42] Group 1 is not completed yet.
[2025-01-31 12:40:42] Program completed. Total execution time: 395.124 ms

