
[2025-01-31 12:40:41] Program started at 2025-01-31 12:40:41.7471
[2025-01-31 12:40:41] [getClientID] MySQL connection established. Execution time: 0.162 ms
[2025-01-31 12:40:41] [getClientID] SELECT table_name FROM table_registry WHERE id = :job_id / Execution time: 0.319 ms
[2025-01-31 12:40:41] [getClientID] SELECT client FROM `matrix` WHERE id = :sub_job_id / Execution time: 0.204 ms
[2025-01-31 12:40:41] getClientID completed. Execution time: 0.830 ms
[2025-01-31 12:40:41] Read file completed. Execution time: 0.009 ms
[2025-01-31 12:40:41] File saved successfully: uploads/job_1/group_1/result_95
[2025-01-31 12:40:41] [updateStatus] MySQL connection established. Execution time: 0.112 ms
[2025-01-31 12:40:41] [updateStatus] SELECT table_name FROM table_registry WHERE id = :job_id FOR UPDATE / Execution time: 5.175 ms
[2025-01-31 12:40:41] [updateStatus] UPDATE `matrix` SET status = :status WHERE id = :sub_job_id / Execution time: 0.177 ms
[2025-01-31 12:40:41] [updateStatus] SELECT COUNT_RECORDS FROM `matrix` / Execution time: 0.254 ms
[2025-01-31 12:40:41] [updateStatus] UPDATE table_registry SET status = :status WHERE id = :job_id / Execution time: 0.086 ms
[2025-01-31 12:40:42] updateStatus completed. Execution time: 455.149 ms
[2025-01-31 12:40:42] Write file completed. Execution time: 508.490 ms
[2025-01-31 12:40:42] [getGroupStatus] MySQL connection established. Execution time: 0.063 ms
[2025-01-31 12:40:42] [getGroupStatus] SELECT table_name FROM table_registry WHERE id = :job_id / Execution time: 0.312 ms
[2025-01-31 12:40:42] [getGroupStatus] SELECT status FROM `matrix` WHERE group_id = :group_id / Execution time: 1.196 ms
[2025-01-31 12:40:42] getGroupStatus completed. Execution time: 1.769 ms
[2025-01-31 12:40:42] Group 1 is not completed yet.
[2025-01-31 12:40:42] Program completed. Total execution time: 513.633 ms

