
[2025-01-31 12:40:44] Program started at 2025-01-31 12:40:44.2367
[2025-01-31 12:40:44] [getClientID] MySQL connection established. Execution time: 0.642 ms
[2025-01-31 12:40:44] [getClientID] SELECT table_name FROM table_registry WHERE id = :job_id / Execution time: 0.449 ms
[2025-01-31 12:40:44] [getClientID] SELECT client FROM `matrix` WHERE id = :sub_job_id / Execution time: 0.262 ms
[2025-01-31 12:40:44] getClientID completed. Execution time: 1.522 ms
[2025-01-31 12:40:44] Read file completed. Execution time: 0.011 ms
[2025-01-31 12:40:44] File saved successfully: uploads/job_1/group_1/result_13
[2025-01-31 12:40:44] [updateStatus] MySQL connection established. Execution time: 0.111 ms
[2025-01-31 12:40:44] [updateStatus] SELECT table_name FROM table_registry WHERE id = :job_id FOR UPDATE / Execution time: 184.032 ms
[2025-01-31 12:40:44] [updateStatus] UPDATE `matrix` SET status = :status WHERE id = :sub_job_id / Execution time: 0.294 ms
[2025-01-31 12:40:44] [updateStatus] SELECT COUNT_RECORDS FROM `matrix` / Execution time: 0.615 ms
[2025-01-31 12:40:44] [updateStatus] UPDATE table_registry SET status = :status WHERE id = :job_id / Execution time: 0.167 ms
[2025-01-31 12:40:44] updateStatus completed. Execution time: 256.182 ms
[2025-01-31 12:40:44] Write file completed. Execution time: 256.892 ms
[2025-01-31 12:40:44] [getGroupStatus] MySQL connection established. Execution time: 0.077 ms
[2025-01-31 12:40:44] [getGroupStatus] SELECT table_name FROM table_registry WHERE id = :job_id / Execution time: 0.381 ms
[2025-01-31 12:40:44] [getGroupStatus] SELECT status FROM `matrix` WHERE group_id = :group_id / Execution time: 1.799 ms
[2025-01-31 12:40:44] getGroupStatus completed. Execution time: 2.537 ms
[2025-01-31 12:40:44] Group 1 is not completed yet.
[2025-01-31 12:40:44] Program completed. Total execution time: 263.716 ms

