
[2025-01-31 12:40:43] Program started at 2025-01-31 12:40:43.7822
[2025-01-31 12:40:43] [getClientID] MySQL connection established. Execution time: 0.188 ms
[2025-01-31 12:40:43] [getClientID] SELECT table_name FROM table_registry WHERE id = :job_id / Execution time: 0.421 ms
[2025-01-31 12:40:43] [getClientID] SELECT client FROM `matrix` WHERE id = :sub_job_id / Execution time: 0.267 ms
[2025-01-31 12:40:43] getClientID completed. Execution time: 1.054 ms
[2025-01-31 12:40:43] Read file completed. Execution time: 0.012 ms
[2025-01-31 12:40:43] File saved successfully: uploads/job_1/group_1/result_229
[2025-01-31 12:40:43] [updateStatus] MySQL connection established. Execution time: 0.245 ms
[2025-01-31 12:40:44] [updateStatus] SELECT table_name FROM table_registry WHERE id = :job_id FOR UPDATE / Execution time: 608.664 ms
[2025-01-31 12:40:44] [updateStatus] UPDATE `matrix` SET status = :status WHERE id = :sub_job_id / Execution time: 0.292 ms
[2025-01-31 12:40:44] [updateStatus] SELECT COUNT_RECORDS FROM `matrix` / Execution time: 0.632 ms
[2025-01-31 12:40:44] [updateStatus] UPDATE table_registry SET status = :status WHERE id = :job_id / Execution time: 0.174 ms
[2025-01-31 12:40:44] updateStatus completed. Execution time: 707.828 ms
[2025-01-31 12:40:44] Write file completed. Execution time: 711.445 ms
[2025-01-31 12:40:44] [getGroupStatus] MySQL connection established. Execution time: 0.098 ms
[2025-01-31 12:40:44] [getGroupStatus] SELECT table_name FROM table_registry WHERE id = :job_id / Execution time: 0.397 ms
[2025-01-31 12:40:44] [getGroupStatus] SELECT status FROM `matrix` WHERE group_id = :group_id / Execution time: 1.870 ms
[2025-01-31 12:40:44] getGroupStatus completed. Execution time: 2.639 ms
[2025-01-31 12:40:44] Group 1 is not completed yet.
[2025-01-31 12:40:44] Program completed. Total execution time: 718.092 ms

