
[2025-01-31 17:14:24.439768] INFO: Process started with ID: 32
[2025-01-31 17:14:24.648855] INFO: First connection established in 0.154000ms
[2025-01-31 17:14:24.947496] INFO: Sending request: GET /http_server/send-object.php?ID=32 HTTP/1.1
Host: 192.168.100.3
Connection: close


[2025-01-31 17:14:25.259499] INFO: First request sent in 0.035000ms
[2025-01-31 17:14:25.607750] INFO: Time from request to first response in 0.029000ms
[2025-01-31 17:14:26.114379] INFO: Received headers - MPI-Rank: 32, Group-ID: 1, Job-ID: 1, Sub-Job-ID: 33, Rank-Count: 64
[2025-01-31 17:14:26.522580] INFO: Receive loop #1 received 16384 bytes in 959.517000ms
[2025-01-31 17:14:26.756459] INFO: Receive loop #2 received 16384 bytes in 0.061000ms
[2025-01-31 17:14:27.040386] INFO: Receive loop #3 received 16384 bytes in 0.075000ms
[2025-01-31 17:14:27.357593] INFO: Receive loop #4 received 16384 bytes in 0.111000ms
[2025-01-31 17:14:27.708129] INFO: Receive loop #5 received 16384 bytes in 0.029000ms
[2025-01-31 17:14:28.134750] INFO: Receive loop #6 received 16384 bytes in 0.012000ms
[2025-01-31 17:14:28.414954] INFO: Receive loop #7 received 16384 bytes in 0.030000ms
[2025-01-31 17:14:28.637771] INFO: Receive loop #8 received 16384 bytes in 0.256000ms
[2025-01-31 17:14:28.896798] INFO: Receive loop #9 received 16384 bytes in 0.030000ms
[2025-01-31 17:14:29.197266] INFO: Receive loop #10 received 16384 bytes in 0.029000ms
[2025-01-31 17:14:29.584197] INFO: Receive loop #11 received 16384 bytes in 0.038000ms
[2025-01-31 17:14:29.910392] INFO: Receive loop #12 received 7662 bytes in 0.019000ms
[2025-01-31 17:14:30.383974] INFO: Response received in 4761.999000ms
[2025-01-31 17:14:30.676644] INFO: File saved in 0.452000ms
[2025-01-31 17:14:30.923794] INFO: File saved to: /home/vc/kurotaka/objects/temp_32
[2025-01-31 17:14:31.263575] INFO: Execution permission granted to: /home/vc/kurotaka/objects/temp_32
[2025-01-31 17:14:31.492613] INFO: Executing command: /home/vc/kurotaka/objects/temp_32 32 64 1
[2025-01-31 17:14:34.273504] INFO: Command executed in 2572.923000ms
[2025-01-31 17:14:34.508887] INFO: Result saved to: /home/vc/kurotaka/results/result_32
[2025-01-31 17:14:34.804423] INFO: Second connection established in 0.244000ms
[2025-01-31 17:14:35.137115] INFO: Sending result upload request
[2025-01-31 17:14:35.354678] INFO: Second request sent in 0.026000ms
[2025-01-31 17:14:35.614878] INFO: Result uploaded in 0.054000ms
[2025-01-31 17:14:35.916117] INFO: Process completed successfully. Total execution time in 11502.735000ms

