
[2025-01-31 17:14:24.331721] INFO: Process started with ID: 15
[2025-01-31 17:14:24.402912] INFO: First connection established in 0.126000ms
[2025-01-31 17:14:24.617700] INFO: Sending request: GET /http_server/send-object.php?ID=15 HTTP/1.1
Host: 192.168.100.3
Connection: close


[2025-01-31 17:14:24.904337] INFO: First request sent in 0.040000ms
[2025-01-31 17:14:25.259388] INFO: Time from request to first response in 0.030000ms
[2025-01-31 17:14:25.607331] INFO: Received headers - MPI-Rank: 17, Group-ID: 1, Job-ID: 1, Sub-Job-ID: 18, Rank-Count: 64
[2025-01-31 17:14:26.007246] INFO: Receive loop #1 received 16384 bytes in 726.975000ms
[2025-01-31 17:14:26.482135] INFO: Receive loop #2 received 16384 bytes in 0.060000ms
[2025-01-31 17:14:26.692695] INFO: Receive loop #3 received 16384 bytes in 0.076000ms
[2025-01-31 17:14:26.940218] INFO: Receive loop #4 received 16384 bytes in 0.112000ms
[2025-01-31 17:14:27.223974] INFO: Receive loop #5 received 16384 bytes in 0.028000ms
[2025-01-31 17:14:27.577139] INFO: Receive loop #6 received 16384 bytes in 0.029000ms
[2025-01-31 17:14:27.933380] INFO: Receive loop #7 received 16384 bytes in 0.028000ms
[2025-01-31 17:14:28.294960] INFO: Receive loop #8 received 16384 bytes in 0.248000ms
[2025-01-31 17:14:28.464488] INFO: Receive loop #9 received 16384 bytes in 0.032000ms
[2025-01-31 17:14:28.718843] INFO: Receive loop #10 received 16384 bytes in 0.028000ms
[2025-01-31 17:14:29.015052] INFO: Receive loop #11 received 16384 bytes in 0.027000ms
[2025-01-31 17:14:29.308164] INFO: Receive loop #12 received 7662 bytes in 0.018000ms
[2025-01-31 17:14:29.733411] INFO: Response received in 4478.780000ms
[2025-01-31 17:14:30.284340] INFO: File saved in 0.430000ms
[2025-01-31 17:14:30.618963] INFO: File saved to: /home/vc/kurotaka/objects/temp_15
[2025-01-31 17:14:30.858738] INFO: Execution permission granted to: /home/vc/kurotaka/objects/temp_15
[2025-01-31 17:14:31.120504] INFO: Executing command: /home/vc/kurotaka/objects/temp_15 17 64 1
[2025-01-31 17:14:34.000377] INFO: Command executed in 2636.691000ms
[2025-01-31 17:14:34.263060] INFO: Result saved to: /home/vc/kurotaka/results/result_15
[2025-01-31 17:14:34.508923] INFO: Second connection established in 0.214000ms
[2025-01-31 17:14:34.804551] INFO: Sending result upload request
[2025-01-31 17:14:35.124279] INFO: Second request sent in 0.024000ms
[2025-01-31 17:14:35.354422] INFO: Result uploaded in 0.064000ms
[2025-01-31 17:14:35.614791] INFO: Process completed successfully. Total execution time in 11230.494000ms

