
[2025-01-22 15:04:37.635399] INFO: Process started with ID: 30
[2025-01-22 15:04:37.918554] INFO: First connection established in 0.168000ms
[2025-01-22 15:04:38.257622] INFO: Sending request: GET /http_server/send-object.php?ID=30 HTTP/1.1
Host: 192.168.100.3
Connection: close


[2025-01-22 15:04:38.609422] INFO: First request sent in 0.025000ms
[2025-01-22 15:04:39.050271] INFO: Time from request to first response:0.029000ms
[2025-01-22 15:04:39.532129] INFO: Received headers - MPI-Rank: 31, Group-ID: 1, Job-ID: 1, Sub-Job-ID: 32, Rank-Count: 128
[2025-01-22 15:04:40.023932] INFO: Receive loop #1 received 16384 bytes in 965.254000ms
[2025-01-22 15:04:40.526791] INFO: Receive loop #2 received 16384 bytes in 0.067000ms
[2025-01-22 15:04:41.024343] INFO: Receive loop #3 received 16384 bytes in 0.087000ms
[2025-01-22 15:04:41.567156] INFO: Receive loop #4 received 16384 bytes in 0.129000ms
[2025-01-22 15:04:42.090171] INFO: Receive loop #5 received 16384 bytes in 0.028000ms
[2025-01-22 15:04:42.665252] INFO: Receive loop #6 received 16384 bytes in 0.027000ms
[2025-01-22 15:04:43.805082] INFO: Receive loop #7 received 16384 bytes in 0.035000ms
[2025-01-22 15:04:44.942870] INFO: Receive loop #8 received 16384 bytes in 0.284000ms
[2025-01-22 15:04:45.723493] INFO: Receive loop #9 received 16384 bytes in 0.029000ms
[2025-01-22 15:04:47.007261] INFO: Receive loop #10 received 16384 bytes in 0.009000ms
[2025-01-22 15:04:48.142973] INFO: Receive loop #11 received 16384 bytes in 0.037000ms
[2025-01-22 15:04:48.654099] INFO: Receive loop #12 received 7663 bytes in 0.019000ms
[2025-01-22 15:04:49.296083] INFO: Response received in 10161.916000ms
[2025-01-22 15:04:49.924129] INFO: File saved in 0.504000ms
[2025-01-22 15:04:50.849718] INFO: File saved to: /home/vc/kurotaka/objects/temp_30
[2025-01-22 15:04:52.350057] INFO: Execution permission granted to: /home/vc/kurotaka/objects/temp_30
[2025-01-22 15:04:53.044013] INFO: Executing command: .//home/vc/kurotaka/objects/temp_30 31 128
[2025-01-22 15:04:54.103081] INFO: Command executed in 2.495000ms
[2025-01-22 15:04:55.743362] INFO: Result saved to: /home/vc/kurotaka/results/result_30
[2025-01-22 15:04:56.409157] INFO: Second connection established in 0.229000ms
[2025-01-22 15:04:57.518609] INFO: Sending result upload request
[2025-01-22 15:04:58.328143] INFO: Second request sent in 0.026000ms
[2025-01-22 15:04:58.987224] INFO: Result uploaded in 0.037000ms
[2025-01-22 15:05:00.020047] INFO: Process completed successfully. Total execution time: 22247.534000ms

