
[2025-01-22 15:04:37.478433] INFO: Process started with ID: 14
[2025-01-22 15:04:37.635270] INFO: First connection established in 0.220000ms
[2025-01-22 15:04:37.851877] INFO: Sending request: GET /http_server/send-object.php?ID=14 HTTP/1.1
Host: 192.168.100.3
Connection: close


[2025-01-22 15:04:38.205700] INFO: First request sent in 0.039000ms
[2025-01-22 15:04:38.575190] INFO: Time from request to first response:0.030000ms
[2025-01-22 15:04:38.983696] INFO: Received headers - MPI-Rank: 4, Group-ID: 1, Job-ID: 1, Sub-Job-ID: 5, Rank-Count: 128
[2025-01-22 15:04:39.472253] INFO: Receive loop #1 received 16384 bytes in 888.603000ms
[2025-01-22 15:04:39.984869] INFO: Receive loop #2 received 16384 bytes in 0.058000ms
[2025-01-22 15:04:40.487918] INFO: Receive loop #3 received 16384 bytes in 0.101000ms
[2025-01-22 15:04:41.013575] INFO: Receive loop #4 received 16384 bytes in 0.109000ms
[2025-01-22 15:04:41.550601] INFO: Receive loop #5 received 16384 bytes in 0.029000ms
[2025-01-22 15:04:42.090087] INFO: Receive loop #6 received 16384 bytes in 0.032000ms
[2025-01-22 15:04:42.665135] INFO: Receive loop #7 received 16384 bytes in 0.029000ms
[2025-01-22 15:04:43.716541] INFO: Receive loop #8 received 16384 bytes in 0.320000ms
[2025-01-22 15:04:44.925184] INFO: Receive loop #9 received 16384 bytes in 0.028000ms
[2025-01-22 15:04:45.691765] INFO: Receive loop #10 received 16384 bytes in 0.034000ms
[2025-01-22 15:04:46.914465] INFO: Receive loop #11 received 16384 bytes in 0.033000ms
[2025-01-22 15:04:48.036015] INFO: Receive loop #12 received 7661 bytes in 0.020000ms
[2025-01-22 15:04:48.519136] INFO: Response received in 9954.405000ms
[2025-01-22 15:04:49.104709] INFO: File saved in 0.685000ms
[2025-01-22 15:04:49.735368] INFO: File saved to: /home/vc/kurotaka/objects/temp_14
[2025-01-22 15:04:50.804785] INFO: Execution permission granted to: /home/vc/kurotaka/objects/temp_14
[2025-01-22 15:04:52.200142] INFO: Executing command: .//home/vc/kurotaka/objects/temp_14 4 128
[2025-01-22 15:04:53.005953] INFO: Command executed in 2.359000ms
[2025-01-22 15:04:54.028914] INFO: Result saved to: /home/vc/kurotaka/results/result_14
[2025-01-22 15:04:55.569532] INFO: Second connection established in 0.158000ms
[2025-01-22 15:04:56.216019] INFO: Sending result upload request
[2025-01-22 15:04:57.179909] INFO: Second request sent in 0.026000ms
[2025-01-22 15:04:58.225609] INFO: Result uploaded in 0.040000ms
[2025-01-22 15:04:58.815006] INFO: Process completed successfully. Total execution time: 21226.868000ms

