
[2025-01-28 15:38:17] Program started at 2025-01-28 15:38:17.6747
[2025-01-28 15:38:17] [getClientID] MySQL connection established. Execution time: 0.529 ms
[2025-01-28 15:38:17] [getClientID] SELECT table_name FROM table_registry WHERE id = :job_id / Execution time: 0.339 ms
[2025-01-28 15:38:17] [getClientID] SELECT client FROM `matrix` WHERE id = :sub_job_id / Execution time: 0.214 ms
[2025-01-28 15:38:17] getClientID completed. Execution time: 1.269 ms
[2025-01-28 15:38:17] Read file completed. Execution time: 0.013 ms
[2025-01-28 15:38:17] File saved successfully: uploads/job_1/group_1/result_111
[2025-01-28 15:38:17] [updateStatus] MySQL connection established. Execution time: 0.121 ms
[2025-01-28 15:38:17] [updateStatus] SELECT table_name FROM table_registry WHERE id = :job_id FOR UPDATE / Execution time: 0.241 ms
[2025-01-28 15:38:17] [updateStatus] UPDATE `matrix` SET status = :status WHERE id = :sub_job_id / Execution time: 0.227 ms
[2025-01-28 15:38:17] [updateStatus] SELECT COUNT_RECORDS FROM `matrix` / Execution time: 0.701 ms
[2025-01-28 15:38:17] [updateStatus] UPDATE table_registry SET status = :status WHERE id = :job_id / Execution time: 0.156 ms
[2025-01-28 15:38:17] updateStatus completed. Execution time: 3.608 ms
[2025-01-28 15:38:17] Write file completed. Execution time: 3.954 ms
[2025-01-28 15:38:17] [getGroupStatus] MySQL connection established. Execution time: 0.044 ms
[2025-01-28 15:38:17] [getGroupStatus] SELECT table_name FROM table_registry WHERE id = :job_id / Execution time: 0.297 ms
[2025-01-28 15:38:17] [getGroupStatus] SELECT status FROM `matrix` WHERE group_id = :group_id / Execution time: 1.418 ms
[2025-01-28 15:38:17] getGroupStatus completed. Execution time: 1.872 ms
[2025-01-28 15:38:17] Group 1 is not completed yet.
[2025-01-28 15:38:17] Program completed. Total execution time: 10.041 ms

