
[2025-01-28 15:38:08] Program started at 2025-01-28 15:38:08.1895
[2025-01-28 15:38:08] [getClientID] MySQL connection established. Execution time: 0.234 ms
[2025-01-28 15:38:08] [getClientID] SELECT table_name FROM table_registry WHERE id = :job_id / Execution time: 0.399 ms
[2025-01-28 15:38:08] [getClientID] SELECT client FROM `matrix` WHERE id = :sub_job_id / Execution time: 0.194 ms
[2025-01-28 15:38:08] getClientID completed. Execution time: 1.078 ms
[2025-01-28 15:38:08] Read file completed. Execution time: 0.015 ms
[2025-01-28 15:38:08] File saved successfully: uploads/job_1/group_1/result_465
[2025-01-28 15:38:08] [updateStatus] MySQL connection established. Execution time: 0.109 ms
[2025-01-28 15:38:08] [updateStatus] SELECT table_name FROM table_registry WHERE id = :job_id FOR UPDATE / Execution time: 0.184 ms
[2025-01-28 15:38:08] [updateStatus] UPDATE `matrix` SET status = :status WHERE id = :sub_job_id / Execution time: 0.227 ms
[2025-01-28 15:38:08] [updateStatus] SELECT COUNT_RECORDS FROM `matrix` / Execution time: 0.748 ms
[2025-01-28 15:38:08] [updateStatus] UPDATE table_registry SET status = :status WHERE id = :job_id / Execution time: 0.168 ms
[2025-01-28 15:38:08] updateStatus completed. Execution time: 105.647 ms
[2025-01-28 15:38:08] Write file completed. Execution time: 106.011 ms
[2025-01-28 15:38:08] [getGroupStatus] MySQL connection established. Execution time: 0.071 ms
[2025-01-28 15:38:08] [getGroupStatus] SELECT table_name FROM table_registry WHERE id = :job_id / Execution time: 0.281 ms
[2025-01-28 15:38:08] [getGroupStatus] SELECT status FROM `matrix` WHERE group_id = :group_id / Execution time: 1.254 ms
[2025-01-28 15:38:08] getGroupStatus completed. Execution time: 1.749 ms
[2025-01-28 15:38:08] Group 1 is not completed yet.
[2025-01-28 15:38:08] Program completed. Total execution time: 110.610 ms

