
[2025-01-28 15:38:17] Program started at 2025-01-28 15:38:17.1174
[2025-01-28 15:38:17] [getClientID] MySQL connection established. Execution time: 0.257 ms
[2025-01-28 15:38:17] [getClientID] SELECT table_name FROM table_registry WHERE id = :job_id / Execution time: 0.382 ms
[2025-01-28 15:38:17] [getClientID] SELECT client FROM `matrix` WHERE id = :sub_job_id / Execution time: 0.246 ms
[2025-01-28 15:38:17] getClientID completed. Execution time: 1.172 ms
[2025-01-28 15:38:17] Read file completed. Execution time: 0.016 ms
[2025-01-28 15:38:17] File saved successfully: uploads/job_1/group_1/result_100
[2025-01-28 15:38:17] [updateStatus] MySQL connection established. Execution time: 0.125 ms
[2025-01-28 15:38:17] [updateStatus] SELECT table_name FROM table_registry WHERE id = :job_id FOR UPDATE / Execution time: 0.229 ms
[2025-01-28 15:38:17] [updateStatus] UPDATE `matrix` SET status = :status WHERE id = :sub_job_id / Execution time: 0.231 ms
[2025-01-28 15:38:17] [updateStatus] SELECT COUNT_RECORDS FROM `matrix` / Execution time: 0.906 ms
[2025-01-28 15:38:17] [updateStatus] UPDATE table_registry SET status = :status WHERE id = :job_id / Execution time: 0.202 ms
[2025-01-28 15:38:17] updateStatus completed. Execution time: 18.809 ms
[2025-01-28 15:38:17] Write file completed. Execution time: 19.185 ms
[2025-01-28 15:38:17] [getGroupStatus] MySQL connection established. Execution time: 0.079 ms
[2025-01-28 15:38:17] [getGroupStatus] SELECT table_name FROM table_registry WHERE id = :job_id / Execution time: 0.257 ms
[2025-01-28 15:38:17] [getGroupStatus] SELECT status FROM `matrix` WHERE group_id = :group_id / Execution time: 1.338 ms
[2025-01-28 15:38:17] getGroupStatus completed. Execution time: 1.923 ms
[2025-01-28 15:38:17] Group 1 is not completed yet.
[2025-01-28 15:38:17] Program completed. Total execution time: 24.836 ms

