
[2025-01-28 15:38:14] Program started at 2025-01-28 15:38:14.8726
[2025-01-28 15:38:14] [getClientID] MySQL connection established. Execution time: 0.178 ms
[2025-01-28 15:38:14] [getClientID] SELECT table_name FROM table_registry WHERE id = :job_id / Execution time: 0.357 ms
[2025-01-28 15:38:14] [getClientID] SELECT client FROM `matrix` WHERE id = :sub_job_id / Execution time: 0.187 ms
[2025-01-28 15:38:14] getClientID completed. Execution time: 0.807 ms
[2025-01-28 15:38:14] Read file completed. Execution time: 0.006 ms
[2025-01-28 15:38:14] File saved successfully: uploads/job_1/group_1/result_492
[2025-01-28 15:38:14] [updateStatus] MySQL connection established. Execution time: 0.352 ms
[2025-01-28 15:38:14] [updateStatus] SELECT table_name FROM table_registry WHERE id = :job_id FOR UPDATE / Execution time: 2.552 ms
[2025-01-28 15:38:14] [updateStatus] UPDATE `matrix` SET status = :status WHERE id = :sub_job_id / Execution time: 0.198 ms
[2025-01-28 15:38:14] [updateStatus] SELECT COUNT_RECORDS FROM `matrix` / Execution time: 0.655 ms
[2025-01-28 15:38:14] [updateStatus] UPDATE table_registry SET status = :status WHERE id = :job_id / Execution time: 0.122 ms
[2025-01-28 15:38:15] updateStatus completed. Execution time: 540.416 ms
[2025-01-28 15:38:15] Write file completed. Execution time: 603.237 ms
[2025-01-28 15:38:15] [getGroupStatus] MySQL connection established. Execution time: 0.069 ms
[2025-01-28 15:38:15] [getGroupStatus] SELECT table_name FROM table_registry WHERE id = :job_id / Execution time: 0.181 ms
[2025-01-28 15:38:15] [getGroupStatus] SELECT status FROM `matrix` WHERE group_id = :group_id / Execution time: 0.749 ms
[2025-01-28 15:38:15] getGroupStatus completed. Execution time: 1.199 ms
[2025-01-28 15:38:15] Group 1 is not completed yet.
[2025-01-28 15:38:15] Program completed. Total execution time: 606.423 ms

