
[2025-01-28 15:38:15] Program started at 2025-01-28 15:38:15.4212
[2025-01-28 15:38:15] [getClientID] MySQL connection established. Execution time: 0.192 ms
[2025-01-28 15:38:15] [getClientID] SELECT table_name FROM table_registry WHERE id = :job_id / Execution time: 0.324 ms
[2025-01-28 15:38:15] [getClientID] SELECT client FROM `matrix` WHERE id = :sub_job_id / Execution time: 0.191 ms
[2025-01-28 15:38:15] getClientID completed. Execution time: 0.879 ms
[2025-01-28 15:38:15] Read file completed. Execution time: 0.013 ms
[2025-01-28 15:38:15] File saved successfully: uploads/job_1/group_1/result_214
[2025-01-28 15:38:15] [updateStatus] MySQL connection established. Execution time: 0.188 ms
[2025-01-28 15:38:15] [updateStatus] SELECT table_name FROM table_registry WHERE id = :job_id FOR UPDATE / Execution time: 3.074 ms
[2025-01-28 15:38:15] [updateStatus] UPDATE `matrix` SET status = :status WHERE id = :sub_job_id / Execution time: 0.272 ms
[2025-01-28 15:38:15] [updateStatus] SELECT COUNT_RECORDS FROM `matrix` / Execution time: 0.837 ms
[2025-01-28 15:38:15] [updateStatus] UPDATE table_registry SET status = :status WHERE id = :job_id / Execution time: 0.315 ms
[2025-01-28 15:38:15] updateStatus completed. Execution time: 332.540 ms
[2025-01-28 15:38:15] Write file completed. Execution time: 384.951 ms
[2025-01-28 15:38:15] [getGroupStatus] MySQL connection established. Execution time: 0.078 ms
[2025-01-28 15:38:15] [getGroupStatus] SELECT table_name FROM table_registry WHERE id = :job_id / Execution time: 0.162 ms
[2025-01-28 15:38:15] [getGroupStatus] SELECT status FROM `matrix` WHERE group_id = :group_id / Execution time: 0.974 ms
[2025-01-28 15:38:15] getGroupStatus completed. Execution time: 1.481 ms
[2025-01-28 15:38:15] Group 1 is not completed yet.
[2025-01-28 15:38:15] Program completed. Total execution time: 390.105 ms

