
[2025-01-31 16:14:19] Program started at 2025-01-31 16:14:19.9662
[2025-01-31 16:14:19] [getClientID] MySQL connection established. Execution time: 0.692 ms
[2025-01-31 16:14:19] [getClientID] SELECT table_name FROM table_registry WHERE id = :job_id / Execution time: 0.355 ms
[2025-01-31 16:14:19] [getClientID] SELECT client FROM `matrix` WHERE id = :sub_job_id / Execution time: 0.187 ms
[2025-01-31 16:14:19] getClientID completed. Execution time: 1.336 ms
[2025-01-31 16:14:19] Read file completed. Execution time: 0.008 ms
[2025-01-31 16:14:19] File saved successfully: uploads/job_1/group_1/result_3
[2025-01-31 16:14:19] [updateStatus] MySQL connection established. Execution time: 0.103 ms
[2025-01-31 16:14:19] [updateStatus] SELECT table_name FROM table_registry WHERE id = :job_id FOR UPDATE / Execution time: 1.484 ms
[2025-01-31 16:14:19] [updateStatus] UPDATE `matrix` SET status = :status WHERE id = :sub_job_id / Execution time: 0.305 ms
[2025-01-31 16:14:19] [updateStatus] SELECT COUNT_RECORDS FROM `matrix` / Execution time: 0.294 ms
[2025-01-31 16:14:19] [updateStatus] UPDATE table_registry SET status = :status WHERE id = :job_id / Execution time: 0.204 ms
[2025-01-31 16:14:20] updateStatus completed. Execution time: 58.511 ms
[2025-01-31 16:14:20] Write file completed. Execution time: 58.766 ms
[2025-01-31 16:14:20] [getGroupStatus] MySQL connection established. Execution time: 0.085 ms
[2025-01-31 16:14:20] [getGroupStatus] SELECT table_name FROM table_registry WHERE id = :job_id / Execution time: 0.326 ms
[2025-01-31 16:14:20] [getGroupStatus] SELECT status FROM `matrix` WHERE group_id = :group_id / Execution time: 0.278 ms
[2025-01-31 16:14:20] getGroupStatus completed. Execution time: 0.859 ms
[2025-01-31 16:14:20] Group 1 is not completed yet.
[2025-01-31 16:14:20] Program completed. Total execution time: 63.720 ms

