
[2025-01-31 17:59:48.211750] INFO: Process started with ID: 38
[2025-01-31 17:59:48.531929] INFO: First connection established in 0.284000ms
[2025-01-31 17:59:48.904739] INFO: Sending request: GET /http_server/send-object.php?ID=38 HTTP/1.1
Host: 192.168.100.3
Connection: close


[2025-01-31 17:59:49.335459] INFO: First request sent in 0.031000ms
[2025-01-31 17:59:49.795379] INFO: Time from request to first response in 0.019000ms
[2025-01-31 17:59:50.009313] INFO: Received headers - MPI-Rank: 24, Group-ID: 1, Job-ID: 3, Sub-Job-ID: 25, Rank-Count: 32
[2025-01-31 17:59:50.277403] INFO: Receive loop #1 received 16384 bytes in 528.572000ms
[2025-01-31 17:59:50.575866] INFO: Receive loop #2 received 29 bytes in 0.043000ms
[2025-01-31 17:59:50.923630] INFO: Response received in 1167.581000ms
[2025-01-31 17:59:51.299192] INFO: File saved in 0.149000ms
[2025-01-31 17:59:51.718082] INFO: File saved to: /home/vc/kurotaka/objects/temp_38
[2025-01-31 17:59:51.991368] INFO: Execution permission granted to: /home/vc/kurotaka/objects/temp_38
[2025-01-31 17:59:52.228652] INFO: Executing command: /home/vc/kurotaka/objects/temp_38 24 32 1
[2025-01-31 17:59:52.531616] INFO: Command executed in 2.846000ms
[2025-01-31 17:59:52.964092] INFO: Result saved to: /home/vc/kurotaka/results/result_38
[2025-01-31 17:59:53.361717] INFO: Second connection established in 0.238000ms
[2025-01-31 17:59:53.827031] INFO: Sending result upload request
[2025-01-31 17:59:54.175922] INFO: Second request sent in 0.026000ms
[2025-01-31 17:59:54.454857] INFO: Result uploaded in 0.033000ms
[2025-01-31 17:59:54.679691] INFO: Process completed successfully. Total execution time in 7012.432000ms

