
[2025-01-31 16:32:57.851574] INFO: Process started with ID: 269
[2025-01-31 16:32:58.609373] INFO: First connection established in 0.262000ms
[2025-01-31 16:32:59.920238] INFO: Sending request: GET /http_server/send-object.php?ID=269 HTTP/1.1
Host: 192.168.100.3
Connection: close


[2025-01-31 16:33:01.064053] INFO: First request sent in 0.032000ms
[2025-01-31 16:33:02.164650] INFO: Time from request to first response in 0.035000ms
[2025-01-31 16:33:03.766433] INFO: Received headers - MPI-Rank: 96, Group-ID: 1, Job-ID: 1, Sub-Job-ID: 97, Rank-Count: 512
[2025-01-31 16:33:04.661716] INFO: Receive loop #1 received 16384 bytes in 2570.870000ms
[2025-01-31 16:33:06.551543] INFO: Receive loop #2 received 16384 bytes in 0.058000ms
[2025-01-31 16:33:07.931221] INFO: Receive loop #3 received 16384 bytes in 0.095000ms
[2025-01-31 16:33:09.922145] INFO: Receive loop #4 received 16384 bytes in 0.111000ms
[2025-01-31 16:33:11.694877] INFO: Receive loop #5 received 16384 bytes in 0.029000ms
[2025-01-31 16:33:13.168554] INFO: Receive loop #6 received 16384 bytes in 0.006000ms
[2025-01-31 16:33:15.163709] INFO: Receive loop #7 received 16384 bytes in 0.029000ms
[2025-01-31 16:33:17.733436] INFO: Receive loop #8 received 16384 bytes in 0.250000ms
[2025-01-31 16:33:19.708172] INFO: Receive loop #9 received 16384 bytes in 0.030000ms
[2025-01-31 16:33:21.836038] INFO: Receive loop #10 received 16384 bytes in 0.028000ms
[2025-01-31 16:33:24.261667] INFO: Receive loop #11 received 16384 bytes in 0.034000ms
[2025-01-31 16:33:26.078565] INFO: Receive loop #12 received 7663 bytes in 0.026000ms
[2025-01-31 16:33:27.684920] INFO: Response received in 25553.890000ms
[2025-01-31 16:33:29.138614] INFO: File saved in 0.133000ms
[2025-01-31 16:33:31.898814] INFO: File saved to: /home/vc/kurotaka/objects/temp_269
[2025-01-31 16:33:34.453983] INFO: Execution permission granted to: /home/vc/kurotaka/objects/temp_269
[2025-01-31 16:33:36.772927] INFO: Executing command: /home/vc/kurotaka/objects/temp_269 96 512 1
[2025-01-31 16:34:55.607545] INFO: Command executed in 1m 17169.066000ms
[2025-01-31 16:34:57.532941] INFO: Result saved to: /home/vc/kurotaka/results/result_269
[2025-01-31 16:34:59.970151] INFO: Second connection established in 0.272000ms
[2025-01-31 16:35:02.840228] INFO: Sending result upload request
[2025-01-31 16:35:06.734026] INFO: Second request sent in 0.027000ms
[2025-01-31 16:35:09.928780] INFO: Result uploaded in 0.055000ms
[2025-01-31 16:35:12.836843] INFO: Process completed successfully. Total execution time in 2m 17251.161000ms

