
[2025-01-31 16:32:58.943148] INFO: Process started with ID: 92
[2025-01-31 16:33:00.436048] INFO: First connection established in 0.165000ms
[2025-01-31 16:33:01.262758] INFO: Sending request: GET /http_server/send-object.php?ID=92 HTTP/1.1
Host: 192.168.100.3
Connection: close


[2025-01-31 16:33:02.748657] INFO: First request sent in 0.036000ms
[2025-01-31 16:33:04.129243] INFO: Time from request to first response in 0.035000ms
[2025-01-31 16:33:05.240154] INFO: Received headers - MPI-Rank: 112, Group-ID: 1, Job-ID: 1, Sub-Job-ID: 113, Rank-Count: 512
[2025-01-31 16:33:07.296080] INFO: Receive loop #1 received 16384 bytes in 2888.719000ms
[2025-01-31 16:33:08.746533] INFO: Receive loop #2 received 16384 bytes in 0.063000ms
[2025-01-31 16:33:10.371606] INFO: Receive loop #3 received 16384 bytes in 0.085000ms
[2025-01-31 16:33:12.227583] INFO: Receive loop #4 received 16384 bytes in 0.113000ms
[2025-01-31 16:33:13.722309] INFO: Receive loop #5 received 16384 bytes in 0.030000ms
[2025-01-31 16:33:15.706488] INFO: Receive loop #6 received 16384 bytes in 0.032000ms
[2025-01-31 16:33:18.064166] INFO: Receive loop #7 received 16384 bytes in 0.029000ms
[2025-01-31 16:33:20.084359] INFO: Receive loop #8 received 16384 bytes in 0.258000ms
[2025-01-31 16:33:22.432651] INFO: Receive loop #9 received 16384 bytes in 0.031000ms
[2025-01-31 16:33:25.040718] INFO: Receive loop #10 received 16384 bytes in 0.030000ms
[2025-01-31 16:33:26.725175] INFO: Receive loop #11 received 16384 bytes in 0.009000ms
[2025-01-31 16:33:28.411273] INFO: Receive loop #12 received 7665 bytes in 0.019000ms
[2025-01-31 16:33:30.393597] INFO: Response received in 25385.773000ms
[2025-01-31 16:33:33.001736] INFO: File saved in 0.648000ms
[2025-01-31 16:33:35.306055] INFO: File saved to: /home/vc/kurotaka/objects/temp_92
[2025-01-31 16:33:37.373783] INFO: Execution permission granted to: /home/vc/kurotaka/objects/temp_92
[2025-01-31 16:33:38.782891] INFO: Executing command: /home/vc/kurotaka/objects/temp_92 112 512 1
[2025-01-31 16:34:50.223900] INFO: Command executed in 1m 9964.297000ms
[2025-01-31 16:34:52.930436] INFO: Result saved to: /home/vc/kurotaka/results/result_92
[2025-01-31 16:34:54.936977] INFO: Second connection established in 0.777000ms
[2025-01-31 16:34:56.427335] INFO: Sending result upload request
[2025-01-31 16:34:58.951438] INFO: Second request sent in 0.031000ms
[2025-01-31 16:35:01.340775] INFO: Result uploaded in 0.063000ms
[2025-01-31 16:35:05.383304] INFO: Process completed successfully. Total execution time in 2m 9366.068000ms

