
[2025-01-31 16:33:37.475420] INFO: Process started with ID: 499
[2025-01-31 16:33:38.962497] INFO: First connection established in 0.204000ms
[2025-01-31 16:33:40.926293] INFO: Sending request: GET /http_server/send-object.php?ID=499 HTTP/1.1
Host: 192.168.100.3
Connection: close


[2025-01-31 16:33:42.677546] INFO: First request sent in 0.040000ms
[2025-01-31 16:33:45.171461] INFO: Time from request to first response in 0.031000ms
[2025-01-31 16:33:47.943339] INFO: Received headers - MPI-Rank: 381, Group-ID: 1, Job-ID: 1, Sub-Job-ID: 382, Rank-Count: 512
[2025-01-31 16:33:49.680534] INFO: Receive loop #1 received 16384 bytes in 4297.528000ms
[2025-01-31 16:33:51.558351] INFO: Receive loop #2 received 16384 bytes in 0.064000ms
[2025-01-31 16:33:53.087542] INFO: Receive loop #3 received 16384 bytes in 0.104000ms
[2025-01-31 16:33:55.316403] INFO: Receive loop #4 received 16384 bytes in 0.033000ms
[2025-01-31 16:33:58.092583] INFO: Receive loop #5 received 16384 bytes in 0.027000ms
[2025-01-31 16:34:00.971325] INFO: Receive loop #6 received 16384 bytes in 0.041000ms
[2025-01-31 16:34:03.667893] INFO: Receive loop #7 received 16384 bytes in 0.030000ms
[2025-01-31 16:34:05.949687] INFO: Receive loop #8 received 16384 bytes in 0.287000ms
[2025-01-31 16:34:08.425147] INFO: Receive loop #9 received 16384 bytes in 0.030000ms
[2025-01-31 16:34:10.519210] INFO: Receive loop #10 received 16384 bytes in 0.016000ms
[2025-01-31 16:34:12.171587] INFO: Receive loop #11 received 16384 bytes in 0.010000ms
[2025-01-31 16:34:13.078835] INFO: Receive loop #12 received 7665 bytes in 0.015000ms
[2025-01-31 16:34:14.194399] INFO: Response received in 28884.683000ms
[2025-01-31 16:34:15.620735] INFO: File saved in 0.660000ms
[2025-01-31 16:34:17.177544] INFO: File saved to: /home/vc/kurotaka/objects/temp_499
[2025-01-31 16:34:19.546506] INFO: Execution permission granted to: /home/vc/kurotaka/objects/temp_499
[2025-01-31 16:34:21.480186] INFO: Executing command: /home/vc/kurotaka/objects/temp_499 381 512 1
[2025-01-31 16:34:51.192414] INFO: Command executed in 28852.176000ms
[2025-01-31 16:34:52.886886] INFO: Result saved to: /home/vc/kurotaka/results/result_499
[2025-01-31 16:34:54.621917] INFO: Second connection established in 0.145000ms
[2025-01-31 16:34:57.533169] INFO: Sending result upload request
[2025-01-31 16:35:01.138290] INFO: Second request sent in 0.023000ms
[2025-01-31 16:35:05.776214] INFO: Result uploaded in 0.054000ms
[2025-01-31 16:35:09.223916] INFO: Process completed successfully. Total execution time in 2m 13295.763000ms

