
[2025-01-31 16:33:12.516164] INFO: Process started with ID: 237
[2025-01-31 16:33:14.078571] INFO: First connection established in 0.273000ms
[2025-01-31 16:33:15.958673] INFO: Sending request: GET /http_server/send-object.php?ID=237 HTTP/1.1
Host: 192.168.100.3
Connection: close


[2025-01-31 16:33:18.239395] INFO: First request sent in 0.032000ms
[2025-01-31 16:33:20.215192] INFO: Time from request to first response in 0.029000ms
[2025-01-31 16:33:22.533822] INFO: Received headers - MPI-Rank: 229, Group-ID: 1, Job-ID: 1, Sub-Job-ID: 230, Rank-Count: 512
[2025-01-31 16:33:25.551304] INFO: Receive loop #1 received 16384 bytes in 4409.926000ms
[2025-01-31 16:33:27.266675] INFO: Receive loop #2 received 16384 bytes in 0.063000ms
[2025-01-31 16:33:28.623025] INFO: Receive loop #3 received 16384 bytes in 0.019000ms
[2025-01-31 16:33:30.812659] INFO: Receive loop #4 received 16384 bytes in 0.039000ms
[2025-01-31 16:33:33.060497] INFO: Receive loop #5 received 16384 bytes in 0.031000ms
[2025-01-31 16:33:35.305710] INFO: Receive loop #6 received 16384 bytes in 0.038000ms
[2025-01-31 16:33:37.373513] INFO: Receive loop #7 received 16384 bytes in 0.028000ms
[2025-01-31 16:33:38.782325] INFO: Receive loop #8 received 16384 bytes in 0.051000ms
[2025-01-31 16:33:40.717555] INFO: Receive loop #9 received 16384 bytes in 0.037000ms
[2025-01-31 16:33:42.177081] INFO: Receive loop #10 received 16384 bytes in 0.036000ms
[2025-01-31 16:33:44.822292] INFO: Receive loop #11 received 16384 bytes in 0.027000ms
[2025-01-31 16:33:47.619871] INFO: Receive loop #12 received 7665 bytes in 0.021000ms
[2025-01-31 16:33:49.170979] INFO: Response received in 28776.545000ms
[2025-01-31 16:33:51.161869] INFO: File saved in 0.156000ms
[2025-01-31 16:33:52.371387] INFO: File saved to: /home/vc/kurotaka/objects/temp_237
[2025-01-31 16:33:55.705839] INFO: Execution permission granted to: /home/vc/kurotaka/objects/temp_237
[2025-01-31 16:33:58.051088] INFO: Executing command: /home/vc/kurotaka/objects/temp_237 229 512 1
[2025-01-31 16:34:50.638672] INFO: Command executed in 50664.793000ms
[2025-01-31 16:34:52.402172] INFO: Result saved to: /home/vc/kurotaka/results/result_237
[2025-01-31 16:34:53.716721] INFO: Second connection established in 0.245000ms
[2025-01-31 16:34:55.101192] INFO: Sending result upload request
[2025-01-31 16:34:58.073249] INFO: Second request sent in 0.026000ms
[2025-01-31 16:35:01.163183] INFO: Result uploaded in 0.057000ms
[2025-01-31 16:35:05.685771] INFO: Process completed successfully. Total execution time in 2m 9469.144000ms

