
[2025-01-31 16:33:15.044220] INFO: Process started with ID: 335
[2025-01-31 16:33:17.599433] INFO: First connection established in 0.232000ms
[2025-01-31 16:33:19.642807] INFO: Sending request: GET /http_server/send-object.php?ID=335 HTTP/1.1
Host: 192.168.100.3
Connection: close


[2025-01-31 16:33:21.699848] INFO: First request sent in 0.036000ms
[2025-01-31 16:33:24.056820] INFO: Time from request to first response in 0.031000ms
[2025-01-31 16:33:25.867974] INFO: Received headers - MPI-Rank: 247, Group-ID: 1, Job-ID: 1, Sub-Job-ID: 248, Rank-Count: 512
[2025-01-31 16:33:27.588002] INFO: Receive loop #1 received 16384 bytes in 4219.334000ms
[2025-01-31 16:33:28.942915] INFO: Receive loop #2 received 16384 bytes in 0.014000ms
[2025-01-31 16:33:31.747944] INFO: Receive loop #3 received 16384 bytes in 0.105000ms
[2025-01-31 16:33:34.067790] INFO: Receive loop #4 received 16384 bytes in 0.115000ms
[2025-01-31 16:33:36.655026] INFO: Receive loop #5 received 16384 bytes in 0.035000ms
[2025-01-31 16:33:38.165007] INFO: Receive loop #6 received 16384 bytes in 0.032000ms
[2025-01-31 16:33:40.013744] INFO: Receive loop #7 received 16384 bytes in 0.031000ms
[2025-01-31 16:33:41.802633] INFO: Receive loop #8 received 16384 bytes in 0.248000ms
[2025-01-31 16:33:44.628842] INFO: Receive loop #9 received 16384 bytes in 0.031000ms
[2025-01-31 16:33:47.213850] INFO: Receive loop #10 received 16384 bytes in 0.029000ms
[2025-01-31 16:33:48.740924] INFO: Receive loop #11 received 16384 bytes in 0.027000ms
[2025-01-31 16:33:50.775060] INFO: Receive loop #12 received 7665 bytes in 0.019000ms
[2025-01-31 16:33:52.121195] INFO: Response received in 28654.289000ms
[2025-01-31 16:33:54.469392] INFO: File saved in 0.550000ms
[2025-01-31 16:33:56.052174] INFO: File saved to: /home/vc/kurotaka/objects/temp_335
[2025-01-31 16:34:00.802058] INFO: Execution permission granted to: /home/vc/kurotaka/objects/temp_335
[2025-01-31 16:34:03.218053] INFO: Executing command: /home/vc/kurotaka/objects/temp_335 247 512 1
[2025-01-31 16:35:00.302139] INFO: Command executed in 55128.616000ms
[2025-01-31 16:35:03.325601] INFO: Result saved to: /home/vc/kurotaka/results/result_335
[2025-01-31 16:35:07.030450] INFO: Second connection established in 0.188000ms
[2025-01-31 16:35:10.546194] INFO: Sending result upload request
[2025-01-31 16:35:13.246491] INFO: Second request sent in 0.004000ms
[2025-01-31 16:35:15.986697] INFO: Result uploaded in 0.010000ms
[2025-01-31 16:35:18.238963] INFO: Process completed successfully. Total execution time in 2m 22690.461000ms

