
[2025-01-31 16:33:15.923985] INFO: Process started with ID: 75
[2025-01-31 16:33:18.196495] INFO: First connection established in 0.225000ms
[2025-01-31 16:33:20.197131] INFO: Sending request: GET /http_server/send-object.php?ID=75 HTTP/1.1
Host: 192.168.100.3
Connection: close


[2025-01-31 16:33:22.499153] INFO: First request sent in 0.038000ms
[2025-01-31 16:33:25.551718] INFO: Time from request to first response in 0.037000ms
[2025-01-31 16:33:27.267956] INFO: Received headers - MPI-Rank: 253, Group-ID: 1, Job-ID: 1, Sub-Job-ID: 254, Rank-Count: 512
[2025-01-31 16:33:28.624470] INFO: Receive loop #1 received 16384 bytes in 4224.447000ms
[2025-01-31 16:33:30.813255] INFO: Receive loop #2 received 16384 bytes in 0.038000ms
[2025-01-31 16:33:33.060820] INFO: Receive loop #3 received 16384 bytes in 0.038000ms
[2025-01-31 16:33:35.338585] INFO: Receive loop #4 received 16384 bytes in 0.048000ms
[2025-01-31 16:33:37.375439] INFO: Receive loop #5 received 16384 bytes in 0.026000ms
[2025-01-31 16:33:38.843189] INFO: Receive loop #6 received 16384 bytes in 0.015000ms
[2025-01-31 16:33:40.815452] INFO: Receive loop #7 received 16384 bytes in 0.042000ms
[2025-01-31 16:33:42.423979] INFO: Receive loop #8 received 16384 bytes in 0.236000ms
[2025-01-31 16:33:44.995757] INFO: Receive loop #9 received 16384 bytes in 0.030000ms
[2025-01-31 16:33:47.708007] INFO: Receive loop #10 received 16384 bytes in 0.033000ms
[2025-01-31 16:33:49.280996] INFO: Receive loop #11 received 16384 bytes in 0.030000ms
[2025-01-31 16:33:51.314467] INFO: Receive loop #12 received 7665 bytes in 0.019000ms
[2025-01-31 16:33:52.546889] INFO: Response received in 28118.264000ms
[2025-01-31 16:33:54.995069] INFO: File saved in 0.452000ms
[2025-01-31 16:33:58.040049] INFO: File saved to: /home/vc/kurotaka/objects/temp_75
[2025-01-31 16:34:01.904149] INFO: Execution permission granted to: /home/vc/kurotaka/objects/temp_75
[2025-01-31 16:34:04.236478] INFO: Executing command: /home/vc/kurotaka/objects/temp_75 253 512 1
[2025-01-31 16:35:02.312753] INFO: Command executed in 55995.483000ms
[2025-01-31 16:35:06.290856] INFO: Result saved to: /home/vc/kurotaka/results/result_75
[2025-01-31 16:35:09.493677] INFO: Second connection established in 0.209000ms
[2025-01-31 16:35:12.427594] INFO: Sending result upload request
[2025-01-31 16:35:15.250117] INFO: Second request sent in 0.004000ms
[2025-01-31 16:35:17.458380] INFO: Result uploaded in 0.012000ms
[2025-01-31 16:35:19.332947] INFO: Process completed successfully. Total execution time in 2m 24271.303000ms

