
[2025-01-31 16:33:07.546130] INFO: Process started with ID: 91
[2025-01-31 16:33:09.444845] INFO: First connection established in 0.278000ms
[2025-01-31 16:33:10.912711] INFO: Sending request: GET /http_server/send-object.php?ID=91 HTTP/1.1
Host: 192.168.100.3
Connection: close


[2025-01-31 16:33:12.638683] INFO: First request sent in 0.033000ms
[2025-01-31 16:33:14.507680] INFO: Time from request to first response in 0.029000ms
[2025-01-31 16:33:16.512661] INFO: Received headers - MPI-Rank: 194, Group-ID: 1, Job-ID: 1, Sub-Job-ID: 195, Rank-Count: 512
[2025-01-31 16:33:18.544094] INFO: Receive loop #1 received 16384 bytes in 4395.691000ms
[2025-01-31 16:33:20.489721] INFO: Receive loop #2 received 16384 bytes in 0.060000ms
[2025-01-31 16:33:22.844574] INFO: Receive loop #3 received 16384 bytes in 0.081000ms
[2025-01-31 16:33:25.554605] INFO: Receive loop #4 received 16384 bytes in 0.113000ms
[2025-01-31 16:33:27.349479] INFO: Receive loop #5 received 16384 bytes in 0.030000ms
[2025-01-31 16:33:28.722132] INFO: Receive loop #6 received 16384 bytes in 0.037000ms
[2025-01-31 16:33:31.333850] INFO: Receive loop #7 received 16384 bytes in 0.058000ms
[2025-01-31 16:33:33.451713] INFO: Receive loop #8 received 16384 bytes in 0.244000ms
[2025-01-31 16:33:35.928622] INFO: Receive loop #9 received 16384 bytes in 0.046000ms
[2025-01-31 16:33:37.709892] INFO: Receive loop #10 received 16384 bytes in 0.016000ms
[2025-01-31 16:33:39.432038] INFO: Receive loop #11 received 16384 bytes in 0.030000ms
[2025-01-31 16:33:41.224391] INFO: Receive loop #12 received 7665 bytes in 0.020000ms
[2025-01-31 16:33:43.370002] INFO: Response received in 28803.739000ms
[2025-01-31 16:33:45.835369] INFO: File saved in 0.458000ms
[2025-01-31 16:33:48.231313] INFO: File saved to: /home/vc/kurotaka/objects/temp_91
[2025-01-31 16:33:50.323646] INFO: Execution permission granted to: /home/vc/kurotaka/objects/temp_91
[2025-01-31 16:33:51.807537] INFO: Executing command: /home/vc/kurotaka/objects/temp_91 194 512 1
[2025-01-31 16:34:54.965677] INFO: Command executed in 1m 1602.418000ms
[2025-01-31 16:34:56.540228] INFO: Result saved to: /home/vc/kurotaka/results/result_91
[2025-01-31 16:34:59.001753] INFO: Second connection established in 0.297000ms
[2025-01-31 16:35:01.521454] INFO: Sending result upload request
[2025-01-31 16:35:05.609392] INFO: Second request sent in 0.031000ms
[2025-01-31 16:35:09.067366] INFO: Result uploaded in 0.056000ms
[2025-01-31 16:35:11.897863] INFO: Process completed successfully. Total execution time in 2m 16297.403000ms

