
[2025-01-31 16:32:57.890318] INFO: Process started with ID: 456
[2025-01-31 16:32:58.640647] INFO: First connection established in 0.148000ms
[2025-01-31 16:32:59.880655] INFO: Sending request: GET /http_server/send-object.php?ID=456 HTTP/1.1
Host: 192.168.100.3
Connection: close


[2025-01-31 16:33:00.967739] INFO: First request sent in 0.034000ms
[2025-01-31 16:33:02.013658] INFO: Time from request to first response in 0.030000ms
[2025-01-31 16:33:03.680634] INFO: Received headers - MPI-Rank: 94, Group-ID: 1, Job-ID: 1, Sub-Job-ID: 95, Rank-Count: 512
[2025-01-31 16:33:04.443105] INFO: Receive loop #1 received 16384 bytes in 2564.755000ms
[2025-01-31 16:33:06.137705] INFO: Receive loop #2 received 16384 bytes in 0.061000ms
[2025-01-31 16:33:07.711708] INFO: Receive loop #3 received 16384 bytes in 0.097000ms
[2025-01-31 16:33:09.706166] INFO: Receive loop #4 received 16384 bytes in 0.128000ms
[2025-01-31 16:33:11.329749] INFO: Receive loop #5 received 16384 bytes in 0.029000ms
[2025-01-31 16:33:12.909473] INFO: Receive loop #6 received 16384 bytes in 0.030000ms
[2025-01-31 16:33:14.883241] INFO: Receive loop #7 received 16384 bytes in 0.031000ms
[2025-01-31 16:33:17.025510] INFO: Receive loop #8 received 16384 bytes in 0.271000ms
[2025-01-31 16:33:19.028990] INFO: Receive loop #9 received 16384 bytes in 0.040000ms
[2025-01-31 16:33:21.060204] INFO: Receive loop #10 received 16384 bytes in 0.029000ms
[2025-01-31 16:33:23.405026] INFO: Receive loop #11 received 16384 bytes in 0.028000ms
[2025-01-31 16:33:25.553438] INFO: Receive loop #12 received 7663 bytes in 0.020000ms
[2025-01-31 16:33:27.300406] INFO: Response received in 25499.476000ms
[2025-01-31 16:33:28.684313] INFO: File saved in 0.505000ms
[2025-01-31 16:33:31.071786] INFO: File saved to: /home/vc/kurotaka/objects/temp_456
[2025-01-31 16:33:33.197772] INFO: Execution permission granted to: /home/vc/kurotaka/objects/temp_456
[2025-01-31 16:33:35.515868] INFO: Executing command: /home/vc/kurotaka/objects/temp_456 94 512 1
[2025-01-31 16:34:51.871656] INFO: Command executed in 1m 13999.150000ms
[2025-01-31 16:34:53.565295] INFO: Result saved to: /home/vc/kurotaka/results/result_456
[2025-01-31 16:34:55.472390] INFO: Second connection established in 0.220000ms
[2025-01-31 16:34:59.185960] INFO: Sending result upload request
[2025-01-31 16:35:02.813423] INFO: Second request sent in 0.027000ms
[2025-01-31 16:35:07.010205] INFO: Result uploaded in 0.051000ms
[2025-01-31 16:35:10.591145] INFO: Process completed successfully. Total execution time in 2m 14760.917000ms

