
[2025-01-31 16:22:48] Program started at 2025-01-31 16:22:48.46
[2025-01-31 16:22:48] [getClientID] MySQL connection established. Execution time: 0.736 ms
[2025-01-31 16:22:48] [getClientID] SELECT table_name FROM table_registry WHERE id = :job_id / Execution time: 0.366 ms
[2025-01-31 16:22:48] [getClientID] SELECT client FROM `matrix` WHERE id = :sub_job_id / Execution time: 0.201 ms
[2025-01-31 16:22:48] getClientID completed. Execution time: 1.451 ms
[2025-01-31 16:22:48] Read file completed. Execution time: 0.007 ms
[2025-01-31 16:22:48] File saved successfully: uploads/job_1/group_1/result_56
[2025-01-31 16:22:48] [updateStatus] MySQL connection established. Execution time: 0.092 ms
[2025-01-31 16:22:48] [updateStatus] SELECT table_name FROM table_registry WHERE id = :job_id FOR UPDATE / Execution time: 4.283 ms
[2025-01-31 16:22:48] [updateStatus] UPDATE `matrix` SET status = :status WHERE id = :sub_job_id / Execution time: 0.298 ms
[2025-01-31 16:22:48] [updateStatus] SELECT COUNT_RECORDS FROM `matrix` / Execution time: 0.345 ms
[2025-01-31 16:22:48] [updateStatus] UPDATE table_registry SET status = :status WHERE id = :job_id / Execution time: 0.175 ms
[2025-01-31 16:22:48] updateStatus completed. Execution time: 201.433 ms
[2025-01-31 16:22:48] Write file completed. Execution time: 201.728 ms
[2025-01-31 16:22:48] [getGroupStatus] MySQL connection established. Execution time: 0.097 ms
[2025-01-31 16:22:48] [getGroupStatus] SELECT table_name FROM table_registry WHERE id = :job_id / Execution time: 0.318 ms
[2025-01-31 16:22:48] [getGroupStatus] SELECT status FROM `matrix` WHERE group_id = :group_id / Execution time: 0.575 ms
[2025-01-31 16:22:48] getGroupStatus completed. Execution time: 1.265 ms
[2025-01-31 16:22:48] Group 1 is not completed yet.
[2025-01-31 16:22:48] Program completed. Total execution time: 207.495 ms

