
[2025-01-31 17:23:17.844496] INFO: Process started with ID: 226
[2025-01-31 17:23:18.312066] INFO: First connection established in 0.269000ms
[2025-01-31 17:23:18.982570] INFO: Sending request: GET /http_server/send-object.php?ID=226 HTTP/1.1
Host: 192.168.100.3
Connection: close


[2025-01-31 17:23:20.015167] INFO: First request sent in 0.035000ms
[2025-01-31 17:23:20.570433] INFO: Time from request to first response in 0.034000ms
[2025-01-31 17:23:21.490622] INFO: Received headers - MPI-Rank: 42, Group-ID: 1, Job-ID: 1, Sub-Job-ID: 43, Rank-Count: 256
[2025-01-31 17:23:22.820094] INFO: Receive loop #1 received 16384 bytes in 2019.876000ms
[2025-01-31 17:23:23.559917] INFO: Receive loop #2 received 16384 bytes in 0.059000ms
[2025-01-31 17:23:24.735707] INFO: Receive loop #3 received 16384 bytes in 0.082000ms
[2025-01-31 17:23:25.643503] INFO: Receive loop #4 received 16384 bytes in 0.109000ms
[2025-01-31 17:23:26.791946] INFO: Receive loop #5 received 16384 bytes in 0.031000ms
[2025-01-31 17:23:27.760347] INFO: Receive loop #6 received 16384 bytes in 0.029000ms
[2025-01-31 17:23:28.896715] INFO: Receive loop #7 received 16384 bytes in 0.038000ms
[2025-01-31 17:23:30.669023] INFO: Receive loop #8 received 16384 bytes in 0.250000ms
[2025-01-31 17:23:32.088686] INFO: Receive loop #9 received 16384 bytes in 0.032000ms
[2025-01-31 17:23:33.596765] INFO: Receive loop #10 received 16384 bytes in 0.028000ms
[2025-01-31 17:23:35.200400] INFO: Receive loop #11 received 16384 bytes in 0.030000ms
[2025-01-31 17:23:37.434974] INFO: Receive loop #12 received 7663 bytes in 0.019000ms
[2025-01-31 17:23:38.919019] INFO: Response received in 18095.826000ms
[2025-01-31 17:23:40.378375] INFO: File saved in 0.494000ms
[2025-01-31 17:23:42.213408] INFO: File saved to: /home/vc/kurotaka/objects/temp_226
[2025-01-31 17:23:44.117561] INFO: Execution permission granted to: /home/vc/kurotaka/objects/temp_226
[2025-01-31 17:23:45.294759] INFO: Executing command: /home/vc/kurotaka/objects/temp_226 42 256 1
[2025-01-31 17:24:08.893412] INFO: Command executed in 22100.877000ms
[2025-01-31 17:24:11.297691] INFO: Result saved to: /home/vc/kurotaka/results/result_226
[2025-01-31 17:24:12.753784] INFO: Second connection established in 0.112000ms
[2025-01-31 17:24:14.582167] INFO: Sending result upload request
[2025-01-31 17:24:17.388300] INFO: Second request sent in 0.026000ms
[2025-01-31 17:24:19.552104] INFO: Result uploaded in 0.053000ms
[2025-01-31 17:24:21.129028] INFO: Process completed successfully. Total execution time in 1m 3517.284000ms

