
[2025-01-31 17:23:22.795506] INFO: Process started with ID: 78
[2025-01-31 17:23:23.530497] INFO: First connection established in 0.295000ms
[2025-01-31 17:23:24.705432] INFO: Sending request: GET /http_server/send-object.php?ID=78 HTTP/1.1
Host: 192.168.100.3
Connection: close


[2025-01-31 17:23:25.600559] INFO: First request sent in 0.033000ms
[2025-01-31 17:23:26.776947] INFO: Time from request to first response in 0.028000ms
[2025-01-31 17:23:27.737210] INFO: Received headers - MPI-Rank: 126, Group-ID: 1, Job-ID: 1, Sub-Job-ID: 127, Rank-Count: 256
[2025-01-31 17:23:28.896661] INFO: Receive loop #1 received 16384 bytes in 2111.046000ms
[2025-01-31 17:23:30.669074] INFO: Receive loop #2 received 16384 bytes in 0.012000ms
[2025-01-31 17:23:32.088743] INFO: Receive loop #3 received 16384 bytes in 0.087000ms
[2025-01-31 17:23:33.596589] INFO: Receive loop #4 received 16384 bytes in 0.111000ms
[2025-01-31 17:23:35.200300] INFO: Receive loop #5 received 16384 bytes in 0.031000ms
[2025-01-31 17:23:37.319402] INFO: Receive loop #6 received 16384 bytes in 0.034000ms
[2025-01-31 17:23:38.804887] INFO: Receive loop #7 received 16384 bytes in 0.029000ms
[2025-01-31 17:23:40.190447] INFO: Receive loop #8 received 16384 bytes in 0.278000ms
[2025-01-31 17:23:42.103263] INFO: Receive loop #9 received 16384 bytes in 0.030000ms
[2025-01-31 17:23:43.802802] INFO: Receive loop #10 received 16384 bytes in 0.028000ms
[2025-01-31 17:23:45.294575] INFO: Receive loop #11 received 16384 bytes in 0.030000ms
[2025-01-31 17:23:46.752548] INFO: Receive loop #12 received 7665 bytes in 0.020000ms
[2025-01-31 17:23:48.220746] INFO: Response received in 21240.505000ms
[2025-01-31 17:23:49.862138] INFO: File saved in 0.487000ms
[2025-01-31 17:23:51.878396] INFO: File saved to: /home/vc/kurotaka/objects/temp_78
[2025-01-31 17:23:53.676411] INFO: Execution permission granted to: /home/vc/kurotaka/objects/temp_78
[2025-01-31 17:23:54.872021] INFO: Executing command: /home/vc/kurotaka/objects/temp_78 126 256 1
[2025-01-31 17:24:07.183273] INFO: Command executed in 11480.752000ms
[2025-01-31 17:24:09.124367] INFO: Result saved to: /home/vc/kurotaka/results/result_78
[2025-01-31 17:24:11.435830] INFO: Second connection established in 0.210000ms
[2025-01-31 17:24:12.986004] INFO: Sending result upload request
[2025-01-31 17:24:14.853445] INFO: Second request sent in 0.024000ms
[2025-01-31 17:24:17.494914] INFO: Result uploaded in 0.052000ms
[2025-01-31 17:24:19.826610] INFO: Process completed successfully. Total execution time in 1m 1853.551000ms

