
[2025-01-31 17:23:17.719872] INFO: Process started with ID: 98
[2025-01-31 17:23:18.241992] INFO: First connection established in 0.317000ms
[2025-01-31 17:23:18.982081] INFO: Sending request: GET /http_server/send-object.php?ID=98 HTTP/1.1
Host: 192.168.100.3
Connection: close


[2025-01-31 17:23:19.916104] INFO: First request sent in 0.034000ms
[2025-01-31 17:23:20.569937] INFO: Time from request to first response in 0.064000ms
[2025-01-31 17:23:21.456178] INFO: Received headers - MPI-Rank: 40, Group-ID: 1, Job-ID: 1, Sub-Job-ID: 41, Rank-Count: 256
[2025-01-31 17:23:22.820109] INFO: Receive loop #1 received 16384 bytes in 1978.679000ms
[2025-01-31 17:23:23.624881] INFO: Receive loop #2 received 16384 bytes in 0.063000ms
[2025-01-31 17:23:24.821228] INFO: Receive loop #3 received 16384 bytes in 0.081000ms
[2025-01-31 17:23:25.643336] INFO: Receive loop #4 received 16384 bytes in 0.141000ms
[2025-01-31 17:23:26.810567] INFO: Receive loop #5 received 16384 bytes in 0.036000ms
[2025-01-31 17:23:27.802260] INFO: Receive loop #6 received 16384 bytes in 0.029000ms
[2025-01-31 17:23:28.939854] INFO: Receive loop #7 received 16384 bytes in 0.029000ms
[2025-01-31 17:23:30.775406] INFO: Receive loop #8 received 16384 bytes in 0.252000ms
[2025-01-31 17:23:32.167309] INFO: Receive loop #9 received 16384 bytes in 0.031000ms
[2025-01-31 17:23:33.651106] INFO: Receive loop #10 received 16384 bytes in 0.030000ms
[2025-01-31 17:23:35.231183] INFO: Receive loop #11 received 16384 bytes in 0.029000ms
[2025-01-31 17:23:37.494878] INFO: Receive loop #12 received 7663 bytes in 0.019000ms
[2025-01-31 17:23:38.851303] INFO: Response received in 18080.275000ms
[2025-01-31 17:23:40.286966] INFO: File saved in 0.539000ms
[2025-01-31 17:23:42.234589] INFO: File saved to: /home/vc/kurotaka/objects/temp_98
[2025-01-31 17:23:44.226541] INFO: Execution permission granted to: /home/vc/kurotaka/objects/temp_98
[2025-01-31 17:23:45.449442] INFO: Executing command: /home/vc/kurotaka/objects/temp_98 40 256 1
[2025-01-31 17:24:07.239062] INFO: Command executed in 20345.136000ms
[2025-01-31 17:24:09.286790] INFO: Result saved to: /home/vc/kurotaka/results/result_98
[2025-01-31 17:24:11.594798] INFO: Second connection established in 0.285000ms
[2025-01-31 17:24:13.174709] INFO: Sending result upload request
[2025-01-31 17:24:15.061683] INFO: Second request sent in 0.024000ms
[2025-01-31 17:24:17.586115] INFO: Result uploaded in 0.052000ms
[2025-01-31 17:24:19.976528] INFO: Process completed successfully. Total execution time in 1m 2048.765000ms

