
[2025-01-31 17:23:20.695068] INFO: Process started with ID: 7
[2025-01-31 17:23:21.788395] INFO: First connection established in 0.410000ms
[2025-01-31 17:23:22.910046] INFO: Sending request: GET /http_server/send-object.php?ID=7 HTTP/1.1
Host: 192.168.100.3
Connection: close


[2025-01-31 17:23:23.754604] INFO: First request sent in 0.032000ms
[2025-01-31 17:23:24.887082] INFO: Time from request to first response in 0.029000ms
[2025-01-31 17:23:25.662990] INFO: Received headers - MPI-Rank: 99, Group-ID: 1, Job-ID: 1, Sub-Job-ID: 100, Rank-Count: 256
[2025-01-31 17:23:26.810379] INFO: Receive loop #1 received 16384 bytes in 2089.521000ms
[2025-01-31 17:23:27.780501] INFO: Receive loop #2 received 16384 bytes in 0.041000ms
[2025-01-31 17:23:28.939391] INFO: Receive loop #3 received 16384 bytes in 0.078000ms
[2025-01-31 17:23:30.727936] INFO: Receive loop #4 received 16384 bytes in 0.108000ms
[2025-01-31 17:23:32.117633] INFO: Receive loop #5 received 16384 bytes in 0.029000ms
[2025-01-31 17:23:33.650853] INFO: Receive loop #6 received 16384 bytes in 0.030000ms
[2025-01-31 17:23:35.230901] INFO: Receive loop #7 received 16384 bytes in 0.029000ms
[2025-01-31 17:23:37.494658] INFO: Receive loop #8 received 16384 bytes in 0.300000ms
[2025-01-31 17:23:38.983232] INFO: Receive loop #9 received 16384 bytes in 0.007000ms
[2025-01-31 17:23:40.378191] INFO: Receive loop #10 received 16384 bytes in 0.029000ms
[2025-01-31 17:23:42.264180] INFO: Receive loop #11 received 16384 bytes in 0.029000ms
[2025-01-31 17:23:44.147350] INFO: Receive loop #12 received 7664 bytes in 0.020000ms
[2025-01-31 17:23:46.103153] INFO: Response received in 20491.395000ms
[2025-01-31 17:23:47.574785] INFO: File saved in 0.476000ms
[2025-01-31 17:23:49.069843] INFO: File saved to: /home/vc/kurotaka/objects/temp_7
[2025-01-31 17:23:51.276728] INFO: Execution permission granted to: /home/vc/kurotaka/objects/temp_7
[2025-01-31 17:23:52.185008] INFO: Executing command: /home/vc/kurotaka/objects/temp_7 99 256 1
[2025-01-31 17:24:09.644408] INFO: Command executed in 16229.677000ms
[2025-01-31 17:24:11.701418] INFO: Result saved to: /home/vc/kurotaka/results/result_7
[2025-01-31 17:24:13.330994] INFO: Second connection established in 0.155000ms
[2025-01-31 17:24:15.671649] INFO: Sending result upload request
[2025-01-31 17:24:18.141376] INFO: Second request sent in 0.025000ms
[2025-01-31 17:24:20.342970] INFO: Result uploaded in 0.054000ms
[2025-01-31 17:24:22.121176] INFO: Process completed successfully. Total execution time in 1m 4034.923000ms

