
[2025-01-31 16:14:39.785737] INFO: Process started with ID: 11
[2025-01-31 16:14:39.931003] INFO: First connection established in 0.261000ms
[2025-01-31 16:14:40.063206] INFO: Sending request: GET /http_server/send-object.php?ID=11 HTTP/1.1
Host: 192.168.100.3
Connection: close


[2025-01-31 16:14:40.176071] INFO: First request sent in 0.036000ms
[2025-01-31 16:14:40.340049] INFO: Time from request to first response in 0.027000ms
[2025-01-31 16:14:40.434940] INFO: Received headers - MPI-Rank: 25, Group-ID: 1, Job-ID: 1, Sub-Job-ID: 26, Rank-Count: 32
[2025-01-31 16:14:40.582624] INFO: Receive loop #1 received 16384 bytes in 281.371000ms
[2025-01-31 16:14:40.734131] INFO: Receive loop #2 received 16384 bytes in 0.017000ms
[2025-01-31 16:14:40.893150] INFO: Receive loop #3 received 16384 bytes in 0.077000ms
[2025-01-31 16:14:41.066255] INFO: Receive loop #4 received 16384 bytes in 0.109000ms
[2025-01-31 16:14:41.247702] INFO: Receive loop #5 received 16384 bytes in 0.029000ms
[2025-01-31 16:14:41.394882] INFO: Receive loop #6 received 16384 bytes in 0.035000ms
[2025-01-31 16:14:41.574776] INFO: Receive loop #7 received 16384 bytes in 0.030000ms
[2025-01-31 16:14:41.748914] INFO: Receive loop #8 received 16384 bytes in 0.302000ms
[2025-01-31 16:14:41.860665] INFO: Receive loop #9 received 16384 bytes in 0.029000ms
[2025-01-31 16:14:42.002162] INFO: Receive loop #10 received 16384 bytes in 0.009000ms
[2025-01-31 16:14:42.132472] INFO: Receive loop #11 received 16384 bytes in 0.049000ms
[2025-01-31 16:14:42.246968] INFO: Receive loop #12 received 7662 bytes in 0.019000ms
[2025-01-31 16:14:42.357083] INFO: Response received in 2044.430000ms
[2025-01-31 16:14:42.479686] INFO: File saved in 0.740000ms
[2025-01-31 16:14:42.603172] INFO: File saved to: /home/vc/kurotaka/objects/temp_11
[2025-01-31 16:14:42.758243] INFO: Execution permission granted to: /home/vc/kurotaka/objects/temp_11
[2025-01-31 16:14:42.885178] INFO: Executing command: /home/vc/kurotaka/objects/temp_11 25 32 1
[2025-01-31 16:14:44.543604] INFO: Command executed in 1562.744000ms
[2025-01-31 16:14:44.649662] INFO: Result saved to: /home/vc/kurotaka/results/result_11
[2025-01-31 16:14:44.833601] INFO: Second connection established in 0.210000ms
[2025-01-31 16:14:45.109618] INFO: Sending result upload request
[2025-01-31 16:14:45.356630] INFO: Second request sent in 0.028000ms
[2025-01-31 16:14:45.527370] INFO: Result uploaded in 0.051000ms
[2025-01-31 16:14:45.617550] INFO: Process completed successfully. Total execution time in 5879.794000ms

