
[2025-01-30 12:29:22] Program started at 2025-01-30 12:29:22.5997
[2025-01-30 12:29:22] [getClientID] MySQL connection established. Execution time: 0.769 ms
[2025-01-30 12:29:22] [getClientID] SELECT table_name FROM table_registry WHERE id = :job_id / Execution time: 0.359 ms
[2025-01-30 12:29:22] [getClientID] SELECT client FROM `matrix` WHERE id = :sub_job_id / Execution time: 0.224 ms
[2025-01-30 12:29:22] getClientID completed. Execution time: 1.560 ms
[2025-01-30 12:29:22] Read file completed. Execution time: 0.011 ms
[2025-01-30 12:29:22] File saved successfully: uploads/job_1/group_1/result_113
[2025-01-30 12:29:22] [updateStatus] MySQL connection established. Execution time: 0.236 ms
[2025-01-30 12:29:22] [updateStatus] SELECT table_name FROM table_registry WHERE id = :job_id FOR UPDATE / Execution time: 6.705 ms
[2025-01-30 12:29:22] [updateStatus] UPDATE `matrix` SET status = :status WHERE id = :sub_job_id / Execution time: 0.245 ms
[2025-01-30 12:29:22] [updateStatus] SELECT COUNT_RECORDS FROM `matrix` / Execution time: 0.334 ms
[2025-01-30 12:29:22] [updateStatus] UPDATE table_registry SET status = :status WHERE id = :job_id / Execution time: 0.143 ms
[2025-01-30 12:29:22] updateStatus completed. Execution time: 46.231 ms
[2025-01-30 12:29:22] Write file completed. Execution time: 47.783 ms
[2025-01-30 12:29:22] [getGroupStatus] MySQL connection established. Execution time: 0.069 ms
[2025-01-30 12:29:22] [getGroupStatus] SELECT table_name FROM table_registry WHERE id = :job_id / Execution time: 0.264 ms
[2025-01-30 12:29:22] [getGroupStatus] SELECT status FROM `matrix` WHERE group_id = :group_id / Execution time: 0.710 ms
[2025-01-30 12:29:22] getGroupStatus completed. Execution time: 1.217 ms
[2025-01-30 12:29:22] Group 1 is not completed yet.
[2025-01-30 12:29:22] Program completed. Total execution time: 53.617 ms

