
[2025-01-30 12:29:20] Program started at 2025-01-30 12:29:20.7759
[2025-01-30 12:29:20] [getClientID] MySQL connection established. Execution time: 0.186 ms
[2025-01-30 12:29:20] [getClientID] SELECT table_name FROM table_registry WHERE id = :job_id / Execution time: 0.249 ms
[2025-01-30 12:29:20] [getClientID] SELECT client FROM `matrix` WHERE id = :sub_job_id / Execution time: 0.108 ms
[2025-01-30 12:29:20] getClientID completed. Execution time: 0.706 ms
[2025-01-30 12:29:20] Read file completed. Execution time: 0.028 ms
[2025-01-30 12:29:20] File saved successfully: uploads/job_1/group_1/result_10
[2025-01-30 12:29:20] [updateStatus] MySQL connection established. Execution time: 0.072 ms
[2025-01-30 12:29:20] [updateStatus] SELECT table_name FROM table_registry WHERE id = :job_id FOR UPDATE / Execution time: 0.676 ms
[2025-01-30 12:29:20] [updateStatus] UPDATE `matrix` SET status = :status WHERE id = :sub_job_id / Execution time: 0.102 ms
[2025-01-30 12:29:20] [updateStatus] SELECT COUNT_RECORDS FROM `matrix` / Execution time: 0.146 ms
[2025-01-30 12:29:20] [updateStatus] UPDATE table_registry SET status = :status WHERE id = :job_id / Execution time: 0.066 ms
[2025-01-30 12:29:20] updateStatus completed. Execution time: 17.493 ms
[2025-01-30 12:29:20] Write file completed. Execution time: 17.839 ms
[2025-01-30 12:29:20] [getGroupStatus] MySQL connection established. Execution time: 0.081 ms
[2025-01-30 12:29:20] [getGroupStatus] SELECT table_name FROM table_registry WHERE id = :job_id / Execution time: 0.314 ms
[2025-01-30 12:29:20] [getGroupStatus] SELECT status FROM `matrix` WHERE group_id = :group_id / Execution time: 0.303 ms
[2025-01-30 12:29:20] getGroupStatus completed. Execution time: 0.993 ms
[2025-01-30 12:29:20] Group 1 is not completed yet.
[2025-01-30 12:29:20] Program completed. Total execution time: 22.323 ms

