
[2025-01-31 16:37:00.965474] INFO: Process started with ID: 24
[2025-01-31 16:37:01.088506] INFO: First connection established in 0.174000ms
[2025-01-31 16:37:01.222903] INFO: Sending request: GET /http_server/send-object.php?ID=24 HTTP/1.1
Host: 192.168.100.3
Connection: close


[2025-01-31 16:37:01.334283] INFO: First request sent in 0.035000ms
[2025-01-31 16:37:01.427352] INFO: Time from request to first response in 0.031000ms
[2025-01-31 16:37:01.544328] INFO: Received headers - MPI-Rank: 16, Group-ID: 1, Job-ID: 1, Sub-Job-ID: 17, Rank-Count: 32
[2025-01-31 16:37:01.688455] INFO: Receive loop #1 received 16384 bytes in 240.797000ms
[2025-01-31 16:37:01.841034] INFO: Receive loop #2 received 16384 bytes in 0.068000ms
[2025-01-31 16:37:02.049241] INFO: Receive loop #3 received 16384 bytes in 0.075000ms
[2025-01-31 16:37:02.232316] INFO: Receive loop #4 received 16384 bytes in 0.114000ms
[2025-01-31 16:37:02.418967] INFO: Receive loop #5 received 16384 bytes in 0.029000ms
[2025-01-31 16:37:02.598768] INFO: Receive loop #6 received 16384 bytes in 0.037000ms
[2025-01-31 16:37:02.794106] INFO: Receive loop #7 received 16384 bytes in 0.030000ms
[2025-01-31 16:37:02.997494] INFO: Receive loop #8 received 16384 bytes in 0.240000ms
[2025-01-31 16:37:03.195798] INFO: Receive loop #9 received 16384 bytes in 0.031000ms
[2025-01-31 16:37:03.299772] INFO: Receive loop #10 received 16384 bytes in 0.027000ms
[2025-01-31 16:37:03.430473] INFO: Receive loop #11 received 16384 bytes in 0.037000ms
[2025-01-31 16:37:03.586568] INFO: Receive loop #12 received 7662 bytes in 0.022000ms
[2025-01-31 16:37:03.737619] INFO: Response received in 2307.631000ms
[2025-01-31 16:37:03.837568] INFO: File saved in 0.140000ms
[2025-01-31 16:37:04.045013] INFO: File saved to: /home/vc/kurotaka/objects/temp_24
[2025-01-31 16:37:04.202960] INFO: Execution permission granted to: /home/vc/kurotaka/objects/temp_24
[2025-01-31 16:37:04.394061] INFO: Executing command: /home/vc/kurotaka/objects/temp_24 16 32 1
[2025-01-31 16:37:06.008847] INFO: Command executed in 1537.644000ms
[2025-01-31 16:37:06.082732] INFO: Result saved to: /home/vc/kurotaka/results/result_24
[2025-01-31 16:37:06.144442] INFO: Second connection established in 0.199000ms
[2025-01-31 16:37:06.270124] INFO: Sending result upload request
[2025-01-31 16:37:06.398765] INFO: Second request sent in 0.025000ms
[2025-01-31 16:37:06.499033] INFO: Result uploaded in 0.058000ms
[2025-01-31 16:37:06.630877] INFO: Process completed successfully. Total execution time in 5694.412000ms

