
[2025-01-31 17:02:23.435194] INFO: Process started with ID: 139
[2025-01-31 17:02:23.659617] INFO: First connection established in 0.193000ms
[2025-01-31 17:02:23.850700] INFO: Sending request: GET /http_server/send-object.php?ID=139 HTTP/1.1
Host: 192.168.100.3
Connection: close


[2025-01-31 17:02:24.172281] INFO: First request sent in 0.036000ms
[2025-01-31 17:02:24.731898] INFO: Time from request to first response in 0.029000ms
[2025-01-31 17:02:25.124750] INFO: Received headers - MPI-Rank: 24, Group-ID: 1, Job-ID: 1, Sub-Job-ID: 25, Rank-Count: 512
[2025-01-31 17:02:25.817443] INFO: Receive loop #1 received 16384 bytes in 1057.795000ms
[2025-01-31 17:02:26.785286] INFO: Receive loop #2 received 16384 bytes in 0.073000ms
[2025-01-31 17:02:27.283131] INFO: Receive loop #3 received 16384 bytes in 0.076000ms
[2025-01-31 17:02:28.276387] INFO: Receive loop #4 received 16384 bytes in 0.111000ms
[2025-01-31 17:02:29.226382] INFO: Receive loop #5 received 16384 bytes in 0.028000ms
[2025-01-31 17:02:30.352583] INFO: Receive loop #6 received 16384 bytes in 0.011000ms
[2025-01-31 17:02:31.310752] INFO: Receive loop #7 received 16384 bytes in 0.035000ms
[2025-01-31 17:02:32.839942] INFO: Receive loop #8 received 16384 bytes in 0.261000ms
[2025-01-31 17:02:33.956124] INFO: Receive loop #9 received 16384 bytes in 0.030000ms
[2025-01-31 17:02:35.678373] INFO: Receive loop #10 received 16384 bytes in 0.027000ms
[2025-01-31 17:02:37.671678] INFO: Receive loop #11 received 16384 bytes in 0.028000ms
[2025-01-31 17:02:39.187273] INFO: Receive loop #12 received 7663 bytes in 0.005000ms
[2025-01-31 17:02:41.204570] INFO: Response received in 16112.486000ms
[2025-01-31 17:02:42.552431] INFO: File saved in 0.461000ms
[2025-01-31 17:02:43.982068] INFO: File saved to: /home/vc/kurotaka/objects/temp_139
[2025-01-31 17:02:46.159287] INFO: Execution permission granted to: /home/vc/kurotaka/objects/temp_139
[2025-01-31 17:02:48.280852] INFO: Executing command: /home/vc/kurotaka/objects/temp_139 24 512 1
[2025-01-31 17:04:17.088525] INFO: Command executed in 1m 26608.423000ms
[2025-01-31 17:04:19.464522] INFO: Result saved to: /home/vc/kurotaka/results/result_139
[2025-01-31 17:04:23.456208] INFO: Second connection established in 0.278000ms
[2025-01-31 17:04:26.902603] INFO: Sending result upload request
[2025-01-31 17:04:31.391941] INFO: Second request sent in 0.025000ms
[2025-01-31 17:04:35.201551] INFO: Result uploaded in 0.058000ms
[2025-01-31 17:04:39.994818] INFO: Process completed successfully. Total execution time in 2m 14836.038000ms

