
[2025-01-31 17:03:05.452280] INFO: Process started with ID: 209
[2025-01-31 17:03:07.515244] INFO: First connection established in 0.156000ms
[2025-01-31 17:03:09.319070] INFO: Sending request: GET /http_server/send-object.php?ID=209 HTTP/1.1
Host: 192.168.100.3
Connection: close


[2025-01-31 17:03:11.345177] INFO: First request sent in 0.012000ms
[2025-01-31 17:03:13.640961] INFO: Time from request to first response in 0.032000ms
[2025-01-31 17:03:16.059522] INFO: Received headers - MPI-Rank: 409, Group-ID: 1, Job-ID: 1, Sub-Job-ID: 410, Rank-Count: 512
[2025-01-31 17:03:18.710142] INFO: Receive loop #1 received 16384 bytes in 5422.372000ms
[2025-01-31 17:03:21.403578] INFO: Receive loop #2 received 16384 bytes in 0.081000ms
[2025-01-31 17:03:23.616757] INFO: Receive loop #3 received 16384 bytes in 0.105000ms
[2025-01-31 17:03:25.431252] INFO: Receive loop #4 received 16384 bytes in 0.139000ms
[2025-01-31 17:03:27.783181] INFO: Receive loop #5 received 16384 bytes in 0.035000ms
[2025-01-31 17:03:29.762074] INFO: Receive loop #6 received 16384 bytes in 0.036000ms
[2025-01-31 17:03:31.737717] INFO: Receive loop #7 received 16384 bytes in 0.004000ms
[2025-01-31 17:03:33.905996] INFO: Receive loop #8 received 16384 bytes in 0.285000ms
[2025-01-31 17:03:35.898576] INFO: Receive loop #9 received 16384 bytes in 0.009000ms
[2025-01-31 17:03:37.454736] INFO: Receive loop #10 received 16384 bytes in 0.031000ms
[2025-01-31 17:03:38.891755] INFO: Receive loop #11 received 16384 bytes in 0.005000ms
[2025-01-31 17:03:40.194095] INFO: Receive loop #12 received 7665 bytes in 0.004000ms
[2025-01-31 17:03:41.384544] INFO: Response received in 28364.506000ms
[2025-01-31 17:03:42.624321] INFO: File saved in 0.154000ms
[2025-01-31 17:03:43.592636] INFO: File saved to: /home/vc/kurotaka/objects/temp_209
[2025-01-31 17:03:45.173632] INFO: Execution permission granted to: /home/vc/kurotaka/objects/temp_209
[2025-01-31 17:03:46.123123] INFO: Executing command: /home/vc/kurotaka/objects/temp_209 409 512 1
[2025-01-31 17:04:18.043649] INFO: Command executed in 30457.856000ms
[2025-01-31 17:04:21.186296] INFO: Result saved to: /home/vc/kurotaka/results/result_209
[2025-01-31 17:04:24.962301] INFO: Second connection established in 0.166000ms
[2025-01-31 17:04:29.189036] INFO: Sending result upload request
[2025-01-31 17:04:33.766932] INFO: Second request sent in 0.025000ms
[2025-01-31 17:04:37.399406] INFO: Result uploaded in 0.010000ms
[2025-01-31 17:04:43.242384] INFO: Process completed successfully. Total execution time in 2m 17946.962000ms

