
[2025-01-31 17:02:25.093815] INFO: Process started with ID: 383
[2025-01-31 17:02:25.716598] INFO: First connection established in 0.202000ms
[2025-01-31 17:02:26.702603] INFO: Sending request: GET /http_server/send-object.php?ID=383 HTTP/1.1
Host: 192.168.100.3
Connection: close


[2025-01-31 17:02:27.135615] INFO: First request sent in 0.031000ms
[2025-01-31 17:02:28.197009] INFO: Time from request to first response in 0.035000ms
[2025-01-31 17:02:29.169669] INFO: Received headers - MPI-Rank: 96, Group-ID: 1, Job-ID: 1, Sub-Job-ID: 97, Rank-Count: 512
[2025-01-31 17:02:30.076883] INFO: Receive loop #1 received 16384 bytes in 1952.774000ms
[2025-01-31 17:02:31.188994] INFO: Receive loop #2 received 16384 bytes in 0.064000ms
[2025-01-31 17:02:32.620582] INFO: Receive loop #3 received 16384 bytes in 0.085000ms
[2025-01-31 17:02:33.756026] INFO: Receive loop #4 received 16384 bytes in 0.118000ms
[2025-01-31 17:02:35.475374] INFO: Receive loop #5 received 16384 bytes in 0.031000ms
[2025-01-31 17:02:37.377064] INFO: Receive loop #6 received 16384 bytes in 0.029000ms
[2025-01-31 17:02:39.122906] INFO: Receive loop #7 received 16384 bytes in 0.034000ms
[2025-01-31 17:02:41.116478] INFO: Receive loop #8 received 16384 bytes in 0.321000ms
[2025-01-31 17:02:42.528250] INFO: Receive loop #9 received 16384 bytes in 0.036000ms
[2025-01-31 17:02:43.930159] INFO: Receive loop #10 received 16384 bytes in 0.029000ms
[2025-01-31 17:02:45.991868] INFO: Receive loop #11 received 16384 bytes in 0.031000ms
[2025-01-31 17:02:48.066780] INFO: Receive loop #12 received 7663 bytes in 0.018000ms
[2025-01-31 17:02:50.610798] INFO: Response received in 21821.422000ms
[2025-01-31 17:02:53.057346] INFO: File saved in 0.466000ms
[2025-01-31 17:02:54.678307] INFO: File saved to: /home/vc/kurotaka/objects/temp_383
[2025-01-31 17:02:57.305351] INFO: Execution permission granted to: /home/vc/kurotaka/objects/temp_383
[2025-01-31 17:02:59.455139] INFO: Executing command: /home/vc/kurotaka/objects/temp_383 96 512 1
[2025-01-31 17:04:19.514367] INFO: Command executed in 1m 17705.502000ms
[2025-01-31 17:04:22.794464] INFO: Result saved to: /home/vc/kurotaka/results/result_383
[2025-01-31 17:04:25.249786] INFO: Second connection established in 0.255000ms
[2025-01-31 17:04:29.353254] INFO: Sending result upload request
[2025-01-31 17:04:33.799415] INFO: Second request sent in 0.026000ms
[2025-01-31 17:04:37.445943] INFO: Result uploaded in 0.011000ms
[2025-01-31 17:04:43.467161] INFO: Process completed successfully. Total execution time in 2m 18141.006000ms

