
[2025-01-31 17:02:28.692214] INFO: Process started with ID: 311
[2025-01-31 17:02:29.450753] INFO: First connection established in 0.334000ms
[2025-01-31 17:02:30.651193] INFO: Sending request: GET /http_server/send-object.php?ID=311 HTTP/1.1
Host: 192.168.100.3
Connection: close


[2025-01-31 17:02:31.653577] INFO: First request sent in 0.030000ms
[2025-01-31 17:02:33.055078] INFO: Time from request to first response in 0.036000ms
[2025-01-31 17:02:34.401742] INFO: Received headers - MPI-Rank: 154, Group-ID: 1, Job-ID: 1, Sub-Job-ID: 155, Rank-Count: 512
[2025-01-31 17:02:35.983202] INFO: Receive loop #1 received 16384 bytes in 2825.986000ms
[2025-01-31 17:02:37.974106] INFO: Receive loop #2 received 16384 bytes in 0.061000ms
[2025-01-31 17:02:40.184119] INFO: Receive loop #3 received 16384 bytes in 0.079000ms
[2025-01-31 17:02:41.621347] INFO: Receive loop #4 received 16384 bytes in 0.110000ms
[2025-01-31 17:02:43.061792] INFO: Receive loop #5 received 16384 bytes in 0.028000ms
[2025-01-31 17:02:44.739033] INFO: Receive loop #6 received 16384 bytes in 0.011000ms
[2025-01-31 17:02:46.822372] INFO: Receive loop #7 received 16384 bytes in 0.028000ms
[2025-01-31 17:02:48.846203] INFO: Receive loop #8 received 16384 bytes in 0.254000ms
[2025-01-31 17:02:51.187450] INFO: Receive loop #9 received 16384 bytes in 0.032000ms
[2025-01-31 17:02:53.847592] INFO: Receive loop #10 received 16384 bytes in 0.031000ms
[2025-01-31 17:02:56.009693] INFO: Receive loop #11 received 16384 bytes in 0.029000ms
[2025-01-31 17:02:58.413229] INFO: Receive loop #12 received 7665 bytes in 0.019000ms
[2025-01-31 17:03:00.278387] INFO: Response received in 27284.462000ms
[2025-01-31 17:03:02.542447] INFO: File saved in 0.452000ms
[2025-01-31 17:03:04.805230] INFO: File saved to: /home/vc/kurotaka/objects/temp_311
[2025-01-31 17:03:06.922529] INFO: Execution permission granted to: /home/vc/kurotaka/objects/temp_311
[2025-01-31 17:03:08.556132] INFO: Executing command: /home/vc/kurotaka/objects/temp_311 154 512 1
[2025-01-31 17:04:34.437791] INFO: Command executed in 1m 23031.925000ms
[2025-01-31 17:04:38.296586] INFO: Result saved to: /home/vc/kurotaka/results/result_311
[2025-01-31 17:04:43.257730] INFO: Second connection established in 0.161000ms
[2025-01-31 17:04:46.373346] INFO: Sending result upload request
[2025-01-31 17:04:47.906790] INFO: Second request sent in 0.004000ms
[2025-01-31 17:04:49.111623] INFO: Result uploaded in 0.010000ms
[2025-01-31 17:04:49.505016] INFO: Process completed successfully. Total execution time in 2m 26417.403000ms

