
[2025-01-31 17:02:48.264229] INFO: Process started with ID: 282
[2025-01-31 17:02:50.832845] INFO: First connection established in 0.254000ms
[2025-01-31 17:02:53.841096] INFO: Sending request: GET /http_server/send-object.php?ID=282 HTTP/1.1
Host: 192.168.100.3
Connection: close


[2025-01-31 17:02:56.006797] INFO: First request sent in 0.033000ms
[2025-01-31 17:02:58.410855] INFO: Time from request to first response in 0.033000ms
[2025-01-31 17:03:00.244301] INFO: Received headers - MPI-Rank: 316, Group-ID: 1, Job-ID: 1, Sub-Job-ID: 317, Rank-Count: 512
[2025-01-31 17:03:02.501622] INFO: Receive loop #1 received 16384 bytes in 4184.342000ms
[2025-01-31 17:03:04.759189] INFO: Receive loop #2 received 16384 bytes in 0.074000ms
[2025-01-31 17:03:06.880942] INFO: Receive loop #3 received 16384 bytes in 0.081000ms
[2025-01-31 17:03:08.502533] INFO: Receive loop #4 received 16384 bytes in 0.112000ms
[2025-01-31 17:03:10.282139] INFO: Receive loop #5 received 16384 bytes in 0.030000ms
[2025-01-31 17:03:12.390413] INFO: Receive loop #6 received 16384 bytes in 0.008000ms
[2025-01-31 17:03:14.929265] INFO: Receive loop #7 received 16384 bytes in 0.013000ms
[2025-01-31 17:03:17.743899] INFO: Receive loop #8 received 16384 bytes in 0.325000ms
[2025-01-31 17:03:19.964906] INFO: Receive loop #9 received 16384 bytes in 0.031000ms
[2025-01-31 17:03:22.463430] INFO: Receive loop #10 received 16384 bytes in 0.029000ms
[2025-01-31 17:03:24.598501] INFO: Receive loop #11 received 16384 bytes in 0.029000ms
[2025-01-31 17:03:26.890403] INFO: Receive loop #12 received 7665 bytes in 0.003000ms
[2025-01-31 17:03:29.668770] INFO: Response received in 30191.874000ms
[2025-01-31 17:03:31.689623] INFO: File saved in 0.463000ms
[2025-01-31 17:03:33.310462] INFO: File saved to: /home/vc/kurotaka/objects/temp_282
[2025-01-31 17:03:36.120862] INFO: Execution permission granted to: /home/vc/kurotaka/objects/temp_282
[2025-01-31 17:03:37.362322] INFO: Executing command: /home/vc/kurotaka/objects/temp_282 316 512 1
[2025-01-31 17:04:23.125434] INFO: Command executed in 43643.530000ms
[2025-01-31 17:04:25.571843] INFO: Result saved to: /home/vc/kurotaka/results/result_282
[2025-01-31 17:04:30.243589] INFO: Second connection established in 0.290000ms
[2025-01-31 17:04:34.299116] INFO: Sending result upload request
[2025-01-31 17:04:38.017864] INFO: Second request sent in 0.004000ms
[2025-01-31 17:04:42.855133] INFO: Result uploaded in 0.010000ms
[2025-01-31 17:04:46.276917] INFO: Process completed successfully. Total execution time in 2m 21982.256000ms

