
[2025-01-31 17:02:26.560403] INFO: Process started with ID: 410
[2025-01-31 17:02:27.135693] INFO: First connection established in 0.490000ms
[2025-01-31 17:02:28.080098] INFO: Sending request: GET /http_server/send-object.php?ID=410 HTTP/1.1
Host: 192.168.100.3
Connection: close


[2025-01-31 17:02:29.102242] INFO: First request sent in 0.032000ms
[2025-01-31 17:02:30.017015] INFO: Time from request to first response in 0.031000ms
[2025-01-31 17:02:31.080252] INFO: Received headers - MPI-Rank: 123, Group-ID: 1, Job-ID: 1, Sub-Job-ID: 124, Rank-Count: 512
[2025-01-31 17:02:32.331719] INFO: Receive loop #1 received 16384 bytes in 2182.690000ms
[2025-01-31 17:02:33.616040] INFO: Receive loop #2 received 16384 bytes in 0.062000ms
[2025-01-31 17:02:35.403869] INFO: Receive loop #3 received 16384 bytes in 0.083000ms
[2025-01-31 17:02:37.007325] INFO: Receive loop #4 received 16384 bytes in 0.111000ms
[2025-01-31 17:02:38.787488] INFO: Receive loop #5 received 16384 bytes in 0.084000ms
[2025-01-31 17:02:40.878681] INFO: Receive loop #6 received 16384 bytes in 0.031000ms
[2025-01-31 17:02:42.249979] INFO: Receive loop #7 received 16384 bytes in 0.045000ms
[2025-01-31 17:02:43.608789] INFO: Receive loop #8 received 16384 bytes in 0.264000ms
[2025-01-31 17:02:45.867001] INFO: Receive loop #9 received 16384 bytes in 0.032000ms
[2025-01-31 17:02:47.934449] INFO: Receive loop #10 received 16384 bytes in 0.006000ms
[2025-01-31 17:02:50.310615] INFO: Receive loop #11 received 16384 bytes in 0.029000ms
[2025-01-31 17:02:52.706047] INFO: Receive loop #12 received 7665 bytes in 0.021000ms
[2025-01-31 17:02:54.353953] INFO: Response received in 24226.446000ms
[2025-01-31 17:02:56.713568] INFO: File saved in 0.155000ms
[2025-01-31 17:02:58.915810] INFO: File saved to: /home/vc/kurotaka/objects/temp_410
[2025-01-31 17:03:01.550500] INFO: Execution permission granted to: /home/vc/kurotaka/objects/temp_410
[2025-01-31 17:03:04.209481] INFO: Executing command: /home/vc/kurotaka/objects/temp_410 123 512 1
[2025-01-31 17:04:12.313615] INFO: Command executed in 1m 7000.527000ms
[2025-01-31 17:04:15.405816] INFO: Result saved to: /home/vc/kurotaka/results/result_410
[2025-01-31 17:04:18.409942] INFO: Second connection established in 0.239000ms
[2025-01-31 17:04:23.639114] INFO: Sending result upload request
[2025-01-31 17:04:27.670758] INFO: Second request sent in 0.027000ms
[2025-01-31 17:04:32.384068] INFO: Result uploaded in 0.058000ms
[2025-01-31 17:04:36.309429] INFO: Process completed successfully. Total execution time in 2m 11926.815000ms

