
[2025-01-31 17:03:20.061701] INFO: Process started with ID: 40
[2025-01-31 17:03:23.615828] INFO: First connection established in 0.233000ms
[2025-01-31 17:03:25.582555] INFO: Sending request: GET /http_server/send-object.php?ID=40 HTTP/1.1
Host: 192.168.100.3
Connection: close


[2025-01-31 17:03:27.706317] INFO: First request sent in 0.029000ms
[2025-01-31 17:03:30.336804] INFO: Time from request to first response in 0.037000ms
[2025-01-31 17:03:31.723701] INFO: Received headers - MPI-Rank: 495, Group-ID: 1, Job-ID: 1, Sub-Job-ID: 496, Rank-Count: 512
[2025-01-31 17:03:33.853648] INFO: Receive loop #1 received 16384 bytes in 3938.345000ms
[2025-01-31 17:03:35.820177] INFO: Receive loop #2 received 16384 bytes in 0.065000ms
[2025-01-31 17:03:37.361694] INFO: Receive loop #3 received 16384 bytes in 0.088000ms
[2025-01-31 17:03:38.855739] INFO: Receive loop #4 received 16384 bytes in 0.023000ms
[2025-01-31 17:03:40.193168] INFO: Receive loop #5 received 16384 bytes in 0.035000ms
[2025-01-31 17:03:41.790571] INFO: Receive loop #6 received 16384 bytes in 0.039000ms
[2025-01-31 17:03:42.765781] INFO: Receive loop #7 received 16384 bytes in 0.007000ms
[2025-01-31 17:03:43.730351] INFO: Receive loop #8 received 16384 bytes in 0.069000ms
[2025-01-31 17:03:44.741629] INFO: Receive loop #9 received 16384 bytes in 0.007000ms
[2025-01-31 17:03:45.621776] INFO: Receive loop #10 received 16384 bytes in 0.005000ms
[2025-01-31 17:03:46.880567] INFO: Receive loop #11 received 16384 bytes in 0.005000ms
[2025-01-31 17:03:47.678029] INFO: Receive loop #12 received 7665 bytes in 0.003000ms
[2025-01-31 17:03:48.304125] INFO: Response received in 19513.959000ms
[2025-01-31 17:03:48.892353] INFO: File saved in 0.090000ms
[2025-01-31 17:03:49.457882] INFO: File saved to: /home/vc/kurotaka/objects/temp_40
[2025-01-31 17:03:50.212856] INFO: Execution permission granted to: /home/vc/kurotaka/objects/temp_40
[2025-01-31 17:03:50.686391] INFO: Executing command: /home/vc/kurotaka/objects/temp_40 495 512 1
[2025-01-31 17:04:15.193599] INFO: Command executed in 23035.791000ms
[2025-01-31 17:04:17.429543] INFO: Result saved to: /home/vc/kurotaka/results/result_40
[2025-01-31 17:04:20.523231] INFO: Second connection established in 0.234000ms
[2025-01-31 17:04:24.474916] INFO: Sending result upload request
[2025-01-31 17:04:28.055653] INFO: Second request sent in 0.026000ms
[2025-01-31 17:04:32.240144] INFO: Result uploaded in 0.010000ms
[2025-01-31 17:04:35.756267] INFO: Process completed successfully. Total execution time in 2m 11584.287000ms

