
[2025-01-31 17:02:24.631437] INFO: Process started with ID: 498
[2025-01-31 17:02:25.123780] INFO: First connection established in 0.156000ms
[2025-01-31 17:02:25.762285] INFO: Sending request: GET /http_server/send-object.php?ID=498 HTTP/1.1
Host: 192.168.100.3
Connection: close


[2025-01-31 17:02:26.702863] INFO: First request sent in 0.036000ms
[2025-01-31 17:02:27.197509] INFO: Time from request to first response in 0.034000ms
[2025-01-31 17:02:28.276605] INFO: Received headers - MPI-Rank: 84, Group-ID: 1, Job-ID: 1, Sub-Job-ID: 85, Rank-Count: 512
[2025-01-31 17:02:29.198838] INFO: Receive loop #1 received 16384 bytes in 2025.633000ms
[2025-01-31 17:02:30.190636] INFO: Receive loop #2 received 16384 bytes in 0.067000ms
[2025-01-31 17:02:31.189266] INFO: Receive loop #3 received 16384 bytes in 0.078000ms
[2025-01-31 17:02:32.549588] INFO: Receive loop #4 received 16384 bytes in 0.108000ms
[2025-01-31 17:02:33.807199] INFO: Receive loop #5 received 16384 bytes in 0.028000ms
[2025-01-31 17:02:35.593121] INFO: Receive loop #6 received 16384 bytes in 0.033000ms
[2025-01-31 17:02:37.576839] INFO: Receive loop #7 received 16384 bytes in 0.039000ms
[2025-01-31 17:02:39.187351] INFO: Receive loop #8 received 16384 bytes in 0.295000ms
[2025-01-31 17:02:41.204267] INFO: Receive loop #9 received 16384 bytes in 0.033000ms
[2025-01-31 17:02:42.485597] INFO: Receive loop #10 received 16384 bytes in 0.032000ms
[2025-01-31 17:02:43.910638] INFO: Receive loop #11 received 16384 bytes in 0.029000ms
[2025-01-31 17:02:46.066740] INFO: Receive loop #12 received 7663 bytes in 0.019000ms
[2025-01-31 17:02:48.108434] INFO: Response received in 20707.494000ms
[2025-01-31 17:02:50.624689] INFO: File saved in 0.440000ms
[2025-01-31 17:02:53.057554] INFO: File saved to: /home/vc/kurotaka/objects/temp_498
[2025-01-31 17:02:55.209281] INFO: Execution permission granted to: /home/vc/kurotaka/objects/temp_498
[2025-01-31 17:02:58.331910] INFO: Executing command: /home/vc/kurotaka/objects/temp_498 84 512 1
[2025-01-31 17:04:17.231479] INFO: Command executed in 1m 17178.843000ms
[2025-01-31 17:04:21.408048] INFO: Result saved to: /home/vc/kurotaka/results/result_498
[2025-01-31 17:04:25.571970] INFO: Second connection established in 0.183000ms
[2025-01-31 17:04:30.780337] INFO: Sending result upload request
[2025-01-31 17:04:34.686862] INFO: Second request sent in 0.003000ms
[2025-01-31 17:04:38.486971] INFO: Result uploaded in 0.010000ms
[2025-01-31 17:04:42.446856] INFO: Process completed successfully. Total execution time in 2m 18427.211000ms

