
[2025-01-31 17:03:24.456899] INFO: Process started with ID: 302
[2025-01-31 17:03:26.618110] INFO: First connection established in 0.145000ms
[2025-01-31 17:03:29.023088] INFO: Sending request: GET /http_server/send-object.php?ID=302 HTTP/1.1
Host: 192.168.100.3
Connection: close


[2025-01-31 17:03:31.462550] INFO: First request sent in 0.028000ms
[2025-01-31 17:03:32.564609] INFO: Time from request to first response in 0.034000ms
[2025-01-31 17:03:34.710258] INFO: Received headers - MPI-Rank: 510, Group-ID: 1, Job-ID: 1, Sub-Job-ID: 511, Rank-Count: 512
[2025-01-31 17:03:36.899783] INFO: Receive loop #1 received 16384 bytes in 3786.863000ms
[2025-01-31 17:03:38.011433] INFO: Receive loop #2 received 16384 bytes in 0.012000ms
[2025-01-31 17:03:39.427020] INFO: Receive loop #3 received 16384 bytes in 0.062000ms
[2025-01-31 17:03:40.901263] INFO: Receive loop #4 received 16384 bytes in 0.169000ms
[2025-01-31 17:03:42.570593] INFO: Receive loop #5 received 16384 bytes in 0.034000ms
[2025-01-31 17:03:43.227807] INFO: Receive loop #6 received 16384 bytes in 0.029000ms
[2025-01-31 17:03:44.078492] INFO: Receive loop #7 received 16384 bytes in 0.005000ms
[2025-01-31 17:03:44.845436] INFO: Receive loop #8 received 16384 bytes in 0.243000ms
[2025-01-31 17:03:46.066666] INFO: Receive loop #9 received 16384 bytes in 0.026000ms
[2025-01-31 17:03:47.617750] INFO: Receive loop #10 received 16384 bytes in 0.029000ms
[2025-01-31 17:03:48.303930] INFO: Receive loop #11 received 16384 bytes in 0.005000ms
[2025-01-31 17:03:49.457032] INFO: Receive loop #12 received 7665 bytes in 0.004000ms
[2025-01-31 17:03:50.344159] INFO: Response received in 17941.794000ms
[2025-01-31 17:03:51.112397] INFO: File saved in 0.093000ms
[2025-01-31 17:03:51.585937] INFO: File saved to: /home/vc/kurotaka/objects/temp_302
[2025-01-31 17:03:51.898894] INFO: Execution permission granted to: /home/vc/kurotaka/objects/temp_302
[2025-01-31 17:03:52.202911] INFO: Executing command: /home/vc/kurotaka/objects/temp_302 510 512 1
[2025-01-31 17:04:37.576444] INFO: Command executed in 43915.948000ms
[2025-01-31 17:04:43.513180] INFO: Result saved to: /home/vc/kurotaka/results/result_302
[2025-01-31 17:04:46.554633] INFO: Second connection established in 0.132000ms
[2025-01-31 17:04:48.081328] INFO: Sending result upload request
[2025-01-31 17:04:49.112064] INFO: Second request sent in 0.004000ms
[2025-01-31 17:04:49.505229] INFO: Result uploaded in 0.012000ms
[2025-01-31 17:04:49.663565] INFO: Process completed successfully. Total execution time in 2m 26582.020000ms

