
[2025-01-31 17:02:35.575248] INFO: Process started with ID: 304
[2025-01-31 17:02:37.576794] INFO: First connection established in 0.191000ms
[2025-01-31 17:02:39.187317] INFO: Sending request: GET /http_server/send-object.php?ID=304 HTTP/1.1
Host: 192.168.100.3
Connection: close


[2025-01-31 17:02:41.204278] INFO: First request sent in 0.033000ms
[2025-01-31 17:02:42.552425] INFO: Time from request to first response in 0.027000ms
[2025-01-31 17:02:43.981999] INFO: Received headers - MPI-Rank: 227, Group-ID: 1, Job-ID: 1, Sub-Job-ID: 228, Rank-Count: 512
[2025-01-31 17:02:46.066796] INFO: Receive loop #1 received 16384 bytes in 3552.909000ms
[2025-01-31 17:02:48.167550] INFO: Receive loop #2 received 16384 bytes in 0.061000ms
[2025-01-31 17:02:50.668786] INFO: Receive loop #3 received 16384 bytes in 0.076000ms
[2025-01-31 17:02:53.398968] INFO: Receive loop #4 received 16384 bytes in 0.140000ms
[2025-01-31 17:02:56.006298] INFO: Receive loop #5 received 16384 bytes in 0.028000ms
[2025-01-31 17:02:58.331753] INFO: Receive loop #6 received 16384 bytes in 0.037000ms
[2025-01-31 17:03:00.211013] INFO: Receive loop #7 received 16384 bytes in 0.031000ms
[2025-01-31 17:03:02.451592] INFO: Receive loop #8 received 16384 bytes in 0.248000ms
[2025-01-31 17:03:04.736652] INFO: Receive loop #9 received 16384 bytes in 0.030000ms
[2025-01-31 17:03:06.818529] INFO: Receive loop #10 received 16384 bytes in 0.029000ms
[2025-01-31 17:03:08.450905] INFO: Receive loop #11 received 16384 bytes in 0.028000ms
[2025-01-31 17:03:10.281593] INFO: Receive loop #12 received 7665 bytes in 0.020000ms
[2025-01-31 17:03:12.364334] INFO: Response received in 29749.100000ms
[2025-01-31 17:03:14.928659] INFO: File saved in 0.471000ms
[2025-01-31 17:03:17.734060] INFO: File saved to: /home/vc/kurotaka/objects/temp_304
[2025-01-31 17:03:19.773386] INFO: Execution permission granted to: /home/vc/kurotaka/objects/temp_304
[2025-01-31 17:03:22.287628] INFO: Executing command: /home/vc/kurotaka/objects/temp_304 227 512 1
[2025-01-31 17:04:23.284610] INFO: Command executed in 58433.026000ms
[2025-01-31 17:04:25.741461] INFO: Result saved to: /home/vc/kurotaka/results/result_304
[2025-01-31 17:04:30.336781] INFO: Second connection established in 0.216000ms
[2025-01-31 17:04:34.372062] INFO: Sending result upload request
[2025-01-31 17:04:38.144355] INFO: Second request sent in 0.004000ms
[2025-01-31 17:04:42.984406] INFO: Result uploaded in 0.010000ms
[2025-01-31 17:04:46.317081] INFO: Process completed successfully. Total execution time in 2m 22177.978000ms

