
[2025-01-22 16:35:57.038499] INFO: Process started with ID: 152
[2025-01-22 16:35:57.302846] INFO: First connection established in 0.235000ms
[2025-01-22 16:35:57.700079] INFO: Sending request: GET /http_server/send-object.php?ID=152 HTTP/1.1
Host: 192.168.100.3
Connection: close


[2025-01-22 16:35:58.491267] INFO: First request sent in 0.035000ms
[2025-01-22 16:35:59.232239] INFO: Time from request to first response:0.032000ms
[2025-01-22 16:35:59.952229] INFO: Received headers - MPI-Rank: 30, Group-ID: 1, Job-ID: 1, Sub-Job-ID: 31, Rank-Count: 256
[2025-01-22 16:36:01.333424] INFO: Receive loop #1 received 16384 bytes in 1711.819000ms
[2025-01-22 16:36:02.317162] INFO: Receive loop #2 received 16384 bytes in 0.018000ms
[2025-01-22 16:36:03.535328] INFO: Receive loop #3 received 16384 bytes in 0.073000ms
[2025-01-22 16:36:04.782163] INFO: Receive loop #4 received 16384 bytes in 0.108000ms
[2025-01-22 16:36:06.168430] INFO: Receive loop #5 received 16384 bytes in 0.029000ms
[2025-01-22 16:36:07.768089] INFO: Receive loop #6 received 16384 bytes in 0.033000ms
[2025-01-22 16:36:09.615666] INFO: Receive loop #7 received 16384 bytes in 0.037000ms
[2025-01-22 16:36:11.047148] INFO: Receive loop #8 received 16384 bytes in 0.085000ms
[2025-01-22 16:36:13.283747] INFO: Receive loop #9 received 16384 bytes in 0.037000ms
[2025-01-22 16:36:14.587069] INFO: Receive loop #10 received 16384 bytes in 0.029000ms
[2025-01-22 16:36:15.780235] INFO: Receive loop #11 received 16384 bytes in 0.031000ms
[2025-01-22 16:36:18.139426] INFO: Receive loop #12 received 7663 bytes in 0.028000ms
[2025-01-22 16:36:19.677877] INFO: Response received in 19879.960000ms
[2025-01-22 16:36:22.046139] INFO: File saved in 0.546000ms
[2025-01-22 16:36:24.170432] INFO: File saved to: /home/vc/kurotaka/objects/temp_152
[2025-01-22 16:36:26.328935] INFO: Execution permission granted to: /home/vc/kurotaka/objects/temp_152
[2025-01-22 16:36:28.331607] INFO: Executing command: /home/vc/kurotaka/objects/temp_152 30 256
[2025-01-22 16:36:57.703563] INFO: Command executed in 27498.245000ms
[2025-01-22 16:36:59.562321] INFO: Result saved to: /home/vc/kurotaka/results/result_152
[2025-01-22 16:37:01.520784] INFO: Second connection established in 0.198000ms
[2025-01-22 16:37:04.106339] INFO: Sending result upload request
[2025-01-22 16:37:05.932088] INFO: Second request sent in 0.027000ms
[2025-01-22 16:37:07.785101] INFO: Result uploaded in 0.054000ms
[2025-01-22 16:37:10.124718] INFO: Process completed successfully. Total execution time: 1m 12864.896000ms

