
[2025-01-31 16:00:00] Program started at 2025-01-31 16:00:00.186
[2025-01-31 16:00:00] [getClientID] MySQL connection established. Execution time: 0.558 ms
[2025-01-31 16:00:00] [getClientID] SELECT table_name FROM table_registry WHERE id = :job_id / Execution time: 0.362 ms
[2025-01-31 16:00:00] [getClientID] SELECT client FROM `matrix` WHERE id = :sub_job_id / Execution time: 0.238 ms
[2025-01-31 16:00:00] getClientID completed. Execution time: 1.407 ms
[2025-01-31 16:00:00] Read file completed. Execution time: 0.017 ms
[2025-01-31 16:00:00] File saved successfully: uploads/job_1/group_1/result_7
[2025-01-31 16:00:00] [updateStatus] MySQL connection established. Execution time: 0.216 ms
[2025-01-31 16:00:00] [updateStatus] SELECT table_name FROM table_registry WHERE id = :job_id FOR UPDATE / Execution time: 4.582 ms
[2025-01-31 16:00:00] [updateStatus] UPDATE `matrix` SET status = :status WHERE id = :sub_job_id / Execution time: 0.168 ms
[2025-01-31 16:00:00] [updateStatus] SELECT COUNT_RECORDS FROM `matrix` / Execution time: 0.163 ms
[2025-01-31 16:00:00] [updateStatus] UPDATE table_registry SET status = :status WHERE id = :job_id / Execution time: 0.097 ms
[2025-01-31 16:00:00] updateStatus completed. Execution time: 61.530 ms
[2025-01-31 16:00:00] Write file completed. Execution time: 61.948 ms
[2025-01-31 16:00:00] [getGroupStatus] MySQL connection established. Execution time: 0.078 ms
[2025-01-31 16:00:00] [getGroupStatus] SELECT table_name FROM table_registry WHERE id = :job_id / Execution time: 0.197 ms
[2025-01-31 16:00:00] [getGroupStatus] SELECT status FROM `matrix` WHERE group_id = :group_id / Execution time: 0.196 ms
[2025-01-31 16:00:00] getGroupStatus completed. Execution time: 0.672 ms
[2025-01-31 16:00:00] Group 1 is not completed yet.
[2025-01-31 16:00:00] Program completed. Total execution time: 67.495 ms

