
[2025-01-31 17:30:28] Program started at 2025-01-31 17:30:28.8919
[2025-01-31 17:30:28] [getClientID] MySQL connection established. Execution time: 0.198 ms
[2025-01-31 17:30:28] [getClientID] SELECT table_name FROM table_registry WHERE id = :job_id / Execution time: 0.333 ms
[2025-01-31 17:30:28] [getClientID] SELECT client FROM `matrix` WHERE id = :sub_job_id / Execution time: 0.237 ms
[2025-01-31 17:30:28] getClientID completed. Execution time: 0.978 ms
[2025-01-31 17:30:28] Read file completed. Execution time: 0.013 ms
[2025-01-31 17:30:28] File saved successfully: uploads/job_1/group_1/result_53
[2025-01-31 17:30:28] [updateStatus] MySQL connection established. Execution time: 0.131 ms
[2025-01-31 17:30:28] [updateStatus] SELECT table_name FROM table_registry WHERE id = :job_id FOR UPDATE / Execution time: 0.215 ms
[2025-01-31 17:30:28] [updateStatus] UPDATE `matrix` SET status = :status WHERE id = :sub_job_id / Execution time: 0.242 ms
[2025-01-31 17:30:28] [updateStatus] SELECT COUNT_RECORDS FROM `matrix` / Execution time: 0.428 ms
[2025-01-31 17:30:28] [updateStatus] UPDATE table_registry SET status = :status WHERE id = :job_id / Execution time: 0.182 ms
[2025-01-31 17:30:29] updateStatus completed. Execution time: 113.266 ms
[2025-01-31 17:30:29] Write file completed. Execution time: 113.651 ms
[2025-01-31 17:30:29] [getGroupStatus] MySQL connection established. Execution time: 0.088 ms
[2025-01-31 17:30:29] [getGroupStatus] SELECT table_name FROM table_registry WHERE id = :job_id / Execution time: 0.317 ms
[2025-01-31 17:30:29] [getGroupStatus] SELECT status FROM `matrix` WHERE group_id = :group_id / Execution time: 0.688 ms
[2025-01-31 17:30:29] getGroupStatus completed. Execution time: 1.346 ms
[2025-01-31 17:30:29] Group 1 is not completed yet.
[2025-01-31 17:30:29] Program completed. Total execution time: 118.729 ms

