
[2025-01-31 17:30:28] Program started at 2025-01-31 17:30:28.892
[2025-01-31 17:30:28] [getClientID] MySQL connection established. Execution time: 0.795 ms
[2025-01-31 17:30:28] [getClientID] SELECT table_name FROM table_registry WHERE id = :job_id / Execution time: 0.351 ms
[2025-01-31 17:30:28] [getClientID] SELECT client FROM `matrix` WHERE id = :sub_job_id / Execution time: 0.192 ms
[2025-01-31 17:30:28] getClientID completed. Execution time: 1.464 ms
[2025-01-31 17:30:28] Read file completed. Execution time: 0.007 ms
[2025-01-31 17:30:28] File saved successfully: uploads/job_1/group_1/result_104
[2025-01-31 17:30:28] [updateStatus] MySQL connection established. Execution time: 0.089 ms
[2025-01-31 17:30:28] [updateStatus] SELECT table_name FROM table_registry WHERE id = :job_id FOR UPDATE / Execution time: 2.647 ms
[2025-01-31 17:30:28] [updateStatus] UPDATE `matrix` SET status = :status WHERE id = :sub_job_id / Execution time: 0.297 ms
[2025-01-31 17:30:28] [updateStatus] SELECT COUNT_RECORDS FROM `matrix` / Execution time: 0.323 ms
[2025-01-31 17:30:28] [updateStatus] UPDATE table_registry SET status = :status WHERE id = :job_id / Execution time: 0.119 ms
[2025-01-31 17:30:29] updateStatus completed. Execution time: 112.538 ms
[2025-01-31 17:30:29] Write file completed. Execution time: 112.782 ms
[2025-01-31 17:30:29] [getGroupStatus] MySQL connection established. Execution time: 0.086 ms
[2025-01-31 17:30:29] [getGroupStatus] SELECT table_name FROM table_registry WHERE id = :job_id / Execution time: 0.301 ms
[2025-01-31 17:30:29] [getGroupStatus] SELECT status FROM `matrix` WHERE group_id = :group_id / Execution time: 0.582 ms
[2025-01-31 17:30:29] getGroupStatus completed. Execution time: 1.249 ms
[2025-01-31 17:30:29] Group 1 is not completed yet.
[2025-01-31 17:30:29] Program completed. Total execution time: 118.533 ms

