
[2025-01-31 17:30:30] Program started at 2025-01-31 17:30:30.2235
[2025-01-31 17:30:30] [getClientID] MySQL connection established. Execution time: 0.881 ms
[2025-01-31 17:30:30] [getClientID] SELECT table_name FROM table_registry WHERE id = :job_id / Execution time: 0.388 ms
[2025-01-31 17:30:30] [getClientID] SELECT client FROM `matrix` WHERE id = :sub_job_id / Execution time: 0.216 ms
[2025-01-31 17:30:30] getClientID completed. Execution time: 1.819 ms
[2025-01-31 17:30:30] Read file completed. Execution time: 0.015 ms
[2025-01-31 17:30:30] File saved successfully: uploads/job_1/group_1/result_99
[2025-01-31 17:30:30] [updateStatus] MySQL connection established. Execution time: 0.126 ms
[2025-01-31 17:30:30] [updateStatus] SELECT table_name FROM table_registry WHERE id = :job_id FOR UPDATE / Execution time: 0.218 ms
[2025-01-31 17:30:30] [updateStatus] UPDATE `matrix` SET status = :status WHERE id = :sub_job_id / Execution time: 0.239 ms
[2025-01-31 17:30:30] [updateStatus] SELECT COUNT_RECORDS FROM `matrix` / Execution time: 0.428 ms
[2025-01-31 17:30:30] [updateStatus] UPDATE table_registry SET status = :status WHERE id = :job_id / Execution time: 0.189 ms
[2025-01-31 17:30:30] updateStatus completed. Execution time: 26.933 ms
[2025-01-31 17:30:30] Write file completed. Execution time: 27.294 ms
[2025-01-31 17:30:30] [getGroupStatus] MySQL connection established. Execution time: 0.093 ms
[2025-01-31 17:30:30] [getGroupStatus] SELECT table_name FROM table_registry WHERE id = :job_id / Execution time: 0.188 ms
[2025-01-31 17:30:30] [getGroupStatus] SELECT status FROM `matrix` WHERE group_id = :group_id / Execution time: 0.324 ms
[2025-01-31 17:30:30] getGroupStatus completed. Execution time: 0.775 ms
[2025-01-31 17:30:30] Group 1 is not completed yet.
[2025-01-31 17:30:30] Program completed. Total execution time: 32.872 ms

