
[2025-01-31 17:30:28] Program started at 2025-01-31 17:30:28.1067
[2025-01-31 17:30:28] [getClientID] MySQL connection established. Execution time: 0.164 ms
[2025-01-31 17:30:28] [getClientID] SELECT table_name FROM table_registry WHERE id = :job_id / Execution time: 0.556 ms
[2025-01-31 17:30:28] [getClientID] SELECT client FROM `matrix` WHERE id = :sub_job_id / Execution time: 0.250 ms
[2025-01-31 17:30:28] getClientID completed. Execution time: 1.257 ms
[2025-01-31 17:30:28] Read file completed. Execution time: 0.016 ms
[2025-01-31 17:30:28] File saved successfully: uploads/job_1/group_1/result_17
[2025-01-31 17:30:28] [updateStatus] MySQL connection established. Execution time: 0.137 ms
[2025-01-31 17:30:28] [updateStatus] SELECT table_name FROM table_registry WHERE id = :job_id FOR UPDATE / Execution time: 0.218 ms
[2025-01-31 17:30:28] [updateStatus] UPDATE `matrix` SET status = :status WHERE id = :sub_job_id / Execution time: 0.274 ms
[2025-01-31 17:30:28] [updateStatus] SELECT COUNT_RECORDS FROM `matrix` / Execution time: 0.385 ms
[2025-01-31 17:30:28] [updateStatus] UPDATE table_registry SET status = :status WHERE id = :job_id / Execution time: 0.181 ms
[2025-01-31 17:30:28] updateStatus completed. Execution time: 3.200 ms
[2025-01-31 17:30:28] Write file completed. Execution time: 3.592 ms
[2025-01-31 17:30:28] [getGroupStatus] MySQL connection established. Execution time: 0.065 ms
[2025-01-31 17:30:28] [getGroupStatus] SELECT table_name FROM table_registry WHERE id = :job_id / Execution time: 0.173 ms
[2025-01-31 17:30:28] [getGroupStatus] SELECT status FROM `matrix` WHERE group_id = :group_id / Execution time: 0.341 ms
[2025-01-31 17:30:28] getGroupStatus completed. Execution time: 0.801 ms
[2025-01-31 17:30:28] Group 1 is not completed yet.
[2025-01-31 17:30:28] Program completed. Total execution time: 8.526 ms

