
[2025-01-30 12:28:14.696345] INFO: Process started with ID: 21
[2025-01-30 12:28:15.060338] INFO: First connection established in 0.262000ms
[2025-01-30 12:28:15.547118] INFO: Sending request: GET /http_server/send-object.php?ID=21 HTTP/1.1
Host: 192.168.100.3
Connection: close


[2025-01-30 12:28:16.362122] INFO: First request sent in 0.032000ms
[2025-01-30 12:28:17.066639] INFO: Time from request to first response in 0.034000ms
[2025-01-30 12:28:17.430341] INFO: Received headers - MPI-Rank: 52, Group-ID: 1, Job-ID: 1, Sub-Job-ID: 53, Rank-Count: 64
[2025-01-30 12:28:17.697695] INFO: Receive loop #1 received 16384 bytes in 834.896000ms
[2025-01-30 12:28:18.024616] INFO: Receive loop #2 received 16384 bytes in 0.068000ms
[2025-01-30 12:28:18.394971] INFO: Receive loop #3 received 16384 bytes in 0.097000ms
[2025-01-30 12:28:18.908767] INFO: Receive loop #4 received 16384 bytes in 0.111000ms
[2025-01-30 12:28:19.469648] INFO: Receive loop #5 received 16384 bytes in 0.029000ms
[2025-01-30 12:28:19.968982] INFO: Receive loop #6 received 16384 bytes in 0.029000ms
[2025-01-30 12:28:20.185439] INFO: Receive loop #7 received 16384 bytes in 0.032000ms
[2025-01-30 12:28:20.444068] INFO: Receive loop #8 received 16384 bytes in 0.270000ms
[2025-01-30 12:28:20.722496] INFO: Receive loop #9 received 16384 bytes in 0.030000ms
[2025-01-30 12:28:21.006373] INFO: Receive loop #10 received 16384 bytes in 0.030000ms
[2025-01-30 12:28:21.396989] INFO: Receive loop #11 received 16384 bytes in 0.029000ms
[2025-01-30 12:28:21.852670] INFO: Receive loop #12 received 7662 bytes in 0.025000ms
[2025-01-30 12:28:22.094805] INFO: Response received in 5222.272000ms
[2025-01-30 12:28:22.440137] INFO: File saved in 0.516000ms
[2025-01-30 12:28:22.836954] INFO: File saved to: /home/vc/kurotaka/objects/temp_21
[2025-01-30 12:28:23.540857] INFO: Execution permission granted to: /home/vc/kurotaka/objects/temp_21
[2025-01-30 12:28:24.124035] INFO: Executing command: /home/vc/kurotaka/objects/temp_21 52 64
[2025-01-30 12:28:26.788623] INFO: Command executed in 2308.205000ms
[2025-01-30 12:28:27.402934] INFO: Result saved to: /home/vc/kurotaka/results/result_21
[2025-01-30 12:28:28.223531] INFO: Second connection established in 0.155000ms
[2025-01-30 12:28:28.849566] INFO: Sending result upload request
[2025-01-30 12:28:29.075480] INFO: Second request sent in 0.028000ms
[2025-01-30 12:28:29.379444] INFO: Result uploaded in 0.058000ms
[2025-01-30 12:28:29.792765] INFO: Process completed successfully. Total execution time in 15310.980000ms

