
[2025-01-30 12:28:14.657245] INFO: Process started with ID: 12
[2025-01-30 12:28:14.987222] INFO: First connection established in 0.167000ms
[2025-01-30 12:28:15.336969] INFO: Sending request: GET /http_server/send-object.php?ID=12 HTTP/1.1
Host: 192.168.100.3
Connection: close


[2025-01-30 12:28:15.954999] INFO: First request sent in 0.038000ms
[2025-01-30 12:28:16.536810] INFO: Time from request to first response in 0.029000ms
[2025-01-30 12:28:17.248257] INFO: Received headers - MPI-Rank: 45, Group-ID: 1, Job-ID: 1, Sub-Job-ID: 46, Rank-Count: 64
[2025-01-30 12:28:17.499852] INFO: Receive loop #1 received 16384 bytes in 1068.020000ms
[2025-01-30 12:28:17.772693] INFO: Receive loop #2 received 16384 bytes in 0.068000ms
[2025-01-30 12:28:18.228106] INFO: Receive loop #3 received 16384 bytes in 0.085000ms
[2025-01-30 12:28:18.695774] INFO: Receive loop #4 received 16384 bytes in 0.112000ms
[2025-01-30 12:28:19.236975] INFO: Receive loop #5 received 16384 bytes in 0.010000ms
[2025-01-30 12:28:19.840094] INFO: Receive loop #6 received 16384 bytes in 0.036000ms
[2025-01-30 12:28:20.165057] INFO: Receive loop #7 received 16384 bytes in 0.037000ms
[2025-01-30 12:28:20.410952] INFO: Receive loop #8 received 16384 bytes in 0.253000ms
[2025-01-30 12:28:20.657275] INFO: Receive loop #9 received 16384 bytes in 0.031000ms
[2025-01-30 12:28:20.979653] INFO: Receive loop #10 received 16384 bytes in 0.031000ms
[2025-01-30 12:28:21.348881] INFO: Receive loop #11 received 16384 bytes in 0.031000ms
[2025-01-30 12:28:21.806274] INFO: Receive loop #12 received 7662 bytes in 0.020000ms
[2025-01-30 12:28:22.095057] INFO: Response received in 5630.576000ms
[2025-01-30 12:28:22.440212] INFO: File saved in 0.490000ms
[2025-01-30 12:28:22.837091] INFO: File saved to: /home/vc/kurotaka/objects/temp_12
[2025-01-30 12:28:23.621948] INFO: Execution permission granted to: /home/vc/kurotaka/objects/temp_12
[2025-01-30 12:28:24.217390] INFO: Executing command: /home/vc/kurotaka/objects/temp_12 45 64
[2025-01-30 12:28:26.537639] INFO: Command executed in 2088.014000ms
[2025-01-30 12:28:26.982829] INFO: Result saved to: /home/vc/kurotaka/results/result_12
[2025-01-30 12:28:27.571600] INFO: Second connection established in 0.298000ms
[2025-01-30 12:28:28.265619] INFO: Sending result upload request
[2025-01-30 12:28:28.876106] INFO: Second request sent in 0.031000ms
[2025-01-30 12:28:29.109687] INFO: Result uploaded in 0.063000ms
[2025-01-30 12:28:29.471827] INFO: Process completed successfully. Total execution time in 15022.316000ms

