
[2025-01-31 18:01:10.312474] INFO: Process started with ID: 57
[2025-01-31 18:01:11.350435] INFO: First connection established in 0.247000ms
[2025-01-31 18:01:12.187438] INFO: Sending request: GET /http_server/send-object.php?ID=57 HTTP/1.1
Host: 192.168.100.3
Connection: close


[2025-01-31 18:01:13.174966] INFO: First request sent in 0.035000ms
[2025-01-31 18:01:14.009080] INFO: Time from request to first response in 0.029000ms
[2025-01-31 18:01:14.927055] INFO: Received headers - MPI-Rank: 143, Group-ID: 1, Job-ID: 1, Sub-Job-ID: 144, Rank-Count: 256
[2025-01-31 18:01:16.083397] INFO: Receive loop #1 received 16384 bytes in 1962.369000ms
[2025-01-31 18:01:17.298829] INFO: Receive loop #2 received 16384 bytes in 0.071000ms
[2025-01-31 18:01:18.577862] INFO: Receive loop #3 received 16384 bytes in 0.076000ms
[2025-01-31 18:01:19.978991] INFO: Receive loop #4 received 16384 bytes in 0.027000ms
[2025-01-31 18:01:21.813055] INFO: Receive loop #5 received 16384 bytes in 0.029000ms
[2025-01-31 18:01:23.579444] INFO: Receive loop #6 received 16384 bytes in 0.029000ms
[2025-01-31 18:01:24.740808] INFO: Receive loop #7 received 16384 bytes in 0.009000ms
[2025-01-31 18:01:26.124759] INFO: Receive loop #8 received 16384 bytes in 0.263000ms
[2025-01-31 18:01:27.645842] INFO: Receive loop #9 received 16384 bytes in 0.030000ms
[2025-01-31 18:01:29.536269] INFO: Receive loop #10 received 16384 bytes in 0.030000ms
[2025-01-31 18:01:31.238231] INFO: Receive loop #11 received 16384 bytes in 0.032000ms
[2025-01-31 18:01:32.777026] INFO: Receive loop #12 received 7665 bytes in 0.005000ms
[2025-01-31 18:01:33.997649] INFO: Response received in 19888.693000ms
[2025-01-31 18:01:35.287488] INFO: File saved in 0.472000ms
[2025-01-31 18:01:36.323750] INFO: File saved to: /home/vc/kurotaka/objects/temp_57
[2025-01-31 18:01:37.652750] INFO: Execution permission granted to: /home/vc/kurotaka/objects/temp_57
[2025-01-31 18:01:38.988271] INFO: Executing command: /home/vc/kurotaka/objects/temp_57 143 256 1
[2025-01-31 18:01:50.997888] INFO: Command executed in 10821.250000ms
[2025-01-31 18:01:53.276204] INFO: Result saved to: /home/vc/kurotaka/results/result_57
[2025-01-31 18:01:55.887362] INFO: Second connection established in 0.196000ms
[2025-01-31 18:01:58.095581] INFO: Sending result upload request
[2025-01-31 18:02:00.032068] INFO: Second request sent in 0.025000ms
[2025-01-31 18:02:01.836316] INFO: Result uploaded in 0.054000ms
[2025-01-31 18:02:03.322447] INFO: Process completed successfully. Total execution time in 56910.885000ms

