
[2025-01-31 18:01:06.483419] INFO: Process started with ID: 71
[2025-01-31 18:01:06.796325] INFO: First connection established in 0.224000ms
[2025-01-31 18:01:07.294297] INFO: Sending request: GET /http_server/send-object.php?ID=71 HTTP/1.1
Host: 192.168.100.3
Connection: close


[2025-01-31 18:01:07.711540] INFO: First request sent in 0.031000ms
[2025-01-31 18:01:08.227483] INFO: Time from request to first response in 0.007000ms
[2025-01-31 18:01:09.036248] INFO: Received headers - MPI-Rank: 52, Group-ID: 1, Job-ID: 1, Sub-Job-ID: 53, Rank-Count: 256
[2025-01-31 18:01:09.827461] INFO: Receive loop #1 received 16384 bytes in 1590.847000ms
[2025-01-31 18:01:10.539720] INFO: Receive loop #2 received 16384 bytes in 0.102000ms
[2025-01-31 18:01:11.640683] INFO: Receive loop #3 received 16384 bytes in 0.098000ms
[2025-01-31 18:01:12.438237] INFO: Receive loop #4 received 16384 bytes in 0.112000ms
[2025-01-31 18:01:13.418429] INFO: Receive loop #5 received 16384 bytes in 0.032000ms
[2025-01-31 18:01:14.355905] INFO: Receive loop #6 received 16384 bytes in 0.027000ms
[2025-01-31 18:01:15.285093] INFO: Receive loop #7 received 16384 bytes in 0.037000ms
[2025-01-31 18:01:16.793293] INFO: Receive loop #8 received 16384 bytes in 0.252000ms
[2025-01-31 18:01:17.887756] INFO: Receive loop #9 received 16384 bytes in 0.029000ms
[2025-01-31 18:01:19.157578] INFO: Receive loop #10 received 16384 bytes in 0.035000ms
[2025-01-31 18:01:21.274489] INFO: Receive loop #11 received 16384 bytes in 0.030000ms
[2025-01-31 18:01:22.735837] INFO: Receive loop #12 received 7663 bytes in 0.024000ms
[2025-01-31 18:01:24.265103] INFO: Response received in 15909.617000ms
[2025-01-31 18:01:25.682146] INFO: File saved in 0.489000ms
[2025-01-31 18:01:27.039952] INFO: File saved to: /home/vc/kurotaka/objects/temp_71
[2025-01-31 18:01:27.964846] INFO: Execution permission granted to: /home/vc/kurotaka/objects/temp_71
[2025-01-31 18:01:29.818971] INFO: Executing command: /home/vc/kurotaka/objects/temp_71 52 256 1
[2025-01-31 18:01:51.359959] INFO: Command executed in 19986.566000ms
[2025-01-31 18:01:53.599836] INFO: Result saved to: /home/vc/kurotaka/results/result_71
[2025-01-31 18:01:56.415416] INFO: Second connection established in 0.222000ms
[2025-01-31 18:01:58.956673] INFO: Sending result upload request
[2025-01-31 18:02:00.376403] INFO: Second request sent in 0.023000ms
[2025-01-31 18:02:02.339624] INFO: Result uploaded in 0.055000ms
[2025-01-31 18:02:03.725448] INFO: Process completed successfully. Total execution time in 57240.085000ms

