
[2025-01-31 18:01:06.020422] INFO: Process started with ID: 218
[2025-01-31 18:01:06.211797] INFO: First connection established in 0.168000ms
[2025-01-31 18:01:06.355681] INFO: Sending request: GET /http_server/send-object.php?ID=218 HTTP/1.1
Host: 192.168.100.3
Connection: close


[2025-01-31 18:01:06.648176] INFO: First request sent in 0.033000ms
[2025-01-31 18:01:07.027531] INFO: Time from request to first response in 0.030000ms
[2025-01-31 18:01:07.511463] INFO: Received headers - MPI-Rank: 10, Group-ID: 1, Job-ID: 1, Sub-Job-ID: 11, Rank-Count: 256
[2025-01-31 18:01:07.926021] INFO: Receive loop #1 received 16384 bytes in 880.299000ms
[2025-01-31 18:01:08.500437] INFO: Receive loop #2 received 16384 bytes in 0.060000ms
[2025-01-31 18:01:09.375612] INFO: Receive loop #3 received 16384 bytes in 0.102000ms
[2025-01-31 18:01:10.067509] INFO: Receive loop #4 received 16384 bytes in 0.115000ms
[2025-01-31 18:01:11.006089] INFO: Receive loop #5 received 16384 bytes in 0.026000ms
[2025-01-31 18:01:11.923727] INFO: Receive loop #6 received 16384 bytes in 0.030000ms
[2025-01-31 18:01:12.995681] INFO: Receive loop #7 received 16384 bytes in 0.029000ms
[2025-01-31 18:01:13.838883] INFO: Receive loop #8 received 16384 bytes in 0.246000ms
[2025-01-31 18:01:14.859392] INFO: Receive loop #9 received 16384 bytes in 0.030000ms
[2025-01-31 18:01:15.995034] INFO: Receive loop #10 received 16384 bytes in 0.029000ms
[2025-01-31 18:01:17.264037] INFO: Receive loop #11 received 16384 bytes in 0.031000ms
[2025-01-31 18:01:18.577881] INFO: Receive loop #12 received 7663 bytes in 0.018000ms
[2025-01-31 18:01:19.978942] INFO: Response received in 12418.379000ms
[2025-01-31 18:01:21.812887] INFO: File saved in 0.466000ms
[2025-01-31 18:01:23.518994] INFO: File saved to: /home/vc/kurotaka/objects/temp_218
[2025-01-31 18:01:24.640589] INFO: Execution permission granted to: /home/vc/kurotaka/objects/temp_218
[2025-01-31 18:01:26.043371] INFO: Executing command: /home/vc/kurotaka/objects/temp_218 10 256 1
[2025-01-31 18:01:54.370644] INFO: Command executed in 26808.057000ms
[2025-01-31 18:01:56.924458] INFO: Result saved to: /home/vc/kurotaka/results/result_218
[2025-01-31 18:01:59.455280] INFO: Second connection established in 0.255000ms
[2025-01-31 18:02:00.837689] INFO: Sending result upload request
[2025-01-31 18:02:02.662661] INFO: Second request sent in 0.028000ms
[2025-01-31 18:02:04.409182] INFO: Result uploaded in 0.052000ms
[2025-01-31 18:02:06.262397] INFO: Process completed successfully. Total execution time in 59309.013000ms

