
[2025-01-31 18:01:11.785814] INFO: Process started with ID: 212
[2025-01-31 18:01:12.787525] INFO: First connection established in 0.244000ms
[2025-01-31 18:01:13.664699] INFO: Sending request: GET /http_server/send-object.php?ID=212 HTTP/1.1
Host: 192.168.100.3
Connection: close


[2025-01-31 18:01:14.679843] INFO: First request sent in 0.037000ms
[2025-01-31 18:01:15.645478] INFO: Time from request to first response in 0.030000ms
[2025-01-31 18:01:17.025357] INFO: Received headers - MPI-Rank: 165, Group-ID: 1, Job-ID: 1, Sub-Job-ID: 166, Rank-Count: 256
[2025-01-31 18:01:18.272211] INFO: Receive loop #1 received 16384 bytes in 2627.367000ms
[2025-01-31 18:01:19.496088] INFO: Receive loop #2 received 16384 bytes in 0.072000ms
[2025-01-31 18:01:21.424933] INFO: Receive loop #3 received 16384 bytes in 0.088000ms
[2025-01-31 18:01:22.981987] INFO: Receive loop #4 received 16384 bytes in 0.145000ms
[2025-01-31 18:01:24.385997] INFO: Receive loop #5 received 16384 bytes in 0.039000ms
[2025-01-31 18:01:25.755533] INFO: Receive loop #6 received 16384 bytes in 0.030000ms
[2025-01-31 18:01:27.106549] INFO: Receive loop #7 received 16384 bytes in 0.029000ms
[2025-01-31 18:01:28.379091] INFO: Receive loop #8 received 16384 bytes in 0.061000ms
[2025-01-31 18:01:29.782628] INFO: Receive loop #9 received 16384 bytes in 0.037000ms
[2025-01-31 18:01:31.717678] INFO: Receive loop #10 received 16384 bytes in 0.006000ms
[2025-01-31 18:01:33.256132] INFO: Receive loop #11 received 16384 bytes in 0.004000ms
[2025-01-31 18:01:34.766380] INFO: Receive loop #12 received 7665 bytes in 0.020000ms
[2025-01-31 18:01:35.702218] INFO: Response received in 19967.551000ms
[2025-01-31 18:01:36.728960] INFO: File saved in 0.359000ms
[2025-01-31 18:01:37.525187] INFO: File saved to: /home/vc/kurotaka/objects/temp_212
[2025-01-31 18:01:39.187221] INFO: Execution permission granted to: /home/vc/kurotaka/objects/temp_212
[2025-01-31 18:01:40.014546] INFO: Executing command: /home/vc/kurotaka/objects/temp_212 165 256 1
[2025-01-31 18:01:56.354450] INFO: Command executed in 14592.477000ms
[2025-01-31 18:01:58.608952] INFO: Result saved to: /home/vc/kurotaka/results/result_212
[2025-01-31 18:02:00.244174] INFO: Second connection established in 0.174000ms
[2025-01-31 18:02:02.130457] INFO: Sending result upload request
[2025-01-31 18:02:03.482910] INFO: Second request sent in 0.027000ms
[2025-01-31 18:02:05.081677] INFO: Result uploaded in 0.055000ms
[2025-01-31 18:02:07.465908] INFO: Process completed successfully. Total execution time in 1m 1049.504000ms

