
[2025-01-31 18:01:12.305320] INFO: Process started with ID: 69
[2025-01-31 18:01:13.345107] INFO: First connection established in 0.396000ms
[2025-01-31 18:01:14.250429] INFO: Sending request: GET /http_server/send-object.php?ID=69 HTTP/1.1
Host: 192.168.100.3
Connection: close


[2025-01-31 18:01:15.182485] INFO: First request sent in 0.042000ms
[2025-01-31 18:01:16.611119] INFO: Time from request to first response in 0.029000ms
[2025-01-31 18:01:17.762860] INFO: Received headers - MPI-Rank: 172, Group-ID: 1, Job-ID: 1, Sub-Job-ID: 173, Rank-Count: 256
[2025-01-31 18:01:18.943484] INFO: Receive loop #1 received 16384 bytes in 2546.281000ms
[2025-01-31 18:01:21.018782] INFO: Receive loop #2 received 16384 bytes in 0.070000ms
[2025-01-31 18:01:22.379039] INFO: Receive loop #3 received 16384 bytes in 0.086000ms
[2025-01-31 18:01:24.166834] INFO: Receive loop #4 received 16384 bytes in 0.107000ms
[2025-01-31 18:01:25.486899] INFO: Receive loop #5 received 16384 bytes in 0.036000ms
[2025-01-31 18:01:26.734588] INFO: Receive loop #6 received 16384 bytes in 0.040000ms
[2025-01-31 18:01:27.909455] INFO: Receive loop #7 received 16384 bytes in 0.033000ms
[2025-01-31 18:01:29.755639] INFO: Receive loop #8 received 16384 bytes in 0.153000ms
[2025-01-31 18:01:31.681397] INFO: Receive loop #9 received 16384 bytes in 0.030000ms
[2025-01-31 18:01:33.078688] INFO: Receive loop #10 received 16384 bytes in 0.036000ms
[2025-01-31 18:01:34.831842] INFO: Receive loop #11 received 16384 bytes in 0.013000ms
[2025-01-31 18:01:35.603887] INFO: Receive loop #12 received 7665 bytes in 0.003000ms
[2025-01-31 18:01:36.578930] INFO: Response received in 20127.127000ms
[2025-01-31 18:01:37.526333] INFO: File saved in 0.474000ms
[2025-01-31 18:01:38.950105] INFO: File saved to: /home/vc/kurotaka/objects/temp_69
[2025-01-31 18:01:40.696416] INFO: Execution permission granted to: /home/vc/kurotaka/objects/temp_69
[2025-01-31 18:01:41.350920] INFO: Executing command: /home/vc/kurotaka/objects/temp_69 172 256 1
[2025-01-31 18:01:51.398277] INFO: Command executed in 9137.212000ms
[2025-01-31 18:01:53.636215] INFO: Result saved to: /home/vc/kurotaka/results/result_69
[2025-01-31 18:01:56.451852] INFO: Second connection established in 0.228000ms
[2025-01-31 18:01:58.956933] INFO: Sending result upload request
[2025-01-31 18:02:00.396854] INFO: Second request sent in 0.026000ms
[2025-01-31 18:02:02.357740] INFO: Result uploaded in 0.055000ms
[2025-01-31 18:02:03.801440] INFO: Process completed successfully. Total execution time in 57281.947000ms

