
[2025-01-22 16:40:11] Program started
[2025-01-22 16:40:11] [getClientID] MySQL connection established. Execution time: 0.336 ms
[2025-01-22 16:40:11] [getClientID] SELECT table_name FROM table_registry WHERE id = :job_id / Execution time: 0.439 ms
[2025-01-22 16:40:11] [getClientID] SELECT client FROM `matrix` WHERE id = :sub_job_id / Execution time: 0.200 ms
[2025-01-22 16:40:11] getClientID completed. Execution time: 1.106 ms
[2025-01-22 16:40:11] Read file completed. Execution time: 0.008 ms
[2025-01-22 16:40:11] File saved successfully: uploads/job_1/group_1/result_84
[2025-01-22 16:40:11] [updateStatus] MySQL connection established. Execution time: 0.097 ms
[2025-01-22 16:40:11] [updateStatus] SELECT table_name FROM table_registry WHERE id = :job_id FOR UPDATE / Execution time: 1.513 ms
[2025-01-22 16:40:11] [updateStatus] UPDATE `matrix` SET status = :status WHERE id = :sub_job_id / Execution time: 0.286 ms
[2025-01-22 16:40:11] [updateStatus] SELECT COUNT_RECORDS FROM `matrix` / Execution time: 0.887 ms
[2025-01-22 16:40:11] [updateStatus] UPDATE table_registry SET status = :status WHERE id = :job_id / Execution time: 0.162 ms
[2025-01-22 16:40:11] updateStatus completed. Execution time: 30.775 ms
[2025-01-22 16:40:11] Write file completed. Execution time: 31.049 ms
[2025-01-22 16:40:11] [getGroupStatus] MySQL connection established. Execution time: 0.074 ms
[2025-01-22 16:40:11] [getGroupStatus] SELECT table_name FROM table_registry WHERE id = :job_id / Execution time: 0.268 ms
[2025-01-22 16:40:11] [getGroupStatus] SELECT status FROM `matrix` WHERE group_id = :group_id / Execution time: 1.359 ms
[2025-01-22 16:40:11] getGroupStatus completed. Execution time: 1.884 ms
[2025-01-22 16:40:11] Group 1 is not completed yet.
[2025-01-22 16:40:11] Program completed. Total execution time: 36.771 ms

