
[2025-01-22 16:40:08] Program started
[2025-01-22 16:40:08] [getClientID] MySQL connection established. Execution time: 0.525 ms
[2025-01-22 16:40:08] [getClientID] SELECT table_name FROM table_registry WHERE id = :job_id / Execution time: 0.529 ms
[2025-01-22 16:40:08] [getClientID] SELECT client FROM `matrix` WHERE id = :sub_job_id / Execution time: 0.220 ms
[2025-01-22 16:40:08] getClientID completed. Execution time: 1.576 ms
[2025-01-22 16:40:08] Read file completed. Execution time: 0.015 ms
[2025-01-22 16:40:08] File saved successfully: uploads/job_1/group_1/result_173
[2025-01-22 16:40:08] [updateStatus] MySQL connection established. Execution time: 0.165 ms
[2025-01-22 16:40:08] [updateStatus] SELECT table_name FROM table_registry WHERE id = :job_id FOR UPDATE / Execution time: 0.187 ms
[2025-01-22 16:40:08] [updateStatus] UPDATE `matrix` SET status = :status WHERE id = :sub_job_id / Execution time: 0.159 ms
[2025-01-22 16:40:08] [updateStatus] SELECT COUNT_RECORDS FROM `matrix` / Execution time: 0.457 ms
[2025-01-22 16:40:08] [updateStatus] UPDATE table_registry SET status = :status WHERE id = :job_id / Execution time: 0.123 ms
[2025-01-22 16:40:08] updateStatus completed. Execution time: 3.244 ms
[2025-01-22 16:40:08] Write file completed. Execution time: 3.638 ms
[2025-01-22 16:40:08] [getGroupStatus] MySQL connection established. Execution time: 0.066 ms
[2025-01-22 16:40:08] [getGroupStatus] SELECT table_name FROM table_registry WHERE id = :job_id / Execution time: 0.199 ms
[2025-01-22 16:40:08] [getGroupStatus] SELECT status FROM `matrix` WHERE group_id = :group_id / Execution time: 0.848 ms
[2025-01-22 16:40:08] getGroupStatus completed. Execution time: 1.252 ms
[2025-01-22 16:40:08] Group 1 is not completed yet.
[2025-01-22 16:40:08] Program completed. Total execution time: 9.397 ms

