
[2025-01-22 16:40:19] Program started
[2025-01-22 16:40:19] [getClientID] MySQL connection established. Execution time: 0.354 ms
[2025-01-22 16:40:19] [getClientID] SELECT table_name FROM table_registry WHERE id = :job_id / Execution time: 0.396 ms
[2025-01-22 16:40:19] [getClientID] SELECT client FROM `matrix` WHERE id = :sub_job_id / Execution time: 0.248 ms
[2025-01-22 16:40:19] getClientID completed. Execution time: 1.279 ms
[2025-01-22 16:40:19] Read file completed. Execution time: 0.015 ms
[2025-01-22 16:40:19] File saved successfully: uploads/job_1/group_1/result_296
[2025-01-22 16:40:19] [updateStatus] MySQL connection established. Execution time: 0.124 ms
[2025-01-22 16:40:19] [updateStatus] SELECT table_name FROM table_registry WHERE id = :job_id FOR UPDATE / Execution time: 2.153 ms
[2025-01-22 16:40:19] [updateStatus] UPDATE `matrix` SET status = :status WHERE id = :sub_job_id / Execution time: 0.307 ms
[2025-01-22 16:40:19] [updateStatus] SELECT COUNT_RECORDS FROM `matrix` / Execution time: 1.010 ms
[2025-01-22 16:40:19] [updateStatus] UPDATE table_registry SET status = :status WHERE id = :job_id / Execution time: 0.209 ms
[2025-01-22 16:40:19] updateStatus completed. Execution time: 559.314 ms
[2025-01-22 16:40:19] Write file completed. Execution time: 559.699 ms
[2025-01-22 16:40:19] [getGroupStatus] MySQL connection established. Execution time: 0.099 ms
[2025-01-22 16:40:19] [getGroupStatus] SELECT table_name FROM table_registry WHERE id = :job_id / Execution time: 0.321 ms
[2025-01-22 16:40:19] [getGroupStatus] SELECT status FROM `matrix` WHERE group_id = :group_id / Execution time: 1.604 ms
[2025-01-22 16:40:19] getGroupStatus completed. Execution time: 2.215 ms
[2025-01-22 16:40:19] Group 1 is not completed yet.
[2025-01-22 16:40:19] Program completed. Total execution time: 566.003 ms

