
[2025-01-22 16:40:25] Program started
[2025-01-22 16:40:25] [getClientID] MySQL connection established. Execution time: 0.726 ms
[2025-01-22 16:40:25] [getClientID] SELECT table_name FROM table_registry WHERE id = :job_id / Execution time: 0.674 ms
[2025-01-22 16:40:25] [getClientID] SELECT client FROM `matrix` WHERE id = :sub_job_id / Execution time: 0.347 ms
[2025-01-22 16:40:25] getClientID completed. Execution time: 2.109 ms
[2025-01-22 16:40:25] Read file completed. Execution time: 0.032 ms
[2025-01-22 16:40:25] File saved successfully: uploads/job_1/group_1/result_37
[2025-01-22 16:40:25] [updateStatus] MySQL connection established. Execution time: 0.163 ms
[2025-01-22 16:40:25] [updateStatus] SELECT table_name FROM table_registry WHERE id = :job_id FOR UPDATE / Execution time: 0.307 ms
[2025-01-22 16:40:25] [updateStatus] UPDATE `matrix` SET status = :status WHERE id = :sub_job_id / Execution time: 0.286 ms
[2025-01-22 16:40:25] [updateStatus] SELECT COUNT_RECORDS FROM `matrix` / Execution time: 0.957 ms
[2025-01-22 16:40:25] [updateStatus] UPDATE table_registry SET status = :status WHERE id = :job_id / Execution time: 0.199 ms
[2025-01-22 16:40:25] updateStatus completed. Execution time: 4.383 ms
[2025-01-22 16:40:25] Write file completed. Execution time: 4.784 ms
[2025-01-22 16:40:25] [getGroupStatus] MySQL connection established. Execution time: 0.049 ms
[2025-01-22 16:40:25] [getGroupStatus] SELECT table_name FROM table_registry WHERE id = :job_id / Execution time: 0.431 ms
[2025-01-22 16:40:25] [getGroupStatus] SELECT status FROM `matrix` WHERE group_id = :group_id / Execution time: 1.026 ms
[2025-01-22 16:40:25] getGroupStatus completed. Execution time: 2.552 ms
[2025-01-22 16:40:25] Group 1 is not completed yet.
[2025-01-22 16:40:25] Program completed. Total execution time: 12.479 ms

