
[2025-01-22 16:40:07] Program started
[2025-01-22 16:40:07] [getClientID] MySQL connection established. Execution time: 0.342 ms
[2025-01-22 16:40:07] [getClientID] SELECT table_name FROM table_registry WHERE id = :job_id / Execution time: 0.452 ms
[2025-01-22 16:40:07] [getClientID] SELECT client FROM `matrix` WHERE id = :sub_job_id / Execution time: 0.229 ms
[2025-01-22 16:40:07] getClientID completed. Execution time: 1.215 ms
[2025-01-22 16:40:07] Read file completed. Execution time: 0.013 ms
[2025-01-22 16:40:07] File saved successfully: uploads/job_1/group_1/result_392
[2025-01-22 16:40:07] [updateStatus] MySQL connection established. Execution time: 0.118 ms
[2025-01-22 16:40:07] [updateStatus] SELECT table_name FROM table_registry WHERE id = :job_id FOR UPDATE / Execution time: 2.261 ms
[2025-01-22 16:40:07] [updateStatus] UPDATE `matrix` SET status = :status WHERE id = :sub_job_id / Execution time: 0.324 ms
[2025-01-22 16:40:07] [updateStatus] SELECT COUNT_RECORDS FROM `matrix` / Execution time: 1.020 ms
[2025-01-22 16:40:07] [updateStatus] UPDATE table_registry SET status = :status WHERE id = :job_id / Execution time: 0.195 ms
[2025-01-22 16:40:07] updateStatus completed. Execution time: 344.758 ms
[2025-01-22 16:40:07] Write file completed. Execution time: 345.383 ms
[2025-01-22 16:40:07] [getGroupStatus] MySQL connection established. Execution time: 0.148 ms
[2025-01-22 16:40:07] [getGroupStatus] SELECT table_name FROM table_registry WHERE id = :job_id / Execution time: 0.323 ms
[2025-01-22 16:40:07] [getGroupStatus] SELECT status FROM `matrix` WHERE group_id = :group_id / Execution time: 1.636 ms
[2025-01-22 16:40:07] getGroupStatus completed. Execution time: 2.356 ms
[2025-01-22 16:40:07] Group 1 is not completed yet.
[2025-01-22 16:40:07] Program completed. Total execution time: 351.812 ms

