
[2025-01-31 16:17:33] Program started at 2025-01-31 16:17:33.8048
[2025-01-31 16:17:33] [getClientID] MySQL connection established. Execution time: 0.752 ms
[2025-01-31 16:17:33] [getClientID] SELECT table_name FROM table_registry WHERE id = :job_id / Execution time: 0.394 ms
[2025-01-31 16:17:33] [getClientID] SELECT client FROM `matrix` WHERE id = :sub_job_id / Execution time: 0.235 ms
[2025-01-31 16:17:33] getClientID completed. Execution time: 1.651 ms
[2025-01-31 16:17:33] Read file completed. Execution time: 0.015 ms
[2025-01-31 16:17:33] File saved successfully: uploads/job_1/group_1/result_230
[2025-01-31 16:17:33] [updateStatus] MySQL connection established. Execution time: 0.130 ms
[2025-01-31 16:17:33] [updateStatus] SELECT table_name FROM table_registry WHERE id = :job_id FOR UPDATE / Execution time: 1.712 ms
[2025-01-31 16:17:33] [updateStatus] UPDATE `matrix` SET status = :status WHERE id = :sub_job_id / Execution time: 0.351 ms
[2025-01-31 16:17:33] [updateStatus] SELECT COUNT_RECORDS FROM `matrix` / Execution time: 0.701 ms
[2025-01-31 16:17:33] [updateStatus] UPDATE table_registry SET status = :status WHERE id = :job_id / Execution time: 0.214 ms
[2025-01-31 16:17:34] updateStatus completed. Execution time: 191.579 ms
[2025-01-31 16:17:34] Write file completed. Execution time: 195.419 ms
[2025-01-31 16:17:34] [getGroupStatus] MySQL connection established. Execution time: 0.138 ms
[2025-01-31 16:17:34] [getGroupStatus] SELECT table_name FROM table_registry WHERE id = :job_id / Execution time: 0.236 ms
[2025-01-31 16:17:34] [getGroupStatus] SELECT status FROM `matrix` WHERE group_id = :group_id / Execution time: 0.682 ms
[2025-01-31 16:17:34] getGroupStatus completed. Execution time: 1.275 ms
[2025-01-31 16:17:34] Group 1 is not completed yet.
[2025-01-31 16:17:34] Program completed. Total execution time: 201.434 ms

