
[2025-01-31 16:17:35] Program started at 2025-01-31 16:17:35.8597
[2025-01-31 16:17:35] [getClientID] MySQL connection established. Execution time: 0.403 ms
[2025-01-31 16:17:35] [getClientID] SELECT table_name FROM table_registry WHERE id = :job_id / Execution time: 0.278 ms
[2025-01-31 16:17:35] [getClientID] SELECT client FROM `matrix` WHERE id = :sub_job_id / Execution time: 0.177 ms
[2025-01-31 16:17:35] getClientID completed. Execution time: 1.016 ms
[2025-01-31 16:17:35] Read file completed. Execution time: 0.010 ms
[2025-01-31 16:17:35] File saved successfully: uploads/job_1/group_1/result_249
[2025-01-31 16:17:35] [updateStatus] MySQL connection established. Execution time: 0.125 ms
[2025-01-31 16:17:35] [updateStatus] SELECT table_name FROM table_registry WHERE id = :job_id FOR UPDATE / Execution time: 1.576 ms
[2025-01-31 16:17:35] [updateStatus] UPDATE `matrix` SET status = :status WHERE id = :sub_job_id / Execution time: 0.240 ms
[2025-01-31 16:17:35] [updateStatus] SELECT COUNT_RECORDS FROM `matrix` / Execution time: 0.474 ms
[2025-01-31 16:17:35] [updateStatus] UPDATE table_registry SET status = :status WHERE id = :job_id / Execution time: 0.134 ms
[2025-01-31 16:17:35] updateStatus completed. Execution time: 76.212 ms
[2025-01-31 16:17:35] Write file completed. Execution time: 76.522 ms
[2025-01-31 16:17:35] [getGroupStatus] MySQL connection established. Execution time: 0.062 ms
[2025-01-31 16:17:35] [getGroupStatus] SELECT table_name FROM table_registry WHERE id = :job_id / Execution time: 0.289 ms
[2025-01-31 16:17:35] [getGroupStatus] SELECT status FROM `matrix` WHERE group_id = :group_id / Execution time: 0.693 ms
[2025-01-31 16:17:35] getGroupStatus completed. Execution time: 1.138 ms
[2025-01-31 16:17:35] Group 1 is not completed yet.
[2025-01-31 16:17:35] Program completed. Total execution time: 80.835 ms

