
[2025-01-31 16:17:35] Program started at 2025-01-31 16:17:35.7563
[2025-01-31 16:17:35] [getClientID] MySQL connection established. Execution time: 0.649 ms
[2025-01-31 16:17:35] [getClientID] SELECT table_name FROM table_registry WHERE id = :job_id / Execution time: 0.306 ms
[2025-01-31 16:17:35] [getClientID] SELECT client FROM `matrix` WHERE id = :sub_job_id / Execution time: 0.153 ms
[2025-01-31 16:17:35] getClientID completed. Execution time: 1.386 ms
[2025-01-31 16:17:35] Read file completed. Execution time: 0.015 ms
[2025-01-31 16:17:35] File saved successfully: uploads/job_1/group_1/result_43
[2025-01-31 16:17:35] [updateStatus] MySQL connection established. Execution time: 0.185 ms
[2025-01-31 16:17:35] [updateStatus] SELECT table_name FROM table_registry WHERE id = :job_id FOR UPDATE / Execution time: 6.412 ms
[2025-01-31 16:17:35] [updateStatus] UPDATE `matrix` SET status = :status WHERE id = :sub_job_id / Execution time: 0.236 ms
[2025-01-31 16:17:35] [updateStatus] SELECT COUNT_RECORDS FROM `matrix` / Execution time: 0.342 ms
[2025-01-31 16:17:35] [updateStatus] UPDATE table_registry SET status = :status WHERE id = :job_id / Execution time: 0.148 ms
[2025-01-31 16:17:35] updateStatus completed. Execution time: 84.177 ms
[2025-01-31 16:17:35] Write file completed. Execution time: 84.552 ms
[2025-01-31 16:17:35] [getGroupStatus] MySQL connection established. Execution time: 0.118 ms
[2025-01-31 16:17:35] [getGroupStatus] SELECT table_name FROM table_registry WHERE id = :job_id / Execution time: 0.221 ms
[2025-01-31 16:17:35] [getGroupStatus] SELECT status FROM `matrix` WHERE group_id = :group_id / Execution time: 0.711 ms
[2025-01-31 16:17:35] getGroupStatus completed. Execution time: 1.238 ms
[2025-01-31 16:17:35] Group 1 is not completed yet.
[2025-01-31 16:17:35] Program completed. Total execution time: 90.481 ms

