
[2025-01-31 15:55:24] Program started at 2025-01-31 15:55:24.6509
[2025-01-31 15:55:24] [getClientID] MySQL connection established. Execution time: 0.215 ms
[2025-01-31 15:55:24] [getClientID] SELECT table_name FROM table_registry WHERE id = :job_id / Execution time: 0.369 ms
[2025-01-31 15:55:24] [getClientID] SELECT client FROM `matrix` WHERE id = :sub_job_id / Execution time: 113.650 ms
[2025-01-31 15:55:24] getClientID completed. Execution time: 114.481 ms
[2025-01-31 15:55:24] Read file completed. Execution time: 0.009 ms
[2025-01-31 15:55:24] File saved successfully: uploads/job_1/group_1/result_113
[2025-01-31 15:55:24] [updateStatus] MySQL connection established. Execution time: 0.208 ms
[2025-01-31 15:55:25] [updateStatus] SELECT table_name FROM table_registry WHERE id = :job_id FOR UPDATE / Execution time: 762.113 ms
[2025-01-31 15:55:25] [updateStatus] UPDATE `matrix` SET status = :status WHERE id = :sub_job_id / Execution time: 0.289 ms
[2025-01-31 15:55:25] [updateStatus] SELECT COUNT_RECORDS FROM `matrix` / Execution time: 0.465 ms
[2025-01-31 15:55:25] [updateStatus] UPDATE table_registry SET status = :status WHERE id = :job_id / Execution time: 0.144 ms
[2025-01-31 15:55:25] updateStatus completed. Execution time: 839.957 ms
[2025-01-31 15:55:25] Write file completed. Execution time: 844.754 ms
[2025-01-31 15:55:25] [getGroupStatus] MySQL connection established. Execution time: 0.091 ms
[2025-01-31 15:55:25] [getGroupStatus] SELECT table_name FROM table_registry WHERE id = :job_id / Execution time: 0.347 ms
[2025-01-31 15:55:25] [getGroupStatus] SELECT status FROM `matrix` WHERE group_id = :group_id / Execution time: 1.485 ms
[2025-01-31 15:55:25] getGroupStatus completed. Execution time: 2.221 ms
[2025-01-31 15:55:25] Group 1 is not completed yet.
[2025-01-31 15:55:25] Program completed. Total execution time: 964.413 ms

