
[2025-01-31 15:55:23] Program started at 2025-01-31 15:55:23.8775
[2025-01-31 15:55:23] [getClientID] MySQL connection established. Execution time: 0.215 ms
[2025-01-31 15:55:23] [getClientID] SELECT table_name FROM table_registry WHERE id = :job_id / Execution time: 0.363 ms
[2025-01-31 15:55:23] [getClientID] SELECT client FROM `matrix` WHERE id = :sub_job_id / Execution time: 0.222 ms
[2025-01-31 15:55:23] getClientID completed. Execution time: 1.056 ms
[2025-01-31 15:55:23] Read file completed. Execution time: 0.014 ms
[2025-01-31 15:55:23] File saved successfully: uploads/job_1/group_1/result_209
[2025-01-31 15:55:23] [updateStatus] MySQL connection established. Execution time: 0.259 ms
[2025-01-31 15:55:23] [updateStatus] SELECT table_name FROM table_registry WHERE id = :job_id FOR UPDATE / Execution time: 8.186 ms
[2025-01-31 15:55:23] [updateStatus] UPDATE `matrix` SET status = :status WHERE id = :sub_job_id / Execution time: 0.303 ms
[2025-01-31 15:55:23] [updateStatus] SELECT COUNT_RECORDS FROM `matrix` / Execution time: 0.515 ms
[2025-01-31 15:55:23] [updateStatus] UPDATE table_registry SET status = :status WHERE id = :job_id / Execution time: 0.150 ms
[2025-01-31 15:55:24] updateStatus completed. Execution time: 333.221 ms
[2025-01-31 15:55:24] Write file completed. Execution time: 345.520 ms
[2025-01-31 15:55:24] [getGroupStatus] MySQL connection established. Execution time: 0.063 ms
[2025-01-31 15:55:24] [getGroupStatus] SELECT table_name FROM table_registry WHERE id = :job_id / Execution time: 0.333 ms
[2025-01-31 15:55:24] [getGroupStatus] SELECT status FROM `matrix` WHERE group_id = :group_id / Execution time: 1.044 ms
[2025-01-31 15:55:24] getGroupStatus completed. Execution time: 1.654 ms
[2025-01-31 15:55:24] Group 1 is not completed yet.
[2025-01-31 15:55:24] Program completed. Total execution time: 352.744 ms

