
[2025-01-31 17:31:04.253479] INFO: Process started with ID: 75
[2025-01-31 17:31:05.246497] INFO: First connection established in 0.401000ms
[2025-01-31 17:31:07.027769] INFO: Sending request: GET /http_server/send-object.php?ID=75 HTTP/1.1
Host: 192.168.100.3
Connection: close


[2025-01-31 17:31:08.384645] INFO: First request sent in 0.035000ms
[2025-01-31 17:31:09.736506] INFO: Time from request to first response in 0.007000ms
[2025-01-31 17:31:10.899940] INFO: Received headers - MPI-Rank: 207, Group-ID: 1, Job-ID: 1, Sub-Job-ID: 208, Rank-Count: 256
[2025-01-31 17:31:12.199422] INFO: Receive loop #1 received 16384 bytes in 2369.831000ms
[2025-01-31 17:31:13.479802] INFO: Receive loop #2 received 16384 bytes in 0.062000ms
[2025-01-31 17:31:15.278050] INFO: Receive loop #3 received 16384 bytes in 0.077000ms
[2025-01-31 17:31:16.892127] INFO: Receive loop #4 received 16384 bytes in 0.027000ms
[2025-01-31 17:31:18.345953] INFO: Receive loop #5 received 16384 bytes in 0.044000ms
[2025-01-31 17:31:19.940670] INFO: Receive loop #6 received 16384 bytes in 0.030000ms
[2025-01-31 17:31:20.503858] INFO: Receive loop #7 received 16384 bytes in 0.030000ms
[2025-01-31 17:31:21.459376] INFO: Receive loop #8 received 16384 bytes in 0.064000ms
[2025-01-31 17:31:23.329219] INFO: Receive loop #9 received 16384 bytes in 0.029000ms
[2025-01-31 17:31:24.592313] INFO: Receive loop #10 received 16384 bytes in 0.033000ms
[2025-01-31 17:31:25.801115] INFO: Receive loop #11 received 16384 bytes in 0.035000ms
[2025-01-31 17:31:26.962741] INFO: Receive loop #12 received 7665 bytes in 0.003000ms
[2025-01-31 17:31:27.837917] INFO: Response received in 17953.868000ms
[2025-01-31 17:31:28.719617] INFO: File saved in 0.241000ms
[2025-01-31 17:31:29.875287] INFO: File saved to: /home/vc/kurotaka/objects/temp_75
[2025-01-31 17:31:31.512586] INFO: Execution permission granted to: /home/vc/kurotaka/objects/temp_75
[2025-01-31 17:31:32.063235] INFO: Executing command: /home/vc/kurotaka/objects/temp_75 207 256 1
[2025-01-31 17:31:39.080190] INFO: Command executed in 6484.457000ms
[2025-01-31 17:31:40.669196] INFO: Result saved to: /home/vc/kurotaka/results/result_75
[2025-01-31 17:31:42.934941] INFO: Second connection established in 0.157000ms
[2025-01-31 17:31:44.362116] INFO: Sending result upload request
[2025-01-31 17:31:45.640200] INFO: Second request sent in 0.026000ms
[2025-01-31 17:31:47.159662] INFO: Result uploaded in 0.053000ms
[2025-01-31 17:31:48.617097] INFO: Process completed successfully. Total execution time in 53332.546000ms

