
[2025-01-31 17:30:58.065977] INFO: Process started with ID: 84
[2025-01-31 17:30:58.965983] INFO: First connection established in 0.179000ms
[2025-01-31 17:31:00.016907] INFO: Sending request: GET /http_server/send-object.php?ID=84 HTTP/1.1
Host: 192.168.100.3
Connection: close


[2025-01-31 17:31:00.964960] INFO: First request sent in 0.031000ms
[2025-01-31 17:31:02.149365] INFO: Time from request to first response in 0.032000ms
[2025-01-31 17:31:03.142871] INFO: Received headers - MPI-Rank: 135, Group-ID: 1, Job-ID: 1, Sub-Job-ID: 136, Rank-Count: 256
[2025-01-31 17:31:04.552375] INFO: Receive loop #1 received 16384 bytes in 2430.895000ms
[2025-01-31 17:31:05.698232] INFO: Receive loop #2 received 16384 bytes in 0.078000ms
[2025-01-31 17:31:07.267693] INFO: Receive loop #3 received 16384 bytes in 0.082000ms
[2025-01-31 17:31:09.048551] INFO: Receive loop #4 received 16384 bytes in 0.113000ms
[2025-01-31 17:31:10.173066] INFO: Receive loop #5 received 16384 bytes in 0.030000ms
[2025-01-31 17:31:11.377374] INFO: Receive loop #6 received 16384 bytes in 0.031000ms
[2025-01-31 17:31:12.500072] INFO: Receive loop #7 received 16384 bytes in 0.040000ms
[2025-01-31 17:31:14.373155] INFO: Receive loop #8 received 16384 bytes in 0.278000ms
[2025-01-31 17:31:15.786638] INFO: Receive loop #9 received 16384 bytes in 0.032000ms
[2025-01-31 17:31:17.586863] INFO: Receive loop #10 received 16384 bytes in 0.030000ms
[2025-01-31 17:31:19.328580] INFO: Receive loop #11 received 16384 bytes in 0.015000ms
[2025-01-31 17:31:20.457959] INFO: Receive loop #12 received 7665 bytes in 0.005000ms
[2025-01-31 17:31:21.458891] INFO: Response received in 19297.970000ms
[2025-01-31 17:31:23.329195] INFO: File saved in 0.645000ms
[2025-01-31 17:31:24.321196] INFO: File saved to: /home/vc/kurotaka/objects/temp_84
[2025-01-31 17:31:26.045611] INFO: Execution permission granted to: /home/vc/kurotaka/objects/temp_84
[2025-01-31 17:31:27.210007] INFO: Executing command: /home/vc/kurotaka/objects/temp_84 135 256 1
[2025-01-31 17:31:38.990337] INFO: Command executed in 11127.886000ms
[2025-01-31 17:31:40.453293] INFO: Result saved to: /home/vc/kurotaka/results/result_84
[2025-01-31 17:31:42.278965] INFO: Second connection established in 0.215000ms
[2025-01-31 17:31:44.040746] INFO: Sending result upload request
[2025-01-31 17:31:45.258405] INFO: Second request sent in 0.029000ms
[2025-01-31 17:31:46.822042] INFO: Result uploaded in 0.052000ms
[2025-01-31 17:31:48.019870] INFO: Process completed successfully. Total execution time in 52938.642000ms

