
[2025-01-31 17:31:00.940975] INFO: Process started with ID: 10
[2025-01-31 17:31:02.182612] INFO: First connection established in 0.305000ms
[2025-01-31 17:31:03.239702] INFO: Sending request: GET /http_server/send-object.php?ID=10 HTTP/1.1
Host: 192.168.100.3
Connection: close


[2025-01-31 17:31:04.552723] INFO: First request sent in 0.033000ms
[2025-01-31 17:31:05.793699] INFO: Time from request to first response in 0.030000ms
[2025-01-31 17:31:07.279048] INFO: Received headers - MPI-Rank: 173, Group-ID: 1, Job-ID: 1, Sub-Job-ID: 174, Rank-Count: 256
[2025-01-31 17:31:09.082164] INFO: Receive loop #1 received 16384 bytes in 3068.808000ms
[2025-01-31 17:31:10.270797] INFO: Receive loop #2 received 16384 bytes in 0.065000ms
[2025-01-31 17:31:11.427734] INFO: Receive loop #3 received 16384 bytes in 0.079000ms
[2025-01-31 17:31:12.533803] INFO: Receive loop #4 received 16384 bytes in 0.113000ms
[2025-01-31 17:31:14.445399] INFO: Receive loop #5 received 16384 bytes in 0.034000ms
[2025-01-31 17:31:16.041216] INFO: Receive loop #6 received 16384 bytes in 0.030000ms
[2025-01-31 17:31:17.743503] INFO: Receive loop #7 received 16384 bytes in 0.032000ms
[2025-01-31 17:31:19.533846] INFO: Receive loop #8 received 16384 bytes in 0.254000ms
[2025-01-31 17:31:20.505008] INFO: Receive loop #9 received 16384 bytes in 0.007000ms
[2025-01-31 17:31:22.522681] INFO: Receive loop #10 received 16384 bytes in 0.007000ms
[2025-01-31 17:31:24.045397] INFO: Receive loop #11 received 16384 bytes in 0.030000ms
[2025-01-31 17:31:25.103456] INFO: Receive loop #12 received 7665 bytes in 0.008000ms
[2025-01-31 17:31:26.194878] INFO: Response received in 20493.619000ms
[2025-01-31 17:31:27.210090] INFO: File saved in 0.241000ms
[2025-01-31 17:31:27.991203] INFO: File saved to: /home/vc/kurotaka/objects/temp_10
[2025-01-31 17:31:29.690173] INFO: Execution permission granted to: /home/vc/kurotaka/objects/temp_10
[2025-01-31 17:31:31.232635] INFO: Executing command: /home/vc/kurotaka/objects/temp_10 173 256 1
[2025-01-31 17:31:38.646886] INFO: Command executed in 6725.069000ms
[2025-01-31 17:31:39.804602] INFO: Result saved to: /home/vc/kurotaka/results/result_10
[2025-01-31 17:31:41.231868] INFO: Second connection established in 0.240000ms
[2025-01-31 17:31:43.407760] INFO: Sending result upload request
[2025-01-31 17:31:44.749456] INFO: Second request sent in 0.021000ms
[2025-01-31 17:31:46.106830] INFO: Result uploaded in 0.060000ms
[2025-01-31 17:31:47.355076] INFO: Process completed successfully. Total execution time in 52509.246000ms

