
[2025-01-31 17:31:00.275155] INFO: Process started with ID: 138
[2025-01-31 17:31:01.384538] INFO: First connection established in 0.217000ms
[2025-01-31 17:31:02.496666] INFO: Sending request: GET /http_server/send-object.php?ID=138 HTTP/1.1
Host: 192.168.100.3
Connection: close


[2025-01-31 17:31:03.794566] INFO: First request sent in 0.039000ms
[2025-01-31 17:31:04.869395] INFO: Time from request to first response in 0.027000ms
[2025-01-31 17:31:06.585246] INFO: Received headers - MPI-Rank: 166, Group-ID: 1, Job-ID: 1, Sub-Job-ID: 167, Rank-Count: 256
[2025-01-31 17:31:07.916383] INFO: Receive loop #1 received 16384 bytes in 2774.265000ms
[2025-01-31 17:31:09.551528] INFO: Receive loop #2 received 16384 bytes in 0.066000ms
[2025-01-31 17:31:10.627318] INFO: Receive loop #3 received 16384 bytes in 0.083000ms
[2025-01-31 17:31:11.908722] INFO: Receive loop #4 received 16384 bytes in 0.114000ms
[2025-01-31 17:31:13.049791] INFO: Receive loop #5 received 16384 bytes in 0.028000ms
[2025-01-31 17:31:14.984120] INFO: Receive loop #6 received 16384 bytes in 0.029000ms
[2025-01-31 17:31:17.105568] INFO: Receive loop #7 received 16384 bytes in 0.028000ms
[2025-01-31 17:31:19.042164] INFO: Receive loop #8 received 16384 bytes in 0.107000ms
[2025-01-31 17:31:20.218567] INFO: Receive loop #9 received 16384 bytes in 0.037000ms
[2025-01-31 17:31:21.459626] INFO: Receive loop #10 received 16384 bytes in 0.029000ms
[2025-01-31 17:31:23.024622] INFO: Receive loop #11 received 16384 bytes in 0.051000ms
[2025-01-31 17:31:24.393357] INFO: Receive loop #12 received 7665 bytes in 0.007000ms
[2025-01-31 17:31:25.458638] INFO: Response received in 20341.974000ms
[2025-01-31 17:31:26.933436] INFO: File saved in 0.498000ms
[2025-01-31 17:31:27.895616] INFO: File saved to: /home/vc/kurotaka/objects/temp_138
[2025-01-31 17:31:29.503334] INFO: Execution permission granted to: /home/vc/kurotaka/objects/temp_138
[2025-01-31 17:31:31.130757] INFO: Executing command: /home/vc/kurotaka/objects/temp_138 166 256 1
[2025-01-31 17:31:38.991163] INFO: Command executed in 7005.225000ms
[2025-01-31 17:31:40.523377] INFO: Result saved to: /home/vc/kurotaka/results/result_138
[2025-01-31 17:31:42.483942] INFO: Second connection established in 0.161000ms
[2025-01-31 17:31:43.985962] INFO: Sending result upload request
[2025-01-31 17:31:45.228598] INFO: Second request sent in 0.025000ms
[2025-01-31 17:31:46.707340] INFO: Result uploaded in 0.055000ms
[2025-01-31 17:31:47.951983] INFO: Process completed successfully. Total execution time in 52893.972000ms

