
[2025-01-31 17:31:03.448639] INFO: Process started with ID: 0
[2025-01-31 17:31:04.681445] INFO: First connection established in 0.219000ms
[2025-01-31 17:31:06.023793] INFO: Sending request: GET /http_server/send-object.php?ID=0 HTTP/1.1
Host: 192.168.100.3
Connection: close


[2025-01-31 17:31:07.429851] INFO: First request sent in 0.031000ms
[2025-01-31 17:31:09.322338] INFO: Time from request to first response in 0.030000ms
[2025-01-31 17:31:10.407715] INFO: Received headers - MPI-Rank: 201, Group-ID: 1, Job-ID: 1, Sub-Job-ID: 202, Rank-Count: 256
[2025-01-31 17:31:11.598327] INFO: Receive loop #1 received 16384 bytes in 2400.393000ms
[2025-01-31 17:31:12.738371] INFO: Receive loop #2 received 16384 bytes in 0.062000ms
[2025-01-31 17:31:14.816553] INFO: Receive loop #3 received 16384 bytes in 0.079000ms
[2025-01-31 17:31:16.405596] INFO: Receive loop #4 received 16384 bytes in 0.110000ms
[2025-01-31 17:31:17.967033] INFO: Receive loop #5 received 16384 bytes in 0.034000ms
[2025-01-31 17:31:19.787485] INFO: Receive loop #6 received 16384 bytes in 0.033000ms
[2025-01-31 17:31:20.961556] INFO: Receive loop #7 received 16384 bytes in 0.017000ms
[2025-01-31 17:31:22.841614] INFO: Receive loop #8 received 16384 bytes in 0.102000ms
[2025-01-31 17:31:24.045917] INFO: Receive loop #9 received 16384 bytes in 0.031000ms
[2025-01-31 17:31:25.154631] INFO: Receive loop #10 received 16384 bytes in 0.030000ms
[2025-01-31 17:31:26.203839] INFO: Receive loop #11 received 16384 bytes in 0.029000ms
[2025-01-31 17:31:27.247329] INFO: Receive loop #12 received 7665 bytes in 0.006000ms
[2025-01-31 17:31:28.040785] INFO: Response received in 18843.994000ms
[2025-01-31 17:31:29.182992] INFO: File saved in 0.505000ms
[2025-01-31 17:31:30.467618] INFO: File saved to: /home/vc/kurotaka/objects/temp_0
[2025-01-31 17:31:31.860547] INFO: Execution permission granted to: /home/vc/kurotaka/objects/temp_0
[2025-01-31 17:31:32.888658] INFO: Executing command: /home/vc/kurotaka/objects/temp_0 201 256 1
[2025-01-31 17:31:40.228248] INFO: Command executed in 6415.041000ms
[2025-01-31 17:31:41.636290] INFO: Result saved to: /home/vc/kurotaka/results/result_0
[2025-01-31 17:31:43.550760] INFO: Second connection established in 0.268000ms
[2025-01-31 17:31:44.949722] INFO: Sending result upload request
[2025-01-31 17:31:46.422449] INFO: Second request sent in 0.023000ms
[2025-01-31 17:31:47.538432] INFO: Result uploaded in 0.058000ms
[2025-01-31 17:31:49.425679] INFO: Process completed successfully. Total execution time in 54293.389000ms

