
[2025-01-31 17:38:12] Program started at 2025-01-31 17:38:12.8375
[2025-01-31 17:38:12] [getClientID] MySQL connection established. Execution time: 0.685 ms
[2025-01-31 17:38:12] [getClientID] SELECT table_name FROM table_registry WHERE id = :job_id / Execution time: 0.252 ms
[2025-01-31 17:38:12] [getClientID] SELECT client FROM `matrix` WHERE id = :sub_job_id / Execution time: 0.129 ms
[2025-01-31 17:38:12] getClientID completed. Execution time: 1.158 ms
[2025-01-31 17:38:12] Read file completed. Execution time: 0.006 ms
[2025-01-31 17:38:12] File saved successfully: uploads/job_1/group_1/result_98
[2025-01-31 17:38:12] [updateStatus] MySQL connection established. Execution time: 0.066 ms
[2025-01-31 17:38:12] [updateStatus] SELECT table_name FROM table_registry WHERE id = :job_id FOR UPDATE / Execution time: 0.972 ms
[2025-01-31 17:38:12] [updateStatus] UPDATE `matrix` SET status = :status WHERE id = :sub_job_id / Execution time: 0.154 ms
[2025-01-31 17:38:12] [updateStatus] SELECT COUNT_RECORDS FROM `matrix` / Execution time: 0.292 ms
[2025-01-31 17:38:12] [updateStatus] UPDATE table_registry SET status = :status WHERE id = :job_id / Execution time: 0.120 ms
[2025-01-31 17:38:13] updateStatus completed. Execution time: 191.030 ms
[2025-01-31 17:38:13] Write file completed. Execution time: 191.565 ms
[2025-01-31 17:38:13] [getGroupStatus] MySQL connection established. Execution time: 0.098 ms
[2025-01-31 17:38:13] [getGroupStatus] SELECT table_name FROM table_registry WHERE id = :job_id / Execution time: 0.335 ms
[2025-01-31 17:38:13] [getGroupStatus] SELECT status FROM `matrix` WHERE group_id = :group_id / Execution time: 0.570 ms
[2025-01-31 17:38:13] getGroupStatus completed. Execution time: 1.191 ms
[2025-01-31 17:38:13] Merge request completed. Execution time (not actual merge.php execution time, but just request): 10.089 ms
[2025-01-31 17:38:13] Program completed. Total execution time: 207.054 ms

