
[2025-01-20 12:40:30] Program started
[2025-01-20 12:40:30] [getClientID] MySQL connection established. Execution time: 0.677 ms
[2025-01-20 12:40:30] [getClientID] SELECT table_name FROM table_registry WHERE id = :job_id / Execution time: 0.373 ms
[2025-01-20 12:40:30] [getClientID] SELECT client FROM `matrix` WHERE id = :sub_job_id / Execution time: 0.209 ms
[2025-01-20 12:40:30] getClientID completed. Execution time: 1.579 ms
[2025-01-20 12:40:30] Read file completed. Execution time: 0.015 ms
[2025-01-20 12:40:30] File saved successfully: uploads/job_1/group_1/result_13
[2025-01-20 12:40:30] [updateStatus] MySQL connection established. Execution time: 0.124 ms
[2025-01-20 12:40:30] [updateStatus] SELECT table_name FROM table_registry WHERE id = :job_id FOR UPDATE / Execution time: 1.814 ms
[2025-01-20 12:40:30] [updateStatus] UPDATE `matrix` SET status = :status WHERE id = :sub_job_id / Execution time: 0.165 ms
[2025-01-20 12:40:30] [updateStatus] SELECT COUNT_RECORDS FROM matrix / Execution time: 0.308 ms
[2025-01-20 12:40:30] [updateStatus] UPDATE table_registry SET status = :status WHERE id = :job_id / Execution time: 0.103 ms
[2025-01-20 12:40:30] updateStatus completed. Execution time: 64.064 ms
[2025-01-20 12:40:30] Write file completed. Execution time: 64.450 ms
[2025-01-20 12:40:30] [getGroupStatus] MySQL connection established. Execution time: 0.084 ms
[2025-01-20 12:40:30] [getGroupStatus] SELECT table_name FROM table_registry WHERE id = :job_id / Execution time: 0.301 ms
[2025-01-20 12:40:30] [getGroupStatus] SELECT status FROM `matrix` WHERE group_id = :group_id / Execution time: 0.837 ms
[2025-01-20 12:40:30] getGroupStatus completed. Execution time: 1.401 ms
[2025-01-20 12:40:30] Group 1 is not completed yet.
[2025-01-20 12:40:30] Program completed. Total execution time: 70.386 ms

