
[2025-01-20 12:40:32] Program started
[2025-01-20 12:40:32] [getClientID] MySQL connection established. Execution time: 0.351 ms
[2025-01-20 12:40:32] [getClientID] SELECT table_name FROM table_registry WHERE id = :job_id / Execution time: 0.641 ms
[2025-01-20 12:40:32] [getClientID] SELECT client FROM `matrix` WHERE id = :sub_job_id / Execution time: 0.248 ms
[2025-01-20 12:40:32] getClientID completed. Execution time: 1.526 ms
[2025-01-20 12:40:32] Read file completed. Execution time: 0.015 ms
[2025-01-20 12:40:32] File saved successfully: uploads/job_1/group_1/result_167
[2025-01-20 12:40:32] [updateStatus] MySQL connection established. Execution time: 0.131 ms
[2025-01-20 12:40:32] [updateStatus] SELECT table_name FROM table_registry WHERE id = :job_id FOR UPDATE / Execution time: 0.457 ms
[2025-01-20 12:40:32] [updateStatus] UPDATE `matrix` SET status = :status WHERE id = :sub_job_id / Execution time: 0.290 ms
[2025-01-20 12:40:32] [updateStatus] SELECT COUNT(*) AS total, SUM(...) FROM `matrix` / Execution time: 0.608 ms
[2025-01-20 12:40:32] [updateStatus] UPDATE table_registry SET status = :status WHERE id = :job_id / Execution time: 0.186 ms
[2025-01-20 12:40:32] updateStatus completed. Execution time: 5.964 ms
[2025-01-20 12:40:32] Write file completed. Execution time: 6.230 ms
[2025-01-20 12:40:32] [getGroupStatus] MySQL connection established. Execution time: 0.158 ms
[2025-01-20 12:40:32] [getGroupStatus] SELECT table_name FROM table_registry WHERE id = :job_id / Execution time: 0.276 ms
[2025-01-20 12:40:32] [getGroupStatus] SELECT status FROM `matrix` WHERE group_id = :group_id / Execution time: 0.494 ms
[2025-01-20 12:40:32] getGroupStatus completed. Execution time: 1.101 ms
[2025-01-20 12:40:32] Group 1 is not completed yet.
[2025-01-20 12:40:32] Program completed. Total execution time: 11.096 ms

