
[2025-01-31 17:01:47] Program started at 2025-01-31 17:01:47.0243
[2025-01-31 17:01:47] [getClientID] MySQL connection established. Execution time: 0.278 ms
[2025-01-31 17:01:47] [getClientID] SELECT table_name FROM table_registry WHERE id = :job_id / Execution time: 0.386 ms
[2025-01-31 17:01:47] [getClientID] SELECT client FROM `matrix` WHERE id = :sub_job_id / Execution time: 0.243 ms
[2025-01-31 17:01:47] getClientID completed. Execution time: 1.114 ms
[2025-01-31 17:01:47] Read file completed. Execution time: 0.014 ms
[2025-01-31 17:01:47] File saved successfully: uploads/job_1/group_1/result_101
[2025-01-31 17:01:47] [updateStatus] MySQL connection established. Execution time: 0.116 ms
[2025-01-31 17:01:47] [updateStatus] SELECT table_name FROM table_registry WHERE id = :job_id FOR UPDATE / Execution time: 0.213 ms
[2025-01-31 17:01:47] [updateStatus] UPDATE `matrix` SET status = :status WHERE id = :sub_job_id / Execution time: 0.224 ms
[2025-01-31 17:01:47] [updateStatus] SELECT COUNT_RECORDS FROM `matrix` / Execution time: 0.632 ms
[2025-01-31 17:01:47] [updateStatus] UPDATE table_registry SET status = :status WHERE id = :job_id / Execution time: 0.176 ms
[2025-01-31 17:01:47] updateStatus completed. Execution time: 3.306 ms
[2025-01-31 17:01:47] Write file completed. Execution time: 3.603 ms
[2025-01-31 17:01:47] [getGroupStatus] MySQL connection established. Execution time: 0.040 ms
[2025-01-31 17:01:47] [getGroupStatus] SELECT table_name FROM table_registry WHERE id = :job_id / Execution time: 0.200 ms
[2025-01-31 17:01:47] [getGroupStatus] SELECT status FROM `matrix` WHERE group_id = :group_id / Execution time: 0.596 ms
[2025-01-31 17:01:47] getGroupStatus completed. Execution time: 0.911 ms
[2025-01-31 17:01:47] Group 1 is not completed yet.
[2025-01-31 17:01:47] Program completed. Total execution time: 8.258 ms

