
[2025-01-31 17:01:50] Program started at 2025-01-31 17:01:50.32
[2025-01-31 17:01:50] [getClientID] MySQL connection established. Execution time: 0.709 ms
[2025-01-31 17:01:50] [getClientID] SELECT table_name FROM table_registry WHERE id = :job_id / Execution time: 0.387 ms
[2025-01-31 17:01:50] [getClientID] SELECT client FROM `matrix` WHERE id = :sub_job_id / Execution time: 0.221 ms
[2025-01-31 17:01:50] getClientID completed. Execution time: 1.589 ms
[2025-01-31 17:01:50] Read file completed. Execution time: 0.014 ms
[2025-01-31 17:01:50] File saved successfully: uploads/job_1/group_1/result_24
[2025-01-31 17:01:50] [updateStatus] MySQL connection established. Execution time: 0.116 ms
[2025-01-31 17:01:50] [updateStatus] SELECT table_name FROM table_registry WHERE id = :job_id FOR UPDATE / Execution time: 2.585 ms
[2025-01-31 17:01:50] [updateStatus] UPDATE `matrix` SET status = :status WHERE id = :sub_job_id / Execution time: 0.184 ms
[2025-01-31 17:01:50] [updateStatus] SELECT COUNT_RECORDS FROM `matrix` / Execution time: 0.275 ms
[2025-01-31 17:01:50] [updateStatus] UPDATE table_registry SET status = :status WHERE id = :job_id / Execution time: 0.104 ms
[2025-01-31 17:01:50] updateStatus completed. Execution time: 96.771 ms
[2025-01-31 17:01:50] Write file completed. Execution time: 97.169 ms
[2025-01-31 17:01:50] [getGroupStatus] MySQL connection established. Execution time: 0.129 ms
[2025-01-31 17:01:50] [getGroupStatus] SELECT table_name FROM table_registry WHERE id = :job_id / Execution time: 0.205 ms
[2025-01-31 17:01:50] [getGroupStatus] SELECT status FROM `matrix` WHERE group_id = :group_id / Execution time: 0.672 ms
[2025-01-31 17:01:50] getGroupStatus completed. Execution time: 1.228 ms
[2025-01-31 17:01:50] Group 1 is not completed yet.
[2025-01-31 17:01:50] Program completed. Total execution time: 103.057 ms

