
[2025-01-31 17:01:53] Program started at 2025-01-31 17:01:53.0738
[2025-01-31 17:01:53] [getClientID] MySQL connection established. Execution time: 0.944 ms
[2025-01-31 17:01:53] [getClientID] SELECT table_name FROM table_registry WHERE id = :job_id / Execution time: 0.401 ms
[2025-01-31 17:01:53] [getClientID] SELECT client FROM `matrix` WHERE id = :sub_job_id / Execution time: 0.219 ms
[2025-01-31 17:01:53] getClientID completed. Execution time: 1.867 ms
[2025-01-31 17:01:53] Read file completed. Execution time: 0.016 ms
[2025-01-31 17:01:53] File saved successfully: uploads/job_1/group_1/result_49
[2025-01-31 17:01:53] [updateStatus] MySQL connection established. Execution time: 0.138 ms
[2025-01-31 17:01:53] [updateStatus] SELECT table_name FROM table_registry WHERE id = :job_id FOR UPDATE / Execution time: 0.279 ms
[2025-01-31 17:01:53] [updateStatus] UPDATE `matrix` SET status = :status WHERE id = :sub_job_id / Execution time: 0.244 ms
[2025-01-31 17:01:53] [updateStatus] SELECT COUNT_RECORDS FROM `matrix` / Execution time: 0.703 ms
[2025-01-31 17:01:53] [updateStatus] SELECT group_id FROM `matrix` ORDER BY id DESC LIMIT 1 / Execution time: 0.198 ms
[2025-01-31 17:01:53] [updateStatus] UPDATE table_registry SET status = :status WHERE id = :job_id / Execution time: 0.519 ms
[2025-01-31 17:01:53] updateStatus completed. Execution time: 4.480 ms
[2025-01-31 17:01:53] Write file completed. Execution time: 4.866 ms
[2025-01-31 17:01:53] [getGroupStatus] MySQL connection established. Execution time: 0.065 ms
[2025-01-31 17:01:53] [getGroupStatus] SELECT table_name FROM table_registry WHERE id = :job_id / Execution time: 0.180 ms
[2025-01-31 17:01:53] [getGroupStatus] SELECT status FROM `matrix` WHERE group_id = :group_id / Execution time: 0.618 ms
[2025-01-31 17:01:53] getGroupStatus completed. Execution time: 1.042 ms
[2025-01-31 17:01:53] Merge request completed. Execution time (not actual merge.php execution time, but just request): 8.548 ms
[2025-01-31 17:01:53] Majority request completed. Execution time (not actual script execution time, but just request): 1.804 ms
[2025-01-31 17:01:53] Program completed. Total execution time: 21.387 ms

