
[2025-01-31 17:01:49] Program started at 2025-01-31 17:01:49.3
[2025-01-31 17:01:49] [getClientID] MySQL connection established. Execution time: 0.544 ms
[2025-01-31 17:01:49] [getClientID] SELECT table_name FROM table_registry WHERE id = :job_id / Execution time: 0.368 ms
[2025-01-31 17:01:49] [getClientID] SELECT client FROM `matrix` WHERE id = :sub_job_id / Execution time: 0.261 ms
[2025-01-31 17:01:49] getClientID completed. Execution time: 1.414 ms
[2025-01-31 17:01:49] Read file completed. Execution time: 0.021 ms
[2025-01-31 17:01:49] File saved successfully: uploads/job_1/group_1/result_254
[2025-01-31 17:01:49] [updateStatus] MySQL connection established. Execution time: 0.172 ms
[2025-01-31 17:01:49] [updateStatus] SELECT table_name FROM table_registry WHERE id = :job_id FOR UPDATE / Execution time: 3.456 ms
[2025-01-31 17:01:49] [updateStatus] UPDATE `matrix` SET status = :status WHERE id = :sub_job_id / Execution time: 0.198 ms
[2025-01-31 17:01:49] [updateStatus] SELECT COUNT_RECORDS FROM `matrix` / Execution time: 0.622 ms
[2025-01-31 17:01:49] [updateStatus] UPDATE table_registry SET status = :status WHERE id = :job_id / Execution time: 0.180 ms
[2025-01-31 17:01:49] updateStatus completed. Execution time: 216.037 ms
[2025-01-31 17:01:49] Write file completed. Execution time: 216.833 ms
[2025-01-31 17:01:49] [getGroupStatus] MySQL connection established. Execution time: 0.157 ms
[2025-01-31 17:01:49] [getGroupStatus] SELECT table_name FROM table_registry WHERE id = :job_id / Execution time: 0.328 ms
[2025-01-31 17:01:49] [getGroupStatus] SELECT status FROM `matrix` WHERE group_id = :group_id / Execution time: 1.001 ms
[2025-01-31 17:01:49] getGroupStatus completed. Execution time: 1.731 ms
[2025-01-31 17:01:49] Group 1 is not completed yet.
[2025-01-31 17:01:49] Program completed. Total execution time: 222.360 ms

