
[2025-01-31 16:24:08.077584] INFO: Process started with ID: 132
[2025-01-31 16:24:08.724368] INFO: First connection established in 0.175000ms
[2025-01-31 16:24:09.309330] INFO: Sending request: GET /http_server/send-object.php?ID=132 HTTP/1.1
Host: 192.168.100.3
Connection: close


[2025-01-31 16:24:10.360622] INFO: First request sent in 0.033000ms
[2025-01-31 16:24:11.891841] INFO: Time from request to first response in 0.029000ms
[2025-01-31 16:24:12.861228] INFO: Received headers - MPI-Rank: 95, Group-ID: 1, Job-ID: 1, Sub-Job-ID: 96, Rank-Count: 256
[2025-01-31 16:24:14.234388] INFO: Receive loop #1 received 16384 bytes in 2368.652000ms
[2025-01-31 16:24:15.261991] INFO: Receive loop #2 received 16384 bytes in 0.061000ms
[2025-01-31 16:24:16.719075] INFO: Receive loop #3 received 16384 bytes in 0.077000ms
[2025-01-31 16:24:18.014558] INFO: Receive loop #4 received 16384 bytes in 0.110000ms
[2025-01-31 16:24:19.519545] INFO: Receive loop #5 received 16384 bytes in 0.031000ms
[2025-01-31 16:24:21.771153] INFO: Receive loop #6 received 16384 bytes in 0.030000ms
[2025-01-31 16:24:23.332865] INFO: Receive loop #7 received 16384 bytes in 0.029000ms
[2025-01-31 16:24:24.891425] INFO: Receive loop #8 received 16384 bytes in 0.316000ms
[2025-01-31 16:24:26.921730] INFO: Receive loop #9 received 16384 bytes in 0.026000ms
[2025-01-31 16:24:28.444211] INFO: Receive loop #10 received 16384 bytes in 0.032000ms
[2025-01-31 16:24:29.786082] INFO: Receive loop #11 received 16384 bytes in 0.031000ms
[2025-01-31 16:24:31.851907] INFO: Receive loop #12 received 7663 bytes in 0.018000ms
[2025-01-31 16:24:34.085925] INFO: Response received in 21780.373000ms
[2025-01-31 16:24:35.423304] INFO: File saved in 0.588000ms
[2025-01-31 16:24:37.336120] INFO: File saved to: /home/vc/kurotaka/objects/temp_132
[2025-01-31 16:24:40.115890] INFO: Execution permission granted to: /home/vc/kurotaka/objects/temp_132
[2025-01-31 16:24:41.312803] INFO: Executing command: /home/vc/kurotaka/objects/temp_132 95 256 1
[2025-01-31 16:24:54.070350] INFO: Command executed in 11341.520000ms
[2025-01-31 16:24:56.043395] INFO: Result saved to: /home/vc/kurotaka/results/result_132
[2025-01-31 16:24:57.959958] INFO: Second connection established in 0.111000ms
[2025-01-31 16:24:59.807639] INFO: Sending result upload request
[2025-01-31 16:25:01.342563] INFO: Second request sent in 0.026000ms
[2025-01-31 16:25:02.623727] INFO: Result uploaded in 0.052000ms
[2025-01-31 16:25:03.830300] INFO: Process completed successfully. Total execution time in 57421.660000ms

