
[2025-01-31 16:24:08.999852] INFO: Process started with ID: 213
[2025-01-31 16:24:10.006165] INFO: First connection established in 0.209000ms
[2025-01-31 16:24:11.771497] INFO: Sending request: GET /http_server/send-object.php?ID=213 HTTP/1.1
Host: 192.168.100.3
Connection: close


[2025-01-31 16:24:12.517308] INFO: First request sent in 0.034000ms
[2025-01-31 16:24:14.069546] INFO: Time from request to first response in 0.033000ms
[2025-01-31 16:24:14.932083] INFO: Received headers - MPI-Rank: 117, Group-ID: 1, Job-ID: 1, Sub-Job-ID: 118, Rank-Count: 256
[2025-01-31 16:24:16.541922] INFO: Receive loop #1 received 16384 bytes in 2444.519000ms
[2025-01-31 16:24:17.568607] INFO: Receive loop #2 received 16384 bytes in 0.058000ms
[2025-01-31 16:24:19.126925] INFO: Receive loop #3 received 16384 bytes in 0.078000ms
[2025-01-31 16:24:21.042988] INFO: Receive loop #4 received 16384 bytes in 0.138000ms
[2025-01-31 16:24:22.773531] INFO: Receive loop #5 received 16384 bytes in 0.028000ms
[2025-01-31 16:24:24.638808] INFO: Receive loop #6 received 16384 bytes in 0.033000ms
[2025-01-31 16:24:26.722682] INFO: Receive loop #7 received 16384 bytes in 0.029000ms
[2025-01-31 16:24:28.280367] INFO: Receive loop #8 received 16384 bytes in 0.262000ms
[2025-01-31 16:24:29.596138] INFO: Receive loop #9 received 16384 bytes in 0.031000ms
[2025-01-31 16:24:31.670569] INFO: Receive loop #10 received 16384 bytes in 0.029000ms
[2025-01-31 16:24:34.045535] INFO: Receive loop #11 received 16384 bytes in 0.028000ms
[2025-01-31 16:24:35.109152] INFO: Receive loop #12 received 7665 bytes in 0.019000ms
[2025-01-31 16:24:37.131038] INFO: Response received in 23250.453000ms
[2025-01-31 16:24:38.854925] INFO: File saved in 0.605000ms
[2025-01-31 16:24:39.782599] INFO: File saved to: /home/vc/kurotaka/objects/temp_213
[2025-01-31 16:24:41.954459] INFO: Execution permission granted to: /home/vc/kurotaka/objects/temp_213
[2025-01-31 16:24:42.906681] INFO: Executing command: /home/vc/kurotaka/objects/temp_213 117 256 1
[2025-01-31 16:24:53.177339] INFO: Command executed in 9099.752000ms
[2025-01-31 16:24:55.223144] INFO: Result saved to: /home/vc/kurotaka/results/result_213
[2025-01-31 16:24:57.363826] INFO: Second connection established in 0.175000ms
[2025-01-31 16:24:59.238537] INFO: Sending result upload request
[2025-01-31 16:25:00.783759] INFO: Second request sent in 0.038000ms
[2025-01-31 16:25:02.059537] INFO: Result uploaded in 0.053000ms
[2025-01-31 16:25:03.340708] INFO: Process completed successfully. Total execution time in 57109.455000ms

