
[2025-01-31 16:24:06.027258] INFO: Process started with ID: 68
[2025-01-31 16:24:06.191797] INFO: First connection established in 0.352000ms
[2025-01-31 16:24:06.366327] INFO: Sending request: GET /http_server/send-object.php?ID=68 HTTP/1.1
Host: 192.168.100.3
Connection: close


[2025-01-31 16:24:06.622506] INFO: First request sent in 0.038000ms
[2025-01-31 16:24:07.067549] INFO: Time from request to first response in 0.034000ms
[2025-01-31 16:24:07.812677] INFO: Received headers - MPI-Rank: 10, Group-ID: 1, Job-ID: 1, Sub-Job-ID: 11, Rank-Count: 256
[2025-01-31 16:24:08.306533] INFO: Receive loop #1 received 16384 bytes in 1273.464000ms
[2025-01-31 16:24:08.931769] INFO: Receive loop #2 received 16384 bytes in 0.062000ms
[2025-01-31 16:24:09.729240] INFO: Receive loop #3 received 16384 bytes in 0.080000ms
[2025-01-31 16:24:11.270940] INFO: Receive loop #4 received 16384 bytes in 0.110000ms
[2025-01-31 16:24:12.371577] INFO: Receive loop #5 received 16384 bytes in 0.030000ms
[2025-01-31 16:24:13.820472] INFO: Receive loop #6 received 16384 bytes in 0.030000ms
[2025-01-31 16:24:14.797149] INFO: Receive loop #7 received 16384 bytes in 0.031000ms
[2025-01-31 16:24:16.425723] INFO: Receive loop #8 received 16384 bytes in 0.292000ms
[2025-01-31 16:24:17.383548] INFO: Receive loop #9 received 16384 bytes in 0.037000ms
[2025-01-31 16:24:19.078733] INFO: Receive loop #10 received 16384 bytes in 0.035000ms
[2025-01-31 16:24:20.783667] INFO: Receive loop #11 received 16384 bytes in 0.034000ms
[2025-01-31 16:24:22.660668] INFO: Receive loop #12 received 7663 bytes in 0.016000ms
[2025-01-31 16:24:24.482894] INFO: Response received in 17217.063000ms
[2025-01-31 16:24:26.306767] INFO: File saved in 0.471000ms
[2025-01-31 16:24:28.076010] INFO: File saved to: /home/vc/kurotaka/objects/temp_68
[2025-01-31 16:24:29.848566] INFO: Execution permission granted to: /home/vc/kurotaka/objects/temp_68
[2025-01-31 16:24:31.899582] INFO: Executing command: /home/vc/kurotaka/objects/temp_68 10 256 1
[2025-01-31 16:24:52.526107] INFO: Command executed in 17985.574000ms
[2025-01-31 16:24:54.295949] INFO: Result saved to: /home/vc/kurotaka/results/result_68
[2025-01-31 16:24:56.777814] INFO: Second connection established in 0.147000ms
[2025-01-31 16:24:58.484287] INFO: Sending result upload request
[2025-01-31 16:25:00.189440] INFO: Second request sent in 0.027000ms
[2025-01-31 16:25:01.754582] INFO: Result uploaded in 0.057000ms
[2025-01-31 16:25:03.100500] INFO: Process completed successfully. Total execution time in 56473.173000ms

