
[2025-01-31 16:24:06.053446] INFO: Process started with ID: 1
[2025-01-31 16:24:06.192501] INFO: First connection established in 0.201000ms
[2025-01-31 16:24:06.419235] INFO: Sending request: GET /http_server/send-object.php?ID=1 HTTP/1.1
Host: 192.168.100.3
Connection: close


[2025-01-31 16:24:06.692582] INFO: First request sent in 0.033000ms
[2025-01-31 16:24:07.218433] INFO: Time from request to first response in 0.034000ms
[2025-01-31 16:24:08.012899] INFO: Received headers - MPI-Rank: 12, Group-ID: 1, Job-ID: 1, Sub-Job-ID: 13, Rank-Count: 256
[2025-01-31 16:24:08.522417] INFO: Receive loop #1 received 16384 bytes in 1238.806000ms
[2025-01-31 16:24:09.106614] INFO: Receive loop #2 received 16384 bytes in 0.062000ms
[2025-01-31 16:24:10.006434] INFO: Receive loop #3 received 16384 bytes in 0.076000ms
[2025-01-31 16:24:11.701049] INFO: Receive loop #4 received 16384 bytes in 0.110000ms
[2025-01-31 16:24:12.634518] INFO: Receive loop #5 received 16384 bytes in 0.030000ms
[2025-01-31 16:24:14.117922] INFO: Receive loop #6 received 16384 bytes in 0.039000ms
[2025-01-31 16:24:15.027597] INFO: Receive loop #7 received 16384 bytes in 0.032000ms
[2025-01-31 16:24:16.645280] INFO: Receive loop #8 received 16384 bytes in 0.249000ms
[2025-01-31 16:24:17.870247] INFO: Receive loop #9 received 16384 bytes in 0.030000ms
[2025-01-31 16:24:19.366236] INFO: Receive loop #10 received 16384 bytes in 0.026000ms
[2025-01-31 16:24:21.661542] INFO: Receive loop #11 received 16384 bytes in 0.028000ms
[2025-01-31 16:24:23.332930] INFO: Receive loop #12 received 7663 bytes in 0.019000ms
[2025-01-31 16:24:24.862999] INFO: Response received in 17401.749000ms
[2025-01-31 16:24:26.877416] INFO: File saved in 0.520000ms
[2025-01-31 16:24:28.408795] INFO: File saved to: /home/vc/kurotaka/objects/temp_1
[2025-01-31 16:24:29.786484] INFO: Execution permission granted to: /home/vc/kurotaka/objects/temp_1
[2025-01-31 16:24:31.878679] INFO: Executing command: /home/vc/kurotaka/objects/temp_1 12 256 1
[2025-01-31 16:24:55.842173] INFO: Command executed in 21798.449000ms
[2025-01-31 16:24:57.711776] INFO: Result saved to: /home/vc/kurotaka/results/result_1
[2025-01-31 16:24:59.668468] INFO: Second connection established in 0.268000ms
[2025-01-31 16:25:01.285424] INFO: Sending result upload request
[2025-01-31 16:25:02.433005] INFO: Second request sent in 0.025000ms
[2025-01-31 16:25:03.782553] INFO: Result uploaded in 0.298000ms
[2025-01-31 16:25:05.311422] INFO: Process completed successfully. Total execution time in 58742.997000ms

