
[2025-01-31 16:24:07.019773] INFO: Process started with ID: 20
[2025-01-31 16:24:07.770564] INFO: First connection established in 0.145000ms
[2025-01-31 16:24:08.249080] INFO: Sending request: GET /http_server/send-object.php?ID=20 HTTP/1.1
Host: 192.168.100.3
Connection: close


[2025-01-31 16:24:08.847395] INFO: First request sent in 0.035000ms
[2025-01-31 16:24:09.526214] INFO: Time from request to first response in 0.032000ms
[2025-01-31 16:24:10.706534] INFO: Received headers - MPI-Rank: 71, Group-ID: 1, Job-ID: 1, Sub-Job-ID: 72, Rank-Count: 256
[2025-01-31 16:24:12.070856] INFO: Receive loop #1 received 16384 bytes in 2581.215000ms
[2025-01-31 16:24:13.254313] INFO: Receive loop #2 received 16384 bytes in 0.061000ms
[2025-01-31 16:24:14.478844] INFO: Receive loop #3 received 16384 bytes in 0.074000ms
[2025-01-31 16:24:15.794156] INFO: Receive loop #4 received 16384 bytes in 0.111000ms
[2025-01-31 16:24:17.079659] INFO: Receive loop #5 received 16384 bytes in 0.030000ms
[2025-01-31 16:24:18.752984] INFO: Receive loop #6 received 16384 bytes in 0.031000ms
[2025-01-31 16:24:20.170072] INFO: Receive loop #7 received 16384 bytes in 0.036000ms
[2025-01-31 16:24:22.201774] INFO: Receive loop #8 received 16384 bytes in 0.251000ms
[2025-01-31 16:24:24.224699] INFO: Receive loop #9 received 16384 bytes in 0.031000ms
[2025-01-31 16:24:25.674196] INFO: Receive loop #10 received 16384 bytes in 0.029000ms
[2025-01-31 16:24:27.479379] INFO: Receive loop #11 received 16384 bytes in 0.029000ms
[2025-01-31 16:24:28.850410] INFO: Receive loop #12 received 7663 bytes in 0.021000ms
[2025-01-31 16:24:31.157507] INFO: Response received in 20857.440000ms
[2025-01-31 16:24:32.887540] INFO: File saved in 0.523000ms
[2025-01-31 16:24:35.185853] INFO: File saved to: /home/vc/kurotaka/objects/temp_20
[2025-01-31 16:24:38.200322] INFO: Execution permission granted to: /home/vc/kurotaka/objects/temp_20
[2025-01-31 16:24:39.681181] INFO: Executing command: /home/vc/kurotaka/objects/temp_20 71 256 1
[2025-01-31 16:24:56.208309] INFO: Command executed in 14800.529000ms
[2025-01-31 16:24:58.012227] INFO: Result saved to: /home/vc/kurotaka/results/result_20
[2025-01-31 16:24:59.946606] INFO: Second connection established in 0.211000ms
[2025-01-31 16:25:01.559871] INFO: Sending result upload request
[2025-01-31 16:25:02.775668] INFO: Second request sent in 0.020000ms
[2025-01-31 16:25:03.978202] INFO: Result uploaded in 0.053000ms
[2025-01-31 16:25:05.640381] INFO: Process completed successfully. Total execution time in 59000.446000ms

