
[2025-01-31 15:59:53.618588] INFO: Process started with ID: 12
[2025-01-31 15:59:53.769345] INFO: First connection established in 0.256000ms
[2025-01-31 15:59:53.903904] INFO: Sending request: GET /http_server/send-object.php?ID=12 HTTP/1.1
Host: 192.168.100.3
Connection: close


[2025-01-31 15:59:54.033098] INFO: First request sent in 0.035000ms
[2025-01-31 15:59:54.202538] INFO: Time from request to first response in 0.014000ms
[2025-01-31 15:59:54.362587] INFO: Received headers - MPI-Rank: 20, Group-ID: 1, Job-ID: 1, Sub-Job-ID: 21, Rank-Count: 32
[2025-01-31 15:59:54.507720] INFO: Receive loop #1 received 16384 bytes in 284.482000ms
[2025-01-31 15:59:54.660796] INFO: Receive loop #2 received 16384 bytes in 0.059000ms
[2025-01-31 15:59:54.869280] INFO: Receive loop #3 received 16384 bytes in 0.072000ms
[2025-01-31 15:59:55.097118] INFO: Receive loop #4 received 16384 bytes in 0.111000ms
[2025-01-31 15:59:55.395547] INFO: Receive loop #5 received 16384 bytes in 0.028000ms
[2025-01-31 15:59:55.603417] INFO: Receive loop #6 received 16384 bytes in 0.028000ms
[2025-01-31 15:59:55.808432] INFO: Receive loop #7 received 16384 bytes in 0.019000ms
[2025-01-31 15:59:56.060494] INFO: Receive loop #8 received 16384 bytes in 0.179000ms
[2025-01-31 15:59:56.256251] INFO: Receive loop #9 received 16384 bytes in 0.029000ms
[2025-01-31 15:59:56.365430] INFO: Receive loop #10 received 16384 bytes in 0.029000ms
[2025-01-31 15:59:56.486572] INFO: Receive loop #11 received 16384 bytes in 0.028000ms
[2025-01-31 15:59:56.614605] INFO: Receive loop #12 received 7662 bytes in 0.018000ms
[2025-01-31 15:59:56.789540] INFO: Response received in 2588.830000ms
[2025-01-31 15:59:56.920231] INFO: File saved in 0.512000ms
[2025-01-31 15:59:57.085389] INFO: File saved to: /home/vc/kurotaka/objects/temp_12
[2025-01-31 15:59:57.266995] INFO: Execution permission granted to: /home/vc/kurotaka/objects/temp_12
[2025-01-31 15:59:57.387908] INFO: Executing command: /home/vc/kurotaka/objects/temp_12 20 32 1
[2025-01-31 15:59:59.331015] INFO: Command executed in 1761.946000ms
[2025-01-31 15:59:59.539113] INFO: Result saved to: /home/vc/kurotaka/results/result_12
[2025-01-31 15:59:59.766216] INFO: Second connection established in 0.151000ms
[2025-01-31 15:59:59.961095] INFO: Sending result upload request
[2025-01-31 16:00:00.184647] INFO: Second request sent in 0.022000ms
[2025-01-31 16:00:00.420011] INFO: Result uploaded in 0.052000ms
[2025-01-31 16:00:00.509180] INFO: Process completed successfully. Total execution time in 6971.481000ms

