
[2025-01-28 15:36:19.665213] INFO: Process started with ID: 429
[2025-01-28 15:36:20.980542] INFO: First connection established in 0.221000ms
[2025-01-28 15:36:22.259615] INFO: Sending request: GET /http_server/send-object.php?ID=429 HTTP/1.1
Host: 192.168.100.3
Connection: close


[2025-01-28 15:36:23.581329] INFO: First request sent in 0.034000ms
[2025-01-28 15:36:25.339067] INFO: Time from request to first response:0.010000ms
[2025-01-28 15:36:27.462770] INFO: Received headers - MPI-Rank: 215, Group-ID: 1, Job-ID: 1, Sub-Job-ID: 216, Rank-Count: 512
[2025-01-28 15:36:29.741027] INFO: Receive loop #1 received 16384 bytes in 4595.158000ms
[2025-01-28 15:36:31.679278] INFO: Receive loop #2 received 16384 bytes in 0.080000ms
[2025-01-28 15:36:34.256301] INFO: Receive loop #3 received 16384 bytes in 0.073000ms
[2025-01-28 15:36:37.029571] INFO: Receive loop #4 received 16384 bytes in 0.107000ms
[2025-01-28 15:36:39.204172] INFO: Receive loop #5 received 16384 bytes in 0.037000ms
[2025-01-28 15:36:40.666658] INFO: Receive loop #6 received 16384 bytes in 0.029000ms
[2025-01-28 15:36:42.992619] INFO: Receive loop #7 received 16384 bytes in 0.006000ms
[2025-01-28 15:36:45.568352] INFO: Receive loop #8 received 16384 bytes in 0.062000ms
[2025-01-28 15:36:47.618566] INFO: Receive loop #9 received 16384 bytes in 0.013000ms
[2025-01-28 15:36:49.578782] INFO: Receive loop #10 received 16384 bytes in 0.007000ms
[2025-01-28 15:36:51.191404] INFO: Receive loop #11 received 16384 bytes in 0.012000ms
[2025-01-28 15:36:52.753531] INFO: Receive loop #12 received 7665 bytes in 0.018000ms
[2025-01-28 15:36:55.383966] INFO: Response received in 29970.672000ms
[2025-01-28 15:36:58.177222] INFO: File saved in 0.459000ms
[2025-01-28 15:37:00.715009] INFO: File saved to: /home/vc/kurotaka/objects/temp_429
[2025-01-28 15:37:03.093020] INFO: Execution permission granted to: /home/vc/kurotaka/objects/temp_429
[2025-01-28 15:37:05.372294] INFO: Executing command: /home/vc/kurotaka/objects/temp_429 215 512
[2025-01-28 15:37:58.782314] INFO: Command executed in 50234.619000ms
[2025-01-28 15:38:02.390027] INFO: Result saved to: /home/vc/kurotaka/results/result_429
[2025-01-28 15:38:05.929922] INFO: Second connection established in 0.170000ms
[2025-01-28 15:38:09.734871] INFO: Sending result upload request
[2025-01-28 15:38:13.628449] INFO: Second request sent in 0.030000ms
[2025-01-28 15:38:16.720377] INFO: Result uploaded in 0.062000ms
[2025-01-28 15:38:20.260590] INFO: Process completed successfully. Total execution time: 2m 10905.963000ms

