
[2025-01-28 15:36:25.995584] INFO: Process started with ID: 165
[2025-01-28 15:36:28.726690] INFO: First connection established in 0.265000ms
[2025-01-28 15:36:31.601713] INFO: Sending request: GET /http_server/send-object.php?ID=165 HTTP/1.1
Host: 192.168.100.3
Connection: close


[2025-01-28 15:36:34.200131] INFO: First request sent in 0.026000ms
[2025-01-28 15:36:36.527497] INFO: Time from request to first response:0.030000ms
[2025-01-28 15:36:38.789535] INFO: Received headers - MPI-Rank: 269, Group-ID: 1, Job-ID: 1, Sub-Job-ID: 270, Rank-Count: 512
[2025-01-28 15:36:40.143323] INFO: Receive loop #1 received 16384 bytes in 4265.948000ms
[2025-01-28 15:36:42.386674] INFO: Receive loop #2 received 16384 bytes in 0.069000ms
[2025-01-28 15:36:45.094344] INFO: Receive loop #3 received 16384 bytes in 0.079000ms
[2025-01-28 15:36:46.675913] INFO: Receive loop #4 received 16384 bytes in 0.137000ms
[2025-01-28 15:36:49.075441] INFO: Receive loop #5 received 16384 bytes in 0.031000ms
[2025-01-28 15:36:50.550504] INFO: Receive loop #6 received 16384 bytes in 0.034000ms
[2025-01-28 15:36:52.150647] INFO: Receive loop #7 received 16384 bytes in 0.006000ms
[2025-01-28 15:36:54.311713] INFO: Receive loop #8 received 16384 bytes in 0.250000ms
[2025-01-28 15:36:56.573675] INFO: Receive loop #9 received 16384 bytes in 0.037000ms
[2025-01-28 15:36:59.013796] INFO: Receive loop #10 received 16384 bytes in 0.032000ms
[2025-01-28 15:37:01.554492] INFO: Receive loop #11 received 16384 bytes in 0.006000ms
[2025-01-28 15:37:04.321713] INFO: Receive loop #12 received 7665 bytes in 0.023000ms
[2025-01-28 15:37:06.748541] INFO: Response received in 30350.675000ms
[2025-01-28 15:37:09.184810] INFO: File saved in 0.495000ms
[2025-01-28 15:37:11.041431] INFO: File saved to: /home/vc/kurotaka/objects/temp_165
[2025-01-28 15:37:13.242577] INFO: Execution permission granted to: /home/vc/kurotaka/objects/temp_165
[2025-01-28 15:37:14.513512] INFO: Executing command: /home/vc/kurotaka/objects/temp_165 269 512
[2025-01-28 15:38:00.202284] INFO: Command executed in 44260.226000ms
[2025-01-28 15:38:03.793520] INFO: Result saved to: /home/vc/kurotaka/results/result_165
[2025-01-28 15:38:06.703207] INFO: Second connection established in 0.225000ms
[2025-01-28 15:38:10.523746] INFO: Sending result upload request
[2025-01-28 15:38:14.158643] INFO: Second request sent in 0.026000ms
[2025-01-28 15:38:17.156086] INFO: Result uploaded in 0.010000ms
[2025-01-28 15:38:20.467416] INFO: Process completed successfully. Total execution time: 2m 11531.212000ms

