
[2025-01-28 15:36:50.235683] INFO: Process started with ID: 247
[2025-01-28 15:36:51.760040] INFO: First connection established in 0.265000ms
[2025-01-28 15:36:53.576053] INFO: Sending request: GET /http_server/send-object.php?ID=247 HTTP/1.1
Host: 192.168.100.3
Connection: close


[2025-01-28 15:36:56.271906] INFO: First request sent in 0.034000ms
[2025-01-28 15:36:58.827589] INFO: Time from request to first response:0.028000ms
[2025-01-28 15:37:01.402066] INFO: Received headers - MPI-Rank: 404, Group-ID: 1, Job-ID: 1, Sub-Job-ID: 405, Rank-Count: 512
[2025-01-28 15:37:04.230038] INFO: Receive loop #1 received 16384 bytes in 4845.265000ms
[2025-01-28 15:37:06.523640] INFO: Receive loop #2 received 16384 bytes in 0.091000ms
[2025-01-28 15:37:09.183467] INFO: Receive loop #3 received 16384 bytes in 0.079000ms
[2025-01-28 15:37:10.963523] INFO: Receive loop #4 received 16384 bytes in 0.023000ms
[2025-01-28 15:37:12.454428] INFO: Receive loop #5 received 16384 bytes in 0.028000ms
[2025-01-28 15:37:13.631942] INFO: Receive loop #6 received 16384 bytes in 0.035000ms
[2025-01-28 15:37:14.533636] INFO: Receive loop #7 received 16384 bytes in 0.036000ms
[2025-01-28 15:37:15.820353] INFO: Receive loop #8 received 16384 bytes in 0.324000ms
[2025-01-28 15:37:17.892559] INFO: Receive loop #9 received 16384 bytes in 0.013000ms
[2025-01-28 15:37:19.948060] INFO: Receive loop #10 received 16384 bytes in 0.007000ms
[2025-01-28 15:37:21.006862] INFO: Receive loop #11 received 16384 bytes in 0.026000ms
[2025-01-28 15:37:22.649112] INFO: Receive loop #12 received 7665 bytes in 0.006000ms
[2025-01-28 15:37:24.251626] INFO: Response received in 25540.751000ms
[2025-01-28 15:37:25.573920] INFO: File saved in 0.463000ms
[2025-01-28 15:37:26.822097] INFO: File saved to: /home/vc/kurotaka/objects/temp_247
[2025-01-28 15:37:29.069316] INFO: Execution permission granted to: /home/vc/kurotaka/objects/temp_247
[2025-01-28 15:37:30.040742] INFO: Executing command: /home/vc/kurotaka/objects/temp_247 404 512
[2025-01-28 15:37:57.463348] INFO: Command executed in 25834.476000ms
[2025-01-28 15:38:00.000219] INFO: Result saved to: /home/vc/kurotaka/results/result_247
[2025-01-28 15:38:03.527913] INFO: Second connection established in 0.276000ms
[2025-01-28 15:38:06.372496] INFO: Sending result upload request
[2025-01-28 15:38:10.060228] INFO: Second request sent in 0.018000ms
[2025-01-28 15:38:13.805950] INFO: Result uploaded in 0.058000ms
[2025-01-28 15:38:16.862954] INFO: Process completed successfully. Total execution time: 2m 7315.947000ms

