
[2025-01-28 15:36:34.221392] INFO: Process started with ID: 7
[2025-01-28 15:36:36.648955] INFO: First connection established in 0.235000ms
[2025-01-28 15:36:38.983019] INFO: Sending request: GET /http_server/send-object.php?ID=7 HTTP/1.1
Host: 192.168.100.3
Connection: close


[2025-01-28 15:36:40.242168] INFO: First request sent in 0.010000ms
[2025-01-28 15:36:42.489894] INFO: Time from request to first response:0.022000ms
[2025-01-28 15:36:45.183200] INFO: Received headers - MPI-Rank: 310, Group-ID: 1, Job-ID: 1, Sub-Job-ID: 311, Rank-Count: 512
[2025-01-28 15:36:46.829550] INFO: Receive loop #1 received 16384 bytes in 4259.381000ms
[2025-01-28 15:36:49.152702] INFO: Receive loop #2 received 16384 bytes in 0.068000ms
[2025-01-28 15:36:50.711449] INFO: Receive loop #3 received 16384 bytes in 0.080000ms
[2025-01-28 15:36:52.286755] INFO: Receive loop #4 received 16384 bytes in 0.128000ms
[2025-01-28 15:36:54.801109] INFO: Receive loop #5 received 16384 bytes in 0.029000ms
[2025-01-28 15:36:57.153344] INFO: Receive loop #6 received 16384 bytes in 0.029000ms
[2025-01-28 15:36:59.417486] INFO: Receive loop #7 received 16384 bytes in 0.058000ms
[2025-01-28 15:37:02.145860] INFO: Receive loop #8 received 16384 bytes in 0.373000ms
[2025-01-28 15:37:04.777941] INFO: Receive loop #9 received 16384 bytes in 0.011000ms
[2025-01-28 15:37:07.567200] INFO: Receive loop #10 received 16384 bytes in 0.046000ms
[2025-01-28 15:37:09.184540] INFO: Receive loop #11 received 16384 bytes in 0.031000ms
[2025-01-28 15:37:11.015921] INFO: Receive loop #12 received 7665 bytes in 0.018000ms
[2025-01-28 15:37:12.525036] INFO: Response received in 29669.749000ms
[2025-01-28 15:37:13.685361] INFO: File saved in 0.455000ms
[2025-01-28 15:37:15.161008] INFO: File saved to: /home/vc/kurotaka/objects/temp_7
[2025-01-28 15:37:18.180594] INFO: Execution permission granted to: /home/vc/kurotaka/objects/temp_7
[2025-01-28 15:37:20.349339] INFO: Executing command: /home/vc/kurotaka/objects/temp_7 310 512
[2025-01-28 15:38:04.713105] INFO: Command executed in 42944.122000ms
[2025-01-28 15:38:08.276499] INFO: Result saved to: /home/vc/kurotaka/results/result_7
[2025-01-28 15:38:12.554595] INFO: Second connection established in 0.223000ms
[2025-01-28 15:38:15.567182] INFO: Sending result upload request
[2025-01-28 15:38:19.107585] INFO: Second request sent in 0.003000ms
[2025-01-28 15:38:21.070863] INFO: Result uploaded in 0.010000ms
[2025-01-28 15:38:22.440254] INFO: Process completed successfully. Total execution time: 2m 13587.725000ms

