
[2025-01-28 15:36:15.544364] INFO: Process started with ID: 440
[2025-01-28 15:36:16.218817] INFO: First connection established in 0.281000ms
[2025-01-28 15:36:17.072011] INFO: Sending request: GET /http_server/send-object.php?ID=440 HTTP/1.1
Host: 192.168.100.3
Connection: close


[2025-01-28 15:36:17.893207] INFO: First request sent in 0.027000ms
[2025-01-28 15:36:18.974241] INFO: Time from request to first response:0.031000ms
[2025-01-28 15:36:19.899299] INFO: Received headers - MPI-Rank: 155, Group-ID: 1, Job-ID: 1, Sub-Job-ID: 156, Rank-Count: 512
[2025-01-28 15:36:21.463058] INFO: Receive loop #1 received 16384 bytes in 2228.799000ms
[2025-01-28 15:36:22.556516] INFO: Receive loop #2 received 16384 bytes in 0.072000ms
[2025-01-28 15:36:23.932266] INFO: Receive loop #3 received 16384 bytes in 0.089000ms
[2025-01-28 15:36:25.884985] INFO: Receive loop #4 received 16384 bytes in 0.114000ms
[2025-01-28 15:36:28.682693] INFO: Receive loop #5 received 16384 bytes in 0.028000ms
[2025-01-28 15:36:30.644861] INFO: Receive loop #6 received 16384 bytes in 0.056000ms
[2025-01-28 15:36:32.770095] INFO: Receive loop #7 received 16384 bytes in 0.029000ms
[2025-01-28 15:36:35.218239] INFO: Receive loop #8 received 16384 bytes in 0.049000ms
[2025-01-28 15:36:37.882327] INFO: Receive loop #9 received 16384 bytes in 0.039000ms
[2025-01-28 15:36:39.694276] INFO: Receive loop #10 received 16384 bytes in 0.009000ms
[2025-01-28 15:36:42.142241] INFO: Receive loop #11 received 16384 bytes in 0.030000ms
[2025-01-28 15:36:44.379097] INFO: Receive loop #12 received 7665 bytes in 0.019000ms
[2025-01-28 15:36:46.278711] INFO: Response received in 27005.189000ms
[2025-01-28 15:36:48.865035] INFO: File saved in 0.517000ms
[2025-01-28 15:36:50.419685] INFO: File saved to: /home/vc/kurotaka/objects/temp_440
[2025-01-28 15:36:52.087394] INFO: Execution permission granted to: /home/vc/kurotaka/objects/temp_440
[2025-01-28 15:36:54.150358] INFO: Executing command: /home/vc/kurotaka/objects/temp_440 155 512
[2025-01-28 15:37:56.949893] INFO: Command executed in 1m 505.132000ms
[2025-01-28 15:38:00.140574] INFO: Result saved to: /home/vc/kurotaka/results/result_440
[2025-01-28 15:38:04.175309] INFO: Second connection established in 0.249000ms
[2025-01-28 15:38:07.702893] INFO: Sending result upload request
[2025-01-28 15:38:11.328187] INFO: Second request sent in 0.025000ms
[2025-01-28 15:38:14.888120] INFO: Result uploaded in 0.055000ms
[2025-01-28 15:38:18.021023] INFO: Process completed successfully. Total execution time: 2m 8618.954000ms

