
[2025-01-28 15:36:18.789008] INFO: Process started with ID: 453
[2025-01-28 15:36:19.713510] INFO: First connection established in 0.234000ms
[2025-01-28 15:36:21.033679] INFO: Sending request: GET /http_server/send-object.php?ID=453 HTTP/1.1
Host: 192.168.100.3
Connection: close


[2025-01-28 15:36:22.272304] INFO: First request sent in 0.040000ms
[2025-01-28 15:36:23.633138] INFO: Time from request to first response:0.029000ms
[2025-01-28 15:36:25.461837] INFO: Received headers - MPI-Rank: 203, Group-ID: 1, Job-ID: 1, Sub-Job-ID: 204, Rank-Count: 512
[2025-01-28 15:36:27.640611] INFO: Receive loop #1 received 16384 bytes in 3551.861000ms
[2025-01-28 15:36:29.876905] INFO: Receive loop #2 received 16384 bytes in 0.065000ms
[2025-01-28 15:36:31.802661] INFO: Receive loop #3 received 16384 bytes in 0.088000ms
[2025-01-28 15:36:34.387806] INFO: Receive loop #4 received 16384 bytes in 0.113000ms
[2025-01-28 15:36:37.134679] INFO: Receive loop #5 received 16384 bytes in 0.028000ms
[2025-01-28 15:36:39.304141] INFO: Receive loop #6 received 16384 bytes in 0.005000ms
[2025-01-28 15:36:40.776284] INFO: Receive loop #7 received 16384 bytes in 0.008000ms
[2025-01-28 15:36:43.048922] INFO: Receive loop #8 received 16384 bytes in 0.106000ms
[2025-01-28 15:36:45.624804] INFO: Receive loop #9 received 16384 bytes in 0.007000ms
[2025-01-28 15:36:47.881223] INFO: Receive loop #10 received 16384 bytes in 0.030000ms
[2025-01-28 15:36:49.822748] INFO: Receive loop #11 received 16384 bytes in 0.005000ms
[2025-01-28 15:36:51.332901] INFO: Receive loop #12 received 7665 bytes in 0.017000ms
[2025-01-28 15:36:52.931145] INFO: Response received in 29020.827000ms
[2025-01-28 15:36:55.567590] INFO: File saved in 0.466000ms
[2025-01-28 15:36:58.285543] INFO: File saved to: /home/vc/kurotaka/objects/temp_453
[2025-01-28 15:37:00.977221] INFO: Execution permission granted to: /home/vc/kurotaka/objects/temp_453
[2025-01-28 15:37:03.237590] INFO: Executing command: /home/vc/kurotaka/objects/temp_453 203 512
[2025-01-28 15:38:05.508210] INFO: Command executed in 59632.705000ms
[2025-01-28 15:38:08.877922] INFO: Result saved to: /home/vc/kurotaka/results/result_453
[2025-01-28 15:38:13.151688] INFO: Second connection established in 0.229000ms
[2025-01-28 15:38:15.907420] INFO: Sending result upload request
[2025-01-28 15:38:19.837151] INFO: Second request sent in 0.004000ms
[2025-01-28 15:38:21.483978] INFO: Result uploaded in 0.015000ms
[2025-01-28 15:38:23.218993] INFO: Process completed successfully. Total execution time: 2m 14576.131000ms

