
[2025-01-28 15:36:34.231132] INFO: Process started with ID: 352
[2025-01-28 15:36:36.806546] INFO: First connection established in 0.223000ms
[2025-01-28 15:36:39.069583] INFO: Sending request: GET /http_server/send-object.php?ID=352 HTTP/1.1
Host: 192.168.100.3
Connection: close


[2025-01-28 15:36:40.536378] INFO: First request sent in 0.030000ms
[2025-01-28 15:36:42.810102] INFO: Time from request to first response:0.035000ms
[2025-01-28 15:36:45.499330] INFO: Received headers - MPI-Rank: 314, Group-ID: 1, Job-ID: 1, Sub-Job-ID: 315, Rank-Count: 512
[2025-01-28 15:36:47.530093] INFO: Receive loop #1 received 16384 bytes in 4312.167000ms
[2025-01-28 15:36:49.534436] INFO: Receive loop #2 received 16384 bytes in 0.016000ms
[2025-01-28 15:36:51.276203] INFO: Receive loop #3 received 16384 bytes in 0.079000ms
[2025-01-28 15:36:52.854920] INFO: Receive loop #4 received 16384 bytes in 0.024000ms
[2025-01-28 15:36:55.384180] INFO: Receive loop #5 received 16384 bytes in 0.039000ms
[2025-01-28 15:36:58.136801] INFO: Receive loop #6 received 16384 bytes in 0.029000ms
[2025-01-28 15:37:00.609274] INFO: Receive loop #7 received 16384 bytes in 0.008000ms
[2025-01-28 15:37:02.895408] INFO: Receive loop #8 received 16384 bytes in 0.261000ms
[2025-01-28 15:37:05.229194] INFO: Receive loop #9 received 16384 bytes in 0.035000ms
[2025-01-28 15:37:07.972755] INFO: Receive loop #10 received 16384 bytes in 0.030000ms
[2025-01-28 15:37:10.245849] INFO: Receive loop #11 received 16384 bytes in 0.032000ms
[2025-01-28 15:37:11.902899] INFO: Receive loop #12 received 7665 bytes in 0.026000ms
[2025-01-28 15:37:13.241619] INFO: Response received in 29960.148000ms
[2025-01-28 15:37:14.478136] INFO: File saved in 0.099000ms
[2025-01-28 15:37:15.905290] INFO: File saved to: /home/vc/kurotaka/objects/temp_352
[2025-01-28 15:37:19.358009] INFO: Execution permission granted to: /home/vc/kurotaka/objects/temp_352
[2025-01-28 15:37:20.928376] INFO: Executing command: /home/vc/kurotaka/objects/temp_352 314 512
[2025-01-28 15:37:58.575537] INFO: Command executed in 35417.492000ms
[2025-01-28 15:38:01.609803] INFO: Result saved to: /home/vc/kurotaka/results/result_352
[2025-01-28 15:38:04.668695] INFO: Second connection established in 0.298000ms
[2025-01-28 15:38:08.124072] INFO: Sending result upload request
[2025-01-28 15:38:11.855464] INFO: Second request sent in 0.036000ms
[2025-01-28 15:38:15.246991] INFO: Result uploaded in 0.055000ms
[2025-01-28 15:38:18.692216] INFO: Process completed successfully. Total execution time: 2m 9138.968000ms

