
[2025-01-28 15:36:31.679241] INFO: Process started with ID: 310
[2025-01-28 15:36:34.348738] INFO: First connection established in 0.273000ms
[2025-01-28 15:36:37.146524] INFO: Sending request: GET /http_server/send-object.php?ID=310 HTTP/1.1
Host: 192.168.100.3
Connection: close


[2025-01-28 15:36:39.253921] INFO: First request sent in 0.034000ms
[2025-01-28 15:36:40.748275] INFO: Time from request to first response:0.008000ms
[2025-01-28 15:36:43.049026] INFO: Received headers - MPI-Rank: 302, Group-ID: 1, Job-ID: 1, Sub-Job-ID: 303, Rank-Count: 512
[2025-01-28 15:36:45.733567] INFO: Receive loop #1 received 16384 bytes in 4945.310000ms
[2025-01-28 15:36:48.113545] INFO: Receive loop #2 received 16384 bytes in 0.059000ms
[2025-01-28 15:36:49.798820] INFO: Receive loop #3 received 16384 bytes in 0.044000ms
[2025-01-28 15:36:51.359642] INFO: Receive loop #4 received 16384 bytes in 0.103000ms
[2025-01-28 15:36:52.931437] INFO: Receive loop #5 received 16384 bytes in 0.005000ms
[2025-01-28 15:36:55.492694] INFO: Receive loop #6 received 16384 bytes in 0.028000ms
[2025-01-28 15:36:58.163897] INFO: Receive loop #7 received 16384 bytes in 0.035000ms
[2025-01-28 15:37:00.715178] INFO: Receive loop #8 received 16384 bytes in 0.069000ms
[2025-01-28 15:37:02.999200] INFO: Receive loop #9 received 16384 bytes in 0.034000ms
[2025-01-28 15:37:05.262061] INFO: Receive loop #10 received 16384 bytes in 0.025000ms
[2025-01-28 15:37:07.998554] INFO: Receive loop #11 received 16384 bytes in 0.028000ms
[2025-01-28 15:37:10.278161] INFO: Receive loop #12 received 7665 bytes in 0.023000ms
[2025-01-28 15:37:11.904219] INFO: Response received in 30646.090000ms
[2025-01-28 15:37:13.242105] INFO: File saved in 0.448000ms
[2025-01-28 15:37:14.512828] INFO: File saved to: /home/vc/kurotaka/objects/temp_310
[2025-01-28 15:37:17.713266] INFO: Execution permission granted to: /home/vc/kurotaka/objects/temp_310
[2025-01-28 15:37:19.448148] INFO: Executing command: /home/vc/kurotaka/objects/temp_310 302 512
[2025-01-28 15:37:59.876298] INFO: Command executed in 38875.262000ms
[2025-01-28 15:38:03.080885] INFO: Result saved to: /home/vc/kurotaka/results/result_310
[2025-01-28 15:38:06.215682] INFO: Second connection established in 0.167000ms
[2025-01-28 15:38:09.804692] INFO: Sending result upload request
[2025-01-28 15:38:13.628498] INFO: Second request sent in 0.026000ms
[2025-01-28 15:38:16.680884] INFO: Result uploaded in 0.011000ms
[2025-01-28 15:38:20.260828] INFO: Process completed successfully. Total execution time: 2m 10827.767000ms

