
[2025-01-28 15:36:50.674149] INFO: Process started with ID: 415
[2025-01-28 15:36:52.286823] INFO: First connection established in 0.174000ms
[2025-01-28 15:36:54.898413] INFO: Sending request: GET /http_server/send-object.php?ID=415 HTTP/1.1
Host: 192.168.100.3
Connection: close


[2025-01-28 15:36:57.245209] INFO: First request sent in 0.031000ms
[2025-01-28 15:36:59.581174] INFO: Time from request to first response:0.017000ms
[2025-01-28 15:37:02.062172] INFO: Received headers - MPI-Rank: 410, Group-ID: 1, Job-ID: 1, Sub-Job-ID: 411, Rank-Count: 512
[2025-01-28 15:37:04.707909] INFO: Receive loop #1 received 16384 bytes in 5345.475000ms
[2025-01-28 15:37:07.429503] INFO: Receive loop #2 received 16384 bytes in 0.074000ms
[2025-01-28 15:37:09.184486] INFO: Receive loop #3 received 16384 bytes in 0.080000ms
[2025-01-28 15:37:11.074011] INFO: Receive loop #4 received 16384 bytes in 0.039000ms
[2025-01-28 15:37:12.524888] INFO: Receive loop #5 received 16384 bytes in 0.043000ms
[2025-01-28 15:37:13.903301] INFO: Receive loop #6 received 16384 bytes in 0.007000ms
[2025-01-28 15:37:15.571172] INFO: Receive loop #7 received 16384 bytes in 0.007000ms
[2025-01-28 15:37:17.834160] INFO: Receive loop #8 received 16384 bytes in 0.252000ms
[2025-01-28 15:37:19.897075] INFO: Receive loop #9 received 16384 bytes in 0.034000ms
[2025-01-28 15:37:21.006779] INFO: Receive loop #10 received 16384 bytes in 0.030000ms
[2025-01-28 15:37:22.697684] INFO: Receive loop #11 received 16384 bytes in 0.029000ms
[2025-01-28 15:37:24.413967] INFO: Receive loop #12 received 7665 bytes in 0.015000ms
[2025-01-28 15:37:25.750946] INFO: Response received in 26043.978000ms
[2025-01-28 15:37:27.466676] INFO: File saved in 0.456000ms
[2025-01-28 15:37:28.987894] INFO: File saved to: /home/vc/kurotaka/objects/temp_415
[2025-01-28 15:37:31.046939] INFO: Execution permission granted to: /home/vc/kurotaka/objects/temp_415
[2025-01-28 15:37:32.775471] INFO: Executing command: /home/vc/kurotaka/objects/temp_415 410 512
[2025-01-28 15:37:55.038061] INFO: Command executed in 21244.174000ms
[2025-01-28 15:37:57.584014] INFO: Result saved to: /home/vc/kurotaka/results/result_415
[2025-01-28 15:38:01.276924] INFO: Second connection established in 0.180000ms
[2025-01-28 15:38:04.736406] INFO: Sending result upload request
[2025-01-28 15:38:08.310832] INFO: Second request sent in 0.031000ms
[2025-01-28 15:38:12.434955] INFO: Result uploaded in 0.067000ms
[2025-01-28 15:38:15.457782] INFO: Process completed successfully. Total execution time: 2m 6415.348000ms

