
[2025-01-28 15:36:26.658264] INFO: Process started with ID: 380
[2025-01-28 15:36:29.240558] INFO: First connection established in 0.252000ms
[2025-01-28 15:36:31.641746] INFO: Sending request: GET /http_server/send-object.php?ID=380 HTTP/1.1
Host: 192.168.100.3
Connection: close


[2025-01-28 15:36:34.213856] INFO: First request sent in 0.035000ms
[2025-01-28 15:36:36.648780] INFO: Time from request to first response:0.031000ms
[2025-01-28 15:36:38.966905] INFO: Received headers - MPI-Rank: 273, Group-ID: 1, Job-ID: 1, Sub-Job-ID: 274, Rank-Count: 512
[2025-01-28 15:36:40.218591] INFO: Receive loop #1 received 16384 bytes in 4066.665000ms
[2025-01-28 15:36:42.469393] INFO: Receive loop #2 received 16384 bytes in 0.011000ms
[2025-01-28 15:36:45.145603] INFO: Receive loop #3 received 16384 bytes in 0.092000ms
[2025-01-28 15:36:46.794849] INFO: Receive loop #4 received 16384 bytes in 0.112000ms
[2025-01-28 15:36:49.137570] INFO: Receive loop #5 received 16384 bytes in 0.028000ms
[2025-01-28 15:36:50.634911] INFO: Receive loop #6 received 16384 bytes in 0.005000ms
[2025-01-28 15:36:52.219996] INFO: Receive loop #7 received 16384 bytes in 0.007000ms
[2025-01-28 15:36:54.511864] INFO: Receive loop #8 received 16384 bytes in 0.084000ms
[2025-01-28 15:36:56.780627] INFO: Receive loop #9 received 16384 bytes in 0.013000ms
[2025-01-28 15:36:59.132292] INFO: Receive loop #10 received 16384 bytes in 0.028000ms
[2025-01-28 15:37:01.660129] INFO: Receive loop #11 received 16384 bytes in 0.031000ms
[2025-01-28 15:37:04.389320] INFO: Receive loop #12 received 7665 bytes in 0.006000ms
[2025-01-28 15:37:06.998607] INFO: Response received in 30255.049000ms
[2025-01-28 15:37:09.167870] INFO: File saved in 0.517000ms
[2025-01-28 15:37:10.907833] INFO: File saved to: /home/vc/kurotaka/objects/temp_380
[2025-01-28 15:37:13.240517] INFO: Execution permission granted to: /home/vc/kurotaka/objects/temp_380
[2025-01-28 15:37:14.477434] INFO: Executing command: /home/vc/kurotaka/objects/temp_380 273 512
[2025-01-28 15:38:05.126277] INFO: Command executed in 49145.065000ms
[2025-01-28 15:38:08.406186] INFO: Result saved to: /home/vc/kurotaka/results/result_380
[2025-01-28 15:38:12.527807] INFO: Second connection established in 0.237000ms
[2025-01-28 15:38:15.605374] INFO: Sending result upload request
[2025-01-28 15:38:19.278574] INFO: Second request sent in 0.004000ms
[2025-01-28 15:38:21.448000] INFO: Result uploaded in 0.013000ms
[2025-01-28 15:38:23.343670] INFO: Process completed successfully. Total execution time: 2m 14605.768000ms

