
[2025-01-28 15:36:09.142452] INFO: Process started with ID: 484
[2025-01-28 15:36:09.708244] INFO: First connection established in 0.182000ms
[2025-01-28 15:36:10.104322] INFO: Sending request: GET /http_server/send-object.php?ID=484 HTTP/1.1
Host: 192.168.100.3
Connection: close


[2025-01-28 15:36:10.803556] INFO: First request sent in 0.043000ms
[2025-01-28 15:36:12.085067] INFO: Time from request to first response:0.034000ms
[2025-01-28 15:36:12.970974] INFO: Received headers - MPI-Rank: 50, Group-ID: 1, Job-ID: 1, Sub-Job-ID: 51, Rank-Count: 512
[2025-01-28 15:36:13.947327] INFO: Receive loop #1 received 16384 bytes in 1932.726000ms
[2025-01-28 15:36:14.965778] INFO: Receive loop #2 received 16384 bytes in 0.061000ms
[2025-01-28 15:36:15.720420] INFO: Receive loop #3 received 16384 bytes in 0.075000ms
[2025-01-28 15:36:16.414373] INFO: Receive loop #4 received 16384 bytes in 0.121000ms
[2025-01-28 15:36:17.272833] INFO: Receive loop #5 received 16384 bytes in 0.029000ms
[2025-01-28 15:36:18.063469] INFO: Receive loop #6 received 16384 bytes in 0.037000ms
[2025-01-28 15:36:19.141807] INFO: Receive loop #7 received 16384 bytes in 0.031000ms
[2025-01-28 15:36:20.110508] INFO: Receive loop #8 received 16384 bytes in 0.254000ms
[2025-01-28 15:36:21.673267] INFO: Receive loop #9 received 16384 bytes in 0.033000ms
[2025-01-28 15:36:22.726192] INFO: Receive loop #10 received 16384 bytes in 0.027000ms
[2025-01-28 15:36:24.093679] INFO: Receive loop #11 received 16384 bytes in 0.027000ms
[2025-01-28 15:36:26.062782] INFO: Receive loop #12 received 7663 bytes in 0.017000ms
[2025-01-28 15:36:28.793971] INFO: Response received in 15993.855000ms
[2025-01-28 15:36:31.641555] INFO: File saved in 0.459000ms
[2025-01-28 15:36:34.212486] INFO: File saved to: /home/vc/kurotaka/objects/temp_484
[2025-01-28 15:36:36.587877] INFO: Execution permission granted to: /home/vc/kurotaka/objects/temp_484
[2025-01-28 15:36:38.950414] INFO: Executing command: /home/vc/kurotaka/objects/temp_484 50 512
[2025-01-28 15:37:52.626195] INFO: Command executed in 1m 12267.546000ms
[2025-01-28 15:37:53.756096] INFO: Result saved to: /home/vc/kurotaka/results/result_484
[2025-01-28 15:37:56.168702] INFO: Second connection established in 0.322000ms
[2025-01-28 15:37:59.114845] INFO: Sending result upload request
[2025-01-28 15:38:02.532256] INFO: Second request sent in 0.029000ms
[2025-01-28 15:38:06.124618] INFO: Result uploaded in 0.055000ms
[2025-01-28 15:38:09.900439] INFO: Process completed successfully. Total execution time: 2m 138.040000ms

