
[2025-01-28 15:36:21.789185] INFO: Process started with ID: 458
[2025-01-28 15:36:22.954858] INFO: First connection established in 0.172000ms
[2025-01-28 15:36:24.347501] INFO: Sending request: GET /http_server/send-object.php?ID=458 HTTP/1.1
Host: 192.168.100.3
Connection: close


[2025-01-28 15:36:26.362553] INFO: First request sent in 0.037000ms
[2025-01-28 15:36:29.013787] INFO: Time from request to first response:0.035000ms
[2025-01-28 15:36:31.644121] INFO: Received headers - MPI-Rank: 235, Group-ID: 1, Job-ID: 1, Sub-Job-ID: 236, Rank-Count: 512
[2025-01-28 15:36:34.223485] INFO: Receive loop #1 received 16384 bytes in 5316.801000ms
[2025-01-28 15:36:36.651291] INFO: Receive loop #2 received 16384 bytes in 0.066000ms
[2025-01-28 15:36:38.985574] INFO: Receive loop #3 received 16384 bytes in 0.088000ms
[2025-01-28 15:36:40.260954] INFO: Receive loop #4 received 16384 bytes in 0.044000ms
[2025-01-28 15:36:42.511603] INFO: Receive loop #5 received 16384 bytes in 0.005000ms
[2025-01-28 15:36:45.184135] INFO: Receive loop #6 received 16384 bytes in 0.030000ms
[2025-01-28 15:36:46.892171] INFO: Receive loop #7 received 16384 bytes in 0.037000ms
[2025-01-28 15:36:49.225054] INFO: Receive loop #8 received 16384 bytes in 0.245000ms
[2025-01-28 15:36:50.811595] INFO: Receive loop #9 received 16384 bytes in 0.031000ms
[2025-01-28 15:36:52.437379] INFO: Receive loop #10 received 16384 bytes in 0.029000ms
[2025-01-28 15:36:55.125451] INFO: Receive loop #11 received 16384 bytes in 0.036000ms
[2025-01-28 15:36:57.627035] INFO: Receive loop #12 received 7665 bytes in 0.022000ms
[2025-01-28 15:36:59.913470] INFO: Response received in 30395.718000ms
[2025-01-28 15:37:02.447099] INFO: File saved in 0.461000ms
[2025-01-28 15:37:04.911864] INFO: File saved to: /home/vc/kurotaka/objects/temp_458
[2025-01-28 15:37:07.618582] INFO: Execution permission granted to: /home/vc/kurotaka/objects/temp_458
[2025-01-28 15:37:09.221554] INFO: Executing command: /home/vc/kurotaka/objects/temp_458 235 512
[2025-01-28 15:38:01.776031] INFO: Command executed in 50180.216000ms
[2025-01-28 15:38:05.480259] INFO: Result saved to: /home/vc/kurotaka/results/result_458
[2025-01-28 15:38:08.845344] INFO: Second connection established in 0.235000ms
[2025-01-28 15:38:13.152069] INFO: Sending result upload request
[2025-01-28 15:38:15.907561] INFO: Second request sent in 0.023000ms
[2025-01-28 15:38:19.855426] INFO: Result uploaded in 0.010000ms
[2025-01-28 15:38:21.484138] INFO: Process completed successfully. Total execution time: 2m 12745.802000ms

