
[2025-01-31 16:30:38.507702] INFO: Process started with ID: 49
[2025-01-31 16:30:39.639146] INFO: First connection established in 0.199000ms
[2025-01-31 16:30:40.822166] INFO: Sending request: GET /http_server/send-object.php?ID=49 HTTP/1.1
Host: 192.168.100.3
Connection: close


[2025-01-31 16:30:41.444016] INFO: First request sent in 0.033000ms
[2025-01-31 16:30:42.098483] INFO: Time from request to first response in 0.035000ms
[2025-01-31 16:30:42.910586] INFO: Received headers - MPI-Rank: 115, Group-ID: 1, Job-ID: 1, Sub-Job-ID: 116, Rank-Count: 128
[2025-01-31 16:30:43.401888] INFO: Receive loop #1 received 16384 bytes in 1349.731000ms
[2025-01-31 16:30:44.062669] INFO: Receive loop #2 received 16384 bytes in 0.061000ms
[2025-01-31 16:30:44.518424] INFO: Receive loop #3 received 16384 bytes in 0.047000ms
[2025-01-31 16:30:45.098106] INFO: Receive loop #4 received 16384 bytes in 0.118000ms
[2025-01-31 16:30:45.781239] INFO: Receive loop #5 received 16384 bytes in 0.033000ms
[2025-01-31 16:30:46.182769] INFO: Receive loop #6 received 16384 bytes in 0.036000ms
[2025-01-31 16:30:46.706241] INFO: Receive loop #7 received 16384 bytes in 0.029000ms
[2025-01-31 16:30:47.451940] INFO: Receive loop #8 received 16384 bytes in 0.260000ms
[2025-01-31 16:30:48.384297] INFO: Receive loop #9 received 16384 bytes in 0.029000ms
[2025-01-31 16:30:48.869180] INFO: Receive loop #10 received 16384 bytes in 0.030000ms
[2025-01-31 16:30:49.735966] INFO: Receive loop #11 received 16384 bytes in 0.027000ms
[2025-01-31 16:30:50.794697] INFO: Receive loop #12 received 7665 bytes in 0.018000ms
[2025-01-31 16:30:51.456320] INFO: Response received in 9251.876000ms
[2025-01-31 16:30:52.370057] INFO: File saved in 0.505000ms
[2025-01-31 16:30:52.679515] INFO: File saved to: /home/vc/kurotaka/objects/temp_49
[2025-01-31 16:30:53.075654] INFO: Execution permission granted to: /home/vc/kurotaka/objects/temp_49
[2025-01-31 16:30:53.378511] INFO: Executing command: /home/vc/kurotaka/objects/temp_49 115 128 1
[2025-01-31 16:30:56.503760] INFO: Command executed in 2396.073000ms
[2025-01-31 16:30:57.300085] INFO: Result saved to: /home/vc/kurotaka/results/result_49
[2025-01-31 16:30:58.383081] INFO: Second connection established in 0.188000ms
[2025-01-31 16:30:59.123106] INFO: Sending result upload request
[2025-01-31 16:31:00.423770] INFO: Second request sent in 0.029000ms
[2025-01-31 16:31:01.581433] INFO: Result uploaded in 0.064000ms
[2025-01-31 16:31:02.380677] INFO: Process completed successfully. Total execution time in 27223.250000ms

