
[2025-01-31 16:30:34.933146] INFO: Process started with ID: 28
[2025-01-31 16:30:34.994269] INFO: First connection established in 0.201000ms
[2025-01-31 16:30:35.073396] INFO: Sending request: GET /http_server/send-object.php?ID=28 HTTP/1.1
Host: 192.168.100.3
Connection: close


[2025-01-31 16:30:35.256582] INFO: First request sent in 0.040000ms
[2025-01-31 16:30:35.655110] INFO: Time from request to first response in 0.033000ms
[2025-01-31 16:30:36.407680] INFO: Received headers - MPI-Rank: 0, Group-ID: 1, Job-ID: 1, Sub-Job-ID: 1, Rank-Count: 128
[2025-01-31 16:30:37.465445] INFO: Receive loop #1 received 16384 bytes in 1484.160000ms
[2025-01-31 16:30:38.111737] INFO: Receive loop #2 received 16384 bytes in 0.061000ms
[2025-01-31 16:30:38.828173] INFO: Receive loop #3 received 16384 bytes in 0.078000ms
[2025-01-31 16:30:40.042453] INFO: Receive loop #4 received 16384 bytes in 0.073000ms
[2025-01-31 16:30:40.933270] INFO: Receive loop #5 received 16384 bytes in 0.029000ms
[2025-01-31 16:30:41.500813] INFO: Receive loop #6 received 16384 bytes in 0.029000ms
[2025-01-31 16:30:42.145490] INFO: Receive loop #7 received 16384 bytes in 0.055000ms
[2025-01-31 16:30:42.968976] INFO: Receive loop #8 received 16384 bytes in 0.256000ms
[2025-01-31 16:30:43.557636] INFO: Receive loop #9 received 16384 bytes in 0.031000ms
[2025-01-31 16:30:44.199354] INFO: Receive loop #10 received 16384 bytes in 0.028000ms
[2025-01-31 16:30:44.643601] INFO: Receive loop #11 received 16384 bytes in 0.043000ms
[2025-01-31 16:30:45.386445] INFO: Receive loop #12 received 7661 bytes in 0.019000ms
[2025-01-31 16:30:45.958980] INFO: Response received in 10280.469000ms
[2025-01-31 16:30:46.332664] INFO: File saved in 0.481000ms
[2025-01-31 16:30:46.873201] INFO: File saved to: /home/vc/kurotaka/objects/temp_28
[2025-01-31 16:30:47.623685] INFO: Execution permission granted to: /home/vc/kurotaka/objects/temp_28
[2025-01-31 16:30:48.457724] INFO: Executing command: /home/vc/kurotaka/objects/temp_28 0 128 1
[2025-01-31 16:30:57.300371] INFO: Command executed in 8227.211000ms
[2025-01-31 16:30:58.440769] INFO: Result saved to: /home/vc/kurotaka/results/result_28
[2025-01-31 16:30:59.278905] INFO: Second connection established in 0.175000ms
[2025-01-31 16:31:00.698196] INFO: Sending result upload request
[2025-01-31 16:31:01.650720] INFO: Second request sent in 0.027000ms
[2025-01-31 16:31:02.526687] INFO: Result uploaded in 0.077000ms
[2025-01-31 16:31:03.517860] INFO: Process completed successfully. Total execution time in 28360.471000ms

