
[2025-01-31 16:30:35.583756] INFO: Process started with ID: 67
[2025-01-31 16:30:36.332878] INFO: First connection established in 0.285000ms
[2025-01-31 16:30:37.258825] INFO: Sending request: GET /http_server/send-object.php?ID=67 HTTP/1.1
Host: 192.168.100.3
Connection: close


[2025-01-31 16:30:38.009713] INFO: First request sent in 0.038000ms
[2025-01-31 16:30:38.772132] INFO: Time from request to first response in 0.031000ms
[2025-01-31 16:30:39.873398] INFO: Received headers - MPI-Rank: 61, Group-ID: 1, Job-ID: 1, Sub-Job-ID: 62, Rank-Count: 128
[2025-01-31 16:30:40.904170] INFO: Receive loop #1 received 16384 bytes in 2177.177000ms
[2025-01-31 16:30:41.444764] INFO: Receive loop #2 received 16384 bytes in 0.074000ms
[2025-01-31 16:30:42.098996] INFO: Receive loop #3 received 16384 bytes in 0.031000ms
[2025-01-31 16:30:42.951459] INFO: Receive loop #4 received 16384 bytes in 0.137000ms
[2025-01-31 16:30:43.490603] INFO: Receive loop #5 received 16384 bytes in 0.030000ms
[2025-01-31 16:30:44.134173] INFO: Receive loop #6 received 16384 bytes in 0.031000ms
[2025-01-31 16:30:44.598684] INFO: Receive loop #7 received 16384 bytes in 0.032000ms
[2025-01-31 16:30:45.222764] INFO: Receive loop #8 received 16384 bytes in 0.269000ms
[2025-01-31 16:30:45.880286] INFO: Receive loop #9 received 16384 bytes in 0.032000ms
[2025-01-31 16:30:46.301827] INFO: Receive loop #10 received 16384 bytes in 0.035000ms
[2025-01-31 16:30:46.872999] INFO: Receive loop #11 received 16384 bytes in 0.029000ms
[2025-01-31 16:30:47.698791] INFO: Receive loop #12 received 7663 bytes in 0.019000ms
[2025-01-31 16:30:48.475330] INFO: Response received in 9805.996000ms
[2025-01-31 16:30:48.926287] INFO: File saved in 0.455000ms
[2025-01-31 16:30:49.767233] INFO: File saved to: /home/vc/kurotaka/objects/temp_67
[2025-01-31 16:30:51.104926] INFO: Execution permission granted to: /home/vc/kurotaka/objects/temp_67
[2025-01-31 16:30:51.797496] INFO: Executing command: /home/vc/kurotaka/objects/temp_67 61 128 1
[2025-01-31 16:30:57.492192] INFO: Command executed in 4957.034000ms
[2025-01-31 16:30:58.522680] INFO: Result saved to: /home/vc/kurotaka/results/result_67
[2025-01-31 16:30:59.518123] INFO: Second connection established in 0.252000ms
[2025-01-31 16:31:01.002216] INFO: Sending result upload request
[2025-01-31 16:31:01.787352] INFO: Second request sent in 0.005000ms
[2025-01-31 16:31:02.625237] INFO: Result uploaded in 0.058000ms
[2025-01-31 16:31:03.517793] INFO: Process completed successfully. Total execution time in 28387.193000ms

