
[2025-01-31 17:21:37] Program started at 2025-01-31 17:21:37.5905
[2025-01-31 17:21:37] [getClientID] MySQL connection established. Execution time: 0.587 ms
[2025-01-31 17:21:37] [getClientID] SELECT table_name FROM table_registry WHERE id = :job_id / Execution time: 0.354 ms
[2025-01-31 17:21:37] [getClientID] SELECT client FROM `matrix` WHERE id = :sub_job_id / Execution time: 0.200 ms
[2025-01-31 17:21:37] getClientID completed. Execution time: 1.288 ms
[2025-01-31 17:21:37] Read file completed. Execution time: 0.010 ms
[2025-01-31 17:21:37] File saved successfully: uploads/job_1/group_1/result_31
[2025-01-31 17:21:37] [updateStatus] MySQL connection established. Execution time: 0.229 ms
[2025-01-31 17:21:37] [updateStatus] SELECT table_name FROM table_registry WHERE id = :job_id FOR UPDATE / Execution time: 0.951 ms
[2025-01-31 17:21:37] [updateStatus] UPDATE `matrix` SET status = :status WHERE id = :sub_job_id / Execution time: 0.196 ms
[2025-01-31 17:21:37] [updateStatus] SELECT COUNT_RECORDS FROM `matrix` / Execution time: 0.241 ms
[2025-01-31 17:21:37] [updateStatus] UPDATE table_registry SET status = :status WHERE id = :job_id / Execution time: 0.135 ms
[2025-01-31 17:21:37] updateStatus completed. Execution time: 125.946 ms
[2025-01-31 17:21:37] Write file completed. Execution time: 126.466 ms
[2025-01-31 17:21:37] [getGroupStatus] MySQL connection established. Execution time: 0.081 ms
[2025-01-31 17:21:37] [getGroupStatus] SELECT table_name FROM table_registry WHERE id = :job_id / Execution time: 0.315 ms
[2025-01-31 17:21:37] [getGroupStatus] SELECT status FROM `matrix` WHERE group_id = :group_id / Execution time: 0.328 ms
[2025-01-31 17:21:37] getGroupStatus completed. Execution time: 0.926 ms
[2025-01-31 17:21:37] Merge request completed. Execution time (not actual merge.php execution time, but just request): 2.726 ms
[2025-01-31 17:21:37] Program completed. Total execution time: 133.734 ms

