
[2025-01-31 16:02:48] Program started at 2025-01-31 16:02:48.6764
[2025-01-31 16:02:48] [getClientID] MySQL connection established. Execution time: 0.699 ms
[2025-01-31 16:02:48] [getClientID] SELECT table_name FROM table_registry WHERE id = :job_id / Execution time: 0.480 ms
[2025-01-31 16:02:48] [getClientID] SELECT client FROM `matrix` WHERE id = :sub_job_id / Execution time: 0.218 ms
[2025-01-31 16:02:48] getClientID completed. Execution time: 1.587 ms
[2025-01-31 16:02:48] Read file completed. Execution time: 0.013 ms
[2025-01-31 16:02:48] File saved successfully: uploads/job_1/group_1/result_120
[2025-01-31 16:02:48] [updateStatus] MySQL connection established. Execution time: 0.123 ms
[2025-01-31 16:02:48] [updateStatus] SELECT table_name FROM table_registry WHERE id = :job_id FOR UPDATE / Execution time: 0.697 ms
[2025-01-31 16:02:48] [updateStatus] UPDATE `matrix` SET status = :status WHERE id = :sub_job_id / Execution time: 0.270 ms
[2025-01-31 16:02:48] [updateStatus] SELECT COUNT_RECORDS FROM `matrix` / Execution time: 0.578 ms
[2025-01-31 16:02:48] [updateStatus] UPDATE table_registry SET status = :status WHERE id = :job_id / Execution time: 0.181 ms
[2025-01-31 16:02:48] updateStatus completed. Execution time: 148.411 ms
[2025-01-31 16:02:48] Write file completed. Execution time: 148.734 ms
[2025-01-31 16:02:48] [getGroupStatus] MySQL connection established. Execution time: 0.086 ms
[2025-01-31 16:02:48] [getGroupStatus] SELECT table_name FROM table_registry WHERE id = :job_id / Execution time: 0.271 ms
[2025-01-31 16:02:48] [getGroupStatus] SELECT status FROM `matrix` WHERE group_id = :group_id / Execution time: 0.608 ms
[2025-01-31 16:02:48] getGroupStatus completed. Execution time: 1.049 ms
[2025-01-31 16:02:48] Group 1 is not completed yet.
[2025-01-31 16:02:48] Program completed. Total execution time: 154.339 ms

