
[2025-01-31 16:02:48] Program started at 2025-01-31 16:02:48.4487
[2025-01-31 16:02:48] [getClientID] MySQL connection established. Execution time: 0.308 ms
[2025-01-31 16:02:48] [getClientID] SELECT table_name FROM table_registry WHERE id = :job_id / Execution time: 0.460 ms
[2025-01-31 16:02:48] [getClientID] SELECT client FROM `matrix` WHERE id = :sub_job_id / Execution time: 0.243 ms
[2025-01-31 16:02:48] getClientID completed. Execution time: 1.129 ms
[2025-01-31 16:02:48] Read file completed. Execution time: 0.010 ms
[2025-01-31 16:02:48] File saved successfully: uploads/job_1/group_1/result_236
[2025-01-31 16:02:48] [updateStatus] MySQL connection established. Execution time: 0.104 ms
[2025-01-31 16:02:48] [updateStatus] SELECT table_name FROM table_registry WHERE id = :job_id FOR UPDATE / Execution time: 0.274 ms
[2025-01-31 16:02:48] [updateStatus] UPDATE `matrix` SET status = :status WHERE id = :sub_job_id / Execution time: 0.247 ms
[2025-01-31 16:02:48] [updateStatus] SELECT COUNT_RECORDS FROM `matrix` / Execution time: 0.649 ms
[2025-01-31 16:02:48] [updateStatus] UPDATE table_registry SET status = :status WHERE id = :job_id / Execution time: 0.213 ms
[2025-01-31 16:02:48] updateStatus completed. Execution time: 85.178 ms
[2025-01-31 16:02:48] Write file completed. Execution time: 85.483 ms
[2025-01-31 16:02:48] [getGroupStatus] MySQL connection established. Execution time: 0.077 ms
[2025-01-31 16:02:48] [getGroupStatus] SELECT table_name FROM table_registry WHERE id = :job_id / Execution time: 0.279 ms
[2025-01-31 16:02:48] [getGroupStatus] SELECT status FROM `matrix` WHERE group_id = :group_id / Execution time: 0.701 ms
[2025-01-31 16:02:48] getGroupStatus completed. Execution time: 1.261 ms
[2025-01-31 16:02:48] Group 1 is not completed yet.
[2025-01-31 16:02:48] Program completed. Total execution time: 89.573 ms

