
[2025-01-31 16:02:50] Program started at 2025-01-31 16:02:50.2379
[2025-01-31 16:02:50] [getClientID] MySQL connection established. Execution time: 0.201 ms
[2025-01-31 16:02:50] [getClientID] SELECT table_name FROM table_registry WHERE id = :job_id / Execution time: 0.228 ms
[2025-01-31 16:02:50] [getClientID] SELECT client FROM `matrix` WHERE id = :sub_job_id / Execution time: 469.014 ms
[2025-01-31 16:02:50] getClientID completed. Execution time: 469.661 ms
[2025-01-31 16:02:50] Read file completed. Execution time: 0.019 ms
[2025-01-31 16:02:50] File saved successfully: uploads/job_1/group_1/result_133
[2025-01-31 16:02:50] [updateStatus] MySQL connection established. Execution time: 0.146 ms
[2025-01-31 16:02:51] [updateStatus] SELECT table_name FROM table_registry WHERE id = :job_id FOR UPDATE / Execution time: 328.026 ms
[2025-01-31 16:02:51] [updateStatus] UPDATE `matrix` SET status = :status WHERE id = :sub_job_id / Execution time: 0.353 ms
[2025-01-31 16:02:51] [updateStatus] SELECT COUNT_RECORDS FROM `matrix` / Execution time: 0.718 ms
[2025-01-31 16:02:51] [updateStatus] UPDATE table_registry SET status = :status WHERE id = :job_id / Execution time: 0.214 ms
[2025-01-31 16:02:51] updateStatus completed. Execution time: 416.457 ms
[2025-01-31 16:02:51] Write file completed. Execution time: 455.832 ms
[2025-01-31 16:02:51] [getGroupStatus] MySQL connection established. Execution time: 0.062 ms
[2025-01-31 16:02:51] [getGroupStatus] SELECT table_name FROM table_registry WHERE id = :job_id / Execution time: 0.366 ms
[2025-01-31 16:02:51] [getGroupStatus] SELECT status FROM `matrix` WHERE group_id = :group_id / Execution time: 1.339 ms
[2025-01-31 16:02:51] getGroupStatus completed. Execution time: 1.886 ms
[2025-01-31 16:02:51] Group 1 is not completed yet.
[2025-01-31 16:02:51] Program completed. Total execution time: 928.796 ms

