
[2025-01-31 16:02:49] Program started at 2025-01-31 16:02:49.3946
[2025-01-31 16:02:49] [getClientID] MySQL connection established. Execution time: 0.341 ms
[2025-01-31 16:02:49] [getClientID] SELECT table_name FROM table_registry WHERE id = :job_id / Execution time: 0.453 ms
[2025-01-31 16:02:49] [getClientID] SELECT client FROM `matrix` WHERE id = :sub_job_id / Execution time: 0.200 ms
[2025-01-31 16:02:49] getClientID completed. Execution time: 1.103 ms
[2025-01-31 16:02:49] Read file completed. Execution time: 0.008 ms
[2025-01-31 16:02:49] File saved successfully: uploads/job_1/group_1/result_176
[2025-01-31 16:02:49] [updateStatus] MySQL connection established. Execution time: 0.201 ms
[2025-01-31 16:02:49] [updateStatus] SELECT table_name FROM table_registry WHERE id = :job_id FOR UPDATE / Execution time: 13.710 ms
[2025-01-31 16:02:49] [updateStatus] UPDATE `matrix` SET status = :status WHERE id = :sub_job_id / Execution time: 0.277 ms
[2025-01-31 16:02:49] [updateStatus] SELECT COUNT_RECORDS FROM `matrix` / Execution time: 0.408 ms
[2025-01-31 16:02:49] [updateStatus] UPDATE table_registry SET status = :status WHERE id = :job_id / Execution time: 0.125 ms
[2025-01-31 16:02:49] updateStatus completed. Execution time: 439.544 ms
[2025-01-31 16:02:49] Write file completed. Execution time: 544.092 ms
[2025-01-31 16:02:49] [getGroupStatus] MySQL connection established. Execution time: 0.139 ms
[2025-01-31 16:02:49] [getGroupStatus] SELECT table_name FROM table_registry WHERE id = :job_id / Execution time: 0.357 ms
[2025-01-31 16:02:50] [getGroupStatus] SELECT status FROM `matrix` WHERE group_id = :group_id / Execution time: 131.386 ms
[2025-01-31 16:02:50] getGroupStatus completed. Execution time: 142.038 ms
[2025-01-31 16:02:50] Group 1 is not completed yet.
[2025-01-31 16:02:50] Program completed. Total execution time: 689.275 ms

