
[2025-01-31 16:02:49] Program started at 2025-01-31 16:02:49.5446
[2025-01-31 16:02:49] [getClientID] MySQL connection established. Execution time: 0.142 ms
[2025-01-31 16:02:49] [getClientID] SELECT table_name FROM table_registry WHERE id = :job_id / Execution time: 0.202 ms
[2025-01-31 16:02:50] [getClientID] SELECT client FROM `matrix` WHERE id = :sub_job_id / Execution time: 524.983 ms
[2025-01-31 16:02:50] getClientID completed. Execution time: 525.584 ms
[2025-01-31 16:02:50] Read file completed. Execution time: 0.018 ms
[2025-01-31 16:02:50] File saved successfully: uploads/job_1/group_1/result_110
[2025-01-31 16:02:50] [updateStatus] MySQL connection established. Execution time: 0.073 ms
[2025-01-31 16:02:50] [updateStatus] SELECT table_name FROM table_registry WHERE id = :job_id FOR UPDATE / Execution time: 636.368 ms
[2025-01-31 16:02:50] [updateStatus] UPDATE `matrix` SET status = :status WHERE id = :sub_job_id / Execution time: 0.145 ms
[2025-01-31 16:02:50] [updateStatus] SELECT COUNT_RECORDS FROM `matrix` / Execution time: 0.258 ms
[2025-01-31 16:02:50] [updateStatus] UPDATE table_registry SET status = :status WHERE id = :job_id / Execution time: 0.077 ms
[2025-01-31 16:02:51] updateStatus completed. Execution time: 968.692 ms
[2025-01-31 16:02:51] Write file completed. Execution time: 981.620 ms
[2025-01-31 16:02:51] [getGroupStatus] MySQL connection established. Execution time: 0.087 ms
[2025-01-31 16:02:51] [getGroupStatus] SELECT table_name FROM table_registry WHERE id = :job_id / Execution time: 0.370 ms
[2025-01-31 16:02:51] [getGroupStatus] SELECT status FROM `matrix` WHERE group_id = :group_id / Execution time: 0.989 ms
[2025-01-31 16:02:51] getGroupStatus completed. Execution time: 1.688 ms
[2025-01-31 16:02:51] Group 1 is not completed yet.
[2025-01-31 16:02:51] Program completed. Total execution time: 1,511.164 ms

