
[2025-01-31 17:44:31] Program started at 2025-01-31 17:44:31.2866
[2025-01-31 17:44:31] [getClientID] MySQL connection established. Execution time: 0.613 ms
[2025-01-31 17:44:31] [getClientID] SELECT table_name FROM table_registry WHERE id = :job_id / Execution time: 0.322 ms
[2025-01-31 17:44:31] [getClientID] SELECT client FROM `matrix` WHERE id = :sub_job_id / Execution time: 0.203 ms
[2025-01-31 17:44:31] getClientID completed. Execution time: 1.406 ms
[2025-01-31 17:44:31] Read file completed. Execution time: 0.016 ms
[2025-01-31 17:44:31] File saved successfully: uploads/job_1/group_1/result_30
[2025-01-31 17:44:31] [updateStatus] MySQL connection established. Execution time: 0.119 ms
[2025-01-31 17:44:31] [updateStatus] SELECT table_name FROM table_registry WHERE id = :job_id FOR UPDATE / Execution time: 1.912 ms
[2025-01-31 17:44:31] [updateStatus] UPDATE `matrix` SET status = :status WHERE id = :sub_job_id / Execution time: 0.292 ms
[2025-01-31 17:44:31] [updateStatus] SELECT COUNT_RECORDS FROM `matrix` / Execution time: 0.311 ms
[2025-01-31 17:44:31] [updateStatus] UPDATE table_registry SET status = :status WHERE id = :job_id / Execution time: 0.170 ms
[2025-01-31 17:44:31] updateStatus completed. Execution time: 112.108 ms
[2025-01-31 17:44:31] Write file completed. Execution time: 112.661 ms
[2025-01-31 17:44:31] [getGroupStatus] MySQL connection established. Execution time: 0.086 ms
[2025-01-31 17:44:31] [getGroupStatus] SELECT table_name FROM table_registry WHERE id = :job_id / Execution time: 0.304 ms
[2025-01-31 17:44:31] [getGroupStatus] SELECT status FROM `matrix` WHERE group_id = :group_id / Execution time: 0.324 ms
[2025-01-31 17:44:31] getGroupStatus completed. Execution time: 0.888 ms
[2025-01-31 17:44:31] Merge request completed. Execution time (not actual merge.php execution time, but just request): 5.261 ms
[2025-01-31 17:44:31] Program completed. Total execution time: 123.414 ms

