
[2025-01-23 15:04:38.679222] INFO: Process started with ID: 116
[2025-01-23 15:04:39.141730] INFO: First connection established in 0.149000ms
[2025-01-23 15:04:39.637634] INFO: Sending request: GET /http_server/send-object.php?ID=116 HTTP/1.1
Host: 192.168.100.3
Connection: close


[2025-01-23 15:04:40.039313] INFO: First request sent in 0.033000ms
[2025-01-23 15:04:40.795105] INFO: Time from request to first response:0.038000ms
[2025-01-23 15:04:42.321570] INFO: Received headers - MPI-Rank: 40, Group-ID: 1, Job-ID: 1, Sub-Job-ID: 41, Rank-Count: 128
[2025-01-23 15:04:43.041593] INFO: Receive loop #1 received 16384 bytes in 2325.337000ms
[2025-01-23 15:04:44.028882] INFO: Receive loop #2 received 16384 bytes in 0.068000ms
[2025-01-23 15:04:45.334810] INFO: Receive loop #3 received 16384 bytes in 0.085000ms
[2025-01-23 15:04:46.084508] INFO: Receive loop #4 received 16384 bytes in 0.109000ms
[2025-01-23 15:04:47.131223] INFO: Receive loop #5 received 16384 bytes in 0.028000ms
[2025-01-23 15:04:48.691730] INFO: Receive loop #6 received 16384 bytes in 0.030000ms
[2025-01-23 15:04:49.289103] INFO: Receive loop #7 received 16384 bytes in 0.035000ms
[2025-01-23 15:04:50.308440] INFO: Receive loop #8 received 16384 bytes in 0.243000ms
[2025-01-23 15:04:51.217514] INFO: Receive loop #9 received 16384 bytes in 0.029000ms
[2025-01-23 15:04:51.964764] INFO: Receive loop #10 received 16384 bytes in 0.028000ms
[2025-01-23 15:04:53.228152] INFO: Receive loop #11 received 16384 bytes in 0.032000ms
[2025-01-23 15:04:54.335995] INFO: Receive loop #12 received 7663 bytes in 0.024000ms
[2025-01-23 15:04:55.029763] INFO: Response received in 14235.062000ms
[2025-01-23 15:04:56.049533] INFO: File saved in 0.436000ms
[2025-01-23 15:04:56.941602] INFO: File saved to: /home/vc/kurotaka/objects/temp_116
[2025-01-23 15:04:57.721292] INFO: Execution permission granted to: /home/vc/kurotaka/objects/temp_116
[2025-01-23 15:04:58.999953] INFO: Executing command: /home/vc/kurotaka/objects/temp_116 40 128
[2025-01-23 15:05:06.960768] INFO: Command executed in 7175.667000ms
[2025-01-23 15:05:07.533519] INFO: Result saved to: /home/vc/kurotaka/results/result_116
[2025-01-23 15:05:08.158079] INFO: Second connection established in 0.192000ms
[2025-01-23 15:05:08.633631] INFO: Sending result upload request
[2025-01-23 15:05:09.415216] INFO: Second request sent in 0.030000ms
[2025-01-23 15:05:10.670942] INFO: Result uploaded in 0.069000ms
[2025-01-23 15:05:11.518179] INFO: Process completed successfully. Total execution time: 33005.188000ms

