
[2025-01-31 15:56:50.736232] INFO: Process started with ID: 186
[2025-01-31 15:56:52.546218] INFO: First connection established in 0.261000ms
[2025-01-31 15:56:54.716791] INFO: Sending request: GET /http_server/send-object.php?ID=186 HTTP/1.1
Host: 192.168.100.3
Connection: close


[2025-01-31 15:56:56.825164] INFO: First request sent in 0.016000ms
[2025-01-31 15:56:59.014645] INFO: Time from request to first response in 0.033000ms
[2025-01-31 15:57:00.767085] INFO: Received headers - MPI-Rank: 481, Group-ID: 1, Job-ID: 1, Sub-Job-ID: 482, Rank-Count: 512
[2025-01-31 15:57:02.555614] INFO: Receive loop #1 received 16384 bytes in 3910.357000ms
[2025-01-31 15:57:03.698059] INFO: Receive loop #2 received 16384 bytes in 0.068000ms
[2025-01-31 15:57:05.335612] INFO: Receive loop #3 received 16384 bytes in 0.094000ms
[2025-01-31 15:57:06.536021] INFO: Receive loop #4 received 16384 bytes in 0.114000ms
[2025-01-31 15:57:07.620071] INFO: Receive loop #5 received 16384 bytes in 0.006000ms
[2025-01-31 15:57:08.799862] INFO: Receive loop #6 received 16384 bytes in 0.022000ms
[2025-01-31 15:57:09.946619] INFO: Receive loop #7 received 16384 bytes in 0.006000ms
[2025-01-31 15:57:11.211117] INFO: Receive loop #8 received 16384 bytes in 0.314000ms
[2025-01-31 15:57:12.620913] INFO: Receive loop #9 received 16384 bytes in 0.006000ms
[2025-01-31 15:57:13.618075] INFO: Receive loop #10 received 16384 bytes in 0.015000ms
[2025-01-31 15:57:14.877142] INFO: Receive loop #11 received 16384 bytes in 0.005000ms
[2025-01-31 15:57:15.885599] INFO: Receive loop #12 received 7665 bytes in 0.019000ms
[2025-01-31 15:57:16.733264] INFO: Response received in 18209.465000ms
[2025-01-31 15:57:17.885138] INFO: File saved in 0.484000ms
[2025-01-31 15:57:18.726838] INFO: File saved to: /home/vc/kurotaka/objects/temp_186
[2025-01-31 15:57:20.200359] INFO: Execution permission granted to: /home/vc/kurotaka/objects/temp_186
[2025-01-31 15:57:20.950217] INFO: Executing command: /home/vc/kurotaka/objects/temp_186 481 512 1
[2025-01-31 15:57:44.019113] INFO: Command executed in 22248.845000ms
[2025-01-31 15:57:46.282804] INFO: Result saved to: /home/vc/kurotaka/results/result_186
[2025-01-31 15:57:49.428052] INFO: Second connection established in 0.248000ms
[2025-01-31 15:57:53.474274] INFO: Sending result upload request
[2025-01-31 15:57:56.273806] INFO: Second request sent in 0.025000ms
[2025-01-31 15:57:59.611697] INFO: Result uploaded in 0.056000ms
[2025-01-31 15:58:03.414941] INFO: Process completed successfully. Total execution time in 2m 4126.350000ms

