
[2025-01-31 15:56:36.573309] INFO: Process started with ID: 258
[2025-01-31 15:56:38.660643] INFO: First connection established in 0.192000ms
[2025-01-31 15:56:40.444356] INFO: Sending request: GET /http_server/send-object.php?ID=258 HTTP/1.1
Host: 192.168.100.3
Connection: close


[2025-01-31 15:56:42.514961] INFO: First request sent in 0.007000ms
[2025-01-31 15:56:44.213862] INFO: Time from request to first response in 0.031000ms
[2025-01-31 15:56:46.176173] INFO: Received headers - MPI-Rank: 384, Group-ID: 1, Job-ID: 1, Sub-Job-ID: 385, Rank-Count: 512
[2025-01-31 15:56:47.637122] INFO: Receive loop #1 received 16384 bytes in 3674.874000ms
[2025-01-31 15:56:49.296235] INFO: Receive loop #2 received 16384 bytes in 0.061000ms
[2025-01-31 15:56:50.736361] INFO: Receive loop #3 received 16384 bytes in 0.077000ms
[2025-01-31 15:56:52.511337] INFO: Receive loop #4 received 16384 bytes in 0.112000ms
[2025-01-31 15:56:55.140856] INFO: Receive loop #5 received 16384 bytes in 0.040000ms
[2025-01-31 15:56:57.797222] INFO: Receive loop #6 received 16384 bytes in 0.030000ms
[2025-01-31 15:57:00.359338] INFO: Receive loop #7 received 16384 bytes in 0.006000ms
[2025-01-31 15:57:01.747532] INFO: Receive loop #8 received 16384 bytes in 0.287000ms
[2025-01-31 15:57:03.358434] INFO: Receive loop #9 received 16384 bytes in 0.034000ms
[2025-01-31 15:57:04.032422] INFO: Receive loop #10 received 16384 bytes in 0.029000ms
[2025-01-31 15:57:05.335813] INFO: Receive loop #11 received 16384 bytes in 0.015000ms
[2025-01-31 15:57:06.536381] INFO: Receive loop #12 received 7665 bytes in 0.019000ms
[2025-01-31 15:57:07.676450] INFO: Response received in 23736.029000ms
[2025-01-31 15:57:08.883786] INFO: File saved in 0.135000ms
[2025-01-31 15:57:10.010897] INFO: File saved to: /home/vc/kurotaka/objects/temp_258
[2025-01-31 15:57:12.621136] INFO: Execution permission granted to: /home/vc/kurotaka/objects/temp_258
[2025-01-31 15:57:13.665964] INFO: Executing command: /home/vc/kurotaka/objects/temp_258 384 512 1
[2025-01-31 15:57:38.224270] INFO: Command executed in 23593.244000ms
[2025-01-31 15:57:39.640410] INFO: Result saved to: /home/vc/kurotaka/results/result_258
[2025-01-31 15:57:42.215573] INFO: Second connection established in 0.507000ms
[2025-01-31 15:57:45.611358] INFO: Sending result upload request
[2025-01-31 15:57:49.535653] INFO: Second request sent in 0.023000ms
[2025-01-31 15:57:53.994606] INFO: Result uploaded in 0.054000ms
[2025-01-31 15:57:57.346095] INFO: Process completed successfully. Total execution time in 1m 58536.524000ms

