
[2025-01-31 15:55:58.945228] INFO: Process started with ID: 436
[2025-01-31 15:55:59.265149] INFO: First connection established in 0.227000ms
[2025-01-31 15:55:59.846005] INFO: Sending request: GET /http_server/send-object.php?ID=436 HTTP/1.1
Host: 192.168.100.3
Connection: close


[2025-01-31 15:56:00.260973] INFO: First request sent in 0.025000ms
[2025-01-31 15:56:00.806043] INFO: Time from request to first response in 0.031000ms
[2025-01-31 15:56:01.723437] INFO: Received headers - MPI-Rank: 75, Group-ID: 1, Job-ID: 1, Sub-Job-ID: 76, Rank-Count: 512
[2025-01-31 15:56:02.858403] INFO: Receive loop #1 received 16384 bytes in 1930.833000ms
[2025-01-31 15:56:03.790122] INFO: Receive loop #2 received 16384 bytes in 0.059000ms
[2025-01-31 15:56:05.258824] INFO: Receive loop #3 received 16384 bytes in 0.075000ms
[2025-01-31 15:56:06.811656] INFO: Receive loop #4 received 16384 bytes in 0.112000ms
[2025-01-31 15:56:08.392962] INFO: Receive loop #5 received 16384 bytes in 0.052000ms
[2025-01-31 15:56:10.404575] INFO: Receive loop #6 received 16384 bytes in 0.030000ms
[2025-01-31 15:56:11.687789] INFO: Receive loop #7 received 16384 bytes in 0.031000ms
[2025-01-31 15:56:13.540323] INFO: Receive loop #8 received 16384 bytes in 0.265000ms
[2025-01-31 15:56:15.891124] INFO: Receive loop #9 received 16384 bytes in 0.029000ms
[2025-01-31 15:56:17.122759] INFO: Receive loop #10 received 16384 bytes in 0.039000ms
[2025-01-31 15:56:18.882960] INFO: Receive loop #11 received 16384 bytes in 0.029000ms
[2025-01-31 15:56:20.990273] INFO: Receive loop #12 received 7663 bytes in 0.021000ms
[2025-01-31 15:56:23.182545] INFO: Response received in 21955.010000ms
[2025-01-31 15:56:24.621715] INFO: File saved in 0.713000ms
[2025-01-31 15:56:26.986202] INFO: File saved to: /home/vc/kurotaka/objects/temp_436
[2025-01-31 15:56:28.846241] INFO: Execution permission granted to: /home/vc/kurotaka/objects/temp_436
[2025-01-31 15:56:31.366739] INFO: Executing command: /home/vc/kurotaka/objects/temp_436 75 512 1
[2025-01-31 15:57:49.865012] INFO: Command executed in 1m 15087.123000ms
[2025-01-31 15:57:53.894361] INFO: Result saved to: /home/vc/kurotaka/results/result_436
[2025-01-31 15:57:56.989467] INFO: Second connection established in 0.129000ms
[2025-01-31 15:58:00.375880] INFO: Sending result upload request
[2025-01-31 15:58:04.119647] INFO: Second request sent in 0.005000ms
[2025-01-31 15:58:07.306340] INFO: Result uploaded in 0.010000ms
[2025-01-31 15:58:09.598794] INFO: Process completed successfully. Total execution time in 2m 11031.300000ms

