
[2025-01-31 15:56:19.989270] INFO: Process started with ID: 76
[2025-01-31 15:56:21.738457] INFO: First connection established in 0.248000ms
[2025-01-31 15:56:23.684206] INFO: Sending request: GET /http_server/send-object.php?ID=76 HTTP/1.1
Host: 192.168.100.3
Connection: close


[2025-01-31 15:56:25.273161] INFO: First request sent in 0.043000ms
[2025-01-31 15:56:27.835238] INFO: Time from request to first response in 0.031000ms
[2025-01-31 15:56:29.694998] INFO: Received headers - MPI-Rank: 282, Group-ID: 1, Job-ID: 1, Sub-Job-ID: 283, Rank-Count: 512
[2025-01-31 15:56:31.970303] INFO: Receive loop #1 received 16384 bytes in 4487.545000ms
[2025-01-31 15:56:34.415028] INFO: Receive loop #2 received 16384 bytes in 0.016000ms
[2025-01-31 15:56:36.646902] INFO: Receive loop #3 received 16384 bytes in 0.098000ms
[2025-01-31 15:56:38.700072] INFO: Receive loop #4 received 16384 bytes in 0.143000ms
[2025-01-31 15:56:40.521240] INFO: Receive loop #5 received 16384 bytes in 0.032000ms
[2025-01-31 15:56:42.515304] INFO: Receive loop #6 received 16384 bytes in 0.036000ms
[2025-01-31 15:56:44.214278] INFO: Receive loop #7 received 16384 bytes in 0.030000ms
[2025-01-31 15:56:46.176460] INFO: Receive loop #8 received 16384 bytes in 0.250000ms
[2025-01-31 15:56:47.637775] INFO: Receive loop #9 received 16384 bytes in 0.031000ms
[2025-01-31 15:56:49.266555] INFO: Receive loop #10 received 16384 bytes in 0.036000ms
[2025-01-31 15:56:50.713759] INFO: Receive loop #11 received 16384 bytes in 0.030000ms
[2025-01-31 15:56:52.443722] INFO: Receive loop #12 received 7665 bytes in 0.008000ms
[2025-01-31 15:56:54.716799] INFO: Response received in 27306.540000ms
[2025-01-31 15:56:56.926075] INFO: File saved in 0.475000ms
[2025-01-31 15:56:58.942439] INFO: File saved to: /home/vc/kurotaka/objects/temp_76
[2025-01-31 15:57:02.202979] INFO: Execution permission granted to: /home/vc/kurotaka/objects/temp_76
[2025-01-31 15:57:03.413396] INFO: Executing command: /home/vc/kurotaka/objects/temp_76 282 512 1
[2025-01-31 15:57:45.813815] INFO: Command executed in 40650.656000ms
[2025-01-31 15:57:49.916698] INFO: Result saved to: /home/vc/kurotaka/results/result_76
[2025-01-31 15:57:54.357789] INFO: Second connection established in 0.196000ms
[2025-01-31 15:57:57.645760] INFO: Sending result upload request
[2025-01-31 15:58:00.714032] INFO: Second request sent in 0.004000ms
[2025-01-31 15:58:03.603504] INFO: Result uploaded in 0.011000ms
[2025-01-31 15:58:05.290215] INFO: Process completed successfully. Total execution time in 2m 6897.849000ms

