
[2025-01-31 15:56:24.322432] INFO: Process started with ID: 446
[2025-01-31 15:56:26.688485] INFO: First connection established in 0.215000ms
[2025-01-31 15:56:27.852285] INFO: Sending request: GET /http_server/send-object.php?ID=446 HTTP/1.1
Host: 192.168.100.3
Connection: close


[2025-01-31 15:56:29.698697] INFO: First request sent in 0.008000ms
[2025-01-31 15:56:31.973364] INFO: Time from request to first response in 0.037000ms
[2025-01-31 15:56:34.487426] INFO: Received headers - MPI-Rank: 312, Group-ID: 1, Job-ID: 1, Sub-Job-ID: 313, Rank-Count: 512
[2025-01-31 15:56:36.753903] INFO: Receive loop #1 received 16384 bytes in 4862.378000ms
[2025-01-31 15:56:38.759001] INFO: Receive loop #2 received 16384 bytes in 0.014000ms
[2025-01-31 15:56:40.782126] INFO: Receive loop #3 received 16384 bytes in 0.098000ms
[2025-01-31 15:56:42.632558] INFO: Receive loop #4 received 16384 bytes in 0.023000ms
[2025-01-31 15:56:44.601308] INFO: Receive loop #5 received 16384 bytes in 0.036000ms
[2025-01-31 15:56:46.485611] INFO: Receive loop #6 received 16384 bytes in 0.034000ms
[2025-01-31 15:56:48.299237] INFO: Receive loop #7 received 16384 bytes in 0.036000ms
[2025-01-31 15:56:49.921474] INFO: Receive loop #8 received 16384 bytes in 0.230000ms
[2025-01-31 15:56:51.506748] INFO: Receive loop #9 received 16384 bytes in 0.017000ms
[2025-01-31 15:56:54.009994] INFO: Receive loop #10 received 16384 bytes in 0.027000ms
[2025-01-31 15:56:56.175813] INFO: Receive loop #11 received 16384 bytes in 0.006000ms
[2025-01-31 15:56:58.527519] INFO: Receive loop #12 received 7665 bytes in 0.025000ms
[2025-01-31 15:57:00.766003] INFO: Response received in 27575.587000ms
[2025-01-31 15:57:02.525789] INFO: File saved in 0.460000ms
[2025-01-31 15:57:03.699029] INFO: File saved to: /home/vc/kurotaka/objects/temp_446
[2025-01-31 15:57:06.199040] INFO: Execution permission granted to: /home/vc/kurotaka/objects/temp_446
[2025-01-31 15:57:07.495346] INFO: Executing command: /home/vc/kurotaka/objects/temp_446 312 512 1
[2025-01-31 15:57:48.461386] INFO: Command executed in 39254.625000ms
[2025-01-31 15:57:52.966699] INFO: Result saved to: /home/vc/kurotaka/results/result_446
[2025-01-31 15:57:55.797693] INFO: Second connection established in 0.259000ms
[2025-01-31 15:57:58.875082] INFO: Sending result upload request
[2025-01-31 15:58:02.696697] INFO: Second request sent in 0.004000ms
[2025-01-31 15:58:06.431011] INFO: Result uploaded in 0.011000ms
[2025-01-31 15:58:09.546464] INFO: Process completed successfully. Total execution time in 2m 10307.263000ms

