
[2025-01-31 15:56:41.283622] INFO: Process started with ID: 136
[2025-01-31 15:56:43.077694] INFO: First connection established in 0.168000ms
[2025-01-31 15:56:45.232668] INFO: Sending request: GET /http_server/send-object.php?ID=136 HTTP/1.1
Host: 192.168.100.3
Connection: close


[2025-01-31 15:56:46.847051] INFO: First request sent in 0.008000ms
[2025-01-31 15:56:48.493238] INFO: Time from request to first response in 0.056000ms
[2025-01-31 15:56:50.010430] INFO: Received headers - MPI-Rank: 415, Group-ID: 1, Job-ID: 1, Sub-Job-ID: 416, Rank-Count: 512
[2025-01-31 15:56:51.603538] INFO: Receive loop #1 received 16384 bytes in 3134.928000ms
[2025-01-31 15:56:54.097440] INFO: Receive loop #2 received 16384 bytes in 0.079000ms
[2025-01-31 15:56:56.368201] INFO: Receive loop #3 received 16384 bytes in 0.031000ms
[2025-01-31 15:56:58.565538] INFO: Receive loop #4 received 16384 bytes in 0.113000ms
[2025-01-31 15:57:00.767246] INFO: Receive loop #5 received 16384 bytes in 0.037000ms
[2025-01-31 15:57:02.555667] INFO: Receive loop #6 received 16384 bytes in 0.029000ms
[2025-01-31 15:57:03.699303] INFO: Receive loop #7 received 16384 bytes in 0.005000ms
[2025-01-31 15:57:05.263746] INFO: Receive loop #8 received 16384 bytes in 0.260000ms
[2025-01-31 15:57:06.533569] INFO: Receive loop #9 received 16384 bytes in 0.030000ms
[2025-01-31 15:57:07.570514] INFO: Receive loop #10 received 16384 bytes in 0.006000ms
[2025-01-31 15:57:08.715839] INFO: Receive loop #11 received 16384 bytes in 0.022000ms
[2025-01-31 15:57:09.828884] INFO: Receive loop #12 received 7665 bytes in 0.004000ms
[2025-01-31 15:57:11.315591] INFO: Response received in 22962.361000ms
[2025-01-31 15:57:12.904901] INFO: File saved in 0.238000ms
[2025-01-31 15:57:13.665456] INFO: File saved to: /home/vc/kurotaka/objects/temp_136
[2025-01-31 15:57:15.480646] INFO: Execution permission granted to: /home/vc/kurotaka/objects/temp_136
[2025-01-31 15:57:16.081162] INFO: Executing command: /home/vc/kurotaka/objects/temp_136 415 512 1
[2025-01-31 15:57:49.375383] INFO: Command executed in 31509.811000ms
[2025-01-31 15:57:53.440012] INFO: Result saved to: /home/vc/kurotaka/results/result_136
[2025-01-31 15:57:56.253147] INFO: Second connection established in 0.191000ms
[2025-01-31 15:57:59.570381] INFO: Sending result upload request
[2025-01-31 15:58:03.379647] INFO: Second request sent in 0.004000ms
[2025-01-31 15:58:06.626779] INFO: Result uploaded in 0.011000ms
[2025-01-31 15:58:08.532087] INFO: Process completed successfully. Total execution time in 2m 10343.429000ms

