
[2025-01-31 15:56:01.428395] INFO: Process started with ID: 420
[2025-01-31 15:56:02.719183] INFO: First connection established in 0.239000ms
[2025-01-31 15:56:03.518279] INFO: Sending request: GET /http_server/send-object.php?ID=420 HTTP/1.1
Host: 192.168.100.3
Connection: close


[2025-01-31 15:56:05.075184] INFO: First request sent in 0.029000ms
[2025-01-31 15:56:06.220215] INFO: Time from request to first response in 0.033000ms
[2025-01-31 15:56:08.077102] INFO: Received headers - MPI-Rank: 137, Group-ID: 1, Job-ID: 1, Sub-Job-ID: 138, Rank-Count: 512
[2025-01-31 15:56:09.661552] INFO: Receive loop #1 received 16384 bytes in 3357.304000ms
[2025-01-31 15:56:11.141916] INFO: Receive loop #2 received 16384 bytes in 0.014000ms
[2025-01-31 15:56:13.206191] INFO: Receive loop #3 received 16384 bytes in 0.078000ms
[2025-01-31 15:56:15.205339] INFO: Receive loop #4 received 16384 bytes in 0.114000ms
[2025-01-31 15:56:16.625381] INFO: Receive loop #5 received 16384 bytes in 0.036000ms
[2025-01-31 15:56:18.224199] INFO: Receive loop #6 received 16384 bytes in 0.029000ms
[2025-01-31 15:56:20.433217] INFO: Receive loop #7 received 16384 bytes in 0.030000ms
[2025-01-31 15:56:22.641515] INFO: Receive loop #8 received 16384 bytes in 0.247000ms
[2025-01-31 15:56:24.185391] INFO: Receive loop #9 received 16384 bytes in 0.037000ms
[2025-01-31 15:56:26.383051] INFO: Receive loop #10 received 16384 bytes in 0.033000ms
[2025-01-31 15:56:27.850563] INFO: Receive loop #11 received 16384 bytes in 0.025000ms
[2025-01-31 15:56:29.694853] INFO: Receive loop #12 received 7665 bytes in 0.019000ms
[2025-01-31 15:56:31.970237] INFO: Response received in 25744.452000ms
[2025-01-31 15:56:34.465026] INFO: File saved in 0.498000ms
[2025-01-31 15:56:36.700819] INFO: File saved to: /home/vc/kurotaka/objects/temp_420
[2025-01-31 15:56:38.719288] INFO: Execution permission granted to: /home/vc/kurotaka/objects/temp_420
[2025-01-31 15:56:40.592077] INFO: Executing command: /home/vc/kurotaka/objects/temp_420 137 512 1
[2025-01-31 15:58:02.210228] INFO: Command executed in 1m 18593.243000ms
[2025-01-31 15:58:06.239785] INFO: Result saved to: /home/vc/kurotaka/results/result_420
[2025-01-31 15:58:08.532228] INFO: Second connection established in 0.128000ms
[2025-01-31 15:58:09.885976] INFO: Sending result upload request
[2025-01-31 15:58:10.726189] INFO: Second request sent in 0.004000ms
[2025-01-31 15:58:11.579219] INFO: Result uploaded in 0.012000ms
[2025-01-31 15:58:11.961115] INFO: Process completed successfully. Total execution time in 2m 14249.187000ms

