
[2025-01-31 15:56:08.696076] INFO: Process started with ID: 48
[2025-01-31 15:56:10.635234] INFO: First connection established in 0.222000ms
[2025-01-31 15:56:12.111030] INFO: Sending request: GET /http_server/send-object.php?ID=48 HTTP/1.1
Host: 192.168.100.3
Connection: close


[2025-01-31 15:56:13.867464] INFO: First request sent in 0.033000ms
[2025-01-31 15:56:16.104134] INFO: Time from request to first response in 0.013000ms
[2025-01-31 15:56:17.410166] INFO: Received headers - MPI-Rank: 206, Group-ID: 1, Job-ID: 1, Sub-Job-ID: 207, Rank-Count: 512
[2025-01-31 15:56:19.320571] INFO: Receive loop #1 received 16384 bytes in 2891.824000ms
[2025-01-31 15:56:21.252578] INFO: Receive loop #2 received 16384 bytes in 0.060000ms
[2025-01-31 15:56:23.392680] INFO: Receive loop #3 received 16384 bytes in 0.092000ms
[2025-01-31 15:56:24.792646] INFO: Receive loop #4 received 16384 bytes in 0.021000ms
[2025-01-31 15:56:27.072902] INFO: Receive loop #5 received 16384 bytes in 0.016000ms
[2025-01-31 15:56:28.307641] INFO: Receive loop #6 received 16384 bytes in 0.012000ms
[2025-01-31 15:56:30.775823] INFO: Receive loop #7 received 16384 bytes in 0.033000ms
[2025-01-31 15:56:33.165095] INFO: Receive loop #8 received 16384 bytes in 0.243000ms
[2025-01-31 15:56:35.266060] INFO: Receive loop #9 received 16384 bytes in 0.035000ms
[2025-01-31 15:56:37.454712] INFO: Receive loop #10 received 16384 bytes in 0.005000ms
[2025-01-31 15:56:39.202303] INFO: Receive loop #11 received 16384 bytes in 0.005000ms
[2025-01-31 15:56:41.519118] INFO: Receive loop #12 received 7665 bytes in 0.004000ms
[2025-01-31 15:56:43.164494] INFO: Response received in 26910.399000ms
[2025-01-31 15:56:45.300150] INFO: File saved in 0.449000ms
[2025-01-31 15:56:46.826637] INFO: File saved to: /home/vc/kurotaka/objects/temp_48
[2025-01-31 15:56:48.468828] INFO: Execution permission granted to: /home/vc/kurotaka/objects/temp_48
[2025-01-31 15:56:49.921696] INFO: Executing command: /home/vc/kurotaka/objects/temp_48 206 512 1
[2025-01-31 15:57:36.753114] INFO: Command executed in 45645.688000ms
[2025-01-31 15:57:37.906877] INFO: Result saved to: /home/vc/kurotaka/results/result_48
[2025-01-31 15:57:39.472306] INFO: Second connection established in 0.279000ms
[2025-01-31 15:57:42.080807] INFO: Sending result upload request
[2025-01-31 15:57:45.525372] INFO: Second request sent in 0.026000ms
[2025-01-31 15:57:49.511835] INFO: Result uploaded in 0.059000ms
[2025-01-31 15:57:53.912594] INFO: Process completed successfully. Total execution time in 1m 55352.732000ms

