
[2025-01-31 16:44:17.319339] INFO: Process started with ID: 12
[2025-01-31 16:44:17.475038] INFO: First connection established in 0.301000ms
[2025-01-31 16:44:17.653882] INFO: Sending request: GET /http_server/send-object.php?ID=12 HTTP/1.1
Host: 192.168.100.3
Connection: close


[2025-01-31 16:44:17.801486] INFO: First request sent in 0.031000ms
[2025-01-31 16:44:17.996537] INFO: Time from request to first response in 0.031000ms
[2025-01-31 16:44:18.191635] INFO: Received headers - MPI-Rank: 12, Group-ID: 1, Job-ID: 1, Sub-Job-ID: 13, Rank-Count: 32
[2025-01-31 16:44:18.415964] INFO: Receive loop #1 received 16384 bytes in 387.426000ms
[2025-01-31 16:44:18.630493] INFO: Receive loop #2 received 16384 bytes in 0.059000ms
[2025-01-31 16:44:18.828327] INFO: Receive loop #3 received 16384 bytes in 0.013000ms
[2025-01-31 16:44:19.042853] INFO: Receive loop #4 received 16384 bytes in 0.053000ms
[2025-01-31 16:44:19.276709] INFO: Receive loop #5 received 16384 bytes in 0.029000ms
[2025-01-31 16:44:19.515489] INFO: Receive loop #6 received 16384 bytes in 0.029000ms
[2025-01-31 16:44:19.790872] INFO: Receive loop #7 received 16384 bytes in 0.029000ms
[2025-01-31 16:44:19.985250] INFO: Receive loop #8 received 16384 bytes in 0.245000ms
[2025-01-31 16:44:20.161340] INFO: Receive loop #9 received 16384 bytes in 0.030000ms
[2025-01-31 16:44:20.324671] INFO: Receive loop #10 received 16384 bytes in 0.028000ms
[2025-01-31 16:44:20.479716] INFO: Receive loop #11 received 16384 bytes in 0.028000ms
[2025-01-31 16:44:20.641777] INFO: Receive loop #12 received 7662 bytes in 0.018000ms
[2025-01-31 16:44:20.847252] INFO: Response received in 2826.603000ms
[2025-01-31 16:44:21.073773] INFO: File saved in 0.496000ms
[2025-01-31 16:44:21.243808] INFO: File saved to: /home/vc/kurotaka/objects/temp_12
[2025-01-31 16:44:21.490721] INFO: Execution permission granted to: /home/vc/kurotaka/objects/temp_12
[2025-01-31 16:44:21.768048] INFO: Executing command: /home/vc/kurotaka/objects/temp_12 12 32 1
[2025-01-31 16:44:23.932506] INFO: Command executed in 1903.812000ms
[2025-01-31 16:44:24.245220] INFO: Result saved to: /home/vc/kurotaka/results/result_12
[2025-01-31 16:44:24.421458] INFO: Second connection established in 0.333000ms
[2025-01-31 16:44:24.543983] INFO: Sending result upload request
[2025-01-31 16:44:24.708882] INFO: Second request sent in 0.033000ms
[2025-01-31 16:44:24.839171] INFO: Result uploaded in 0.008000ms
[2025-01-31 16:44:24.962272] INFO: Process completed successfully. Total execution time in 7699.616000ms

