
[2025-01-31 16:44:17.373567] INFO: Process started with ID: 11
[2025-01-31 16:44:17.544373] INFO: First connection established in 0.272000ms
[2025-01-31 16:44:17.690132] INFO: Sending request: GET /http_server/send-object.php?ID=11 HTTP/1.1
Host: 192.168.100.3
Connection: close


[2025-01-31 16:44:17.844339] INFO: First request sent in 0.035000ms
[2025-01-31 16:44:18.036169] INFO: Time from request to first response in 0.007000ms
[2025-01-31 16:44:18.237265] INFO: Received headers - MPI-Rank: 20, Group-ID: 1, Job-ID: 1, Sub-Job-ID: 21, Rank-Count: 32
[2025-01-31 16:44:18.438228] INFO: Receive loop #1 received 16384 bytes in 417.462000ms
[2025-01-31 16:44:18.654519] INFO: Receive loop #2 received 16384 bytes in 0.059000ms
[2025-01-31 16:44:18.875868] INFO: Receive loop #3 received 16384 bytes in 0.078000ms
[2025-01-31 16:44:19.096072] INFO: Receive loop #4 received 16384 bytes in 0.111000ms
[2025-01-31 16:44:19.305889] INFO: Receive loop #5 received 16384 bytes in 0.032000ms
[2025-01-31 16:44:19.638977] INFO: Receive loop #6 received 16384 bytes in 0.030000ms
[2025-01-31 16:44:19.879122] INFO: Receive loop #7 received 16384 bytes in 0.029000ms
[2025-01-31 16:44:20.029555] INFO: Receive loop #8 received 16384 bytes in 0.263000ms
[2025-01-31 16:44:20.179736] INFO: Receive loop #9 received 16384 bytes in 0.028000ms
[2025-01-31 16:44:20.324996] INFO: Receive loop #10 received 16384 bytes in 0.028000ms
[2025-01-31 16:44:20.549155] INFO: Receive loop #11 received 16384 bytes in 0.028000ms
[2025-01-31 16:44:20.707532] INFO: Receive loop #12 received 7662 bytes in 0.018000ms
[2025-01-31 16:44:20.940225] INFO: Response received in 2874.013000ms
[2025-01-31 16:44:21.099626] INFO: File saved in 0.492000ms
[2025-01-31 16:44:21.368691] INFO: File saved to: /home/vc/kurotaka/objects/temp_11
[2025-01-31 16:44:21.600388] INFO: Execution permission granted to: /home/vc/kurotaka/objects/temp_11
[2025-01-31 16:44:21.829385] INFO: Executing command: /home/vc/kurotaka/objects/temp_11 20 32 1
[2025-01-31 16:44:23.767237] INFO: Command executed in 1774.764000ms
[2025-01-31 16:44:23.932629] INFO: Result saved to: /home/vc/kurotaka/results/result_11
[2025-01-31 16:44:24.245328] INFO: Second connection established in 0.187000ms
[2025-01-31 16:44:24.448276] INFO: Sending result upload request
[2025-01-31 16:44:24.561737] INFO: Second request sent in 0.025000ms
[2025-01-31 16:44:24.732205] INFO: Result uploaded in 0.053000ms
[2025-01-31 16:44:24.899140] INFO: Process completed successfully. Total execution time in 7644.273000ms

