
[2025-01-31 16:15:05.087185] INFO: Process started with ID: 38
[2025-01-31 16:15:05.195078] INFO: First connection established in 0.234000ms
[2025-01-31 16:15:05.392163] INFO: Sending request: GET /http_server/send-object.php?ID=38 HTTP/1.1
Host: 192.168.100.3
Connection: close


[2025-01-31 16:15:05.693101] INFO: First request sent in 0.035000ms
[2025-01-31 16:15:06.112772] INFO: Time from request to first response in 0.027000ms
[2025-01-31 16:15:06.733687] INFO: Received headers - MPI-Rank: 2, Group-ID: 1, Job-ID: 1, Sub-Job-ID: 3, Rank-Count: 64
[2025-01-31 16:15:07.331341] INFO: Receive loop #1 received 16384 bytes in 1177.904000ms
[2025-01-31 16:15:08.039694] INFO: Receive loop #2 received 16384 bytes in 0.072000ms
[2025-01-31 16:15:08.290351] INFO: Receive loop #3 received 16384 bytes in 0.105000ms
[2025-01-31 16:15:08.488727] INFO: Receive loop #4 received 16384 bytes in 0.136000ms
[2025-01-31 16:15:08.878823] INFO: Receive loop #5 received 16384 bytes in 0.035000ms
[2025-01-31 16:15:09.235503] INFO: Receive loop #6 received 16384 bytes in 0.035000ms
[2025-01-31 16:15:09.759361] INFO: Receive loop #7 received 16384 bytes in 0.005000ms
[2025-01-31 16:15:10.406328] INFO: Receive loop #8 received 16384 bytes in 0.249000ms
[2025-01-31 16:15:10.733239] INFO: Receive loop #9 received 16384 bytes in 0.031000ms
[2025-01-31 16:15:10.940165] INFO: Receive loop #10 received 16384 bytes in 0.029000ms
[2025-01-31 16:15:11.160424] INFO: Receive loop #11 received 16384 bytes in 0.036000ms
[2025-01-31 16:15:11.439429] INFO: Receive loop #12 received 7660 bytes in 0.018000ms
[2025-01-31 16:15:11.699637] INFO: Response received in 5708.315000ms
[2025-01-31 16:15:11.932497] INFO: File saved in 0.449000ms
[2025-01-31 16:15:12.191664] INFO: File saved to: /home/vc/kurotaka/objects/temp_38
[2025-01-31 16:15:12.473077] INFO: Execution permission granted to: /home/vc/kurotaka/objects/temp_38
[2025-01-31 16:15:12.713783] INFO: Executing command: /home/vc/kurotaka/objects/temp_38 2 64 1
[2025-01-31 16:15:16.642495] INFO: Command executed in 3670.428000ms
[2025-01-31 16:15:16.937458] INFO: Result saved to: /home/vc/kurotaka/results/result_38
[2025-01-31 16:15:17.408782] INFO: Second connection established in 0.220000ms
[2025-01-31 16:15:17.838779] INFO: Sending result upload request
[2025-01-31 16:15:18.339770] INFO: Second request sent in 0.032000ms
[2025-01-31 16:15:19.031070] INFO: Result uploaded in 0.058000ms
[2025-01-31 16:15:19.656417] INFO: Process completed successfully. Total execution time in 14558.261000ms

