
[2025-01-31 16:15:05.165479] INFO: Process started with ID: 29
[2025-01-31 16:15:05.376169] INFO: First connection established in 0.247000ms
[2025-01-31 16:15:05.714859] INFO: Sending request: GET /http_server/send-object.php?ID=29 HTTP/1.1
Host: 192.168.100.3
Connection: close


[2025-01-31 16:15:06.112619] INFO: First request sent in 0.006000ms
[2025-01-31 16:15:06.733516] INFO: Time from request to first response in 0.027000ms
[2025-01-31 16:15:07.331432] INFO: Received headers - MPI-Rank: 22, Group-ID: 1, Job-ID: 1, Sub-Job-ID: 23, Rank-Count: 64
[2025-01-31 16:15:08.039763] INFO: Receive loop #1 received 16384 bytes in 1358.034000ms
[2025-01-31 16:15:08.290381] INFO: Receive loop #2 received 16384 bytes in 0.079000ms
[2025-01-31 16:15:08.623571] INFO: Receive loop #3 received 16384 bytes in 0.028000ms
[2025-01-31 16:15:08.952165] INFO: Receive loop #4 received 16384 bytes in 0.184000ms
[2025-01-31 16:15:09.398657] INFO: Receive loop #5 received 16384 bytes in 0.030000ms
[2025-01-31 16:15:10.077948] INFO: Receive loop #6 received 16384 bytes in 0.032000ms
[2025-01-31 16:15:10.636423] INFO: Receive loop #7 received 16384 bytes in 0.029000ms
[2025-01-31 16:15:10.866589] INFO: Receive loop #8 received 16384 bytes in 0.307000ms
[2025-01-31 16:15:11.118047] INFO: Receive loop #9 received 16384 bytes in 0.035000ms
[2025-01-31 16:15:11.381966] INFO: Receive loop #10 received 16384 bytes in 0.028000ms
[2025-01-31 16:15:11.657446] INFO: Receive loop #11 received 16384 bytes in 0.028000ms
[2025-01-31 16:15:11.876080] INFO: Receive loop #12 received 7662 bytes in 0.020000ms
[2025-01-31 16:15:12.080618] INFO: Response received in 5524.811000ms
[2025-01-31 16:15:12.381345] INFO: File saved in 0.443000ms
[2025-01-31 16:15:12.582931] INFO: File saved to: /home/vc/kurotaka/objects/temp_29
[2025-01-31 16:15:12.910193] INFO: Execution permission granted to: /home/vc/kurotaka/objects/temp_29
[2025-01-31 16:15:13.181372] INFO: Executing command: /home/vc/kurotaka/objects/temp_29 22 64 1
[2025-01-31 16:15:17.149036] INFO: Command executed in 3498.926000ms
[2025-01-31 16:15:17.685247] INFO: Result saved to: /home/vc/kurotaka/results/result_29
[2025-01-31 16:15:18.299897] INFO: Second connection established in 0.219000ms
[2025-01-31 16:15:18.917155] INFO: Sending result upload request
[2025-01-31 16:15:19.583337] INFO: Second request sent in 0.022000ms
[2025-01-31 16:15:19.820540] INFO: Result uploaded in 0.062000ms
[2025-01-31 16:15:20.072999] INFO: Process completed successfully. Total execution time in 14959.552000ms

