
[2025-01-31 16:23:14.714106] INFO: Process started with ID: 44
[2025-01-31 16:23:16.099902] INFO: First connection established in 0.198000ms
[2025-01-31 16:23:17.190226] INFO: Sending request: GET /http_server/send-object.php?ID=44 HTTP/1.1
Host: 192.168.100.3
Connection: close


[2025-01-31 16:23:17.954336] INFO: First request sent in 0.032000ms
[2025-01-31 16:23:18.952674] INFO: Time from request to first response in 0.029000ms
[2025-01-31 16:23:19.713076] INFO: Received headers - MPI-Rank: 111, Group-ID: 1, Job-ID: 1, Sub-Job-ID: 112, Rank-Count: 128
[2025-01-31 16:23:20.140629] INFO: Receive loop #1 received 16384 bytes in 1337.461000ms
[2025-01-31 16:23:20.779453] INFO: Receive loop #2 received 16384 bytes in 0.074000ms
[2025-01-31 16:23:21.601668] INFO: Receive loop #3 received 16384 bytes in 0.078000ms
[2025-01-31 16:23:22.057087] INFO: Receive loop #4 received 16384 bytes in 0.112000ms
[2025-01-31 16:23:22.617714] INFO: Receive loop #5 received 16384 bytes in 0.028000ms
[2025-01-31 16:23:23.099571] INFO: Receive loop #6 received 16384 bytes in 0.036000ms
[2025-01-31 16:23:23.557614] INFO: Receive loop #7 received 16384 bytes in 0.037000ms
[2025-01-31 16:23:24.440478] INFO: Receive loop #8 received 16384 bytes in 0.262000ms
[2025-01-31 16:23:25.604788] INFO: Receive loop #9 received 16384 bytes in 0.029000ms
[2025-01-31 16:23:26.490212] INFO: Receive loop #10 received 16384 bytes in 0.028000ms
[2025-01-31 16:23:27.651272] INFO: Receive loop #11 received 16384 bytes in 0.029000ms
[2025-01-31 16:23:28.785874] INFO: Receive loop #12 received 7665 bytes in 0.019000ms
[2025-01-31 16:23:29.205667] INFO: Response received in 10331.832000ms
[2025-01-31 16:23:29.783894] INFO: File saved in 0.099000ms
[2025-01-31 16:23:30.545658] INFO: File saved to: /home/vc/kurotaka/objects/temp_44
[2025-01-31 16:23:31.598372] INFO: Execution permission granted to: /home/vc/kurotaka/objects/temp_44
[2025-01-31 16:23:31.896187] INFO: Executing command: /home/vc/kurotaka/objects/temp_44 111 128 1
[2025-01-31 16:23:35.789535] INFO: Command executed in 3323.407000ms
[2025-01-31 16:23:36.511740] INFO: Result saved to: /home/vc/kurotaka/results/result_44
[2025-01-31 16:23:37.187149] INFO: Second connection established in 0.148000ms
[2025-01-31 16:23:37.853757] INFO: Sending result upload request
[2025-01-31 16:23:38.642148] INFO: Second request sent in 0.024000ms
[2025-01-31 16:23:39.925563] INFO: Result uploaded in 0.051000ms
[2025-01-31 16:23:40.653064] INFO: Process completed successfully. Total execution time in 29565.841000ms

