
[2025-01-31 16:23:15.840607] INFO: Process started with ID: 36
[2025-01-31 16:23:17.103764] INFO: First connection established in 0.186000ms
[2025-01-31 16:23:17.763354] INFO: Sending request: GET /http_server/send-object.php?ID=36 HTTP/1.1
Host: 192.168.100.3
Connection: close


[2025-01-31 16:23:18.848595] INFO: First request sent in 0.033000ms
[2025-01-31 16:23:19.656482] INFO: Time from request to first response in 0.030000ms
[2025-01-31 16:23:20.088514] INFO: Received headers - MPI-Rank: 124, Group-ID: 1, Job-ID: 1, Sub-Job-ID: 125, Rank-Count: 128
[2025-01-31 16:23:20.723837] INFO: Receive loop #1 received 16384 bytes in 952.867000ms
[2025-01-31 16:23:21.535020] INFO: Receive loop #2 received 16384 bytes in 0.061000ms
[2025-01-31 16:23:21.984942] INFO: Receive loop #3 received 16384 bytes in 0.076000ms
[2025-01-31 16:23:22.500711] INFO: Receive loop #4 received 16384 bytes in 0.107000ms
[2025-01-31 16:23:22.965397] INFO: Receive loop #5 received 16384 bytes in 0.029000ms
[2025-01-31 16:23:23.440767] INFO: Receive loop #6 received 16384 bytes in 0.031000ms
[2025-01-31 16:23:24.175563] INFO: Receive loop #7 received 16384 bytes in 0.035000ms
[2025-01-31 16:23:25.415416] INFO: Receive loop #8 received 16384 bytes in 0.247000ms
[2025-01-31 16:23:26.386326] INFO: Receive loop #9 received 16384 bytes in 0.030000ms
[2025-01-31 16:23:27.159280] INFO: Receive loop #10 received 16384 bytes in 0.022000ms
[2025-01-31 16:23:28.443146] INFO: Receive loop #11 received 16384 bytes in 0.029000ms
[2025-01-31 16:23:29.025267] INFO: Receive loop #12 received 7665 bytes in 0.003000ms
[2025-01-31 16:23:29.729411] INFO: Response received in 9714.915000ms
[2025-01-31 16:23:30.502282] INFO: File saved in 0.477000ms
[2025-01-31 16:23:31.428886] INFO: File saved to: /home/vc/kurotaka/objects/temp_36
[2025-01-31 16:23:31.735092] INFO: Execution permission granted to: /home/vc/kurotaka/objects/temp_36
[2025-01-31 16:23:32.063662] INFO: Executing command: /home/vc/kurotaka/objects/temp_36 124 128 1
[2025-01-31 16:23:35.385009] INFO: Command executed in 2874.436000ms
[2025-01-31 16:23:36.436528] INFO: Result saved to: /home/vc/kurotaka/results/result_36
[2025-01-31 16:23:37.133128] INFO: Second connection established in 0.269000ms
[2025-01-31 16:23:37.805738] INFO: Sending result upload request
[2025-01-31 16:23:38.525935] INFO: Second request sent in 0.025000ms
[2025-01-31 16:23:39.844612] INFO: Result uploaded in 0.052000ms
[2025-01-31 16:23:40.621090] INFO: Process completed successfully. Total execution time in 29556.757000ms

