
[2025-01-31 17:27:14] Program started at 2025-01-31 17:27:14.1483
[2025-01-31 17:27:14] [getClientID] MySQL connection established. Execution time: 0.347 ms
[2025-01-31 17:27:14] [getClientID] SELECT table_name FROM table_registry WHERE id = :job_id / Execution time: 0.603 ms
[2025-01-31 17:27:14] [getClientID] SELECT client FROM `matrix` WHERE id = :sub_job_id / Execution time: 0.244 ms
[2025-01-31 17:27:14] getClientID completed. Execution time: 1.461 ms
[2025-01-31 17:27:14] Read file completed. Execution time: 0.015 ms
[2025-01-31 17:27:14] File saved successfully: uploads/job_1/group_1/result_158
[2025-01-31 17:27:14] [updateStatus] MySQL connection established. Execution time: 0.129 ms
[2025-01-31 17:27:14] [updateStatus] SELECT table_name FROM table_registry WHERE id = :job_id FOR UPDATE / Execution time: 0.218 ms
[2025-01-31 17:27:14] [updateStatus] UPDATE `matrix` SET status = :status WHERE id = :sub_job_id / Execution time: 0.231 ms
[2025-01-31 17:27:14] [updateStatus] SELECT COUNT_RECORDS FROM `matrix` / Execution time: 0.986 ms
[2025-01-31 17:27:14] [updateStatus] UPDATE table_registry SET status = :status WHERE id = :job_id / Execution time: 0.208 ms
[2025-01-31 17:27:14] updateStatus completed. Execution time: 4.728 ms
[2025-01-31 17:27:14] Write file completed. Execution time: 5.104 ms
[2025-01-31 17:27:14] [getGroupStatus] MySQL connection established. Execution time: 0.083 ms
[2025-01-31 17:27:14] [getGroupStatus] SELECT table_name FROM table_registry WHERE id = :job_id / Execution time: 0.326 ms
[2025-01-31 17:27:14] [getGroupStatus] SELECT status FROM `matrix` WHERE group_id = :group_id / Execution time: 1.415 ms
[2025-01-31 17:27:14] getGroupStatus completed. Execution time: 2.009 ms
[2025-01-31 17:27:14] Group 1 is not completed yet.
[2025-01-31 17:27:14] Program completed. Total execution time: 11.133 ms

