
[2025-01-31 17:26:58] Program started at 2025-01-31 17:26:58.419
[2025-01-31 17:26:58] [getClientID] MySQL connection established. Execution time: 0.618 ms
[2025-01-31 17:26:58] [getClientID] SELECT table_name FROM table_registry WHERE id = :job_id / Execution time: 0.348 ms
[2025-01-31 17:26:58] [getClientID] SELECT client FROM `matrix` WHERE id = :sub_job_id / Execution time: 0.459 ms
[2025-01-31 17:26:58] getClientID completed. Execution time: 1.633 ms
[2025-01-31 17:26:58] Read file completed. Execution time: 0.012 ms
[2025-01-31 17:26:58] File saved successfully: uploads/job_1/group_1/result_474
[2025-01-31 17:26:58] [updateStatus] MySQL connection established. Execution time: 0.267 ms
[2025-01-31 17:26:58] [updateStatus] SELECT table_name FROM table_registry WHERE id = :job_id FOR UPDATE / Execution time: 0.331 ms
[2025-01-31 17:26:58] [updateStatus] UPDATE `matrix` SET status = :status WHERE id = :sub_job_id / Execution time: 0.280 ms
[2025-01-31 17:26:58] [updateStatus] SELECT COUNT_RECORDS FROM `matrix` / Execution time: 0.991 ms
[2025-01-31 17:26:58] [updateStatus] UPDATE table_registry SET status = :status WHERE id = :job_id / Execution time: 0.207 ms
[2025-01-31 17:26:58] updateStatus completed. Execution time: 4.962 ms
[2025-01-31 17:26:58] Write file completed. Execution time: 5.348 ms
[2025-01-31 17:26:58] [getGroupStatus] MySQL connection established. Execution time: 0.047 ms
[2025-01-31 17:26:58] [getGroupStatus] SELECT table_name FROM table_registry WHERE id = :job_id / Execution time: 0.302 ms
[2025-01-31 17:26:58] [getGroupStatus] SELECT status FROM `matrix` WHERE group_id = :group_id / Execution time: 1.013 ms
[2025-01-31 17:26:58] getGroupStatus completed. Execution time: 1.456 ms
[2025-01-31 17:26:58] Group 1 is not completed yet.
[2025-01-31 17:26:58] Program completed. Total execution time: 11.344 ms

