
[2025-01-31 17:27:04] Program started at 2025-01-31 17:27:04.8729
[2025-01-31 17:27:04] [getClientID] MySQL connection established. Execution time: 0.191 ms
[2025-01-31 17:27:04] [getClientID] SELECT table_name FROM table_registry WHERE id = :job_id / Execution time: 0.259 ms
[2025-01-31 17:27:04] [getClientID] SELECT client FROM `matrix` WHERE id = :sub_job_id / Execution time: 0.142 ms
[2025-01-31 17:27:04] getClientID completed. Execution time: 0.772 ms
[2025-01-31 17:27:04] Read file completed. Execution time: 0.013 ms
[2025-01-31 17:27:04] File saved successfully: uploads/job_1/group_1/result_457
[2025-01-31 17:27:04] [updateStatus] MySQL connection established. Execution time: 0.090 ms
[2025-01-31 17:27:04] [updateStatus] SELECT table_name FROM table_registry WHERE id = :job_id FOR UPDATE / Execution time: 0.132 ms
[2025-01-31 17:27:04] [updateStatus] UPDATE `matrix` SET status = :status WHERE id = :sub_job_id / Execution time: 0.127 ms
[2025-01-31 17:27:04] [updateStatus] SELECT COUNT_RECORDS FROM `matrix` / Execution time: 0.389 ms
[2025-01-31 17:27:04] [updateStatus] UPDATE table_registry SET status = :status WHERE id = :job_id / Execution time: 0.099 ms
[2025-01-31 17:27:04] updateStatus completed. Execution time: 78.428 ms
[2025-01-31 17:27:04] Write file completed. Execution time: 78.794 ms
[2025-01-31 17:27:04] [getGroupStatus] MySQL connection established. Execution time: 0.074 ms
[2025-01-31 17:27:04] [getGroupStatus] SELECT table_name FROM table_registry WHERE id = :job_id / Execution time: 0.210 ms
[2025-01-31 17:27:04] [getGroupStatus] SELECT status FROM `matrix` WHERE group_id = :group_id / Execution time: 1.013 ms
[2025-01-31 17:27:04] getGroupStatus completed. Execution time: 1.491 ms
[2025-01-31 17:27:04] Group 1 is not completed yet.
[2025-01-31 17:27:04] Program completed. Total execution time: 83.840 ms

