
[2025-01-31 17:26:58] Program started at 2025-01-31 17:26:58.9888
[2025-01-31 17:26:58] [getClientID] MySQL connection established. Execution time: 0.571 ms
[2025-01-31 17:26:58] [getClientID] SELECT table_name FROM table_registry WHERE id = :job_id / Execution time: 0.665 ms
[2025-01-31 17:26:58] [getClientID] SELECT client FROM `matrix` WHERE id = :sub_job_id / Execution time: 0.358 ms
[2025-01-31 17:26:58] getClientID completed. Execution time: 1.906 ms
[2025-01-31 17:26:58] Read file completed. Execution time: 0.015 ms
[2025-01-31 17:26:58] File saved successfully: uploads/job_1/group_1/result_329
[2025-01-31 17:26:58] [updateStatus] MySQL connection established. Execution time: 0.147 ms
[2025-01-31 17:26:58] [updateStatus] SELECT table_name FROM table_registry WHERE id = :job_id FOR UPDATE / Execution time: 0.354 ms
[2025-01-31 17:26:58] [updateStatus] UPDATE `matrix` SET status = :status WHERE id = :sub_job_id / Execution time: 0.311 ms
[2025-01-31 17:26:58] [updateStatus] SELECT COUNT_RECORDS FROM `matrix` / Execution time: 0.984 ms
[2025-01-31 17:26:58] [updateStatus] UPDATE table_registry SET status = :status WHERE id = :job_id / Execution time: 0.262 ms
[2025-01-31 17:26:58] updateStatus completed. Execution time: 4.316 ms
[2025-01-31 17:26:58] Write file completed. Execution time: 4.670 ms
[2025-01-31 17:26:58] [getGroupStatus] MySQL connection established. Execution time: 0.059 ms
[2025-01-31 17:26:58] [getGroupStatus] SELECT table_name FROM table_registry WHERE id = :job_id / Execution time: 0.157 ms
[2025-01-31 17:26:58] [getGroupStatus] SELECT status FROM `matrix` WHERE group_id = :group_id / Execution time: 0.853 ms
[2025-01-31 17:26:58] getGroupStatus completed. Execution time: 1.203 ms
[2025-01-31 17:26:58] Group 1 is not completed yet.
[2025-01-31 17:26:58] Program completed. Total execution time: 10.784 ms

