
[2025-01-31 17:27:16] Program started at 2025-01-31 17:27:16.3665
[2025-01-31 17:27:16] [getClientID] MySQL connection established. Execution time: 0.241 ms
[2025-01-31 17:27:16] [getClientID] SELECT table_name FROM table_registry WHERE id = :job_id / Execution time: 0.460 ms
[2025-01-31 17:27:16] [getClientID] SELECT client FROM `matrix` WHERE id = :sub_job_id / Execution time: 0.340 ms
[2025-01-31 17:27:16] getClientID completed. Execution time: 1.309 ms
[2025-01-31 17:27:16] Read file completed. Execution time: 0.013 ms
[2025-01-31 17:27:16] File saved successfully: uploads/job_1/group_1/result_98
[2025-01-31 17:27:16] [updateStatus] MySQL connection established. Execution time: 0.185 ms
[2025-01-31 17:27:16] [updateStatus] SELECT table_name FROM table_registry WHERE id = :job_id FOR UPDATE / Execution time: 0.383 ms
[2025-01-31 17:27:16] [updateStatus] UPDATE `matrix` SET status = :status WHERE id = :sub_job_id / Execution time: 0.327 ms
[2025-01-31 17:27:16] [updateStatus] SELECT COUNT_RECORDS FROM `matrix` / Execution time: 0.993 ms
[2025-01-31 17:27:16] [updateStatus] UPDATE table_registry SET status = :status WHERE id = :job_id / Execution time: 0.264 ms
[2025-01-31 17:27:16] updateStatus completed. Execution time: 5.116 ms
[2025-01-31 17:27:16] Write file completed. Execution time: 5.440 ms
[2025-01-31 17:27:16] [getGroupStatus] MySQL connection established. Execution time: 0.041 ms
[2025-01-31 17:27:16] [getGroupStatus] SELECT table_name FROM table_registry WHERE id = :job_id / Execution time: 0.178 ms
[2025-01-31 17:27:16] [getGroupStatus] SELECT status FROM `matrix` WHERE group_id = :group_id / Execution time: 0.627 ms
[2025-01-31 17:27:16] getGroupStatus completed. Execution time: 0.966 ms
[2025-01-31 17:27:16] Group 1 is not completed yet.
[2025-01-31 17:27:16] Program completed. Total execution time: 10.400 ms

