
[2025-01-31 17:26:54] Program started at 2025-01-31 17:26:54.1546
[2025-01-31 17:26:54] [getClientID] MySQL connection established. Execution time: 0.258 ms
[2025-01-31 17:26:54] [getClientID] SELECT table_name FROM table_registry WHERE id = :job_id / Execution time: 0.379 ms
[2025-01-31 17:26:54] [getClientID] SELECT client FROM `matrix` WHERE id = :sub_job_id / Execution time: 0.252 ms
[2025-01-31 17:26:54] getClientID completed. Execution time: 1.082 ms
[2025-01-31 17:26:54] Read file completed. Execution time: 0.013 ms
[2025-01-31 17:26:54] File saved successfully: uploads/job_1/group_1/result_397
[2025-01-31 17:26:54] [updateStatus] MySQL connection established. Execution time: 0.122 ms
[2025-01-31 17:26:54] [updateStatus] SELECT table_name FROM table_registry WHERE id = :job_id FOR UPDATE / Execution time: 0.210 ms
[2025-01-31 17:26:54] [updateStatus] UPDATE `matrix` SET status = :status WHERE id = :sub_job_id / Execution time: 0.286 ms
[2025-01-31 17:26:54] [updateStatus] SELECT COUNT_RECORDS FROM `matrix` / Execution time: 0.992 ms
[2025-01-31 17:26:54] [updateStatus] UPDATE table_registry SET status = :status WHERE id = :job_id / Execution time: 0.207 ms
[2025-01-31 17:26:54] updateStatus completed. Execution time: 4.689 ms
[2025-01-31 17:26:54] Write file completed. Execution time: 5.085 ms
[2025-01-31 17:26:54] [getGroupStatus] MySQL connection established. Execution time: 0.158 ms
[2025-01-31 17:26:54] [getGroupStatus] SELECT table_name FROM table_registry WHERE id = :job_id / Execution time: 0.224 ms
[2025-01-31 17:26:54] [getGroupStatus] SELECT status FROM `matrix` WHERE group_id = :group_id / Execution time: 1.122 ms
[2025-01-31 17:26:54] getGroupStatus completed. Execution time: 1.631 ms
[2025-01-31 17:26:54] Group 1 is not completed yet.
[2025-01-31 17:26:54] Program completed. Total execution time: 10.513 ms

