
[2025-01-31 16:51:29.051041] INFO: Process started with ID: 21
[2025-01-31 16:51:29.141350] INFO: First connection established in 0.132000ms
[2025-01-31 16:51:29.339381] INFO: Sending request: GET /http_server/send-object.php?ID=21 HTTP/1.1
Host: 192.168.100.3
Connection: close


[2025-01-31 16:51:29.476886] INFO: First request sent in 0.034000ms
[2025-01-31 16:51:29.611037] INFO: Time from request to first response in 0.030000ms
[2025-01-31 16:51:29.756851] INFO: Received headers - MPI-Rank: 7, Group-ID: 1, Job-ID: 1, Sub-Job-ID: 8, Rank-Count: 32
[2025-01-31 16:51:29.853402] INFO: Receive loop #1 received 16384 bytes in 262.212000ms
[2025-01-31 16:51:29.984274] INFO: Receive loop #2 received 16384 bytes in 0.059000ms
[2025-01-31 16:51:30.200797] INFO: Receive loop #3 received 16384 bytes in 0.076000ms
[2025-01-31 16:51:30.392095] INFO: Receive loop #4 received 16384 bytes in 0.109000ms
[2025-01-31 16:51:30.570125] INFO: Receive loop #5 received 16384 bytes in 0.028000ms
[2025-01-31 16:51:30.731041] INFO: Receive loop #6 received 16384 bytes in 0.037000ms
[2025-01-31 16:51:30.918959] INFO: Receive loop #7 received 16384 bytes in 0.036000ms
[2025-01-31 16:51:31.175806] INFO: Receive loop #8 received 16384 bytes in 0.246000ms
[2025-01-31 16:51:31.258284] INFO: Receive loop #9 received 16384 bytes in 0.030000ms
[2025-01-31 16:51:31.364961] INFO: Receive loop #10 received 16384 bytes in 0.029000ms
[2025-01-31 16:51:31.466442] INFO: Receive loop #11 received 16384 bytes in 0.033000ms
[2025-01-31 16:51:31.605152] INFO: Receive loop #12 received 7660 bytes in 0.019000ms
[2025-01-31 16:51:31.804610] INFO: Response received in 2185.626000ms
[2025-01-31 16:51:31.951054] INFO: File saved in 0.463000ms
[2025-01-31 16:51:32.114461] INFO: File saved to: /home/vc/kurotaka/objects/temp_21
[2025-01-31 16:51:32.417411] INFO: Execution permission granted to: /home/vc/kurotaka/objects/temp_21
[2025-01-31 16:51:32.526256] INFO: Executing command: /home/vc/kurotaka/objects/temp_21 7 32 1
[2025-01-31 16:51:34.545173] INFO: Command executed in 1829.889000ms
[2025-01-31 16:51:34.660970] INFO: Result saved to: /home/vc/kurotaka/results/result_21
[2025-01-31 16:51:34.821886] INFO: Second connection established in 0.259000ms
[2025-01-31 16:51:35.006562] INFO: Sending result upload request
[2025-01-31 16:51:35.163244] INFO: Second request sent in 0.028000ms
[2025-01-31 16:51:35.334892] INFO: Result uploaded in 0.062000ms
[2025-01-31 16:51:35.523263] INFO: Process completed successfully. Total execution time in 6457.598000ms

