
[2025-01-31 16:51:29.051097] INFO: Process started with ID: 20
[2025-01-31 16:51:29.141348] INFO: First connection established in 0.114000ms
[2025-01-31 16:51:29.299349] INFO: Sending request: GET /http_server/send-object.php?ID=20 HTTP/1.1
Host: 192.168.100.3
Connection: close


[2025-01-31 16:51:29.455047] INFO: First request sent in 0.035000ms
[2025-01-31 16:51:29.610837] INFO: Time from request to first response in 0.029000ms
[2025-01-31 16:51:29.741963] INFO: Received headers - MPI-Rank: 0, Group-ID: 1, Job-ID: 1, Sub-Job-ID: 1, Rank-Count: 32
[2025-01-31 16:51:29.823519] INFO: Receive loop #1 received 16384 bytes in 248.887000ms
[2025-01-31 16:51:29.967497] INFO: Receive loop #2 received 16384 bytes in 0.075000ms
[2025-01-31 16:51:30.120583] INFO: Receive loop #3 received 16384 bytes in 0.091000ms
[2025-01-31 16:51:30.331405] INFO: Receive loop #4 received 16384 bytes in 0.127000ms
[2025-01-31 16:51:30.480401] INFO: Receive loop #5 received 16384 bytes in 0.030000ms
[2025-01-31 16:51:30.668924] INFO: Receive loop #6 received 16384 bytes in 0.030000ms
[2025-01-31 16:51:30.842560] INFO: Receive loop #7 received 16384 bytes in 0.028000ms
[2025-01-31 16:51:31.035965] INFO: Receive loop #8 received 16384 bytes in 0.266000ms
[2025-01-31 16:51:31.209280] INFO: Receive loop #9 received 16384 bytes in 0.036000ms
[2025-01-31 16:51:31.287038] INFO: Receive loop #10 received 16384 bytes in 0.028000ms
[2025-01-31 16:51:31.418027] INFO: Receive loop #11 received 16384 bytes in 0.028000ms
[2025-01-31 16:51:31.591351] INFO: Receive loop #12 received 7660 bytes in 0.019000ms
[2025-01-31 16:51:31.746686] INFO: Response received in 2139.986000ms
[2025-01-31 16:51:31.930775] INFO: File saved in 0.497000ms
[2025-01-31 16:51:32.089710] INFO: File saved to: /home/vc/kurotaka/objects/temp_20
[2025-01-31 16:51:32.391914] INFO: Execution permission granted to: /home/vc/kurotaka/objects/temp_20
[2025-01-31 16:51:32.526437] INFO: Executing command: /home/vc/kurotaka/objects/temp_20 0 32 1
[2025-01-31 16:51:34.545145] INFO: Command executed in 1830.448000ms
[2025-01-31 16:51:34.660980] INFO: Result saved to: /home/vc/kurotaka/results/result_20
[2025-01-31 16:51:34.821819] INFO: Second connection established in 0.174000ms
[2025-01-31 16:51:34.932495] INFO: Sending result upload request
[2025-01-31 16:51:35.139395] INFO: Second request sent in 0.026000ms
[2025-01-31 16:51:35.267470] INFO: Result uploaded in 0.068000ms
[2025-01-31 16:51:35.399243] INFO: Process completed successfully. Total execution time in 6315.226000ms

