
[2025-01-23 15:09:30] Program started at 2025-01-23 15:09:30.000000
[2025-01-23 15:09:30] [getClientID] MySQL connection established. Execution time: 0.497 ms
[2025-01-23 15:09:30] [getClientID] SELECT table_name FROM table_registry WHERE id = :job_id / Execution time: 0.341 ms
[2025-01-23 15:09:30] [getClientID] SELECT client FROM `matrix` WHERE id = :sub_job_id / Execution time: 0.243 ms
[2025-01-23 15:09:30] getClientID completed. Execution time: 1.285 ms
[2025-01-23 15:09:30] Read file completed. Execution time: 0.014 ms
[2025-01-23 15:09:30] File saved successfully: uploads/job_1/group_1/result_248
[2025-01-23 15:09:30] [updateStatus] MySQL connection established. Execution time: 0.136 ms
[2025-01-23 15:09:30] [updateStatus] SELECT table_name FROM table_registry WHERE id = :job_id FOR UPDATE / Execution time: 2.287 ms
[2025-01-23 15:09:30] [updateStatus] UPDATE `matrix` SET status = :status WHERE id = :sub_job_id / Execution time: 0.363 ms
[2025-01-23 15:09:30] [updateStatus] SELECT COUNT_RECORDS FROM `matrix` / Execution time: 1.018 ms
[2025-01-23 15:09:30] [updateStatus] UPDATE table_registry SET status = :status WHERE id = :job_id / Execution time: 0.184 ms
[2025-01-23 15:09:30] updateStatus completed. Execution time: 53.946 ms
[2025-01-23 15:09:30] Write file completed. Execution time: 54.348 ms
[2025-01-23 15:09:30] [getGroupStatus] MySQL connection established. Execution time: 0.080 ms
[2025-01-23 15:09:30] [getGroupStatus] SELECT table_name FROM table_registry WHERE id = :job_id / Execution time: 0.293 ms
[2025-01-23 15:09:30] [getGroupStatus] SELECT status FROM `matrix` WHERE group_id = :group_id / Execution time: 1.443 ms
[2025-01-23 15:09:30] getGroupStatus completed. Execution time: 2.060 ms
[2025-01-23 15:09:30] Group 1 is not completed yet.
[2025-01-23 15:09:30] Program completed. Total execution time: 60.719 ms

