
[2025-01-23 15:09:49] Program started at 2025-01-23 15:09:49.000000
[2025-01-23 15:09:49] [getClientID] MySQL connection established. Execution time: 0.439 ms
[2025-01-23 15:09:49] [getClientID] SELECT table_name FROM table_registry WHERE id = :job_id / Execution time: 0.257 ms
[2025-01-23 15:09:49] [getClientID] SELECT client FROM `matrix` WHERE id = :sub_job_id / Execution time: 0.152 ms
[2025-01-23 15:09:49] getClientID completed. Execution time: 0.927 ms
[2025-01-23 15:09:49] Read file completed. Execution time: 0.007 ms
[2025-01-23 15:09:49] File saved successfully: uploads/job_1/group_1/result_21
[2025-01-23 15:09:49] [updateStatus] MySQL connection established. Execution time: 0.085 ms
[2025-01-23 15:09:49] [updateStatus] SELECT table_name FROM table_registry WHERE id = :job_id FOR UPDATE / Execution time: 0.161 ms
[2025-01-23 15:09:49] [updateStatus] UPDATE `matrix` SET status = :status WHERE id = :sub_job_id / Execution time: 0.175 ms
[2025-01-23 15:09:49] [updateStatus] SELECT COUNT_RECORDS FROM `matrix` / Execution time: 0.738 ms
[2025-01-23 15:09:49] [updateStatus] UPDATE table_registry SET status = :status WHERE id = :job_id / Execution time: 0.143 ms
[2025-01-23 15:09:49] updateStatus completed. Execution time: 4.186 ms
[2025-01-23 15:09:49] Write file completed. Execution time: 4.364 ms
[2025-01-23 15:09:49] [getGroupStatus] MySQL connection established. Execution time: 0.034 ms
[2025-01-23 15:09:49] [getGroupStatus] SELECT table_name FROM table_registry WHERE id = :job_id / Execution time: 0.139 ms
[2025-01-23 15:09:49] [getGroupStatus] SELECT status FROM `matrix` WHERE group_id = :group_id / Execution time: 0.730 ms
[2025-01-23 15:09:49] getGroupStatus completed. Execution time: 1.081 ms
[2025-01-23 15:09:49] Group 1 is not completed yet.
[2025-01-23 15:09:49] Program completed. Total execution time: 7.596 ms

