
[2025-01-23 15:09:31] Program started at 2025-01-23 15:09:31.000000
[2025-01-23 15:09:31] [getClientID] MySQL connection established. Execution time: 0.355 ms
[2025-01-23 15:09:31] [getClientID] SELECT table_name FROM table_registry WHERE id = :job_id / Execution time: 0.490 ms
[2025-01-23 15:09:31] [getClientID] SELECT client FROM `matrix` WHERE id = :sub_job_id / Execution time: 0.233 ms
[2025-01-23 15:09:31] getClientID completed. Execution time: 1.258 ms
[2025-01-23 15:09:31] Read file completed. Execution time: 0.016 ms
[2025-01-23 15:09:31] File saved successfully: uploads/job_1/group_1/result_401
[2025-01-23 15:09:31] [updateStatus] MySQL connection established. Execution time: 0.124 ms
[2025-01-23 15:09:31] [updateStatus] SELECT table_name FROM table_registry WHERE id = :job_id FOR UPDATE / Execution time: 1.937 ms
[2025-01-23 15:09:31] [updateStatus] UPDATE `matrix` SET status = :status WHERE id = :sub_job_id / Execution time: 0.364 ms
[2025-01-23 15:09:31] [updateStatus] SELECT COUNT_RECORDS FROM `matrix` / Execution time: 1.038 ms
[2025-01-23 15:09:31] [updateStatus] UPDATE table_registry SET status = :status WHERE id = :job_id / Execution time: 0.214 ms
[2025-01-23 15:09:31] updateStatus completed. Execution time: 62.989 ms
[2025-01-23 15:09:31] Write file completed. Execution time: 63.367 ms
[2025-01-23 15:09:31] [getGroupStatus] MySQL connection established. Execution time: 0.084 ms
[2025-01-23 15:09:31] [getGroupStatus] SELECT table_name FROM table_registry WHERE id = :job_id / Execution time: 0.306 ms
[2025-01-23 15:09:31] [getGroupStatus] SELECT status FROM `matrix` WHERE group_id = :group_id / Execution time: 1.366 ms
[2025-01-23 15:09:31] getGroupStatus completed. Execution time: 1.977 ms
[2025-01-23 15:09:31] Group 1 is not completed yet.
[2025-01-23 15:09:31] Program completed. Total execution time: 69.365 ms

