
[2025-01-23 15:09:29] Program started at 2025-01-23 15:09:29.000000
[2025-01-23 15:09:29] [getClientID] MySQL connection established. Execution time: 0.397 ms
[2025-01-23 15:09:29] [getClientID] SELECT table_name FROM table_registry WHERE id = :job_id / Execution time: 0.537 ms
[2025-01-23 15:09:29] [getClientID] SELECT client FROM `matrix` WHERE id = :sub_job_id / Execution time: 0.227 ms
[2025-01-23 15:09:29] getClientID completed. Execution time: 1.357 ms
[2025-01-23 15:09:29] Read file completed. Execution time: 0.014 ms
[2025-01-23 15:09:29] File saved successfully: uploads/job_1/group_1/result_340
[2025-01-23 15:09:29] [updateStatus] MySQL connection established. Execution time: 0.119 ms
[2025-01-23 15:09:29] [updateStatus] SELECT table_name FROM table_registry WHERE id = :job_id FOR UPDATE / Execution time: 5.962 ms
[2025-01-23 15:09:29] [updateStatus] UPDATE `matrix` SET status = :status WHERE id = :sub_job_id / Execution time: 0.331 ms
[2025-01-23 15:09:29] [updateStatus] SELECT COUNT_RECORDS FROM `matrix` / Execution time: 0.994 ms
[2025-01-23 15:09:29] [updateStatus] UPDATE table_registry SET status = :status WHERE id = :job_id / Execution time: 0.185 ms
[2025-01-23 15:09:29] updateStatus completed. Execution time: 181.384 ms
[2025-01-23 15:09:29] Write file completed. Execution time: 181.790 ms
[2025-01-23 15:09:29] [getGroupStatus] MySQL connection established. Execution time: 0.186 ms
[2025-01-23 15:09:29] [getGroupStatus] SELECT table_name FROM table_registry WHERE id = :job_id / Execution time: 0.343 ms
[2025-01-23 15:09:29] [getGroupStatus] SELECT status FROM `matrix` WHERE group_id = :group_id / Execution time: 1.986 ms
[2025-01-23 15:09:29] getGroupStatus completed. Execution time: 2.778 ms
[2025-01-23 15:09:29] Group 1 is not completed yet.
[2025-01-23 15:09:29] Program completed. Total execution time: 188.854 ms

