
[2025-01-23 15:09:39] Program started at 2025-01-23 15:09:39.000000
[2025-01-23 15:09:39] [getClientID] MySQL connection established. Execution time: 0.270 ms
[2025-01-23 15:09:39] [getClientID] SELECT table_name FROM table_registry WHERE id = :job_id / Execution time: 0.429 ms
[2025-01-23 15:09:39] [getClientID] SELECT client FROM `matrix` WHERE id = :sub_job_id / Execution time: 0.239 ms
[2025-01-23 15:09:39] getClientID completed. Execution time: 1.096 ms
[2025-01-23 15:09:39] Read file completed. Execution time: 0.012 ms
[2025-01-23 15:09:40] File saved successfully: uploads/job_1/group_1/result_105
[2025-01-23 15:09:40] [updateStatus] MySQL connection established. Execution time: 0.237 ms
[2025-01-23 15:09:40] [updateStatus] SELECT table_name FROM table_registry WHERE id = :job_id FOR UPDATE / Execution time: 4.901 ms
[2025-01-23 15:09:40] [updateStatus] UPDATE `matrix` SET status = :status WHERE id = :sub_job_id / Execution time: 0.193 ms
[2025-01-23 15:09:40] [updateStatus] SELECT COUNT_RECORDS FROM `matrix` / Execution time: 0.423 ms
[2025-01-23 15:09:40] [updateStatus] UPDATE table_registry SET status = :status WHERE id = :job_id / Execution time: 0.107 ms
[2025-01-23 15:09:40] updateStatus completed. Execution time: 426.857 ms
[2025-01-23 15:09:40] Write file completed. Execution time: 587.477 ms
[2025-01-23 15:09:40] [getGroupStatus] MySQL connection established. Execution time: 0.065 ms
[2025-01-23 15:09:40] [getGroupStatus] SELECT table_name FROM table_registry WHERE id = :job_id / Execution time: 0.216 ms
[2025-01-23 15:09:40] [getGroupStatus] SELECT status FROM `matrix` WHERE group_id = :group_id / Execution time: 0.970 ms
[2025-01-23 15:09:40] getGroupStatus completed. Execution time: 1.440 ms
[2025-01-23 15:09:40] Group 1 is not completed yet.
[2025-01-23 15:09:40] Program completed. Total execution time: 592.261 ms

