
[2025-01-23 15:09:34] Program started at 2025-01-23 15:09:34.000000
[2025-01-23 15:09:34] [getClientID] MySQL connection established. Execution time: 0.313 ms
[2025-01-23 15:09:34] [getClientID] SELECT table_name FROM table_registry WHERE id = :job_id / Execution time: 0.561 ms
[2025-01-23 15:09:34] [getClientID] SELECT client FROM `matrix` WHERE id = :sub_job_id / Execution time: 0.199 ms
[2025-01-23 15:09:34] getClientID completed. Execution time: 1.163 ms
[2025-01-23 15:09:34] Read file completed. Execution time: 0.008 ms
[2025-01-23 15:09:34] File saved successfully: uploads/job_1/group_1/result_301
[2025-01-23 15:09:34] [updateStatus] MySQL connection established. Execution time: 0.084 ms
[2025-01-23 15:09:34] [updateStatus] SELECT table_name FROM table_registry WHERE id = :job_id FOR UPDATE / Execution time: 0.275 ms
[2025-01-23 15:09:34] [updateStatus] UPDATE `matrix` SET status = :status WHERE id = :sub_job_id / Execution time: 0.245 ms
[2025-01-23 15:09:34] [updateStatus] SELECT COUNT_RECORDS FROM `matrix` / Execution time: 0.899 ms
[2025-01-23 15:09:34] [updateStatus] UPDATE table_registry SET status = :status WHERE id = :job_id / Execution time: 0.168 ms
[2025-01-23 15:09:34] updateStatus completed. Execution time: 59.581 ms
[2025-01-23 15:09:34] Write file completed. Execution time: 59.769 ms
[2025-01-23 15:09:34] [getGroupStatus] MySQL connection established. Execution time: 0.061 ms
[2025-01-23 15:09:34] [getGroupStatus] SELECT table_name FROM table_registry WHERE id = :job_id / Execution time: 0.283 ms
[2025-01-23 15:09:34] [getGroupStatus] SELECT status FROM `matrix` WHERE group_id = :group_id / Execution time: 1.071 ms
[2025-01-23 15:09:34] getGroupStatus completed. Execution time: 1.501 ms
[2025-01-23 15:09:34] Group 1 is not completed yet.
[2025-01-23 15:09:34] Program completed. Total execution time: 63.669 ms

