
[2025-01-23 15:09:41] Program started at 2025-01-23 15:09:41.000000
[2025-01-23 15:09:41] [getClientID] MySQL connection established. Execution time: 0.319 ms
[2025-01-23 15:09:41] [getClientID] SELECT table_name FROM table_registry WHERE id = :job_id / Execution time: 0.530 ms
[2025-01-23 15:09:41] [getClientID] SELECT client FROM `matrix` WHERE id = :sub_job_id / Execution time: 0.234 ms
[2025-01-23 15:09:41] getClientID completed. Execution time: 1.277 ms
[2025-01-23 15:09:41] Read file completed. Execution time: 0.014 ms
[2025-01-23 15:09:41] File saved successfully: uploads/job_1/group_1/result_60
[2025-01-23 15:09:41] [updateStatus] MySQL connection established. Execution time: 0.130 ms
[2025-01-23 15:09:41] [updateStatus] SELECT table_name FROM table_registry WHERE id = :job_id FOR UPDATE / Execution time: 2.112 ms
[2025-01-23 15:09:41] [updateStatus] UPDATE `matrix` SET status = :status WHERE id = :sub_job_id / Execution time: 0.370 ms
[2025-01-23 15:09:41] [updateStatus] SELECT COUNT_RECORDS FROM `matrix` / Execution time: 0.836 ms
[2025-01-23 15:09:41] [updateStatus] UPDATE table_registry SET status = :status WHERE id = :job_id / Execution time: 0.131 ms
[2025-01-23 15:09:42] updateStatus completed. Execution time: 59.407 ms
[2025-01-23 15:09:42] Write file completed. Execution time: 59.810 ms
[2025-01-23 15:09:42] [getGroupStatus] MySQL connection established. Execution time: 0.097 ms
[2025-01-23 15:09:42] [getGroupStatus] SELECT table_name FROM table_registry WHERE id = :job_id / Execution time: 0.326 ms
[2025-01-23 15:09:42] [getGroupStatus] SELECT status FROM `matrix` WHERE group_id = :group_id / Execution time: 1.642 ms
[2025-01-23 15:09:42] getGroupStatus completed. Execution time: 2.289 ms
[2025-01-23 15:09:42] Group 1 is not completed yet.
[2025-01-23 15:09:42] Program completed. Total execution time: 66.093 ms

