
[2025-01-23 15:09:34] Program started at 2025-01-23 15:09:34.000000
[2025-01-23 15:09:34] [getClientID] MySQL connection established. Execution time: 0.216 ms
[2025-01-23 15:09:34] [getClientID] SELECT table_name FROM table_registry WHERE id = :job_id / Execution time: 0.371 ms
[2025-01-23 15:09:34] [getClientID] SELECT client FROM `matrix` WHERE id = :sub_job_id / Execution time: 0.241 ms
[2025-01-23 15:09:34] getClientID completed. Execution time: 0.988 ms
[2025-01-23 15:09:34] Read file completed. Execution time: 0.013 ms
[2025-01-23 15:09:34] File saved successfully: uploads/job_1/group_1/result_271
[2025-01-23 15:09:34] [updateStatus] MySQL connection established. Execution time: 0.117 ms
[2025-01-23 15:09:34] [updateStatus] SELECT table_name FROM table_registry WHERE id = :job_id FOR UPDATE / Execution time: 0.221 ms
[2025-01-23 15:09:34] [updateStatus] UPDATE `matrix` SET status = :status WHERE id = :sub_job_id / Execution time: 0.228 ms
[2025-01-23 15:09:34] [updateStatus] SELECT COUNT_RECORDS FROM `matrix` / Execution time: 0.944 ms
[2025-01-23 15:09:34] [updateStatus] UPDATE table_registry SET status = :status WHERE id = :job_id / Execution time: 0.186 ms
[2025-01-23 15:09:34] updateStatus completed. Execution time: 112.137 ms
[2025-01-23 15:09:34] Write file completed. Execution time: 112.502 ms
[2025-01-23 15:09:34] [getGroupStatus] MySQL connection established. Execution time: 0.097 ms
[2025-01-23 15:09:34] [getGroupStatus] SELECT table_name FROM table_registry WHERE id = :job_id / Execution time: 0.356 ms
[2025-01-23 15:09:34] [getGroupStatus] SELECT status FROM `matrix` WHERE group_id = :group_id / Execution time: 1.624 ms
[2025-01-23 15:09:34] getGroupStatus completed. Execution time: 2.358 ms
[2025-01-23 15:09:34] Group 1 is not completed yet.
[2025-01-23 15:09:34] Program completed. Total execution time: 117.995 ms

