
[2025-01-31 17:55:28.903830] INFO: Process started with ID: 206
[2025-01-31 17:55:30.562913] INFO: First connection established in 0.235000ms
[2025-01-31 17:55:33.042308] INFO: Sending request: GET /http_server/send-object.php?ID=206 HTTP/1.1
Host: 192.168.100.3
Connection: close


[2025-01-31 17:55:35.287358] INFO: First request sent in 0.039000ms
[2025-01-31 17:55:37.894428] INFO: Time from request to first response in 0.030000ms
[2025-01-31 17:55:39.845055] INFO: Received headers - MPI-Rank: 236, Group-ID: 1, Job-ID: 1, Sub-Job-ID: 237, Rank-Count: 512
[2025-01-31 17:55:42.085484] INFO: Receive loop #1 received 16384 bytes in 4103.873000ms
[2025-01-31 17:55:43.636826] INFO: Receive loop #2 received 16384 bytes in 0.062000ms
[2025-01-31 17:55:45.941669] INFO: Receive loop #3 received 16384 bytes in 0.076000ms
[2025-01-31 17:55:48.135504] INFO: Receive loop #4 received 16384 bytes in 0.113000ms
[2025-01-31 17:55:49.918784] INFO: Receive loop #5 received 16384 bytes in 0.029000ms
[2025-01-31 17:55:51.624143] INFO: Receive loop #6 received 16384 bytes in 0.031000ms
[2025-01-31 17:55:53.868907] INFO: Receive loop #7 received 16384 bytes in 0.032000ms
[2025-01-31 17:55:56.221613] INFO: Receive loop #8 received 16384 bytes in 0.265000ms
[2025-01-31 17:55:58.525085] INFO: Receive loop #9 received 16384 bytes in 0.038000ms
[2025-01-31 17:56:00.956360] INFO: Receive loop #10 received 16384 bytes in 0.029000ms
[2025-01-31 17:56:03.284511] INFO: Receive loop #11 received 16384 bytes in 0.035000ms
[2025-01-31 17:56:05.808569] INFO: Receive loop #12 received 7665 bytes in 0.019000ms
[2025-01-31 17:56:08.423156] INFO: Response received in 30965.589000ms
[2025-01-31 17:56:10.850855] INFO: File saved in 0.496000ms
[2025-01-31 17:56:12.769079] INFO: File saved to: /home/vc/kurotaka/objects/temp_206
[2025-01-31 17:56:14.478958] INFO: Execution permission granted to: /home/vc/kurotaka/objects/temp_206
[2025-01-31 17:56:17.275086] INFO: Executing command: /home/vc/kurotaka/objects/temp_206 236 512 1
[2025-01-31 17:57:20.373436] INFO: Command executed in 1m 540.833000ms
[2025-01-31 17:57:25.793675] INFO: Result saved to: /home/vc/kurotaka/results/result_206
[2025-01-31 17:57:30.298502] INFO: Second connection established in 0.164000ms
[2025-01-31 17:57:35.391087] INFO: Sending result upload request
[2025-01-31 17:57:38.272538] INFO: Second request sent in 0.004000ms
[2025-01-31 17:57:40.856160] INFO: Result uploaded in 0.011000ms
[2025-01-31 17:57:41.309723] INFO: Process completed successfully. Total execution time in 2m 26270.007000ms

