
[2025-01-31 17:55:43.488647] INFO: Process started with ID: 359
[2025-01-31 17:55:45.946811] INFO: First connection established in 0.292000ms
[2025-01-31 17:55:48.150933] INFO: Sending request: GET /http_server/send-object.php?ID=359 HTTP/1.1
Host: 192.168.100.3
Connection: close


[2025-01-31 17:55:49.964896] INFO: First request sent in 0.025000ms
[2025-01-31 17:55:51.692286] INFO: Time from request to first response in 0.028000ms
[2025-01-31 17:55:54.238400] INFO: Received headers - MPI-Rank: 327, Group-ID: 1, Job-ID: 1, Sub-Job-ID: 328, Rank-Count: 512
[2025-01-31 17:55:56.668152] INFO: Receive loop #1 received 16384 bytes in 4607.958000ms
[2025-01-31 17:55:59.072867] INFO: Receive loop #2 received 16384 bytes in 0.061000ms
[2025-01-31 17:56:01.583860] INFO: Receive loop #3 received 16384 bytes in 0.103000ms
[2025-01-31 17:56:04.192476] INFO: Receive loop #4 received 16384 bytes in 0.116000ms
[2025-01-31 17:56:06.614723] INFO: Receive loop #5 received 16384 bytes in 0.029000ms
[2025-01-31 17:56:09.011664] INFO: Receive loop #6 received 16384 bytes in 0.033000ms
[2025-01-31 17:56:11.312660] INFO: Receive loop #7 received 16384 bytes in 0.029000ms
[2025-01-31 17:56:13.234964] INFO: Receive loop #8 received 16384 bytes in 0.250000ms
[2025-01-31 17:56:15.344248] INFO: Receive loop #9 received 16384 bytes in 0.040000ms
[2025-01-31 17:56:16.926143] INFO: Receive loop #10 received 16384 bytes in 0.030000ms
[2025-01-31 17:56:20.040855] INFO: Receive loop #11 received 16384 bytes in 0.030000ms
[2025-01-31 17:56:23.141196] INFO: Receive loop #12 received 7665 bytes in 0.005000ms
[2025-01-31 17:56:24.815023] INFO: Response received in 32266.026000ms
[2025-01-31 17:56:27.200608] INFO: File saved in 0.222000ms
[2025-01-31 17:56:29.537745] INFO: File saved to: /home/vc/kurotaka/objects/temp_359
[2025-01-31 17:56:32.356436] INFO: Execution permission granted to: /home/vc/kurotaka/objects/temp_359
[2025-01-31 17:56:34.260038] INFO: Executing command: /home/vc/kurotaka/objects/temp_359 327 512 1
[2025-01-31 17:57:04.216940] INFO: Command executed in 28612.149000ms
[2025-01-31 17:57:06.132374] INFO: Result saved to: /home/vc/kurotaka/results/result_359
[2025-01-31 17:57:09.399052] INFO: Second connection established in 0.223000ms
[2025-01-31 17:57:13.391784] INFO: Sending result upload request
[2025-01-31 17:57:16.951716] INFO: Second request sent in 0.025000ms
[2025-01-31 17:57:21.937091] INFO: Result uploaded in 0.058000ms
[2025-01-31 17:57:26.958785] INFO: Process completed successfully. Total execution time in 2m 10733.951000ms

