
[2025-01-31 17:56:10.685419] INFO: Process started with ID: 241
[2025-01-31 17:56:12.416367] INFO: First connection established in 0.247000ms
[2025-01-31 17:56:14.220913] INFO: Sending request: GET /http_server/send-object.php?ID=241 HTTP/1.1
Host: 192.168.100.3
Connection: close


[2025-01-31 17:56:16.476680] INFO: First request sent in 0.036000ms
[2025-01-31 17:56:18.588205] INFO: Time from request to first response in 0.032000ms
[2025-01-31 17:56:21.457705] INFO: Received headers - MPI-Rank: 468, Group-ID: 1, Job-ID: 1, Sub-Job-ID: 469, Rank-Count: 512
[2025-01-31 17:56:23.877479] INFO: Receive loop #1 received 16384 bytes in 5669.501000ms
[2025-01-31 17:56:24.991474] INFO: Receive loop #2 received 16384 bytes in 0.065000ms
[2025-01-31 17:56:26.965325] INFO: Receive loop #3 received 16384 bytes in 0.079000ms
[2025-01-31 17:56:28.831712] INFO: Receive loop #4 received 16384 bytes in 0.113000ms
[2025-01-31 17:56:31.013688] INFO: Receive loop #5 received 16384 bytes in 0.030000ms
[2025-01-31 17:56:32.431028] INFO: Receive loop #6 received 16384 bytes in 0.029000ms
[2025-01-31 17:56:34.203926] INFO: Receive loop #7 received 16384 bytes in 0.030000ms
[2025-01-31 17:56:35.981643] INFO: Receive loop #8 received 16384 bytes in 0.247000ms
[2025-01-31 17:56:38.004493] INFO: Receive loop #9 received 16384 bytes in 0.030000ms
[2025-01-31 17:56:39.968150] INFO: Receive loop #10 received 16384 bytes in 0.029000ms
[2025-01-31 17:56:41.658551] INFO: Receive loop #11 received 16384 bytes in 0.026000ms
[2025-01-31 17:56:43.052525] INFO: Receive loop #12 received 7665 bytes in 0.021000ms
[2025-01-31 17:56:44.478476] INFO: Response received in 26632.747000ms
[2025-01-31 17:56:45.440985] INFO: File saved in 0.486000ms
[2025-01-31 17:56:46.562811] INFO: File saved to: /home/vc/kurotaka/objects/temp_241
[2025-01-31 17:56:47.851978] INFO: Execution permission granted to: /home/vc/kurotaka/objects/temp_241
[2025-01-31 17:56:48.555492] INFO: Executing command: /home/vc/kurotaka/objects/temp_241 468 512 1
[2025-01-31 17:57:10.312827] INFO: Command executed in 20764.146000ms
[2025-01-31 17:57:12.955897] INFO: Result saved to: /home/vc/kurotaka/results/result_241
[2025-01-31 17:57:15.723078] INFO: Second connection established in 0.212000ms
[2025-01-31 17:57:19.829216] INFO: Sending result upload request
[2025-01-31 17:57:24.966099] INFO: Second request sent in 0.022000ms
[2025-01-31 17:57:29.899000] INFO: Result uploaded in 0.062000ms
[2025-01-31 17:57:35.114149] INFO: Process completed successfully. Total execution time in 2m 17993.576000ms

