
[2025-01-31 17:55:32.185026] INFO: Process started with ID: 217
[2025-01-31 17:55:34.510214] INFO: First connection established in 0.222000ms
[2025-01-31 17:55:36.733184] INFO: Sending request: GET /http_server/send-object.php?ID=217 HTTP/1.1
Host: 192.168.100.3
Connection: close


[2025-01-31 17:55:38.853612] INFO: First request sent in 0.040000ms
[2025-01-31 17:55:41.047608] INFO: Time from request to first response in 0.036000ms
[2025-01-31 17:55:43.034124] INFO: Received headers - MPI-Rank: 256, Group-ID: 1, Job-ID: 1, Sub-Job-ID: 257, Rank-Count: 512
[2025-01-31 17:55:44.985650] INFO: Receive loop #1 received 16384 bytes in 3730.372000ms
[2025-01-31 17:55:47.024335] INFO: Receive loop #2 received 16384 bytes in 0.010000ms
[2025-01-31 17:55:48.912139] INFO: Receive loop #3 received 16384 bytes in 0.014000ms
[2025-01-31 17:55:50.827839] INFO: Receive loop #4 received 16384 bytes in 0.023000ms
[2025-01-31 17:55:52.649590] INFO: Receive loop #5 received 16384 bytes in 0.007000ms
[2025-01-31 17:55:55.318358] INFO: Receive loop #6 received 16384 bytes in 0.034000ms
[2025-01-31 17:55:57.943728] INFO: Receive loop #7 received 16384 bytes in 0.029000ms
[2025-01-31 17:56:00.759973] INFO: Receive loop #8 received 16384 bytes in 0.241000ms
[2025-01-31 17:56:03.114483] INFO: Receive loop #9 received 16384 bytes in 0.030000ms
[2025-01-31 17:56:05.698954] INFO: Receive loop #10 received 16384 bytes in 0.030000ms
[2025-01-31 17:56:08.362245] INFO: Receive loop #11 received 16384 bytes in 0.034000ms
[2025-01-31 17:56:10.763732] INFO: Receive loop #12 received 7665 bytes in 0.019000ms
[2025-01-31 17:56:12.508478] INFO: Response received in 31438.227000ms
[2025-01-31 17:56:14.281784] INFO: File saved in 0.488000ms
[2025-01-31 17:56:16.476877] INFO: File saved to: /home/vc/kurotaka/objects/temp_217
[2025-01-31 17:56:20.165642] INFO: Execution permission granted to: /home/vc/kurotaka/objects/temp_217
[2025-01-31 17:56:22.441916] INFO: Executing command: /home/vc/kurotaka/objects/temp_217 256 512 1
[2025-01-31 17:57:10.511588] INFO: Command executed in 46533.324000ms
[2025-01-31 17:57:13.197992] INFO: Result saved to: /home/vc/kurotaka/results/result_217
[2025-01-31 17:57:15.926371] INFO: Second connection established in 0.240000ms
[2025-01-31 17:57:20.304158] INFO: Sending result upload request
[2025-01-31 17:57:25.771798] INFO: Second request sent in 0.029000ms
[2025-01-31 17:57:30.261110] INFO: Result uploaded in 0.064000ms
[2025-01-31 17:57:35.361585] INFO: Process completed successfully. Total execution time in 2m 18215.874000ms

