
[2025-01-31 17:55:22.864439] INFO: Process started with ID: 371
[2025-01-31 17:55:23.731506] INFO: First connection established in 0.279000ms
[2025-01-31 17:55:24.808607] INFO: Sending request: GET /http_server/send-object.php?ID=371 HTTP/1.1
Host: 192.168.100.3
Connection: close


[2025-01-31 17:55:26.241381] INFO: First request sent in 0.036000ms
[2025-01-31 17:55:28.208820] INFO: Time from request to first response in 0.032000ms
[2025-01-31 17:55:29.870419] INFO: Received headers - MPI-Rank: 183, Group-ID: 1, Job-ID: 1, Sub-Job-ID: 184, Rank-Count: 512
[2025-01-31 17:55:32.322940] INFO: Receive loop #1 received 16384 bytes in 3840.039000ms
[2025-01-31 17:55:34.799073] INFO: Receive loop #2 received 16384 bytes in 0.063000ms
[2025-01-31 17:55:37.006650] INFO: Receive loop #3 received 16384 bytes in 0.081000ms
[2025-01-31 17:55:39.063377] INFO: Receive loop #4 received 16384 bytes in 0.113000ms
[2025-01-31 17:55:41.226799] INFO: Receive loop #5 received 16384 bytes in 0.029000ms
[2025-01-31 17:55:43.209718] INFO: Receive loop #6 received 16384 bytes in 0.029000ms
[2025-01-31 17:55:45.941573] INFO: Receive loop #7 received 16384 bytes in 0.030000ms
[2025-01-31 17:55:48.135386] INFO: Receive loop #8 received 16384 bytes in 0.254000ms
[2025-01-31 17:55:49.918975] INFO: Receive loop #9 received 16384 bytes in 0.033000ms
[2025-01-31 17:55:51.623987] INFO: Receive loop #10 received 16384 bytes in 0.030000ms
[2025-01-31 17:55:53.868004] INFO: Receive loop #11 received 16384 bytes in 0.029000ms
[2025-01-31 17:55:56.220418] INFO: Receive loop #12 received 7665 bytes in 0.020000ms
[2025-01-31 17:55:58.523989] INFO: Response received in 30013.783000ms
[2025-01-31 17:56:00.955856] INFO: File saved in 0.451000ms
[2025-01-31 17:56:03.284087] INFO: File saved to: /home/vc/kurotaka/objects/temp_371
[2025-01-31 17:56:05.807896] INFO: Execution permission granted to: /home/vc/kurotaka/objects/temp_371
[2025-01-31 17:56:08.402852] INFO: Executing command: /home/vc/kurotaka/objects/temp_371 183 512 1
[2025-01-31 17:57:26.015838] INFO: Command executed in 1m 13537.498000ms
[2025-01-31 17:57:30.729840] INFO: Result saved to: /home/vc/kurotaka/results/result_371
[2025-01-31 17:57:35.173300] INFO: Second connection established in 0.141000ms
[2025-01-31 17:57:37.126046] INFO: Sending result upload request
[2025-01-31 17:57:38.230498] INFO: Second request sent in 0.003000ms
[2025-01-31 17:57:38.834718] INFO: Result uploaded in 0.011000ms
[2025-01-31 17:57:39.175584] INFO: Process completed successfully. Total execution time in 2m 24089.379000ms

