
[2025-01-31 17:55:16.104792] INFO: Process started with ID: 220
[2025-01-31 17:55:16.774484] INFO: First connection established in 0.223000ms
[2025-01-31 17:55:17.237083] INFO: Sending request: GET /http_server/send-object.php?ID=220 HTTP/1.1
Host: 192.168.100.3
Connection: close


[2025-01-31 17:55:17.936469] INFO: First request sent in 0.034000ms
[2025-01-31 17:55:18.855577] INFO: Time from request to first response in 0.020000ms
[2025-01-31 17:55:19.610588] INFO: Received headers - MPI-Rank: 69, Group-ID: 1, Job-ID: 1, Sub-Job-ID: 70, Rank-Count: 512
[2025-01-31 17:55:20.300024] INFO: Receive loop #1 received 16384 bytes in 1426.672000ms
[2025-01-31 17:55:21.080828] INFO: Receive loop #2 received 16384 bytes in 0.067000ms
[2025-01-31 17:55:21.905700] INFO: Receive loop #3 received 16384 bytes in 0.099000ms
[2025-01-31 17:55:23.058968] INFO: Receive loop #4 received 16384 bytes in 0.108000ms
[2025-01-31 17:55:23.983867] INFO: Receive loop #5 received 16384 bytes in 0.029000ms
[2025-01-31 17:55:24.986334] INFO: Receive loop #6 received 16384 bytes in 0.036000ms
[2025-01-31 17:55:26.926628] INFO: Receive loop #7 received 16384 bytes in 0.031000ms
[2025-01-31 17:55:28.673234] INFO: Receive loop #8 received 16384 bytes in 0.266000ms
[2025-01-31 17:55:30.299117] INFO: Receive loop #9 received 16384 bytes in 0.029000ms
[2025-01-31 17:55:32.797315] INFO: Receive loop #10 received 16384 bytes in 0.030000ms
[2025-01-31 17:55:35.110748] INFO: Receive loop #11 received 16384 bytes in 0.028000ms
[2025-01-31 17:55:37.735251] INFO: Receive loop #12 received 7663 bytes in 0.021000ms
[2025-01-31 17:55:39.642605] INFO: Response received in 20148.695000ms
[2025-01-31 17:55:41.809685] INFO: File saved in 0.097000ms
[2025-01-31 17:55:43.439018] INFO: File saved to: /home/vc/kurotaka/objects/temp_220
[2025-01-31 17:55:45.945632] INFO: Execution permission granted to: /home/vc/kurotaka/objects/temp_220
[2025-01-31 17:55:48.141558] INFO: Executing command: /home/vc/kurotaka/objects/temp_220 69 512 1
[2025-01-31 17:57:12.269725] INFO: Command executed in 1m 21564.965000ms
[2025-01-31 17:57:14.480061] INFO: Result saved to: /home/vc/kurotaka/results/result_220
[2025-01-31 17:57:18.737219] INFO: Second connection established in 0.205000ms
[2025-01-31 17:57:22.844756] INFO: Sending result upload request
[2025-01-31 17:57:28.432441] INFO: Second request sent in 0.026000ms
[2025-01-31 17:57:32.993196] INFO: Result uploaded in 0.010000ms
[2025-01-31 17:57:36.211495] INFO: Process completed successfully. Total execution time in 2m 20072.395000ms

