
[2025-01-31 17:55:16.991682] INFO: Process started with ID: 4
[2025-01-31 17:55:17.542048] INFO: First connection established in 0.306000ms
[2025-01-31 17:55:18.390215] INFO: Sending request: GET /http_server/send-object.php?ID=4 HTTP/1.1
Host: 192.168.100.3
Connection: close


[2025-01-31 17:55:19.197622] INFO: First request sent in 0.034000ms
[2025-01-31 17:55:19.959021] INFO: Time from request to first response in 0.030000ms
[2025-01-31 17:55:20.644136] INFO: Received headers - MPI-Rank: 90, Group-ID: 1, Job-ID: 1, Sub-Job-ID: 91, Rank-Count: 512
[2025-01-31 17:55:21.561883] INFO: Receive loop #1 received 16384 bytes in 1535.331000ms
[2025-01-31 17:55:22.600444] INFO: Receive loop #2 received 16384 bytes in 0.060000ms
[2025-01-31 17:55:23.486714] INFO: Receive loop #3 received 16384 bytes in 0.079000ms
[2025-01-31 17:55:24.540055] INFO: Receive loop #4 received 16384 bytes in 0.111000ms
[2025-01-31 17:55:25.760139] INFO: Receive loop #5 received 16384 bytes in 0.032000ms
[2025-01-31 17:55:27.819213] INFO: Receive loop #6 received 16384 bytes in 0.032000ms
[2025-01-31 17:55:29.542674] INFO: Receive loop #7 received 16384 bytes in 0.035000ms
[2025-01-31 17:55:32.109717] INFO: Receive loop #8 received 16384 bytes in 0.254000ms
[2025-01-31 17:55:34.165831] INFO: Receive loop #9 received 16384 bytes in 0.036000ms
[2025-01-31 17:55:36.318586] INFO: Receive loop #10 received 16384 bytes in 0.028000ms
[2025-01-31 17:55:38.545789] INFO: Receive loop #11 received 16384 bytes in 0.029000ms
[2025-01-31 17:55:40.633831] INFO: Receive loop #12 received 7663 bytes in 0.019000ms
[2025-01-31 17:55:42.565513] INFO: Response received in 22336.972000ms
[2025-01-31 17:55:44.259748] INFO: File saved in 0.139000ms
[2025-01-31 17:55:45.985985] INFO: File saved to: /home/vc/kurotaka/objects/temp_4
[2025-01-31 17:55:48.412509] INFO: Execution permission granted to: /home/vc/kurotaka/objects/temp_4
[2025-01-31 17:55:50.330513] INFO: Executing command: /home/vc/kurotaka/objects/temp_4 90 512 1
[2025-01-31 17:57:06.898711] INFO: Command executed in 1m 14387.311000ms
[2025-01-31 17:57:10.622052] INFO: Result saved to: /home/vc/kurotaka/results/result_4
[2025-01-31 17:57:14.088504] INFO: Second connection established in 0.170000ms
[2025-01-31 17:57:18.737584] INFO: Sending result upload request
[2025-01-31 17:57:23.079421] INFO: Second request sent in 0.025000ms
[2025-01-31 17:57:28.926850] INFO: Result uploaded in 0.010000ms
[2025-01-31 17:57:33.036720] INFO: Process completed successfully. Total execution time in 2m 16839.310000ms

