
[2025-01-31 17:55:16.077709] INFO: Process started with ID: 120
[2025-01-31 17:55:16.712258] INFO: First connection established in 0.265000ms
[2025-01-31 17:55:17.145659] INFO: Sending request: GET /http_server/send-object.php?ID=120 HTTP/1.1
Host: 192.168.100.3
Connection: close


[2025-01-31 17:55:17.790532] INFO: First request sent in 0.032000ms
[2025-01-31 17:55:18.803363] INFO: Time from request to first response in 0.030000ms
[2025-01-31 17:55:19.467562] INFO: Received headers - MPI-Rank: 67, Group-ID: 1, Job-ID: 1, Sub-Job-ID: 68, Rank-Count: 512
[2025-01-31 17:55:20.138444] INFO: Receive loop #1 received 16384 bytes in 1510.637000ms
[2025-01-31 17:55:20.905055] INFO: Receive loop #2 received 16384 bytes in 0.067000ms
[2025-01-31 17:55:21.823311] INFO: Receive loop #3 received 16384 bytes in 0.082000ms
[2025-01-31 17:55:22.967848] INFO: Receive loop #4 received 16384 bytes in 0.112000ms
[2025-01-31 17:55:23.903707] INFO: Receive loop #5 received 16384 bytes in 0.032000ms
[2025-01-31 17:55:24.952305] INFO: Receive loop #6 received 16384 bytes in 0.037000ms
[2025-01-31 17:55:26.690366] INFO: Receive loop #7 received 16384 bytes in 0.036000ms
[2025-01-31 17:55:28.525640] INFO: Receive loop #8 received 16384 bytes in 0.246000ms
[2025-01-31 17:55:30.148842] INFO: Receive loop #9 received 16384 bytes in 0.032000ms
[2025-01-31 17:55:32.650106] INFO: Receive loop #10 received 16384 bytes in 0.034000ms
[2025-01-31 17:55:35.004931] INFO: Receive loop #11 received 16384 bytes in 0.035000ms
[2025-01-31 17:55:37.441652] INFO: Receive loop #12 received 7663 bytes in 0.024000ms
[2025-01-31 17:55:39.285202] INFO: Response received in 20135.284000ms
[2025-01-31 17:55:41.403188] INFO: File saved in 0.464000ms
[2025-01-31 17:55:43.210244] INFO: File saved to: /home/vc/kurotaka/objects/temp_120
[2025-01-31 17:55:45.941997] INFO: Execution permission granted to: /home/vc/kurotaka/objects/temp_120
[2025-01-31 17:55:48.136360] INFO: Executing command: /home/vc/kurotaka/objects/temp_120 67 512 1
[2025-01-31 17:57:04.115240] INFO: Command executed in 1m 14333.097000ms
[2025-01-31 17:57:06.352527] INFO: Result saved to: /home/vc/kurotaka/results/result_120
[2025-01-31 17:57:09.814288] INFO: Second connection established in 0.263000ms
[2025-01-31 17:57:13.685119] INFO: Sending result upload request
[2025-01-31 17:57:17.670308] INFO: Second request sent in 0.031000ms
[2025-01-31 17:57:22.426709] INFO: Result uploaded in 0.055000ms
[2025-01-31 17:57:27.848869] INFO: Process completed successfully. Total execution time in 2m 11118.344000ms

