
[2025-01-31 17:55:34.752366] INFO: Process started with ID: 55
[2025-01-31 17:55:37.006943] INFO: First connection established in 0.237000ms
[2025-01-31 17:55:38.962652] INFO: Sending request: GET /http_server/send-object.php?ID=55 HTTP/1.1
Host: 192.168.100.3
Connection: close


[2025-01-31 17:55:41.021577] INFO: First request sent in 0.034000ms
[2025-01-31 17:55:42.963853] INFO: Time from request to first response in 0.031000ms
[2025-01-31 17:55:44.909066] INFO: Received headers - MPI-Rank: 269, Group-ID: 1, Job-ID: 1, Sub-Job-ID: 270, Rank-Count: 512
[2025-01-31 17:55:46.748182] INFO: Receive loop #1 received 16384 bytes in 3583.593000ms
[2025-01-31 17:55:48.815085] INFO: Receive loop #2 received 16384 bytes in 0.012000ms
[2025-01-31 17:55:50.596388] INFO: Receive loop #3 received 16384 bytes in 0.014000ms
[2025-01-31 17:55:52.299149] INFO: Receive loop #4 received 16384 bytes in 0.021000ms
[2025-01-31 17:55:54.900529] INFO: Receive loop #5 received 16384 bytes in 0.031000ms
[2025-01-31 17:55:57.288671] INFO: Receive loop #6 received 16384 bytes in 0.028000ms
[2025-01-31 17:56:00.007966] INFO: Receive loop #7 received 16384 bytes in 0.029000ms
[2025-01-31 17:56:02.375490] INFO: Receive loop #8 received 16384 bytes in 0.243000ms
[2025-01-31 17:56:05.116176] INFO: Receive loop #9 received 16384 bytes in 0.029000ms
[2025-01-31 17:56:07.959321] INFO: Receive loop #10 received 16384 bytes in 0.030000ms
[2025-01-31 17:56:10.290815] INFO: Receive loop #11 received 16384 bytes in 0.030000ms
[2025-01-31 17:56:12.092124] INFO: Receive loop #12 received 7665 bytes in 0.019000ms
[2025-01-31 17:56:13.950759] INFO: Response received in 30873.163000ms
[2025-01-31 17:56:16.479278] INFO: File saved in 0.479000ms
[2025-01-31 17:56:18.743426] INFO: File saved to: /home/vc/kurotaka/objects/temp_55
[2025-01-31 17:56:23.231854] INFO: Execution permission granted to: /home/vc/kurotaka/objects/temp_55
[2025-01-31 17:56:24.906589] INFO: Executing command: /home/vc/kurotaka/objects/temp_55 269 512 1
[2025-01-31 17:57:04.691928] INFO: Command executed in 38071.874000ms
[2025-01-31 17:57:07.529913] INFO: Result saved to: /home/vc/kurotaka/results/result_55
[2025-01-31 17:57:11.877476] INFO: Second connection established in 0.226000ms
[2025-01-31 17:57:14.895241] INFO: Sending result upload request
[2025-01-31 17:57:19.379008] INFO: Second request sent in 0.027000ms
[2025-01-31 17:57:24.379964] INFO: Result uploaded in 0.026000ms
[2025-01-31 17:57:29.703769] INFO: Process completed successfully. Total execution time in 2m 13127.678000ms

