
[2025-01-31 17:55:19.385790] INFO: Process started with ID: 216
[2025-01-31 17:55:20.121399] INFO: First connection established in 0.165000ms
[2025-01-31 17:55:20.819222] INFO: Sending request: GET /http_server/send-object.php?ID=216 HTTP/1.1
Host: 192.168.100.3
Connection: close


[2025-01-31 17:55:21.730452] INFO: First request sent in 0.033000ms
[2025-01-31 17:55:22.900080] INFO: Time from request to first response in 0.029000ms
[2025-01-31 17:55:23.779174] INFO: Received headers - MPI-Rank: 132, Group-ID: 1, Job-ID: 1, Sub-Job-ID: 133, Rank-Count: 512
[2025-01-31 17:55:24.808519] INFO: Receive loop #1 received 16384 bytes in 1902.626000ms
[2025-01-31 17:55:26.291988] INFO: Receive loop #2 received 16384 bytes in 0.061000ms
[2025-01-31 17:55:28.176360] INFO: Receive loop #3 received 16384 bytes in 0.075000ms
[2025-01-31 17:55:29.923221] INFO: Receive loop #4 received 16384 bytes in 0.119000ms
[2025-01-31 17:55:32.368120] INFO: Receive loop #5 received 16384 bytes in 0.031000ms
[2025-01-31 17:55:34.861740] INFO: Receive loop #6 received 16384 bytes in 0.033000ms
[2025-01-31 17:55:37.103421] INFO: Receive loop #7 received 16384 bytes in 0.031000ms
[2025-01-31 17:55:39.097514] INFO: Receive loop #8 received 16384 bytes in 0.124000ms
[2025-01-31 17:55:41.264282] INFO: Receive loop #9 received 16384 bytes in 0.032000ms
[2025-01-31 17:55:43.209908] INFO: Receive loop #10 received 16384 bytes in 0.029000ms
[2025-01-31 17:55:45.941376] INFO: Receive loop #11 received 16384 bytes in 0.037000ms
[2025-01-31 17:55:48.113823] INFO: Receive loop #12 received 7665 bytes in 0.023000ms
[2025-01-31 17:55:49.899975] INFO: Response received in 26649.670000ms
[2025-01-31 17:55:51.623189] INFO: File saved in 0.461000ms
[2025-01-31 17:55:53.868350] INFO: File saved to: /home/vc/kurotaka/objects/temp_216
[2025-01-31 17:55:56.220765] INFO: Execution permission granted to: /home/vc/kurotaka/objects/temp_216
[2025-01-31 17:55:58.524070] INFO: Executing command: /home/vc/kurotaka/objects/temp_216 132 512 1
[2025-01-31 17:57:19.795157] INFO: Command executed in 1m 18438.057000ms
[2025-01-31 17:57:24.965327] INFO: Result saved to: /home/vc/kurotaka/results/result_216
[2025-01-31 17:57:29.871049] INFO: Second connection established in 0.213000ms
[2025-01-31 17:57:35.088087] INFO: Sending result upload request
[2025-01-31 17:57:38.180769] INFO: Second request sent in 0.004000ms
[2025-01-31 17:57:40.855300] INFO: Result uploaded in 0.010000ms
[2025-01-31 17:57:41.309334] INFO: Process completed successfully. Total execution time in 2m 26234.708000ms

