
[2025-01-31 17:55:24.539758] INFO: Process started with ID: 209
[2025-01-31 17:55:25.737483] INFO: First connection established in 0.239000ms
[2025-01-31 17:55:27.773060] INFO: Sending request: GET /http_server/send-object.php?ID=209 HTTP/1.1
Host: 192.168.100.3
Connection: close


[2025-01-31 17:55:29.526497] INFO: First request sent in 0.037000ms
[2025-01-31 17:55:32.041902] INFO: Time from request to first response in 0.030000ms
[2025-01-31 17:55:34.109782] INFO: Received headers - MPI-Rank: 204, Group-ID: 1, Job-ID: 1, Sub-Job-ID: 205, Rank-Count: 512
[2025-01-31 17:55:36.318422] INFO: Receive loop #1 received 16384 bytes in 4597.354000ms
[2025-01-31 17:55:38.564522] INFO: Receive loop #2 received 16384 bytes in 0.058000ms
[2025-01-31 17:55:40.777396] INFO: Receive loop #3 received 16384 bytes in 0.020000ms
[2025-01-31 17:55:42.786513] INFO: Receive loop #4 received 16384 bytes in 0.032000ms
[2025-01-31 17:55:44.581036] INFO: Receive loop #5 received 16384 bytes in 0.029000ms
[2025-01-31 17:55:46.445508] INFO: Receive loop #6 received 16384 bytes in 0.021000ms
[2025-01-31 17:55:48.525206] INFO: Receive loop #7 received 16384 bytes in 0.005000ms
[2025-01-31 17:55:50.488531] INFO: Receive loop #8 received 16384 bytes in 0.300000ms
[2025-01-31 17:55:52.299133] INFO: Receive loop #9 received 16384 bytes in 0.006000ms
[2025-01-31 17:55:54.900399] INFO: Receive loop #10 received 16384 bytes in 0.045000ms
[2025-01-31 17:55:57.267267] INFO: Receive loop #11 received 16384 bytes in 0.029000ms
[2025-01-31 17:55:59.898693] INFO: Receive loop #12 received 7665 bytes in 0.013000ms
[2025-01-31 17:56:02.248878] INFO: Response received in 30272.656000ms
[2025-01-31 17:56:05.038902] INFO: File saved in 0.503000ms
[2025-01-31 17:56:07.573389] INFO: File saved to: /home/vc/kurotaka/objects/temp_209
[2025-01-31 17:56:09.874091] INFO: Execution permission granted to: /home/vc/kurotaka/objects/temp_209
[2025-01-31 17:56:11.911435] INFO: Executing command: /home/vc/kurotaka/objects/temp_209 204 512 1
[2025-01-31 17:57:12.762309] INFO: Command executed in 58966.771000ms
[2025-01-31 17:57:15.623508] INFO: Result saved to: /home/vc/kurotaka/results/result_209
[2025-01-31 17:57:19.481341] INFO: Second connection established in 0.213000ms
[2025-01-31 17:57:24.325641] INFO: Sending result upload request
[2025-01-31 17:57:29.680885] INFO: Second request sent in 0.024000ms
[2025-01-31 17:57:34.905097] INFO: Result uploaded in 0.010000ms
[2025-01-31 17:57:38.116290] INFO: Process completed successfully. Total execution time in 2m 22022.366000ms

