
[2025-01-31 17:55:23.858426] INFO: Process started with ID: 166
[2025-01-31 17:55:24.892742] INFO: First connection established in 0.267000ms
[2025-01-31 17:55:26.502746] INFO: Sending request: GET /http_server/send-object.php?ID=166 HTTP/1.1
Host: 192.168.100.3
Connection: close


[2025-01-31 17:55:28.381831] INFO: First request sent in 0.035000ms
[2025-01-31 17:55:30.002401] INFO: Time from request to first response in 0.034000ms
[2025-01-31 17:55:32.500184] INFO: Received headers - MPI-Rank: 196, Group-ID: 1, Job-ID: 1, Sub-Job-ID: 197, Rank-Count: 512
[2025-01-31 17:55:34.921061] INFO: Receive loop #1 received 16384 bytes in 4555.649000ms
[2025-01-31 17:55:37.320009] INFO: Receive loop #2 received 16384 bytes in 0.062000ms
[2025-01-31 17:55:39.285049] INFO: Receive loop #3 received 16384 bytes in 0.079000ms
[2025-01-31 17:55:41.530530] INFO: Receive loop #4 received 16384 bytes in 0.113000ms
[2025-01-31 17:55:43.326479] INFO: Receive loop #5 received 16384 bytes in 0.032000ms
[2025-01-31 17:55:45.943115] INFO: Receive loop #6 received 16384 bytes in 0.036000ms
[2025-01-31 17:55:48.137735] INFO: Receive loop #7 received 16384 bytes in 0.007000ms
[2025-01-31 17:55:49.919374] INFO: Receive loop #8 received 16384 bytes in 0.083000ms
[2025-01-31 17:55:51.625089] INFO: Receive loop #9 received 16384 bytes in 0.008000ms
[2025-01-31 17:55:53.869395] INFO: Receive loop #10 received 16384 bytes in 0.029000ms
[2025-01-31 17:55:56.221753] INFO: Receive loop #11 received 16384 bytes in 0.024000ms
[2025-01-31 17:55:58.525098] INFO: Receive loop #12 received 7665 bytes in 0.021000ms
[2025-01-31 17:56:00.956253] INFO: Response received in 30849.272000ms
[2025-01-31 17:56:03.284506] INFO: File saved in 0.463000ms
[2025-01-31 17:56:05.844812] INFO: File saved to: /home/vc/kurotaka/objects/temp_166
[2025-01-31 17:56:08.448841] INFO: Execution permission granted to: /home/vc/kurotaka/objects/temp_166
[2025-01-31 17:56:10.870024] INFO: Executing command: /home/vc/kurotaka/objects/temp_166 196 512 1
[2025-01-31 17:57:13.472293] INFO: Command executed in 1m 452.328000ms
[2025-01-31 17:57:16.249380] INFO: Result saved to: /home/vc/kurotaka/results/result_166
[2025-01-31 17:57:20.825983] INFO: Second connection established in 0.175000ms
[2025-01-31 17:57:26.034457] INFO: Sending result upload request
[2025-01-31 17:57:30.729956] INFO: Second request sent in 0.003000ms
[2025-01-31 17:57:34.807209] INFO: Result uploaded in 0.011000ms
[2025-01-31 17:57:37.967605] INFO: Process completed successfully. Total execution time in 2m 21854.795000ms

