
[2025-01-31 17:56:03.042008] INFO: Process started with ID: 32
[2025-01-31 17:56:05.699025] INFO: First connection established in 0.300000ms
[2025-01-31 17:56:08.317897] INFO: Sending request: GET /http_server/send-object.php?ID=32 HTTP/1.1
Host: 192.168.100.3
Connection: close


[2025-01-31 17:56:10.763796] INFO: First request sent in 0.035000ms
[2025-01-31 17:56:12.449636] INFO: Time from request to first response in 0.032000ms
[2025-01-31 17:56:14.220827] INFO: Received headers - MPI-Rank: 433, Group-ID: 1, Job-ID: 1, Sub-Job-ID: 434, Rank-Count: 512
[2025-01-31 17:56:16.590547] INFO: Receive loop #1 received 16384 bytes in 3932.719000ms
[2025-01-31 17:56:18.588290] INFO: Receive loop #2 received 16384 bytes in 0.083000ms
[2025-01-31 17:56:20.895815] INFO: Receive loop #3 received 16384 bytes in 0.085000ms
[2025-01-31 17:56:23.273110] INFO: Receive loop #4 received 16384 bytes in 0.113000ms
[2025-01-31 17:56:24.929939] INFO: Receive loop #5 received 16384 bytes in 0.030000ms
[2025-01-31 17:56:26.965206] INFO: Receive loop #6 received 16384 bytes in 0.027000ms
[2025-01-31 17:56:29.364824] INFO: Receive loop #7 received 16384 bytes in 0.032000ms
[2025-01-31 17:56:31.784731] INFO: Receive loop #8 received 16384 bytes in 0.263000ms
[2025-01-31 17:56:33.966282] INFO: Receive loop #9 received 16384 bytes in 0.052000ms
[2025-01-31 17:56:35.222882] INFO: Receive loop #10 received 16384 bytes in 0.028000ms
[2025-01-31 17:56:36.825956] INFO: Receive loop #11 received 16384 bytes in 0.034000ms
[2025-01-31 17:56:38.207341] INFO: Receive loop #12 received 7665 bytes in 0.018000ms
[2025-01-31 17:56:40.059686] INFO: Response received in 27489.737000ms
[2025-01-31 17:56:41.550377] INFO: File saved in 0.663000ms
[2025-01-31 17:56:42.701531] INFO: File saved to: /home/vc/kurotaka/objects/temp_32
[2025-01-31 17:56:44.606476] INFO: Execution permission granted to: /home/vc/kurotaka/objects/temp_32
[2025-01-31 17:56:45.692819] INFO: Executing command: /home/vc/kurotaka/objects/temp_32 433 512 1
[2025-01-31 17:57:03.208286] INFO: Command executed in 16926.715000ms
[2025-01-31 17:57:04.380083] INFO: Result saved to: /home/vc/kurotaka/results/result_32
[2025-01-31 17:57:06.898629] INFO: Second connection established in 0.259000ms
[2025-01-31 17:57:10.568387] INFO: Sending result upload request
[2025-01-31 17:57:14.069174] INFO: Second request sent in 0.022000ms
[2025-01-31 17:57:18.737609] INFO: Result uploaded in 0.055000ms
[2025-01-31 17:57:23.124117] INFO: Process completed successfully. Total execution time in 2m 6850.714000ms

