
[2025-01-31 17:56:12.784594] INFO: Process started with ID: 347
[2025-01-31 17:56:14.601881] INFO: First connection established in 0.161000ms
[2025-01-31 17:56:16.630590] INFO: Sending request: GET /http_server/send-object.php?ID=347 HTTP/1.1
Host: 192.168.100.3
Connection: close


[2025-01-31 17:56:18.588078] INFO: First request sent in 0.035000ms
[2025-01-31 17:56:21.016345] INFO: Time from request to first response in 0.007000ms
[2025-01-31 17:56:23.231781] INFO: Received headers - MPI-Rank: 482, Group-ID: 1, Job-ID: 1, Sub-Job-ID: 483, Rank-Count: 512
[2025-01-31 17:56:24.929250] INFO: Receive loop #1 received 16384 bytes in 3875.632000ms
[2025-01-31 17:56:27.416614] INFO: Receive loop #2 received 16384 bytes in 0.070000ms
[2025-01-31 17:56:29.745579] INFO: Receive loop #3 received 16384 bytes in 0.016000ms
[2025-01-31 17:56:32.096338] INFO: Receive loop #4 received 16384 bytes in 0.111000ms
[2025-01-31 17:56:34.203797] INFO: Receive loop #5 received 16384 bytes in 0.029000ms
[2025-01-31 17:56:35.981843] INFO: Receive loop #6 received 16384 bytes in 0.026000ms
[2025-01-31 17:56:38.143105] INFO: Receive loop #7 received 16384 bytes in 0.028000ms
[2025-01-31 17:56:40.051559] INFO: Receive loop #8 received 16384 bytes in 0.067000ms
[2025-01-31 17:56:41.788750] INFO: Receive loop #9 received 16384 bytes in 0.007000ms
[2025-01-31 17:56:43.627458] INFO: Receive loop #10 received 16384 bytes in 0.035000ms
[2025-01-31 17:56:45.199792] INFO: Receive loop #11 received 16384 bytes in 0.028000ms
[2025-01-31 17:56:46.351329] INFO: Receive loop #12 received 7665 bytes in 0.023000ms
[2025-01-31 17:56:47.407638] INFO: Response received in 26688.054000ms
[2025-01-31 17:56:48.584933] INFO: File saved in 0.400000ms
[2025-01-31 17:56:49.844266] INFO: File saved to: /home/vc/kurotaka/objects/temp_347
[2025-01-31 17:56:51.984691] INFO: Execution permission granted to: /home/vc/kurotaka/objects/temp_347
[2025-01-31 17:56:52.383251] INFO: Executing command: /home/vc/kurotaka/objects/temp_347 482 512 1
[2025-01-31 17:57:03.416294] INFO: Command executed in 10485.146000ms
[2025-01-31 17:57:04.530219] INFO: Result saved to: /home/vc/kurotaka/results/result_347
[2025-01-31 17:57:07.008703] INFO: Second connection established in 0.204000ms
[2025-01-31 17:57:10.749107] INFO: Sending result upload request
[2025-01-31 17:57:14.217710] INFO: Second request sent in 0.026000ms
[2025-01-31 17:57:18.793930] INFO: Result uploaded in 0.053000ms
[2025-01-31 17:57:23.225916] INFO: Process completed successfully. Total execution time in 2m 6891.535000ms

