
[2025-01-31 17:55:53.393739] INFO: Process started with ID: 472
[2025-01-31 17:55:55.980694] INFO: First connection established in 0.232000ms
[2025-01-31 17:55:58.491886] INFO: Sending request: GET /http_server/send-object.php?ID=472 HTTP/1.1
Host: 192.168.100.3
Connection: close


[2025-01-31 17:56:00.873295] INFO: First request sent in 0.031000ms
[2025-01-31 17:56:03.252141] INFO: Time from request to first response in 0.036000ms
[2025-01-31 17:56:05.736773] INFO: Received headers - MPI-Rank: 382, Group-ID: 1, Job-ID: 1, Sub-Job-ID: 383, Rank-Count: 512
[2025-01-31 17:56:08.362644] INFO: Receive loop #1 received 16384 bytes in 5255.762000ms
[2025-01-31 17:56:10.782429] INFO: Receive loop #2 received 16384 bytes in 0.061000ms
[2025-01-31 17:56:12.555001] INFO: Receive loop #3 received 16384 bytes in 0.086000ms
[2025-01-31 17:56:14.281896] INFO: Receive loop #4 received 16384 bytes in 0.111000ms
[2025-01-31 17:56:16.670540] INFO: Receive loop #5 received 16384 bytes in 0.038000ms
[2025-01-31 17:56:19.379391] INFO: Receive loop #6 received 16384 bytes in 0.024000ms
[2025-01-31 17:56:22.469601] INFO: Receive loop #7 received 16384 bytes in 0.007000ms
[2025-01-31 17:56:24.294502] INFO: Receive loop #8 received 16384 bytes in 0.069000ms
[2025-01-31 17:56:26.442696] INFO: Receive loop #9 received 16384 bytes in 0.006000ms
[2025-01-31 17:56:28.817835] INFO: Receive loop #10 received 16384 bytes in 0.031000ms
[2025-01-31 17:56:30.423599] INFO: Receive loop #11 received 16384 bytes in 0.029000ms
[2025-01-31 17:56:32.304237] INFO: Receive loop #12 received 7665 bytes in 0.027000ms
[2025-01-31 17:56:34.032179] INFO: Response received in 31076.628000ms
[2025-01-31 17:56:35.642323] INFO: File saved in 0.456000ms
[2025-01-31 17:56:37.514909] INFO: File saved to: /home/vc/kurotaka/objects/temp_472
[2025-01-31 17:56:39.967893] INFO: Execution permission granted to: /home/vc/kurotaka/objects/temp_472
[2025-01-31 17:56:41.658606] INFO: Executing command: /home/vc/kurotaka/objects/temp_472 382 512 1
[2025-01-31 17:57:06.711739] INFO: Command executed in 23865.741000ms
[2025-01-31 17:57:09.784768] INFO: Result saved to: /home/vc/kurotaka/results/result_472
[2025-01-31 17:57:13.366445] INFO: Second connection established in 0.156000ms
[2025-01-31 17:57:16.444290] INFO: Sending result upload request
[2025-01-31 17:57:21.434575] INFO: Second request sent in 0.029000ms
[2025-01-31 17:57:26.440421] INFO: Result uploaded in 0.054000ms
[2025-01-31 17:57:31.505965] INFO: Process completed successfully. Total execution time in 2m 14855.095000ms

