
[2025-01-31 17:55:51.679382] INFO: Process started with ID: 225
[2025-01-31 17:55:54.127014] INFO: First connection established in 0.156000ms
[2025-01-31 17:55:56.476598] INFO: Sending request: GET /http_server/send-object.php?ID=225 HTTP/1.1
Host: 192.168.100.3
Connection: close


[2025-01-31 17:55:58.923433] INFO: First request sent in 0.036000ms
[2025-01-31 17:56:01.338781] INFO: Time from request to first response in 0.009000ms
[2025-01-31 17:56:03.849150] INFO: Received headers - MPI-Rank: 377, Group-ID: 1, Job-ID: 1, Sub-Job-ID: 378, Rank-Count: 512
[2025-01-31 17:56:06.325998] INFO: Receive loop #1 received 16384 bytes in 4812.282000ms
[2025-01-31 17:56:08.953597] INFO: Receive loop #2 received 16384 bytes in 0.016000ms
[2025-01-31 17:56:11.214548] INFO: Receive loop #3 received 16384 bytes in 0.089000ms
[2025-01-31 17:56:13.127985] INFO: Receive loop #4 received 16384 bytes in 0.108000ms
[2025-01-31 17:56:15.191994] INFO: Receive loop #5 received 16384 bytes in 0.028000ms
[2025-01-31 17:56:17.200221] INFO: Receive loop #6 received 16384 bytes in 0.010000ms
[2025-01-31 17:56:20.367388] INFO: Receive loop #7 received 16384 bytes in 0.029000ms
[2025-01-31 17:56:22.943848] INFO: Receive loop #8 received 16384 bytes in 0.321000ms
[2025-01-31 17:56:24.761313] INFO: Receive loop #9 received 16384 bytes in 0.033000ms
[2025-01-31 17:56:26.520550] INFO: Receive loop #10 received 16384 bytes in 0.029000ms
[2025-01-31 17:56:28.831692] INFO: Receive loop #11 received 16384 bytes in 0.030000ms
[2025-01-31 17:56:30.307679] INFO: Receive loop #12 received 7665 bytes in 0.010000ms
[2025-01-31 17:56:32.430747] INFO: Response received in 30793.547000ms
[2025-01-31 17:56:34.099192] INFO: File saved in 0.710000ms
[2025-01-31 17:56:35.840755] INFO: File saved to: /home/vc/kurotaka/objects/temp_225
[2025-01-31 17:56:39.207164] INFO: Execution permission granted to: /home/vc/kurotaka/objects/temp_225
[2025-01-31 17:56:40.833117] INFO: Executing command: /home/vc/kurotaka/objects/temp_225 377 512 1
[2025-01-31 17:57:21.008598] INFO: Command executed in 37865.926000ms
[2025-01-31 17:57:26.082198] INFO: Result saved to: /home/vc/kurotaka/results/result_225
[2025-01-31 17:57:30.808015] INFO: Second connection established in 0.167000ms
[2025-01-31 17:57:34.807640] INFO: Sending result upload request
[2025-01-31 17:57:37.988766] INFO: Second request sent in 0.005000ms
[2025-01-31 17:57:40.854224] INFO: Result uploaded in 0.013000ms
[2025-01-31 17:57:41.308794] INFO: Process completed successfully. Total execution time in 2m 26155.609000ms

