
[2025-01-31 16:44:44.220235] INFO: Process started with ID: 44
[2025-01-31 16:44:44.406434] INFO: First connection established in 0.294000ms
[2025-01-31 16:44:44.602060] INFO: Sending request: GET /http_server/send-object.php?ID=44 HTTP/1.1
Host: 192.168.100.3
Connection: close


[2025-01-31 16:44:44.889193] INFO: First request sent in 0.033000ms
[2025-01-31 16:44:45.271849] INFO: Time from request to first response in 0.032000ms
[2025-01-31 16:44:45.511250] INFO: Received headers - MPI-Rank: 18, Group-ID: 1, Job-ID: 1, Sub-Job-ID: 19, Rank-Count: 64
[2025-01-31 16:44:45.755633] INFO: Receive loop #1 received 16384 bytes in 529.216000ms
[2025-01-31 16:44:45.995711] INFO: Receive loop #2 received 16384 bytes in 0.058000ms
[2025-01-31 16:44:46.279028] INFO: Receive loop #3 received 16384 bytes in 0.075000ms
[2025-01-31 16:44:46.544495] INFO: Receive loop #4 received 16384 bytes in 0.067000ms
[2025-01-31 16:44:46.891428] INFO: Receive loop #5 received 16384 bytes in 0.031000ms
[2025-01-31 16:44:47.229444] INFO: Receive loop #6 received 16384 bytes in 0.029000ms
[2025-01-31 16:44:47.477669] INFO: Receive loop #7 received 16384 bytes in 0.031000ms
[2025-01-31 16:44:47.723652] INFO: Receive loop #8 received 16384 bytes in 0.092000ms
[2025-01-31 16:44:48.091416] INFO: Receive loop #9 received 16384 bytes in 0.010000ms
[2025-01-31 16:44:48.462573] INFO: Receive loop #10 received 16384 bytes in 0.029000ms
[2025-01-31 16:44:48.989505] INFO: Receive loop #11 received 16384 bytes in 0.029000ms
[2025-01-31 16:44:49.474079] INFO: Receive loop #12 received 7662 bytes in 0.018000ms
[2025-01-31 16:44:49.727168] INFO: Response received in 4469.627000ms
[2025-01-31 16:44:49.999719] INFO: File saved in 0.442000ms
[2025-01-31 16:44:50.372885] INFO: File saved to: /home/vc/kurotaka/objects/temp_44
[2025-01-31 16:44:50.818775] INFO: Execution permission granted to: /home/vc/kurotaka/objects/temp_44
[2025-01-31 16:44:51.353487] INFO: Executing command: /home/vc/kurotaka/objects/temp_44 18 64 1
[2025-01-31 16:44:53.856880] INFO: Command executed in 2033.596000ms
[2025-01-31 16:44:54.375034] INFO: Result saved to: /home/vc/kurotaka/results/result_44
[2025-01-31 16:44:54.912529] INFO: Second connection established in 0.265000ms
[2025-01-31 16:44:55.548147] INFO: Sending result upload request
[2025-01-31 16:44:55.953807] INFO: Second request sent in 0.026000ms
[2025-01-31 16:44:56.264810] INFO: Result uploaded in 0.052000ms
[2025-01-31 16:44:56.520629] INFO: Process completed successfully. Total execution time in 12368.612000ms

