
[2025-01-20 12:41:19.716960] INFO: Process started with ID: 328
[2025-01-20 12:41:21.729574] INFO: First connection established in 0.207000ms
[2025-01-20 12:41:23.356308] INFO: Sending request: GET /http_server/send-object.php?ID=328 HTTP/1.1
Host: 192.168.100.3
Connection: close


[2025-01-20 12:41:25.232832] INFO: First request sent in 0.039000ms
[2025-01-20 12:41:26.490718] INFO: Time from request to first response in 0.025000ms
[2025-01-20 12:41:27.719982] INFO: Received headers - MPI-Rank: 179, Group-ID: 1, Job-ID: 1, Sub-Job-ID: 180, Rank-Count: 512
[2025-01-20 12:41:29.490201] INFO: Receive loop #1 received 16384 bytes in 2560.616000ms
[2025-01-20 12:41:31.163632] INFO: Receive loop #2 received 16384 bytes in 0.076000ms
[2025-01-20 12:41:32.387216] INFO: Receive loop #3 received 16384 bytes in 0.097000ms
[2025-01-20 12:41:34.759407] INFO: Receive loop #4 received 16384 bytes in 0.112000ms
[2025-01-20 12:41:36.911008] INFO: Receive loop #5 received 16384 bytes in 0.036000ms
[2025-01-20 12:41:39.178625] INFO: Receive loop #6 received 16384 bytes in 0.035000ms
[2025-01-20 12:41:40.978059] INFO: Receive loop #7 received 16384 bytes in 0.031000ms
[2025-01-20 12:41:42.117459] INFO: Receive loop #8 received 16384 bytes in 0.274000ms
[2025-01-20 12:41:43.395199] INFO: Receive loop #9 received 16384 bytes in 0.010000ms
[2025-01-20 12:41:45.648064] INFO: Receive loop #10 received 16384 bytes in 0.029000ms
[2025-01-20 12:41:47.940409] INFO: Receive loop #11 received 16384 bytes in 0.029000ms
[2025-01-20 12:41:50.306279] INFO: Receive loop #12 received 7665 bytes in 0.019000ms
[2025-01-20 12:41:51.728232] INFO: Response received in 25053.564000ms
[2025-01-20 12:42:33.235220] INFO: File saved in 39724.499000ms
[2025-01-20 12:42:34.798022] INFO: File saved to: objects/temp_328
[2025-01-20 12:42:38.410530] INFO: Execution permission granted to: objects/temp_328
[2025-01-20 12:42:39.539663] INFO: Executing command: ./objects/temp_328 179 512
[2025-01-20 12:43:20.204844] INFO: Command executed in 38935.107000ms
[2025-01-20 12:43:22.180461] INFO: Result saved to: results/result_328
[2025-01-20 12:43:24.975839] INFO: Second connection established in 0.247000ms
[2025-01-20 12:43:30.390246] INFO: Sending result upload request
[2025-01-20 12:43:33.473427] INFO: Second request sent in 0.026000ms
[2025-01-20 12:43:37.008715] INFO: Result uploaded in 0.010000ms
[2025-01-20 12:43:40.529911] INFO: Process completed successfully. Total execution time in 2m 30541.424000ms

