
[2025-01-20 12:47:12.309146] INFO: Process started with ID: 489
[2025-01-20 12:47:12.990976] INFO: First connection established in 0.241000ms
[2025-01-20 12:47:13.838970] INFO: Sending request: GET /http_server/send-object.php?ID=489 HTTP/1.1
Host: 192.168.100.3
Connection: close


[2025-01-20 12:47:14.672568] INFO: First request sent in 0.036000ms
[2025-01-20 12:47:15.357304] INFO: Time from request to first response in 0.037000ms
[2025-01-20 12:47:16.707007] INFO: Received headers - MPI-Rank: 51, Group-ID: 1, Job-ID: 1, Sub-Job-ID: 52, Rank-Count: 512
[2025-01-20 12:47:17.729376] INFO: Receive loop #1 received 16384 bytes in 2447.434000ms
[2025-01-20 12:47:18.518989] INFO: Receive loop #2 received 16384 bytes in 0.061000ms
[2025-01-20 12:47:19.967137] INFO: Receive loop #3 received 16384 bytes in 0.088000ms
[2025-01-20 12:47:21.443973] INFO: Receive loop #4 received 16384 bytes in 0.111000ms
[2025-01-20 12:47:23.173518] INFO: Receive loop #5 received 16384 bytes in 0.028000ms
[2025-01-20 12:47:24.718178] INFO: Receive loop #6 received 16384 bytes in 0.033000ms
[2025-01-20 12:47:27.020082] INFO: Receive loop #7 received 16384 bytes in 0.033000ms
[2025-01-20 12:47:28.398434] INFO: Receive loop #8 received 16384 bytes in 0.273000ms
[2025-01-20 12:47:29.444965] INFO: Receive loop #9 received 16384 bytes in 0.029000ms
[2025-01-20 12:47:30.959557] INFO: Receive loop #10 received 16384 bytes in 0.036000ms
[2025-01-20 12:47:33.062833] INFO: Receive loop #11 received 16384 bytes in 0.035000ms
[2025-01-20 12:47:34.143516] INFO: Receive loop #12 received 7663 bytes in 0.021000ms
[2025-01-20 12:47:35.721824] INFO: Response received in 20145.055000ms
[2025-01-20 12:48:04.076641] INFO: File saved in 26361.843000ms
[2025-01-20 12:48:06.459406] INFO: File saved to: objects/temp_489
[2025-01-20 12:48:12.459124] INFO: Execution permission granted to: objects/temp_489
[2025-01-20 12:48:14.610081] INFO: Executing command: ./objects/temp_489 51 512
[2025-01-20 12:49:24.686594] INFO: Command executed in 1m 8633.409000ms
[2025-01-20 12:49:26.810584] INFO: Result saved to: results/result_489
[2025-01-20 12:49:32.913556] INFO: Second connection established in 0.247000ms
[2025-01-20 12:49:39.422693] INFO: Sending result upload request
[2025-01-20 12:49:42.595863] INFO: Second request sent in 0.004000ms
[2025-01-20 12:49:44.816531] INFO: Result uploaded in 0.010000ms
[2025-01-20 12:49:46.804339] INFO: Process completed successfully. Total execution time in 2m 34897.958000ms

