
[2025-01-20 12:47:56.883539] INFO: Process started with ID: 484
[2025-01-20 12:47:59.063829] INFO: First connection established in 0.259000ms
[2025-01-20 12:48:01.427045] INFO: Sending request: GET /http_server/send-object.php?ID=484 HTTP/1.1
Host: 192.168.100.3
Connection: close


[2025-01-20 12:48:03.769980] INFO: First request sent in 0.034000ms
[2025-01-20 12:48:05.816208] INFO: Time from request to first response in 0.032000ms
[2025-01-20 12:48:08.438762] INFO: Received headers - MPI-Rank: 420, Group-ID: 1, Job-ID: 1, Sub-Job-ID: 421, Rank-Count: 512
[2025-01-20 12:48:10.727048] INFO: Receive loop #1 received 16384 bytes in 5137.333000ms
[2025-01-20 12:48:12.973147] INFO: Receive loop #2 received 16384 bytes in 0.020000ms
[2025-01-20 12:48:15.392230] INFO: Receive loop #3 received 16384 bytes in 0.079000ms
[2025-01-20 12:48:16.809014] INFO: Receive loop #4 received 16384 bytes in 0.140000ms
[2025-01-20 12:48:19.246396] INFO: Receive loop #5 received 16384 bytes in 0.037000ms
[2025-01-20 12:48:21.582120] INFO: Receive loop #6 received 16384 bytes in 0.007000ms
[2025-01-20 12:48:23.650825] INFO: Receive loop #7 received 16384 bytes in 0.015000ms
[2025-01-20 12:48:26.050979] INFO: Receive loop #8 received 16384 bytes in 0.243000ms
[2025-01-20 12:48:28.088571] INFO: Receive loop #9 received 16384 bytes in 0.027000ms
[2025-01-20 12:48:29.221132] INFO: Receive loop #10 received 16384 bytes in 0.027000ms
[2025-01-20 12:48:31.186749] INFO: Receive loop #11 received 16384 bytes in 0.028000ms
[2025-01-20 12:48:32.427419] INFO: Receive loop #12 received 7665 bytes in 0.014000ms
[2025-01-20 12:48:34.287246] INFO: Response received in 28137.915000ms
[2025-01-20 12:48:57.847198] INFO: File saved in 22318.283000ms
[2025-01-20 12:48:58.482104] INFO: File saved to: objects/temp_484
[2025-01-20 12:49:01.563232] INFO: Execution permission granted to: objects/temp_484
[2025-01-20 12:49:02.063895] INFO: Executing command: ./objects/temp_484 420 512
[2025-01-20 12:49:13.086415] INFO: Command executed in 9798.648000ms
[2025-01-20 12:49:15.506926] INFO: Result saved to: results/result_484
[2025-01-20 12:49:21.476648] INFO: Second connection established in 0.187000ms
[2025-01-20 12:49:26.153484] INFO: Sending result upload request
[2025-01-20 12:49:28.687661] INFO: Second request sent in 0.025000ms
[2025-01-20 12:49:32.981726] INFO: Result uploaded in 0.056000ms
[2025-01-20 12:49:37.670735] INFO: Process completed successfully. Total execution time in 2m 25061.292000ms

