
[2025-01-20 12:41:13.995528] INFO: Process started with ID: 174
[2025-01-20 12:41:15.145210] INFO: First connection established in 0.442000ms
[2025-01-20 12:41:15.947824] INFO: Sending request: GET /http_server/send-object.php?ID=174 HTTP/1.1
Host: 192.168.100.3
Connection: close


[2025-01-20 12:41:17.000514] INFO: First request sent in 0.035000ms
[2025-01-20 12:41:18.660368] INFO: Time from request to first response:0.030000ms
[2025-01-20 12:41:19.913252] INFO: Received headers - MPI-Rank: 116, Group-ID: 1, Job-ID: 1, Sub-Job-ID: 117, Rank-Count: 512
[2025-01-20 12:41:21.767441] INFO: Receive loop #1 received 16384 bytes in 3301.583000ms
[2025-01-20 12:41:23.538027] INFO: Receive loop #2 received 16384 bytes in 0.081000ms
[2025-01-20 12:41:25.286884] INFO: Receive loop #3 received 16384 bytes in 0.076000ms
[2025-01-20 12:41:26.617597] INFO: Receive loop #4 received 16384 bytes in 0.137000ms
[2025-01-20 12:41:27.946198] INFO: Receive loop #5 received 16384 bytes in 0.029000ms
[2025-01-20 12:41:30.018793] INFO: Receive loop #6 received 16384 bytes in 0.054000ms
[2025-01-20 12:41:31.313078] INFO: Receive loop #7 received 16384 bytes in 0.034000ms
[2025-01-20 12:41:32.709910] INFO: Receive loop #8 received 16384 bytes in 0.286000ms
[2025-01-20 12:41:34.882575] INFO: Receive loop #9 received 16384 bytes in 0.030000ms
[2025-01-20 12:41:37.035300] INFO: Receive loop #10 received 16384 bytes in 0.028000ms
[2025-01-20 12:41:39.328564] INFO: Receive loop #11 received 16384 bytes in 0.028000ms
[2025-01-20 12:41:41.031891] INFO: Receive loop #12 received 7665 bytes in 0.021000ms
[2025-01-20 12:41:42.152488] INFO: Response received in 23582.879000ms
[2025-01-20 12:42:20.100963] INFO: File saved in 36058.231000ms
[2025-01-20 12:42:22.272388] INFO: File saved to: objects/temp_174
[2025-01-20 12:42:27.440868] INFO: Execution permission granted to: objects/temp_174
[2025-01-20 12:42:29.298701] INFO: Executing command: ./objects/temp_174 116 512
[2025-01-20 12:43:08.673948] INFO: Command executed in 38247.079000ms
[2025-01-20 12:43:10.662900] INFO: Result saved to: results/result_174
[2025-01-20 12:43:17.324075] INFO: Second connection established in 0.156000ms
[2025-01-20 12:43:22.878198] INFO: Sending result upload request
[2025-01-20 12:43:25.025227] INFO: Second request sent in 0.026000ms
[2025-01-20 12:43:28.710641] INFO: Result uploaded in 0.062000ms
[2025-01-20 12:43:34.020552] INFO: Process completed successfully. Total execution time: 2m 23351.678000ms

