
[2025-01-20 12:47:45.992763] INFO: Process started with ID: 400
[2025-01-20 12:47:48.181997] INFO: First connection established in 0.156000ms
[2025-01-20 12:47:50.393829] INFO: Sending request: GET /http_server/send-object.php?ID=400 HTTP/1.1
Host: 192.168.100.3
Connection: close


[2025-01-20 12:47:52.731670] INFO: First request sent in 0.036000ms
[2025-01-20 12:47:54.107555] INFO: Time from request to first response in 0.037000ms
[2025-01-20 12:47:56.312691] INFO: Received headers - MPI-Rank: 356, Group-ID: 1, Job-ID: 1, Sub-Job-ID: 357, Rank-Count: 512
[2025-01-20 12:47:58.707575] INFO: Receive loop #1 received 16384 bytes in 3972.806000ms
[2025-01-20 12:48:01.100465] INFO: Receive loop #2 received 16384 bytes in 0.068000ms
[2025-01-20 12:48:03.475450] INFO: Receive loop #3 received 16384 bytes in 0.081000ms
[2025-01-20 12:48:05.146439] INFO: Receive loop #4 received 16384 bytes in 0.115000ms
[2025-01-20 12:48:07.778620] INFO: Receive loop #5 received 16384 bytes in 0.028000ms
[2025-01-20 12:48:10.283151] INFO: Receive loop #6 received 16384 bytes in 0.029000ms
[2025-01-20 12:48:12.782327] INFO: Receive loop #7 received 16384 bytes in 0.028000ms
[2025-01-20 12:48:15.294424] INFO: Receive loop #8 received 16384 bytes in 0.128000ms
[2025-01-20 12:48:16.909634] INFO: Receive loop #9 received 16384 bytes in 0.031000ms
[2025-01-20 12:48:19.286905] INFO: Receive loop #10 received 16384 bytes in 0.029000ms
[2025-01-20 12:48:21.755116] INFO: Receive loop #11 received 16384 bytes in 0.023000ms
[2025-01-20 12:48:23.734098] INFO: Receive loop #12 received 7665 bytes in 0.031000ms
[2025-01-20 12:48:26.292480] INFO: Response received in 31746.589000ms
[2025-01-20 12:48:52.573562] INFO: File saved in 24874.513000ms
[2025-01-20 12:48:52.826231] INFO: File saved to: objects/temp_400
[2025-01-20 12:48:55.338244] INFO: Execution permission granted to: objects/temp_400
[2025-01-20 12:48:55.756092] INFO: Executing command: ./objects/temp_400 356 512
[2025-01-20 12:49:16.667472] INFO: Command executed in 19407.723000ms
[2025-01-20 12:49:20.410429] INFO: Result saved to: results/result_400
[2025-01-20 12:49:25.579153] INFO: Second connection established in 0.185000ms
[2025-01-20 12:49:30.728523] INFO: Sending result upload request
[2025-01-20 12:49:34.118746] INFO: Second request sent in 0.025000ms
[2025-01-20 12:49:38.091504] INFO: Result uploaded in 0.055000ms
[2025-01-20 12:49:43.085374] INFO: Process completed successfully. Total execution time in 2m 30536.614000ms

