
[2025-01-20 12:41:32.578989] INFO: Process started with ID: 203
[2025-01-20 12:41:34.813994] INFO: First connection established in 0.209000ms
[2025-01-20 12:41:36.968590] INFO: Sending request: GET /http_server/send-object.php?ID=203 HTTP/1.1
Host: 192.168.100.3
Connection: close


[2025-01-20 12:41:39.245981] INFO: First request sent in 0.033000ms
[2025-01-20 12:41:40.965224] INFO: Time from request to first response:0.030000ms
[2025-01-20 12:41:42.084261] INFO: Received headers - MPI-Rank: 280, Group-ID: 1, Job-ID: 1, Sub-Job-ID: 281, Rank-Count: 512
[2025-01-20 12:41:43.301542] INFO: Receive loop #1 received 16384 bytes in 2314.505000ms
[2025-01-20 12:41:45.491909] INFO: Receive loop #2 received 16384 bytes in 0.060000ms
[2025-01-20 12:41:47.676518] INFO: Receive loop #3 received 16384 bytes in 0.096000ms
[2025-01-20 12:41:49.923026] INFO: Receive loop #4 received 16384 bytes in 0.108000ms
[2025-01-20 12:41:51.433332] INFO: Receive loop #5 received 16384 bytes in 0.037000ms
[2025-01-20 12:41:53.366948] INFO: Receive loop #6 received 16384 bytes in 0.011000ms
[2025-01-20 12:41:55.707771] INFO: Receive loop #7 received 16384 bytes in 0.030000ms
[2025-01-20 12:41:58.271132] INFO: Receive loop #8 received 16384 bytes in 0.246000ms
[2025-01-20 12:42:00.894343] INFO: Receive loop #9 received 16384 bytes in 0.041000ms
[2025-01-20 12:42:02.351997] INFO: Receive loop #10 received 16384 bytes in 0.028000ms
[2025-01-20 12:42:04.937350] INFO: Receive loop #11 received 16384 bytes in 0.030000ms
[2025-01-20 12:42:07.610374] INFO: Receive loop #12 received 7665 bytes in 0.019000ms
[2025-01-20 12:42:10.358716] INFO: Response received in 28752.489000ms
[2025-01-20 12:42:43.431613] INFO: File saved in 30763.600000ms
[2025-01-20 12:42:43.841944] INFO: File saved to: objects/temp_203
[2025-01-20 12:42:45.671997] INFO: Execution permission granted to: objects/temp_203
[2025-01-20 12:42:46.179790] INFO: Executing command: ./objects/temp_203 280 512
[2025-01-20 12:43:10.986749] INFO: Command executed in 23811.845000ms
[2025-01-20 12:43:15.498563] INFO: Result saved to: results/result_203
[2025-01-20 12:43:21.859965] INFO: Second connection established in 0.181000ms
[2025-01-20 12:43:25.687717] INFO: Sending result upload request
[2025-01-20 12:43:29.485232] INFO: Second request sent in 0.013000ms
[2025-01-20 12:43:33.640465] INFO: Result uploaded in 0.045000ms
[2025-01-20 12:43:38.764719] INFO: Process completed successfully. Total execution time: 2m 28376.437000ms

