
[2025-01-20 12:41:18.091020] INFO: Process started with ID: 330
[2025-01-20 12:41:19.289000] INFO: First connection established in 0.159000ms
[2025-01-20 12:41:21.497455] INFO: Sending request: GET /http_server/send-object.php?ID=330 HTTP/1.1
Host: 192.168.100.3
Connection: close


[2025-01-20 12:41:22.661900] INFO: First request sent in 0.033000ms
[2025-01-20 12:41:24.793255] INFO: Time from request to first response in 0.031000ms
[2025-01-20 12:41:26.193867] INFO: Received headers - MPI-Rank: 163, Group-ID: 1, Job-ID: 1, Sub-Job-ID: 164, Rank-Count: 512
[2025-01-20 12:41:27.233240] INFO: Receive loop #1 received 16384 bytes in 2455.395000ms
[2025-01-20 12:41:28.891647] INFO: Receive loop #2 received 16384 bytes in 0.061000ms
[2025-01-20 12:41:30.884336] INFO: Receive loop #3 received 16384 bytes in 0.098000ms
[2025-01-20 12:41:32.072047] INFO: Receive loop #4 received 16384 bytes in 0.116000ms
[2025-01-20 12:41:33.865340] INFO: Receive loop #5 received 16384 bytes in 0.029000ms
[2025-01-20 12:41:36.089581] INFO: Receive loop #6 received 16384 bytes in 0.028000ms
[2025-01-20 12:41:38.138677] INFO: Receive loop #7 received 16384 bytes in 0.035000ms
[2025-01-20 12:41:40.563928] INFO: Receive loop #8 received 16384 bytes in 0.249000ms
[2025-01-20 12:41:41.778728] INFO: Receive loop #9 received 16384 bytes in 0.035000ms
[2025-01-20 12:41:43.006885] INFO: Receive loop #10 received 16384 bytes in 0.034000ms
[2025-01-20 12:41:45.248010] INFO: Receive loop #11 received 16384 bytes in 0.029000ms
[2025-01-20 12:41:47.458542] INFO: Receive loop #12 received 7665 bytes in 0.019000ms
[2025-01-20 12:41:49.734426] INFO: Response received in 24536.546000ms
[2025-01-20 12:42:34.798168] INFO: File saved in 43471.146000ms
[2025-01-20 12:42:36.333158] INFO: File saved to: objects/temp_330
[2025-01-20 12:42:39.604307] INFO: Execution permission granted to: objects/temp_330
[2025-01-20 12:42:40.836247] INFO: Executing command: ./objects/temp_330 163 512
[2025-01-20 12:43:19.156736] INFO: Command executed in 36943.440000ms
[2025-01-20 12:43:21.733193] INFO: Result saved to: results/result_330
[2025-01-20 12:43:24.421206] INFO: Second connection established in 0.176000ms
[2025-01-20 12:43:29.034582] INFO: Sending result upload request
[2025-01-20 12:43:32.131084] INFO: Second request sent in 0.025000ms
[2025-01-20 12:43:35.517927] INFO: Result uploaded in 0.046000ms
[2025-01-20 12:43:39.622110] INFO: Process completed successfully. Total execution time in 2m 29923.453000ms

