
[2025-01-20 12:47:39.894967] INFO: Process started with ID: 438
[2025-01-20 12:47:42.052711] INFO: First connection established in 0.269000ms
[2025-01-20 12:47:43.654471] INFO: Sending request: GET /http_server/send-object.php?ID=438 HTTP/1.1
Host: 192.168.100.3
Connection: close


[2025-01-20 12:47:44.778231] INFO: First request sent in 0.034000ms
[2025-01-20 12:47:46.215060] INFO: Time from request to first response:0.030000ms
[2025-01-20 12:47:48.561801] INFO: Received headers - MPI-Rank: 309, Group-ID: 1, Job-ID: 1, Sub-Job-ID: 310, Rank-Count: 512
[2025-01-20 12:47:50.887376] INFO: Receive loop #1 received 16384 bytes in 4420.129000ms
[2025-01-20 12:47:53.134829] INFO: Receive loop #2 received 16384 bytes in 0.059000ms
[2025-01-20 12:47:54.524751] INFO: Receive loop #3 received 16384 bytes in 0.078000ms
[2025-01-20 12:47:56.883388] INFO: Receive loop #4 received 16384 bytes in 0.110000ms
[2025-01-20 12:47:59.063776] INFO: Receive loop #5 received 16384 bytes in 0.027000ms
[2025-01-20 12:48:01.426979] INFO: Receive loop #6 received 16384 bytes in 0.029000ms
[2025-01-20 12:48:03.769978] INFO: Receive loop #7 received 16384 bytes in 0.031000ms
[2025-01-20 12:48:05.939482] INFO: Receive loop #8 received 16384 bytes in 0.247000ms
[2025-01-20 12:48:08.493587] INFO: Receive loop #9 received 16384 bytes in 0.032000ms
[2025-01-20 12:48:10.727213] INFO: Receive loop #10 received 16384 bytes in 0.028000ms
[2025-01-20 12:48:13.041105] INFO: Receive loop #11 received 16384 bytes in 0.008000ms
[2025-01-20 12:48:15.815279] INFO: Receive loop #12 received 7665 bytes in 0.021000ms
[2025-01-20 12:48:17.083875] INFO: Response received in 30807.761000ms
[2025-01-20 12:48:49.715216] INFO: File saved in 30837.546000ms
[2025-01-20 12:48:50.111682] INFO: File saved to: objects/temp_438
[2025-01-20 12:48:51.865591] INFO: Execution permission granted to: objects/temp_438
[2025-01-20 12:48:52.401627] INFO: Executing command: ./objects/temp_438 309 512
[2025-01-20 12:49:21.755579] INFO: Command executed in 28017.065000ms
[2025-01-20 12:49:24.939982] INFO: Result saved to: results/result_438
[2025-01-20 12:49:28.978313] INFO: Second connection established in 0.110000ms
[2025-01-20 12:49:35.684721] INFO: Sending result upload request
[2025-01-20 12:49:39.635390] INFO: Second request sent in 0.025000ms
[2025-01-20 12:49:43.115300] INFO: Result uploaded in 0.008000ms
[2025-01-20 12:49:45.495076] INFO: Process completed successfully. Total execution time: 2m 33522.764000ms

