
[2025-01-22 16:33:32.403724] INFO: Process started with ID: 21
[2025-01-22 16:33:32.586386] INFO: First connection established in 0.158000ms
[2025-01-22 16:33:32.721040] INFO: Sending request: GET /http_server/send-object.php?ID=21 HTTP/1.1
Host: 192.168.100.3
Connection: close


[2025-01-22 16:33:32.884395] INFO: First request sent in 0.038000ms
[2025-01-22 16:33:33.079862] INFO: Time from request to first response:0.034000ms
[2025-01-22 16:33:33.288811] INFO: Received headers - MPI-Rank: 14, Group-ID: 1, Job-ID: 1, Sub-Job-ID: 15, Rank-Count: 32
[2025-01-22 16:33:33.542946] INFO: Receive loop #1 received 16384 bytes in 425.744000ms
[2025-01-22 16:33:33.793420] INFO: Receive loop #2 received 16384 bytes in 0.071000ms
[2025-01-22 16:33:34.112952] INFO: Receive loop #3 received 16384 bytes in 0.095000ms
[2025-01-22 16:33:34.468464] INFO: Receive loop #4 received 16384 bytes in 0.037000ms
[2025-01-22 16:33:34.827023] INFO: Receive loop #5 received 16384 bytes in 0.038000ms
[2025-01-22 16:33:35.190741] INFO: Receive loop #6 received 16384 bytes in 0.029000ms
[2025-01-22 16:33:35.616485] INFO: Receive loop #7 received 16384 bytes in 0.037000ms
[2025-01-22 16:33:35.751560] INFO: Receive loop #8 received 16384 bytes in 0.318000ms
[2025-01-22 16:33:35.889771] INFO: Receive loop #9 received 16384 bytes in 0.037000ms
[2025-01-22 16:33:36.037958] INFO: Receive loop #10 received 16384 bytes in 0.028000ms
[2025-01-22 16:33:36.211743] INFO: Receive loop #11 received 16384 bytes in 0.037000ms
[2025-01-22 16:33:36.420861] INFO: Receive loop #12 received 7662 bytes in 0.023000ms
[2025-01-22 16:33:36.621294] INFO: Response received in 3504.293000ms
[2025-01-22 16:33:36.841447] INFO: File saved in 0.613000ms
[2025-01-22 16:33:37.082498] INFO: File saved to: /home/vc/kurotaka/objects/temp_21
[2025-01-22 16:33:37.374821] INFO: Execution permission granted to: /home/vc/kurotaka/objects/temp_21
[2025-01-22 16:33:37.755332] INFO: Executing command: /home/vc/kurotaka/objects/temp_21 14 32
[2025-01-22 16:33:40.351550] INFO: Command executed in 2233.535000ms
[2025-01-22 16:33:40.539021] INFO: Result saved to: /home/vc/kurotaka/results/result_21
[2025-01-22 16:33:40.743637] INFO: Second connection established in 0.173000ms
[2025-01-22 16:33:40.966356] INFO: Sending result upload request
[2025-01-22 16:33:41.227850] INFO: Second request sent in 0.025000ms
[2025-01-22 16:33:41.536749] INFO: Result uploaded in 0.058000ms
[2025-01-22 16:33:41.884522] INFO: Process completed successfully. Total execution time: 9440.666000ms

