
[2025-01-30 11:51:41.975029] INFO: Process started with ID: 41
[2025-01-30 11:51:42.109415] INFO: First connection established in 0.234000ms
[2025-01-30 11:51:42.253351] INFO: Sending request: GET /http_server/send-object.php?ID=41 HTTP/1.1
Host: 192.168.100.3
Connection: close


[2025-01-30 11:51:42.483267] INFO: First request sent in 0.038000ms
[2025-01-30 11:51:42.789633] INFO: Time from request to first response in 0.030000ms
[2025-01-30 11:51:43.248402] INFO: Received headers - MPI-Rank: 18, Group-ID: 1, Job-ID: 1, Sub-Job-ID: 19, Rank-Count: 64
[2025-01-30 11:51:43.799378] INFO: Receive loop #1 received 16384 bytes in 971.424000ms
[2025-01-30 11:51:44.640796] INFO: Receive loop #2 received 16384 bytes in 0.060000ms
[2025-01-30 11:51:45.071172] INFO: Receive loop #3 received 16384 bytes in 0.047000ms
[2025-01-30 11:51:45.414850] INFO: Receive loop #4 received 16384 bytes in 0.046000ms
[2025-01-30 11:51:45.761730] INFO: Receive loop #5 received 16384 bytes in 0.033000ms
[2025-01-30 11:51:46.190703] INFO: Receive loop #6 received 16384 bytes in 0.014000ms
[2025-01-30 11:51:46.790422] INFO: Receive loop #7 received 16384 bytes in 0.028000ms
[2025-01-30 11:51:47.584607] INFO: Receive loop #8 received 16384 bytes in 0.266000ms
[2025-01-30 11:51:48.056845] INFO: Receive loop #9 received 16384 bytes in 0.029000ms
[2025-01-30 11:51:48.407807] INFO: Receive loop #10 received 16384 bytes in 0.028000ms
[2025-01-30 11:51:48.762438] INFO: Receive loop #11 received 16384 bytes in 0.029000ms
[2025-01-30 11:51:49.224856] INFO: Receive loop #12 received 7662 bytes in 0.020000ms
[2025-01-30 11:51:49.810001] INFO: Response received in 6925.231000ms
[2025-01-30 11:51:50.639170] INFO: File saved in 0.437000ms
[2025-01-30 11:51:51.178049] INFO: File saved to: /home/vc/kurotaka/objects/temp_41
[2025-01-30 11:51:51.454587] INFO: Execution permission granted to: /home/vc/kurotaka/objects/temp_41
[2025-01-30 11:51:51.820526] INFO: Executing command: /home/vc/kurotaka/objects/temp_41 18 64
[2025-01-30 11:51:55.374667] INFO: Command executed in 3126.076000ms
[2025-01-30 11:51:55.717931] INFO: Result saved to: /home/vc/kurotaka/results/result_41
[2025-01-30 11:51:56.094805] INFO: Second connection established in 0.308000ms
[2025-01-30 11:51:56.676494] INFO: Sending result upload request
[2025-01-30 11:51:57.476445] INFO: Second request sent in 0.025000ms
[2025-01-30 11:51:57.974132] INFO: Result uploaded in 0.048000ms
[2025-01-30 11:51:58.191349] INFO: Process completed successfully. Total execution time in 16185.341000ms

