
[2025-01-30 11:51:42.253348] INFO: Process started with ID: 17
[2025-01-30 11:51:42.483558] INFO: First connection established in 0.189000ms
[2025-01-30 11:51:42.789827] INFO: Sending request: GET /http_server/send-object.php?ID=17 HTTP/1.1
Host: 192.168.100.3
Connection: close


[2025-01-30 11:51:43.248563] INFO: First request sent in 0.035000ms
[2025-01-30 11:51:43.945291] INFO: Time from request to first response in 0.036000ms
[2025-01-30 11:51:44.641119] INFO: Received headers - MPI-Rank: 51, Group-ID: 1, Job-ID: 1, Sub-Job-ID: 52, Rank-Count: 64
[2025-01-30 11:51:45.120567] INFO: Receive loop #1 received 16384 bytes in 1287.885000ms
[2025-01-30 11:51:45.434054] INFO: Receive loop #2 received 16384 bytes in 0.063000ms
[2025-01-30 11:51:45.837776] INFO: Receive loop #3 received 16384 bytes in 0.080000ms
[2025-01-30 11:51:46.328630] INFO: Receive loop #4 received 16384 bytes in 0.114000ms
[2025-01-30 11:51:46.969542] INFO: Receive loop #5 received 16384 bytes in 0.027000ms
[2025-01-30 11:51:47.675823] INFO: Receive loop #6 received 16384 bytes in 0.030000ms
[2025-01-30 11:51:48.100232] INFO: Receive loop #7 received 16384 bytes in 0.030000ms
[2025-01-30 11:51:48.407828] INFO: Receive loop #8 received 16384 bytes in 0.286000ms
[2025-01-30 11:51:48.785410] INFO: Receive loop #9 received 16384 bytes in 0.029000ms
[2025-01-30 11:51:49.258824] INFO: Receive loop #10 received 16384 bytes in 0.029000ms
[2025-01-30 11:51:49.867128] INFO: Receive loop #11 received 16384 bytes in 0.029000ms
[2025-01-30 11:51:50.696943] INFO: Receive loop #12 received 7662 bytes in 0.018000ms
[2025-01-30 11:51:51.196251] INFO: Response received in 7406.271000ms
[2025-01-30 11:51:51.491553] INFO: File saved in 0.444000ms
[2025-01-30 11:51:51.886796] INFO: File saved to: /home/vc/kurotaka/objects/temp_17
[2025-01-30 11:51:52.445025] INFO: Execution permission granted to: /home/vc/kurotaka/objects/temp_17
[2025-01-30 11:51:52.727902] INFO: Executing command: /home/vc/kurotaka/objects/temp_17 51 64
[2025-01-30 11:51:56.238554] INFO: Command executed in 3020.572000ms
[2025-01-30 11:51:56.830353] INFO: Result saved to: /home/vc/kurotaka/results/result_17
[2025-01-30 11:51:57.575354] INFO: Second connection established in 0.131000ms
[2025-01-30 11:51:57.994926] INFO: Sending result upload request
[2025-01-30 11:51:58.229283] INFO: Second request sent in 0.021000ms
[2025-01-30 11:51:58.637081] INFO: Result uploaded in 0.055000ms
[2025-01-30 11:51:58.951335] INFO: Process completed successfully. Total execution time in 16975.164000ms

