
[2025-01-31 15:45:55] Program started at 2025-01-31 15:45:55.9716
[2025-01-31 15:45:55] [getClientID] MySQL connection established. Execution time: 0.943 ms
[2025-01-31 15:45:55] [getClientID] SELECT table_name FROM table_registry WHERE id = :job_id / Execution time: 0.369 ms
[2025-01-31 15:45:55] [getClientID] SELECT client FROM `matrix` WHERE id = :sub_job_id / Execution time: 0.192 ms
[2025-01-31 15:45:55] getClientID completed. Execution time: 1.700 ms
[2025-01-31 15:45:55] Read file completed. Execution time: 0.010 ms
[2025-01-31 15:45:55] File saved successfully: uploads/job_1/group_1/result_49
[2025-01-31 15:45:55] [updateStatus] MySQL connection established. Execution time: 0.110 ms
[2025-01-31 15:45:55] [updateStatus] SELECT table_name FROM table_registry WHERE id = :job_id FOR UPDATE / Execution time: 0.243 ms
[2025-01-31 15:45:55] [updateStatus] UPDATE `matrix` SET status = :status WHERE id = :sub_job_id / Execution time: 0.224 ms
[2025-01-31 15:45:55] [updateStatus] SELECT COUNT_RECORDS FROM `matrix` / Execution time: 0.330 ms
[2025-01-31 15:45:55] [updateStatus] UPDATE table_registry SET status = :status WHERE id = :job_id / Execution time: 0.183 ms
[2025-01-31 15:45:56] updateStatus completed. Execution time: 115.748 ms
[2025-01-31 15:45:56] Write file completed. Execution time: 116.067 ms
[2025-01-31 15:45:56] [getGroupStatus] MySQL connection established. Execution time: 0.096 ms
[2025-01-31 15:45:56] [getGroupStatus] SELECT table_name FROM table_registry WHERE id = :job_id / Execution time: 0.343 ms
[2025-01-31 15:45:56] [getGroupStatus] SELECT status FROM `matrix` WHERE group_id = :group_id / Execution time: 51.396 ms
[2025-01-31 15:45:56] getGroupStatus completed. Execution time: 52.176 ms
[2025-01-31 15:45:56] Group 1 is not completed yet.
[2025-01-31 15:45:56] Program completed. Total execution time: 172.937 ms

