
[2025-01-29 20:33:28] Program started at 2025-01-29 20:33:28.3509
[2025-01-29 20:33:28] [getClientID] MySQL connection established. Execution time: 0.716 ms
[2025-01-29 20:33:28] [getClientID] SELECT table_name FROM table_registry WHERE id = :job_id / Execution time: 0.297 ms
[2025-01-29 20:33:28] [getClientID] SELECT client FROM `matrix` WHERE id = :sub_job_id / Execution time: 0.155 ms
[2025-01-29 20:33:28] getClientID completed. Execution time: 1.305 ms
[2025-01-29 20:33:28] Read file completed. Execution time: 0.011 ms
[2025-01-29 20:33:28] File saved successfully: uploads/job_1/group_1/result_0
[2025-01-29 20:33:28] [updateStatus] MySQL connection established. Execution time: 0.099 ms
[2025-01-29 20:33:28] [updateStatus] SELECT table_name FROM table_registry WHERE id = :job_id FOR UPDATE / Execution time: 0.172 ms
[2025-01-29 20:33:28] [updateStatus] UPDATE `matrix` SET status = :status WHERE id = :sub_job_id / Execution time: 0.203 ms
[2025-01-29 20:33:28] [updateStatus] SELECT COUNT_RECORDS FROM `matrix` / Execution time: 0.228 ms
[2025-01-29 20:33:28] [updateStatus] SELECT group_id FROM `matrix` ORDER BY id DESC LIMIT 1 / Execution time: 0.138 ms
[2025-01-29 20:33:28] [updateStatus] UPDATE table_registry SET status = :status WHERE id = :job_id / Execution time: 0.332 ms
[2025-01-29 20:33:28] updateStatus completed. Execution time: 2.992 ms
[2025-01-29 20:33:28] Write file completed. Execution time: 3.197 ms
[2025-01-29 20:33:28] [getGroupStatus] MySQL connection established. Execution time: 0.045 ms
[2025-01-29 20:33:28] [getGroupStatus] SELECT table_name FROM table_registry WHERE id = :job_id / Execution time: 0.187 ms
[2025-01-29 20:33:28] [getGroupStatus] SELECT status FROM `matrix` WHERE group_id = :group_id / Execution time: 0.168 ms
[2025-01-29 20:33:28] getGroupStatus completed. Execution time: 0.481 ms
[2025-01-29 20:33:28] Merge request completed. Execution time (not actual merge.php execution time, but just request): 4.225 ms
[2025-01-29 20:33:28] Majority request completed. Execution time (not actual script execution time, but just request): 6.231 ms
[2025-01-29 20:33:28] Program completed. Total execution time: 18.576 ms

