
[2025-01-31 17:00:04.447398] INFO: Process started with ID: 82
[2025-01-31 17:00:05.313232] INFO: First connection established in 0.257000ms
[2025-01-31 17:00:06.356377] INFO: Sending request: GET /http_server/send-object.php?ID=82 HTTP/1.1
Host: 192.168.100.3
Connection: close


[2025-01-31 17:00:06.897711] INFO: First request sent in 0.038000ms
[2025-01-31 17:00:07.751125] INFO: Time from request to first response in 0.032000ms
[2025-01-31 17:00:08.764063] INFO: Received headers - MPI-Rank: 69, Group-ID: 1, Job-ID: 1, Sub-Job-ID: 70, Rank-Count: 128
[2025-01-31 17:00:09.376762] INFO: Receive loop #1 received 16384 bytes in 1845.451000ms
[2025-01-31 17:00:09.845069] INFO: Receive loop #2 received 16384 bytes in 0.058000ms
[2025-01-31 17:00:10.401870] INFO: Receive loop #3 received 16384 bytes in 0.088000ms
[2025-01-31 17:00:10.978424] INFO: Receive loop #4 received 16384 bytes in 0.109000ms
[2025-01-31 17:00:11.514649] INFO: Receive loop #5 received 16384 bytes in 0.007000ms
[2025-01-31 17:00:12.010591] INFO: Receive loop #6 received 16384 bytes in 0.058000ms
[2025-01-31 17:00:12.610038] INFO: Receive loop #7 received 16384 bytes in 0.029000ms
[2025-01-31 17:00:13.391425] INFO: Receive loop #8 received 16384 bytes in 0.279000ms
[2025-01-31 17:00:13.894274] INFO: Receive loop #9 received 16384 bytes in 0.041000ms
[2025-01-31 17:00:14.625808] INFO: Receive loop #10 received 16384 bytes in 0.031000ms
[2025-01-31 17:00:15.616948] INFO: Receive loop #11 received 16384 bytes in 0.028000ms
[2025-01-31 17:00:16.109782] INFO: Receive loop #12 received 7663 bytes in 0.023000ms
[2025-01-31 17:00:16.635834] INFO: Response received in 9015.957000ms
[2025-01-31 17:00:17.344215] INFO: File saved in 0.458000ms
[2025-01-31 17:00:17.843942] INFO: File saved to: /home/vc/kurotaka/objects/temp_82
[2025-01-31 17:00:18.628433] INFO: Execution permission granted to: /home/vc/kurotaka/objects/temp_82
[2025-01-31 17:00:18.913849] INFO: Executing command: /home/vc/kurotaka/objects/temp_82 69 128 1
[2025-01-31 17:00:24.480558] INFO: Command executed in 4716.270000ms
[2025-01-31 17:00:25.221370] INFO: Result saved to: /home/vc/kurotaka/results/result_82
[2025-01-31 17:00:26.069747] INFO: Second connection established in 0.156000ms
[2025-01-31 17:00:27.460782] INFO: Sending result upload request
[2025-01-31 17:00:28.306918] INFO: Second request sent in 0.025000ms
[2025-01-31 17:00:28.996357] INFO: Result uploaded in 0.049000ms
[2025-01-31 17:00:29.528574] INFO: Process completed successfully. Total execution time in 25869.138000ms

