
[2025-01-31 17:00:07.073873] INFO: Process started with ID: 34
[2025-01-31 17:00:08.020424] INFO: First connection established in 0.196000ms
[2025-01-31 17:00:09.109971] INFO: Sending request: GET /http_server/send-object.php?ID=34 HTTP/1.1
Host: 192.168.100.3
Connection: close


[2025-01-31 17:00:09.537421] INFO: First request sent in 0.038000ms
[2025-01-31 17:00:10.010661] INFO: Time from request to first response in 0.027000ms
[2025-01-31 17:00:10.693204] INFO: Received headers - MPI-Rank: 112, Group-ID: 1, Job-ID: 1, Sub-Job-ID: 113, Rank-Count: 128
[2025-01-31 17:00:11.203613] INFO: Receive loop #1 received 16384 bytes in 1165.049000ms
[2025-01-31 17:00:11.738792] INFO: Receive loop #2 received 16384 bytes in 0.070000ms
[2025-01-31 17:00:12.427884] INFO: Receive loop #3 received 16384 bytes in 0.090000ms
[2025-01-31 17:00:13.295388] INFO: Receive loop #4 received 16384 bytes in 0.108000ms
[2025-01-31 17:00:13.773668] INFO: Receive loop #5 received 16384 bytes in 0.029000ms
[2025-01-31 17:00:14.454493] INFO: Receive loop #6 received 16384 bytes in 0.031000ms
[2025-01-31 17:00:15.316295] INFO: Receive loop #7 received 16384 bytes in 0.029000ms
[2025-01-31 17:00:15.998505] INFO: Receive loop #8 received 16384 bytes in 0.235000ms
[2025-01-31 17:00:16.568067] INFO: Receive loop #9 received 16384 bytes in 0.028000ms
[2025-01-31 17:00:17.195172] INFO: Receive loop #10 received 16384 bytes in 0.028000ms
[2025-01-31 17:00:17.791409] INFO: Receive loop #11 received 16384 bytes in 0.030000ms
[2025-01-31 17:00:18.234455] INFO: Receive loop #12 received 7665 bytes in 0.022000ms
[2025-01-31 17:00:18.763129] INFO: Response received in 8608.472000ms
[2025-01-31 17:00:19.243233] INFO: File saved in 0.253000ms
[2025-01-31 17:00:19.649118] INFO: File saved to: /home/vc/kurotaka/objects/temp_34
[2025-01-31 17:00:19.921922] INFO: Execution permission granted to: /home/vc/kurotaka/objects/temp_34
[2025-01-31 17:00:20.119135] INFO: Executing command: /home/vc/kurotaka/objects/temp_34 112 128 1
[2025-01-31 17:00:22.826285] INFO: Command executed in 2443.158000ms
[2025-01-31 17:00:23.965468] INFO: Result saved to: /home/vc/kurotaka/results/result_34
[2025-01-31 17:00:25.017399] INFO: Second connection established in 0.207000ms
[2025-01-31 17:00:25.760828] INFO: Sending result upload request
[2025-01-31 17:00:26.986465] INFO: Second request sent in 0.034000ms
[2025-01-31 17:00:28.172136] INFO: Result uploaded in 0.058000ms
[2025-01-31 17:00:28.888133] INFO: Process completed successfully. Total execution time in 25145.711000ms

