
[2025-01-31 17:42:39] Program started at 2025-01-31 17:42:39.7695
[2025-01-31 17:42:39] [getClientID] MySQL connection established. Execution time: 0.192 ms
[2025-01-31 17:42:39] [getClientID] SELECT table_name FROM table_registry WHERE id = :job_id / Execution time: 0.287 ms
[2025-01-31 17:42:39] [getClientID] SELECT client FROM `matrix` WHERE id = :sub_job_id / Execution time: 0.165 ms
[2025-01-31 17:42:39] getClientID completed. Execution time: 0.829 ms
[2025-01-31 17:42:39] Read file completed. Execution time: 0.013 ms
[2025-01-31 17:42:39] File saved successfully: uploads/job_1/group_1/result_117
[2025-01-31 17:42:39] [updateStatus] MySQL connection established. Execution time: 0.111 ms
[2025-01-31 17:42:39] [updateStatus] SELECT table_name FROM table_registry WHERE id = :job_id FOR UPDATE / Execution time: 1.376 ms
[2025-01-31 17:42:39] [updateStatus] UPDATE `matrix` SET status = :status WHERE id = :sub_job_id / Execution time: 0.214 ms
[2025-01-31 17:42:39] [updateStatus] SELECT COUNT_RECORDS FROM `matrix` / Execution time: 0.747 ms
[2025-01-31 17:42:39] [updateStatus] UPDATE table_registry SET status = :status WHERE id = :job_id / Execution time: 0.164 ms
[2025-01-31 17:42:39] updateStatus completed. Execution time: 64.803 ms
[2025-01-31 17:42:39] Write file completed. Execution time: 65.205 ms
[2025-01-31 17:42:39] [getGroupStatus] MySQL connection established. Execution time: 0.086 ms
[2025-01-31 17:42:39] [getGroupStatus] SELECT table_name FROM table_registry WHERE id = :job_id / Execution time: 0.315 ms
[2025-01-31 17:42:39] [getGroupStatus] SELECT status FROM `matrix` WHERE group_id = :group_id / Execution time: 1.427 ms
[2025-01-31 17:42:39] getGroupStatus completed. Execution time: 2.014 ms
[2025-01-31 17:42:39] Group 1 is not completed yet.
[2025-01-31 17:42:39] Program completed. Total execution time: 70.812 ms

