
[2025-01-31 17:42:35] Program started at 2025-01-31 17:42:35.1314
[2025-01-31 17:42:35] [getClientID] MySQL connection established. Execution time: 0.367 ms
[2025-01-31 17:42:35] [getClientID] SELECT table_name FROM table_registry WHERE id = :job_id / Execution time: 0.481 ms
[2025-01-31 17:42:35] [getClientID] SELECT client FROM `matrix` WHERE id = :sub_job_id / Execution time: 0.280 ms
[2025-01-31 17:42:35] getClientID completed. Execution time: 1.334 ms
[2025-01-31 17:42:35] Read file completed. Execution time: 0.013 ms
[2025-01-31 17:42:35] File saved successfully: uploads/job_1/group_1/result_75
[2025-01-31 17:42:35] [updateStatus] MySQL connection established. Execution time: 0.119 ms
[2025-01-31 17:42:35] [updateStatus] SELECT table_name FROM table_registry WHERE id = :job_id FOR UPDATE / Execution time: 2.742 ms
[2025-01-31 17:42:35] [updateStatus] UPDATE `matrix` SET status = :status WHERE id = :sub_job_id / Execution time: 0.236 ms
[2025-01-31 17:42:35] [updateStatus] SELECT COUNT_RECORDS FROM `matrix` / Execution time: 0.963 ms
[2025-01-31 17:42:35] [updateStatus] UPDATE table_registry SET status = :status WHERE id = :job_id / Execution time: 0.180 ms
[2025-01-31 17:42:35] updateStatus completed. Execution time: 62.461 ms
[2025-01-31 17:42:35] Write file completed. Execution time: 62.865 ms
[2025-01-31 17:42:35] [getGroupStatus] MySQL connection established. Execution time: 0.086 ms
[2025-01-31 17:42:35] [getGroupStatus] SELECT table_name FROM table_registry WHERE id = :job_id / Execution time: 0.315 ms
[2025-01-31 17:42:35] [getGroupStatus] SELECT status FROM `matrix` WHERE group_id = :group_id / Execution time: 1.403 ms
[2025-01-31 17:42:35] getGroupStatus completed. Execution time: 1.979 ms
[2025-01-31 17:42:35] Group 1 is not completed yet.
[2025-01-31 17:42:35] Program completed. Total execution time: 68.958 ms

