
[2025-01-31 17:42:27] Program started at 2025-01-31 17:42:27.0059
[2025-01-31 17:42:27] [getClientID] MySQL connection established. Execution time: 0.271 ms
[2025-01-31 17:42:27] [getClientID] SELECT table_name FROM table_registry WHERE id = :job_id / Execution time: 0.287 ms
[2025-01-31 17:42:27] [getClientID] SELECT client FROM `matrix` WHERE id = :sub_job_id / Execution time: 0.177 ms
[2025-01-31 17:42:27] getClientID completed. Execution time: 1.012 ms
[2025-01-31 17:42:27] Read file completed. Execution time: 0.014 ms
[2025-01-31 17:42:27] File saved successfully: uploads/job_1/group_1/result_286
[2025-01-31 17:42:27] [updateStatus] MySQL connection established. Execution time: 0.105 ms
[2025-01-31 17:42:27] [updateStatus] SELECT table_name FROM table_registry WHERE id = :job_id FOR UPDATE / Execution time: 1.584 ms
[2025-01-31 17:42:27] [updateStatus] UPDATE `matrix` SET status = :status WHERE id = :sub_job_id / Execution time: 0.189 ms
[2025-01-31 17:42:27] [updateStatus] SELECT COUNT_RECORDS FROM `matrix` / Execution time: 0.519 ms
[2025-01-31 17:42:27] [updateStatus] UPDATE table_registry SET status = :status WHERE id = :job_id / Execution time: 0.123 ms
[2025-01-31 17:42:27] updateStatus completed. Execution time: 67.526 ms
[2025-01-31 17:42:27] Write file completed. Execution time: 67.916 ms
[2025-01-31 17:42:27] [getGroupStatus] MySQL connection established. Execution time: 0.091 ms
[2025-01-31 17:42:27] [getGroupStatus] SELECT table_name FROM table_registry WHERE id = :job_id / Execution time: 0.300 ms
[2025-01-31 17:42:27] [getGroupStatus] SELECT status FROM `matrix` WHERE group_id = :group_id / Execution time: 1.682 ms
[2025-01-31 17:42:27] getGroupStatus completed. Execution time: 2.327 ms
[2025-01-31 17:42:27] Group 1 is not completed yet.
[2025-01-31 17:42:27] Program completed. Total execution time: 73.814 ms

