
[2025-01-31 17:42:22] Program started at 2025-01-31 17:42:22.8214
[2025-01-31 17:42:22] [getClientID] MySQL connection established. Execution time: 0.312 ms
[2025-01-31 17:42:22] [getClientID] SELECT table_name FROM table_registry WHERE id = :job_id / Execution time: 0.640 ms
[2025-01-31 17:42:22] [getClientID] SELECT client FROM `matrix` WHERE id = :sub_job_id / Execution time: 0.229 ms
[2025-01-31 17:42:22] getClientID completed. Execution time: 1.352 ms
[2025-01-31 17:42:22] Read file completed. Execution time: 0.013 ms
[2025-01-31 17:42:22] File saved successfully: uploads/job_1/group_1/result_298
[2025-01-31 17:42:22] [updateStatus] MySQL connection established. Execution time: 0.115 ms
[2025-01-31 17:42:22] [updateStatus] SELECT table_name FROM table_registry WHERE id = :job_id FOR UPDATE / Execution time: 2.070 ms
[2025-01-31 17:42:22] [updateStatus] UPDATE `matrix` SET status = :status WHERE id = :sub_job_id / Execution time: 0.466 ms
[2025-01-31 17:42:22] [updateStatus] SELECT COUNT_RECORDS FROM `matrix` / Execution time: 0.910 ms
[2025-01-31 17:42:22] [updateStatus] UPDATE table_registry SET status = :status WHERE id = :job_id / Execution time: 0.178 ms
[2025-01-31 17:42:22] updateStatus completed. Execution time: 5.269 ms
[2025-01-31 17:42:22] Write file completed. Execution time: 5.554 ms
[2025-01-31 17:42:22] [getGroupStatus] MySQL connection established. Execution time: 0.043 ms
[2025-01-31 17:42:22] [getGroupStatus] SELECT table_name FROM table_registry WHERE id = :job_id / Execution time: 0.219 ms
[2025-01-31 17:42:22] [getGroupStatus] SELECT status FROM `matrix` WHERE group_id = :group_id / Execution time: 1.220 ms
[2025-01-31 17:42:22] getGroupStatus completed. Execution time: 1.635 ms
[2025-01-31 17:42:22] Group 1 is not completed yet.
[2025-01-31 17:42:22] Program completed. Total execution time: 11.283 ms

