
[2025-01-31 17:42:29] Program started at 2025-01-31 17:42:29.1691
[2025-01-31 17:42:29] [getClientID] MySQL connection established. Execution time: 0.380 ms
[2025-01-31 17:42:29] [getClientID] SELECT table_name FROM table_registry WHERE id = :job_id / Execution time: 0.472 ms
[2025-01-31 17:42:29] [getClientID] SELECT client FROM `matrix` WHERE id = :sub_job_id / Execution time: 0.231 ms
[2025-01-31 17:42:29] getClientID completed. Execution time: 1.262 ms
[2025-01-31 17:42:29] Read file completed. Execution time: 0.014 ms
[2025-01-31 17:42:29] File saved successfully: uploads/job_1/group_1/result_78
[2025-01-31 17:42:29] [updateStatus] MySQL connection established. Execution time: 0.124 ms
[2025-01-31 17:42:29] [updateStatus] SELECT table_name FROM table_registry WHERE id = :job_id FOR UPDATE / Execution time: 0.223 ms
[2025-01-31 17:42:29] [updateStatus] UPDATE `matrix` SET status = :status WHERE id = :sub_job_id / Execution time: 0.239 ms
[2025-01-31 17:42:29] [updateStatus] SELECT COUNT_RECORDS FROM `matrix` / Execution time: 0.882 ms
[2025-01-31 17:42:29] [updateStatus] UPDATE table_registry SET status = :status WHERE id = :job_id / Execution time: 0.201 ms
[2025-01-31 17:42:29] updateStatus completed. Execution time: 30.772 ms
[2025-01-31 17:42:29] Write file completed. Execution time: 31.140 ms
[2025-01-31 17:42:29] [getGroupStatus] MySQL connection established. Execution time: 0.078 ms
[2025-01-31 17:42:29] [getGroupStatus] SELECT table_name FROM table_registry WHERE id = :job_id / Execution time: 0.272 ms
[2025-01-31 17:42:29] [getGroupStatus] SELECT status FROM `matrix` WHERE group_id = :group_id / Execution time: 1.299 ms
[2025-01-31 17:42:29] getGroupStatus completed. Execution time: 1.894 ms
[2025-01-31 17:42:29] Group 1 is not completed yet.
[2025-01-31 17:42:29] Program completed. Total execution time: 37.078 ms

