
[2025-01-31 16:26:07.858714] INFO: Process started with ID: 476
[2025-01-31 16:26:09.630313] INFO: First connection established in 0.122000ms
[2025-01-31 16:26:11.856830] INFO: Sending request: GET /http_server/send-object.php?ID=476 HTTP/1.1
Host: 192.168.100.3
Connection: close


[2025-01-31 16:26:14.431998] INFO: First request sent in 0.035000ms
[2025-01-31 16:26:16.647798] INFO: Time from request to first response in 0.033000ms
[2025-01-31 16:26:19.068721] INFO: Received headers - MPI-Rank: 339, Group-ID: 1, Job-ID: 1, Sub-Job-ID: 340, Rank-Count: 512
[2025-01-31 16:26:20.941383] INFO: Receive loop #1 received 16384 bytes in 4417.660000ms
[2025-01-31 16:26:22.574208] INFO: Receive loop #2 received 16384 bytes in 0.061000ms
[2025-01-31 16:26:24.304493] INFO: Receive loop #3 received 16384 bytes in 0.039000ms
[2025-01-31 16:26:25.887655] INFO: Receive loop #4 received 16384 bytes in 0.115000ms
[2025-01-31 16:26:27.751798] INFO: Receive loop #5 received 16384 bytes in 0.029000ms
[2025-01-31 16:26:30.213713] INFO: Receive loop #6 received 16384 bytes in 0.029000ms
[2025-01-31 16:26:31.819924] INFO: Receive loop #7 received 16384 bytes in 0.025000ms
[2025-01-31 16:26:35.034786] INFO: Receive loop #8 received 16384 bytes in 0.265000ms
[2025-01-31 16:26:37.509312] INFO: Receive loop #9 received 16384 bytes in 0.031000ms
[2025-01-31 16:26:39.594865] INFO: Receive loop #10 received 16384 bytes in 0.029000ms
[2025-01-31 16:26:41.256921] INFO: Receive loop #11 received 16384 bytes in 0.007000ms
[2025-01-31 16:26:42.435855] INFO: Receive loop #12 received 7665 bytes in 0.023000ms
[2025-01-31 16:26:43.646976] INFO: Response received in 27150.846000ms
[2025-01-31 16:26:44.794355] INFO: File saved in 0.498000ms
[2025-01-31 16:26:46.897473] INFO: File saved to: /home/vc/kurotaka/objects/temp_476
[2025-01-31 16:26:49.390446] INFO: Execution permission granted to: /home/vc/kurotaka/objects/temp_476
[2025-01-31 16:26:50.828178] INFO: Executing command: /home/vc/kurotaka/objects/temp_476 339 512 1
[2025-01-31 16:27:23.461473] INFO: Command executed in 31661.704000ms
[2025-01-31 16:27:25.520228] INFO: Result saved to: /home/vc/kurotaka/results/result_476
[2025-01-31 16:27:28.238384] INFO: Second connection established in 0.201000ms
[2025-01-31 16:27:32.348004] INFO: Sending result upload request
[2025-01-31 16:27:36.597276] INFO: Second request sent in 0.031000ms
[2025-01-31 16:27:40.327619] INFO: Result uploaded in 0.056000ms
[2025-01-31 16:27:43.556781] INFO: Process completed successfully. Total execution time in 2m 7589.056000ms

