
[2025-01-31 16:25:46.304233] INFO: Process started with ID: 54
[2025-01-31 16:25:47.744546] INFO: First connection established in 0.130000ms
[2025-01-31 16:25:50.190724] INFO: Sending request: GET /http_server/send-object.php?ID=54 HTTP/1.1
Host: 192.168.100.3
Connection: close


[2025-01-31 16:25:52.091973] INFO: First request sent in 0.034000ms
[2025-01-31 16:25:54.228270] INFO: Time from request to first response in 0.030000ms
[2025-01-31 16:25:56.349833] INFO: Received headers - MPI-Rank: 210, Group-ID: 1, Job-ID: 1, Sub-Job-ID: 211, Rank-Count: 512
[2025-01-31 16:25:59.002643] INFO: Receive loop #1 received 16384 bytes in 4623.689000ms
[2025-01-31 16:26:01.263645] INFO: Receive loop #2 received 16384 bytes in 0.076000ms
[2025-01-31 16:26:03.226077] INFO: Receive loop #3 received 16384 bytes in 0.085000ms
[2025-01-31 16:26:04.903959] INFO: Receive loop #4 received 16384 bytes in 0.022000ms
[2025-01-31 16:26:06.387222] INFO: Receive loop #5 received 16384 bytes in 0.030000ms
[2025-01-31 16:26:08.446902] INFO: Receive loop #6 received 16384 bytes in 0.029000ms
[2025-01-31 16:26:10.707799] INFO: Receive loop #7 received 16384 bytes in 0.005000ms
[2025-01-31 16:26:13.067338] INFO: Receive loop #8 received 16384 bytes in 0.255000ms
[2025-01-31 16:26:15.186548] INFO: Receive loop #9 received 16384 bytes in 0.036000ms
[2025-01-31 16:26:17.639938] INFO: Receive loop #10 received 16384 bytes in 0.005000ms
[2025-01-31 16:26:19.844510] INFO: Receive loop #11 received 16384 bytes in 0.006000ms
[2025-01-31 16:26:21.780844] INFO: Receive loop #12 received 7665 bytes in 0.008000ms
[2025-01-31 16:26:23.436171] INFO: Response received in 29093.478000ms
[2025-01-31 16:26:25.210348] INFO: File saved in 0.291000ms
[2025-01-31 16:26:26.997052] INFO: File saved to: /home/vc/kurotaka/objects/temp_54
[2025-01-31 16:26:29.321669] INFO: Execution permission granted to: /home/vc/kurotaka/objects/temp_54
[2025-01-31 16:26:30.981112] INFO: Executing command: /home/vc/kurotaka/objects/temp_54 210 512 1
[2025-01-31 16:27:19.716240] INFO: Command executed in 47210.608000ms
[2025-01-31 16:27:21.401237] INFO: Result saved to: /home/vc/kurotaka/results/result_54
[2025-01-31 16:27:23.320687] INFO: Second connection established in 0.143000ms
[2025-01-31 16:27:25.732513] INFO: Sending result upload request
[2025-01-31 16:27:28.569765] INFO: Second request sent in 0.025000ms
[2025-01-31 16:27:32.745599] INFO: Result uploaded in 0.058000ms
[2025-01-31 16:27:37.163512] INFO: Process completed successfully. Total execution time in 2m 223.487000ms

