
[2025-01-31 16:26:23.492573] INFO: Process started with ID: 457
[2025-01-31 16:26:25.271144] INFO: First connection established in 0.174000ms
[2025-01-31 16:26:27.092756] INFO: Sending request: GET /http_server/send-object.php?ID=457 HTTP/1.1
Host: 192.168.100.3
Connection: close


[2025-01-31 16:26:29.823047] INFO: First request sent in 0.037000ms
[2025-01-31 16:26:31.459836] INFO: Time from request to first response in 0.031000ms
[2025-01-31 16:26:32.937502] INFO: Received headers - MPI-Rank: 434, Group-ID: 1, Job-ID: 1, Sub-Job-ID: 435, Rank-Count: 512
[2025-01-31 16:26:35.175316] INFO: Receive loop #1 received 16384 bytes in 3988.170000ms
[2025-01-31 16:26:37.873739] INFO: Receive loop #2 received 16384 bytes in 0.066000ms
[2025-01-31 16:26:39.955705] INFO: Receive loop #3 received 16384 bytes in 0.078000ms
[2025-01-31 16:26:42.177680] INFO: Receive loop #4 received 16384 bytes in 0.030000ms
[2025-01-31 16:26:43.525243] INFO: Receive loop #5 received 16384 bytes in 0.010000ms
[2025-01-31 16:26:44.794074] INFO: Receive loop #6 received 16384 bytes in 0.035000ms
[2025-01-31 16:26:46.897205] INFO: Receive loop #7 received 16384 bytes in 0.028000ms
[2025-01-31 16:26:49.008467] INFO: Receive loop #8 received 16384 bytes in 0.254000ms
[2025-01-31 16:26:50.379139] INFO: Receive loop #9 received 16384 bytes in 0.030000ms
[2025-01-31 16:26:51.396005] INFO: Receive loop #10 received 16384 bytes in 0.008000ms
[2025-01-31 16:26:52.412080] INFO: Receive loop #11 received 16384 bytes in 0.006000ms
[2025-01-31 16:26:54.038540] INFO: Receive loop #12 received 7665 bytes in 0.022000ms
[2025-01-31 16:26:55.327958] INFO: Response received in 23734.989000ms
[2025-01-31 16:26:56.900704] INFO: File saved in 0.493000ms
[2025-01-31 16:26:58.200326] INFO: File saved to: /home/vc/kurotaka/objects/temp_457
[2025-01-31 16:26:59.896379] INFO: Execution permission granted to: /home/vc/kurotaka/objects/temp_457
[2025-01-31 16:27:01.085719] INFO: Executing command: /home/vc/kurotaka/objects/temp_457 434 512 1
[2025-01-31 16:27:23.071936] INFO: Command executed in 20837.389000ms
[2025-01-31 16:27:25.086297] INFO: Result saved to: /home/vc/kurotaka/results/result_457
[2025-01-31 16:27:27.176879] INFO: Second connection established in 0.189000ms
[2025-01-31 16:27:31.522840] INFO: Sending result upload request
[2025-01-31 16:27:35.471782] INFO: Second request sent in 0.027000ms
[2025-01-31 16:27:39.438616] INFO: Result uploaded in 0.054000ms
[2025-01-31 16:27:43.038375] INFO: Process completed successfully. Total execution time in 2m 6994.244000ms

