
[2025-01-31 16:25:48.046584] INFO: Process started with ID: 16
[2025-01-31 16:25:50.462880] INFO: First connection established in 0.284000ms
[2025-01-31 16:25:52.902606] INFO: Sending request: GET /http_server/send-object.php?ID=16 HTTP/1.1
Host: 192.168.100.3
Connection: close


[2025-01-31 16:25:54.675927] INFO: First request sent in 0.033000ms
[2025-01-31 16:25:56.695219] INFO: Time from request to first response in 0.032000ms
[2025-01-31 16:25:59.270117] INFO: Received headers - MPI-Rank: 225, Group-ID: 1, Job-ID: 1, Sub-Job-ID: 226, Rank-Count: 512
[2025-01-31 16:26:01.525097] INFO: Receive loop #1 received 16384 bytes in 4684.997000ms
[2025-01-31 16:26:03.519332] INFO: Receive loop #2 received 16384 bytes in 0.068000ms
[2025-01-31 16:26:05.803933] INFO: Receive loop #3 received 16384 bytes in 0.101000ms
[2025-01-31 16:26:07.857336] INFO: Receive loop #4 received 16384 bytes in 0.111000ms
[2025-01-31 16:26:09.628757] INFO: Receive loop #5 received 16384 bytes in 0.044000ms
[2025-01-31 16:26:11.856086] INFO: Receive loop #6 received 16384 bytes in 0.031000ms
[2025-01-31 16:26:14.401996] INFO: Receive loop #7 received 16384 bytes in 0.031000ms
[2025-01-31 16:26:16.645480] INFO: Receive loop #8 received 16384 bytes in 0.315000ms
[2025-01-31 16:26:19.046786] INFO: Receive loop #9 received 16384 bytes in 0.033000ms
[2025-01-31 16:26:20.917717] INFO: Receive loop #10 received 16384 bytes in 0.031000ms
[2025-01-31 16:26:22.572565] INFO: Receive loop #11 received 16384 bytes in 0.036000ms
[2025-01-31 16:26:24.303559] INFO: Receive loop #12 received 7665 bytes in 0.020000ms
[2025-01-31 16:26:25.887052] INFO: Response received in 29238.260000ms
[2025-01-31 16:26:27.727124] INFO: File saved in 0.467000ms
[2025-01-31 16:26:30.124005] INFO: File saved to: /home/vc/kurotaka/objects/temp_16
[2025-01-31 16:26:31.669421] INFO: Execution permission granted to: /home/vc/kurotaka/objects/temp_16
[2025-01-31 16:26:33.198621] INFO: Executing command: /home/vc/kurotaka/objects/temp_16 225 512 1
[2025-01-31 16:27:27.583480] INFO: Command executed in 51533.233000ms
[2025-01-31 16:27:31.976400] INFO: Result saved to: /home/vc/kurotaka/results/result_16
[2025-01-31 16:27:35.808794] INFO: Second connection established in 0.277000ms
[2025-01-31 16:27:39.809863] INFO: Sending result upload request
[2025-01-31 16:27:43.224126] INFO: Second request sent in 0.004000ms
[2025-01-31 16:27:46.239598] INFO: Result uploaded in 0.010000ms
[2025-01-31 16:27:47.909593] INFO: Process completed successfully. Total execution time in 2m 12044.410000ms

