
[2025-01-31 16:25:36.808976] INFO: Process started with ID: 503
[2025-01-31 16:25:37.344497] INFO: First connection established in 0.244000ms
[2025-01-31 16:25:38.162208] INFO: Sending request: GET /http_server/send-object.php?ID=503 HTTP/1.1
Host: 192.168.100.3
Connection: close


[2025-01-31 16:25:38.758341] INFO: First request sent in 0.035000ms
[2025-01-31 16:25:40.003550] INFO: Time from request to first response in 0.030000ms
[2025-01-31 16:25:41.309840] INFO: Received headers - MPI-Rank: 94, Group-ID: 1, Job-ID: 1, Sub-Job-ID: 95, Rank-Count: 512
[2025-01-31 16:25:42.627702] INFO: Receive loop #1 received 16384 bytes in 2683.449000ms
[2025-01-31 16:25:43.977024] INFO: Receive loop #2 received 16384 bytes in 0.074000ms
[2025-01-31 16:25:45.409681] INFO: Receive loop #3 received 16384 bytes in 0.075000ms
[2025-01-31 16:25:46.304146] INFO: Receive loop #4 received 16384 bytes in 0.108000ms
[2025-01-31 16:25:47.636426] INFO: Receive loop #5 received 16384 bytes in 0.030000ms
[2025-01-31 16:25:50.088412] INFO: Receive loop #6 received 16384 bytes in 0.028000ms
[2025-01-31 16:25:51.923376] INFO: Receive loop #7 received 16384 bytes in 0.033000ms
[2025-01-31 16:25:53.971457] INFO: Receive loop #8 received 16384 bytes in 0.257000ms
[2025-01-31 16:25:56.242984] INFO: Receive loop #9 received 16384 bytes in 0.033000ms
[2025-01-31 16:25:58.919670] INFO: Receive loop #10 received 16384 bytes in 0.028000ms
[2025-01-31 16:26:01.038785] INFO: Receive loop #11 received 16384 bytes in 0.029000ms
[2025-01-31 16:26:03.131389] INFO: Receive loop #12 received 7663 bytes in 0.019000ms
[2025-01-31 16:26:04.846148] INFO: Response received in 24792.633000ms
[2025-01-31 16:26:06.371693] INFO: File saved in 0.474000ms
[2025-01-31 16:26:08.369042] INFO: File saved to: /home/vc/kurotaka/objects/temp_503
[2025-01-31 16:26:10.971394] INFO: Execution permission granted to: /home/vc/kurotaka/objects/temp_503
[2025-01-31 16:26:13.517751] INFO: Executing command: /home/vc/kurotaka/objects/temp_503 94 512 1
[2025-01-31 16:27:26.662153] INFO: Command executed in 1m 11534.397000ms
[2025-01-31 16:27:30.239358] INFO: Result saved to: /home/vc/kurotaka/results/result_503
[2025-01-31 16:27:34.831064] INFO: Second connection established in 0.144000ms
[2025-01-31 16:27:38.826230] INFO: Sending result upload request
[2025-01-31 16:27:42.586926] INFO: Second request sent in 0.004000ms
[2025-01-31 16:27:45.419247] INFO: Result uploaded in 0.012000ms
[2025-01-31 16:27:48.067112] INFO: Process completed successfully. Total execution time in 2m 11860.250000ms

