
[2025-01-31 16:25:38.045843] INFO: Process started with ID: 48
[2025-01-31 16:25:38.567500] INFO: First connection established in 0.266000ms
[2025-01-31 16:25:39.420373] INFO: Sending request: GET /http_server/send-object.php?ID=48 HTTP/1.1
Host: 192.168.100.3
Connection: close


[2025-01-31 16:25:41.133839] INFO: First request sent in 0.039000ms
[2025-01-31 16:25:42.261944] INFO: Time from request to first response in 0.031000ms
[2025-01-31 16:25:43.673994] INFO: Received headers - MPI-Rank: 117, Group-ID: 1, Job-ID: 1, Sub-Job-ID: 118, Rank-Count: 512
[2025-01-31 16:25:44.930696] INFO: Receive loop #1 received 16384 bytes in 2779.398000ms
[2025-01-31 16:25:46.049187] INFO: Receive loop #2 received 16384 bytes in 0.059000ms
[2025-01-31 16:25:47.426012] INFO: Receive loop #3 received 16384 bytes in 0.079000ms
[2025-01-31 16:25:49.282141] INFO: Receive loop #4 received 16384 bytes in 0.132000ms
[2025-01-31 16:25:51.192525] INFO: Receive loop #5 received 16384 bytes in 0.034000ms
[2025-01-31 16:25:53.491764] INFO: Receive loop #6 received 16384 bytes in 0.029000ms
[2025-01-31 16:25:55.829238] INFO: Receive loop #7 received 16384 bytes in 0.026000ms
[2025-01-31 16:25:57.939327] INFO: Receive loop #8 received 16384 bytes in 0.244000ms
[2025-01-31 16:26:00.201456] INFO: Receive loop #9 received 16384 bytes in 0.029000ms
[2025-01-31 16:26:02.312451] INFO: Receive loop #10 received 16384 bytes in 0.008000ms
[2025-01-31 16:26:04.194863] INFO: Receive loop #11 received 16384 bytes in 0.034000ms
[2025-01-31 16:26:05.831288] INFO: Receive loop #12 received 7665 bytes in 0.021000ms
[2025-01-31 16:26:07.858230] INFO: Response received in 25407.250000ms
[2025-01-31 16:26:09.629825] INFO: File saved in 0.469000ms
[2025-01-31 16:26:11.856509] INFO: File saved to: /home/vc/kurotaka/objects/temp_48
[2025-01-31 16:26:14.431698] INFO: Execution permission granted to: /home/vc/kurotaka/objects/temp_48
[2025-01-31 16:26:16.646616] INFO: Executing command: /home/vc/kurotaka/objects/temp_48 117 512 1
[2025-01-31 16:27:22.913684] INFO: Command executed in 1m 3960.852000ms
[2025-01-31 16:27:25.319708] INFO: Result saved to: /home/vc/kurotaka/results/result_48
[2025-01-31 16:27:27.804791] INFO: Second connection established in 0.180000ms
[2025-01-31 16:27:32.172061] INFO: Sending result upload request
[2025-01-31 16:27:36.173911] INFO: Second request sent in 0.025000ms
[2025-01-31 16:27:40.145225] INFO: Result uploaded in 0.055000ms
[2025-01-31 16:27:43.438189] INFO: Process completed successfully. Total execution time in 2m 7491.725000ms

