
[2025-01-31 16:26:33.139723] INFO: Process started with ID: 7
[2025-01-31 16:26:36.115921] INFO: First connection established in 0.262000ms
[2025-01-31 16:26:38.100184] INFO: Sending request: GET /http_server/send-object.php?ID=7 HTTP/1.1
Host: 192.168.100.3
Connection: close


[2025-01-31 16:26:39.738625] INFO: First request sent in 0.026000ms
[2025-01-31 16:26:41.297867] INFO: Time from request to first response in 0.029000ms
[2025-01-31 16:26:42.493352] INFO: Received headers - MPI-Rank: 501, Group-ID: 1, Job-ID: 1, Sub-Job-ID: 502, Rank-Count: 512
[2025-01-31 16:26:43.861036] INFO: Receive loop #1 received 16384 bytes in 2447.824000ms
[2025-01-31 16:26:45.036180] INFO: Receive loop #2 received 16384 bytes in 0.056000ms
[2025-01-31 16:26:47.012240] INFO: Receive loop #3 received 16384 bytes in 0.076000ms
[2025-01-31 16:26:49.059108] INFO: Receive loop #4 received 16384 bytes in 0.118000ms
[2025-01-31 16:26:50.305586] INFO: Receive loop #5 received 16384 bytes in 0.029000ms
[2025-01-31 16:26:51.276981] INFO: Receive loop #6 received 16384 bytes in 0.007000ms
[2025-01-31 16:26:52.412198] INFO: Receive loop #7 received 16384 bytes in 0.009000ms
[2025-01-31 16:26:53.606086] INFO: Receive loop #8 received 16384 bytes in 0.290000ms
[2025-01-31 16:26:54.779589] INFO: Receive loop #9 received 16384 bytes in 0.009000ms
[2025-01-31 16:26:56.109030] INFO: Receive loop #10 received 16384 bytes in 0.007000ms
[2025-01-31 16:26:57.644228] INFO: Receive loop #11 received 16384 bytes in 0.035000ms
[2025-01-31 16:26:58.916092] INFO: Receive loop #12 received 7665 bytes in 0.019000ms
[2025-01-31 16:27:00.097703] INFO: Response received in 18427.807000ms
[2025-01-31 16:27:01.085964] INFO: File saved in 0.106000ms
[2025-01-31 16:27:02.985043] INFO: File saved to: /home/vc/kurotaka/objects/temp_7
[2025-01-31 16:27:05.129490] INFO: Execution permission granted to: /home/vc/kurotaka/objects/temp_7
[2025-01-31 16:27:06.452803] INFO: Executing command: /home/vc/kurotaka/objects/temp_7 501 512 1
[2025-01-31 16:27:19.792597] INFO: Command executed in 12739.506000ms
[2025-01-31 16:27:21.628080] INFO: Result saved to: /home/vc/kurotaka/results/result_7
[2025-01-31 16:27:23.687363] INFO: Second connection established in 0.218000ms
[2025-01-31 16:27:26.008678] INFO: Sending result upload request
[2025-01-31 16:27:29.106439] INFO: Second request sent in 0.026000ms
[2025-01-31 16:27:33.381589] INFO: Result uploaded in 0.058000ms
[2025-01-31 16:27:37.768059] INFO: Process completed successfully. Total execution time in 2m 979.723000ms

