
[2025-01-31 16:26:22.523506] INFO: Process started with ID: 429
[2025-01-31 16:26:24.275363] INFO: First connection established in 0.295000ms
[2025-01-31 16:26:25.875419] INFO: Sending request: GET /http_server/send-object.php?ID=429 HTTP/1.1
Host: 192.168.100.3
Connection: close


[2025-01-31 16:26:27.672123] INFO: First request sent in 0.051000ms
[2025-01-31 16:26:30.072231] INFO: Time from request to first response in 0.031000ms
[2025-01-31 16:26:31.669204] INFO: Received headers - MPI-Rank: 426, Group-ID: 1, Job-ID: 1, Sub-Job-ID: 427, Rank-Count: 512
[2025-01-31 16:26:33.198359] INFO: Receive loop #1 received 16384 bytes in 3176.736000ms
[2025-01-31 16:26:35.457376] INFO: Receive loop #2 received 16384 bytes in 0.062000ms
[2025-01-31 16:26:37.845155] INFO: Receive loop #3 received 16384 bytes in 0.112000ms
[2025-01-31 16:26:39.822314] INFO: Receive loop #4 received 16384 bytes in 0.113000ms
[2025-01-31 16:26:41.317744] INFO: Receive loop #5 received 16384 bytes in 0.033000ms
[2025-01-31 16:26:42.576290] INFO: Receive loop #6 received 16384 bytes in 0.005000ms
[2025-01-31 16:26:44.165329] INFO: Receive loop #7 received 16384 bytes in 0.031000ms
[2025-01-31 16:26:46.148741] INFO: Receive loop #8 received 16384 bytes in 0.255000ms
[2025-01-31 16:26:47.951656] INFO: Receive loop #9 received 16384 bytes in 0.030000ms
[2025-01-31 16:26:49.425822] INFO: Receive loop #10 received 16384 bytes in 0.030000ms
[2025-01-31 16:26:50.957918] INFO: Receive loop #11 received 16384 bytes in 0.029000ms
[2025-01-31 16:26:51.977158] INFO: Receive loop #12 received 7665 bytes in 0.005000ms
[2025-01-31 16:26:53.017156] INFO: Response received in 22983.378000ms
[2025-01-31 16:26:54.636631] INFO: File saved in 0.456000ms
[2025-01-31 16:26:56.129570] INFO: File saved to: /home/vc/kurotaka/objects/temp_429
[2025-01-31 16:26:58.267384] INFO: Execution permission granted to: /home/vc/kurotaka/objects/temp_429
[2025-01-31 16:26:59.566295] INFO: Executing command: /home/vc/kurotaka/objects/temp_429 426 512 1
[2025-01-31 16:27:19.121374] INFO: Command executed in 18444.723000ms
[2025-01-31 16:27:21.444435] INFO: Result saved to: /home/vc/kurotaka/results/result_429
[2025-01-31 16:27:23.374125] INFO: Second connection established in 0.195000ms
[2025-01-31 16:27:25.445570] INFO: Sending result upload request
[2025-01-31 16:27:28.074103] INFO: Second request sent in 0.025000ms
[2025-01-31 16:27:32.212824] INFO: Result uploaded in 0.069000ms
[2025-01-31 16:27:36.262255] INFO: Process completed successfully. Total execution time in 1m 59677.590000ms

