
[2025-01-31 16:25:38.316122] INFO: Process started with ID: 424
[2025-01-31 16:25:38.935730] INFO: First connection established in 0.221000ms
[2025-01-31 16:25:40.522633] INFO: Sending request: GET /http_server/send-object.php?ID=424 HTTP/1.1
Host: 192.168.100.3
Connection: close


[2025-01-31 16:25:41.614034] INFO: First request sent in 0.038000ms
[2025-01-31 16:25:43.322726] INFO: Time from request to first response in 0.031000ms
[2025-01-31 16:25:44.312217] INFO: Received headers - MPI-Rank: 124, Group-ID: 1, Job-ID: 1, Sub-Job-ID: 125, Rank-Count: 512
[2025-01-31 16:25:45.636495] INFO: Receive loop #1 received 16384 bytes in 2713.505000ms
[2025-01-31 16:25:46.701391] INFO: Receive loop #2 received 16384 bytes in 0.066000ms
[2025-01-31 16:25:48.105131] INFO: Receive loop #3 received 16384 bytes in 0.108000ms
[2025-01-31 16:25:50.503239] INFO: Receive loop #4 received 16384 bytes in 0.111000ms
[2025-01-31 16:25:53.114378] INFO: Receive loop #5 received 16384 bytes in 0.037000ms
[2025-01-31 16:25:54.849054] INFO: Receive loop #6 received 16384 bytes in 0.032000ms
[2025-01-31 16:25:56.970287] INFO: Receive loop #7 received 16384 bytes in 0.031000ms
[2025-01-31 16:25:59.439117] INFO: Receive loop #8 received 16384 bytes in 0.240000ms
[2025-01-31 16:26:01.688221] INFO: Receive loop #9 received 16384 bytes in 0.026000ms
[2025-01-31 16:26:03.704810] INFO: Receive loop #10 received 16384 bytes in 0.034000ms
[2025-01-31 16:26:05.832297] INFO: Receive loop #11 received 16384 bytes in 0.029000ms
[2025-01-31 16:26:07.858305] INFO: Receive loop #12 received 7665 bytes in 0.021000ms
[2025-01-31 16:26:09.630006] INFO: Response received in 26562.473000ms
[2025-01-31 16:26:11.856868] INFO: File saved in 0.642000ms
[2025-01-31 16:26:14.432122] INFO: File saved to: /home/vc/kurotaka/objects/temp_424
[2025-01-31 16:26:16.648139] INFO: Execution permission granted to: /home/vc/kurotaka/objects/temp_424
[2025-01-31 16:26:19.069024] INFO: Executing command: /home/vc/kurotaka/objects/temp_424 124 512 1
[2025-01-31 16:27:18.697229] INFO: Command executed in 57904.044000ms
[2025-01-31 16:27:19.479965] INFO: Result saved to: /home/vc/kurotaka/results/result_424
[2025-01-31 16:27:22.342651] INFO: Second connection established in 0.199000ms
[2025-01-31 16:27:24.117994] INFO: Sending result upload request
[2025-01-31 16:27:26.044684] INFO: Second request sent in 0.030000ms
[2025-01-31 16:27:29.166924] INFO: Result uploaded in 0.057000ms
[2025-01-31 16:27:33.243026] INFO: Process completed successfully. Total execution time in 1m 56896.857000ms

