
[2025-01-31 18:02:04] Program started at 2025-01-31 18:02:04.6432
[2025-01-31 18:02:04] [getClientID] MySQL connection established. Execution time: 0.199 ms
[2025-01-31 18:02:04] [getClientID] SELECT table_name FROM table_registry WHERE id = :job_id / Execution time: 0.392 ms
[2025-01-31 18:02:04] [getClientID] SELECT client FROM `matrix` WHERE id = :sub_job_id / Execution time: 0.401 ms
[2025-01-31 18:02:04] getClientID completed. Execution time: 1.089 ms
[2025-01-31 18:02:04] Read file completed. Execution time: 0.008 ms
[2025-01-31 18:02:04] File saved successfully: uploads/job_1/group_1/result_165
[2025-01-31 18:02:04] [updateStatus] MySQL connection established. Execution time: 0.200 ms
[2025-01-31 18:02:04] [updateStatus] SELECT table_name FROM table_registry WHERE id = :job_id FOR UPDATE / Execution time: 0.305 ms
[2025-01-31 18:02:04] [updateStatus] UPDATE `matrix` SET status = :status WHERE id = :sub_job_id / Execution time: 0.254 ms
[2025-01-31 18:02:04] [updateStatus] SELECT COUNT_RECORDS FROM `matrix` / Execution time: 0.701 ms
[2025-01-31 18:02:04] [updateStatus] UPDATE table_registry SET status = :status WHERE id = :job_id / Execution time: 0.188 ms
[2025-01-31 18:02:05] updateStatus completed. Execution time: 325.437 ms
[2025-01-31 18:02:05] Write file completed. Execution time: 328.871 ms
[2025-01-31 18:02:05] [getGroupStatus] MySQL connection established. Execution time: 0.086 ms
[2025-01-31 18:02:05] [getGroupStatus] SELECT table_name FROM table_registry WHERE id = :job_id / Execution time: 0.360 ms
[2025-01-31 18:02:05] [getGroupStatus] SELECT status FROM `matrix` WHERE group_id = :group_id / Execution time: 0.798 ms
[2025-01-31 18:02:05] getGroupStatus completed. Execution time: 1.431 ms
[2025-01-31 18:02:05] Group 1 is not completed yet.
[2025-01-31 18:02:05] Program completed. Total execution time: 407.229 ms

