
[2025-01-31 12:37:54] Program started at 2025-01-31 12:37:54.2076
[2025-01-31 12:37:54] [getClientID] MySQL connection established. Execution time: 0.177 ms
[2025-01-31 12:37:54] [getClientID] SELECT table_name FROM table_registry WHERE id = :job_id / Execution time: 0.329 ms
[2025-01-31 12:37:54] [getClientID] SELECT client FROM `matrix` WHERE id = :sub_job_id / Execution time: 0.219 ms
[2025-01-31 12:37:54] getClientID completed. Execution time: 0.923 ms
[2025-01-31 12:37:54] Read file completed. Execution time: 0.015 ms
[2025-01-31 12:37:54] File saved successfully: uploads/job_1/group_1/result_16
[2025-01-31 12:37:54] [updateStatus] MySQL connection established. Execution time: 0.124 ms
[2025-01-31 12:37:54] [updateStatus] SELECT table_name FROM table_registry WHERE id = :job_id FOR UPDATE / Execution time: 203.647 ms
[2025-01-31 12:37:54] [updateStatus] UPDATE `matrix` SET status = :status WHERE id = :sub_job_id / Execution time: 0.307 ms
[2025-01-31 12:37:54] [updateStatus] SELECT COUNT_RECORDS FROM `matrix` / Execution time: 0.328 ms
[2025-01-31 12:37:54] [updateStatus] UPDATE table_registry SET status = :status WHERE id = :job_id / Execution time: 0.187 ms
[2025-01-31 12:37:54] updateStatus completed. Execution time: 243.885 ms
[2025-01-31 12:37:54] Write file completed. Execution time: 244.208 ms
[2025-01-31 12:37:54] [getGroupStatus] MySQL connection established. Execution time: 0.082 ms
[2025-01-31 12:37:54] [getGroupStatus] SELECT table_name FROM table_registry WHERE id = :job_id / Execution time: 0.416 ms
[2025-01-31 12:37:54] [getGroupStatus] SELECT status FROM `matrix` WHERE group_id = :group_id / Execution time: 0.500 ms
[2025-01-31 12:37:54] getGroupStatus completed. Execution time: 1.145 ms
[2025-01-31 12:37:54] Merge request completed. Execution time (not actual merge.php execution time, but just request): 4.346 ms
[2025-01-31 12:37:54] Program completed. Total execution time: 253.429 ms

