
[2025-01-31 16:59:02.523826] INFO: Process started with ID: 30
[2025-01-31 16:59:02.672425] INFO: First connection established in 0.227000ms
[2025-01-31 16:59:02.812195] INFO: Sending request: GET /http_server/send-object.php?ID=30 HTTP/1.1
Host: 192.168.100.3
Connection: close


[2025-01-31 16:59:02.946737] INFO: First request sent in 0.033000ms
[2025-01-31 16:59:03.067026] INFO: Time from request to first response in 0.030000ms
[2025-01-31 16:59:03.170064] INFO: Received headers - MPI-Rank: 21, Group-ID: 1, Job-ID: 1, Sub-Job-ID: 22, Rank-Count: 32
[2025-01-31 16:59:03.320261] INFO: Receive loop #1 received 16384 bytes in 286.229000ms
[2025-01-31 16:59:03.493882] INFO: Receive loop #2 received 16384 bytes in 0.060000ms
[2025-01-31 16:59:03.653498] INFO: Receive loop #3 received 16384 bytes in 0.076000ms
[2025-01-31 16:59:03.765123] INFO: Receive loop #4 received 16384 bytes in 0.109000ms
[2025-01-31 16:59:03.911422] INFO: Receive loop #5 received 16384 bytes in 0.029000ms
[2025-01-31 16:59:04.079377] INFO: Receive loop #6 received 16384 bytes in 0.032000ms
[2025-01-31 16:59:04.226331] INFO: Receive loop #7 received 16384 bytes in 0.029000ms
[2025-01-31 16:59:04.347667] INFO: Receive loop #8 received 16384 bytes in 0.243000ms
[2025-01-31 16:59:04.514665] INFO: Receive loop #9 received 16384 bytes in 0.028000ms
[2025-01-31 16:59:04.640245] INFO: Receive loop #10 received 16384 bytes in 0.028000ms
[2025-01-31 16:59:04.776772] INFO: Receive loop #11 received 16384 bytes in 0.028000ms
[2025-01-31 16:59:04.923356] INFO: Receive loop #12 received 7662 bytes in 0.018000ms
[2025-01-31 16:59:05.068556] INFO: Response received in 1977.398000ms
[2025-01-31 16:59:05.214040] INFO: File saved in 0.465000ms
[2025-01-31 16:59:05.396711] INFO: File saved to: /home/vc/kurotaka/objects/temp_30
[2025-01-31 16:59:05.614369] INFO: Execution permission granted to: /home/vc/kurotaka/objects/temp_30
[2025-01-31 16:59:05.713026] INFO: Executing command: /home/vc/kurotaka/objects/temp_30 21 32 1
[2025-01-31 16:59:07.307902] INFO: Command executed in 1493.169000ms
[2025-01-31 16:59:07.358037] INFO: Result saved to: /home/vc/kurotaka/results/result_30
[2025-01-31 16:59:07.475933] INFO: Second connection established in 0.201000ms
[2025-01-31 16:59:07.573599] INFO: Sending result upload request
[2025-01-31 16:59:07.702381] INFO: Second request sent in 0.025000ms
[2025-01-31 16:59:07.874196] INFO: Result uploaded in 0.052000ms
[2025-01-31 16:59:08.063095] INFO: Process completed successfully. Total execution time in 5497.361000ms

