
[2025-01-31 16:59:02.467409] INFO: Process started with ID: 22
[2025-01-31 16:59:02.635778] INFO: First connection established in 0.171000ms
[2025-01-31 16:59:02.745002] INFO: Sending request: GET /http_server/send-object.php?ID=22 HTTP/1.1
Host: 192.168.100.3
Connection: close


[2025-01-31 16:59:02.874682] INFO: First request sent in 0.034000ms
[2025-01-31 16:59:02.989632] INFO: Time from request to first response in 0.030000ms
[2025-01-31 16:59:03.106046] INFO: Received headers - MPI-Rank: 9, Group-ID: 1, Job-ID: 1, Sub-Job-ID: 10, Rank-Count: 32
[2025-01-31 16:59:03.289753] INFO: Receive loop #1 received 16384 bytes in 284.048000ms
[2025-01-31 16:59:03.435233] INFO: Receive loop #2 received 16384 bytes in 0.089000ms
[2025-01-31 16:59:03.583076] INFO: Receive loop #3 received 16384 bytes in 0.090000ms
[2025-01-31 16:59:03.719609] INFO: Receive loop #4 received 16384 bytes in 0.134000ms
[2025-01-31 16:59:03.882898] INFO: Receive loop #5 received 16384 bytes in 0.029000ms
[2025-01-31 16:59:04.040978] INFO: Receive loop #6 received 16384 bytes in 0.036000ms
[2025-01-31 16:59:04.192813] INFO: Receive loop #7 received 16384 bytes in 0.037000ms
[2025-01-31 16:59:04.372158] INFO: Receive loop #8 received 16384 bytes in 0.303000ms
[2025-01-31 16:59:04.514666] INFO: Receive loop #9 received 16384 bytes in 0.029000ms
[2025-01-31 16:59:04.640060] INFO: Receive loop #10 received 16384 bytes in 0.004000ms
[2025-01-31 16:59:04.742883] INFO: Receive loop #11 received 16384 bytes in 0.028000ms
[2025-01-31 16:59:04.887209] INFO: Receive loop #12 received 7661 bytes in 0.020000ms
[2025-01-31 16:59:05.029328] INFO: Response received in 2032.560000ms
[2025-01-31 16:59:05.151949] INFO: File saved in 0.660000ms
[2025-01-31 16:59:05.350975] INFO: File saved to: /home/vc/kurotaka/objects/temp_22
[2025-01-31 16:59:05.542998] INFO: Execution permission granted to: /home/vc/kurotaka/objects/temp_22
[2025-01-31 16:59:05.703622] INFO: Executing command: /home/vc/kurotaka/objects/temp_22 9 32 1
[2025-01-31 16:59:07.562778] INFO: Command executed in 1710.661000ms
[2025-01-31 16:59:07.684951] INFO: Result saved to: /home/vc/kurotaka/results/result_22
[2025-01-31 16:59:07.808771] INFO: Second connection established in 0.198000ms
[2025-01-31 16:59:07.933985] INFO: Sending result upload request
[2025-01-31 16:59:08.212130] INFO: Second request sent in 0.027000ms
[2025-01-31 16:59:08.331962] INFO: Result uploaded in 0.062000ms
[2025-01-31 16:59:08.476874] INFO: Process completed successfully. Total execution time in 6017.473000ms

