
[2025-01-31 16:08:44] Program started at 2025-01-31 16:08:44.826
[2025-01-31 16:08:44] [getClientID] MySQL connection established. Execution time: 0.730 ms
[2025-01-31 16:08:44] [getClientID] SELECT table_name FROM table_registry WHERE id = :job_id / Execution time: 0.383 ms
[2025-01-31 16:08:44] [getClientID] SELECT client FROM `matrix` WHERE id = :sub_job_id / Execution time: 0.226 ms
[2025-01-31 16:08:44] getClientID completed. Execution time: 1.583 ms
[2025-01-31 16:08:44] Read file completed. Execution time: 0.016 ms
[2025-01-31 16:08:44] File saved successfully: uploads/job_1/group_1/result_87
[2025-01-31 16:08:44] [updateStatus] MySQL connection established. Execution time: 0.136 ms
[2025-01-31 16:08:44] [updateStatus] SELECT table_name FROM table_registry WHERE id = :job_id FOR UPDATE / Execution time: 9.022 ms
[2025-01-31 16:08:44] [updateStatus] UPDATE `matrix` SET status = :status WHERE id = :sub_job_id / Execution time: 0.169 ms
[2025-01-31 16:08:44] [updateStatus] SELECT COUNT_RECORDS FROM `matrix` / Execution time: 0.210 ms
[2025-01-31 16:08:44] [updateStatus] UPDATE table_registry SET status = :status WHERE id = :job_id / Execution time: 0.094 ms
[2025-01-31 16:08:45] updateStatus completed. Execution time: 257.501 ms
[2025-01-31 16:08:45] Write file completed. Execution time: 257.914 ms
[2025-01-31 16:08:45] [getGroupStatus] MySQL connection established. Execution time: 0.109 ms
[2025-01-31 16:08:45] [getGroupStatus] SELECT table_name FROM table_registry WHERE id = :job_id / Execution time: 0.383 ms
[2025-01-31 16:08:45] [getGroupStatus] SELECT status FROM `matrix` WHERE group_id = :group_id / Execution time: 0.970 ms
[2025-01-31 16:08:45] getGroupStatus completed. Execution time: 1.666 ms
[2025-01-31 16:08:45] Group 1 is not completed yet.
[2025-01-31 16:08:45] Program completed. Total execution time: 264.281 ms

