
[2025-01-31 16:37:27.263917] INFO: Process started with ID: 51
[2025-01-31 16:37:27.773847] INFO: First connection established in 0.210000ms
[2025-01-31 16:37:28.378297] INFO: Sending request: GET /http_server/send-object.php?ID=51 HTTP/1.1
Host: 192.168.100.3
Connection: close


[2025-01-31 16:37:29.026615] INFO: First request sent in 0.032000ms
[2025-01-31 16:37:29.743409] INFO: Time from request to first response in 0.027000ms
[2025-01-31 16:37:29.973387] INFO: Received headers - MPI-Rank: 48, Group-ID: 1, Job-ID: 1, Sub-Job-ID: 49, Rank-Count: 64
[2025-01-31 16:37:30.301901] INFO: Receive loop #1 received 16384 bytes in 662.417000ms
[2025-01-31 16:37:30.674464] INFO: Receive loop #2 received 16384 bytes in 0.060000ms
[2025-01-31 16:37:31.339535] INFO: Receive loop #3 received 16384 bytes in 0.099000ms
[2025-01-31 16:37:31.987408] INFO: Receive loop #4 received 16384 bytes in 0.112000ms
[2025-01-31 16:37:32.666177] INFO: Receive loop #5 received 16384 bytes in 0.036000ms
[2025-01-31 16:37:32.991305] INFO: Receive loop #6 received 16384 bytes in 0.033000ms
[2025-01-31 16:37:33.264061] INFO: Receive loop #7 received 16384 bytes in 0.030000ms
[2025-01-31 16:37:33.663596] INFO: Receive loop #8 received 16384 bytes in 0.257000ms
[2025-01-31 16:37:34.155639] INFO: Receive loop #9 received 16384 bytes in 0.033000ms
[2025-01-31 16:37:34.889095] INFO: Receive loop #10 received 16384 bytes in 0.028000ms
[2025-01-31 16:37:35.531118] INFO: Receive loop #11 received 16384 bytes in 0.029000ms
[2025-01-31 16:37:35.884628] INFO: Receive loop #12 received 7662 bytes in 0.019000ms
[2025-01-31 16:37:36.122304] INFO: Response received in 6496.461000ms
[2025-01-31 16:37:36.535739] INFO: File saved in 0.520000ms
[2025-01-31 16:37:37.079341] INFO: File saved to: /home/vc/kurotaka/objects/temp_51
[2025-01-31 16:37:38.377434] INFO: Execution permission granted to: /home/vc/kurotaka/objects/temp_51
[2025-01-31 16:37:38.611426] INFO: Executing command: /home/vc/kurotaka/objects/temp_51 48 64 1
[2025-01-31 16:37:40.905494] INFO: Command executed in 2084.750000ms
[2025-01-31 16:37:41.232620] INFO: Result saved to: /home/vc/kurotaka/results/result_51
[2025-01-31 16:37:41.741387] INFO: Second connection established in 0.206000ms
[2025-01-31 16:37:42.347844] INFO: Sending result upload request
[2025-01-31 16:37:43.116722] INFO: Second request sent in 0.026000ms
[2025-01-31 16:37:43.751273] INFO: Result uploaded in 0.051000ms
[2025-01-31 16:37:43.964320] INFO: Process completed successfully. Total execution time in 17196.893000ms

