
[2025-01-31 16:37:27.641831] INFO: Process started with ID: 24
[2025-01-31 16:37:28.119409] INFO: First connection established in 0.305000ms
[2025-01-31 16:37:28.762191] INFO: Sending request: GET /http_server/send-object.php?ID=24 HTTP/1.1
Host: 192.168.100.3
Connection: close


[2025-01-31 16:37:29.504766] INFO: First request sent in 0.033000ms
[2025-01-31 16:37:29.855378] INFO: Time from request to first response in 0.005000ms
[2025-01-31 16:37:30.166525] INFO: Received headers - MPI-Rank: 58, Group-ID: 1, Job-ID: 1, Sub-Job-ID: 59, Rank-Count: 64
[2025-01-31 16:37:30.516389] INFO: Receive loop #1 received 16384 bytes in 613.662000ms
[2025-01-31 16:37:31.017607] INFO: Receive loop #2 received 16384 bytes in 0.061000ms
[2025-01-31 16:37:31.702851] INFO: Receive loop #3 received 16384 bytes in 0.082000ms
[2025-01-31 16:37:32.383379] INFO: Receive loop #4 received 16384 bytes in 0.115000ms
[2025-01-31 16:37:32.894643] INFO: Receive loop #5 received 16384 bytes in 0.030000ms
[2025-01-31 16:37:33.135942] INFO: Receive loop #6 received 16384 bytes in 0.029000ms
[2025-01-31 16:37:33.500323] INFO: Receive loop #7 received 16384 bytes in 0.030000ms
[2025-01-31 16:37:33.936645] INFO: Receive loop #8 received 16384 bytes in 0.262000ms
[2025-01-31 16:37:34.595410] INFO: Receive loop #9 received 16384 bytes in 0.030000ms
[2025-01-31 16:37:35.245955] INFO: Receive loop #10 received 16384 bytes in 0.030000ms
[2025-01-31 16:37:35.790376] INFO: Receive loop #11 received 16384 bytes in 0.029000ms
[2025-01-31 16:37:36.019023] INFO: Receive loop #12 received 7662 bytes in 0.019000ms
[2025-01-31 16:37:36.350281] INFO: Response received in 6418.798000ms
[2025-01-31 16:37:36.801027] INFO: File saved in 0.441000ms
[2025-01-31 16:37:37.356603] INFO: File saved to: /home/vc/kurotaka/objects/temp_24
[2025-01-31 16:37:38.174464] INFO: Execution permission granted to: /home/vc/kurotaka/objects/temp_24
[2025-01-31 16:37:38.567536] INFO: Executing command: /home/vc/kurotaka/objects/temp_24 58 64 1
[2025-01-31 16:37:40.971232] INFO: Command executed in 2205.161000ms
[2025-01-31 16:37:41.333368] INFO: Result saved to: /home/vc/kurotaka/results/result_24
[2025-01-31 16:37:41.775074] INFO: Second connection established in 0.220000ms
[2025-01-31 16:37:42.458924] INFO: Sending result upload request
[2025-01-31 16:37:43.116294] INFO: Second request sent in 0.024000ms
[2025-01-31 16:37:43.750886] INFO: Result uploaded in 0.051000ms
[2025-01-31 16:37:43.963814] INFO: Process completed successfully. Total execution time in 17182.394000ms

