
[2025-01-31 16:27:41] Program started at 2025-01-31 16:27:41.9667
[2025-01-31 16:27:41] [getClientID] MySQL connection established. Execution time: 0.259 ms
[2025-01-31 16:27:41] [getClientID] SELECT table_name FROM table_registry WHERE id = :job_id / Execution time: 0.375 ms
[2025-01-31 16:27:41] [getClientID] SELECT client FROM `matrix` WHERE id = :sub_job_id / Execution time: 0.244 ms
[2025-01-31 16:27:41] getClientID completed. Execution time: 1.077 ms
[2025-01-31 16:27:41] Read file completed. Execution time: 0.014 ms
[2025-01-31 16:27:42] File saved successfully: uploads/job_1/group_1/result_257
[2025-01-31 16:27:42] [updateStatus] MySQL connection established. Execution time: 0.271 ms
[2025-01-31 16:27:42] [updateStatus] SELECT table_name FROM table_registry WHERE id = :job_id FOR UPDATE / Execution time: 54.647 ms
[2025-01-31 16:27:42] [updateStatus] UPDATE `matrix` SET status = :status WHERE id = :sub_job_id / Execution time: 0.348 ms
[2025-01-31 16:27:42] [updateStatus] SELECT COUNT_RECORDS FROM `matrix` / Execution time: 0.930 ms
[2025-01-31 16:27:42] [updateStatus] UPDATE table_registry SET status = :status WHERE id = :job_id / Execution time: 0.190 ms
[2025-01-31 16:27:42] updateStatus completed. Execution time: 438.784 ms
[2025-01-31 16:27:42] Write file completed. Execution time: 550.535 ms
[2025-01-31 16:27:42] [getGroupStatus] MySQL connection established. Execution time: 0.074 ms
[2025-01-31 16:27:42] [getGroupStatus] SELECT table_name FROM table_registry WHERE id = :job_id / Execution time: 0.211 ms
[2025-01-31 16:27:42] [getGroupStatus] SELECT status FROM `matrix` WHERE group_id = :group_id / Execution time: 1.411 ms
[2025-01-31 16:27:42] getGroupStatus completed. Execution time: 1.904 ms
[2025-01-31 16:27:42] Group 1 is not completed yet.
[2025-01-31 16:27:42] Program completed. Total execution time: 556.364 ms

