
[2025-01-31 16:27:46] Program started at 2025-01-31 16:27:46.1213
[2025-01-31 16:27:46] [getClientID] MySQL connection established. Execution time: 0.253 ms
[2025-01-31 16:27:46] [getClientID] SELECT table_name FROM table_registry WHERE id = :job_id / Execution time: 0.360 ms
[2025-01-31 16:27:46] [getClientID] SELECT client FROM `matrix` WHERE id = :sub_job_id / Execution time: 0.220 ms
[2025-01-31 16:27:46] getClientID completed. Execution time: 0.999 ms
[2025-01-31 16:27:46] Read file completed. Execution time: 0.013 ms
[2025-01-31 16:27:46] File saved successfully: uploads/job_1/group_1/result_4
[2025-01-31 16:27:46] [updateStatus] MySQL connection established. Execution time: 0.129 ms
[2025-01-31 16:27:46] [updateStatus] SELECT table_name FROM table_registry WHERE id = :job_id FOR UPDATE / Execution time: 0.228 ms
[2025-01-31 16:27:46] [updateStatus] UPDATE `matrix` SET status = :status WHERE id = :sub_job_id / Execution time: 0.234 ms
[2025-01-31 16:27:46] [updateStatus] SELECT COUNT_RECORDS FROM `matrix` / Execution time: 0.825 ms
[2025-01-31 16:27:46] [updateStatus] UPDATE table_registry SET status = :status WHERE id = :job_id / Execution time: 0.176 ms
[2025-01-31 16:27:46] updateStatus completed. Execution time: 4.368 ms
[2025-01-31 16:27:46] Write file completed. Execution time: 4.699 ms
[2025-01-31 16:27:46] [getGroupStatus] MySQL connection established. Execution time: 0.069 ms
[2025-01-31 16:27:46] [getGroupStatus] SELECT table_name FROM table_registry WHERE id = :job_id / Execution time: 0.225 ms
[2025-01-31 16:27:46] [getGroupStatus] SELECT status FROM `matrix` WHERE group_id = :group_id / Execution time: 0.986 ms
[2025-01-31 16:27:46] getGroupStatus completed. Execution time: 1.387 ms
[2025-01-31 16:27:46] Group 1 is not completed yet.
[2025-01-31 16:27:46] Program completed. Total execution time: 9.498 ms

