
[2025-01-31 16:27:48] Program started at 2025-01-31 16:27:48.8197
[2025-01-31 16:27:48] [getClientID] MySQL connection established. Execution time: 0.192 ms
[2025-01-31 16:27:48] [getClientID] SELECT table_name FROM table_registry WHERE id = :job_id / Execution time: 0.282 ms
[2025-01-31 16:27:48] [getClientID] SELECT client FROM `matrix` WHERE id = :sub_job_id / Execution time: 0.158 ms
[2025-01-31 16:27:48] getClientID completed. Execution time: 0.768 ms
[2025-01-31 16:27:48] Read file completed. Execution time: 0.011 ms
[2025-01-31 16:27:48] File saved successfully: uploads/job_1/group_1/result_146
[2025-01-31 16:27:48] [updateStatus] MySQL connection established. Execution time: 0.088 ms
[2025-01-31 16:27:48] [updateStatus] SELECT table_name FROM table_registry WHERE id = :job_id FOR UPDATE / Execution time: 0.158 ms
[2025-01-31 16:27:48] [updateStatus] UPDATE `matrix` SET status = :status WHERE id = :sub_job_id / Execution time: 0.189 ms
[2025-01-31 16:27:48] [updateStatus] SELECT COUNT_RECORDS FROM `matrix` / Execution time: 0.737 ms
[2025-01-31 16:27:48] [updateStatus] UPDATE table_registry SET status = :status WHERE id = :job_id / Execution time: 0.157 ms
[2025-01-31 16:27:48] updateStatus completed. Execution time: 5.016 ms
[2025-01-31 16:27:48] Write file completed. Execution time: 5.262 ms
[2025-01-31 16:27:48] [getGroupStatus] MySQL connection established. Execution time: 0.068 ms
[2025-01-31 16:27:48] [getGroupStatus] SELECT table_name FROM table_registry WHERE id = :job_id / Execution time: 0.336 ms
[2025-01-31 16:27:48] [getGroupStatus] SELECT status FROM `matrix` WHERE group_id = :group_id / Execution time: 1.382 ms
[2025-01-31 16:27:48] getGroupStatus completed. Execution time: 1.934 ms
[2025-01-31 16:27:48] Group 1 is not completed yet.
[2025-01-31 16:27:48] Program completed. Total execution time: 9.943 ms

