
[2025-01-31 16:27:45] Program started at 2025-01-31 16:27:45.8962
[2025-01-31 16:27:45] [getClientID] MySQL connection established. Execution time: 0.363 ms
[2025-01-31 16:27:45] [getClientID] SELECT table_name FROM table_registry WHERE id = :job_id / Execution time: 0.507 ms
[2025-01-31 16:27:45] [getClientID] SELECT client FROM `matrix` WHERE id = :sub_job_id / Execution time: 0.227 ms
[2025-01-31 16:27:45] getClientID completed. Execution time: 1.383 ms
[2025-01-31 16:27:45] Read file completed. Execution time: 0.016 ms
[2025-01-31 16:27:45] File saved successfully: uploads/job_1/group_1/result_405
[2025-01-31 16:27:45] [updateStatus] MySQL connection established. Execution time: 0.243 ms
[2025-01-31 16:27:45] [updateStatus] SELECT table_name FROM table_registry WHERE id = :job_id FOR UPDATE / Execution time: 1.900 ms
[2025-01-31 16:27:45] [updateStatus] UPDATE `matrix` SET status = :status WHERE id = :sub_job_id / Execution time: 0.343 ms
[2025-01-31 16:27:45] [updateStatus] SELECT COUNT_RECORDS FROM `matrix` / Execution time: 0.950 ms
[2025-01-31 16:27:45] [updateStatus] UPDATE table_registry SET status = :status WHERE id = :job_id / Execution time: 0.207 ms
[2025-01-31 16:27:45] updateStatus completed. Execution time: 55.844 ms
[2025-01-31 16:27:45] Write file completed. Execution time: 56.310 ms
[2025-01-31 16:27:45] [getGroupStatus] MySQL connection established. Execution time: 0.047 ms
[2025-01-31 16:27:45] [getGroupStatus] SELECT table_name FROM table_registry WHERE id = :job_id / Execution time: 0.190 ms
[2025-01-31 16:27:45] [getGroupStatus] SELECT status FROM `matrix` WHERE group_id = :group_id / Execution time: 0.720 ms
[2025-01-31 16:27:45] getGroupStatus completed. Execution time: 1.062 ms
[2025-01-31 16:27:45] Group 1 is not completed yet.
[2025-01-31 16:27:45] Program completed. Total execution time: 61.493 ms

