
[2025-01-31 17:28:18] Program started at 2025-01-31 17:28:18.4025
[2025-01-31 17:28:18] [distributeJob] MySQL connection established. Execution time: 0.855 ms
[2025-01-31 17:28:18] [distributeJob] SELECT * FROM table_registry WHERE status <= :status ORDER BY id ASC FOR UPDATE / Execution time: 0.507 ms
[2025-01-31 17:28:18] [distributeJob] SELECT * FROM `matrix2` WHERE status = :status ORDER BY id ASC LIMIT 1 FOR UPDATE / Execution time: 0.293 ms
[2025-01-31 17:28:18] [distributeJob] SELECT * FROM `matrix3` WHERE status = :status ORDER BY id ASC LIMIT 1 FOR UPDATE / Execution time: 0.366 ms
[2025-01-31 17:28:18] [distributeJob] UPDATE_MATRIX_STATUS / Execution time: 0.270 ms
[2025-01-31 17:28:18] Distribute job completed. Execution time: 25.815 ms
[2025-01-31 17:28:18] Clean buffer completed. Execution time: 0.002 ms
[2025-01-31 17:28:18] Sending headers:
[2025-01-31 17:28:18]   Content-Length: 16096
[2025-01-31 17:28:18]   MPI-Rank: 3
[2025-01-31 17:28:18]   Group-ID: 1
[2025-01-31 17:28:18]   Job-ID: 3
[2025-01-31 17:28:18]   Sub-Job-ID: 4
[2025-01-31 17:28:18]   Rank-Count: 4
[2025-01-31 17:28:18] Send headers completed. Execution time: 0.543 ms
[2025-01-31 17:28:18] Open file completed. Execution time: 0.040 ms
[2025-01-31 17:28:18] Output file completed. Execution time: 0.219 ms
[2025-01-31 17:28:18] Timer request completed. Execution time (not actual timer.php execution time, but just request): 2.694 ms
[2025-01-31 17:28:18] Program completed. Total execution time: 32.814 ms

