
[2025-01-31 12:43:41] Program started at 2025-01-31 12:43:41.2673
[2025-01-31 12:43:41] [getClientID] MySQL connection established. Execution time: 0.239 ms
[2025-01-31 12:43:41] [getClientID] SELECT table_name FROM table_registry WHERE id = :job_id / Execution time: 0.374 ms
[2025-01-31 12:43:41] [getClientID] SELECT client FROM `matrix` WHERE id = :sub_job_id / Execution time: 0.185 ms
[2025-01-31 12:43:41] getClientID completed. Execution time: 0.974 ms
[2025-01-31 12:43:41] Read file completed. Execution time: 0.014 ms
[2025-01-31 12:43:41] File saved successfully: uploads/job_1/group_1/result_446
[2025-01-31 12:43:41] [updateStatus] MySQL connection established. Execution time: 0.111 ms
[2025-01-31 12:43:41] [updateStatus] SELECT table_name FROM table_registry WHERE id = :job_id FOR UPDATE / Execution time: 0.176 ms
[2025-01-31 12:43:41] [updateStatus] UPDATE `matrix` SET status = :status WHERE id = :sub_job_id / Execution time: 0.168 ms
[2025-01-31 12:43:41] [updateStatus] SELECT COUNT_RECORDS FROM `matrix` / Execution time: 0.620 ms
[2025-01-31 12:43:41] [updateStatus] UPDATE table_registry SET status = :status WHERE id = :job_id / Execution time: 0.139 ms
[2025-01-31 12:43:41] updateStatus completed. Execution time: 62.913 ms
[2025-01-31 12:43:41] Write file completed. Execution time: 63.347 ms
[2025-01-31 12:43:41] [getGroupStatus] MySQL connection established. Execution time: 0.093 ms
[2025-01-31 12:43:41] [getGroupStatus] SELECT table_name FROM table_registry WHERE id = :job_id / Execution time: 0.291 ms
[2025-01-31 12:43:41] [getGroupStatus] SELECT status FROM `matrix` WHERE group_id = :group_id / Execution time: 0.927 ms
[2025-01-31 12:43:41] getGroupStatus completed. Execution time: 1.465 ms
[2025-01-31 12:43:41] Group 1 is not completed yet.
[2025-01-31 12:43:41] Program completed. Total execution time: 68.551 ms

