
[2025-01-31 12:43:28] Program started at 2025-01-31 12:43:28.106
[2025-01-31 12:43:28] [getClientID] MySQL connection established. Execution time: 0.216 ms
[2025-01-31 12:43:28] [getClientID] SELECT table_name FROM table_registry WHERE id = :job_id / Execution time: 0.355 ms
[2025-01-31 12:43:28] [getClientID] SELECT client FROM `matrix` WHERE id = :sub_job_id / Execution time: 0.208 ms
[2025-01-31 12:43:28] getClientID completed. Execution time: 0.957 ms
[2025-01-31 12:43:28] Read file completed. Execution time: 0.013 ms
[2025-01-31 12:43:28] File saved successfully: uploads/job_1/group_1/result_351
[2025-01-31 12:43:28] [updateStatus] MySQL connection established. Execution time: 0.115 ms
[2025-01-31 12:43:28] [updateStatus] SELECT table_name FROM table_registry WHERE id = :job_id FOR UPDATE / Execution time: 0.207 ms
[2025-01-31 12:43:28] [updateStatus] UPDATE `matrix` SET status = :status WHERE id = :sub_job_id / Execution time: 0.227 ms
[2025-01-31 12:43:28] [updateStatus] SELECT COUNT_RECORDS FROM `matrix` / Execution time: 0.920 ms
[2025-01-31 12:43:28] [updateStatus] UPDATE table_registry SET status = :status WHERE id = :job_id / Execution time: 0.179 ms
[2025-01-31 12:43:28] updateStatus completed. Execution time: 23.410 ms
[2025-01-31 12:43:28] Write file completed. Execution time: 23.699 ms
[2025-01-31 12:43:28] [getGroupStatus] MySQL connection established. Execution time: 0.049 ms
[2025-01-31 12:43:28] [getGroupStatus] SELECT table_name FROM table_registry WHERE id = :job_id / Execution time: 0.203 ms
[2025-01-31 12:43:28] [getGroupStatus] SELECT status FROM `matrix` WHERE group_id = :group_id / Execution time: 1.007 ms
[2025-01-31 12:43:28] getGroupStatus completed. Execution time: 1.424 ms
[2025-01-31 12:43:28] Group 1 is not completed yet.
[2025-01-31 12:43:28] Program completed. Total execution time: 28.763 ms

