
[2025-01-31 12:43:27] Program started at 2025-01-31 12:43:27.5093
[2025-01-31 12:43:27] [getClientID] MySQL connection established. Execution time: 0.235 ms
[2025-01-31 12:43:27] [getClientID] SELECT table_name FROM table_registry WHERE id = :job_id / Execution time: 0.395 ms
[2025-01-31 12:43:27] [getClientID] SELECT client FROM `matrix` WHERE id = :sub_job_id / Execution time: 0.228 ms
[2025-01-31 12:43:27] getClientID completed. Execution time: 1.018 ms
[2025-01-31 12:43:27] Read file completed. Execution time: 0.011 ms
[2025-01-31 12:43:27] File saved successfully: uploads/job_1/group_1/result_198
[2025-01-31 12:43:27] [updateStatus] MySQL connection established. Execution time: 0.112 ms
[2025-01-31 12:43:27] [updateStatus] SELECT table_name FROM table_registry WHERE id = :job_id FOR UPDATE / Execution time: 0.217 ms
[2025-01-31 12:43:27] [updateStatus] UPDATE `matrix` SET status = :status WHERE id = :sub_job_id / Execution time: 0.263 ms
[2025-01-31 12:43:27] [updateStatus] SELECT COUNT_RECORDS FROM `matrix` / Execution time: 0.880 ms
[2025-01-31 12:43:27] [updateStatus] UPDATE table_registry SET status = :status WHERE id = :job_id / Execution time: 0.173 ms
[2025-01-31 12:43:27] updateStatus completed. Execution time: 134.597 ms
[2025-01-31 12:43:27] Write file completed. Execution time: 134.927 ms
[2025-01-31 12:43:27] [getGroupStatus] MySQL connection established. Execution time: 0.076 ms
[2025-01-31 12:43:27] [getGroupStatus] SELECT table_name FROM table_registry WHERE id = :job_id / Execution time: 0.296 ms
[2025-01-31 12:43:27] [getGroupStatus] SELECT status FROM `matrix` WHERE group_id = :group_id / Execution time: 1.524 ms
[2025-01-31 12:43:27] getGroupStatus completed. Execution time: 2.129 ms
[2025-01-31 12:43:27] Group 1 is not completed yet.
[2025-01-31 12:43:27] Program completed. Total execution time: 140.554 ms

