
[2025-01-31 12:43:28] Program started at 2025-01-31 12:43:28.6131
[2025-01-31 12:43:28] [getClientID] MySQL connection established. Execution time: 0.217 ms
[2025-01-31 12:43:28] [getClientID] SELECT table_name FROM table_registry WHERE id = :job_id / Execution time: 0.327 ms
[2025-01-31 12:43:28] [getClientID] SELECT client FROM `matrix` WHERE id = :sub_job_id / Execution time: 0.160 ms
[2025-01-31 12:43:28] getClientID completed. Execution time: 0.806 ms
[2025-01-31 12:43:28] Read file completed. Execution time: 0.008 ms
[2025-01-31 12:43:28] File saved successfully: uploads/job_1/group_1/result_187
[2025-01-31 12:43:28] [updateStatus] MySQL connection established. Execution time: 0.076 ms
[2025-01-31 12:43:28] [updateStatus] SELECT table_name FROM table_registry WHERE id = :job_id FOR UPDATE / Execution time: 0.156 ms
[2025-01-31 12:43:28] [updateStatus] UPDATE `matrix` SET status = :status WHERE id = :sub_job_id / Execution time: 0.152 ms
[2025-01-31 12:43:28] [updateStatus] SELECT COUNT_RECORDS FROM `matrix` / Execution time: 0.647 ms
[2025-01-31 12:43:28] [updateStatus] UPDATE table_registry SET status = :status WHERE id = :job_id / Execution time: 0.161 ms
[2025-01-31 12:43:28] updateStatus completed. Execution time: 119.210 ms
[2025-01-31 12:43:28] Write file completed. Execution time: 119.426 ms
[2025-01-31 12:43:28] [getGroupStatus] MySQL connection established. Execution time: 0.092 ms
[2025-01-31 12:43:28] [getGroupStatus] SELECT table_name FROM table_registry WHERE id = :job_id / Execution time: 0.336 ms
[2025-01-31 12:43:28] [getGroupStatus] SELECT status FROM `matrix` WHERE group_id = :group_id / Execution time: 1.527 ms
[2025-01-31 12:43:28] getGroupStatus completed. Execution time: 2.124 ms
[2025-01-31 12:43:28] Group 1 is not completed yet.
[2025-01-31 12:43:28] Program completed. Total execution time: 123.763 ms

