
[2025-01-31 12:43:28] Program started at 2025-01-31 12:43:28.4149
[2025-01-31 12:43:28] [getClientID] MySQL connection established. Execution time: 0.811 ms
[2025-01-31 12:43:28] [getClientID] SELECT table_name FROM table_registry WHERE id = :job_id / Execution time: 0.546 ms
[2025-01-31 12:43:28] [getClientID] SELECT client FROM `matrix` WHERE id = :sub_job_id / Execution time: 0.396 ms
[2025-01-31 12:43:28] getClientID completed. Execution time: 2.043 ms
[2025-01-31 12:43:28] Read file completed. Execution time: 0.015 ms
[2025-01-31 12:43:28] File saved successfully: uploads/job_1/group_1/result_354
[2025-01-31 12:43:28] [updateStatus] MySQL connection established. Execution time: 0.148 ms
[2025-01-31 12:43:28] [updateStatus] SELECT table_name FROM table_registry WHERE id = :job_id FOR UPDATE / Execution time: 1.937 ms
[2025-01-31 12:43:28] [updateStatus] UPDATE `matrix` SET status = :status WHERE id = :sub_job_id / Execution time: 0.434 ms
[2025-01-31 12:43:28] [updateStatus] SELECT COUNT_RECORDS FROM `matrix` / Execution time: 1.697 ms
[2025-01-31 12:43:28] [updateStatus] UPDATE table_registry SET status = :status WHERE id = :job_id / Execution time: 0.303 ms
[2025-01-31 12:43:28] updateStatus completed. Execution time: 62.645 ms
[2025-01-31 12:43:28] Write file completed. Execution time: 63.056 ms
[2025-01-31 12:43:28] [getGroupStatus] MySQL connection established. Execution time: 0.126 ms
[2025-01-31 12:43:28] [getGroupStatus] SELECT table_name FROM table_registry WHERE id = :job_id / Execution time: 0.322 ms
[2025-01-31 12:43:28] [getGroupStatus] SELECT status FROM `matrix` WHERE group_id = :group_id / Execution time: 1.548 ms
[2025-01-31 12:43:28] getGroupStatus completed. Execution time: 2.256 ms
[2025-01-31 12:43:28] Group 1 is not completed yet.
[2025-01-31 12:43:28] Program completed. Total execution time: 70.447 ms

