
[2025-01-31 16:22:34.275897] INFO: Process started with ID: 58
[2025-01-31 16:22:34.593834] INFO: First connection established in 0.249000ms
[2025-01-31 16:22:34.831818] INFO: Sending request: GET /http_server/send-object.php?ID=58 HTTP/1.1
Host: 192.168.100.3
Connection: close


[2025-01-31 16:22:35.156110] INFO: First request sent in 0.035000ms
[2025-01-31 16:22:35.380230] INFO: Time from request to first response in 0.031000ms
[2025-01-31 16:22:35.636753] INFO: Received headers - MPI-Rank: 58, Group-ID: 1, Job-ID: 1, Sub-Job-ID: 59, Rank-Count: 64
[2025-01-31 16:22:35.960817] INFO: Receive loop #1 received 16384 bytes in 542.293000ms
[2025-01-31 16:22:36.429526] INFO: Receive loop #2 received 16384 bytes in 0.059000ms
[2025-01-31 16:22:37.093423] INFO: Receive loop #3 received 16384 bytes in 0.101000ms
[2025-01-31 16:22:37.753879] INFO: Receive loop #4 received 16384 bytes in 0.141000ms
[2025-01-31 16:22:38.029157] INFO: Receive loop #5 received 16384 bytes in 0.033000ms
[2025-01-31 16:22:38.364897] INFO: Receive loop #6 received 16384 bytes in 0.032000ms
[2025-01-31 16:22:38.803737] INFO: Receive loop #7 received 16384 bytes in 0.032000ms
[2025-01-31 16:22:39.409462] INFO: Receive loop #8 received 16384 bytes in 0.308000ms
[2025-01-31 16:22:40.049909] INFO: Receive loop #9 received 16384 bytes in 0.010000ms
[2025-01-31 16:22:40.818827] INFO: Receive loop #10 received 16384 bytes in 0.028000ms
[2025-01-31 16:22:41.046144] INFO: Receive loop #11 received 16384 bytes in 0.033000ms
[2025-01-31 16:22:41.413896] INFO: Receive loop #12 received 7662 bytes in 0.018000ms
[2025-01-31 16:22:41.815649] INFO: Response received in 6368.541000ms
[2025-01-31 16:22:42.372443] INFO: File saved in 0.632000ms
[2025-01-31 16:22:42.993774] INFO: File saved to: /home/vc/kurotaka/objects/temp_58
[2025-01-31 16:22:43.507983] INFO: Execution permission granted to: /home/vc/kurotaka/objects/temp_58
[2025-01-31 16:22:43.595169] INFO: Executing command: /home/vc/kurotaka/objects/temp_58 58 64 1
[2025-01-31 16:22:46.309537] INFO: Command executed in 2367.825000ms
[2025-01-31 16:22:46.834785] INFO: Result saved to: /home/vc/kurotaka/results/result_58
[2025-01-31 16:22:47.464433] INFO: Second connection established in 0.186000ms
[2025-01-31 16:22:48.217355] INFO: Sending result upload request
[2025-01-31 16:22:48.458473] INFO: Second request sent in 0.022000ms
[2025-01-31 16:22:48.801147] INFO: Result uploaded in 0.052000ms
[2025-01-31 16:22:49.246551] INFO: Process completed successfully. Total execution time in 15493.264000ms

