
[2025-01-31 16:22:34.101344] INFO: Process started with ID: 0
[2025-01-31 16:22:34.374050] INFO: First connection established in 0.182000ms
[2025-01-31 16:22:34.686882] INFO: Sending request: GET /http_server/send-object.php?ID=0 HTTP/1.1
Host: 192.168.100.3
Connection: close


[2025-01-31 16:22:34.902778] INFO: First request sent in 0.033000ms
[2025-01-31 16:22:35.201832] INFO: Time from request to first response in 0.028000ms
[2025-01-31 16:22:35.450253] INFO: Received headers - MPI-Rank: 48, Group-ID: 1, Job-ID: 1, Sub-Job-ID: 49, Rank-Count: 64
[2025-01-31 16:22:35.786368] INFO: Receive loop #1 received 16384 bytes in 528.448000ms
[2025-01-31 16:22:36.115311] INFO: Receive loop #2 received 16384 bytes in 0.060000ms
[2025-01-31 16:22:36.575275] INFO: Receive loop #3 received 16384 bytes in 0.078000ms
[2025-01-31 16:22:37.217544] INFO: Receive loop #4 received 16384 bytes in 0.111000ms
[2025-01-31 16:22:37.842926] INFO: Receive loop #5 received 16384 bytes in 0.040000ms
[2025-01-31 16:22:38.096967] INFO: Receive loop #6 received 16384 bytes in 0.029000ms
[2025-01-31 16:22:38.411684] INFO: Receive loop #7 received 16384 bytes in 0.028000ms
[2025-01-31 16:22:38.871005] INFO: Receive loop #8 received 16384 bytes in 0.254000ms
[2025-01-31 16:22:39.368730] INFO: Receive loop #9 received 16384 bytes in 0.029000ms
[2025-01-31 16:22:39.993864] INFO: Receive loop #10 received 16384 bytes in 0.027000ms
[2025-01-31 16:22:40.755636] INFO: Receive loop #11 received 16384 bytes in 0.027000ms
[2025-01-31 16:22:41.031648] INFO: Receive loop #12 received 7662 bytes in 0.018000ms
[2025-01-31 16:22:41.327966] INFO: Response received in 6087.395000ms
[2025-01-31 16:22:41.676585] INFO: File saved in 0.434000ms
[2025-01-31 16:22:42.138193] INFO: File saved to: /home/vc/kurotaka/objects/temp_0
[2025-01-31 16:22:42.858877] INFO: Execution permission granted to: /home/vc/kurotaka/objects/temp_0
[2025-01-31 16:22:43.222134] INFO: Executing command: /home/vc/kurotaka/objects/temp_0 48 64 1
[2025-01-31 16:22:46.465733] INFO: Command executed in 2853.422000ms
[2025-01-31 16:22:47.063208] INFO: Result saved to: /home/vc/kurotaka/results/result_0
[2025-01-31 16:22:47.757589] INFO: Second connection established in 0.325000ms
[2025-01-31 16:22:48.314819] INFO: Sending result upload request
[2025-01-31 16:22:48.670885] INFO: Second request sent in 0.023000ms
[2025-01-31 16:22:49.051805] INFO: Result uploaded in 0.056000ms
[2025-01-31 16:22:49.578244] INFO: Process completed successfully. Total execution time in 15687.778000ms

