
[2025-01-31 16:22:34.275647] INFO: Process started with ID: 23
[2025-01-31 16:22:34.644737] INFO: First connection established in 0.155000ms
[2025-01-31 16:22:34.862797] INFO: Sending request: GET /http_server/send-object.php?ID=23 HTTP/1.1
Host: 192.168.100.3
Connection: close


[2025-01-31 16:22:35.155860] INFO: First request sent in 0.033000ms
[2025-01-31 16:22:35.391348] INFO: Time from request to first response in 0.030000ms
[2025-01-31 16:22:35.655862] INFO: Received headers - MPI-Rank: 57, Group-ID: 1, Job-ID: 1, Sub-Job-ID: 58, Rank-Count: 64
[2025-01-31 16:22:36.044642] INFO: Receive loop #1 received 16384 bytes in 596.712000ms
[2025-01-31 16:22:36.538413] INFO: Receive loop #2 received 16384 bytes in 0.061000ms
[2025-01-31 16:22:37.130372] INFO: Receive loop #3 received 16384 bytes in 0.079000ms
[2025-01-31 16:22:37.753668] INFO: Receive loop #4 received 16384 bytes in 0.108000ms
[2025-01-31 16:22:38.010751] INFO: Receive loop #5 received 16384 bytes in 0.028000ms
[2025-01-31 16:22:38.364444] INFO: Receive loop #6 received 16384 bytes in 0.040000ms
[2025-01-31 16:22:38.870344] INFO: Receive loop #7 received 16384 bytes in 0.028000ms
[2025-01-31 16:22:39.409158] INFO: Receive loop #8 received 16384 bytes in 0.242000ms
[2025-01-31 16:22:40.104033] INFO: Receive loop #9 received 16384 bytes in 0.030000ms
[2025-01-31 16:22:40.818670] INFO: Receive loop #10 received 16384 bytes in 0.030000ms
[2025-01-31 16:22:41.097530] INFO: Receive loop #11 received 16384 bytes in 0.029000ms
[2025-01-31 16:22:41.435534] INFO: Receive loop #12 received 7662 bytes in 0.018000ms
[2025-01-31 16:22:41.843093] INFO: Response received in 6357.940000ms
[2025-01-31 16:22:42.333562] INFO: File saved in 0.456000ms
[2025-01-31 16:22:43.175746] INFO: File saved to: /home/vc/kurotaka/objects/temp_23
[2025-01-31 16:22:43.457316] INFO: Execution permission granted to: /home/vc/kurotaka/objects/temp_23
[2025-01-31 16:22:43.525720] INFO: Executing command: /home/vc/kurotaka/objects/temp_23 57 64 1
[2025-01-31 16:22:45.659863] INFO: Command executed in 2055.281000ms
[2025-01-31 16:22:46.021278] INFO: Result saved to: /home/vc/kurotaka/results/result_23
[2025-01-31 16:22:46.504049] INFO: Second connection established in 0.253000ms
[2025-01-31 16:22:47.110110] INFO: Sending result upload request
[2025-01-31 16:22:48.003726] INFO: Second request sent in 0.022000ms
[2025-01-31 16:22:48.458177] INFO: Result uploaded in 0.051000ms
[2025-01-31 16:22:48.800906] INFO: Process completed successfully. Total execution time in 15075.431000ms

