
[2025-01-31 16:38:32] Program started at 2025-01-31 16:38:32.0331
[2025-01-31 16:38:32] [getClientID] MySQL connection established. Execution time: 0.620 ms
[2025-01-31 16:38:32] [getClientID] SELECT table_name FROM table_registry WHERE id = :job_id / Execution time: 0.544 ms
[2025-01-31 16:38:32] [getClientID] SELECT client FROM `matrix` WHERE id = :sub_job_id / Execution time: 0.133 ms
[2025-01-31 16:38:32] getClientID completed. Execution time: 2.539 ms
[2025-01-31 16:38:32] Read file completed. Execution time: 0.008 ms
[2025-01-31 16:38:32] File saved successfully: uploads/job_1/group_1/result_52
[2025-01-31 16:38:32] [updateStatus] MySQL connection established. Execution time: 0.109 ms
[2025-01-31 16:38:32] [updateStatus] SELECT table_name FROM table_registry WHERE id = :job_id FOR UPDATE / Execution time: 11.619 ms
[2025-01-31 16:38:32] [updateStatus] UPDATE `matrix` SET status = :status WHERE id = :sub_job_id / Execution time: 0.214 ms
[2025-01-31 16:38:32] [updateStatus] SELECT COUNT_RECORDS FROM `matrix` / Execution time: 0.327 ms
[2025-01-31 16:38:32] [updateStatus] UPDATE table_registry SET status = :status WHERE id = :job_id / Execution time: 0.147 ms
[2025-01-31 16:38:32] updateStatus completed. Execution time: 367.754 ms
[2025-01-31 16:38:32] Write file completed. Execution time: 368.123 ms
[2025-01-31 16:38:32] [getGroupStatus] MySQL connection established. Execution time: 0.091 ms
[2025-01-31 16:38:32] [getGroupStatus] SELECT table_name FROM table_registry WHERE id = :job_id / Execution time: 0.428 ms
[2025-01-31 16:38:32] [getGroupStatus] SELECT status FROM `matrix` WHERE group_id = :group_id / Execution time: 1.294 ms
[2025-01-31 16:38:32] getGroupStatus completed. Execution time: 2.141 ms
[2025-01-31 16:38:32] Group 1 is not completed yet.
[2025-01-31 16:38:32] Program completed. Total execution time: 374.417 ms

