
[2025-01-31 16:00:33] Program started at 2025-01-31 16:00:33.5709
[2025-01-31 16:00:33] [getClientID] MySQL connection established. Execution time: 0.796 ms
[2025-01-31 16:00:33] [getClientID] SELECT table_name FROM table_registry WHERE id = :job_id / Execution time: 0.392 ms
[2025-01-31 16:00:33] [getClientID] SELECT client FROM `matrix` WHERE id = :sub_job_id / Execution time: 0.222 ms
[2025-01-31 16:00:33] getClientID completed. Execution time: 1.696 ms
[2025-01-31 16:00:33] Read file completed. Execution time: 0.015 ms
[2025-01-31 16:00:33] File saved successfully: uploads/job_1/group_1/result_31
[2025-01-31 16:00:33] [updateStatus] MySQL connection established. Execution time: 0.227 ms
[2025-01-31 16:00:33] [updateStatus] SELECT table_name FROM table_registry WHERE id = :job_id FOR UPDATE / Execution time: 10.997 ms
[2025-01-31 16:00:33] [updateStatus] UPDATE `matrix` SET status = :status WHERE id = :sub_job_id / Execution time: 0.403 ms
[2025-01-31 16:00:33] [updateStatus] SELECT COUNT_RECORDS FROM `matrix` / Execution time: 0.396 ms
[2025-01-31 16:00:33] [updateStatus] UPDATE table_registry SET status = :status WHERE id = :job_id / Execution time: 0.204 ms
[2025-01-31 16:00:34] updateStatus completed. Execution time: 504.140 ms
[2025-01-31 16:00:34] Write file completed. Execution time: 596.810 ms
[2025-01-31 16:00:34] [getGroupStatus] MySQL connection established. Execution time: 0.116 ms
[2025-01-31 16:00:34] [getGroupStatus] SELECT table_name FROM table_registry WHERE id = :job_id / Execution time: 0.347 ms
[2025-01-31 16:00:34] [getGroupStatus] SELECT status FROM `matrix` WHERE group_id = :group_id / Execution time: 0.681 ms
[2025-01-31 16:00:34] getGroupStatus completed. Execution time: 1.372 ms
[2025-01-31 16:00:34] Merge request completed. Execution time (not actual merge.php execution time, but just request): 10.370 ms
[2025-01-31 16:00:34] Program completed. Total execution time: 612.479 ms

