
[2025-01-31 16:00:33] Program started at 2025-01-31 16:00:33.8137
[2025-01-31 16:00:33] [getClientID] MySQL connection established. Execution time: 0.522 ms
[2025-01-31 16:00:33] [getClientID] SELECT table_name FROM table_registry WHERE id = :job_id / Execution time: 0.220 ms
[2025-01-31 16:00:33] [getClientID] SELECT client FROM `matrix` WHERE id = :sub_job_id / Execution time: 0.128 ms
[2025-01-31 16:00:33] getClientID completed. Execution time: 1.072 ms
[2025-01-31 16:00:33] Read file completed. Execution time: 0.013 ms
[2025-01-31 16:00:33] File saved successfully: uploads/job_1/group_1/result_47
[2025-01-31 16:00:33] [updateStatus] MySQL connection established. Execution time: 0.124 ms
[2025-01-31 16:00:34] [updateStatus] SELECT table_name FROM table_registry WHERE id = :job_id FOR UPDATE / Execution time: 185.418 ms
[2025-01-31 16:00:34] [updateStatus] UPDATE `matrix` SET status = :status WHERE id = :sub_job_id / Execution time: 0.254 ms
[2025-01-31 16:00:34] [updateStatus] SELECT COUNT_RECORDS FROM `matrix` / Execution time: 0.349 ms
[2025-01-31 16:00:34] [updateStatus] SELECT group_id FROM `matrix` ORDER BY id DESC LIMIT 1 / Execution time: 0.171 ms
[2025-01-31 16:00:34] [updateStatus] UPDATE table_registry SET status = :status WHERE id = :job_id / Execution time: 0.415 ms
[2025-01-31 16:00:34] updateStatus completed. Execution time: 452.889 ms
[2025-01-31 16:00:34] Write file completed. Execution time: 579.238 ms
[2025-01-31 16:00:34] [getGroupStatus] MySQL connection established. Execution time: 0.119 ms
[2025-01-31 16:00:34] [getGroupStatus] SELECT table_name FROM table_registry WHERE id = :job_id / Execution time: 0.399 ms
[2025-01-31 16:00:34] [getGroupStatus] SELECT status FROM `matrix` WHERE group_id = :group_id / Execution time: 0.614 ms
[2025-01-31 16:00:34] getGroupStatus completed. Execution time: 1.527 ms
[2025-01-31 16:00:34] Merge request completed. Execution time (not actual merge.php execution time, but just request): 14.124 ms
[2025-01-31 16:00:34] Majority request completed. Execution time (not actual script execution time, but just request): 177.284 ms
[2025-01-31 16:00:34] Program completed. Total execution time: 776.500 ms

