
[2025-01-31 16:00:33] Program started at 2025-01-31 16:00:33.3983
[2025-01-31 16:00:33] [getClientID] MySQL connection established. Execution time: 0.689 ms
[2025-01-31 16:00:33] [getClientID] SELECT table_name FROM table_registry WHERE id = :job_id / Execution time: 0.361 ms
[2025-01-31 16:00:33] [getClientID] SELECT client FROM `matrix` WHERE id = :sub_job_id / Execution time: 0.197 ms
[2025-01-31 16:00:33] getClientID completed. Execution time: 1.416 ms
[2025-01-31 16:00:33] Read file completed. Execution time: 0.011 ms
[2025-01-31 16:00:33] File saved successfully: uploads/job_1/group_1/result_54
[2025-01-31 16:00:33] [updateStatus] MySQL connection established. Execution time: 0.113 ms
[2025-01-31 16:00:33] [updateStatus] SELECT table_name FROM table_registry WHERE id = :job_id FOR UPDATE / Execution time: 0.210 ms
[2025-01-31 16:00:33] [updateStatus] UPDATE `matrix` SET status = :status WHERE id = :sub_job_id / Execution time: 0.223 ms
[2025-01-31 16:00:33] [updateStatus] SELECT COUNT_RECORDS FROM `matrix` / Execution time: 0.361 ms
[2025-01-31 16:00:33] [updateStatus] UPDATE table_registry SET status = :status WHERE id = :job_id / Execution time: 0.187 ms
[2025-01-31 16:00:33] updateStatus completed. Execution time: 106.865 ms
[2025-01-31 16:00:33] Write file completed. Execution time: 107.198 ms
[2025-01-31 16:00:33] [getGroupStatus] MySQL connection established. Execution time: 0.164 ms
[2025-01-31 16:00:33] [getGroupStatus] SELECT table_name FROM table_registry WHERE id = :job_id / Execution time: 0.349 ms
[2025-01-31 16:00:33] [getGroupStatus] SELECT status FROM `matrix` WHERE group_id = :group_id / Execution time: 0.389 ms
[2025-01-31 16:00:33] getGroupStatus completed. Execution time: 1.207 ms
[2025-01-31 16:00:33] Group 1 is not completed yet.
[2025-01-31 16:00:33] Program completed. Total execution time: 112.273 ms

