
[2025-01-31 16:06:12.771440] INFO: Process started with ID: 0
[2025-01-31 16:06:12.828185] INFO: First connection established in 0.255000ms
[2025-01-31 16:06:12.871086] INFO: Sending request: GET /http_server/send-object.php?ID=0 HTTP/1.1
Host: 192.168.100.3
Connection: close


[2025-01-31 16:06:12.928040] INFO: First request sent in 0.024000ms
[2025-01-31 16:06:12.994611] INFO: Time from request to first response in 0.029000ms
[2025-01-31 16:06:13.029096] INFO: Received headers - MPI-Rank: 0, Group-ID: 1, Job-ID: 1, Sub-Job-ID: 1, Rank-Count: 4
[2025-01-31 16:06:13.078273] INFO: Receive loop #1 received 16384 bytes in 83.551000ms
[2025-01-31 16:06:13.121865] INFO: Receive loop #2 received 16384 bytes in 0.060000ms
[2025-01-31 16:06:13.170112] INFO: Receive loop #3 received 16384 bytes in 0.095000ms
[2025-01-31 16:06:13.213690] INFO: Receive loop #4 received 16384 bytes in 0.108000ms
[2025-01-31 16:06:13.269612] INFO: Receive loop #5 received 16384 bytes in 0.030000ms
[2025-01-31 16:06:13.313726] INFO: Receive loop #6 received 16384 bytes in 0.028000ms
[2025-01-31 16:06:13.361236] INFO: Receive loop #7 received 16384 bytes in 0.028000ms
[2025-01-31 16:06:13.428411] INFO: Receive loop #8 received 16384 bytes in 0.241000ms
[2025-01-31 16:06:13.472363] INFO: Receive loop #9 received 16384 bytes in 0.027000ms
[2025-01-31 16:06:13.528545] INFO: Receive loop #10 received 16384 bytes in 0.027000ms
[2025-01-31 16:06:13.595088] INFO: Receive loop #11 received 16384 bytes in 0.028000ms
[2025-01-31 16:06:13.638979] INFO: Receive loop #12 received 7659 bytes in 0.018000ms
[2025-01-31 16:06:13.695054] INFO: Response received in 700.453000ms
[2025-01-31 16:06:13.740110] INFO: File saved in 0.438000ms
[2025-01-31 16:06:13.794809] INFO: File saved to: /home/vc/kurotaka/objects/temp_0
[2025-01-31 16:06:13.843447] INFO: Execution permission granted to: /home/vc/kurotaka/objects/temp_0
[2025-01-31 16:06:13.895045] INFO: Executing command: /home/vc/kurotaka/objects/temp_0 0 4 1
[2025-01-31 16:06:14.920152] INFO: Command executed in 979.404000ms
[2025-01-31 16:06:14.948153] INFO: Result saved to: /home/vc/kurotaka/results/result_0
[2025-01-31 16:06:14.981737] INFO: Second connection established in 0.272000ms
[2025-01-31 16:06:15.018123] INFO: Sending result upload request
[2025-01-31 16:06:15.056908] INFO: Second request sent in 0.024000ms
[2025-01-31 16:06:15.108434] INFO: Result uploaded in 0.056000ms
[2025-01-31 16:06:15.153401] INFO: Process completed successfully. Total execution time in 2403.863000ms

