
[2025-01-31 12:39:17] Program started at 2025-01-31 12:39:17.8072
[2025-01-31 12:39:17] [getClientID] MySQL connection established. Execution time: 0.121 ms
[2025-01-31 12:39:17] [getClientID] SELECT table_name FROM table_registry WHERE id = :job_id / Execution time: 0.337 ms
[2025-01-31 12:39:17] [getClientID] SELECT client FROM `matrix` WHERE id = :sub_job_id / Execution time: 0.235 ms
[2025-01-31 12:39:17] getClientID completed. Execution time: 1.163 ms
[2025-01-31 12:39:17] Read file completed. Execution time: 0.015 ms
[2025-01-31 12:39:17] File saved successfully: uploads/job_1/group_1/result_67
[2025-01-31 12:39:17] [updateStatus] MySQL connection established. Execution time: 0.219 ms
[2025-01-31 12:39:17] [updateStatus] SELECT table_name FROM table_registry WHERE id = :job_id FOR UPDATE / Execution time: 1.349 ms
[2025-01-31 12:39:17] [updateStatus] UPDATE `matrix` SET status = :status WHERE id = :sub_job_id / Execution time: 0.210 ms
[2025-01-31 12:39:17] [updateStatus] SELECT COUNT_RECORDS FROM `matrix` / Execution time: 0.281 ms
[2025-01-31 12:39:17] [updateStatus] UPDATE table_registry SET status = :status WHERE id = :job_id / Execution time: 0.145 ms
[2025-01-31 12:39:17] updateStatus completed. Execution time: 85.952 ms
[2025-01-31 12:39:17] Write file completed. Execution time: 86.308 ms
[2025-01-31 12:39:17] [getGroupStatus] MySQL connection established. Execution time: 0.053 ms
[2025-01-31 12:39:17] [getGroupStatus] SELECT table_name FROM table_registry WHERE id = :job_id / Execution time: 0.293 ms
[2025-01-31 12:39:17] [getGroupStatus] SELECT status FROM `matrix` WHERE group_id = :group_id / Execution time: 0.421 ms
[2025-01-31 12:39:17] getGroupStatus completed. Execution time: 0.849 ms
[2025-01-31 12:39:17] Group 1 is not completed yet.
[2025-01-31 12:39:17] Program completed. Total execution time: 92.511 ms

