
[2025-01-31 12:39:18] Program started at 2025-01-31 12:39:18.8372
[2025-01-31 12:39:18] [getClientID] MySQL connection established. Execution time: 1.101 ms
[2025-01-31 12:39:18] [getClientID] SELECT table_name FROM table_registry WHERE id = :job_id / Execution time: 0.396 ms
[2025-01-31 12:39:18] [getClientID] SELECT client FROM `matrix` WHERE id = :sub_job_id / Execution time: 0.222 ms
[2025-01-31 12:39:18] getClientID completed. Execution time: 2.020 ms
[2025-01-31 12:39:18] Read file completed. Execution time: 0.013 ms
[2025-01-31 12:39:18] File saved successfully: uploads/job_1/group_1/result_15
[2025-01-31 12:39:18] [updateStatus] MySQL connection established. Execution time: 0.238 ms
[2025-01-31 12:39:18] [updateStatus] SELECT table_name FROM table_registry WHERE id = :job_id FOR UPDATE / Execution time: 4.166 ms
[2025-01-31 12:39:18] [updateStatus] UPDATE `matrix` SET status = :status WHERE id = :sub_job_id / Execution time: 0.213 ms
[2025-01-31 12:39:18] [updateStatus] SELECT COUNT_RECORDS FROM `matrix` / Execution time: 0.252 ms
[2025-01-31 12:39:18] [updateStatus] UPDATE table_registry SET status = :status WHERE id = :job_id / Execution time: 0.112 ms
[2025-01-31 12:39:18] updateStatus completed. Execution time: 126.863 ms
[2025-01-31 12:39:18] Write file completed. Execution time: 127.274 ms
[2025-01-31 12:39:18] [getGroupStatus] MySQL connection established. Execution time: 0.097 ms
[2025-01-31 12:39:18] [getGroupStatus] SELECT table_name FROM table_registry WHERE id = :job_id / Execution time: 0.328 ms
[2025-01-31 12:39:18] [getGroupStatus] SELECT status FROM `matrix` WHERE group_id = :group_id / Execution time: 0.439 ms
[2025-01-31 12:39:18] getGroupStatus completed. Execution time: 1.050 ms
[2025-01-31 12:39:18] Group 1 is not completed yet.
[2025-01-31 12:39:18] Program completed. Total execution time: 133.424 ms

