
[2025-01-22 16:34:57.208261] INFO: Process started with ID: 95
[2025-01-22 16:34:57.504804] INFO: First connection established in 0.213000ms
[2025-01-22 16:34:57.948022] INFO: Sending request: GET /http_server/send-object.php?ID=95 HTTP/1.1
Host: 192.168.100.3
Connection: close


[2025-01-22 16:34:58.693093] INFO: First request sent in 0.034000ms
[2025-01-22 16:34:59.524391] INFO: Time from request to first response:0.031000ms
[2025-01-22 16:35:00.136928] INFO: Received headers - MPI-Rank: 35, Group-ID: 1, Job-ID: 1, Sub-Job-ID: 36, Rank-Count: 128
[2025-01-22 16:35:01.205333] INFO: Receive loop #1 received 16384 bytes in 1321.405000ms
[2025-01-22 16:35:02.436432] INFO: Receive loop #2 received 16384 bytes in 0.058000ms
[2025-01-22 16:35:03.100556] INFO: Receive loop #3 received 16384 bytes in 0.081000ms
[2025-01-22 16:35:04.179609] INFO: Receive loop #4 received 16384 bytes in 0.112000ms
[2025-01-22 16:35:04.828644] INFO: Receive loop #5 received 16384 bytes in 0.034000ms
[2025-01-22 16:35:05.707180] INFO: Receive loop #6 received 16384 bytes in 0.031000ms
[2025-01-22 16:35:07.139075] INFO: Receive loop #7 received 16384 bytes in 0.009000ms
[2025-01-22 16:35:07.876454] INFO: Receive loop #8 received 16384 bytes in 0.255000ms
[2025-01-22 16:35:08.960888] INFO: Receive loop #9 received 16384 bytes in 0.035000ms
[2025-01-22 16:35:10.014817] INFO: Receive loop #10 received 16384 bytes in 0.029000ms
[2025-01-22 16:35:10.691591] INFO: Receive loop #11 received 16384 bytes in 0.032000ms
[2025-01-22 16:35:11.844462] INFO: Receive loop #12 received 7663 bytes in 0.023000ms
[2025-01-22 16:35:13.134784] INFO: Response received in 13361.006000ms
[2025-01-22 16:35:13.838269] INFO: File saved in 0.472000ms
[2025-01-22 16:35:14.352367] INFO: File saved to: /home/vc/kurotaka/objects/temp_95
[2025-01-22 16:35:14.874614] INFO: Execution permission granted to: /home/vc/kurotaka/objects/temp_95
[2025-01-22 16:35:15.636906] INFO: Executing command: /home/vc/kurotaka/objects/temp_95 35 128
[2025-01-22 16:35:23.796417] INFO: Command executed in 7317.392000ms
[2025-01-22 16:35:24.499908] INFO: Result saved to: /home/vc/kurotaka/results/result_95
[2025-01-22 16:35:25.345794] INFO: Second connection established in 0.211000ms
[2025-01-22 16:35:26.516062] INFO: Sending result upload request
[2025-01-22 16:35:27.542582] INFO: Second request sent in 0.004000ms
[2025-01-22 16:35:28.203443] INFO: Result uploaded in 0.057000ms
[2025-01-22 16:35:29.280130] INFO: Process completed successfully. Total execution time: 32174.059000ms

