
[2025-01-22 16:34:58.440119] INFO: Process started with ID: 63
[2025-01-22 16:34:59.417329] INFO: First connection established in 0.255000ms
[2025-01-22 16:34:59.890491] INFO: Sending request: GET /http_server/send-object.php?ID=63 HTTP/1.1
Host: 192.168.100.3
Connection: close


[2025-01-22 16:35:00.805928] INFO: First request sent in 0.034000ms
[2025-01-22 16:35:02.298325] INFO: Time from request to first response:0.028000ms
[2025-01-22 16:35:02.923483] INFO: Received headers - MPI-Rank: 76, Group-ID: 1, Job-ID: 1, Sub-Job-ID: 77, Rank-Count: 128
[2025-01-22 16:35:03.943607] INFO: Receive loop #1 received 16384 bytes in 1766.034000ms
[2025-01-22 16:35:04.768906] INFO: Receive loop #2 received 16384 bytes in 0.062000ms
[2025-01-22 16:35:05.562061] INFO: Receive loop #3 received 16384 bytes in 0.075000ms
[2025-01-22 16:35:06.871178] INFO: Receive loop #4 received 16384 bytes in 0.112000ms
[2025-01-22 16:35:07.718728] INFO: Receive loop #5 received 16384 bytes in 0.036000ms
[2025-01-22 16:35:08.577380] INFO: Receive loop #6 received 16384 bytes in 0.029000ms
[2025-01-22 16:35:09.800125] INFO: Receive loop #7 received 16384 bytes in 0.030000ms
[2025-01-22 16:35:10.427831] INFO: Receive loop #8 received 16384 bytes in 0.293000ms
[2025-01-22 16:35:11.428466] INFO: Receive loop #9 received 16384 bytes in 0.037000ms
[2025-01-22 16:35:12.956304] INFO: Receive loop #10 received 16384 bytes in 0.036000ms
[2025-01-22 16:35:13.578950] INFO: Receive loop #11 received 16384 bytes in 0.029000ms
[2025-01-22 16:35:14.223234] INFO: Receive loop #12 received 7663 bytes in 0.018000ms
[2025-01-22 16:35:14.776635] INFO: Response received in 12863.588000ms
[2025-01-22 16:35:15.406674] INFO: File saved in 0.491000ms
[2025-01-22 16:35:16.208127] INFO: File saved to: /home/vc/kurotaka/objects/temp_63
[2025-01-22 16:35:17.712549] INFO: Execution permission granted to: /home/vc/kurotaka/objects/temp_63
[2025-01-22 16:35:18.478044] INFO: Executing command: /home/vc/kurotaka/objects/temp_63 76 128
[2025-01-22 16:35:22.568442] INFO: Command executed in 3423.703000ms
[2025-01-22 16:35:23.874210] INFO: Result saved to: /home/vc/kurotaka/results/result_63
[2025-01-22 16:35:24.585119] INFO: Second connection established in 0.182000ms
[2025-01-22 16:35:25.485544] INFO: Sending result upload request
[2025-01-22 16:35:26.892731] INFO: Second request sent in 0.026000ms
[2025-01-22 16:35:27.748139] INFO: Result uploaded in 0.053000ms
[2025-01-22 16:35:28.589494] INFO: Process completed successfully. Total execution time: 31312.437000ms

