
[2025-01-22 16:41:01.123205] INFO: Process started with ID: 121
[2025-01-22 16:41:01.769946] INFO: First connection established in 0.231000ms
[2025-01-22 16:41:02.878721] INFO: Sending request: GET /http_server/send-object.php?ID=121 HTTP/1.1
Host: 192.168.100.3
Connection: close


[2025-01-22 16:41:04.029713] INFO: First request sent in 0.039000ms
[2025-01-22 16:41:04.714297] INFO: Time from request to first response:0.032000ms
[2025-01-22 16:41:05.812448] INFO: Received headers - MPI-Rank: 94, Group-ID: 1, Job-ID: 1, Sub-Job-ID: 95, Rank-Count: 128
[2025-01-22 16:41:06.458639] INFO: Receive loop #1 received 16384 bytes in 1761.993000ms
[2025-01-22 16:41:07.380232] INFO: Receive loop #2 received 16384 bytes in 0.066000ms
[2025-01-22 16:41:08.937474] INFO: Receive loop #3 received 16384 bytes in 0.100000ms
[2025-01-22 16:41:09.552816] INFO: Receive loop #4 received 16384 bytes in 0.111000ms
[2025-01-22 16:41:10.599895] INFO: Receive loop #5 received 16384 bytes in 0.028000ms
[2025-01-22 16:41:11.584265] INFO: Receive loop #6 received 16384 bytes in 0.029000ms
[2025-01-22 16:41:12.271662] INFO: Receive loop #7 received 16384 bytes in 0.034000ms
[2025-01-22 16:41:13.490451] INFO: Receive loop #8 received 16384 bytes in 0.296000ms
[2025-01-22 16:41:14.752376] INFO: Receive loop #9 received 16384 bytes in 0.035000ms
[2025-01-22 16:41:15.477177] INFO: Receive loop #10 received 16384 bytes in 0.036000ms
[2025-01-22 16:41:15.979167] INFO: Receive loop #11 received 16384 bytes in 0.035000ms
[2025-01-22 16:41:16.484056] INFO: Receive loop #12 received 7663 bytes in 0.030000ms
[2025-01-22 16:41:17.216403] INFO: Response received in 12504.196000ms
[2025-01-22 16:41:18.464200] INFO: File saved in 0.119000ms
[2025-01-22 16:41:19.266963] INFO: File saved to: /home/vc/kurotaka/objects/temp_121
[2025-01-22 16:41:20.391786] INFO: Execution permission granted to: /home/vc/kurotaka/objects/temp_121
[2025-01-22 16:41:21.012575] INFO: Executing command: /home/vc/kurotaka/objects/temp_121 94 128
[2025-01-22 16:41:25.262489] INFO: Command executed in 3740.025000ms
[2025-01-22 16:41:26.022287] INFO: Result saved to: /home/vc/kurotaka/results/result_121
[2025-01-22 16:41:26.817154] INFO: Second connection established in 0.228000ms
[2025-01-22 16:41:28.070484] INFO: Sending result upload request
[2025-01-22 16:41:29.096892] INFO: Second request sent in 0.025000ms
[2025-01-22 16:41:29.780844] INFO: Result uploaded in 0.053000ms
[2025-01-22 16:41:30.918833] INFO: Process completed successfully. Total execution time: 32174.247000ms

