
[2025-01-31 15:53:46.834993] INFO: Process started with ID: 59
[2025-01-31 15:53:47.166717] INFO: First connection established in 0.167000ms
[2025-01-31 15:53:47.662921] INFO: Sending request: GET /http_server/send-object.php?ID=59 HTTP/1.1
Host: 192.168.100.3
Connection: close


[2025-01-31 15:53:48.485616] INFO: First request sent in 0.032000ms
[2025-01-31 15:53:49.554254] INFO: Time from request to first response in 0.016000ms
[2025-01-31 15:53:50.085400] INFO: Received headers - MPI-Rank: 32, Group-ID: 1, Job-ID: 2, Sub-Job-ID: 33, Rank-Count: 64
[2025-01-31 15:53:51.103910] INFO: Receive loop #1 received 16384 bytes in 1284.706000ms
[2025-01-31 15:53:52.412166] INFO: Receive loop #2 received 29 bytes in 0.044000ms
[2025-01-31 15:53:52.969653] INFO: Response received in 3348.077000ms
[2025-01-31 15:53:53.990231] INFO: File saved in 0.152000ms
[2025-01-31 15:53:55.460893] INFO: File saved to: /home/vc/kurotaka/objects/temp_59
[2025-01-31 15:53:56.099095] INFO: Execution permission granted to: /home/vc/kurotaka/objects/temp_59
[2025-01-31 15:53:57.306379] INFO: Executing command: /home/vc/kurotaka/objects/temp_59 32 64 1
[2025-01-31 15:53:58.524152] INFO: Command executed in 2.733000ms
[2025-01-31 15:53:59.216109] INFO: Result saved to: /home/vc/kurotaka/results/result_59
[2025-01-31 15:54:00.196336] INFO: Second connection established in 0.156000ms
[2025-01-31 15:54:00.959406] INFO: Sending result upload request
[2025-01-31 15:54:01.611888] INFO: Second request sent in 0.028000ms
[2025-01-31 15:54:02.218739] INFO: Result uploaded in 0.050000ms
[2025-01-31 15:54:02.725340] INFO: Process completed successfully. Total execution time in 16043.318000ms

