
[2025-01-31 15:53:46.784832] INFO: Process started with ID: 81
[2025-01-31 15:53:47.115433] INFO: First connection established in 0.203000ms
[2025-01-31 15:53:47.662339] INFO: Sending request: GET /http_server/send-object.php?ID=81 HTTP/1.1
Host: 192.168.100.3
Connection: close


[2025-01-31 15:53:48.342567] INFO: First request sent in 0.033000ms
[2025-01-31 15:53:49.434181] INFO: Time from request to first response in 0.015000ms
[2025-01-31 15:53:49.936682] INFO: Received headers - MPI-Rank: 29, Group-ID: 1, Job-ID: 2, Sub-Job-ID: 30, Rank-Count: 64
[2025-01-31 15:53:50.757139] INFO: Receive loop #1 received 16384 bytes in 1426.025000ms
[2025-01-31 15:53:52.011346] INFO: Receive loop #2 received 29 bytes in 0.045000ms
[2025-01-31 15:53:52.736296] INFO: Response received in 3520.597000ms
[2025-01-31 15:53:53.559323] INFO: File saved in 0.160000ms
[2025-01-31 15:53:54.857717] INFO: File saved to: /home/vc/kurotaka/objects/temp_81
[2025-01-31 15:53:55.823000] INFO: Execution permission granted to: /home/vc/kurotaka/objects/temp_81
[2025-01-31 15:53:56.695723] INFO: Executing command: /home/vc/kurotaka/objects/temp_81 29 64 1
[2025-01-31 15:53:58.074774] INFO: Command executed in 2.876000ms
[2025-01-31 15:53:58.815753] INFO: Result saved to: /home/vc/kurotaka/results/result_81
[2025-01-31 15:53:59.736325] INFO: Second connection established in 0.247000ms
[2025-01-31 15:54:00.668171] INFO: Sending result upload request
[2025-01-31 15:54:01.277258] INFO: Second request sent in 0.025000ms
[2025-01-31 15:54:01.865152] INFO: Result uploaded in 0.039000ms
[2025-01-31 15:54:02.512506] INFO: Process completed successfully. Total execution time in 15749.326000ms

