
[2025-01-30 11:53:17.905341] INFO: Process started with ID: 57
[2025-01-30 11:53:19.421266] INFO: First connection established in 0.231000ms
[2025-01-30 11:53:20.730533] INFO: Sending request: GET /http_server/send-object.php?ID=57 HTTP/1.1
Host: 192.168.100.3
Connection: close


[2025-01-30 11:53:22.210616] INFO: First request sent in 0.034000ms
[2025-01-30 11:53:23.767847] INFO: Time from request to first response in 0.029000ms
[2025-01-30 11:53:25.618232] INFO: Received headers - MPI-Rank: 154, Group-ID: 1, Job-ID: 1, Sub-Job-ID: 155, Rank-Count: 256
[2025-01-30 11:53:27.772310] INFO: Receive loop #1 received 16384 bytes in 3795.230000ms
[2025-01-30 11:53:28.872454] INFO: Receive loop #2 received 16384 bytes in 0.068000ms
[2025-01-30 11:53:30.428497] INFO: Receive loop #3 received 16384 bytes in 0.082000ms
[2025-01-30 11:53:32.910010] INFO: Receive loop #4 received 16384 bytes in 0.134000ms
[2025-01-30 11:53:34.689472] INFO: Receive loop #5 received 16384 bytes in 0.036000ms
[2025-01-30 11:53:36.616826] INFO: Receive loop #6 received 16384 bytes in 0.030000ms
[2025-01-30 11:53:39.135948] INFO: Receive loop #7 received 16384 bytes in 0.042000ms
[2025-01-30 11:53:41.681467] INFO: Receive loop #8 received 16384 bytes in 0.442000ms
[2025-01-30 11:53:42.649849] INFO: Receive loop #9 received 16384 bytes in 0.038000ms
[2025-01-30 11:53:44.077071] INFO: Receive loop #10 received 16384 bytes in 0.028000ms
[2025-01-30 11:53:46.151162] INFO: Receive loop #11 received 16384 bytes in 0.005000ms
[2025-01-30 11:53:47.804474] INFO: Receive loop #12 received 7665 bytes in 0.023000ms
[2025-01-30 11:53:49.554112] INFO: Response received in 25625.727000ms
[2025-01-30 11:53:51.134457] INFO: File saved in 0.109000ms
[2025-01-30 11:53:52.917848] INFO: File saved to: /home/vc/kurotaka/objects/temp_57
[2025-01-30 11:53:54.512405] INFO: Execution permission granted to: /home/vc/kurotaka/objects/temp_57
[2025-01-30 11:53:55.270640] INFO: Executing command: /home/vc/kurotaka/objects/temp_57 154 256
[2025-01-30 11:54:07.164348] INFO: Command executed in 11136.090000ms
[2025-01-30 11:54:09.437811] INFO: Result saved to: /home/vc/kurotaka/results/result_57
[2025-01-30 11:54:10.988055] INFO: Second connection established in 0.198000ms
[2025-01-30 11:54:12.511149] INFO: Sending result upload request
[2025-01-30 11:54:14.118067] INFO: Second request sent in 0.005000ms
[2025-01-30 11:54:16.538874] INFO: Result uploaded in 0.054000ms
[2025-01-30 11:54:18.921183] INFO: Process completed successfully. Total execution time in 1m 6175.848000ms

