
[2025-01-30 11:53:11.789994] INFO: Process started with ID: 90
[2025-01-30 11:53:11.891820] INFO: First connection established in 0.136000ms
[2025-01-30 11:53:12.057848] INFO: Sending request: GET /http_server/send-object.php?ID=90 HTTP/1.1
Host: 192.168.100.3
Connection: close


[2025-01-30 11:53:12.244069] INFO: First request sent in 0.033000ms
[2025-01-30 11:53:12.493434] INFO: Time from request to first response in 0.033000ms
[2025-01-30 11:53:12.861744] INFO: Received headers - MPI-Rank: 1, Group-ID: 1, Job-ID: 1, Sub-Job-ID: 2, Rank-Count: 256
[2025-01-30 11:53:13.533470] INFO: Receive loop #1 received 16384 bytes in 804.298000ms
[2025-01-30 11:53:14.436661] INFO: Receive loop #2 received 16384 bytes in 0.063000ms
[2025-01-30 11:53:15.133272] INFO: Receive loop #3 received 16384 bytes in 0.091000ms
[2025-01-30 11:53:16.509821] INFO: Receive loop #4 received 16384 bytes in 0.110000ms
[2025-01-30 11:53:17.588290] INFO: Receive loop #5 received 16384 bytes in 0.036000ms
[2025-01-30 11:53:19.003641] INFO: Receive loop #6 received 16384 bytes in 0.028000ms
[2025-01-30 11:53:20.482662] INFO: Receive loop #7 received 16384 bytes in 0.030000ms
[2025-01-30 11:53:22.140758] INFO: Receive loop #8 received 16384 bytes in 0.291000ms
[2025-01-30 11:53:23.670705] INFO: Receive loop #9 received 16384 bytes in 0.030000ms
[2025-01-30 11:53:25.572177] INFO: Receive loop #10 received 16384 bytes in 0.028000ms
[2025-01-30 11:53:27.772758] INFO: Receive loop #11 received 16384 bytes in 0.084000ms
[2025-01-30 11:53:28.872942] INFO: Receive loop #12 received 7661 bytes in 0.021000ms
[2025-01-30 11:53:30.342538] INFO: Response received in 17551.909000ms
[2025-01-30 11:53:32.847038] INFO: File saved in 0.568000ms
[2025-01-30 11:53:34.361206] INFO: File saved to: /home/vc/kurotaka/objects/temp_90
[2025-01-30 11:53:38.145394] INFO: Execution permission granted to: /home/vc/kurotaka/objects/temp_90
[2025-01-30 11:53:40.045992] INFO: Executing command: /home/vc/kurotaka/objects/temp_90 1 256
[2025-01-30 11:54:07.500278] INFO: Command executed in 25088.730000ms
[2025-01-30 11:54:09.504925] INFO: Result saved to: /home/vc/kurotaka/results/result_90
[2025-01-30 11:54:11.003766] INFO: Second connection established in 0.189000ms
[2025-01-30 11:54:12.511548] INFO: Sending result upload request
[2025-01-30 11:54:14.198920] INFO: Second request sent in 0.025000ms
[2025-01-30 11:54:16.504594] INFO: Result uploaded in 0.057000ms
[2025-01-30 11:54:18.921709] INFO: Process completed successfully. Total execution time in 1m 6177.047000ms

