
[2025-01-30 11:53:12.206792] INFO: Process started with ID: 62
[2025-01-30 11:53:12.416434] INFO: First connection established in 0.209000ms
[2025-01-30 11:53:12.787753] INFO: Sending request: GET /http_server/send-object.php?ID=62 HTTP/1.1
Host: 192.168.100.3
Connection: close


[2025-01-30 11:53:13.467378] INFO: First request sent in 0.038000ms
[2025-01-30 11:53:14.392769] INFO: Time from request to first response in 0.030000ms
[2025-01-30 11:53:15.020000] INFO: Received headers - MPI-Rank: 50, Group-ID: 1, Job-ID: 1, Sub-Job-ID: 51, Rank-Count: 256
[2025-01-30 11:53:16.241133] INFO: Receive loop #1 received 16384 bytes in 1535.505000ms
[2025-01-30 11:53:17.428308] INFO: Receive loop #2 received 16384 bytes in 0.061000ms
[2025-01-30 11:53:18.456587] INFO: Receive loop #3 received 16384 bytes in 0.077000ms
[2025-01-30 11:53:20.162765] INFO: Receive loop #4 received 16384 bytes in 0.111000ms
[2025-01-30 11:53:21.350112] INFO: Receive loop #5 received 16384 bytes in 0.029000ms
[2025-01-30 11:53:22.705665] INFO: Receive loop #6 received 16384 bytes in 0.030000ms
[2025-01-30 11:53:24.780995] INFO: Receive loop #7 received 16384 bytes in 0.035000ms
[2025-01-30 11:53:26.273805] INFO: Receive loop #8 received 16384 bytes in 0.302000ms
[2025-01-30 11:53:28.265866] INFO: Receive loop #9 received 16384 bytes in 0.030000ms
[2025-01-30 11:53:29.562986] INFO: Receive loop #10 received 16384 bytes in 0.034000ms
[2025-01-30 11:53:31.267516] INFO: Receive loop #11 received 16384 bytes in 0.035000ms
[2025-01-30 11:53:33.412882] INFO: Receive loop #12 received 7663 bytes in 0.019000ms
[2025-01-30 11:53:35.916187] INFO: Response received in 20986.162000ms
[2025-01-30 11:53:37.862061] INFO: File saved in 0.687000ms
[2025-01-30 11:53:39.894390] INFO: File saved to: /home/vc/kurotaka/objects/temp_62
[2025-01-30 11:53:43.916786] INFO: Execution permission granted to: /home/vc/kurotaka/objects/temp_62
[2025-01-30 11:53:45.348798] INFO: Executing command: /home/vc/kurotaka/objects/temp_62 50 256
[2025-01-30 11:54:09.325579] INFO: Command executed in 23255.413000ms
[2025-01-30 11:54:10.807561] INFO: Result saved to: /home/vc/kurotaka/results/result_62
[2025-01-30 11:54:12.129363] INFO: Second connection established in 0.296000ms
[2025-01-30 11:54:13.836165] INFO: Sending result upload request
[2025-01-30 11:54:16.338941] INFO: Second request sent in 0.023000ms
[2025-01-30 11:54:18.161645] INFO: Result uploaded in 0.017000ms
[2025-01-30 11:54:19.959165] INFO: Process completed successfully. Total execution time in 1m 7930.905000ms

