
[2025-01-30 11:53:12.021405] INFO: Process started with ID: 206
[2025-01-30 11:53:12.232988] INFO: First connection established in 0.183000ms
[2025-01-30 11:53:12.417356] INFO: Sending request: GET /http_server/send-object.php?ID=206 HTTP/1.1
Host: 192.168.100.3
Connection: close


[2025-01-30 11:53:12.788751] INFO: First request sent in 0.032000ms
[2025-01-30 11:53:13.398036] INFO: Time from request to first response in 0.031000ms
[2025-01-30 11:53:14.338233] INFO: Received headers - MPI-Rank: 34, Group-ID: 1, Job-ID: 1, Sub-Job-ID: 35, Rank-Count: 256
[2025-01-30 11:53:14.876204] INFO: Receive loop #1 received 16384 bytes in 1473.349000ms
[2025-01-30 11:53:16.242011] INFO: Receive loop #2 received 16384 bytes in 0.061000ms
[2025-01-30 11:53:17.429263] INFO: Receive loop #3 received 16384 bytes in 0.090000ms
[2025-01-30 11:53:18.418350] INFO: Receive loop #4 received 16384 bytes in 0.110000ms
[2025-01-30 11:53:20.163415] INFO: Receive loop #5 received 16384 bytes in 0.028000ms
[2025-01-30 11:53:21.350865] INFO: Receive loop #6 received 16384 bytes in 0.028000ms
[2025-01-30 11:53:22.706655] INFO: Receive loop #7 received 16384 bytes in 0.028000ms
[2025-01-30 11:53:24.877935] INFO: Receive loop #8 received 16384 bytes in 0.264000ms
[2025-01-30 11:53:26.369237] INFO: Receive loop #9 received 16384 bytes in 0.041000ms
[2025-01-30 11:53:28.267037] INFO: Receive loop #10 received 16384 bytes in 0.028000ms
[2025-01-30 11:53:29.634639] INFO: Receive loop #11 received 16384 bytes in 0.028000ms
[2025-01-30 11:53:31.200158] INFO: Receive loop #12 received 7663 bytes in 0.018000ms
[2025-01-30 11:53:33.321025] INFO: Response received in 19721.961000ms
[2025-01-30 11:53:35.755439] INFO: File saved in 0.444000ms
[2025-01-30 11:53:37.517403] INFO: File saved to: /home/vc/kurotaka/objects/temp_206
[2025-01-30 11:53:39.627088] INFO: Execution permission granted to: /home/vc/kurotaka/objects/temp_206
[2025-01-30 11:53:42.020557] INFO: Executing command: /home/vc/kurotaka/objects/temp_206 34 256
[2025-01-30 11:54:06.684922] INFO: Command executed in 23027.828000ms
[2025-01-30 11:54:08.974199] INFO: Result saved to: /home/vc/kurotaka/results/result_206
[2025-01-30 11:54:10.318737] INFO: Second connection established in 0.143000ms
[2025-01-30 11:54:11.692245] INFO: Sending result upload request
[2025-01-30 11:54:13.431369] INFO: Second request sent in 0.028000ms
[2025-01-30 11:54:15.524361] INFO: Result uploaded in 0.059000ms
[2025-01-30 11:54:17.436199] INFO: Process completed successfully. Total execution time in 1m 4941.786000ms

