
[2025-01-30 11:53:11.840131] INFO: Process started with ID: 102
[2025-01-30 11:53:11.973638] INFO: First connection established in 0.219000ms
[2025-01-30 11:53:12.165894] INFO: Sending request: GET /http_server/send-object.php?ID=102 HTTP/1.1
Host: 192.168.100.3
Connection: close


[2025-01-30 11:53:12.367126] INFO: First request sent in 0.037000ms
[2025-01-30 11:53:12.687642] INFO: Time from request to first response in 0.041000ms
[2025-01-30 11:53:13.188986] INFO: Received headers - MPI-Rank: 9, Group-ID: 1, Job-ID: 1, Sub-Job-ID: 10, Rank-Count: 256
[2025-01-30 11:53:14.121638] INFO: Receive loop #1 received 16384 bytes in 1259.869000ms
[2025-01-30 11:53:14.790651] INFO: Receive loop #2 received 16384 bytes in 0.059000ms
[2025-01-30 11:53:15.970490] INFO: Receive loop #3 received 16384 bytes in 0.075000ms
[2025-01-30 11:53:17.368582] INFO: Receive loop #4 received 16384 bytes in 0.112000ms
[2025-01-30 11:53:18.374445] INFO: Receive loop #5 received 16384 bytes in 0.030000ms
[2025-01-30 11:53:20.163324] INFO: Receive loop #6 received 16384 bytes in 0.029000ms
[2025-01-30 11:53:21.350645] INFO: Receive loop #7 received 16384 bytes in 0.030000ms
[2025-01-30 11:53:22.784211] INFO: Receive loop #8 received 16384 bytes in 0.250000ms
[2025-01-30 11:53:25.090259] INFO: Receive loop #9 received 16384 bytes in 0.036000ms
[2025-01-30 11:53:26.529646] INFO: Receive loop #10 received 16384 bytes in 0.030000ms
[2025-01-30 11:53:28.432071] INFO: Receive loop #11 received 16384 bytes in 0.037000ms
[2025-01-30 11:53:29.701769] INFO: Receive loop #12 received 7662 bytes in 0.023000ms
[2025-01-30 11:53:31.268045] INFO: Response received in 18054.004000ms
[2025-01-30 11:53:33.413616] INFO: File saved in 0.490000ms
[2025-01-30 11:53:35.916742] INFO: File saved to: /home/vc/kurotaka/objects/temp_102
[2025-01-30 11:53:37.862612] INFO: Execution permission granted to: /home/vc/kurotaka/objects/temp_102
[2025-01-30 11:53:39.894700] INFO: Executing command: /home/vc/kurotaka/objects/temp_102 9 256
[2025-01-30 11:54:09.797098] INFO: Command executed in 27455.533000ms
[2025-01-30 11:54:11.308282] INFO: Result saved to: /home/vc/kurotaka/results/result_102
[2025-01-30 11:54:13.181086] INFO: Second connection established in 0.208000ms
[2025-01-30 11:54:14.899032] INFO: Sending result upload request
[2025-01-30 11:54:17.003423] INFO: Second request sent in 0.018000ms
[2025-01-30 11:54:19.431527] INFO: Result uploaded in 0.088000ms
[2025-01-30 11:54:21.064125] INFO: Process completed successfully. Total execution time in 1m 8513.295000ms

