
[2025-01-30 11:53:11.789849] INFO: Process started with ID: 182
[2025-01-30 11:53:11.891573] INFO: First connection established in 0.276000ms
[2025-01-30 11:53:12.034270] INFO: Sending request: GET /http_server/send-object.php?ID=182 HTTP/1.1
Host: 192.168.100.3
Connection: close


[2025-01-30 11:53:12.232759] INFO: First request sent in 0.029000ms
[2025-01-30 11:53:12.461909] INFO: Time from request to first response in 0.026000ms
[2025-01-30 11:53:12.861587] INFO: Received headers - MPI-Rank: 0, Group-ID: 1, Job-ID: 1, Sub-Job-ID: 1, Rank-Count: 256
[2025-01-30 11:53:13.533394] INFO: Receive loop #1 received 16384 bytes in 804.733000ms
[2025-01-30 11:53:14.418694] INFO: Receive loop #2 received 16384 bytes in 0.059000ms
[2025-01-30 11:53:15.076505] INFO: Receive loop #3 received 16384 bytes in 0.079000ms
[2025-01-30 11:53:16.416555] INFO: Receive loop #4 received 16384 bytes in 0.135000ms
[2025-01-30 11:53:17.544524] INFO: Receive loop #5 received 16384 bytes in 0.029000ms
[2025-01-30 11:53:18.725468] INFO: Receive loop #6 received 16384 bytes in 0.035000ms
[2025-01-30 11:53:20.321793] INFO: Receive loop #7 received 16384 bytes in 0.029000ms
[2025-01-30 11:53:21.844543] INFO: Receive loop #8 received 16384 bytes in 0.265000ms
[2025-01-30 11:53:23.129501] INFO: Receive loop #9 received 16384 bytes in 0.029000ms
[2025-01-30 11:53:25.260212] INFO: Receive loop #10 received 16384 bytes in 0.031000ms
[2025-01-30 11:53:27.021449] INFO: Receive loop #11 received 16384 bytes in 0.028000ms
[2025-01-30 11:53:28.659180] INFO: Receive loop #12 received 7661 bytes in 0.018000ms
[2025-01-30 11:53:30.071274] INFO: Response received in 17249.944000ms
[2025-01-30 11:53:32.131883] INFO: File saved in 0.473000ms
[2025-01-30 11:53:33.907937] INFO: File saved to: /home/vc/kurotaka/objects/temp_182
[2025-01-30 11:53:37.516792] INFO: Execution permission granted to: /home/vc/kurotaka/objects/temp_182
[2025-01-30 11:53:39.574067] INFO: Executing command: /home/vc/kurotaka/objects/temp_182 0 256
[2025-01-30 11:54:09.366817] INFO: Command executed in 27882.399000ms
[2025-01-30 11:54:10.857155] INFO: Result saved to: /home/vc/kurotaka/results/result_182
[2025-01-30 11:54:12.189708] INFO: Second connection established in 0.253000ms
[2025-01-30 11:54:13.836612] INFO: Sending result upload request
[2025-01-30 11:54:16.366233] INFO: Second request sent in 0.025000ms
[2025-01-30 11:54:18.454891] INFO: Result uploaded in 0.060000ms
[2025-01-30 11:54:20.238242] INFO: Process completed successfully. Total execution time in 1m 8067.182000ms

