
[2025-01-30 11:53:22.320972] INFO: Process started with ID: 48
[2025-01-30 11:53:24.023695] INFO: First connection established in 0.217000ms
[2025-01-30 11:53:25.751612] INFO: Sending request: GET /http_server/send-object.php?ID=48 HTTP/1.1
Host: 192.168.100.3
Connection: close


[2025-01-30 11:53:27.961418] INFO: First request sent in 0.036000ms
[2025-01-30 11:53:29.046273] INFO: Time from request to first response in 0.035000ms
[2025-01-30 11:53:30.753102] INFO: Received headers - MPI-Rank: 192, Group-ID: 1, Job-ID: 1, Sub-Job-ID: 193, Rank-Count: 256
[2025-01-30 11:53:33.076414] INFO: Receive loop #1 received 16384 bytes in 3772.277000ms
[2025-01-30 11:53:35.247458] INFO: Receive loop #2 received 16384 bytes in 0.073000ms
[2025-01-30 11:53:37.032695] INFO: Receive loop #3 received 16384 bytes in 0.085000ms
[2025-01-30 11:53:39.299647] INFO: Receive loop #4 received 16384 bytes in 0.112000ms
[2025-01-30 11:53:41.777302] INFO: Receive loop #5 received 16384 bytes in 0.038000ms
[2025-01-30 11:53:42.650107] INFO: Receive loop #6 received 16384 bytes in 0.026000ms
[2025-01-30 11:53:44.078025] INFO: Receive loop #7 received 16384 bytes in 0.030000ms
[2025-01-30 11:53:46.157762] INFO: Receive loop #8 received 16384 bytes in 0.052000ms
[2025-01-30 11:53:47.906044] INFO: Receive loop #9 received 16384 bytes in 0.034000ms
[2025-01-30 11:53:49.589533] INFO: Receive loop #10 received 16384 bytes in 0.006000ms
[2025-01-30 11:53:51.171605] INFO: Receive loop #11 received 16384 bytes in 0.005000ms
[2025-01-30 11:53:52.996649] INFO: Receive loop #12 received 7665 bytes in 0.019000ms
[2025-01-30 11:53:54.160065] INFO: Response received in 24706.039000ms
[2025-01-30 11:53:55.046291] INFO: File saved in 0.107000ms
[2025-01-30 11:53:55.550250] INFO: File saved to: /home/vc/kurotaka/objects/temp_48
[2025-01-30 11:53:57.245425] INFO: Execution permission granted to: /home/vc/kurotaka/objects/temp_48
[2025-01-30 11:53:58.071985] INFO: Executing command: /home/vc/kurotaka/objects/temp_48 192 256
[2025-01-30 11:54:07.164277] INFO: Command executed in 7953.609000ms
[2025-01-30 11:54:09.437765] INFO: Result saved to: /home/vc/kurotaka/results/result_48
[2025-01-30 11:54:10.946074] INFO: Second connection established in 0.188000ms
[2025-01-30 11:54:12.372381] INFO: Sending result upload request
[2025-01-30 11:54:14.048686] INFO: Second request sent in 0.029000ms
[2025-01-30 11:54:16.488841] INFO: Result uploaded in 0.054000ms
[2025-01-30 11:54:18.548994] INFO: Process completed successfully. Total execution time in 1m 6010.780000ms

