
[2025-01-30 11:53:13.634968] INFO: Process started with ID: 3
[2025-01-30 11:53:14.484074] INFO: First connection established in 0.283000ms
[2025-01-30 11:53:15.285239] INFO: Sending request: GET /http_server/send-object.php?ID=3 HTTP/1.1
Host: 192.168.100.3
Connection: close


[2025-01-30 11:53:16.705235] INFO: First request sent in 0.035000ms
[2025-01-30 11:53:17.707382] INFO: Time from request to first response in 0.036000ms
[2025-01-30 11:53:19.116825] INFO: Received headers - MPI-Rank: 97, Group-ID: 1, Job-ID: 1, Sub-Job-ID: 98, Rank-Count: 256
[2025-01-30 11:53:20.482046] INFO: Receive loop #1 received 16384 bytes in 2758.946000ms
[2025-01-30 11:53:22.045229] INFO: Receive loop #2 received 16384 bytes in 0.021000ms
[2025-01-30 11:53:23.354489] INFO: Receive loop #3 received 16384 bytes in 0.076000ms
[2025-01-30 11:53:25.366772] INFO: Receive loop #4 received 16384 bytes in 0.111000ms
[2025-01-30 11:53:27.221262] INFO: Receive loop #5 received 16384 bytes in 0.034000ms
[2025-01-30 11:53:28.658674] INFO: Receive loop #6 received 16384 bytes in 0.029000ms
[2025-01-30 11:53:30.113018] INFO: Receive loop #7 received 16384 bytes in 0.035000ms
[2025-01-30 11:53:32.369802] INFO: Receive loop #8 received 16384 bytes in 0.263000ms
[2025-01-30 11:53:34.148081] INFO: Receive loop #9 received 16384 bytes in 0.038000ms
[2025-01-30 11:53:36.374452] INFO: Receive loop #10 received 16384 bytes in 0.036000ms
[2025-01-30 11:53:38.858143] INFO: Receive loop #11 received 16384 bytes in 0.029000ms
[2025-01-30 11:53:40.535971] INFO: Receive loop #12 received 7663 bytes in 0.014000ms
[2025-01-30 11:53:42.649068] INFO: Response received in 24629.672000ms
[2025-01-30 11:53:44.076675] INFO: File saved in 0.500000ms
[2025-01-30 11:53:45.801940] INFO: File saved to: /home/vc/kurotaka/objects/temp_3
[2025-01-30 11:53:48.685722] INFO: Execution permission granted to: /home/vc/kurotaka/objects/temp_3
[2025-01-30 11:53:50.553369] INFO: Executing command: /home/vc/kurotaka/objects/temp_3 97 256
[2025-01-30 11:54:08.734304] INFO: Command executed in 16464.831000ms
[2025-01-30 11:54:10.219122] INFO: Result saved to: /home/vc/kurotaka/results/result_3
[2025-01-30 11:54:11.671740] INFO: Second connection established in 0.176000ms
[2025-01-30 11:54:13.517624] INFO: Sending result upload request
[2025-01-30 11:54:15.783252] INFO: Second request sent in 0.025000ms
[2025-01-30 11:54:17.576870] INFO: Result uploaded in 0.054000ms
[2025-01-30 11:54:19.676755] INFO: Process completed successfully. Total execution time in 1m 7542.529000ms

