
[2025-01-20 13:04:44] Program started
[2025-01-20 13:04:44] [getClientID] MySQL connection established. Execution time: 0.360 ms
[2025-01-20 13:04:44] [getClientID] SELECT table_name FROM table_registry WHERE id = :job_id / Execution time: 0.398 ms
[2025-01-20 13:04:44] [getClientID] SELECT client FROM `matrix` WHERE id = :sub_job_id / Execution time: 0.177 ms
[2025-01-20 13:04:44] getClientID completed. Execution time: 1.114 ms
[2025-01-20 13:04:44] Read file completed. Execution time: 0.014 ms
[2025-01-20 13:04:44] File saved successfully: uploads/job_1/group_1/result_619
[2025-01-20 13:04:44] [updateStatus] MySQL connection established. Execution time: 0.102 ms
[2025-01-20 13:04:44] [updateStatus] SELECT table_name FROM table_registry WHERE id = :job_id FOR UPDATE / Execution time: 0.177 ms
[2025-01-20 13:04:44] [updateStatus] UPDATE `matrix` SET status = :status WHERE id = :sub_job_id / Execution time: 0.223 ms
[2025-01-20 13:04:44] [updateStatus] SELECT COUNT(*) AS total, SUM(...) FROM `matrix` / Execution time: 0.949 ms
[2025-01-20 13:04:44] [updateStatus] UPDATE table_registry SET status = :status WHERE id = :job_id / Execution time: 0.138 ms
[2025-01-20 13:04:44] updateStatus completed. Execution time: 3.742 ms
[2025-01-20 13:04:44] Write file completed. Execution time: 4.054 ms
[2025-01-20 13:04:44] [getGroupStatus] MySQL connection established. Execution time: 0.032 ms
[2025-01-20 13:04:44] [getGroupStatus] SELECT table_name FROM table_registry WHERE id = :job_id / Execution time: 0.157 ms
[2025-01-20 13:04:44] [getGroupStatus] SELECT status FROM `matrix` WHERE group_id = :group_id / Execution time: 1.396 ms
[2025-01-20 13:04:44] getGroupStatus completed. Execution time: 1.668 ms
[2025-01-20 13:04:44] Group 1 is not completed yet.
[2025-01-20 13:04:44] Program completed. Total execution time: 9.759 ms

