
[2025-01-20 12:48:07] Program started
[2025-01-20 12:48:07] [getClientID] MySQL connection established. Execution time: 0.290 ms
[2025-01-20 12:48:07] [getClientID] SELECT table_name FROM table_registry WHERE id = :job_id / Execution time: 0.667 ms
[2025-01-20 12:48:07] [getClientID] SELECT client FROM `matrix` WHERE id = :sub_job_id / Execution time: 0.242 ms
[2025-01-20 12:48:07] getClientID completed. Execution time: 1.482 ms
[2025-01-20 12:48:07] Read file completed. Execution time: 0.015 ms
[2025-01-20 12:48:07] File saved successfully: uploads/job_1/group_1/result_602
[2025-01-20 12:48:07] [updateStatus] MySQL connection established. Execution time: 0.119 ms
[2025-01-20 12:48:07] [updateStatus] SELECT table_name FROM table_registry WHERE id = :job_id FOR UPDATE / Execution time: 0.196 ms
[2025-01-20 12:48:07] [updateStatus] UPDATE `matrix` SET status = :status WHERE id = :sub_job_id / Execution time: 0.284 ms
[2025-01-20 12:48:07] [updateStatus] SELECT COUNT(*) AS total, SUM(...) FROM `matrix` / Execution time: 1.300 ms
[2025-01-20 12:48:07] [updateStatus] UPDATE table_registry SET status = :status WHERE id = :job_id / Execution time: 0.183 ms
[2025-01-20 12:48:07] updateStatus completed. Execution time: 4.562 ms
[2025-01-20 12:48:07] Write file completed. Execution time: 4.890 ms
[2025-01-20 12:48:07] [getGroupStatus] MySQL connection established. Execution time: 0.068 ms
[2025-01-20 12:48:07] [getGroupStatus] SELECT table_name FROM table_registry WHERE id = :job_id / Execution time: 0.261 ms
[2025-01-20 12:48:07] [getGroupStatus] SELECT status FROM `matrix` WHERE group_id = :group_id / Execution time: 2.654 ms
[2025-01-20 12:48:07] getGroupStatus completed. Execution time: 3.216 ms
[2025-01-20 12:48:07] Group 1 is not completed yet.
[2025-01-20 12:48:07] Program completed. Total execution time: 12.484 ms

