
[2025-01-20 13:05:20] Program started
[2025-01-20 13:05:20] [getClientID] MySQL connection established. Execution time: 0.436 ms
[2025-01-20 13:05:20] [getClientID] SELECT table_name FROM table_registry WHERE id = :job_id / Execution time: 0.548 ms
[2025-01-20 13:05:20] [getClientID] SELECT client FROM `matrix` WHERE id = :sub_job_id / Execution time: 0.250 ms
[2025-01-20 13:05:20] getClientID completed. Execution time: 1.558 ms
[2025-01-20 13:05:20] Read file completed. Execution time: 0.012 ms
[2025-01-20 13:05:20] File saved successfully: uploads/job_1/group_1/result_942
[2025-01-20 13:05:20] [updateStatus] MySQL connection established. Execution time: 0.129 ms
[2025-01-20 13:05:20] [updateStatus] SELECT table_name FROM table_registry WHERE id = :job_id FOR UPDATE / Execution time: 0.224 ms
[2025-01-20 13:05:20] [updateStatus] UPDATE `matrix` SET status = :status WHERE id = :sub_job_id / Execution time: 0.256 ms
[2025-01-20 13:05:20] [updateStatus] SELECT COUNT_RECORDS FROM matrix / Execution time: 1.418 ms
[2025-01-20 13:05:20] [updateStatus] UPDATE table_registry SET status = :status WHERE id = :job_id / Execution time: 0.175 ms
[2025-01-20 13:05:20] updateStatus completed. Execution time: 4.227 ms
[2025-01-20 13:05:20] Write file completed. Execution time: 4.510 ms
[2025-01-20 13:05:20] [getGroupStatus] MySQL connection established. Execution time: 0.057 ms
[2025-01-20 13:05:20] [getGroupStatus] SELECT table_name FROM table_registry WHERE id = :job_id / Execution time: 0.260 ms
[2025-01-20 13:05:20] [getGroupStatus] SELECT status FROM `matrix` WHERE group_id = :group_id / Execution time: 1.818 ms
[2025-01-20 13:05:20] getGroupStatus completed. Execution time: 2.310 ms
[2025-01-20 13:05:20] Group 1 is not completed yet.
[2025-01-20 13:05:20] Program completed. Total execution time: 10.874 ms

