
[2025-01-20 12:43:39] Program started
[2025-01-20 12:43:39] [getClientID] MySQL connection established. Execution time: 0.261 ms
[2025-01-20 12:43:39] [getClientID] SELECT table_name FROM table_registry WHERE id = :job_id / Execution time: 0.474 ms
[2025-01-20 12:43:39] [getClientID] SELECT client FROM `matrix` WHERE id = :sub_job_id / Execution time: 0.471 ms
[2025-01-20 12:43:39] getClientID completed. Execution time: 1.553 ms
[2025-01-20 12:43:39] Read file completed. Execution time: 0.020 ms
[2025-01-20 12:43:39] File saved successfully: uploads/job_1/group_1/result_227
[2025-01-20 12:43:39] [updateStatus] MySQL connection established. Execution time: 0.243 ms
[2025-01-20 12:43:39] [updateStatus] SELECT table_name FROM table_registry WHERE id = :job_id FOR UPDATE / Execution time: 2.655 ms
[2025-01-20 12:43:39] [updateStatus] UPDATE `matrix` SET status = :status WHERE id = :sub_job_id / Execution time: 0.323 ms
[2025-01-20 12:43:39] [updateStatus] SELECT COUNT(*) AS total, SUM(...) FROM `matrix` / Execution time: 0.846 ms
[2025-01-20 12:43:39] [updateStatus] UPDATE table_registry SET status = :status WHERE id = :job_id / Execution time: 0.186 ms
[2025-01-20 12:43:39] updateStatus completed. Execution time: 67.289 ms
[2025-01-20 12:43:39] Write file completed. Execution time: 67.677 ms
[2025-01-20 12:43:39] [getGroupStatus] MySQL connection established. Execution time: 0.092 ms
[2025-01-20 12:43:39] [getGroupStatus] SELECT table_name FROM table_registry WHERE id = :job_id / Execution time: 0.301 ms
[2025-01-20 12:43:39] [getGroupStatus] SELECT status FROM `matrix` WHERE group_id = :group_id / Execution time: 1.623 ms
[2025-01-20 12:43:39] getGroupStatus completed. Execution time: 2.277 ms
[2025-01-20 12:43:39] Group 1 is not completed yet.
[2025-01-20 12:43:39] Program completed. Total execution time: 76.785 ms

