
[2025-01-20 12:49:14] Program started
[2025-01-20 12:49:14] [getClientID] MySQL connection established. Execution time: 0.394 ms
[2025-01-20 12:49:14] [getClientID] SELECT table_name FROM table_registry WHERE id = :job_id / Execution time: 0.397 ms
[2025-01-20 12:49:14] [getClientID] SELECT client FROM `matrix` WHERE id = :sub_job_id / Execution time: 0.179 ms
[2025-01-20 12:49:14] getClientID completed. Execution time: 1.110 ms
[2025-01-20 12:49:14] Read file completed. Execution time: 0.020 ms
[2025-01-20 12:49:14] File saved successfully: uploads/job_1/group_1/result_665
[2025-01-20 12:49:14] [updateStatus] MySQL connection established. Execution time: 0.081 ms
[2025-01-20 12:49:14] [updateStatus] SELECT table_name FROM table_registry WHERE id = :job_id FOR UPDATE / Execution time: 0.170 ms
[2025-01-20 12:49:14] [updateStatus] UPDATE `matrix` SET status = :status WHERE id = :sub_job_id / Execution time: 0.208 ms
[2025-01-20 12:49:14] [updateStatus] SELECT COUNT(*) AS total, SUM(...) FROM `matrix` / Execution time: 1.090 ms
[2025-01-20 12:49:14] [updateStatus] UPDATE table_registry SET status = :status WHERE id = :job_id / Execution time: 0.129 ms
[2025-01-20 12:49:14] updateStatus completed. Execution time: 3.637 ms
[2025-01-20 12:49:14] Write file completed. Execution time: 3.839 ms
[2025-01-20 12:49:14] [getGroupStatus] MySQL connection established. Execution time: 0.065 ms
[2025-01-20 12:49:14] [getGroupStatus] SELECT table_name FROM table_registry WHERE id = :job_id / Execution time: 0.306 ms
[2025-01-20 12:49:14] [getGroupStatus] SELECT status FROM `matrix` WHERE group_id = :group_id / Execution time: 1.551 ms
[2025-01-20 12:49:14] getGroupStatus completed. Execution time: 2.097 ms
[2025-01-20 12:49:14] Group 1 is not completed yet.
[2025-01-20 12:49:14] Program completed. Total execution time: 8.874 ms

