
[2025-01-20 12:48:15] Program started
[2025-01-20 12:48:15] [getClientID] MySQL connection established. Execution time: 0.219 ms
[2025-01-20 12:48:15] [getClientID] SELECT table_name FROM table_registry WHERE id = :job_id / Execution time: 0.671 ms
[2025-01-20 12:48:15] [getClientID] SELECT client FROM `matrix` WHERE id = :sub_job_id / Execution time: 0.277 ms
[2025-01-20 12:48:15] getClientID completed. Execution time: 1.355 ms
[2025-01-20 12:48:15] Read file completed. Execution time: 0.010 ms
[2025-01-20 12:48:15] File saved successfully: uploads/job_1/group_1/result_663
[2025-01-20 12:48:15] [updateStatus] MySQL connection established. Execution time: 0.104 ms
[2025-01-20 12:48:15] [updateStatus] SELECT table_name FROM table_registry WHERE id = :job_id FOR UPDATE / Execution time: 0.401 ms
[2025-01-20 12:48:15] [updateStatus] UPDATE `matrix` SET status = :status WHERE id = :sub_job_id / Execution time: 0.326 ms
[2025-01-20 12:48:15] [updateStatus] SELECT COUNT_RECORDS FROM matrix / Execution time: 1.449 ms
[2025-01-20 12:48:15] [updateStatus] UPDATE table_registry SET status = :status WHERE id = :job_id / Execution time: 0.181 ms
[2025-01-20 12:48:15] updateStatus completed. Execution time: 5.391 ms
[2025-01-20 12:48:15] Write file completed. Execution time: 5.600 ms
[2025-01-20 12:48:15] [getGroupStatus] MySQL connection established. Execution time: 0.062 ms
[2025-01-20 12:48:15] [getGroupStatus] SELECT table_name FROM table_registry WHERE id = :job_id / Execution time: 0.337 ms
[2025-01-20 12:48:15] [getGroupStatus] SELECT status FROM `matrix` WHERE group_id = :group_id / Execution time: 2.502 ms
[2025-01-20 12:48:15] getGroupStatus completed. Execution time: 3.046 ms
[2025-01-20 12:48:15] Group 1 is not completed yet.
[2025-01-20 12:48:15] Program completed. Total execution time: 12.125 ms

