
[2025-01-20 12:48:30] Program started
[2025-01-20 12:48:30] [getClientID] MySQL connection established. Execution time: 0.169 ms
[2025-01-20 12:48:30] [getClientID] SELECT table_name FROM table_registry WHERE id = :job_id / Execution time: 0.402 ms
[2025-01-20 12:48:30] [getClientID] SELECT client FROM `matrix` WHERE id = :sub_job_id / Execution time: 0.503 ms
[2025-01-20 12:48:30] getClientID completed. Execution time: 1.304 ms
[2025-01-20 12:48:30] Read file completed. Execution time: 0.014 ms
[2025-01-20 12:48:30] File saved successfully: uploads/job_1/group_1/result_662
[2025-01-20 12:48:30] [updateStatus] MySQL connection established. Execution time: 0.210 ms
[2025-01-20 12:48:30] [updateStatus] SELECT table_name FROM table_registry WHERE id = :job_id FOR UPDATE / Execution time: 4.181 ms
[2025-01-20 12:48:30] [updateStatus] UPDATE `matrix` SET status = :status WHERE id = :sub_job_id / Execution time: 0.267 ms
[2025-01-20 12:48:30] [updateStatus] SELECT COUNT(*) AS total, SUM(...) FROM `matrix` / Execution time: 0.731 ms
[2025-01-20 12:48:30] [updateStatus] UPDATE table_registry SET status = :status WHERE id = :job_id / Execution time: 0.126 ms
[2025-01-20 12:48:30] updateStatus completed. Execution time: 28.557 ms
[2025-01-20 12:48:30] Write file completed. Execution time: 28.979 ms
[2025-01-20 12:48:30] [getGroupStatus] MySQL connection established. Execution time: 0.071 ms
[2025-01-20 12:48:30] [getGroupStatus] SELECT table_name FROM table_registry WHERE id = :job_id / Execution time: 0.215 ms
[2025-01-20 12:48:30] [getGroupStatus] SELECT status FROM `matrix` WHERE group_id = :group_id / Execution time: 1.428 ms
[2025-01-20 12:48:30] getGroupStatus completed. Execution time: 1.927 ms
[2025-01-20 12:48:30] Group 1 is not completed yet.
[2025-01-20 12:48:30] Program completed. Total execution time: 34.919 ms

