
[2025-01-20 12:48:05] Program started
[2025-01-20 12:48:05] [getClientID] MySQL connection established. Execution time: 0.342 ms
[2025-01-20 12:48:05] [getClientID] SELECT table_name FROM table_registry WHERE id = :job_id / Execution time: 0.794 ms
[2025-01-20 12:48:05] [getClientID] SELECT client FROM `matrix` WHERE id = :sub_job_id / Execution time: 0.308 ms
[2025-01-20 12:48:05] getClientID completed. Execution time: 1.702 ms
[2025-01-20 12:48:05] Read file completed. Execution time: 0.012 ms
[2025-01-20 12:48:05] File saved successfully: uploads/job_1/group_1/result_629
[2025-01-20 12:48:05] [updateStatus] MySQL connection established. Execution time: 0.260 ms
[2025-01-20 12:48:05] [updateStatus] SELECT table_name FROM table_registry WHERE id = :job_id FOR UPDATE / Execution time: 0.196 ms
[2025-01-20 12:48:05] [updateStatus] UPDATE `matrix` SET status = :status WHERE id = :sub_job_id / Execution time: 0.235 ms
[2025-01-20 12:48:05] [updateStatus] SELECT COUNT(*) AS total, SUM(...) FROM `matrix` / Execution time: 1.125 ms
[2025-01-20 12:48:05] [updateStatus] UPDATE table_registry SET status = :status WHERE id = :job_id / Execution time: 0.138 ms
[2025-01-20 12:48:05] updateStatus completed. Execution time: 4.033 ms
[2025-01-20 12:48:05] Write file completed. Execution time: 4.290 ms
[2025-01-20 12:48:05] [getGroupStatus] MySQL connection established. Execution time: 0.039 ms
[2025-01-20 12:48:05] [getGroupStatus] SELECT table_name FROM table_registry WHERE id = :job_id / Execution time: 0.235 ms
[2025-01-20 12:48:05] [getGroupStatus] SELECT status FROM `matrix` WHERE group_id = :group_id / Execution time: 1.604 ms
[2025-01-20 12:48:05] getGroupStatus completed. Execution time: 1.972 ms
[2025-01-20 12:48:05] Group 1 is not completed yet.
[2025-01-20 12:48:05] Program completed. Total execution time: 11.028 ms

