
[2025-01-23 15:02:26.587072] INFO: Process started with ID: 6
[2025-01-23 15:02:26.644802] INFO: First connection established in 0.187000ms
[2025-01-23 15:02:26.685457] INFO: Sending request: GET /http_server/send-object.php?ID=6 HTTP/1.1
Host: 192.168.100.3
Connection: close


[2025-01-23 15:02:26.741155] INFO: First request sent in 0.037000ms
[2025-01-23 15:02:26.774525] INFO: Time from request to first response:0.029000ms
[2025-01-23 15:02:26.795208] INFO: Received headers - MPI-Rank: 1, Group-ID: 1, Job-ID: 1, Sub-Job-ID: 2, Rank-Count: 8
[2025-01-23 15:02:26.842234] INFO: Receive loop #1 received 16384 bytes in 67.898000ms
[2025-01-23 15:02:26.870146] INFO: Receive loop #2 received 16384 bytes in 0.070000ms
[2025-01-23 15:02:26.903397] INFO: Receive loop #3 received 16384 bytes in 0.021000ms
[2025-01-23 15:02:26.944040] INFO: Receive loop #4 received 16384 bytes in 0.033000ms
[2025-01-23 15:02:26.987595] INFO: Receive loop #5 received 16384 bytes in 0.028000ms
[2025-01-23 15:02:27.029534] INFO: Receive loop #6 received 16384 bytes in 0.028000ms
[2025-01-23 15:02:27.070866] INFO: Receive loop #7 received 16384 bytes in 0.008000ms
[2025-01-23 15:02:27.111169] INFO: Receive loop #8 received 16384 bytes in 0.255000ms
[2025-01-23 15:02:27.166727] INFO: Receive loop #9 received 16384 bytes in 0.011000ms
[2025-01-23 15:02:27.209249] INFO: Receive loop #10 received 16384 bytes in 0.028000ms
[2025-01-23 15:02:27.240164] INFO: Receive loop #11 received 16384 bytes in 0.027000ms
[2025-01-23 15:02:27.278749] INFO: Receive loop #12 received 7659 bytes in 0.018000ms
[2025-01-23 15:02:27.320499] INFO: Response received in 546.343000ms
[2025-01-23 15:02:27.363122] INFO: File saved in 0.513000ms
[2025-01-23 15:02:27.395066] INFO: File saved to: /home/vc/kurotaka/objects/temp_6
[2025-01-23 15:02:27.440156] INFO: Execution permission granted to: /home/vc/kurotaka/objects/temp_6
[2025-01-23 15:02:27.480406] INFO: Executing command: /home/vc/kurotaka/objects/temp_6 1 8
[2025-01-23 15:02:28.712920] INFO: Command executed in 1190.114000ms
[2025-01-23 15:02:28.745707] INFO: Result saved to: /home/vc/kurotaka/results/result_6
[2025-01-23 15:02:28.779675] INFO: Second connection established in 0.199000ms
[2025-01-23 15:02:28.812962] INFO: Sending result upload request
[2025-01-23 15:02:28.861130] INFO: Second request sent in 0.008000ms
[2025-01-23 15:02:28.900383] INFO: Result uploaded in 0.052000ms
[2025-01-23 15:02:28.945443] INFO: Process completed successfully. Total execution time: 2375.507000ms

