
[2025-01-23 15:04:02.008462] INFO: Process started with ID: 28
[2025-01-23 15:04:02.401524] INFO: First connection established in 0.209000ms
[2025-01-23 15:04:02.891969] INFO: Sending request: GET /http_server/send-object.php?ID=28 HTTP/1.1
Host: 192.168.100.3
Connection: close


[2025-01-23 15:04:03.568677] INFO: First request sent in 0.035000ms
[2025-01-23 15:04:04.343298] INFO: Time from request to first response:0.036000ms
[2025-01-23 15:04:04.788254] INFO: Received headers - MPI-Rank: 58, Group-ID: 1, Job-ID: 1, Sub-Job-ID: 59, Rank-Count: 64
[2025-01-23 15:04:04.993444] INFO: Receive loop #1 received 16384 bytes in 874.900000ms
[2025-01-23 15:04:05.311521] INFO: Receive loop #2 received 16384 bytes in 0.074000ms
[2025-01-23 15:04:05.708885] INFO: Receive loop #3 received 16384 bytes in 0.080000ms
[2025-01-23 15:04:06.186861] INFO: Receive loop #4 received 16384 bytes in 0.034000ms
[2025-01-23 15:04:06.801198] INFO: Receive loop #5 received 16384 bytes in 0.031000ms
[2025-01-23 15:04:07.497325] INFO: Receive loop #6 received 16384 bytes in 0.028000ms
[2025-01-23 15:04:08.061110] INFO: Receive loop #7 received 16384 bytes in 0.030000ms
[2025-01-23 15:04:08.318798] INFO: Receive loop #8 received 16384 bytes in 0.247000ms
[2025-01-23 15:04:08.633324] INFO: Receive loop #9 received 16384 bytes in 0.030000ms
[2025-01-23 15:04:09.100560] INFO: Receive loop #10 received 16384 bytes in 0.030000ms
[2025-01-23 15:04:09.720624] INFO: Receive loop #11 received 16384 bytes in 0.055000ms
[2025-01-23 15:04:10.135624] INFO: Receive loop #12 received 7662 bytes in 0.018000ms
[2025-01-23 15:04:10.370583] INFO: Response received in 6236.970000ms
[2025-01-23 15:04:10.677736] INFO: File saved in 0.473000ms
[2025-01-23 15:04:11.192823] INFO: File saved to: /home/vc/kurotaka/objects/temp_28
[2025-01-23 15:04:11.661620] INFO: Execution permission granted to: /home/vc/kurotaka/objects/temp_28
[2025-01-23 15:04:12.031158] INFO: Executing command: /home/vc/kurotaka/objects/temp_28 58 64
[2025-01-23 15:04:14.501964] INFO: Command executed in 2326.656000ms
[2025-01-23 15:04:14.689102] INFO: Result saved to: /home/vc/kurotaka/results/result_28
[2025-01-23 15:04:14.888265] INFO: Second connection established in 0.198000ms
[2025-01-23 15:04:15.112415] INFO: Sending result upload request
[2025-01-23 15:04:15.444576] INFO: Second request sent in 0.026000ms
[2025-01-23 15:04:15.855526] INFO: Result uploaded in 0.052000ms
[2025-01-23 15:04:16.392389] INFO: Process completed successfully. Total execution time: 14593.047000ms

