
[2025-01-23 15:04:01.624148] INFO: Process started with ID: 33
[2025-01-23 15:04:01.658029] INFO: First connection established in 0.154000ms
[2025-01-23 15:04:01.754531] INFO: Sending request: GET /http_server/send-object.php?ID=33 HTTP/1.1
Host: 192.168.100.3
Connection: close


[2025-01-23 15:04:01.880235] INFO: First request sent in 0.036000ms
[2025-01-23 15:04:02.164405] INFO: Time from request to first response:0.035000ms
[2025-01-23 15:04:02.607158] INFO: Received headers - MPI-Rank: 3, Group-ID: 1, Job-ID: 1, Sub-Job-ID: 4, Rank-Count: 64
[2025-01-23 15:04:03.247157] INFO: Receive loop #1 received 16384 bytes in 1008.954000ms
[2025-01-23 15:04:03.962632] INFO: Receive loop #2 received 16384 bytes in 0.059000ms
[2025-01-23 15:04:04.655633] INFO: Receive loop #3 received 16384 bytes in 0.077000ms
[2025-01-23 15:04:04.883646] INFO: Receive loop #4 received 16384 bytes in 0.110000ms
[2025-01-23 15:04:05.115297] INFO: Receive loop #5 received 16384 bytes in 0.030000ms
[2025-01-23 15:04:05.438347] INFO: Receive loop #6 received 16384 bytes in 0.029000ms
[2025-01-23 15:04:05.882838] INFO: Receive loop #7 received 16384 bytes in 0.030000ms
[2025-01-23 15:04:06.444276] INFO: Receive loop #8 received 16384 bytes in 0.277000ms
[2025-01-23 15:04:07.097134] INFO: Receive loop #9 received 16384 bytes in 0.037000ms
[2025-01-23 15:04:07.788737] INFO: Receive loop #10 received 16384 bytes in 0.033000ms
[2025-01-23 15:04:08.136560] INFO: Receive loop #11 received 16384 bytes in 0.030000ms
[2025-01-23 15:04:08.428777] INFO: Receive loop #12 received 7660 bytes in 0.019000ms
[2025-01-23 15:04:08.805141] INFO: Response received in 6679.473000ms
[2025-01-23 15:04:09.374825] INFO: File saved in 0.177000ms
[2025-01-23 15:04:10.012195] INFO: File saved to: /home/vc/kurotaka/objects/temp_33
[2025-01-23 15:04:10.269874] INFO: Execution permission granted to: /home/vc/kurotaka/objects/temp_33
[2025-01-23 15:04:10.577620] INFO: Executing command: /home/vc/kurotaka/objects/temp_33 3 64
[2025-01-23 15:04:14.443533] INFO: Command executed in 3614.447000ms
[2025-01-23 15:04:14.584623] INFO: Result saved to: /home/vc/kurotaka/results/result_33
[2025-01-23 15:04:14.871599] INFO: Second connection established in 0.181000ms
[2025-01-23 15:04:15.082311] INFO: Sending result upload request
[2025-01-23 15:04:15.392034] INFO: Second request sent in 0.025000ms
[2025-01-23 15:04:15.780960] INFO: Result uploaded in 0.054000ms
[2025-01-23 15:04:16.220178] INFO: Process completed successfully. Total execution time: 14524.273000ms

