
[2025-01-30 11:54:55.869952] INFO: Process started with ID: 282
[2025-01-30 11:54:56.891216] INFO: First connection established in 0.292000ms
[2025-01-30 11:54:58.238258] INFO: Sending request: GET /http_server/send-object.php?ID=282 HTTP/1.1
Host: 192.168.100.3
Connection: close


[2025-01-30 11:54:59.631724] INFO: First request sent in 0.035000ms
[2025-01-30 11:55:01.259965] INFO: Time from request to first response in 0.029000ms
[2025-01-30 11:55:02.675869] INFO: Received headers - MPI-Rank: 121, Group-ID: 1, Job-ID: 1, Sub-Job-ID: 122, Rank-Count: 512
[2025-01-30 11:55:03.921673] INFO: Receive loop #1 received 16384 bytes in 3003.598000ms
[2025-01-30 11:55:05.033035] INFO: Receive loop #2 received 16384 bytes in 0.060000ms
[2025-01-30 11:55:06.348881] INFO: Receive loop #3 received 16384 bytes in 0.018000ms
[2025-01-30 11:55:08.558458] INFO: Receive loop #4 received 16384 bytes in 0.111000ms
[2025-01-30 11:55:10.492241] INFO: Receive loop #5 received 16384 bytes in 0.028000ms
[2025-01-30 11:55:12.710095] INFO: Receive loop #6 received 16384 bytes in 0.029000ms
[2025-01-30 11:55:14.320930] INFO: Receive loop #7 received 16384 bytes in 0.030000ms
[2025-01-30 11:55:15.640366] INFO: Receive loop #8 received 16384 bytes in 0.258000ms
[2025-01-30 11:55:16.981044] INFO: Receive loop #9 received 16384 bytes in 0.035000ms
[2025-01-30 11:55:18.183720] INFO: Receive loop #10 received 16384 bytes in 0.030000ms
[2025-01-30 11:55:20.945087] INFO: Receive loop #11 received 16384 bytes in 0.029000ms
[2025-01-30 11:55:23.793973] INFO: Receive loop #12 received 7665 bytes in 0.022000ms
[2025-01-30 11:55:25.522464] INFO: Response received in 24356.721000ms
[2025-01-30 11:55:27.060503] INFO: File saved in 0.453000ms
[2025-01-30 11:55:28.302442] INFO: File saved to: /home/vc/kurotaka/objects/temp_282
[2025-01-30 11:55:29.588993] INFO: Execution permission granted to: /home/vc/kurotaka/objects/temp_282
[2025-01-30 11:55:31.120791] INFO: Executing command: /home/vc/kurotaka/objects/temp_282 121 512
[2025-01-30 11:56:41.600768] INFO: Command executed in 1m 8952.198000ms
[2025-01-30 11:56:44.385790] INFO: Result saved to: /home/vc/kurotaka/results/result_282
[2025-01-30 11:56:47.551354] INFO: Second connection established in 0.173000ms
[2025-01-30 11:56:51.107849] INFO: Sending result upload request
[2025-01-30 11:56:53.968597] INFO: Second request sent in 0.028000ms
[2025-01-30 11:56:57.988923] INFO: Result uploaded in 0.012000ms
[2025-01-30 11:57:00.591401] INFO: Process completed successfully. Total execution time in 2m 9002.627000ms

