
[2025-01-30 11:55:06.349176] INFO: Process started with ID: 508
[2025-01-30 11:55:08.454802] INFO: First connection established in 0.232000ms
[2025-01-30 11:55:10.408038] INFO: Sending request: GET /http_server/send-object.php?ID=508 HTTP/1.1
Host: 192.168.100.3
Connection: close


[2025-01-30 11:55:12.710314] INFO: First request sent in 0.036000ms
[2025-01-30 11:55:14.321368] INFO: Time from request to first response in 0.033000ms
[2025-01-30 11:55:15.729981] INFO: Received headers - MPI-Rank: 224, Group-ID: 1, Job-ID: 1, Sub-Job-ID: 225, Rank-Count: 512
[2025-01-30 11:55:17.035856] INFO: Receive loop #1 received 16384 bytes in 2831.364000ms
[2025-01-30 11:55:18.402909] INFO: Receive loop #2 received 16384 bytes in 0.060000ms
[2025-01-30 11:55:21.469728] INFO: Receive loop #3 received 16384 bytes in 0.079000ms
[2025-01-30 11:55:23.842679] INFO: Receive loop #4 received 16384 bytes in 0.124000ms
[2025-01-30 11:55:25.559772] INFO: Receive loop #5 received 16384 bytes in 0.023000ms
[2025-01-30 11:55:27.091692] INFO: Receive loop #6 received 16384 bytes in 0.032000ms
[2025-01-30 11:55:28.345362] INFO: Receive loop #7 received 16384 bytes in 0.007000ms
[2025-01-30 11:55:29.707276] INFO: Receive loop #8 received 16384 bytes in 0.267000ms
[2025-01-30 11:55:31.210879] INFO: Receive loop #9 received 16384 bytes in 0.031000ms
[2025-01-30 11:55:32.698313] INFO: Receive loop #10 received 16384 bytes in 0.031000ms
[2025-01-30 11:55:35.073400] INFO: Receive loop #11 received 16384 bytes in 0.029000ms
[2025-01-30 11:55:36.646954] INFO: Receive loop #12 received 7665 bytes in 0.019000ms
[2025-01-30 11:55:38.428262] INFO: Response received in 24274.294000ms
[2025-01-30 11:55:40.781882] INFO: File saved in 0.571000ms
[2025-01-30 11:55:42.457684] INFO: File saved to: /home/vc/kurotaka/objects/temp_508
[2025-01-30 11:55:44.390018] INFO: Execution permission granted to: /home/vc/kurotaka/objects/temp_508
[2025-01-30 11:55:46.982123] INFO: Executing command: /home/vc/kurotaka/objects/temp_508 224 512
[2025-01-30 11:56:40.667899] INFO: Command executed in 51751.480000ms
[2025-01-30 11:56:45.209724] INFO: Result saved to: /home/vc/kurotaka/results/result_508
[2025-01-30 11:56:49.524999] INFO: Second connection established in 0.145000ms
[2025-01-30 11:56:53.095863] INFO: Sending result upload request
[2025-01-30 11:56:56.567429] INFO: Second request sent in 0.004000ms
[2025-01-30 11:56:58.887865] INFO: Result uploaded in 0.011000ms
[2025-01-30 11:57:00.425715] INFO: Process completed successfully. Total execution time in 2m 9513.993000ms

