
[2025-01-30 11:55:32.201374] INFO: Process started with ID: 342
[2025-01-30 11:55:34.596237] INFO: First connection established in 0.223000ms
[2025-01-30 11:55:36.383837] INFO: Sending request: GET /http_server/send-object.php?ID=342 HTTP/1.1
Host: 192.168.100.3
Connection: close


[2025-01-30 11:55:37.936447] INFO: First request sent in 0.034000ms
[2025-01-30 11:55:40.092138] INFO: Time from request to first response in 0.030000ms
[2025-01-30 11:55:42.098328] INFO: Received headers - MPI-Rank: 412, Group-ID: 1, Job-ID: 1, Sub-Job-ID: 413, Rank-Count: 512
[2025-01-30 11:55:43.653120] INFO: Receive loop #1 received 16384 bytes in 3684.871000ms
[2025-01-30 11:55:46.046110] INFO: Receive loop #2 received 16384 bytes in 0.058000ms
[2025-01-30 11:55:47.692233] INFO: Receive loop #3 received 16384 bytes in 0.081000ms
[2025-01-30 11:55:49.219903] INFO: Receive loop #4 received 16384 bytes in 0.027000ms
[2025-01-30 11:55:50.768237] INFO: Receive loop #5 received 16384 bytes in 0.006000ms
[2025-01-30 11:55:52.280597] INFO: Receive loop #6 received 16384 bytes in 0.029000ms
[2025-01-30 11:55:53.634669] INFO: Receive loop #7 received 16384 bytes in 0.029000ms
[2025-01-30 11:55:54.939520] INFO: Receive loop #8 received 16384 bytes in 0.079000ms
[2025-01-30 11:55:56.693292] INFO: Receive loop #9 received 16384 bytes in 0.031000ms
[2025-01-30 11:55:58.820708] INFO: Receive loop #10 received 16384 bytes in 0.024000ms
[2025-01-30 11:56:00.380702] INFO: Receive loop #11 received 16384 bytes in 0.031000ms
[2025-01-30 11:56:02.020120] INFO: Receive loop #12 received 7665 bytes in 0.016000ms
[2025-01-30 11:56:03.212875] INFO: Response received in 23469.159000ms
[2025-01-30 11:56:05.024713] INFO: File saved in 0.174000ms
[2025-01-30 11:56:06.366683] INFO: File saved to: /home/vc/kurotaka/objects/temp_342
[2025-01-30 11:56:08.428512] INFO: Execution permission granted to: /home/vc/kurotaka/objects/temp_342
[2025-01-30 11:56:09.681948] INFO: Executing command: /home/vc/kurotaka/objects/temp_342 412 512
[2025-01-30 11:56:42.318648] INFO: Command executed in 31515.733000ms
[2025-01-30 11:56:45.232764] INFO: Result saved to: /home/vc/kurotaka/results/result_342
[2025-01-30 11:56:48.582271] INFO: Second connection established in 0.147000ms
[2025-01-30 11:56:52.000685] INFO: Sending result upload request
[2025-01-30 11:56:55.501934] INFO: Second request sent in 0.027000ms
[2025-01-30 11:56:58.699160] INFO: Result uploaded in 0.010000ms
[2025-01-30 11:57:01.760409] INFO: Process completed successfully. Total execution time in 2m 9905.616000ms

