
[2025-01-30 11:55:00.709424] INFO: Process started with ID: 277
[2025-01-30 11:55:02.372407] INFO: First connection established in 0.295000ms
[2025-01-30 11:55:03.591442] INFO: Sending request: GET /http_server/send-object.php?ID=277 HTTP/1.1
Host: 192.168.100.3
Connection: close


[2025-01-30 11:55:04.726310] INFO: First request sent in 0.053000ms
[2025-01-30 11:55:06.142883] INFO: Time from request to first response in 0.031000ms
[2025-01-30 11:55:07.743083] INFO: Received headers - MPI-Rank: 171, Group-ID: 1, Job-ID: 1, Sub-Job-ID: 172, Rank-Count: 512
[2025-01-30 11:55:09.818626] INFO: Receive loop #1 received 16384 bytes in 3821.053000ms
[2025-01-30 11:55:12.238300] INFO: Receive loop #2 received 16384 bytes in 0.064000ms
[2025-01-30 11:55:13.742177] INFO: Receive loop #3 received 16384 bytes in 0.076000ms
[2025-01-30 11:55:15.086887] INFO: Receive loop #4 received 16384 bytes in 0.112000ms
[2025-01-30 11:55:16.468084] INFO: Receive loop #5 received 16384 bytes in 0.029000ms
[2025-01-30 11:55:17.775326] INFO: Receive loop #6 received 16384 bytes in 0.028000ms
[2025-01-30 11:55:19.645110] INFO: Receive loop #7 received 16384 bytes in 0.029000ms
[2025-01-30 11:55:21.504814] INFO: Receive loop #8 received 16384 bytes in 0.255000ms
[2025-01-30 11:55:23.852786] INFO: Receive loop #9 received 16384 bytes in 0.031000ms
[2025-01-30 11:55:25.589850] INFO: Receive loop #10 received 16384 bytes in 0.006000ms
[2025-01-30 11:55:27.123941] INFO: Receive loop #11 received 16384 bytes in 0.007000ms
[2025-01-30 11:55:28.420235] INFO: Receive loop #12 received 7665 bytes in 0.010000ms
[2025-01-30 11:55:29.764401] INFO: Response received in 23988.588000ms
[2025-01-30 11:55:31.281667] INFO: File saved in 0.597000ms
[2025-01-30 11:55:32.817806] INFO: File saved to: /home/vc/kurotaka/objects/temp_277
[2025-01-30 11:55:35.233083] INFO: Execution permission granted to: /home/vc/kurotaka/objects/temp_277
[2025-01-30 11:55:36.807347] INFO: Executing command: /home/vc/kurotaka/objects/temp_277 171 512
[2025-01-30 11:56:42.665866] INFO: Command executed in 1m 3590.342000ms
[2025-01-30 11:56:45.454870] INFO: Result saved to: /home/vc/kurotaka/results/result_277
[2025-01-30 11:56:49.098068] INFO: Second connection established in 0.295000ms
[2025-01-30 11:56:52.311780] INFO: Sending result upload request
[2025-01-30 11:56:55.944821] INFO: Second request sent in 0.025000ms
[2025-01-30 11:56:58.861043] INFO: Result uploaded in 0.010000ms
[2025-01-30 11:57:01.956717] INFO: Process completed successfully. Total execution time in 2m 10069.769000ms

