
[2025-01-30 11:55:12.138599] INFO: Process started with ID: 446
[2025-01-30 11:55:13.528522] INFO: First connection established in 0.183000ms
[2025-01-30 11:55:14.973124] INFO: Sending request: GET /http_server/send-object.php?ID=446 HTTP/1.1
Host: 192.168.100.3
Connection: close


[2025-01-30 11:55:16.446013] INFO: First request sent in 0.034000ms
[2025-01-30 11:55:17.844078] INFO: Time from request to first response in 0.034000ms
[2025-01-30 11:55:20.062768] INFO: Received headers - MPI-Rank: 256, Group-ID: 1, Job-ID: 1, Sub-Job-ID: 257, Rank-Count: 512
[2025-01-30 11:55:21.718703] INFO: Receive loop #1 received 16384 bytes in 4088.636000ms
[2025-01-30 11:55:24.033404] INFO: Receive loop #2 received 16384 bytes in 0.073000ms
[2025-01-30 11:55:25.827828] INFO: Receive loop #3 received 16384 bytes in 0.051000ms
[2025-01-30 11:55:27.448869] INFO: Receive loop #4 received 16384 bytes in 0.021000ms
[2025-01-30 11:55:28.750760] INFO: Receive loop #5 received 16384 bytes in 0.035000ms
[2025-01-30 11:55:30.328105] INFO: Receive loop #6 received 16384 bytes in 0.040000ms
[2025-01-30 11:55:31.690193] INFO: Receive loop #7 received 16384 bytes in 0.005000ms
[2025-01-30 11:55:33.551260] INFO: Receive loop #8 received 16384 bytes in 0.254000ms
[2025-01-30 11:55:35.791425] INFO: Receive loop #9 received 16384 bytes in 0.011000ms
[2025-01-30 11:55:37.166194] INFO: Receive loop #10 received 16384 bytes in 0.030000ms
[2025-01-30 11:55:39.123330] INFO: Receive loop #11 received 16384 bytes in 0.029000ms
[2025-01-30 11:55:41.382687] INFO: Receive loop #12 received 7665 bytes in 0.024000ms
[2025-01-30 11:55:43.006523] INFO: Response received in 24870.741000ms
[2025-01-30 11:55:45.093433] INFO: File saved in 0.480000ms
[2025-01-30 11:55:47.149731] INFO: File saved to: /home/vc/kurotaka/objects/temp_446
[2025-01-30 11:55:49.791632] INFO: Execution permission granted to: /home/vc/kurotaka/objects/temp_446
[2025-01-30 11:55:51.006807] INFO: Executing command: /home/vc/kurotaka/objects/temp_446 256 512
[2025-01-30 11:56:35.859357] INFO: Command executed in 44141.906000ms
[2025-01-30 11:56:36.749674] INFO: Result saved to: /home/vc/kurotaka/results/result_446
[2025-01-30 11:56:38.318884] INFO: Second connection established in 0.105000ms
[2025-01-30 11:56:40.944630] INFO: Sending result upload request
[2025-01-30 11:56:45.570188] INFO: Second request sent in 0.027000ms
[2025-01-30 11:56:49.844443] INFO: Result uploaded in 0.051000ms
[2025-01-30 11:56:53.299176] INFO: Process completed successfully. Total execution time in 2m 1712.446000ms

