
[2025-01-30 11:55:35.690587] INFO: Process started with ID: 184
[2025-01-30 11:55:37.070031] INFO: First connection established in 0.191000ms
[2025-01-30 11:55:39.016545] INFO: Sending request: GET /http_server/send-object.php?ID=184 HTTP/1.1
Host: 192.168.100.3
Connection: close


[2025-01-30 11:55:41.288764] INFO: First request sent in 0.034000ms
[2025-01-30 11:55:42.983068] INFO: Time from request to first response in 0.030000ms
[2025-01-30 11:55:45.093239] INFO: Received headers - MPI-Rank: 431, Group-ID: 1, Job-ID: 1, Sub-Job-ID: 432, Rank-Count: 512
[2025-01-30 11:55:47.138246] INFO: Receive loop #1 received 16384 bytes in 4139.012000ms
[2025-01-30 11:55:48.492568] INFO: Receive loop #2 received 16384 bytes in 0.062000ms
[2025-01-30 11:55:50.048506] INFO: Receive loop #3 received 16384 bytes in 0.084000ms
[2025-01-30 11:55:51.758128] INFO: Receive loop #4 received 16384 bytes in 0.026000ms
[2025-01-30 11:55:54.013012] INFO: Receive loop #5 received 16384 bytes in 0.042000ms
[2025-01-30 11:55:54.989089] INFO: Receive loop #6 received 16384 bytes in 0.029000ms
[2025-01-30 11:55:56.642894] INFO: Receive loop #7 received 16384 bytes in 0.007000ms
[2025-01-30 11:55:58.708357] INFO: Receive loop #8 received 16384 bytes in 0.266000ms
[2025-01-30 11:56:00.381288] INFO: Receive loop #9 received 16384 bytes in 0.011000ms
[2025-01-30 11:56:01.948757] INFO: Receive loop #10 received 16384 bytes in 0.027000ms
[2025-01-30 11:56:04.159659] INFO: Receive loop #11 received 16384 bytes in 0.018000ms
[2025-01-30 11:56:05.637949] INFO: Receive loop #12 received 7665 bytes in 0.019000ms
[2025-01-30 11:56:06.905323] INFO: Response received in 24090.145000ms
[2025-01-30 11:56:08.454578] INFO: File saved in 0.361000ms
[2025-01-30 11:56:09.772217] INFO: File saved to: /home/vc/kurotaka/objects/temp_184
[2025-01-30 11:56:11.948429] INFO: Execution permission granted to: /home/vc/kurotaka/objects/temp_184
[2025-01-30 11:56:13.278599] INFO: Executing command: /home/vc/kurotaka/objects/temp_184 431 512
[2025-01-30 11:56:42.068760] INFO: Command executed in 27304.411000ms
[2025-01-30 11:56:45.281246] INFO: Result saved to: /home/vc/kurotaka/results/result_184
[2025-01-30 11:56:48.751470] INFO: Second connection established in 0.145000ms
[2025-01-30 11:56:52.055539] INFO: Sending result upload request
[2025-01-30 11:56:55.221049] INFO: Second request sent in 0.029000ms
[2025-01-30 11:56:58.371043] INFO: Result uploaded in 0.009000ms
[2025-01-30 11:57:00.796602] INFO: Process completed successfully. Total execution time in 2m 9453.875000ms

