
[2025-01-30 11:55:14.406415] INFO: Process started with ID: 349
[2025-01-30 11:55:15.776042] INFO: First connection established in 0.245000ms
[2025-01-30 11:55:17.057460] INFO: Sending request: GET /http_server/send-object.php?ID=349 HTTP/1.1
Host: 192.168.100.3
Connection: close


[2025-01-30 11:55:18.253057] INFO: First request sent in 0.035000ms
[2025-01-30 11:55:21.466178] INFO: Time from request to first response in 0.031000ms
[2025-01-30 11:55:23.840786] INFO: Received headers - MPI-Rank: 275, Group-ID: 1, Job-ID: 1, Sub-Job-ID: 276, Rank-Count: 512
[2025-01-30 11:55:25.555298] INFO: Receive loop #1 received 16384 bytes in 4828.403000ms
[2025-01-30 11:55:27.073905] INFO: Receive loop #2 received 16384 bytes in 0.065000ms
[2025-01-30 11:55:28.302600] INFO: Receive loop #3 received 16384 bytes in 0.023000ms
[2025-01-30 11:55:29.644331] INFO: Receive loop #4 received 16384 bytes in 0.114000ms
[2025-01-30 11:55:31.176450] INFO: Receive loop #5 received 16384 bytes in 0.033000ms
[2025-01-30 11:55:32.594679] INFO: Receive loop #6 received 16384 bytes in 0.015000ms
[2025-01-30 11:55:34.766176] INFO: Receive loop #7 received 16384 bytes in 0.007000ms
[2025-01-30 11:55:36.444495] INFO: Receive loop #8 received 16384 bytes in 0.068000ms
[2025-01-30 11:55:38.063812] INFO: Receive loop #9 received 16384 bytes in 0.030000ms
[2025-01-30 11:55:40.164695] INFO: Receive loop #10 received 16384 bytes in 0.029000ms
[2025-01-30 11:55:42.134190] INFO: Receive loop #11 received 16384 bytes in 0.031000ms
[2025-01-30 11:55:43.711743] INFO: Receive loop #12 received 7665 bytes in 0.003000ms
[2025-01-30 11:55:46.160233] INFO: Response received in 25513.686000ms
[2025-01-30 11:55:47.797246] INFO: File saved in 0.480000ms
[2025-01-30 11:55:49.396441] INFO: File saved to: /home/vc/kurotaka/objects/temp_349
[2025-01-30 11:55:51.432739] INFO: Execution permission granted to: /home/vc/kurotaka/objects/temp_349
[2025-01-30 11:55:53.428170] INFO: Executing command: /home/vc/kurotaka/objects/temp_349 275 512
[2025-01-30 11:56:52.869581] INFO: Command executed in 57389.441000ms
[2025-01-30 11:56:56.368340] INFO: Result saved to: /home/vc/kurotaka/results/result_349
[2025-01-30 11:56:59.463000] INFO: Second connection established in 0.216000ms
[2025-01-30 11:57:02.541178] INFO: Sending result upload request
[2025-01-30 11:57:04.867863] INFO: Second request sent in 0.004000ms
[2025-01-30 11:57:05.896260] INFO: Result uploaded in 0.010000ms
[2025-01-30 11:57:06.856498] INFO: Process completed successfully. Total execution time in 2m 15895.088000ms

