
[2025-01-30 11:54:55.363873] INFO: Process started with ID: 218
[2025-01-30 11:54:56.629046] INFO: First connection established in 0.208000ms
[2025-01-30 11:54:57.677542] INFO: Sending request: GET /http_server/send-object.php?ID=218 HTTP/1.1
Host: 192.168.100.3
Connection: close


[2025-01-30 11:54:59.247290] INFO: First request sent in 0.033000ms
[2025-01-30 11:55:00.387088] INFO: Time from request to first response in 0.031000ms
[2025-01-30 11:55:02.194593] INFO: Received headers - MPI-Rank: 116, Group-ID: 1, Job-ID: 1, Sub-Job-ID: 117, Rank-Count: 512
[2025-01-30 11:55:03.241560] INFO: Receive loop #1 received 16384 bytes in 3059.315000ms
[2025-01-30 11:55:04.472061] INFO: Receive loop #2 received 16384 bytes in 0.063000ms
[2025-01-30 11:55:05.598177] INFO: Receive loop #3 received 16384 bytes in 0.084000ms
[2025-01-30 11:55:07.134864] INFO: Receive loop #4 received 16384 bytes in 0.114000ms
[2025-01-30 11:55:09.410966] INFO: Receive loop #5 received 16384 bytes in 0.037000ms
[2025-01-30 11:55:11.738066] INFO: Receive loop #6 received 16384 bytes in 0.005000ms
[2025-01-30 11:55:13.382094] INFO: Receive loop #7 received 16384 bytes in 0.029000ms
[2025-01-30 11:55:14.904073] INFO: Receive loop #8 received 16384 bytes in 0.277000ms
[2025-01-30 11:55:16.280197] INFO: Receive loop #9 received 16384 bytes in 0.030000ms
[2025-01-30 11:55:17.632502] INFO: Receive loop #10 received 16384 bytes in 0.007000ms
[2025-01-30 11:55:19.182571] INFO: Receive loop #11 received 16384 bytes in 0.029000ms
[2025-01-30 11:55:21.468310] INFO: Receive loop #12 received 7665 bytes in 0.019000ms
[2025-01-30 11:55:23.842335] INFO: Response received in 23756.613000ms
[2025-01-30 11:55:25.559179] INFO: File saved in 0.108000ms
[2025-01-30 11:55:27.090733] INFO: File saved to: /home/vc/kurotaka/objects/temp_218
[2025-01-30 11:55:28.344503] INFO: Execution permission granted to: /home/vc/kurotaka/objects/temp_218
[2025-01-30 11:55:29.704613] INFO: Executing command: /home/vc/kurotaka/objects/temp_218 116 512
[2025-01-30 11:56:37.956277] INFO: Command executed in 1m 6358.157000ms
[2025-01-30 11:56:40.126059] INFO: Result saved to: /home/vc/kurotaka/results/result_218
[2025-01-30 11:56:42.318810] INFO: Second connection established in 0.150000ms
[2025-01-30 11:56:45.479178] INFO: Sending result upload request
[2025-01-30 11:56:49.143035] INFO: Second request sent in 0.020000ms
[2025-01-30 11:56:52.240954] INFO: Result uploaded in 0.063000ms
[2025-01-30 11:56:55.458974] INFO: Process completed successfully. Total execution time in 2m 3312.543000ms

