
[2025-01-30 11:54:52.810507] INFO: Process started with ID: 397
[2025-01-30 11:54:53.825562] INFO: First connection established in 0.247000ms
[2025-01-30 11:54:54.494652] INFO: Sending request: GET /http_server/send-object.php?ID=397 HTTP/1.1
Host: 192.168.100.3
Connection: close


[2025-01-30 11:54:55.870554] INFO: First request sent in 0.030000ms
[2025-01-30 11:54:56.891452] INFO: Time from request to first response in 0.034000ms
[2025-01-30 11:54:58.160302] INFO: Received headers - MPI-Rank: 80, Group-ID: 1, Job-ID: 1, Sub-Job-ID: 81, Rank-Count: 512
[2025-01-30 11:54:59.455615] INFO: Receive loop #1 received 16384 bytes in 2592.778000ms
[2025-01-30 11:55:00.877319] INFO: Receive loop #2 received 16384 bytes in 0.065000ms
[2025-01-30 11:55:02.447345] INFO: Receive loop #3 received 16384 bytes in 0.081000ms
[2025-01-30 11:55:03.708957] INFO: Receive loop #4 received 16384 bytes in 0.039000ms
[2025-01-30 11:55:05.004045] INFO: Receive loop #5 received 16384 bytes in 0.032000ms
[2025-01-30 11:55:06.349320] INFO: Receive loop #6 received 16384 bytes in 0.030000ms
[2025-01-30 11:55:08.412090] INFO: Receive loop #7 received 16384 bytes in 0.030000ms
[2025-01-30 11:55:10.310855] INFO: Receive loop #8 received 16384 bytes in 0.256000ms
[2025-01-30 11:55:12.641365] INFO: Receive loop #9 received 16384 bytes in 0.031000ms
[2025-01-30 11:55:14.321321] INFO: Receive loop #10 received 16384 bytes in 0.033000ms
[2025-01-30 11:55:15.708582] INFO: Receive loop #11 received 16384 bytes in 0.029000ms
[2025-01-30 11:55:16.997454] INFO: Receive loop #12 received 7663 bytes in 0.022000ms
[2025-01-30 11:55:18.366938] INFO: Response received in 21307.721000ms
[2025-01-30 11:55:21.469134] INFO: File saved in 0.482000ms
[2025-01-30 11:55:23.842499] INFO: File saved to: /home/vc/kurotaka/objects/temp_397
[2025-01-30 11:55:25.559423] INFO: Execution permission granted to: /home/vc/kurotaka/objects/temp_397
[2025-01-30 11:55:27.091607] INFO: Executing command: /home/vc/kurotaka/objects/temp_397 80 512
[2025-01-30 11:56:42.775835] INFO: Command executed in 1m 13022.549000ms
[2025-01-30 11:56:47.466409] INFO: Result saved to: /home/vc/kurotaka/results/result_397
[2025-01-30 11:56:51.479546] INFO: Second connection established in 0.144000ms
[2025-01-30 11:56:54.678215] INFO: Sending result upload request
[2025-01-30 11:56:58.090160] INFO: Second request sent in 0.004000ms
[2025-01-30 11:56:59.832145] INFO: Result uploaded in 0.011000ms
[2025-01-30 11:57:00.728138] INFO: Process completed successfully. Total execution time in 2m 9829.043000ms

