
[2025-01-30 11:55:03.052583] INFO: Process started with ID: 312
[2025-01-30 11:55:04.316589] INFO: First connection established in 0.245000ms
[2025-01-30 11:55:05.376206] INFO: Sending request: GET /http_server/send-object.php?ID=312 HTTP/1.1
Host: 192.168.100.3
Connection: close


[2025-01-30 11:55:06.842779] INFO: First request sent in 0.035000ms
[2025-01-30 11:55:09.247208] INFO: Time from request to first response in 0.030000ms
[2025-01-30 11:55:11.317833] INFO: Received headers - MPI-Rank: 191, Group-ID: 1, Job-ID: 1, Sub-Job-ID: 192, Rank-Count: 512
[2025-01-30 11:55:13.110362] INFO: Receive loop #1 received 16384 bytes in 4186.456000ms
[2025-01-30 11:55:14.740490] INFO: Receive loop #2 received 16384 bytes in 0.060000ms
[2025-01-30 11:55:16.100383] INFO: Receive loop #3 received 16384 bytes in 0.093000ms
[2025-01-30 11:55:17.378247] INFO: Receive loop #4 received 16384 bytes in 0.109000ms
[2025-01-30 11:55:18.800225] INFO: Receive loop #5 received 16384 bytes in 0.029000ms
[2025-01-30 11:55:21.504983] INFO: Receive loop #6 received 16384 bytes in 0.028000ms
[2025-01-30 11:55:23.852859] INFO: Receive loop #7 received 16384 bytes in 0.029000ms
[2025-01-30 11:55:25.589989] INFO: Receive loop #8 received 16384 bytes in 0.051000ms
[2025-01-30 11:55:27.124048] INFO: Receive loop #9 received 16384 bytes in 0.008000ms
[2025-01-30 11:55:28.370457] INFO: Receive loop #10 received 16384 bytes in 0.023000ms
[2025-01-30 11:55:29.764002] INFO: Receive loop #11 received 16384 bytes in 0.037000ms
[2025-01-30 11:55:31.237326] INFO: Receive loop #12 received 7665 bytes in 0.008000ms
[2025-01-30 11:55:32.761373] INFO: Response received in 24022.205000ms
[2025-01-30 11:55:34.958540] INFO: File saved in 0.761000ms
[2025-01-30 11:55:36.613541] INFO: File saved to: /home/vc/kurotaka/objects/temp_312
[2025-01-30 11:55:38.548756] INFO: Execution permission granted to: /home/vc/kurotaka/objects/temp_312
[2025-01-30 11:55:40.986917] INFO: Executing command: /home/vc/kurotaka/objects/temp_312 191 512
[2025-01-30 11:56:46.647516] INFO: Command executed in 1m 3346.614000ms
[2025-01-30 11:56:49.986924] INFO: Result saved to: /home/vc/kurotaka/results/result_312
[2025-01-30 11:56:53.251686] INFO: Second connection established in 0.292000ms
[2025-01-30 11:56:56.989974] INFO: Sending result upload request
[2025-01-30 11:57:00.077433] INFO: Second request sent in 0.005000ms
[2025-01-30 11:57:02.868294] INFO: Result uploaded in 0.011000ms
[2025-01-30 11:57:05.042391] INFO: Process completed successfully. Total execution time in 2m 13856.033000ms

