
[2025-01-30 11:55:36.350261] INFO: Process started with ID: 423
[2025-01-30 11:55:37.936476] INFO: First connection established in 0.200000ms
[2025-01-30 11:55:39.964997] INFO: Sending request: GET /http_server/send-object.php?ID=423 HTTP/1.1
Host: 192.168.100.3
Connection: close


[2025-01-30 11:55:42.030792] INFO: First request sent in 0.037000ms
[2025-01-30 11:55:43.586825] INFO: Time from request to first response in 0.031000ms
[2025-01-30 11:55:45.994698] INFO: Received headers - MPI-Rank: 435, Group-ID: 1, Job-ID: 1, Sub-Job-ID: 436, Rank-Count: 512
[2025-01-30 11:55:47.188804] INFO: Receive loop #1 received 16384 bytes in 3844.144000ms
[2025-01-30 11:55:48.351216] INFO: Receive loop #2 received 16384 bytes in 0.068000ms
[2025-01-30 11:55:49.792257] INFO: Receive loop #3 received 16384 bytes in 0.097000ms
[2025-01-30 11:55:51.044249] INFO: Receive loop #4 received 16384 bytes in 0.108000ms
[2025-01-30 11:55:53.289750] INFO: Receive loop #5 received 16384 bytes in 0.010000ms
[2025-01-30 11:55:54.939757] INFO: Receive loop #6 received 16384 bytes in 0.028000ms
[2025-01-30 11:55:56.785814] INFO: Receive loop #7 received 16384 bytes in 0.026000ms
[2025-01-30 11:55:59.051630] INFO: Receive loop #8 received 16384 bytes in 0.263000ms
[2025-01-30 11:56:00.538941] INFO: Receive loop #9 received 16384 bytes in 0.027000ms
[2025-01-30 11:56:02.171015] INFO: Receive loop #10 received 16384 bytes in 0.012000ms
[2025-01-30 11:56:03.688870] INFO: Receive loop #11 received 16384 bytes in 0.006000ms
[2025-01-30 11:56:05.585041] INFO: Receive loop #12 received 7665 bytes in 0.003000ms
[2025-01-30 11:56:07.151220] INFO: Response received in 23264.716000ms
[2025-01-30 11:56:08.530774] INFO: File saved in 0.516000ms
[2025-01-30 11:56:09.896626] INFO: File saved to: /home/vc/kurotaka/objects/temp_423
[2025-01-30 11:56:11.851774] INFO: Execution permission granted to: /home/vc/kurotaka/objects/temp_423
[2025-01-30 11:56:13.235074] INFO: Executing command: /home/vc/kurotaka/objects/temp_423 435 512
[2025-01-30 11:56:36.016232] INFO: Command executed in 21930.040000ms
[2025-01-30 11:56:37.111262] INFO: Result saved to: /home/vc/kurotaka/results/result_423
[2025-01-30 11:56:38.672274] INFO: Second connection established in 0.908000ms
[2025-01-30 11:56:41.983655] INFO: Sending result upload request
[2025-01-30 11:56:46.744618] INFO: Second request sent in 0.020000ms
[2025-01-30 11:56:50.965160] INFO: Result uploaded in 0.048000ms
[2025-01-30 11:56:54.016237] INFO: Process completed successfully. Total execution time in 2m 2388.030000ms

