
[2025-01-30 11:55:30.826948] INFO: Process started with ID: 330
[2025-01-30 11:55:32.201462] INFO: First connection established in 0.196000ms
[2025-01-30 11:55:34.571643] INFO: Sending request: GET /http_server/send-object.php?ID=330 HTTP/1.1
Host: 192.168.100.3
Connection: close


[2025-01-30 11:55:36.282923] INFO: First request sent in 0.034000ms
[2025-01-30 11:55:37.874406] INFO: Time from request to first response in 0.030000ms
[2025-01-30 11:55:40.091772] INFO: Received headers - MPI-Rank: 397, Group-ID: 1, Job-ID: 1, Sub-Job-ID: 398, Rank-Count: 512
[2025-01-30 11:55:42.098198] INFO: Receive loop #1 received 16384 bytes in 4284.367000ms
[2025-01-30 11:55:43.620982] INFO: Receive loop #2 received 16384 bytes in 0.011000ms
[2025-01-30 11:55:46.019701] INFO: Receive loop #3 received 16384 bytes in 0.098000ms
[2025-01-30 11:55:47.616167] INFO: Receive loop #4 received 16384 bytes in 0.128000ms
[2025-01-30 11:55:49.191130] INFO: Receive loop #5 received 16384 bytes in 0.033000ms
[2025-01-30 11:55:50.768255] INFO: Receive loop #6 received 16384 bytes in 0.006000ms
[2025-01-30 11:55:52.280703] INFO: Receive loop #7 received 16384 bytes in 0.028000ms
[2025-01-30 11:55:53.708800] INFO: Receive loop #8 received 16384 bytes in 0.252000ms
[2025-01-30 11:55:54.939642] INFO: Receive loop #9 received 16384 bytes in 0.009000ms
[2025-01-30 11:55:56.740461] INFO: Receive loop #10 received 16384 bytes in 0.028000ms
[2025-01-30 11:55:58.868923] INFO: Receive loop #11 received 16384 bytes in 0.029000ms
[2025-01-30 11:56:00.380781] INFO: Receive loop #12 received 7665 bytes in 0.018000ms
[2025-01-30 11:56:02.020224] INFO: Response received in 23986.279000ms
[2025-01-30 11:56:03.213090] INFO: File saved in 0.458000ms
[2025-01-30 11:56:04.952856] INFO: File saved to: /home/vc/kurotaka/objects/temp_330
[2025-01-30 11:56:07.150544] INFO: Execution permission granted to: /home/vc/kurotaka/objects/temp_330
[2025-01-30 11:56:08.477705] INFO: Executing command: /home/vc/kurotaka/objects/temp_330 397 512
[2025-01-30 11:56:41.443548] INFO: Command executed in 31814.655000ms
[2025-01-30 11:56:43.988854] INFO: Result saved to: /home/vc/kurotaka/results/result_330
[2025-01-30 11:56:47.381925] INFO: Second connection established in 0.265000ms
[2025-01-30 11:56:50.906086] INFO: Sending result upload request
[2025-01-30 11:56:53.684691] INFO: Second request sent in 0.029000ms
[2025-01-30 11:56:57.795023] INFO: Result uploaded in 0.011000ms
[2025-01-30 11:57:00.457860] INFO: Process completed successfully. Total execution time in 2m 8786.714000ms

