
[2025-01-30 11:54:51.039615] INFO: Process started with ID: 306
[2025-01-30 11:54:51.276142] INFO: First connection established in 0.215000ms
[2025-01-30 11:54:51.618543] INFO: Sending request: GET /http_server/send-object.php?ID=306 HTTP/1.1
Host: 192.168.100.3
Connection: close


[2025-01-30 11:54:52.445119] INFO: First request sent in 0.007000ms
[2025-01-30 11:54:53.698578] INFO: Time from request to first response in 0.030000ms
[2025-01-30 11:54:54.178031] INFO: Received headers - MPI-Rank: 24, Group-ID: 1, Job-ID: 1, Sub-Job-ID: 25, Rank-Count: 512
[2025-01-30 11:54:55.101473] INFO: Receive loop #1 received 16384 bytes in 1523.283000ms
[2025-01-30 11:54:56.530728] INFO: Receive loop #2 received 16384 bytes in 0.064000ms
[2025-01-30 11:54:57.320305] INFO: Receive loop #3 received 16384 bytes in 0.082000ms
[2025-01-30 11:54:58.966121] INFO: Receive loop #4 received 16384 bytes in 0.113000ms
[2025-01-30 11:54:59.977723] INFO: Receive loop #5 received 16384 bytes in 0.034000ms
[2025-01-30 11:55:01.777514] INFO: Receive loop #6 received 16384 bytes in 0.029000ms
[2025-01-30 11:55:03.032825] INFO: Receive loop #7 received 16384 bytes in 0.028000ms
[2025-01-30 11:55:04.254554] INFO: Receive loop #8 received 16384 bytes in 0.259000ms
[2025-01-30 11:55:05.313424] INFO: Receive loop #9 received 16384 bytes in 0.032000ms
[2025-01-30 11:55:06.784322] INFO: Receive loop #10 received 16384 bytes in 0.028000ms
[2025-01-30 11:55:09.246967] INFO: Receive loop #11 received 16384 bytes in 0.028000ms
[2025-01-30 11:55:11.196721] INFO: Receive loop #12 received 7663 bytes in 0.019000ms
[2025-01-30 11:55:13.089653] INFO: Response received in 19448.073000ms
[2025-01-30 11:55:14.644895] INFO: File saved in 0.514000ms
[2025-01-30 11:55:16.014139] INFO: File saved to: /home/vc/kurotaka/objects/temp_306
[2025-01-30 11:55:17.303721] INFO: Execution permission granted to: /home/vc/kurotaka/objects/temp_306
[2025-01-30 11:55:18.596404] INFO: Executing command: /home/vc/kurotaka/objects/temp_306 24 512
[2025-01-30 11:56:42.020336] INFO: Command executed in 1m 20525.825000ms
[2025-01-30 11:56:45.044090] INFO: Result saved to: /home/vc/kurotaka/results/result_306
[2025-01-30 11:56:48.179680] INFO: Second connection established in 0.230000ms
[2025-01-30 11:56:51.655532] INFO: Sending result upload request
[2025-01-30 11:56:54.757849] INFO: Second request sent in 0.031000ms
[2025-01-30 11:56:58.384714] INFO: Result uploaded in 0.011000ms
[2025-01-30 11:57:01.194328] INFO: Process completed successfully. Total execution time in 2m 9613.941000ms

