
[2025-01-30 11:55:21.473367] INFO: Process started with ID: 308
[2025-01-30 11:55:23.843485] INFO: First connection established in 0.228000ms
[2025-01-30 11:55:25.559838] INFO: Sending request: GET /http_server/send-object.php?ID=308 HTTP/1.1
Host: 192.168.100.3
Connection: close


[2025-01-30 11:55:27.091645] INFO: First request sent in 0.034000ms
[2025-01-30 11:55:28.345161] INFO: Time from request to first response in 0.043000ms
[2025-01-30 11:55:29.705368] INFO: Received headers - MPI-Rank: 329, Group-ID: 1, Job-ID: 1, Sub-Job-ID: 330, Rank-Count: 512
[2025-01-30 11:55:31.209465] INFO: Receive loop #1 received 16384 bytes in 2805.238000ms
[2025-01-30 11:55:32.640450] INFO: Receive loop #2 received 16384 bytes in 0.060000ms
[2025-01-30 11:55:34.824482] INFO: Receive loop #3 received 16384 bytes in 0.083000ms
[2025-01-30 11:55:36.479143] INFO: Receive loop #4 received 16384 bytes in 0.113000ms
[2025-01-30 11:55:38.204801] INFO: Receive loop #5 received 16384 bytes in 0.029000ms
[2025-01-30 11:55:40.379515] INFO: Receive loop #6 received 16384 bytes in 0.030000ms
[2025-01-30 11:55:42.278723] INFO: Receive loop #7 received 16384 bytes in 0.014000ms
[2025-01-30 11:55:43.959640] INFO: Receive loop #8 received 16384 bytes in 0.253000ms
[2025-01-30 11:55:46.979147] INFO: Receive loop #9 received 16384 bytes in 0.031000ms
[2025-01-30 11:55:48.350982] INFO: Receive loop #10 received 16384 bytes in 0.030000ms
[2025-01-30 11:55:49.959074] INFO: Receive loop #11 received 16384 bytes in 0.035000ms
[2025-01-30 11:55:51.495011] INFO: Receive loop #12 received 7665 bytes in 0.020000ms
[2025-01-30 11:55:53.498057] INFO: Response received in 24455.315000ms
[2025-01-30 11:55:54.939102] INFO: File saved in 0.093000ms
[2025-01-30 11:55:56.692750] INFO: File saved to: /home/vc/kurotaka/objects/temp_308
[2025-01-30 11:56:00.004902] INFO: Execution permission granted to: /home/vc/kurotaka/objects/temp_308
[2025-01-30 11:56:01.744255] INFO: Executing command: /home/vc/kurotaka/objects/temp_308 329 512
[2025-01-30 11:56:46.305447] INFO: Command executed in 42548.855000ms
[2025-01-30 11:56:49.725910] INFO: Result saved to: /home/vc/kurotaka/results/result_308
[2025-01-30 11:56:53.058230] INFO: Second connection established in 0.231000ms
[2025-01-30 11:56:56.595098] INFO: Sending result upload request
[2025-01-30 11:56:59.611951] INFO: Second request sent in 0.004000ms
[2025-01-30 11:57:02.635200] INFO: Result uploaded in 0.013000ms
[2025-01-30 11:57:04.916127] INFO: Process completed successfully. Total execution time in 2m 13589.597000ms

