
[2025-01-30 11:54:50.794007] INFO: Process started with ID: 204
[2025-01-30 11:54:50.895778] INFO: First connection established in 0.262000ms
[2025-01-30 11:54:51.083992] INFO: Sending request: GET /http_server/send-object.php?ID=204 HTTP/1.1
Host: 192.168.100.3
Connection: close


[2025-01-30 11:54:51.418510] INFO: First request sent in 0.033000ms
[2025-01-30 11:54:51.972809] INFO: Time from request to first response in 0.028000ms
[2025-01-30 11:54:52.810160] INFO: Received headers - MPI-Rank: 0, Group-ID: 1, Job-ID: 1, Sub-Job-ID: 1, Rank-Count: 512
[2025-01-30 11:54:53.760611] INFO: Receive loop #1 received 16384 bytes in 1803.747000ms
[2025-01-30 11:54:54.305850] INFO: Receive loop #2 received 16384 bytes in 0.062000ms
[2025-01-30 11:54:55.283324] INFO: Receive loop #3 received 16384 bytes in 0.044000ms
[2025-01-30 11:54:56.586480] INFO: Receive loop #4 received 16384 bytes in 0.114000ms
[2025-01-30 11:54:57.452870] INFO: Receive loop #5 received 16384 bytes in 0.009000ms
[2025-01-30 11:54:59.200669] INFO: Receive loop #6 received 16384 bytes in 0.031000ms
[2025-01-30 11:55:00.096620] INFO: Receive loop #7 received 16384 bytes in 0.030000ms
[2025-01-30 11:55:02.124896] INFO: Receive loop #8 received 16384 bytes in 0.259000ms
[2025-01-30 11:55:03.145178] INFO: Receive loop #9 received 16384 bytes in 0.031000ms
[2025-01-30 11:55:04.438082] INFO: Receive loop #10 received 16384 bytes in 0.029000ms
[2025-01-30 11:55:05.516519] INFO: Receive loop #11 received 16384 bytes in 0.036000ms
[2025-01-30 11:55:07.070697] INFO: Receive loop #12 received 7661 bytes in 0.020000ms
[2025-01-30 11:55:09.364060] INFO: Response received in 17234.829000ms
[2025-01-30 11:55:11.737806] INFO: File saved in 0.540000ms
[2025-01-30 11:55:13.338277] INFO: File saved to: /home/vc/kurotaka/objects/temp_204
[2025-01-30 11:55:14.882166] INFO: Execution permission granted to: /home/vc/kurotaka/objects/temp_204
[2025-01-30 11:55:16.255650] INFO: Executing command: /home/vc/kurotaka/objects/temp_204 0 512
[2025-01-30 11:56:43.207001] INFO: Command executed in 1m 25163.857000ms
[2025-01-30 11:56:46.744258] INFO: Result saved to: /home/vc/kurotaka/results/result_204
[2025-01-30 11:56:49.986900] INFO: Second connection established in 0.172000ms
[2025-01-30 11:56:53.140977] INFO: Sending result upload request
[2025-01-30 11:56:56.419966] INFO: Second request sent in 0.025000ms
[2025-01-30 11:56:59.102594] INFO: Result uploaded in 0.011000ms
[2025-01-30 11:57:01.996690] INFO: Process completed successfully. Total execution time in 2m 10195.077000ms

