
[2025-01-31 15:39:18] Program started at 2025-01-31 15:39:18.1937
[2025-01-31 15:39:18] [getClientID] MySQL connection established. Execution time: 0.568 ms
[2025-01-31 15:39:18] [getClientID] SELECT table_name FROM table_registry WHERE id = :job_id / Execution time: 0.347 ms
[2025-01-31 15:39:18] [getClientID] SELECT client FROM `matrix` WHERE id = :sub_job_id / Execution time: 0.215 ms
[2025-01-31 15:39:18] getClientID completed. Execution time: 1.345 ms
[2025-01-31 15:39:18] Read file completed. Execution time: 0.013 ms
[2025-01-31 15:39:18] File saved successfully: uploads/job_1/group_1/result_72
[2025-01-31 15:39:18] [updateStatus] MySQL connection established. Execution time: 0.119 ms
[2025-01-31 15:39:18] [updateStatus] SELECT table_name FROM table_registry WHERE id = :job_id FOR UPDATE / Execution time: 2.239 ms
[2025-01-31 15:39:18] [updateStatus] UPDATE `matrix` SET status = :status WHERE id = :sub_job_id / Execution time: 0.306 ms
[2025-01-31 15:39:18] [updateStatus] SELECT COUNT_RECORDS FROM `matrix` / Execution time: 0.429 ms
[2025-01-31 15:39:18] [updateStatus] UPDATE table_registry SET status = :status WHERE id = :job_id / Execution time: 0.170 ms
[2025-01-31 15:39:18] updateStatus completed. Execution time: 130.261 ms
[2025-01-31 15:39:18] Write file completed. Execution time: 130.647 ms
[2025-01-31 15:39:18] [getGroupStatus] MySQL connection established. Execution time: 0.092 ms
[2025-01-31 15:39:18] [getGroupStatus] SELECT table_name FROM table_registry WHERE id = :job_id / Execution time: 0.420 ms
[2025-01-31 15:39:18] [getGroupStatus] SELECT status FROM `matrix` WHERE group_id = :group_id / Execution time: 0.532 ms
[2025-01-31 15:39:18] getGroupStatus completed. Execution time: 1.231 ms
[2025-01-31 15:39:18] Group 1 is not completed yet.
[2025-01-31 15:39:18] Program completed. Total execution time: 136.291 ms

