
[2025-01-31 15:39:18] Program started at 2025-01-31 15:39:18.4569
[2025-01-31 15:39:18] [getClientID] MySQL connection established. Execution time: 0.439 ms
[2025-01-31 15:39:18] [getClientID] SELECT table_name FROM table_registry WHERE id = :job_id / Execution time: 0.334 ms
[2025-01-31 15:39:18] [getClientID] SELECT client FROM `matrix` WHERE id = :sub_job_id / Execution time: 0.205 ms
[2025-01-31 15:39:18] getClientID completed. Execution time: 1.175 ms
[2025-01-31 15:39:18] Read file completed. Execution time: 0.014 ms
[2025-01-31 15:39:18] File saved successfully: uploads/job_1/group_1/result_37
[2025-01-31 15:39:18] [updateStatus] MySQL connection established. Execution time: 0.122 ms
[2025-01-31 15:39:18] [updateStatus] SELECT table_name FROM table_registry WHERE id = :job_id FOR UPDATE / Execution time: 1.354 ms
[2025-01-31 15:39:18] [updateStatus] UPDATE `matrix` SET status = :status WHERE id = :sub_job_id / Execution time: 0.211 ms
[2025-01-31 15:39:18] [updateStatus] SELECT COUNT_RECORDS FROM `matrix` / Execution time: 0.437 ms
[2025-01-31 15:39:18] [updateStatus] UPDATE table_registry SET status = :status WHERE id = :job_id / Execution time: 0.162 ms
[2025-01-31 15:39:18] updateStatus completed. Execution time: 134.369 ms
[2025-01-31 15:39:18] Write file completed. Execution time: 134.703 ms
[2025-01-31 15:39:18] [getGroupStatus] MySQL connection established. Execution time: 0.057 ms
[2025-01-31 15:39:18] [getGroupStatus] SELECT table_name FROM table_registry WHERE id = :job_id / Execution time: 0.279 ms
[2025-01-31 15:39:18] [getGroupStatus] SELECT status FROM `matrix` WHERE group_id = :group_id / Execution time: 0.618 ms
[2025-01-31 15:39:18] getGroupStatus completed. Execution time: 1.155 ms
[2025-01-31 15:39:18] Group 1 is not completed yet.
[2025-01-31 15:39:18] Program completed. Total execution time: 140.112 ms

