
[2025-01-31 15:39:18] Program started at 2025-01-31 15:39:18.1252
[2025-01-31 15:39:18] [getClientID] MySQL connection established. Execution time: 0.584 ms
[2025-01-31 15:39:18] [getClientID] SELECT table_name FROM table_registry WHERE id = :job_id / Execution time: 0.357 ms
[2025-01-31 15:39:18] [getClientID] SELECT client FROM `matrix` WHERE id = :sub_job_id / Execution time: 0.229 ms
[2025-01-31 15:39:18] getClientID completed. Execution time: 1.484 ms
[2025-01-31 15:39:18] Read file completed. Execution time: 0.015 ms
[2025-01-31 15:39:18] File saved successfully: uploads/job_1/group_1/result_59
[2025-01-31 15:39:18] [updateStatus] MySQL connection established. Execution time: 0.123 ms
[2025-01-31 15:39:18] [updateStatus] SELECT table_name FROM table_registry WHERE id = :job_id FOR UPDATE / Execution time: 0.221 ms
[2025-01-31 15:39:18] [updateStatus] UPDATE `matrix` SET status = :status WHERE id = :sub_job_id / Execution time: 0.217 ms
[2025-01-31 15:39:18] [updateStatus] SELECT COUNT_RECORDS FROM `matrix` / Execution time: 0.423 ms
[2025-01-31 15:39:18] [updateStatus] UPDATE table_registry SET status = :status WHERE id = :job_id / Execution time: 0.199 ms
[2025-01-31 15:39:18] updateStatus completed. Execution time: 4.567 ms
[2025-01-31 15:39:18] Write file completed. Execution time: 4.940 ms
[2025-01-31 15:39:18] [getGroupStatus] MySQL connection established. Execution time: 0.065 ms
[2025-01-31 15:39:18] [getGroupStatus] SELECT table_name FROM table_registry WHERE id = :job_id / Execution time: 0.170 ms
[2025-01-31 15:39:18] [getGroupStatus] SELECT status FROM `matrix` WHERE group_id = :group_id / Execution time: 0.408 ms
[2025-01-31 15:39:18] getGroupStatus completed. Execution time: 0.833 ms
[2025-01-31 15:39:18] Group 1 is not completed yet.
[2025-01-31 15:39:18] Program completed. Total execution time: 10.297 ms

