
[2025-01-31 16:52:35.992814] INFO: Process started with ID: 57
[2025-01-31 16:52:36.479886] INFO: First connection established in 0.170000ms
[2025-01-31 16:52:37.205192] INFO: Sending request: GET /http_server/send-object.php?ID=57 HTTP/1.1
Host: 192.168.100.3
Connection: close


[2025-01-31 16:52:38.068165] INFO: First request sent in 0.034000ms
[2025-01-31 16:52:38.549469] INFO: Time from request to first response in 0.029000ms
[2025-01-31 16:52:39.201637] INFO: Received headers - MPI-Rank: 92, Group-ID: 1, Job-ID: 1, Sub-Job-ID: 93, Rank-Count: 128
[2025-01-31 16:52:40.024311] INFO: Receive loop #1 received 16384 bytes in 1382.789000ms
[2025-01-31 16:52:40.550983] INFO: Receive loop #2 received 16384 bytes in 0.060000ms
[2025-01-31 16:52:41.224496] INFO: Receive loop #3 received 16384 bytes in 0.076000ms
[2025-01-31 16:52:42.184469] INFO: Receive loop #4 received 16384 bytes in 0.114000ms
[2025-01-31 16:52:42.874092] INFO: Receive loop #5 received 16384 bytes in 0.037000ms
[2025-01-31 16:52:43.706685] INFO: Receive loop #6 received 16384 bytes in 0.036000ms
[2025-01-31 16:52:44.956247] INFO: Receive loop #7 received 16384 bytes in 0.031000ms
[2025-01-31 16:52:45.913403] INFO: Receive loop #8 received 16384 bytes in 0.265000ms
[2025-01-31 16:52:46.560392] INFO: Receive loop #9 received 16384 bytes in 0.037000ms
[2025-01-31 16:52:47.496825] INFO: Receive loop #10 received 16384 bytes in 0.036000ms
[2025-01-31 16:52:48.016773] INFO: Receive loop #11 received 16384 bytes in 0.031000ms
[2025-01-31 16:52:48.817803] INFO: Receive loop #12 received 7663 bytes in 0.018000ms
[2025-01-31 16:52:49.643804] INFO: Response received in 11060.891000ms
[2025-01-31 16:52:50.459092] INFO: File saved in 0.489000ms
[2025-01-31 16:52:50.921391] INFO: File saved to: /home/vc/kurotaka/objects/temp_57
[2025-01-31 16:52:51.363161] INFO: Execution permission granted to: /home/vc/kurotaka/objects/temp_57
[2025-01-31 16:52:51.518449] INFO: Executing command: /home/vc/kurotaka/objects/temp_57 92 128 1
[2025-01-31 16:52:55.406292] INFO: Command executed in 2998.658000ms
[2025-01-31 16:52:56.318212] INFO: Result saved to: /home/vc/kurotaka/results/result_57
[2025-01-31 16:52:57.122931] INFO: Second connection established in 0.281000ms
[2025-01-31 16:52:58.325221] INFO: Sending result upload request
[2025-01-31 16:52:59.348344] INFO: Second request sent in 0.027000ms
[2025-01-31 16:53:00.060809] INFO: Result uploaded in 0.057000ms
[2025-01-31 16:53:01.264829] INFO: Process completed successfully. Total execution time in 26974.592000ms

