
[2025-01-23 15:05:10] Program started at 2025-01-23 15:05:10.000000
[2025-01-23 15:05:10] [getClientID] MySQL connection established. Execution time: 0.129 ms
[2025-01-23 15:05:10] [getClientID] SELECT table_name FROM table_registry WHERE id = :job_id / Execution time: 0.193 ms
[2025-01-23 15:05:10] [getClientID] SELECT client FROM `matrix` WHERE id = :sub_job_id / Execution time: 0.119 ms
[2025-01-23 15:05:10] getClientID completed. Execution time: 0.645 ms
[2025-01-23 15:05:10] Read file completed. Execution time: 0.013 ms
[2025-01-23 15:05:10] File saved successfully: uploads/job_1/group_1/result_63
[2025-01-23 15:05:10] [updateStatus] MySQL connection established. Execution time: 0.281 ms
[2025-01-23 15:05:10] [updateStatus] SELECT table_name FROM table_registry WHERE id = :job_id FOR UPDATE / Execution time: 12.679 ms
[2025-01-23 15:05:10] [updateStatus] UPDATE `matrix` SET status = :status WHERE id = :sub_job_id / Execution time: 0.212 ms
[2025-01-23 15:05:10] [updateStatus] SELECT COUNT_RECORDS FROM `matrix` / Execution time: 0.405 ms
[2025-01-23 15:05:10] [updateStatus] UPDATE table_registry SET status = :status WHERE id = :job_id / Execution time: 0.179 ms
[2025-01-23 15:05:10] updateStatus completed. Execution time: 589.398 ms
[2025-01-23 15:05:10] Write file completed. Execution time: 631.073 ms
[2025-01-23 15:05:10] [getGroupStatus] MySQL connection established. Execution time: 0.234 ms
[2025-01-23 15:05:10] [getGroupStatus] SELECT table_name FROM table_registry WHERE id = :job_id / Execution time: 0.456 ms
[2025-01-23 15:05:10] [getGroupStatus] SELECT status FROM `matrix` WHERE group_id = :group_id / Execution time: 1.148 ms
[2025-01-23 15:05:10] getGroupStatus completed. Execution time: 2.231 ms
[2025-01-23 15:05:10] Group 1 is not completed yet.
[2025-01-23 15:05:10] Program completed. Total execution time: 638.476 ms

