
[2025-01-31 17:21:56.767598] INFO: Process started with ID: 58
[2025-01-31 17:21:56.885699] INFO: First connection established in 0.182000ms
[2025-01-31 17:21:57.095131] INFO: Sending request: GET /http_server/send-object.php?ID=58 HTTP/1.1
Host: 192.168.100.3
Connection: close


[2025-01-31 17:21:57.304455] INFO: First request sent in 0.032000ms
[2025-01-31 17:21:57.590343] INFO: Time from request to first response in 0.016000ms
[2025-01-31 17:21:57.874287] INFO: Received headers - MPI-Rank: 1, Group-ID: 1, Job-ID: 1, Sub-Job-ID: 2, Rank-Count: 64
[2025-01-31 17:21:58.289810] INFO: Receive loop #1 received 16384 bytes in 603.470000ms
[2025-01-31 17:21:58.628969] INFO: Receive loop #2 received 16384 bytes in 0.058000ms
[2025-01-31 17:21:58.877650] INFO: Receive loop #3 received 16384 bytes in 0.075000ms
[2025-01-31 17:21:59.168572] INFO: Receive loop #4 received 16384 bytes in 0.110000ms
[2025-01-31 17:21:59.476834] INFO: Receive loop #5 received 16384 bytes in 0.027000ms
[2025-01-31 17:21:59.819551] INFO: Receive loop #6 received 16384 bytes in 0.006000ms
[2025-01-31 17:22:00.161350] INFO: Receive loop #7 received 16384 bytes in 0.029000ms
[2025-01-31 17:22:00.563219] INFO: Receive loop #8 received 16384 bytes in 0.242000ms
[2025-01-31 17:22:01.100864] INFO: Receive loop #9 received 16384 bytes in 0.031000ms
[2025-01-31 17:22:01.420963] INFO: Receive loop #10 received 16384 bytes in 0.032000ms
[2025-01-31 17:22:01.712348] INFO: Receive loop #11 received 16384 bytes in 0.028000ms
[2025-01-31 17:22:02.071291] INFO: Receive loop #12 received 7660 bytes in 0.019000ms
[2025-01-31 17:22:02.432302] INFO: Response received in 4810.332000ms
[2025-01-31 17:22:02.925222] INFO: File saved in 0.470000ms
[2025-01-31 17:22:03.401686] INFO: File saved to: /home/vc/kurotaka/objects/temp_58
[2025-01-31 17:22:03.786755] INFO: Execution permission granted to: /home/vc/kurotaka/objects/temp_58
[2025-01-31 17:22:04.092187] INFO: Executing command: /home/vc/kurotaka/objects/temp_58 1 64 1
[2025-01-31 17:22:07.144906] INFO: Command executed in 2783.206000ms
[2025-01-31 17:22:07.385775] INFO: Result saved to: /home/vc/kurotaka/results/result_58
[2025-01-31 17:22:07.612150] INFO: Second connection established in 0.222000ms
[2025-01-31 17:22:07.863468] INFO: Sending result upload request
[2025-01-31 17:22:08.131435] INFO: Second request sent in 0.027000ms
[2025-01-31 17:22:08.366354] INFO: Result uploaded in 0.058000ms
[2025-01-31 17:22:08.621235] INFO: Process completed successfully. Total execution time in 11791.985000ms

