
[2025-01-31 16:05:22] Program started at 2025-01-31 16:05:22.7549
[2025-01-31 16:05:22] [getClientID] MySQL connection established. Execution time: 0.286 ms
[2025-01-31 16:05:22] [getClientID] SELECT table_name FROM table_registry WHERE id = :job_id / Execution time: 0.356 ms
[2025-01-31 16:05:22] [getClientID] SELECT client FROM `matrix` WHERE id = :sub_job_id / Execution time: 0.250 ms
[2025-01-31 16:05:22] getClientID completed. Execution time: 1.068 ms
[2025-01-31 16:05:22] Read file completed. Execution time: 0.014 ms
[2025-01-31 16:05:22] File saved successfully: uploads/job_1/group_1/result_234
[2025-01-31 16:05:22] [updateStatus] MySQL connection established. Execution time: 0.124 ms
[2025-01-31 16:05:22] [updateStatus] SELECT table_name FROM table_registry WHERE id = :job_id FOR UPDATE / Execution time: 0.287 ms
[2025-01-31 16:05:22] [updateStatus] UPDATE `matrix` SET status = :status WHERE id = :sub_job_id / Execution time: 0.212 ms
[2025-01-31 16:05:22] [updateStatus] SELECT COUNT_RECORDS FROM `matrix` / Execution time: 0.887 ms
[2025-01-31 16:05:22] [updateStatus] UPDATE table_registry SET status = :status WHERE id = :job_id / Execution time: 0.189 ms
[2025-01-31 16:05:22] updateStatus completed. Execution time: 4.108 ms
[2025-01-31 16:05:22] Write file completed. Execution time: 4.495 ms
[2025-01-31 16:05:22] [getGroupStatus] MySQL connection established. Execution time: 0.062 ms
[2025-01-31 16:05:22] [getGroupStatus] SELECT table_name FROM table_registry WHERE id = :job_id / Execution time: 0.189 ms
[2025-01-31 16:05:22] [getGroupStatus] SELECT status FROM `matrix` WHERE group_id = :group_id / Execution time: 0.994 ms
[2025-01-31 16:05:22] getGroupStatus completed. Execution time: 1.355 ms
[2025-01-31 16:05:22] Group 1 is not completed yet.
[2025-01-31 16:05:22] Program completed. Total execution time: 9.589 ms

