
[2025-01-31 16:05:30] Program started at 2025-01-31 16:05:30.3773
[2025-01-31 16:05:30] [getClientID] MySQL connection established. Execution time: 0.246 ms
[2025-01-31 16:05:30] [getClientID] SELECT table_name FROM table_registry WHERE id = :job_id / Execution time: 0.330 ms
[2025-01-31 16:05:30] [getClientID] SELECT client FROM `matrix` WHERE id = :sub_job_id / Execution time: 0.181 ms
[2025-01-31 16:05:30] getClientID completed. Execution time: 0.844 ms
[2025-01-31 16:05:30] Read file completed. Execution time: 0.007 ms
[2025-01-31 16:05:30] File saved successfully: uploads/job_1/group_1/result_265
[2025-01-31 16:05:30] [updateStatus] MySQL connection established. Execution time: 0.084 ms
[2025-01-31 16:05:30] [updateStatus] SELECT table_name FROM table_registry WHERE id = :job_id FOR UPDATE / Execution time: 0.160 ms
[2025-01-31 16:05:30] [updateStatus] UPDATE `matrix` SET status = :status WHERE id = :sub_job_id / Execution time: 0.169 ms
[2025-01-31 16:05:30] [updateStatus] SELECT COUNT_RECORDS FROM `matrix` / Execution time: 0.706 ms
[2025-01-31 16:05:30] [updateStatus] UPDATE table_registry SET status = :status WHERE id = :job_id / Execution time: 0.145 ms
[2025-01-31 16:05:30] updateStatus completed. Execution time: 45.977 ms
[2025-01-31 16:05:30] Write file completed. Execution time: 46.230 ms
[2025-01-31 16:05:30] [getGroupStatus] MySQL connection established. Execution time: 0.080 ms
[2025-01-31 16:05:30] [getGroupStatus] SELECT table_name FROM table_registry WHERE id = :job_id / Execution time: 0.229 ms
[2025-01-31 16:05:30] [getGroupStatus] SELECT status FROM `matrix` WHERE group_id = :group_id / Execution time: 1.095 ms
[2025-01-31 16:05:30] getGroupStatus completed. Execution time: 1.607 ms
[2025-01-31 16:05:30] Group 1 is not completed yet.
[2025-01-31 16:05:30] Program completed. Total execution time: 49.913 ms

