
[2025-01-31 16:05:30] Program started at 2025-01-31 16:05:30.8869
[2025-01-31 16:05:30] [getClientID] MySQL connection established. Execution time: 0.221 ms
[2025-01-31 16:05:30] [getClientID] SELECT table_name FROM table_registry WHERE id = :job_id / Execution time: 0.350 ms
[2025-01-31 16:05:30] [getClientID] SELECT client FROM `matrix` WHERE id = :sub_job_id / Execution time: 0.200 ms
[2025-01-31 16:05:30] getClientID completed. Execution time: 0.878 ms
[2025-01-31 16:05:30] Read file completed. Execution time: 0.009 ms
[2025-01-31 16:05:30] File saved successfully: uploads/job_1/group_1/result_48
[2025-01-31 16:05:30] [updateStatus] MySQL connection established. Execution time: 0.100 ms
[2025-01-31 16:05:30] [updateStatus] SELECT table_name FROM table_registry WHERE id = :job_id FOR UPDATE / Execution time: 0.200 ms
[2025-01-31 16:05:30] [updateStatus] UPDATE `matrix` SET status = :status WHERE id = :sub_job_id / Execution time: 0.209 ms
[2025-01-31 16:05:30] [updateStatus] SELECT COUNT_RECORDS FROM `matrix` / Execution time: 0.945 ms
[2025-01-31 16:05:30] [updateStatus] UPDATE table_registry SET status = :status WHERE id = :job_id / Execution time: 0.186 ms
[2025-01-31 16:05:30] updateStatus completed. Execution time: 38.220 ms
[2025-01-31 16:05:30] Write file completed. Execution time: 38.497 ms
[2025-01-31 16:05:30] [getGroupStatus] MySQL connection established. Execution time: 0.087 ms
[2025-01-31 16:05:30] [getGroupStatus] SELECT table_name FROM table_registry WHERE id = :job_id / Execution time: 0.313 ms
[2025-01-31 16:05:30] [getGroupStatus] SELECT status FROM `matrix` WHERE group_id = :group_id / Execution time: 1.409 ms
[2025-01-31 16:05:30] getGroupStatus completed. Execution time: 2.050 ms
[2025-01-31 16:05:30] Group 1 is not completed yet.
[2025-01-31 16:05:30] Program completed. Total execution time: 43.109 ms

