
[2025-01-31 16:05:26] Program started at 2025-01-31 16:05:26.8747
[2025-01-31 16:05:26] [getClientID] MySQL connection established. Execution time: 0.286 ms
[2025-01-31 16:05:26] [getClientID] SELECT table_name FROM table_registry WHERE id = :job_id / Execution time: 0.474 ms
[2025-01-31 16:05:26] [getClientID] SELECT client FROM `matrix` WHERE id = :sub_job_id / Execution time: 0.347 ms
[2025-01-31 16:05:26] getClientID completed. Execution time: 1.381 ms
[2025-01-31 16:05:26] Read file completed. Execution time: 0.016 ms
[2025-01-31 16:05:26] File saved successfully: uploads/job_1/group_1/result_474
[2025-01-31 16:05:26] [updateStatus] MySQL connection established. Execution time: 0.221 ms
[2025-01-31 16:05:26] [updateStatus] SELECT table_name FROM table_registry WHERE id = :job_id FOR UPDATE / Execution time: 14.617 ms
[2025-01-31 16:05:26] [updateStatus] UPDATE `matrix` SET status = :status WHERE id = :sub_job_id / Execution time: 0.309 ms
[2025-01-31 16:05:26] [updateStatus] SELECT COUNT_RECORDS FROM `matrix` / Execution time: 0.910 ms
[2025-01-31 16:05:26] [updateStatus] UPDATE table_registry SET status = :status WHERE id = :job_id / Execution time: 0.198 ms
[2025-01-31 16:05:27] updateStatus completed. Execution time: 541.719 ms
[2025-01-31 16:05:27] Write file completed. Execution time: 635.804 ms
[2025-01-31 16:05:27] [getGroupStatus] MySQL connection established. Execution time: 0.086 ms
[2025-01-31 16:05:27] [getGroupStatus] SELECT table_name FROM table_registry WHERE id = :job_id / Execution time: 0.444 ms
[2025-01-31 16:05:27] [getGroupStatus] SELECT status FROM `matrix` WHERE group_id = :group_id / Execution time: 1.628 ms
[2025-01-31 16:05:27] getGroupStatus completed. Execution time: 2.487 ms
[2025-01-31 16:05:27] Group 1 is not completed yet.
[2025-01-31 16:05:27] Program completed. Total execution time: 642.532 ms

