
[2025-01-31 16:05:25] Program started at 2025-01-31 16:05:25.4324
[2025-01-31 16:05:25] [getClientID] MySQL connection established. Execution time: 0.173 ms
[2025-01-31 16:05:25] [getClientID] SELECT table_name FROM table_registry WHERE id = :job_id / Execution time: 0.256 ms
[2025-01-31 16:05:25] [getClientID] SELECT client FROM `matrix` WHERE id = :sub_job_id / Execution time: 0.144 ms
[2025-01-31 16:05:25] getClientID completed. Execution time: 0.806 ms
[2025-01-31 16:05:25] Read file completed. Execution time: 0.015 ms
[2025-01-31 16:05:25] File saved successfully: uploads/job_1/group_1/result_287
[2025-01-31 16:05:25] [updateStatus] MySQL connection established. Execution time: 0.357 ms
[2025-01-31 16:05:25] [updateStatus] SELECT table_name FROM table_registry WHERE id = :job_id FOR UPDATE / Execution time: 9.944 ms
[2025-01-31 16:05:25] [updateStatus] UPDATE `matrix` SET status = :status WHERE id = :sub_job_id / Execution time: 0.231 ms
[2025-01-31 16:05:25] [updateStatus] SELECT COUNT_RECORDS FROM `matrix` / Execution time: 0.666 ms
[2025-01-31 16:05:25] [updateStatus] UPDATE table_registry SET status = :status WHERE id = :job_id / Execution time: 0.147 ms
[2025-01-31 16:05:25] updateStatus completed. Execution time: 416.970 ms
[2025-01-31 16:05:25] Write file completed. Execution time: 562.532 ms
[2025-01-31 16:05:25] [getGroupStatus] MySQL connection established. Execution time: 0.033 ms
[2025-01-31 16:05:25] [getGroupStatus] SELECT table_name FROM table_registry WHERE id = :job_id / Execution time: 0.185 ms
[2025-01-31 16:05:25] [getGroupStatus] SELECT status FROM `matrix` WHERE group_id = :group_id / Execution time: 0.787 ms
[2025-01-31 16:05:25] getGroupStatus completed. Execution time: 1.167 ms
[2025-01-31 16:05:25] Group 1 is not completed yet.
[2025-01-31 16:05:25] Program completed. Total execution time: 567.223 ms

