
[2025-01-31 16:05:23] Program started at 2025-01-31 16:05:23.9277
[2025-01-31 16:05:23] [getClientID] MySQL connection established. Execution time: 0.727 ms
[2025-01-31 16:05:23] [getClientID] SELECT table_name FROM table_registry WHERE id = :job_id / Execution time: 0.353 ms
[2025-01-31 16:05:23] [getClientID] SELECT client FROM `matrix` WHERE id = :sub_job_id / Execution time: 0.473 ms
[2025-01-31 16:05:23] getClientID completed. Execution time: 1.854 ms
[2025-01-31 16:05:23] Read file completed. Execution time: 0.010 ms
[2025-01-31 16:05:23] File saved successfully: uploads/job_1/group_1/result_144
[2025-01-31 16:05:23] [updateStatus] MySQL connection established. Execution time: 0.125 ms
[2025-01-31 16:05:23] [updateStatus] SELECT table_name FROM table_registry WHERE id = :job_id FOR UPDATE / Execution time: 0.319 ms
[2025-01-31 16:05:23] [updateStatus] UPDATE `matrix` SET status = :status WHERE id = :sub_job_id / Execution time: 0.241 ms
[2025-01-31 16:05:23] [updateStatus] SELECT COUNT_RECORDS FROM `matrix` / Execution time: 0.985 ms
[2025-01-31 16:05:23] [updateStatus] UPDATE table_registry SET status = :status WHERE id = :job_id / Execution time: 0.198 ms
[2025-01-31 16:05:23] updateStatus completed. Execution time: 4.763 ms
[2025-01-31 16:05:23] Write file completed. Execution time: 4.999 ms
[2025-01-31 16:05:23] [getGroupStatus] MySQL connection established. Execution time: 0.062 ms
[2025-01-31 16:05:23] [getGroupStatus] SELECT table_name FROM table_registry WHERE id = :job_id / Execution time: 0.272 ms
[2025-01-31 16:05:23] [getGroupStatus] SELECT status FROM `matrix` WHERE group_id = :group_id / Execution time: 0.843 ms
[2025-01-31 16:05:23] getGroupStatus completed. Execution time: 1.275 ms
[2025-01-31 16:05:23] Group 1 is not completed yet.
[2025-01-31 16:05:23] Program completed. Total execution time: 11.010 ms

