
[2025-01-31 16:05:26] Program started at 2025-01-31 16:05:26.8757
[2025-01-31 16:05:26] [getClientID] MySQL connection established. Execution time: 0.219 ms
[2025-01-31 16:05:26] [getClientID] SELECT table_name FROM table_registry WHERE id = :job_id / Execution time: 0.346 ms
[2025-01-31 16:05:26] [getClientID] SELECT client FROM `matrix` WHERE id = :sub_job_id / Execution time: 0.223 ms
[2025-01-31 16:05:26] getClientID completed. Execution time: 0.872 ms
[2025-01-31 16:05:26] Read file completed. Execution time: 0.007 ms
[2025-01-31 16:05:26] File saved successfully: uploads/job_1/group_1/result_427
[2025-01-31 16:05:26] [updateStatus] MySQL connection established. Execution time: 0.514 ms
[2025-01-31 16:05:26] [updateStatus] SELECT table_name FROM table_registry WHERE id = :job_id FOR UPDATE / Execution time: 16.480 ms
[2025-01-31 16:05:26] [updateStatus] UPDATE `matrix` SET status = :status WHERE id = :sub_job_id / Execution time: 0.325 ms
[2025-01-31 16:05:26] [updateStatus] SELECT COUNT_RECORDS FROM `matrix` / Execution time: 0.952 ms
[2025-01-31 16:05:26] [updateStatus] UPDATE table_registry SET status = :status WHERE id = :job_id / Execution time: 0.195 ms
[2025-01-31 16:05:27] updateStatus completed. Execution time: 541.609 ms
[2025-01-31 16:05:27] Write file completed. Execution time: 636.856 ms
[2025-01-31 16:05:27] [getGroupStatus] MySQL connection established. Execution time: 0.068 ms
[2025-01-31 16:05:27] [getGroupStatus] SELECT table_name FROM table_registry WHERE id = :job_id / Execution time: 0.245 ms
[2025-01-31 16:05:27] [getGroupStatus] SELECT status FROM `matrix` WHERE group_id = :group_id / Execution time: 1.721 ms
[2025-01-31 16:05:27] getGroupStatus completed. Execution time: 2.296 ms
[2025-01-31 16:05:27] Group 1 is not completed yet.
[2025-01-31 16:05:27] Program completed. Total execution time: 641.258 ms

