
[2025-01-31 16:05:18] Program started at 2025-01-31 16:05:18.5578
[2025-01-31 16:05:18] [getClientID] MySQL connection established. Execution time: 0.327 ms
[2025-01-31 16:05:18] [getClientID] SELECT table_name FROM table_registry WHERE id = :job_id / Execution time: 0.417 ms
[2025-01-31 16:05:18] [getClientID] SELECT client FROM `matrix` WHERE id = :sub_job_id / Execution time: 0.229 ms
[2025-01-31 16:05:18] getClientID completed. Execution time: 1.062 ms
[2025-01-31 16:05:18] Read file completed. Execution time: 0.007 ms
[2025-01-31 16:05:18] File saved successfully: uploads/job_1/group_1/result_117
[2025-01-31 16:05:18] [updateStatus] MySQL connection established. Execution time: 0.091 ms
[2025-01-31 16:05:18] [updateStatus] SELECT table_name FROM table_registry WHERE id = :job_id FOR UPDATE / Execution time: 68.106 ms
[2025-01-31 16:05:18] [updateStatus] UPDATE `matrix` SET status = :status WHERE id = :sub_job_id / Execution time: 0.293 ms
[2025-01-31 16:05:18] [updateStatus] SELECT COUNT_RECORDS FROM `matrix` / Execution time: 0.823 ms
[2025-01-31 16:05:18] [updateStatus] UPDATE table_registry SET status = :status WHERE id = :job_id / Execution time: 0.167 ms
[2025-01-31 16:05:18] updateStatus completed. Execution time: 148.675 ms
[2025-01-31 16:05:18] Write file completed. Execution time: 148.860 ms
[2025-01-31 16:05:18] [getGroupStatus] MySQL connection established. Execution time: 0.104 ms
[2025-01-31 16:05:18] [getGroupStatus] SELECT table_name FROM table_registry WHERE id = :job_id / Execution time: 0.168 ms
[2025-01-31 16:05:18] [getGroupStatus] SELECT status FROM `matrix` WHERE group_id = :group_id / Execution time: 1.033 ms
[2025-01-31 16:05:18] getGroupStatus completed. Execution time: 1.402 ms
[2025-01-31 16:05:18] Group 1 is not completed yet.
[2025-01-31 16:05:18] Program completed. Total execution time: 152.502 ms

