
[2025-01-31 16:23:39] Program started at 2025-01-31 16:23:39.1336
[2025-01-31 16:23:39] [getClientID] MySQL connection established. Execution time: 0.530 ms
[2025-01-31 16:23:39] [getClientID] SELECT table_name FROM table_registry WHERE id = :job_id / Execution time: 0.346 ms
[2025-01-31 16:23:39] [getClientID] SELECT client FROM `matrix` WHERE id = :sub_job_id / Execution time: 0.207 ms
[2025-01-31 16:23:39] getClientID completed. Execution time: 1.268 ms
[2025-01-31 16:23:39] Read file completed. Execution time: 0.014 ms
[2025-01-31 16:23:39] File saved successfully: uploads/job_1/group_1/result_23
[2025-01-31 16:23:39] [updateStatus] MySQL connection established. Execution time: 0.266 ms
[2025-01-31 16:23:39] [updateStatus] SELECT table_name FROM table_registry WHERE id = :job_id FOR UPDATE / Execution time: 1.709 ms
[2025-01-31 16:23:39] [updateStatus] UPDATE `matrix` SET status = :status WHERE id = :sub_job_id / Execution time: 0.248 ms
[2025-01-31 16:23:39] [updateStatus] SELECT COUNT_RECORDS FROM `matrix` / Execution time: 0.380 ms
[2025-01-31 16:23:39] [updateStatus] UPDATE table_registry SET status = :status WHERE id = :job_id / Execution time: 0.174 ms
[2025-01-31 16:23:39] updateStatus completed. Execution time: 266.884 ms
[2025-01-31 16:23:39] Write file completed. Execution time: 285.653 ms
[2025-01-31 16:23:39] [getGroupStatus] MySQL connection established. Execution time: 0.113 ms
[2025-01-31 16:23:39] [getGroupStatus] SELECT table_name FROM table_registry WHERE id = :job_id / Execution time: 0.317 ms
[2025-01-31 16:23:39] [getGroupStatus] SELECT status FROM `matrix` WHERE group_id = :group_id / Execution time: 0.844 ms
[2025-01-31 16:23:39] getGroupStatus completed. Execution time: 1.544 ms
[2025-01-31 16:23:39] Group 1 is not completed yet.
[2025-01-31 16:23:39] Program completed. Total execution time: 291.588 ms

