
[2025-01-31 18:00:20.522777] INFO: Process started with ID: 8
[2025-01-31 18:00:21.744624] INFO: First connection established in 0.483000ms
[2025-01-31 18:00:22.657806] INFO: Sending request: GET /http_server/send-object.php?ID=8 HTTP/1.1
Host: 192.168.100.3
Connection: close


[2025-01-31 18:00:23.350592] INFO: First request sent in 0.042000ms
[2025-01-31 18:00:24.355383] INFO: Time from request to first response in 0.025000ms
[2025-01-31 18:00:25.220463] INFO: Received headers - MPI-Rank: 121, Group-ID: 1, Job-ID: 1, Sub-Job-ID: 122, Rank-Count: 128
[2025-01-31 18:00:25.734957] INFO: Receive loop #1 received 16384 bytes in 1564.120000ms
[2025-01-31 18:00:26.169957] INFO: Receive loop #2 received 16384 bytes in 0.062000ms
[2025-01-31 18:00:26.678396] INFO: Receive loop #3 received 16384 bytes in 0.090000ms
[2025-01-31 18:00:27.422954] INFO: Receive loop #4 received 16384 bytes in 0.111000ms
[2025-01-31 18:00:28.261288] INFO: Receive loop #5 received 16384 bytes in 0.030000ms
[2025-01-31 18:00:28.726750] INFO: Receive loop #6 received 16384 bytes in 0.029000ms
[2025-01-31 18:00:29.446319] INFO: Receive loop #7 received 16384 bytes in 0.029000ms
[2025-01-31 18:00:30.295843] INFO: Receive loop #8 received 16384 bytes in 0.267000ms
[2025-01-31 18:00:30.977496] INFO: Receive loop #9 received 16384 bytes in 0.029000ms
[2025-01-31 18:00:31.590334] INFO: Receive loop #10 received 16384 bytes in 0.034000ms
[2025-01-31 18:00:32.478635] INFO: Receive loop #11 received 16384 bytes in 0.012000ms
[2025-01-31 18:00:32.985891] INFO: Receive loop #12 received 7665 bytes in 0.005000ms
[2025-01-31 18:00:33.513865] INFO: Response received in 9236.340000ms
[2025-01-31 18:00:34.079685] INFO: File saved in 0.539000ms
[2025-01-31 18:00:34.788651] INFO: File saved to: /home/vc/kurotaka/objects/temp_8
[2025-01-31 18:00:35.497604] INFO: Execution permission granted to: /home/vc/kurotaka/objects/temp_8
[2025-01-31 18:00:35.714419] INFO: Executing command: /home/vc/kurotaka/objects/temp_8 121 128 1
[2025-01-31 18:00:39.098433] INFO: Command executed in 3095.235000ms
[2025-01-31 18:00:39.733645] INFO: Result saved to: /home/vc/kurotaka/results/result_8
[2025-01-31 18:00:40.350317] INFO: Second connection established in 0.221000ms
[2025-01-31 18:00:40.873385] INFO: Sending result upload request
[2025-01-31 18:00:41.278470] INFO: Second request sent in 0.025000ms
[2025-01-31 18:00:41.756968] INFO: Result uploaded in 0.063000ms
[2025-01-31 18:00:42.500478] INFO: Process completed successfully. Total execution time in 26040.692000ms

