
[2025-01-30 12:31:30.155665] INFO: Process started with ID: 216
[2025-01-30 12:31:30.903653] INFO: First connection established in 0.335000ms
[2025-01-30 12:31:32.528907] INFO: Sending request: GET /http_server/send-object.php?ID=216 HTTP/1.1
Host: 192.168.100.3
Connection: close


[2025-01-30 12:31:33.618165] INFO: First request sent in 0.027000ms
[2025-01-30 12:31:35.387821] INFO: Time from request to first response in 0.030000ms
[2025-01-30 12:31:36.596849] INFO: Received headers - MPI-Rank: 115, Group-ID: 1, Job-ID: 1, Sub-Job-ID: 116, Rank-Count: 512
[2025-01-30 12:31:38.167590] INFO: Receive loop #1 received 16384 bytes in 3082.631000ms
[2025-01-30 12:31:39.696390] INFO: Receive loop #2 received 16384 bytes in 0.082000ms
[2025-01-30 12:31:41.470584] INFO: Receive loop #3 received 16384 bytes in 0.082000ms
[2025-01-30 12:31:43.777269] INFO: Receive loop #4 received 16384 bytes in 0.125000ms
[2025-01-30 12:31:45.630367] INFO: Receive loop #5 received 16384 bytes in 0.016000ms
[2025-01-30 12:31:47.589085] INFO: Receive loop #6 received 16384 bytes in 0.035000ms
[2025-01-30 12:31:50.203048] INFO: Receive loop #7 received 16384 bytes in 0.029000ms
[2025-01-30 12:31:51.951718] INFO: Receive loop #8 received 16384 bytes in 0.249000ms
[2025-01-30 12:31:53.463081] INFO: Receive loop #9 received 16384 bytes in 0.039000ms
[2025-01-30 12:31:54.995439] INFO: Receive loop #10 received 16384 bytes in 0.030000ms
[2025-01-30 12:31:56.697466] INFO: Receive loop #11 received 16384 bytes in 0.010000ms
[2025-01-30 12:31:59.224790] INFO: Receive loop #12 received 7665 bytes in 0.019000ms
[2025-01-30 12:32:01.407613] INFO: Response received in 26315.159000ms
[2025-01-30 12:32:03.632254] INFO: File saved in 0.459000ms
[2025-01-30 12:32:05.787020] INFO: File saved to: /home/vc/kurotaka/objects/temp_216
[2025-01-30 12:32:07.990323] INFO: Execution permission granted to: /home/vc/kurotaka/objects/temp_216
[2025-01-30 12:32:10.273073] INFO: Executing command: /home/vc/kurotaka/objects/temp_216 115 512
[2025-01-30 12:33:12.350453] INFO: Command executed in 59726.693000ms
[2025-01-30 12:33:13.699216] INFO: Result saved to: /home/vc/kurotaka/results/result_216
[2025-01-30 12:33:15.236134] INFO: Second connection established in 0.229000ms
[2025-01-30 12:33:17.381521] INFO: Sending result upload request
[2025-01-30 12:33:19.638768] INFO: Second request sent in 0.025000ms
[2025-01-30 12:33:21.369345] INFO: Result uploaded in 0.058000ms
[2025-01-30 12:33:23.017009] INFO: Process completed successfully. Total execution time in 1m 56272.691000ms

