
[2025-01-30 12:32:11.085380] INFO: Process started with ID: 289
[2025-01-30 12:32:13.376459] INFO: First connection established in 0.209000ms
[2025-01-30 12:32:15.605753] INFO: Sending request: GET /http_server/send-object.php?ID=289 HTTP/1.1
Host: 192.168.100.3
Connection: close


[2025-01-30 12:32:17.946693] INFO: First request sent in 0.040000ms
[2025-01-30 12:32:20.270047] INFO: Time from request to first response in 0.036000ms
[2025-01-30 12:32:21.944805] INFO: Received headers - MPI-Rank: 392, Group-ID: 1, Job-ID: 1, Sub-Job-ID: 393, Rank-Count: 512
[2025-01-30 12:32:23.572051] INFO: Receive loop #1 received 16384 bytes in 3452.775000ms
[2025-01-30 12:32:25.092323] INFO: Receive loop #2 received 16384 bytes in 0.080000ms
[2025-01-30 12:32:26.409665] INFO: Receive loop #3 received 16384 bytes in 0.078000ms
[2025-01-30 12:32:27.845973] INFO: Receive loop #4 received 16384 bytes in 0.110000ms
[2025-01-30 12:32:29.047018] INFO: Receive loop #5 received 16384 bytes in 0.011000ms
[2025-01-30 12:32:31.170579] INFO: Receive loop #6 received 16384 bytes in 0.034000ms
[2025-01-30 12:32:32.740340] INFO: Receive loop #7 received 16384 bytes in 0.008000ms
[2025-01-30 12:32:35.641591] INFO: Receive loop #8 received 16384 bytes in 0.069000ms
[2025-01-30 12:32:36.996857] INFO: Receive loop #9 received 16384 bytes in 0.047000ms
[2025-01-30 12:32:38.475525] INFO: Receive loop #10 received 16384 bytes in 0.028000ms
[2025-01-30 12:32:40.490517] INFO: Receive loop #11 received 16384 bytes in 0.038000ms
[2025-01-30 12:32:42.834628] INFO: Receive loop #12 received 7665 bytes in 0.006000ms
[2025-01-30 12:32:44.319950] INFO: Response received in 24121.370000ms
[2025-01-30 12:32:45.072593] INFO: File saved in 0.481000ms
[2025-01-30 12:32:46.096626] INFO: File saved to: /home/vc/kurotaka/objects/temp_289
[2025-01-30 12:32:47.489797] INFO: Execution permission granted to: /home/vc/kurotaka/objects/temp_289
[2025-01-30 12:32:48.346284] INFO: Executing command: /home/vc/kurotaka/objects/temp_289 392 512
[2025-01-30 12:33:17.381742] INFO: Command executed in 27394.964000ms
[2025-01-30 12:33:20.519592] INFO: Result saved to: /home/vc/kurotaka/results/result_289
[2025-01-30 12:33:23.065157] INFO: Second connection established in 0.214000ms
[2025-01-30 12:33:26.396127] INFO: Sending result upload request
[2025-01-30 12:33:29.437990] INFO: Second request sent in 0.027000ms
[2025-01-30 12:33:33.630494] INFO: Result uploaded in 0.055000ms
[2025-01-30 12:33:36.901818] INFO: Process completed successfully. Total execution time in 2m 9739.062000ms

