
[2025-01-30 12:32:17.220022] INFO: Process started with ID: 277
[2025-01-30 12:32:19.322043] INFO: First connection established in 0.225000ms
[2025-01-30 12:32:21.309030] INFO: Sending request: GET /http_server/send-object.php?ID=277 HTTP/1.1
Host: 192.168.100.3
Connection: close


[2025-01-30 12:32:22.716459] INFO: First request sent in 0.034000ms
[2025-01-30 12:32:24.195414] INFO: Time from request to first response in 0.007000ms
[2025-01-30 12:32:25.889949] INFO: Received headers - MPI-Rank: 425, Group-ID: 1, Job-ID: 1, Sub-Job-ID: 426, Rank-Count: 512
[2025-01-30 12:32:27.296551] INFO: Receive loop #1 received 16384 bytes in 2973.404000ms
[2025-01-30 12:32:28.478120] INFO: Receive loop #2 received 16384 bytes in 0.062000ms
[2025-01-30 12:32:31.001020] INFO: Receive loop #3 received 16384 bytes in 0.077000ms
[2025-01-30 12:32:32.543235] INFO: Receive loop #4 received 16384 bytes in 0.116000ms
[2025-01-30 12:32:34.341102] INFO: Receive loop #5 received 16384 bytes in 0.011000ms
[2025-01-30 12:32:36.714334] INFO: Receive loop #6 received 16384 bytes in 0.035000ms
[2025-01-30 12:32:38.579833] INFO: Receive loop #7 received 16384 bytes in 0.031000ms
[2025-01-30 12:32:40.330911] INFO: Receive loop #8 received 16384 bytes in 0.266000ms
[2025-01-30 12:32:41.985042] INFO: Receive loop #9 received 16384 bytes in 0.031000ms
[2025-01-30 12:32:43.972534] INFO: Receive loop #10 received 16384 bytes in 0.033000ms
[2025-01-30 12:32:44.976422] INFO: Receive loop #11 received 16384 bytes in 0.031000ms
[2025-01-30 12:32:45.831660] INFO: Receive loop #12 received 7665 bytes in 0.002000ms
[2025-01-30 12:32:46.960693] INFO: Response received in 22625.784000ms
[2025-01-30 12:32:47.807662] INFO: File saved in 0.097000ms
[2025-01-30 12:32:49.162938] INFO: File saved to: /home/vc/kurotaka/objects/temp_277
[2025-01-30 12:32:51.219036] INFO: Execution permission granted to: /home/vc/kurotaka/objects/temp_277
[2025-01-30 12:32:52.530655] INFO: Executing command: /home/vc/kurotaka/objects/temp_277 425 512
[2025-01-30 12:33:15.192437] INFO: Command executed in 22007.997000ms
[2025-01-30 12:33:17.548579] INFO: Result saved to: /home/vc/kurotaka/results/result_277
[2025-01-30 12:33:20.713719] INFO: Second connection established in 0.457000ms
[2025-01-30 12:33:23.245052] INFO: Sending result upload request
[2025-01-30 12:33:26.510209] INFO: Second request sent in 0.030000ms
[2025-01-30 12:33:29.590286] INFO: Result uploaded in 0.067000ms
[2025-01-30 12:33:33.748804] INFO: Process completed successfully. Total execution time in 2m 6385.570000ms

