
[2025-01-30 12:31:44.652392] INFO: Process started with ID: 429
[2025-01-30 12:31:47.041185] INFO: First connection established in 0.234000ms
[2025-01-30 12:31:49.823158] INFO: Sending request: GET /http_server/send-object.php?ID=429 HTTP/1.1
Host: 192.168.100.3
Connection: close


[2025-01-30 12:31:51.475282] INFO: First request sent in 0.033000ms
[2025-01-30 12:31:53.047209] INFO: Time from request to first response in 0.032000ms
[2025-01-30 12:31:54.383577] INFO: Received headers - MPI-Rank: 238, Group-ID: 1, Job-ID: 1, Sub-Job-ID: 239, Rank-Count: 512
[2025-01-30 12:31:56.698105] INFO: Receive loop #1 received 16384 bytes in 3078.582000ms
[2025-01-30 12:31:59.254292] INFO: Receive loop #2 received 16384 bytes in 0.065000ms
[2025-01-30 12:32:01.496091] INFO: Receive loop #3 received 16384 bytes in 0.083000ms
[2025-01-30 12:32:03.632920] INFO: Receive loop #4 received 16384 bytes in 0.112000ms
[2025-01-30 12:32:05.850097] INFO: Receive loop #5 received 16384 bytes in 0.019000ms
[2025-01-30 12:32:08.058282] INFO: Receive loop #6 received 16384 bytes in 0.013000ms
[2025-01-30 12:32:10.355879] INFO: Receive loop #7 received 16384 bytes in 0.030000ms
[2025-01-30 12:32:12.661826] INFO: Receive loop #8 received 16384 bytes in 0.099000ms
[2025-01-30 12:32:14.889400] INFO: Receive loop #9 received 16384 bytes in 0.030000ms
[2025-01-30 12:32:17.265332] INFO: Receive loop #10 received 16384 bytes in 0.029000ms
[2025-01-30 12:32:19.322156] INFO: Receive loop #11 received 16384 bytes in 0.029000ms
[2025-01-30 12:32:21.324135] INFO: Receive loop #12 received 7665 bytes in 0.022000ms
[2025-01-30 12:32:22.716900] INFO: Response received in 29773.068000ms
[2025-01-30 12:32:24.320468] INFO: File saved in 0.548000ms
[2025-01-30 12:32:26.015463] INFO: File saved to: /home/vc/kurotaka/objects/temp_429
[2025-01-30 12:32:27.503335] INFO: Execution permission granted to: /home/vc/kurotaka/objects/temp_429
[2025-01-30 12:32:29.091535] INFO: Executing command: /home/vc/kurotaka/objects/temp_429 238 512
[2025-01-30 12:33:12.661566] INFO: Command executed in 42783.085000ms
[2025-01-30 12:33:13.945225] INFO: Result saved to: /home/vc/kurotaka/results/result_429
[2025-01-30 12:33:15.384642] INFO: Second connection established in 0.117000ms
[2025-01-30 12:33:17.244284] INFO: Sending result upload request
[2025-01-30 12:33:19.180397] INFO: Second request sent in 0.026000ms
[2025-01-30 12:33:20.969252] INFO: Result uploaded in 0.061000ms
[2025-01-30 12:33:22.054415] INFO: Process completed successfully. Total execution time in 1m 55487.062000ms

