
[2025-01-30 12:32:16.423085] INFO: Process started with ID: 344
[2025-01-30 12:32:18.633030] INFO: First connection established in 0.232000ms
[2025-01-30 12:32:20.938965] INFO: Sending request: GET /http_server/send-object.php?ID=344 HTTP/1.1
Host: 192.168.100.3
Connection: close


[2025-01-30 12:32:22.446071] INFO: First request sent in 0.034000ms
[2025-01-30 12:32:23.977425] INFO: Time from request to first response in 0.008000ms
[2025-01-30 12:32:25.645769] INFO: Received headers - MPI-Rank: 422, Group-ID: 1, Job-ID: 1, Sub-Job-ID: 423, Rank-Count: 512
[2025-01-30 12:32:26.888930] INFO: Receive loop #1 received 16384 bytes in 2837.493000ms
[2025-01-30 12:32:28.462531] INFO: Receive loop #2 received 16384 bytes in 0.060000ms
[2025-01-30 12:32:31.000705] INFO: Receive loop #3 received 16384 bytes in 0.090000ms
[2025-01-30 12:32:32.576959] INFO: Receive loop #4 received 16384 bytes in 0.112000ms
[2025-01-30 12:32:34.341204] INFO: Receive loop #5 received 16384 bytes in 0.012000ms
[2025-01-30 12:32:36.714347] INFO: Receive loop #6 received 16384 bytes in 0.032000ms
[2025-01-30 12:32:38.580069] INFO: Receive loop #7 received 16384 bytes in 0.044000ms
[2025-01-30 12:32:40.621575] INFO: Receive loop #8 received 16384 bytes in 0.246000ms
[2025-01-30 12:32:42.871011] INFO: Receive loop #9 received 16384 bytes in 0.037000ms
[2025-01-30 12:32:44.563310] INFO: Receive loop #10 received 16384 bytes in 0.014000ms
[2025-01-30 12:32:45.337176] INFO: Receive loop #11 received 16384 bytes in 0.035000ms
[2025-01-30 12:32:46.604774] INFO: Receive loop #12 received 7665 bytes in 0.003000ms
[2025-01-30 12:32:47.535555] INFO: Response received in 23388.665000ms
[2025-01-30 12:32:48.479377] INFO: File saved in 0.094000ms
[2025-01-30 12:32:49.848566] INFO: File saved to: /home/vc/kurotaka/objects/temp_344
[2025-01-30 12:32:51.622592] INFO: Execution permission granted to: /home/vc/kurotaka/objects/temp_344
[2025-01-30 12:32:52.862032] INFO: Executing command: /home/vc/kurotaka/objects/temp_344 422 512
[2025-01-30 12:33:16.102429] INFO: Command executed in 21855.048000ms
[2025-01-30 12:33:18.980701] INFO: Result saved to: /home/vc/kurotaka/results/result_344
[2025-01-30 12:33:21.520801] INFO: Second connection established in 0.225000ms
[2025-01-30 12:33:24.745531] INFO: Sending result upload request
[2025-01-30 12:33:27.312544] INFO: Second request sent in 0.030000ms
[2025-01-30 12:33:31.567871] INFO: Result uploaded in 0.058000ms
[2025-01-30 12:33:35.017304] INFO: Process completed successfully. Total execution time in 2m 7622.032000ms

