
[2025-01-30 12:31:50.875471] INFO: Process started with ID: 272
[2025-01-30 12:31:52.620011] INFO: First connection established in 0.212000ms
[2025-01-30 12:31:53.985076] INFO: Sending request: GET /http_server/send-object.php?ID=272 HTTP/1.1
Host: 192.168.100.3
Connection: close


[2025-01-30 12:31:55.816046] INFO: First request sent in 0.036000ms
[2025-01-30 12:31:58.436901] INFO: Time from request to first response in 0.024000ms
[2025-01-30 12:32:00.809005] INFO: Received headers - MPI-Rank: 272, Group-ID: 1, Job-ID: 1, Sub-Job-ID: 273, Rank-Count: 512
[2025-01-30 12:32:02.768444] INFO: Receive loop #1 received 16384 bytes in 4837.668000ms
[2025-01-30 12:32:05.146204] INFO: Receive loop #2 received 16384 bytes in 0.018000ms
[2025-01-30 12:32:07.364208] INFO: Receive loop #3 received 16384 bytes in 0.080000ms
[2025-01-30 12:32:09.848904] INFO: Receive loop #4 received 16384 bytes in 0.110000ms
[2025-01-30 12:32:12.299405] INFO: Receive loop #5 received 16384 bytes in 0.031000ms
[2025-01-30 12:32:14.695548] INFO: Receive loop #6 received 16384 bytes in 0.035000ms
[2025-01-30 12:32:16.940049] INFO: Receive loop #7 received 16384 bytes in 0.031000ms
[2025-01-30 12:32:19.097642] INFO: Receive loop #8 received 16384 bytes in 0.282000ms
[2025-01-30 12:32:21.086269] INFO: Receive loop #9 received 16384 bytes in 0.031000ms
[2025-01-30 12:32:22.514225] INFO: Receive loop #10 received 16384 bytes in 0.009000ms
[2025-01-30 12:32:24.043313] INFO: Receive loop #11 received 16384 bytes in 0.029000ms
[2025-01-30 12:32:25.743768] INFO: Receive loop #12 received 7665 bytes in 0.020000ms
[2025-01-30 12:32:27.038756] INFO: Response received in 29815.554000ms
[2025-01-30 12:32:28.570084] INFO: File saved in 0.452000ms
[2025-01-30 12:32:31.103085] INFO: File saved to: /home/vc/kurotaka/objects/temp_272
[2025-01-30 12:32:34.453154] INFO: Execution permission granted to: /home/vc/kurotaka/objects/temp_272
[2025-01-30 12:32:36.800156] INFO: Executing command: /home/vc/kurotaka/objects/temp_272 272 512
[2025-01-30 12:33:19.916709] INFO: Command executed in 41304.007000ms
[2025-01-30 12:33:22.390017] INFO: Result saved to: /home/vc/kurotaka/results/result_272
[2025-01-30 12:33:25.765170] INFO: Second connection established in 0.135000ms
[2025-01-30 12:33:28.968392] INFO: Sending result upload request
[2025-01-30 12:33:32.783257] INFO: Second request sent in 0.017000ms
[2025-01-30 12:33:36.206197] INFO: Result uploaded in 0.047000ms
[2025-01-30 12:33:39.811700] INFO: Process completed successfully. Total execution time in 2m 12578.025000ms

