
[2025-01-30 12:32:21.901433] INFO: Process started with ID: 432
[2025-01-30 12:32:23.425625] INFO: First connection established in 0.142000ms
[2025-01-30 12:32:25.161979] INFO: Sending request: GET /http_server/send-object.php?ID=432 HTTP/1.1
Host: 192.168.100.3
Connection: close


[2025-01-30 12:32:26.439512] INFO: First request sent in 0.034000ms
[2025-01-30 12:32:28.268801] INFO: Time from request to first response in 0.034000ms
[2025-01-30 12:32:29.845891] INFO: Received headers - MPI-Rank: 455, Group-ID: 1, Job-ID: 1, Sub-Job-ID: 456, Rank-Count: 512
[2025-01-30 12:32:32.707203] INFO: Receive loop #1 received 16384 bytes in 4178.062000ms
[2025-01-30 12:32:34.425444] INFO: Receive loop #2 received 16384 bytes in 0.015000ms
[2025-01-30 12:32:37.272312] INFO: Receive loop #3 received 16384 bytes in 0.023000ms
[2025-01-30 12:32:39.111654] INFO: Receive loop #4 received 16384 bytes in 0.113000ms
[2025-01-30 12:32:41.125549] INFO: Receive loop #5 received 16384 bytes in 0.034000ms
[2025-01-30 12:32:42.908212] INFO: Receive loop #6 received 16384 bytes in 0.035000ms
[2025-01-30 12:32:44.529447] INFO: Receive loop #7 received 16384 bytes in 0.036000ms
[2025-01-30 12:32:45.315511] INFO: Receive loop #8 received 16384 bytes in 0.249000ms
[2025-01-30 12:32:46.571199] INFO: Receive loop #9 received 16384 bytes in 0.007000ms
[2025-01-30 12:32:47.470311] INFO: Receive loop #10 received 16384 bytes in 0.006000ms
[2025-01-30 12:32:48.146110] INFO: Receive loop #11 received 16384 bytes in 0.007000ms
[2025-01-30 12:32:49.443168] INFO: Receive loop #12 received 7665 bytes in 0.010000ms
[2025-01-30 12:32:50.659099] INFO: Response received in 22341.772000ms
[2025-01-30 12:32:51.761934] INFO: File saved in 0.473000ms
[2025-01-30 12:32:53.007865] INFO: File saved to: /home/vc/kurotaka/objects/temp_432
[2025-01-30 12:32:54.478158] INFO: Execution permission granted to: /home/vc/kurotaka/objects/temp_432
[2025-01-30 12:32:55.452959] INFO: Executing command: /home/vc/kurotaka/objects/temp_432 455 512
[2025-01-30 12:33:39.051040] INFO: Command executed in 43166.890000ms
[2025-01-30 12:33:40.074493] INFO: Result saved to: /home/vc/kurotaka/results/result_432
[2025-01-30 12:33:40.883427] INFO: Second connection established in 0.146000ms
[2025-01-30 12:33:42.009152] INFO: Sending result upload request
[2025-01-30 12:33:43.179474] INFO: Second request sent in 0.004000ms
[2025-01-30 12:33:44.843386] INFO: Result uploaded in 0.011000ms
[2025-01-30 12:33:45.672771] INFO: Process completed successfully. Total execution time in 2m 19272.139000ms

