
[2025-01-30 12:31:34.781578] INFO: Process started with ID: 414
[2025-01-30 12:31:36.302733] INFO: First connection established in 0.288000ms
[2025-01-30 12:31:38.068475] INFO: Sending request: GET /http_server/send-object.php?ID=414 HTTP/1.1
Host: 192.168.100.3
Connection: close


[2025-01-30 12:31:39.525448] INFO: First request sent in 0.032000ms
[2025-01-30 12:31:41.330071] INFO: Time from request to first response in 0.029000ms
[2025-01-30 12:31:43.651240] INFO: Received headers - MPI-Rank: 165, Group-ID: 1, Job-ID: 1, Sub-Job-ID: 166, Rank-Count: 512
[2025-01-30 12:31:45.489609] INFO: Receive loop #1 received 16384 bytes in 3601.692000ms
[2025-01-30 12:31:47.529111] INFO: Receive loop #2 received 16384 bytes in 0.067000ms
[2025-01-30 12:31:50.203317] INFO: Receive loop #3 received 16384 bytes in 0.080000ms
[2025-01-30 12:31:52.015152] INFO: Receive loop #4 received 16384 bytes in 0.113000ms
[2025-01-30 12:31:53.425985] INFO: Receive loop #5 received 16384 bytes in 0.027000ms
[2025-01-30 12:31:54.924777] INFO: Receive loop #6 received 16384 bytes in 0.027000ms
[2025-01-30 12:31:56.697087] INFO: Receive loop #7 received 16384 bytes in 0.040000ms
[2025-01-30 12:31:59.188364] INFO: Receive loop #8 received 16384 bytes in 0.250000ms
[2025-01-30 12:32:01.434820] INFO: Receive loop #9 received 16384 bytes in 0.030000ms
[2025-01-30 12:32:03.631811] INFO: Receive loop #10 received 16384 bytes in 0.029000ms
[2025-01-30 12:32:05.849374] INFO: Receive loop #11 received 16384 bytes in 0.028000ms
[2025-01-30 12:32:08.057828] INFO: Receive loop #12 received 7665 bytes in 0.024000ms
[2025-01-30 12:32:10.298208] INFO: Response received in 28754.064000ms
[2025-01-30 12:32:12.594364] INFO: File saved in 0.477000ms
[2025-01-30 12:32:14.845195] INFO: File saved to: /home/vc/kurotaka/objects/temp_414
[2025-01-30 12:32:17.131358] INFO: Execution permission granted to: /home/vc/kurotaka/objects/temp_414
[2025-01-30 12:32:19.172416] INFO: Executing command: /home/vc/kurotaka/objects/temp_414 165 512
[2025-01-30 12:33:12.393377] INFO: Command executed in 51160.808000ms
[2025-01-30 12:33:13.624203] INFO: Result saved to: /home/vc/kurotaka/results/result_414
[2025-01-30 12:33:14.983981] INFO: Second connection established in 0.122000ms
[2025-01-30 12:33:16.862412] INFO: Sending result upload request
[2025-01-30 12:33:19.000422] INFO: Second request sent in 0.017000ms
[2025-01-30 12:33:20.519651] INFO: Result uploaded in 0.062000ms
[2025-01-30 12:33:21.758658] INFO: Process completed successfully. Total execution time in 1m 55241.884000ms

