
[2025-01-30 12:32:05.923455] INFO: Process started with ID: 396
[2025-01-30 12:32:08.127158] INFO: First connection established in 0.152000ms
[2025-01-30 12:32:10.414986] INFO: Sending request: GET /http_server/send-object.php?ID=396 HTTP/1.1
Host: 192.168.100.3
Connection: close


[2025-01-30 12:32:12.706993] INFO: First request sent in 0.031000ms
[2025-01-30 12:32:14.937931] INFO: Time from request to first response in 0.029000ms
[2025-01-30 12:32:17.385744] INFO: Received headers - MPI-Rank: 366, Group-ID: 1, Job-ID: 1, Sub-Job-ID: 367, Rank-Count: 512
[2025-01-30 12:32:19.396835] INFO: Receive loop #1 received 16384 bytes in 4352.660000ms
[2025-01-30 12:32:21.396291] INFO: Receive loop #2 received 16384 bytes in 0.060000ms
[2025-01-30 12:32:22.925525] INFO: Receive loop #3 received 16384 bytes in 0.073000ms
[2025-01-30 12:32:24.460642] INFO: Receive loop #4 received 16384 bytes in 0.125000ms
[2025-01-30 12:32:26.101101] INFO: Receive loop #5 received 16384 bytes in 0.029000ms
[2025-01-30 12:32:27.593244] INFO: Receive loop #6 received 16384 bytes in 0.029000ms
[2025-01-30 12:32:29.115610] INFO: Receive loop #7 received 16384 bytes in 0.007000ms
[2025-01-30 12:32:31.540558] INFO: Receive loop #8 received 16384 bytes in 0.249000ms
[2025-01-30 12:32:33.963670] INFO: Receive loop #9 received 16384 bytes in 0.030000ms
[2025-01-30 12:32:36.043963] INFO: Receive loop #10 received 16384 bytes in 0.006000ms
[2025-01-30 12:32:37.633257] INFO: Receive loop #11 received 16384 bytes in 0.029000ms
[2025-01-30 12:32:39.586992] INFO: Receive loop #12 received 7665 bytes in 0.004000ms
[2025-01-30 12:32:41.388525] INFO: Response received in 25563.146000ms
[2025-01-30 12:32:43.202949] INFO: File saved in 0.469000ms
[2025-01-30 12:32:44.692962] INFO: File saved to: /home/vc/kurotaka/objects/temp_396
[2025-01-30 12:32:46.168540] INFO: Execution permission granted to: /home/vc/kurotaka/objects/temp_396
[2025-01-30 12:32:47.139370] INFO: Executing command: /home/vc/kurotaka/objects/temp_396 366 512
[2025-01-30 12:33:34.083350] INFO: Command executed in 46306.884000ms
[2025-01-30 12:33:35.355264] INFO: Result saved to: /home/vc/kurotaka/results/result_396
[2025-01-30 12:33:36.250591] INFO: Second connection established in 0.168000ms
[2025-01-30 12:33:37.158971] INFO: Sending result upload request
[2025-01-30 12:33:38.329123] INFO: Second request sent in 0.003000ms
[2025-01-30 12:33:39.159272] INFO: Result uploaded in 0.010000ms
[2025-01-30 12:33:40.178227] INFO: Process completed successfully. Total execution time in 2m 13735.312000ms

