
[2025-01-30 12:31:31.532473] INFO: Process started with ID: 121
[2025-01-30 12:31:33.070570] INFO: First connection established in 0.216000ms
[2025-01-30 12:31:34.216205] INFO: Sending request: GET /http_server/send-object.php?ID=121 HTTP/1.1
Host: 192.168.100.3
Connection: close


[2025-01-30 12:31:36.114563] INFO: First request sent in 0.030000ms
[2025-01-30 12:31:37.483428] INFO: Time from request to first response in 0.032000ms
[2025-01-30 12:31:38.865462] INFO: Received headers - MPI-Rank: 135, Group-ID: 1, Job-ID: 1, Sub-Job-ID: 136, Rank-Count: 512
[2025-01-30 12:31:40.944368] INFO: Receive loop #1 received 16384 bytes in 3546.207000ms
[2025-01-30 12:31:42.625712] INFO: Receive loop #2 received 16384 bytes in 0.083000ms
[2025-01-30 12:31:44.519434] INFO: Receive loop #3 received 16384 bytes in 0.073000ms
[2025-01-30 12:31:46.957240] INFO: Receive loop #4 received 16384 bytes in 0.112000ms
[2025-01-30 12:31:49.463004] INFO: Receive loop #5 received 16384 bytes in 0.029000ms
[2025-01-30 12:31:51.177538] INFO: Receive loop #6 received 16384 bytes in 0.029000ms
[2025-01-30 12:31:52.940257] INFO: Receive loop #7 received 16384 bytes in 0.029000ms
[2025-01-30 12:31:54.306174] INFO: Receive loop #8 received 16384 bytes in 0.260000ms
[2025-01-30 12:31:56.698155] INFO: Receive loop #9 received 16384 bytes in 0.030000ms
[2025-01-30 12:31:59.254472] INFO: Receive loop #10 received 16384 bytes in 0.011000ms
[2025-01-30 12:32:01.496315] INFO: Receive loop #11 received 16384 bytes in 0.030000ms
[2025-01-30 12:32:03.708430] INFO: Receive loop #12 received 7665 bytes in 0.004000ms
[2025-01-30 12:32:05.883943] INFO: Response received in 28586.925000ms
[2025-01-30 12:32:08.126668] INFO: File saved in 0.531000ms
[2025-01-30 12:32:10.355648] INFO: File saved to: /home/vc/kurotaka/objects/temp_121
[2025-01-30 12:32:12.683071] INFO: Execution permission granted to: /home/vc/kurotaka/objects/temp_121
[2025-01-30 12:32:14.936651] INFO: Executing command: /home/vc/kurotaka/objects/temp_121 135 512
[2025-01-30 12:33:18.790512] INFO: Command executed in 1m 821.959000ms
[2025-01-30 12:33:21.521130] INFO: Result saved to: /home/vc/kurotaka/results/result_121
[2025-01-30 12:33:24.685855] INFO: Second connection established in 0.357000ms
[2025-01-30 12:33:27.005105] INFO: Sending result upload request
[2025-01-30 12:33:29.754762] INFO: Second request sent in 0.027000ms
[2025-01-30 12:33:33.392541] INFO: Result uploaded in 0.064000ms
[2025-01-30 12:33:36.104152] INFO: Process completed successfully. Total execution time in 2m 9045.635000ms

