
[2025-01-30 12:31:30.155921] INFO: Process started with ID: 448
[2025-01-30 12:31:30.903908] INFO: First connection established in 0.221000ms
[2025-01-30 12:31:32.435457] INFO: Sending request: GET /http_server/send-object.php?ID=448 HTTP/1.1
Host: 192.168.100.3
Connection: close


[2025-01-30 12:31:33.475308] INFO: First request sent in 0.030000ms
[2025-01-30 12:31:34.964530] INFO: Time from request to first response in 0.026000ms
[2025-01-30 12:31:36.412854] INFO: Received headers - MPI-Rank: 114, Group-ID: 1, Job-ID: 1, Sub-Job-ID: 115, Rank-Count: 512
[2025-01-30 12:31:38.103265] INFO: Receive loop #1 received 16384 bytes in 3061.538000ms
[2025-01-30 12:31:39.738693] INFO: Receive loop #2 received 16384 bytes in 0.061000ms
[2025-01-30 12:31:41.420486] INFO: Receive loop #3 received 16384 bytes in 0.075000ms
[2025-01-30 12:31:43.728527] INFO: Receive loop #4 received 16384 bytes in 0.143000ms
[2025-01-30 12:31:45.576779] INFO: Receive loop #5 received 16384 bytes in 0.029000ms
[2025-01-30 12:31:47.529177] INFO: Receive loop #6 received 16384 bytes in 0.027000ms
[2025-01-30 12:31:50.265321] INFO: Receive loop #7 received 16384 bytes in 0.029000ms
[2025-01-30 12:31:52.048721] INFO: Receive loop #8 received 16384 bytes in 0.246000ms
[2025-01-30 12:31:53.526490] INFO: Receive loop #9 received 16384 bytes in 0.030000ms
[2025-01-30 12:31:55.066754] INFO: Receive loop #10 received 16384 bytes in 0.029000ms
[2025-01-30 12:31:56.698110] INFO: Receive loop #11 received 16384 bytes in 0.030000ms
[2025-01-30 12:31:59.254081] INFO: Receive loop #12 received 7665 bytes in 0.019000ms
[2025-01-30 12:32:01.435997] INFO: Response received in 26560.273000ms
[2025-01-30 12:32:03.632588] INFO: File saved in 0.457000ms
[2025-01-30 12:32:05.849927] INFO: File saved to: /home/vc/kurotaka/objects/temp_448
[2025-01-30 12:32:08.058091] INFO: Execution permission granted to: /home/vc/kurotaka/objects/temp_448
[2025-01-30 12:32:10.298443] INFO: Executing command: /home/vc/kurotaka/objects/temp_448 114 512
[2025-01-30 12:33:14.037272] INFO: Command executed in 1m 1391.901000ms
[2025-01-30 12:33:15.451019] INFO: Result saved to: /home/vc/kurotaka/results/result_448
[2025-01-30 12:33:17.381843] INFO: Second connection established in 0.188000ms
[2025-01-30 12:33:19.219480] INFO: Sending result upload request
[2025-01-30 12:33:21.023480] INFO: Second request sent in 0.029000ms
[2025-01-30 12:33:22.182794] INFO: Result uploaded in 0.055000ms
[2025-01-30 12:33:23.835524] INFO: Process completed successfully. Total execution time in 1m 57070.821000ms

