
[2025-01-30 12:31:29.689404] INFO: Process started with ID: 465
[2025-01-30 12:31:30.408134] INFO: First connection established in 0.425000ms
[2025-01-30 12:31:31.355020] INFO: Sending request: GET /http_server/send-object.php?ID=465 HTTP/1.1
Host: 192.168.100.3
Connection: close


[2025-01-30 12:31:33.047294] INFO: First request sent in 0.034000ms
[2025-01-30 12:31:33.989127] INFO: Time from request to first response in 0.036000ms
[2025-01-30 12:31:35.796871] INFO: Received headers - MPI-Rank: 106, Group-ID: 1, Job-ID: 1, Sub-Job-ID: 107, Rank-Count: 512
[2025-01-30 12:31:36.899857] INFO: Receive loop #1 received 16384 bytes in 2956.887000ms
[2025-01-30 12:31:38.471088] INFO: Receive loop #2 received 16384 bytes in 0.060000ms
[2025-01-30 12:31:40.550361] INFO: Receive loop #3 received 16384 bytes in 0.086000ms
[2025-01-30 12:31:42.065637] INFO: Receive loop #4 received 16384 bytes in 0.118000ms
[2025-01-30 12:31:44.158115] INFO: Receive loop #5 received 16384 bytes in 0.030000ms
[2025-01-30 12:31:46.735907] INFO: Receive loop #6 received 16384 bytes in 0.030000ms
[2025-01-30 12:31:48.827900] INFO: Receive loop #7 received 16384 bytes in 0.028000ms
[2025-01-30 12:31:50.934045] INFO: Receive loop #8 received 16384 bytes in 0.247000ms
[2025-01-30 12:31:52.620263] INFO: Receive loop #9 received 16384 bytes in 0.029000ms
[2025-01-30 12:31:54.003489] INFO: Receive loop #10 received 16384 bytes in 0.027000ms
[2025-01-30 12:31:55.734296] INFO: Receive loop #11 received 16384 bytes in 0.029000ms
[2025-01-30 12:31:58.135881] INFO: Receive loop #12 received 7665 bytes in 0.017000ms
[2025-01-30 12:32:00.554012] INFO: Response received in 25736.205000ms
[2025-01-30 12:32:02.547036] INFO: File saved in 0.326000ms
[2025-01-30 12:32:04.877397] INFO: File saved to: /home/vc/kurotaka/objects/temp_465
[2025-01-30 12:32:07.203869] INFO: Execution permission granted to: /home/vc/kurotaka/objects/temp_465
[2025-01-30 12:32:09.497834] INFO: Executing command: /home/vc/kurotaka/objects/temp_465 106 512
[2025-01-30 12:33:13.518052] INFO: Command executed in 1m 2619.101000ms
[2025-01-30 12:33:14.808942] INFO: Result saved to: /home/vc/kurotaka/results/result_465
[2025-01-30 12:33:16.612106] INFO: Second connection established in 0.190000ms
[2025-01-30 12:33:18.704575] INFO: Sending result upload request
[2025-01-30 12:33:20.303523] INFO: Second request sent in 0.026000ms
[2025-01-30 12:33:21.615169] INFO: Result uploaded in 0.063000ms
[2025-01-30 12:33:23.065349] INFO: Process completed successfully. Total execution time in 1m 56417.083000ms

