
[2025-01-30 12:31:27.676432] INFO: Process started with ID: 360
[2025-01-30 12:31:28.432220] INFO: First connection established in 0.257000ms
[2025-01-30 12:31:29.815560] INFO: Sending request: GET /http_server/send-object.php?ID=360 HTTP/1.1
Host: 192.168.100.3
Connection: close


[2025-01-30 12:31:30.496537] INFO: First request sent in 0.034000ms
[2025-01-30 12:31:31.532357] INFO: Time from request to first response in 0.031000ms
[2025-01-30 12:31:33.070384] INFO: Received headers - MPI-Rank: 82, Group-ID: 1, Job-ID: 1, Sub-Job-ID: 83, Rank-Count: 512
[2025-01-30 12:31:34.137467] INFO: Receive loop #1 received 16384 bytes in 2595.638000ms
[2025-01-30 12:31:36.024328] INFO: Receive loop #2 received 16384 bytes in 0.075000ms
[2025-01-30 12:31:37.201129] INFO: Receive loop #3 received 16384 bytes in 0.094000ms
[2025-01-30 12:31:38.690949] INFO: Receive loop #4 received 16384 bytes in 0.111000ms
[2025-01-30 12:31:40.878472] INFO: Receive loop #5 received 16384 bytes in 0.028000ms
[2025-01-30 12:31:42.288987] INFO: Receive loop #6 received 16384 bytes in 0.029000ms
[2025-01-30 12:31:44.211024] INFO: Receive loop #7 received 16384 bytes in 0.029000ms
[2025-01-30 12:31:46.736261] INFO: Receive loop #8 received 16384 bytes in 0.241000ms
[2025-01-30 12:31:49.148974] INFO: Receive loop #9 received 16384 bytes in 0.028000ms
[2025-01-30 12:31:51.034413] INFO: Receive loop #10 received 16384 bytes in 0.036000ms
[2025-01-30 12:31:52.723484] INFO: Receive loop #11 received 16384 bytes in 0.023000ms
[2025-01-30 12:31:54.122938] INFO: Receive loop #12 received 7663 bytes in 0.020000ms
[2025-01-30 12:31:56.696615] INFO: Response received in 24353.842000ms
[2025-01-30 12:31:59.187291] INFO: File saved in 0.505000ms
[2025-01-30 12:32:01.370508] INFO: File saved to: /home/vc/kurotaka/objects/temp_360
[2025-01-30 12:32:03.631118] INFO: Execution permission granted to: /home/vc/kurotaka/objects/temp_360
[2025-01-30 12:32:05.849279] INFO: Executing command: /home/vc/kurotaka/objects/temp_360 82 512
[2025-01-30 12:33:21.758498] INFO: Command executed in 1m 13696.760000ms
[2025-01-30 12:33:25.112537] INFO: Result saved to: /home/vc/kurotaka/results/result_360
[2025-01-30 12:33:27.672040] INFO: Second connection established in 0.213000ms
[2025-01-30 12:33:31.882209] INFO: Sending result upload request
[2025-01-30 12:33:35.545478] INFO: Second request sent in 0.030000ms
[2025-01-30 12:33:39.050788] INFO: Result uploaded in 0.059000ms
[2025-01-30 12:33:41.550170] INFO: Process completed successfully. Total execution time in 2m 14682.341000ms

