
[2025-01-30 12:31:26.299589] INFO: Process started with ID: 193
[2025-01-30 12:31:26.502730] INFO: First connection established in 0.159000ms
[2025-01-30 12:31:26.781159] INFO: Sending request: GET /http_server/send-object.php?ID=193 HTTP/1.1
Host: 192.168.100.3
Connection: close


[2025-01-30 12:31:27.192822] INFO: First request sent in 0.032000ms
[2025-01-30 12:31:27.544217] INFO: Time from request to first response in 0.030000ms
[2025-01-30 12:31:28.136556] INFO: Received headers - MPI-Rank: 16, Group-ID: 1, Job-ID: 1, Sub-Job-ID: 17, Rank-Count: 512
[2025-01-30 12:31:29.175909] INFO: Receive loop #1 received 16384 bytes in 1406.297000ms
[2025-01-30 12:31:30.219054] INFO: Receive loop #2 received 16384 bytes in 0.068000ms
[2025-01-30 12:31:30.991318] INFO: Receive loop #3 received 16384 bytes in 0.081000ms
[2025-01-30 12:31:32.529128] INFO: Receive loop #4 received 16384 bytes in 0.110000ms
[2025-01-30 12:31:33.569576] INFO: Receive loop #5 received 16384 bytes in 0.028000ms
[2025-01-30 12:31:35.301069] INFO: Receive loop #6 received 16384 bytes in 0.031000ms
[2025-01-30 12:31:36.625904] INFO: Receive loop #7 received 16384 bytes in 0.029000ms
[2025-01-30 12:31:38.205614] INFO: Receive loop #8 received 16384 bytes in 0.289000ms
[2025-01-30 12:31:39.832867] INFO: Receive loop #9 received 16384 bytes in 0.031000ms
[2025-01-30 12:31:41.518233] INFO: Receive loop #10 received 16384 bytes in 0.033000ms
[2025-01-30 12:31:43.777657] INFO: Receive loop #11 received 16384 bytes in 0.029000ms
[2025-01-30 12:31:45.677116] INFO: Receive loop #12 received 7663 bytes in 0.012000ms
[2025-01-30 12:31:47.589247] INFO: Response received in 19628.089000ms
[2025-01-30 12:31:50.282318] INFO: File saved in 0.508000ms
[2025-01-30 12:31:51.981168] INFO: File saved to: /home/vc/kurotaka/objects/temp_193
[2025-01-30 12:31:53.494386] INFO: Execution permission granted to: /home/vc/kurotaka/objects/temp_193
[2025-01-30 12:31:54.995349] INFO: Executing command: /home/vc/kurotaka/objects/temp_193 16 512
[2025-01-30 12:33:12.350726] INFO: Command executed in 1m 15679.879000ms
[2025-01-30 12:33:13.699626] INFO: Result saved to: /home/vc/kurotaka/results/result_193
[2025-01-30 12:33:15.262350] INFO: Second connection established in 0.239000ms
[2025-01-30 12:33:17.381595] INFO: Sending result upload request
[2025-01-30 12:33:19.638933] INFO: Second request sent in 0.026000ms
[2025-01-30 12:33:21.383586] INFO: Result uploaded in 0.050000ms
[2025-01-30 12:33:23.065038] INFO: Process completed successfully. Total execution time in 1m 56275.768000ms

