
[2025-01-30 12:32:25.470191] INFO: Process started with ID: 456
[2025-01-30 12:32:26.843315] INFO: First connection established in 0.248000ms
[2025-01-30 12:32:28.217626] INFO: Sending request: GET /http_server/send-object.php?ID=456 HTTP/1.1
Host: 192.168.100.3
Connection: close


[2025-01-30 12:32:29.668627] INFO: First request sent in 0.025000ms
[2025-01-30 12:32:32.391170] INFO: Time from request to first response in 0.006000ms
[2025-01-30 12:32:34.317383] INFO: Received headers - MPI-Rank: 482, Group-ID: 1, Job-ID: 1, Sub-Job-ID: 483, Rank-Count: 512
[2025-01-30 12:32:36.176358] INFO: Receive loop #1 received 16384 bytes in 4379.292000ms
[2025-01-30 12:32:37.745621] INFO: Receive loop #2 received 16384 bytes in 0.064000ms
[2025-01-30 12:32:39.390569] INFO: Receive loop #3 received 16384 bytes in 0.077000ms
[2025-01-30 12:32:41.347187] INFO: Receive loop #4 received 16384 bytes in 0.114000ms
[2025-01-30 12:32:43.159770] INFO: Receive loop #5 received 16384 bytes in 0.007000ms
[2025-01-30 12:32:44.668390] INFO: Receive loop #6 received 16384 bytes in 0.026000ms
[2025-01-30 12:32:45.703849] INFO: Receive loop #7 received 16384 bytes in 0.032000ms
[2025-01-30 12:32:46.723362] INFO: Receive loop #8 received 16384 bytes in 0.099000ms
[2025-01-30 12:32:47.608422] INFO: Receive loop #9 received 16384 bytes in 0.012000ms
[2025-01-30 12:32:48.346287] INFO: Receive loop #10 received 16384 bytes in 0.006000ms
[2025-01-30 12:32:49.848582] INFO: Receive loop #11 received 16384 bytes in 0.033000ms
[2025-01-30 12:32:51.264394] INFO: Receive loop #12 received 7665 bytes in 0.030000ms
[2025-01-30 12:32:52.574867] INFO: Response received in 20070.644000ms
[2025-01-30 12:32:53.797579] INFO: File saved in 0.105000ms
[2025-01-30 12:32:54.832858] INFO: File saved to: /home/vc/kurotaka/objects/temp_456
[2025-01-30 12:32:55.800877] INFO: Execution permission granted to: /home/vc/kurotaka/objects/temp_456
[2025-01-30 12:32:56.526750] INFO: Executing command: /home/vc/kurotaka/objects/temp_456 482 512
[2025-01-30 12:33:42.797220] INFO: Command executed in 45453.123000ms
[2025-01-30 12:33:44.500219] INFO: Result saved to: /home/vc/kurotaka/results/result_456
[2025-01-30 12:33:45.498654] INFO: Second connection established in 0.133000ms
[2025-01-30 12:33:46.197374] INFO: Sending result upload request
[2025-01-30 12:33:46.771549] INFO: Second request sent in 0.003000ms
[2025-01-30 12:33:47.092102] INFO: Result uploaded in 0.010000ms
[2025-01-30 12:33:47.301320] INFO: Process completed successfully. Total execution time in 2m 21115.465000ms

