
[2025-01-30 12:32:24.828871] INFO: Process started with ID: 418
[2025-01-30 12:32:26.250414] INFO: First connection established in 0.196000ms
[2025-01-30 12:32:28.190549] INFO: Sending request: GET /http_server/send-object.php?ID=418 HTTP/1.1
Host: 192.168.100.3
Connection: close


[2025-01-30 12:32:29.618489] INFO: First request sent in 0.027000ms
[2025-01-30 12:32:32.297656] INFO: Time from request to first response in 0.007000ms
[2025-01-30 12:32:34.294705] INFO: Received headers - MPI-Rank: 481, Group-ID: 1, Job-ID: 1, Sub-Job-ID: 482, Rank-Count: 512
[2025-01-30 12:32:36.176323] INFO: Receive loop #1 received 16384 bytes in 4397.966000ms
[2025-01-30 12:32:37.725122] INFO: Receive loop #2 received 16384 bytes in 0.062000ms
[2025-01-30 12:32:39.350258] INFO: Receive loop #3 received 16384 bytes in 0.076000ms
[2025-01-30 12:32:41.347147] INFO: Receive loop #4 received 16384 bytes in 0.139000ms
[2025-01-30 12:32:43.159651] INFO: Receive loop #5 received 16384 bytes in 0.009000ms
[2025-01-30 12:32:44.668290] INFO: Receive loop #6 received 16384 bytes in 0.026000ms
[2025-01-30 12:32:45.703685] INFO: Receive loop #7 received 16384 bytes in 0.048000ms
[2025-01-30 12:32:46.723554] INFO: Receive loop #8 received 16384 bytes in 0.205000ms
[2025-01-30 12:32:47.608620] INFO: Receive loop #9 received 16384 bytes in 0.015000ms
[2025-01-30 12:32:48.345969] INFO: Receive loop #10 received 16384 bytes in 0.006000ms
[2025-01-30 12:32:49.803384] INFO: Receive loop #11 received 16384 bytes in 0.029000ms
[2025-01-30 12:32:51.014800] INFO: Receive loop #12 received 7665 bytes in 0.020000ms
[2025-01-30 12:32:51.831849] INFO: Response received in 20033.082000ms
[2025-01-30 12:32:52.941949] INFO: File saved in 0.097000ms
[2025-01-30 12:32:54.112288] INFO: File saved to: /home/vc/kurotaka/objects/temp_418
[2025-01-30 12:32:55.410420] INFO: Execution permission granted to: /home/vc/kurotaka/objects/temp_418
[2025-01-30 12:32:55.940906] INFO: Executing command: /home/vc/kurotaka/objects/temp_418 481 512
[2025-01-30 12:33:40.141457] INFO: Command executed in 43485.576000ms
[2025-01-30 12:33:40.906640] INFO: Result saved to: /home/vc/kurotaka/results/result_418
[2025-01-30 12:33:42.104404] INFO: Second connection established in 0.185000ms
[2025-01-30 12:33:43.299159] INFO: Sending result upload request
[2025-01-30 12:33:44.906421] INFO: Second request sent in 0.003000ms
[2025-01-30 12:33:45.728306] INFO: Result uploaded in 0.010000ms
[2025-01-30 12:33:46.377055] INFO: Process completed successfully. Total execution time in 2m 20015.000000ms

