
[2025-01-30 12:32:24.114821] INFO: Process started with ID: 71
[2025-01-30 12:32:25.811540] INFO: First connection established in 0.251000ms
[2025-01-30 12:32:27.158751] INFO: Sending request: GET /http_server/send-object.php?ID=71 HTTP/1.1
Host: 192.168.100.3
Connection: close


[2025-01-30 12:32:28.917229] INFO: First request sent in 0.035000ms
[2025-01-30 12:32:31.450007] INFO: Time from request to first response in 0.013000ms
[2025-01-30 12:32:33.889142] INFO: Received headers - MPI-Rank: 474, Group-ID: 1, Job-ID: 1, Sub-Job-ID: 475, Rank-Count: 512
[2025-01-30 12:32:35.969578] INFO: Receive loop #1 received 16384 bytes in 4772.597000ms
[2025-01-30 12:32:37.709727] INFO: Receive loop #2 received 16384 bytes in 0.104000ms
[2025-01-30 12:32:39.782801] INFO: Receive loop #3 received 16384 bytes in 0.080000ms
[2025-01-30 12:32:41.819450] INFO: Receive loop #4 received 16384 bytes in 0.147000ms
[2025-01-30 12:32:43.632883] INFO: Receive loop #5 received 16384 bytes in 0.033000ms
[2025-01-30 12:32:44.908720] INFO: Receive loop #6 received 16384 bytes in 0.009000ms
[2025-01-30 12:32:46.267710] INFO: Receive loop #7 received 16384 bytes in 0.030000ms
[2025-01-30 12:32:46.987655] INFO: Receive loop #8 received 16384 bytes in 0.054000ms
[2025-01-30 12:32:47.844255] INFO: Receive loop #9 received 16384 bytes in 0.006000ms
[2025-01-30 12:32:48.872428] INFO: Receive loop #10 received 16384 bytes in 0.032000ms
[2025-01-30 12:32:49.743500] INFO: Receive loop #11 received 16384 bytes in 0.030000ms
[2025-01-30 12:32:51.083006] INFO: Receive loop #12 received 7665 bytes in 0.006000ms
[2025-01-30 12:32:52.422071] INFO: Response received in 21975.703000ms
[2025-01-30 12:32:53.383203] INFO: File saved in 0.130000ms
[2025-01-30 12:32:54.350940] INFO: File saved to: /home/vc/kurotaka/objects/temp_71
[2025-01-30 12:32:55.673911] INFO: Execution permission granted to: /home/vc/kurotaka/objects/temp_71
[2025-01-30 12:32:56.593776] INFO: Executing command: /home/vc/kurotaka/objects/temp_71 474 512
[2025-01-30 12:33:19.093018] INFO: Command executed in 21105.538000ms
[2025-01-30 12:33:21.800154] INFO: Result saved to: /home/vc/kurotaka/results/result_71
[2025-01-30 12:33:25.043865] INFO: Second connection established in 0.153000ms
[2025-01-30 12:33:27.224381] INFO: Sending result upload request
[2025-01-30 12:33:30.198361] INFO: Second request sent in 0.020000ms
[2025-01-30 12:33:33.716466] INFO: Result uploaded in 0.056000ms
[2025-01-30 12:33:36.366346] INFO: Process completed successfully. Total execution time in 2m 9435.873000ms

