
[2025-01-30 12:32:22.628512] INFO: Process started with ID: 400
[2025-01-30 12:32:24.152609] INFO: First connection established in 0.402000ms
[2025-01-30 12:32:25.876261] INFO: Sending request: GET /http_server/send-object.php?ID=400 HTTP/1.1
Host: 192.168.100.3
Connection: close


[2025-01-30 12:32:27.296617] INFO: First request sent in 0.033000ms
[2025-01-30 12:32:28.980984] INFO: Time from request to first response in 0.007000ms
[2025-01-30 12:32:31.505656] INFO: Received headers - MPI-Rank: 463, Group-ID: 1, Job-ID: 1, Sub-Job-ID: 464, Rank-Count: 512
[2025-01-30 12:32:33.527985] INFO: Receive loop #1 received 16384 bytes in 3926.435000ms
[2025-01-30 12:32:35.476811] INFO: Receive loop #2 received 16384 bytes in 0.080000ms
[2025-01-30 12:32:36.714459] INFO: Receive loop #3 received 16384 bytes in 0.020000ms
[2025-01-30 12:32:38.318434] INFO: Receive loop #4 received 16384 bytes in 0.113000ms
[2025-01-30 12:32:40.198600] INFO: Receive loop #5 received 16384 bytes in 0.029000ms
[2025-01-30 12:32:42.114018] INFO: Receive loop #6 received 16384 bytes in 0.035000ms
[2025-01-30 12:32:44.529458] INFO: Receive loop #7 received 16384 bytes in 0.029000ms
[2025-01-30 12:32:45.396037] INFO: Receive loop #8 received 16384 bytes in 0.293000ms
[2025-01-30 12:32:46.723188] INFO: Receive loop #9 received 16384 bytes in 0.038000ms
[2025-01-30 12:32:47.608620] INFO: Receive loop #10 received 16384 bytes in 0.005000ms
[2025-01-30 12:32:48.346283] INFO: Receive loop #11 received 16384 bytes in 0.005000ms
[2025-01-30 12:32:49.848558] INFO: Receive loop #12 received 7665 bytes in 0.018000ms
[2025-01-30 12:32:51.025086] INFO: Response received in 22384.712000ms
[2025-01-30 12:32:52.422043] INFO: File saved in 0.169000ms
[2025-01-30 12:32:53.383075] INFO: File saved to: /home/vc/kurotaka/objects/temp_400
[2025-01-30 12:32:54.923304] INFO: Execution permission granted to: /home/vc/kurotaka/objects/temp_400
[2025-01-30 12:32:55.614432] INFO: Executing command: /home/vc/kurotaka/objects/temp_400 463 512
[2025-01-30 12:33:39.618903] INFO: Command executed in 43405.768000ms
[2025-01-30 12:33:40.619412] INFO: Result saved to: /home/vc/kurotaka/results/result_400
[2025-01-30 12:33:41.550444] INFO: Second connection established in 0.178000ms
[2025-01-30 12:33:42.980270] INFO: Sending result upload request
[2025-01-30 12:33:44.602930] INFO: Second request sent in 0.004000ms
[2025-01-30 12:33:45.646584] INFO: Result uploaded in 0.010000ms
[2025-01-30 12:33:46.337204] INFO: Process completed successfully. Total execution time in 2m 20015.470000ms

