
[2025-01-30 12:31:30.078908] INFO: Process started with ID: 45
[2025-01-30 12:31:30.789985] INFO: First connection established in 0.249000ms
[2025-01-30 12:31:32.154092] INFO: Sending request: GET /http_server/send-object.php?ID=45 HTTP/1.1
Host: 192.168.100.3
Connection: close


[2025-01-30 12:31:33.302719] INFO: First request sent in 0.036000ms
[2025-01-30 12:31:34.780932] INFO: Time from request to first response in 0.036000ms
[2025-01-30 12:31:36.302533] INFO: Received headers - MPI-Rank: 113, Group-ID: 1, Job-ID: 1, Sub-Job-ID: 114, Rank-Count: 512
[2025-01-30 12:31:37.888602] INFO: Receive loop #1 received 16384 bytes in 3067.140000ms
[2025-01-30 12:31:39.368903] INFO: Receive loop #2 received 16384 bytes in 0.059000ms
[2025-01-30 12:31:41.230783] INFO: Receive loop #3 received 16384 bytes in 0.078000ms
[2025-01-30 12:31:43.527821] INFO: Receive loop #4 received 16384 bytes in 0.117000ms
[2025-01-30 12:31:45.299326] INFO: Receive loop #5 received 16384 bytes in 0.030000ms
[2025-01-30 12:31:47.529342] INFO: Receive loop #6 received 16384 bytes in 0.029000ms
[2025-01-30 12:31:50.183089] INFO: Receive loop #7 received 16384 bytes in 0.030000ms
[2025-01-30 12:31:51.981324] INFO: Receive loop #8 received 16384 bytes in 0.279000ms
[2025-01-30 12:31:53.526497] INFO: Receive loop #9 received 16384 bytes in 0.035000ms
[2025-01-30 12:31:55.149880] INFO: Receive loop #10 received 16384 bytes in 0.031000ms
[2025-01-30 12:31:56.698725] INFO: Receive loop #11 received 16384 bytes in 0.030000ms
[2025-01-30 12:31:59.255344] INFO: Receive loop #12 received 7665 bytes in 0.022000ms
[2025-01-30 12:32:01.496973] INFO: Response received in 26980.903000ms
[2025-01-30 12:32:03.709457] INFO: File saved in 0.474000ms
[2025-01-30 12:32:05.923288] INFO: File saved to: /home/vc/kurotaka/objects/temp_45
[2025-01-30 12:32:08.127037] INFO: Execution permission granted to: /home/vc/kurotaka/objects/temp_45
[2025-01-30 12:32:10.414051] INFO: Executing command: /home/vc/kurotaka/objects/temp_45 113 512
[2025-01-30 12:33:40.742090] INFO: Command executed in 1m 28235.559000ms
[2025-01-30 12:33:41.172082] INFO: Result saved to: /home/vc/kurotaka/results/result_45
[2025-01-30 12:33:41.874601] INFO: Second connection established in 0.156000ms
[2025-01-30 12:33:42.508063] INFO: Sending result upload request
[2025-01-30 12:33:43.014312] INFO: Second request sent in 0.004000ms
[2025-01-30 12:33:43.914518] INFO: Result uploaded in 0.009000ms
[2025-01-30 12:33:44.602973] INFO: Process completed successfully. Total execution time in 2m 18322.697000ms

