
[2025-01-31 17:34:38] Program started at 2025-01-31 17:34:38.4095
[2025-01-31 17:34:38] [getClientID] MySQL connection established. Execution time: 0.285 ms
[2025-01-31 17:34:38] [getClientID] SELECT table_name FROM table_registry WHERE id = :job_id / Execution time: 0.377 ms
[2025-01-31 17:34:38] [getClientID] SELECT client FROM `matrix` WHERE id = :sub_job_id / Execution time: 0.259 ms
[2025-01-31 17:34:38] getClientID completed. Execution time: 1.110 ms
[2025-01-31 17:34:38] Read file completed. Execution time: 0.015 ms
[2025-01-31 17:34:38] File saved successfully: uploads/job_1/group_1/result_16
[2025-01-31 17:34:38] [updateStatus] MySQL connection established. Execution time: 0.126 ms
[2025-01-31 17:34:38] [updateStatus] SELECT table_name FROM table_registry WHERE id = :job_id FOR UPDATE / Execution time: 0.225 ms
[2025-01-31 17:34:38] [updateStatus] UPDATE `matrix` SET status = :status WHERE id = :sub_job_id / Execution time: 0.306 ms
[2025-01-31 17:34:38] [updateStatus] SELECT COUNT_RECORDS FROM `matrix` / Execution time: 0.933 ms
[2025-01-31 17:34:38] [updateStatus] UPDATE table_registry SET status = :status WHERE id = :job_id / Execution time: 0.194 ms
[2025-01-31 17:34:38] updateStatus completed. Execution time: 9.108 ms
[2025-01-31 17:34:38] Write file completed. Execution time: 9.498 ms
[2025-01-31 17:34:38] [getGroupStatus] MySQL connection established. Execution time: 0.151 ms
[2025-01-31 17:34:38] [getGroupStatus] SELECT table_name FROM table_registry WHERE id = :job_id / Execution time: 0.173 ms
[2025-01-31 17:34:38] [getGroupStatus] SELECT status FROM `matrix` WHERE group_id = :group_id / Execution time: 0.621 ms
[2025-01-31 17:34:38] getGroupStatus completed. Execution time: 1.044 ms
[2025-01-31 17:34:38] Group 1 is not completed yet.
[2025-01-31 17:34:38] Program completed. Total execution time: 14.329 ms

