
[2025-01-31 17:35:01] Program started at 2025-01-31 17:35:01.6512
[2025-01-31 17:35:01] [getClientID] MySQL connection established. Execution time: 0.194 ms
[2025-01-31 17:35:01] [getClientID] SELECT table_name FROM table_registry WHERE id = :job_id / Execution time: 0.358 ms
[2025-01-31 17:35:01] [getClientID] SELECT client FROM `matrix` WHERE id = :sub_job_id / Execution time: 0.178 ms
[2025-01-31 17:35:01] getClientID completed. Execution time: 0.933 ms
[2025-01-31 17:35:01] Read file completed. Execution time: 0.010 ms
[2025-01-31 17:35:01] File saved successfully: uploads/job_1/group_1/result_493
[2025-01-31 17:35:01] [updateStatus] MySQL connection established. Execution time: 0.129 ms
[2025-01-31 17:35:01] [updateStatus] SELECT table_name FROM table_registry WHERE id = :job_id FOR UPDATE / Execution time: 0.200 ms
[2025-01-31 17:35:01] [updateStatus] UPDATE `matrix` SET status = :status WHERE id = :sub_job_id / Execution time: 0.188 ms
[2025-01-31 17:35:01] [updateStatus] SELECT COUNT_RECORDS FROM `matrix` / Execution time: 0.566 ms
[2025-01-31 17:35:01] [updateStatus] UPDATE table_registry SET status = :status WHERE id = :job_id / Execution time: 0.148 ms
[2025-01-31 17:35:01] updateStatus completed. Execution time: 4.783 ms
[2025-01-31 17:35:01] Write file completed. Execution time: 5.083 ms
[2025-01-31 17:35:01] [getGroupStatus] MySQL connection established. Execution time: 0.056 ms
[2025-01-31 17:35:01] [getGroupStatus] SELECT table_name FROM table_registry WHERE id = :job_id / Execution time: 0.214 ms
[2025-01-31 17:35:01] [getGroupStatus] SELECT status FROM `matrix` WHERE group_id = :group_id / Execution time: 0.871 ms
[2025-01-31 17:35:01] getGroupStatus completed. Execution time: 1.304 ms
[2025-01-31 17:35:01] Group 1 is not completed yet.
[2025-01-31 17:35:01] Program completed. Total execution time: 10.118 ms

