
[2025-01-31 17:34:42] Program started at 2025-01-31 17:34:42.8588
[2025-01-31 17:34:42] [getClientID] MySQL connection established. Execution time: 0.265 ms
[2025-01-31 17:34:42] [getClientID] SELECT table_name FROM table_registry WHERE id = :job_id / Execution time: 0.377 ms
[2025-01-31 17:34:42] [getClientID] SELECT client FROM `matrix` WHERE id = :sub_job_id / Execution time: 0.239 ms
[2025-01-31 17:34:42] getClientID completed. Execution time: 1.044 ms
[2025-01-31 17:34:42] Read file completed. Execution time: 0.013 ms
[2025-01-31 17:34:42] File saved successfully: uploads/job_1/group_1/result_388
[2025-01-31 17:34:42] [updateStatus] MySQL connection established. Execution time: 0.129 ms
[2025-01-31 17:34:42] [updateStatus] SELECT table_name FROM table_registry WHERE id = :job_id FOR UPDATE / Execution time: 0.231 ms
[2025-01-31 17:34:42] [updateStatus] UPDATE `matrix` SET status = :status WHERE id = :sub_job_id / Execution time: 0.283 ms
[2025-01-31 17:34:42] [updateStatus] SELECT COUNT_RECORDS FROM `matrix` / Execution time: 0.968 ms
[2025-01-31 17:34:42] [updateStatus] UPDATE table_registry SET status = :status WHERE id = :job_id / Execution time: 0.205 ms
[2025-01-31 17:34:42] updateStatus completed. Execution time: 4.174 ms
[2025-01-31 17:34:42] Write file completed. Execution time: 4.495 ms
[2025-01-31 17:34:42] [getGroupStatus] MySQL connection established. Execution time: 0.057 ms
[2025-01-31 17:34:42] [getGroupStatus] SELECT table_name FROM table_registry WHERE id = :job_id / Execution time: 0.297 ms
[2025-01-31 17:34:42] [getGroupStatus] SELECT status FROM `matrix` WHERE group_id = :group_id / Execution time: 1.110 ms
[2025-01-31 17:34:42] getGroupStatus completed. Execution time: 1.592 ms
[2025-01-31 17:34:42] Group 1 is not completed yet.
[2025-01-31 17:34:42] Program completed. Total execution time: 9.538 ms

