
[2025-01-31 17:34:59] Program started at 2025-01-31 17:34:59.3902
[2025-01-31 17:34:59] [getClientID] MySQL connection established. Execution time: 0.198 ms
[2025-01-31 17:34:59] [getClientID] SELECT table_name FROM table_registry WHERE id = :job_id / Execution time: 0.375 ms
[2025-01-31 17:34:59] [getClientID] SELECT client FROM `matrix` WHERE id = :sub_job_id / Execution time: 0.276 ms
[2025-01-31 17:34:59] getClientID completed. Execution time: 0.990 ms
[2025-01-31 17:34:59] Read file completed. Execution time: 0.009 ms
[2025-01-31 17:34:59] File saved successfully: uploads/job_1/group_1/result_364
[2025-01-31 17:34:59] [updateStatus] MySQL connection established. Execution time: 0.117 ms
[2025-01-31 17:34:59] [updateStatus] SELECT table_name FROM table_registry WHERE id = :job_id FOR UPDATE / Execution time: 0.210 ms
[2025-01-31 17:34:59] [updateStatus] UPDATE `matrix` SET status = :status WHERE id = :sub_job_id / Execution time: 0.225 ms
[2025-01-31 17:34:59] [updateStatus] SELECT COUNT_RECORDS FROM `matrix` / Execution time: 0.874 ms
[2025-01-31 17:34:59] [updateStatus] UPDATE table_registry SET status = :status WHERE id = :job_id / Execution time: 0.170 ms
[2025-01-31 17:34:59] updateStatus completed. Execution time: 3.620 ms
[2025-01-31 17:34:59] Write file completed. Execution time: 3.883 ms
[2025-01-31 17:34:59] [getGroupStatus] MySQL connection established. Execution time: 0.058 ms
[2025-01-31 17:34:59] [getGroupStatus] SELECT table_name FROM table_registry WHERE id = :job_id / Execution time: 0.246 ms
[2025-01-31 17:34:59] [getGroupStatus] SELECT status FROM `matrix` WHERE group_id = :group_id / Execution time: 1.233 ms
[2025-01-31 17:34:59] getGroupStatus completed. Execution time: 1.714 ms
[2025-01-31 17:34:59] Group 1 is not completed yet.
[2025-01-31 17:34:59] Program completed. Total execution time: 8.301 ms

