
[2025-01-31 17:34:51] Program started at 2025-01-31 17:34:51.5118
[2025-01-31 17:34:51] [getClientID] MySQL connection established. Execution time: 0.337 ms
[2025-01-31 17:34:51] [getClientID] SELECT table_name FROM table_registry WHERE id = :job_id / Execution time: 0.496 ms
[2025-01-31 17:34:51] [getClientID] SELECT client FROM `matrix` WHERE id = :sub_job_id / Execution time: 0.240 ms
[2025-01-31 17:34:51] getClientID completed. Execution time: 1.278 ms
[2025-01-31 17:34:51] Read file completed. Execution time: 0.014 ms
[2025-01-31 17:34:51] File saved successfully: uploads/job_1/group_1/result_384
[2025-01-31 17:34:51] [updateStatus] MySQL connection established. Execution time: 0.137 ms
[2025-01-31 17:34:51] [updateStatus] SELECT table_name FROM table_registry WHERE id = :job_id FOR UPDATE / Execution time: 1.765 ms
[2025-01-31 17:34:51] [updateStatus] UPDATE `matrix` SET status = :status WHERE id = :sub_job_id / Execution time: 0.303 ms
[2025-01-31 17:34:51] [updateStatus] SELECT COUNT_RECORDS FROM `matrix` / Execution time: 0.859 ms
[2025-01-31 17:34:51] [updateStatus] UPDATE table_registry SET status = :status WHERE id = :job_id / Execution time: 0.188 ms
[2025-01-31 17:34:51] updateStatus completed. Execution time: 6.144 ms
[2025-01-31 17:34:51] Write file completed. Execution time: 6.522 ms
[2025-01-31 17:34:51] [getGroupStatus] MySQL connection established. Execution time: 0.079 ms
[2025-01-31 17:34:51] [getGroupStatus] SELECT table_name FROM table_registry WHERE id = :job_id / Execution time: 0.217 ms
[2025-01-31 17:34:51] [getGroupStatus] SELECT status FROM `matrix` WHERE group_id = :group_id / Execution time: 0.858 ms
[2025-01-31 17:34:51] getGroupStatus completed. Execution time: 1.281 ms
[2025-01-31 17:34:51] Group 1 is not completed yet.
[2025-01-31 17:34:51] Program completed. Total execution time: 11.814 ms

