
[2025-01-31 17:34:52] Program started at 2025-01-31 17:34:52.618
[2025-01-31 17:34:52] [getClientID] MySQL connection established. Execution time: 0.273 ms
[2025-01-31 17:34:52] [getClientID] SELECT table_name FROM table_registry WHERE id = :job_id / Execution time: 0.451 ms
[2025-01-31 17:34:52] [getClientID] SELECT client FROM `matrix` WHERE id = :sub_job_id / Execution time: 0.209 ms
[2025-01-31 17:34:52] getClientID completed. Execution time: 1.111 ms
[2025-01-31 17:34:52] Read file completed. Execution time: 0.015 ms
[2025-01-31 17:34:52] File saved successfully: uploads/job_1/group_1/result_10
[2025-01-31 17:34:52] [updateStatus] MySQL connection established. Execution time: 0.117 ms
[2025-01-31 17:34:52] [updateStatus] SELECT table_name FROM table_registry WHERE id = :job_id FOR UPDATE / Execution time: 1.917 ms
[2025-01-31 17:34:52] [updateStatus] UPDATE `matrix` SET status = :status WHERE id = :sub_job_id / Execution time: 0.417 ms
[2025-01-31 17:34:52] [updateStatus] SELECT COUNT_RECORDS FROM `matrix` / Execution time: 0.787 ms
[2025-01-31 17:34:52] [updateStatus] UPDATE table_registry SET status = :status WHERE id = :job_id / Execution time: 0.135 ms
[2025-01-31 17:34:52] updateStatus completed. Execution time: 63.951 ms
[2025-01-31 17:34:52] Write file completed. Execution time: 64.342 ms
[2025-01-31 17:34:52] [getGroupStatus] MySQL connection established. Execution time: 0.086 ms
[2025-01-31 17:34:52] [getGroupStatus] SELECT table_name FROM table_registry WHERE id = :job_id / Execution time: 0.332 ms
[2025-01-31 17:34:52] [getGroupStatus] SELECT status FROM `matrix` WHERE group_id = :group_id / Execution time: 1.731 ms
[2025-01-31 17:34:52] getGroupStatus completed. Execution time: 2.377 ms
[2025-01-31 17:34:52] Group 1 is not completed yet.
[2025-01-31 17:34:52] Program completed. Total execution time: 70.611 ms

