
[2025-01-31 15:43:37] Program started at 2025-01-31 15:43:37.0287
[2025-01-31 15:43:37] [getClientID] MySQL connection established. Execution time: 0.319 ms
[2025-01-31 15:43:37] [getClientID] SELECT table_name FROM table_registry WHERE id = :job_id / Execution time: 0.484 ms
[2025-01-31 15:43:37] [getClientID] SELECT client FROM `matrix` WHERE id = :sub_job_id / Execution time: 0.233 ms
[2025-01-31 15:43:37] getClientID completed. Execution time: 1.221 ms
[2025-01-31 15:43:37] Read file completed. Execution time: 0.014 ms
[2025-01-31 15:43:37] File saved successfully: uploads/job_1/group_1/result_195
[2025-01-31 15:43:37] [updateStatus] MySQL connection established. Execution time: 0.236 ms
[2025-01-31 15:43:37] [updateStatus] SELECT table_name FROM table_registry WHERE id = :job_id FOR UPDATE / Execution time: 0.196 ms
[2025-01-31 15:43:37] [updateStatus] UPDATE `matrix` SET status = :status WHERE id = :sub_job_id / Execution time: 0.180 ms
[2025-01-31 15:43:37] [updateStatus] SELECT COUNT_RECORDS FROM `matrix` / Execution time: 0.523 ms
[2025-01-31 15:43:37] [updateStatus] UPDATE table_registry SET status = :status WHERE id = :job_id / Execution time: 0.116 ms
[2025-01-31 15:43:37] updateStatus completed. Execution time: 242.056 ms
[2025-01-31 15:43:37] Write file completed. Execution time: 245.684 ms
[2025-01-31 15:43:37] [getGroupStatus] MySQL connection established. Execution time: 0.056 ms
[2025-01-31 15:43:37] [getGroupStatus] SELECT table_name FROM table_registry WHERE id = :job_id / Execution time: 0.276 ms
[2025-01-31 15:43:37] [getGroupStatus] SELECT status FROM `matrix` WHERE group_id = :group_id / Execution time: 1.083 ms
[2025-01-31 15:43:37] getGroupStatus completed. Execution time: 1.507 ms
[2025-01-31 15:43:37] Merge request completed. Execution time (not actual merge.php execution time, but just request): 14.448 ms
[2025-01-31 15:43:37] Program completed. Total execution time: 265.747 ms

