
[2025-01-31 15:43:33] Program started at 2025-01-31 15:43:33.6147
[2025-01-31 15:43:33] [getClientID] MySQL connection established. Execution time: 0.219 ms
[2025-01-31 15:43:33] [getClientID] SELECT table_name FROM table_registry WHERE id = :job_id / Execution time: 0.348 ms
[2025-01-31 15:43:33] [getClientID] SELECT client FROM `matrix` WHERE id = :sub_job_id / Execution time: 0.241 ms
[2025-01-31 15:43:33] getClientID completed. Execution time: 0.986 ms
[2025-01-31 15:43:33] Read file completed. Execution time: 0.012 ms
[2025-01-31 15:43:33] File saved successfully: uploads/job_1/group_1/result_234
[2025-01-31 15:43:33] [updateStatus] MySQL connection established. Execution time: 0.131 ms
[2025-01-31 15:43:33] [updateStatus] SELECT table_name FROM table_registry WHERE id = :job_id FOR UPDATE / Execution time: 0.215 ms
[2025-01-31 15:43:33] [updateStatus] UPDATE `matrix` SET status = :status WHERE id = :sub_job_id / Execution time: 0.252 ms
[2025-01-31 15:43:33] [updateStatus] SELECT COUNT_RECORDS FROM `matrix` / Execution time: 0.969 ms
[2025-01-31 15:43:33] [updateStatus] UPDATE table_registry SET status = :status WHERE id = :job_id / Execution time: 0.373 ms
[2025-01-31 15:43:33] updateStatus completed. Execution time: 4.321 ms
[2025-01-31 15:43:33] Write file completed. Execution time: 4.706 ms
[2025-01-31 15:43:33] [getGroupStatus] MySQL connection established. Execution time: 0.103 ms
[2025-01-31 15:43:33] [getGroupStatus] SELECT table_name FROM table_registry WHERE id = :job_id / Execution time: 0.382 ms
[2025-01-31 15:43:33] [getGroupStatus] SELECT status FROM `matrix` WHERE group_id = :group_id / Execution time: 1.061 ms
[2025-01-31 15:43:33] getGroupStatus completed. Execution time: 1.668 ms
[2025-01-31 15:43:33] Group 1 is not completed yet.
[2025-01-31 15:43:33] Program completed. Total execution time: 10.064 ms

