
[2025-01-31 15:43:15] Program started at 2025-01-31 15:43:15.6225
[2025-01-31 15:43:15] [getClientID] MySQL connection established. Execution time: 0.371 ms
[2025-01-31 15:43:15] [getClientID] SELECT table_name FROM table_registry WHERE id = :job_id / Execution time: 0.516 ms
[2025-01-31 15:43:15] [getClientID] SELECT client FROM `matrix` WHERE id = :sub_job_id / Execution time: 0.228 ms
[2025-01-31 15:43:15] getClientID completed. Execution time: 1.302 ms
[2025-01-31 15:43:15] Read file completed. Execution time: 0.013 ms
[2025-01-31 15:43:15] File saved successfully: uploads/job_1/group_1/result_198
[2025-01-31 15:43:15] [updateStatus] MySQL connection established. Execution time: 0.252 ms
[2025-01-31 15:43:15] [updateStatus] SELECT table_name FROM table_registry WHERE id = :job_id FOR UPDATE / Execution time: 4.200 ms
[2025-01-31 15:43:15] [updateStatus] UPDATE `matrix` SET status = :status WHERE id = :sub_job_id / Execution time: 0.321 ms
[2025-01-31 15:43:15] [updateStatus] SELECT COUNT_RECORDS FROM `matrix` / Execution time: 0.974 ms
[2025-01-31 15:43:15] [updateStatus] UPDATE table_registry SET status = :status WHERE id = :job_id / Execution time: 0.207 ms
[2025-01-31 15:43:16] updateStatus completed. Execution time: 394.485 ms
[2025-01-31 15:43:16] Write file completed. Execution time: 431.492 ms
[2025-01-31 15:43:16] [getGroupStatus] MySQL connection established. Execution time: 0.212 ms
[2025-01-31 15:43:16] [getGroupStatus] SELECT table_name FROM table_registry WHERE id = :job_id / Execution time: 0.308 ms
[2025-01-31 15:43:16] [getGroupStatus] SELECT status FROM `matrix` WHERE group_id = :group_id / Execution time: 1.790 ms
[2025-01-31 15:43:16] getGroupStatus completed. Execution time: 2.553 ms
[2025-01-31 15:43:16] Group 1 is not completed yet.
[2025-01-31 15:43:16] Program completed. Total execution time: 438.193 ms

