
[2025-01-31 15:43:22] Program started at 2025-01-31 15:43:22.339
[2025-01-31 15:43:22] [getClientID] MySQL connection established. Execution time: 0.309 ms
[2025-01-31 15:43:22] [getClientID] SELECT table_name FROM table_registry WHERE id = :job_id / Execution time: 0.437 ms
[2025-01-31 15:43:22] [getClientID] SELECT client FROM `matrix` WHERE id = :sub_job_id / Execution time: 0.203 ms
[2025-01-31 15:43:22] getClientID completed. Execution time: 1.113 ms
[2025-01-31 15:43:22] Read file completed. Execution time: 0.012 ms
[2025-01-31 15:43:22] File saved successfully: uploads/job_1/group_1/result_180
[2025-01-31 15:43:22] [updateStatus] MySQL connection established. Execution time: 0.115 ms
[2025-01-31 15:43:22] [updateStatus] SELECT table_name FROM table_registry WHERE id = :job_id FOR UPDATE / Execution time: 0.210 ms
[2025-01-31 15:43:22] [updateStatus] UPDATE `matrix` SET status = :status WHERE id = :sub_job_id / Execution time: 0.234 ms
[2025-01-31 15:43:22] [updateStatus] SELECT COUNT_RECORDS FROM `matrix` / Execution time: 0.970 ms
[2025-01-31 15:43:22] [updateStatus] UPDATE table_registry SET status = :status WHERE id = :job_id / Execution time: 0.192 ms
[2025-01-31 15:43:22] updateStatus completed. Execution time: 4.810 ms
[2025-01-31 15:43:22] Write file completed. Execution time: 5.135 ms
[2025-01-31 15:43:22] [getGroupStatus] MySQL connection established. Execution time: 0.052 ms
[2025-01-31 15:43:22] [getGroupStatus] SELECT table_name FROM table_registry WHERE id = :job_id / Execution time: 0.262 ms
[2025-01-31 15:43:22] [getGroupStatus] SELECT status FROM `matrix` WHERE group_id = :group_id / Execution time: 1.087 ms
[2025-01-31 15:43:22] getGroupStatus completed. Execution time: 1.514 ms
[2025-01-31 15:43:22] Group 1 is not completed yet.
[2025-01-31 15:43:22] Program completed. Total execution time: 10.150 ms

