
[2025-01-31 17:54:42] Program started at 2025-01-31 17:54:42.5563
[2025-01-31 17:54:42] [getClientID] MySQL connection established. Execution time: 0.261 ms
[2025-01-31 17:54:42] [getClientID] SELECT table_name FROM table_registry WHERE id = :job_id / Execution time: 0.316 ms
[2025-01-31 17:54:42] [getClientID] SELECT client FROM `matrix` WHERE id = :sub_job_id / Execution time: 168.856 ms
[2025-01-31 17:54:42] getClientID completed. Execution time: 169.767 ms
[2025-01-31 17:54:42] Read file completed. Execution time: 0.015 ms
[2025-01-31 17:54:42] File saved successfully: uploads/job_1/group_1/result_173
[2025-01-31 17:54:42] [updateStatus] MySQL connection established. Execution time: 0.254 ms
[2025-01-31 17:54:42] [updateStatus] SELECT table_name FROM table_registry WHERE id = :job_id FOR UPDATE / Execution time: 19.137 ms
[2025-01-31 17:54:42] [updateStatus] UPDATE `matrix` SET status = :status WHERE id = :sub_job_id / Execution time: 0.240 ms
[2025-01-31 17:54:42] [updateStatus] SELECT COUNT_RECORDS FROM `matrix` / Execution time: 0.421 ms
[2025-01-31 17:54:42] [updateStatus] UPDATE table_registry SET status = :status WHERE id = :job_id / Execution time: 0.129 ms
[2025-01-31 17:54:43] updateStatus completed. Execution time: 506.384 ms
[2025-01-31 17:54:43] Write file completed. Execution time: 515.554 ms
[2025-01-31 17:54:43] [getGroupStatus] MySQL connection established. Execution time: 0.133 ms
[2025-01-31 17:54:43] [getGroupStatus] SELECT table_name FROM table_registry WHERE id = :job_id / Execution time: 0.343 ms
[2025-01-31 17:54:43] [getGroupStatus] SELECT status FROM `matrix` WHERE group_id = :group_id / Execution time: 1.382 ms
[2025-01-31 17:54:43] getGroupStatus completed. Execution time: 2.181 ms
[2025-01-31 17:54:43] Group 1 is not completed yet.
[2025-01-31 17:54:43] Program completed. Total execution time: 694.237 ms

