
[2025-01-31 17:54:39] Program started at 2025-01-31 17:54:39.9032
[2025-01-31 17:54:39] [getClientID] MySQL connection established. Execution time: 0.560 ms
[2025-01-31 17:54:39] [getClientID] SELECT table_name FROM table_registry WHERE id = :job_id / Execution time: 0.491 ms
[2025-01-31 17:54:39] [getClientID] SELECT client FROM `matrix` WHERE id = :sub_job_id / Execution time: 0.257 ms
[2025-01-31 17:54:39] getClientID completed. Execution time: 1.658 ms
[2025-01-31 17:54:39] Read file completed. Execution time: 0.016 ms
[2025-01-31 17:54:39] File saved successfully: uploads/job_1/group_1/result_16
[2025-01-31 17:54:39] [updateStatus] MySQL connection established. Execution time: 0.232 ms
[2025-01-31 17:54:39] [updateStatus] SELECT table_name FROM table_registry WHERE id = :job_id FOR UPDATE / Execution time: 2.802 ms
[2025-01-31 17:54:39] [updateStatus] UPDATE `matrix` SET status = :status WHERE id = :sub_job_id / Execution time: 0.216 ms
[2025-01-31 17:54:39] [updateStatus] SELECT COUNT_RECORDS FROM `matrix` / Execution time: 0.349 ms
[2025-01-31 17:54:39] [updateStatus] UPDATE table_registry SET status = :status WHERE id = :job_id / Execution time: 0.119 ms
[2025-01-31 17:54:39] updateStatus completed. Execution time: 62.763 ms
[2025-01-31 17:54:39] Write file completed. Execution time: 63.180 ms
[2025-01-31 17:54:39] [getGroupStatus] MySQL connection established. Execution time: 0.086 ms
[2025-01-31 17:54:39] [getGroupStatus] SELECT table_name FROM table_registry WHERE id = :job_id / Execution time: 0.231 ms
[2025-01-31 17:54:39] [getGroupStatus] SELECT status FROM `matrix` WHERE group_id = :group_id / Execution time: 0.636 ms
[2025-01-31 17:54:39] getGroupStatus completed. Execution time: 1.147 ms
[2025-01-31 17:54:39] Group 1 is not completed yet.
[2025-01-31 17:54:39] Program completed. Total execution time: 68.977 ms

