
[2025-01-31 17:40:19.297817] INFO: Process started with ID: 265
[2025-01-31 17:40:20.795227] INFO: First connection established in 0.223000ms
[2025-01-31 17:40:22.247394] INFO: Sending request: GET /http_server/send-object.php?ID=265 HTTP/1.1
Host: 192.168.100.3
Connection: close


[2025-01-31 17:40:23.617787] INFO: First request sent in 0.035000ms
[2025-01-31 17:40:25.803413] INFO: Time from request to first response in 0.030000ms
[2025-01-31 17:40:27.747676] INFO: Received headers - MPI-Rank: 194, Group-ID: 1, Job-ID: 1, Sub-Job-ID: 195, Rank-Count: 512
[2025-01-31 17:40:29.330219] INFO: Receive loop #1 received 16384 bytes in 3910.818000ms
[2025-01-31 17:40:31.022387] INFO: Receive loop #2 received 16384 bytes in 0.074000ms
[2025-01-31 17:40:33.400598] INFO: Receive loop #3 received 16384 bytes in 0.099000ms
[2025-01-31 17:40:35.694613] INFO: Receive loop #4 received 16384 bytes in 0.115000ms
[2025-01-31 17:40:37.814266] INFO: Receive loop #5 received 16384 bytes in 0.034000ms
[2025-01-31 17:40:40.656099] INFO: Receive loop #6 received 16384 bytes in 0.038000ms
[2025-01-31 17:40:42.374264] INFO: Receive loop #7 received 16384 bytes in 0.017000ms
[2025-01-31 17:40:44.442045] INFO: Receive loop #8 received 16384 bytes in 0.247000ms
[2025-01-31 17:40:46.925613] INFO: Receive loop #9 received 16384 bytes in 0.031000ms
[2025-01-31 17:40:48.864968] INFO: Receive loop #10 received 16384 bytes in 0.035000ms
[2025-01-31 17:40:50.737614] INFO: Receive loop #11 received 16384 bytes in 0.030000ms
[2025-01-31 17:40:52.601335] INFO: Receive loop #12 received 7665 bytes in 0.020000ms
[2025-01-31 17:40:54.844465] INFO: Response received in 29309.561000ms
[2025-01-31 17:40:56.870049] INFO: File saved in 0.297000ms
[2025-01-31 17:40:59.138739] INFO: File saved to: /home/vc/kurotaka/objects/temp_265
[2025-01-31 17:41:01.223057] INFO: Execution permission granted to: /home/vc/kurotaka/objects/temp_265
[2025-01-31 17:41:03.641474] INFO: Executing command: /home/vc/kurotaka/objects/temp_265 194 512 1
[2025-01-31 17:42:05.639828] INFO: Command executed in 59769.099000ms
[2025-01-31 17:42:08.353969] INFO: Result saved to: /home/vc/kurotaka/results/result_265
[2025-01-31 17:42:11.362682] INFO: Second connection established in 0.557000ms
[2025-01-31 17:42:14.458377] INFO: Sending result upload request
[2025-01-31 17:42:18.573067] INFO: Second request sent in 0.032000ms
[2025-01-31 17:42:24.181124] INFO: Result uploaded in 0.059000ms
[2025-01-31 17:42:28.332500] INFO: Process completed successfully. Total execution time in 2m 17247.245000ms

