
[2025-01-31 17:40:16.766537] INFO: Process started with ID: 471
[2025-01-31 17:40:17.845091] INFO: First connection established in 0.496000ms
[2025-01-31 17:40:19.104109] INFO: Sending request: GET /http_server/send-object.php?ID=471 HTTP/1.1
Host: 192.168.100.3
Connection: close


[2025-01-31 17:40:20.587285] INFO: First request sent in 0.036000ms
[2025-01-31 17:40:22.094663] INFO: Time from request to first response in 0.030000ms
[2025-01-31 17:40:23.484178] INFO: Received headers - MPI-Rank: 167, Group-ID: 1, Job-ID: 1, Sub-Job-ID: 168, Rank-Count: 512
[2025-01-31 17:40:25.654369] INFO: Receive loop #1 received 16384 bytes in 2927.985000ms
[2025-01-31 17:40:27.415149] INFO: Receive loop #2 received 16384 bytes in 0.076000ms
[2025-01-31 17:40:29.203563] INFO: Receive loop #3 received 16384 bytes in 0.095000ms
[2025-01-31 17:40:30.908539] INFO: Receive loop #4 received 16384 bytes in 0.141000ms
[2025-01-31 17:40:33.278167] INFO: Receive loop #5 received 16384 bytes in 0.029000ms
[2025-01-31 17:40:35.518661] INFO: Receive loop #6 received 16384 bytes in 0.030000ms
[2025-01-31 17:40:37.588220] INFO: Receive loop #7 received 16384 bytes in 0.031000ms
[2025-01-31 17:40:40.085801] INFO: Receive loop #8 received 16384 bytes in 0.253000ms
[2025-01-31 17:40:41.872731] INFO: Receive loop #9 received 16384 bytes in 0.005000ms
[2025-01-31 17:40:43.751550] INFO: Receive loop #10 received 16384 bytes in 0.013000ms
[2025-01-31 17:40:45.880311] INFO: Receive loop #11 received 16384 bytes in 0.038000ms
[2025-01-31 17:40:48.633970] INFO: Receive loop #12 received 7665 bytes in 0.020000ms
[2025-01-31 17:40:50.600519] INFO: Response received in 28090.671000ms
[2025-01-31 17:40:52.498744] INFO: File saved in 0.505000ms
[2025-01-31 17:40:54.722044] INFO: File saved to: /home/vc/kurotaka/objects/temp_471
[2025-01-31 17:40:56.797114] INFO: Execution permission granted to: /home/vc/kurotaka/objects/temp_471
[2025-01-31 17:40:59.137870] INFO: Executing command: /home/vc/kurotaka/objects/temp_471 167 512 1
[2025-01-31 17:42:11.933671] INFO: Command executed in 1m 9829.705000ms
[2025-01-31 17:42:15.434630] INFO: Result saved to: /home/vc/kurotaka/results/result_471
[2025-01-31 17:42:19.722788] INFO: Second connection established in 0.207000ms
[2025-01-31 17:42:26.070171] INFO: Sending result upload request
[2025-01-31 17:42:29.218799] INFO: Second request sent in 0.003000ms
[2025-01-31 17:42:32.993163] INFO: Result uploaded in 0.011000ms
[2025-01-31 17:42:35.828092] INFO: Process completed successfully. Total execution time in 2m 25092.016000ms

