
[2025-01-31 17:40:17.328009] INFO: Process started with ID: 348
[2025-01-31 17:40:18.795277] INFO: First connection established in 0.232000ms
[2025-01-31 17:40:19.841934] INFO: Sending request: GET /http_server/send-object.php?ID=348 HTTP/1.1
Host: 192.168.100.3
Connection: close


[2025-01-31 17:40:21.545538] INFO: First request sent in 0.034000ms
[2025-01-31 17:40:23.019832] INFO: Time from request to first response in 0.035000ms
[2025-01-31 17:40:24.419309] INFO: Received headers - MPI-Rank: 174, Group-ID: 1, Job-ID: 1, Sub-Job-ID: 175, Rank-Count: 512
[2025-01-31 17:40:26.443525] INFO: Receive loop #1 received 16384 bytes in 3464.279000ms
[2025-01-31 17:40:28.658342] INFO: Receive loop #2 received 16384 bytes in 0.063000ms
[2025-01-31 17:40:30.202448] INFO: Receive loop #3 received 16384 bytes in 0.081000ms
[2025-01-31 17:40:32.341273] INFO: Receive loop #4 received 16384 bytes in 0.137000ms
[2025-01-31 17:40:34.513719] INFO: Receive loop #5 received 16384 bytes in 0.029000ms
[2025-01-31 17:40:36.637494] INFO: Receive loop #6 received 16384 bytes in 0.012000ms
[2025-01-31 17:40:39.014695] INFO: Receive loop #7 received 16384 bytes in 0.030000ms
[2025-01-31 17:40:40.657786] INFO: Receive loop #8 received 16384 bytes in 0.259000ms
[2025-01-31 17:40:42.376943] INFO: Receive loop #9 received 16384 bytes in 0.032000ms
[2025-01-31 17:40:44.443722] INFO: Receive loop #10 received 16384 bytes in 0.009000ms
[2025-01-31 17:40:46.938028] INFO: Receive loop #11 received 16384 bytes in 0.029000ms
[2025-01-31 17:40:48.892381] INFO: Receive loop #12 received 7665 bytes in 0.020000ms
[2025-01-31 17:40:50.785787] INFO: Response received in 28048.676000ms
[2025-01-31 17:40:52.685272] INFO: File saved in 0.463000ms
[2025-01-31 17:40:55.005933] INFO: File saved to: /home/vc/kurotaka/objects/temp_348
[2025-01-31 17:40:57.420138] INFO: Execution permission granted to: /home/vc/kurotaka/objects/temp_348
[2025-01-31 17:40:59.429360] INFO: Executing command: /home/vc/kurotaka/objects/temp_348 174 512 1
[2025-01-31 17:42:07.008445] INFO: Command executed in 1m 4974.162000ms
[2025-01-31 17:42:09.721643] INFO: Result saved to: /home/vc/kurotaka/results/result_348
[2025-01-31 17:42:12.799054] INFO: Second connection established in 0.364000ms
[2025-01-31 17:42:16.556948] INFO: Sending result upload request
[2025-01-31 17:42:21.381131] INFO: Second request sent in 0.027000ms
[2025-01-31 17:42:26.899704] INFO: Result uploaded in 0.052000ms
[2025-01-31 17:42:30.330087] INFO: Process completed successfully. Total execution time in 2m 18717.704000ms

