
[2025-01-31 17:40:16.510458] INFO: Process started with ID: 457
[2025-01-31 17:40:17.376631] INFO: First connection established in 0.201000ms
[2025-01-31 17:40:18.847707] INFO: Sending request: GET /http_server/send-object.php?ID=457 HTTP/1.1
Host: 192.168.100.3
Connection: close


[2025-01-31 17:40:19.994407] INFO: First request sent in 0.040000ms
[2025-01-31 17:40:21.666084] INFO: Time from request to first response in 0.038000ms
[2025-01-31 17:40:23.044873] INFO: Received headers - MPI-Rank: 162, Group-ID: 1, Job-ID: 1, Sub-Job-ID: 163, Rank-Count: 512
[2025-01-31 17:40:24.457606] INFO: Receive loop #1 received 16384 bytes in 2483.639000ms
[2025-01-31 17:40:26.443569] INFO: Receive loop #2 received 16384 bytes in 0.061000ms
[2025-01-31 17:40:28.658823] INFO: Receive loop #3 received 16384 bytes in 0.079000ms
[2025-01-31 17:40:30.191224] INFO: Receive loop #4 received 16384 bytes in 0.112000ms
[2025-01-31 17:40:32.385473] INFO: Receive loop #5 received 16384 bytes in 0.029000ms
[2025-01-31 17:40:34.514009] INFO: Receive loop #6 received 16384 bytes in 0.029000ms
[2025-01-31 17:40:36.691251] INFO: Receive loop #7 received 16384 bytes in 0.029000ms
[2025-01-31 17:40:38.935532] INFO: Receive loop #8 received 16384 bytes in 0.253000ms
[2025-01-31 17:40:40.657283] INFO: Receive loop #9 received 16384 bytes in 0.030000ms
[2025-01-31 17:40:42.376255] INFO: Receive loop #10 received 16384 bytes in 0.032000ms
[2025-01-31 17:40:44.443386] INFO: Receive loop #11 received 16384 bytes in 0.034000ms
[2025-01-31 17:40:46.928599] INFO: Receive loop #12 received 7665 bytes in 0.019000ms
[2025-01-31 17:40:48.866356] INFO: Response received in 27194.489000ms
[2025-01-31 17:40:50.763750] INFO: File saved in 0.485000ms
[2025-01-31 17:40:52.629080] INFO: File saved to: /home/vc/kurotaka/objects/temp_457
[2025-01-31 17:40:54.900392] INFO: Execution permission granted to: /home/vc/kurotaka/objects/temp_457
[2025-01-31 17:40:57.079183] INFO: Executing command: /home/vc/kurotaka/objects/temp_457 162 512 1
[2025-01-31 17:42:07.890762] INFO: Command executed in 1m 7958.914000ms
[2025-01-31 17:42:11.213292] INFO: Result saved to: /home/vc/kurotaka/results/result_457
[2025-01-31 17:42:14.762013] INFO: Second connection established in 0.381000ms
[2025-01-31 17:42:19.145245] INFO: Sending result upload request
[2025-01-31 17:42:24.904823] INFO: Second request sent in 0.023000ms
[2025-01-31 17:42:28.618552] INFO: Result uploaded in 0.014000ms
[2025-01-31 17:42:32.424339] INFO: Process completed successfully. Total execution time in 2m 20829.211000ms

