
[2025-01-31 17:40:25.756551] INFO: Process started with ID: 411
[2025-01-31 17:40:27.705846] INFO: First connection established in 0.135000ms
[2025-01-31 17:40:29.330356] INFO: Sending request: GET /http_server/send-object.php?ID=411 HTTP/1.1
Host: 192.168.100.3
Connection: close


[2025-01-31 17:40:31.146101] INFO: First request sent in 0.034000ms
[2025-01-31 17:40:33.526421] INFO: Time from request to first response in 0.029000ms
[2025-01-31 17:40:35.734431] INFO: Received headers - MPI-Rank: 244, Group-ID: 1, Job-ID: 1, Sub-Job-ID: 245, Rank-Count: 512
[2025-01-31 17:40:37.770493] INFO: Receive loop #1 received 16384 bytes in 4235.080000ms
[2025-01-31 17:40:40.655702] INFO: Receive loop #2 received 16384 bytes in 0.088000ms
[2025-01-31 17:40:42.373724] INFO: Receive loop #3 received 16384 bytes in 0.071000ms
[2025-01-31 17:40:44.441411] INFO: Receive loop #4 received 16384 bytes in 0.114000ms
[2025-01-31 17:40:46.924348] INFO: Receive loop #5 received 16384 bytes in 0.029000ms
[2025-01-31 17:40:48.864630] INFO: Receive loop #6 received 16384 bytes in 0.038000ms
[2025-01-31 17:40:50.736753] INFO: Receive loop #7 received 16384 bytes in 0.028000ms
[2025-01-31 17:40:52.600990] INFO: Receive loop #8 received 16384 bytes in 0.249000ms
[2025-01-31 17:40:54.843907] INFO: Receive loop #9 received 16384 bytes in 0.030000ms
[2025-01-31 17:40:56.869456] INFO: Receive loop #10 received 16384 bytes in 0.030000ms
[2025-01-31 17:40:59.138739] INFO: Receive loop #11 received 16384 bytes in 0.009000ms
[2025-01-31 17:41:01.222589] INFO: Receive loop #12 received 7665 bytes in 0.019000ms
[2025-01-31 17:41:03.642105] INFO: Response received in 30050.687000ms
[2025-01-31 17:41:05.859381] INFO: File saved in 0.494000ms
[2025-01-31 17:41:08.765675] INFO: File saved to: /home/vc/kurotaka/objects/temp_411
[2025-01-31 17:41:13.681094] INFO: Execution permission granted to: /home/vc/kurotaka/objects/temp_411
[2025-01-31 17:41:15.684522] INFO: Executing command: /home/vc/kurotaka/objects/temp_411 244 512 1
[2025-01-31 17:42:09.389996] INFO: Command executed in 51297.828000ms
[2025-01-31 17:42:12.741230] INFO: Result saved to: /home/vc/kurotaka/results/result_411
[2025-01-31 17:42:16.624937] INFO: Second connection established in 0.162000ms
[2025-01-31 17:42:21.456944] INFO: Sending result upload request
[2025-01-31 17:42:27.004403] INFO: Second request sent in 0.026000ms
[2025-01-31 17:42:30.351844] INFO: Result uploaded in 0.010000ms
[2025-01-31 17:42:35.070900] INFO: Process completed successfully. Total execution time in 2m 22721.699000ms

