
[2025-01-31 17:40:10.826764] INFO: Process started with ID: 440
[2025-01-31 17:40:11.116373] INFO: First connection established in 0.251000ms
[2025-01-31 17:40:11.560227] INFO: Sending request: GET /http_server/send-object.php?ID=440 HTTP/1.1
Host: 192.168.100.3
Connection: close


[2025-01-31 17:40:12.210240] INFO: First request sent in 0.040000ms
[2025-01-31 17:40:12.795601] INFO: Time from request to first response in 0.032000ms
[2025-01-31 17:40:13.588710] INFO: Received headers - MPI-Rank: 57, Group-ID: 1, Job-ID: 1, Sub-Job-ID: 58, Rank-Count: 512
[2025-01-31 17:40:14.469118] INFO: Receive loop #1 received 16384 bytes in 1662.629000ms
[2025-01-31 17:40:15.358334] INFO: Receive loop #2 received 16384 bytes in 0.065000ms
[2025-01-31 17:40:16.654209] INFO: Receive loop #3 received 16384 bytes in 0.082000ms
[2025-01-31 17:40:17.566233] INFO: Receive loop #4 received 16384 bytes in 0.159000ms
[2025-01-31 17:40:18.982275] INFO: Receive loop #5 received 16384 bytes in 0.030000ms
[2025-01-31 17:40:20.169719] INFO: Receive loop #6 received 16384 bytes in 0.044000ms
[2025-01-31 17:40:21.763575] INFO: Receive loop #7 received 16384 bytes in 0.025000ms
[2025-01-31 17:40:23.142221] INFO: Receive loop #8 received 16384 bytes in 0.266000ms
[2025-01-31 17:40:24.828936] INFO: Receive loop #9 received 16384 bytes in 0.030000ms
[2025-01-31 17:40:26.717031] INFO: Receive loop #10 received 16384 bytes in 0.036000ms
[2025-01-31 17:40:28.882653] INFO: Receive loop #11 received 16384 bytes in 0.027000ms
[2025-01-31 17:40:30.411643] INFO: Receive loop #12 received 7663 bytes in 0.021000ms
[2025-01-31 17:40:32.911025] INFO: Response received in 19205.427000ms
[2025-01-31 17:40:34.931405] INFO: File saved in 0.450000ms
[2025-01-31 17:40:37.191994] INFO: File saved to: /home/vc/kurotaka/objects/temp_440
[2025-01-31 17:40:39.426018] INFO: Execution permission granted to: /home/vc/kurotaka/objects/temp_440
[2025-01-31 17:40:40.839487] INFO: Executing command: /home/vc/kurotaka/objects/temp_440 57 512 1
[2025-01-31 17:42:13.154291] INFO: Command executed in 1m 29813.429000ms
[2025-01-31 17:42:17.056467] INFO: Result saved to: /home/vc/kurotaka/results/result_440
[2025-01-31 17:42:22.584910] INFO: Second connection established in 0.210000ms
[2025-01-31 17:42:27.443491] INFO: Sending result upload request
[2025-01-31 17:42:30.723988] INFO: Second request sent in 0.004000ms
[2025-01-31 17:42:35.480777] INFO: Result uploaded in 0.010000ms
[2025-01-31 17:42:37.240873] INFO: Process completed successfully. Total execution time in 2m 26321.651000ms

