
[2025-01-31 17:40:36.301587] INFO: Process started with ID: 306
[2025-01-31 17:40:38.655061] INFO: First connection established in 0.252000ms
[2025-01-31 17:40:40.656260] INFO: Sending request: GET /http_server/send-object.php?ID=306 HTTP/1.1
Host: 192.168.100.3
Connection: close


[2025-01-31 17:40:42.374179] INFO: First request sent in 0.021000ms
[2025-01-31 17:40:44.441860] INFO: Time from request to first response in 0.031000ms
[2025-01-31 17:40:46.924582] INFO: Received headers - MPI-Rank: 307, Group-ID: 1, Job-ID: 1, Sub-Job-ID: 308, Rank-Count: 512
[2025-01-31 17:40:48.864796] INFO: Receive loop #1 received 16384 bytes in 4263.759000ms
[2025-01-31 17:40:50.737065] INFO: Receive loop #2 received 16384 bytes in 0.062000ms
[2025-01-31 17:40:52.601019] INFO: Receive loop #3 received 16384 bytes in 0.085000ms
[2025-01-31 17:40:54.844341] INFO: Receive loop #4 received 16384 bytes in 0.118000ms
[2025-01-31 17:40:56.869886] INFO: Receive loop #5 received 16384 bytes in 0.008000ms
[2025-01-31 17:40:59.138604] INFO: Receive loop #6 received 16384 bytes in 0.029000ms
[2025-01-31 17:41:01.222681] INFO: Receive loop #7 received 16384 bytes in 0.030000ms
[2025-01-31 17:41:03.641203] INFO: Receive loop #8 received 16384 bytes in 0.254000ms
[2025-01-31 17:41:05.858866] INFO: Receive loop #9 received 16384 bytes in 0.037000ms
[2025-01-31 17:41:08.765270] INFO: Receive loop #10 received 16384 bytes in 0.035000ms
[2025-01-31 17:41:10.952553] INFO: Receive loop #11 received 16384 bytes in 0.029000ms
[2025-01-31 17:41:13.558515] INFO: Receive loop #12 received 7665 bytes in 0.022000ms
[2025-01-31 17:41:16.307236] INFO: Response received in 31045.400000ms
[2025-01-31 17:41:19.095870] INFO: File saved in 0.678000ms
[2025-01-31 17:41:20.831449] INFO: File saved to: /home/vc/kurotaka/objects/temp_306
[2025-01-31 17:41:23.047969] INFO: Execution permission granted to: /home/vc/kurotaka/objects/temp_306
[2025-01-31 17:41:24.945908] INFO: Executing command: /home/vc/kurotaka/objects/temp_306 307 512 1
[2025-01-31 17:42:05.280611] INFO: Command executed in 38789.804000ms
[2025-01-31 17:42:07.445204] INFO: Result saved to: /home/vc/kurotaka/results/result_306
[2025-01-31 17:42:10.541322] INFO: Second connection established in 0.165000ms
[2025-01-31 17:42:13.501396] INFO: Sending result upload request
[2025-01-31 17:42:17.419330] INFO: Second request sent in 0.027000ms
[2025-01-31 17:42:22.970774] INFO: Result uploaded in 0.056000ms
[2025-01-31 17:42:27.755451] INFO: Process completed successfully. Total execution time in 2m 16622.191000ms

