
[2025-01-31 17:40:30.145589] INFO: Process started with ID: 330
[2025-01-31 17:40:32.246884] INFO: First connection established in 0.307000ms
[2025-01-31 17:40:34.482555] INFO: Sending request: GET /http_server/send-object.php?ID=330 HTTP/1.1
Host: 192.168.100.3
Connection: close


[2025-01-31 17:40:36.637223] INFO: First request sent in 0.030000ms
[2025-01-31 17:40:38.899908] INFO: Time from request to first response in 0.031000ms
[2025-01-31 17:40:40.656994] INFO: Received headers - MPI-Rank: 274, Group-ID: 1, Job-ID: 1, Sub-Job-ID: 275, Rank-Count: 512
[2025-01-31 17:40:42.375313] INFO: Receive loop #1 received 16384 bytes in 4122.135000ms
[2025-01-31 17:40:44.442734] INFO: Receive loop #2 received 16384 bytes in 0.064000ms
[2025-01-31 17:40:46.927108] INFO: Receive loop #3 received 16384 bytes in 0.076000ms
[2025-01-31 17:40:48.865642] INFO: Receive loop #4 received 16384 bytes in 0.126000ms
[2025-01-31 17:40:50.763213] INFO: Receive loop #5 received 16384 bytes in 0.037000ms
[2025-01-31 17:40:52.628757] INFO: Receive loop #6 received 16384 bytes in 0.049000ms
[2025-01-31 17:40:54.900228] INFO: Receive loop #7 received 16384 bytes in 0.036000ms
[2025-01-31 17:40:57.043577] INFO: Receive loop #8 received 16384 bytes in 0.247000ms
[2025-01-31 17:40:59.190626] INFO: Receive loop #9 received 16384 bytes in 0.030000ms
[2025-01-31 17:41:01.331630] INFO: Receive loop #10 received 16384 bytes in 0.028000ms
[2025-01-31 17:41:03.739189] INFO: Receive loop #11 received 16384 bytes in 0.029000ms
[2025-01-31 17:41:06.007137] INFO: Receive loop #12 received 7665 bytes in 0.018000ms
[2025-01-31 17:41:08.851322] INFO: Response received in 30179.393000ms
[2025-01-31 17:41:11.437743] INFO: File saved in 0.113000ms
[2025-01-31 17:41:14.176323] INFO: File saved to: /home/vc/kurotaka/objects/temp_330
[2025-01-31 17:41:18.131145] INFO: Execution permission granted to: /home/vc/kurotaka/objects/temp_330
[2025-01-31 17:41:19.935019] INFO: Executing command: /home/vc/kurotaka/objects/temp_330 274 512 1
[2025-01-31 17:42:11.933464] INFO: Command executed in 50002.100000ms
[2025-01-31 17:42:15.046323] INFO: Result saved to: /home/vc/kurotaka/results/result_330
[2025-01-31 17:42:19.292444] INFO: Second connection established in 0.243000ms
[2025-01-31 17:42:25.550804] INFO: Sending result upload request
[2025-01-31 17:42:28.815768] INFO: Second request sent in 0.004000ms
[2025-01-31 17:42:32.897354] INFO: Result uploaded in 0.011000ms
[2025-01-31 17:42:36.106885] INFO: Process completed successfully. Total execution time in 2m 25309.013000ms

