
[2025-01-31 17:40:36.665963] INFO: Process started with ID: 460
[2025-01-31 17:40:38.829871] INFO: First connection established in 0.179000ms
[2025-01-31 17:40:40.657208] INFO: Sending request: GET /http_server/send-object.php?ID=460 HTTP/1.1
Host: 192.168.100.3
Connection: close


[2025-01-31 17:40:42.376146] INFO: First request sent in 0.035000ms
[2025-01-31 17:40:44.443279] INFO: Time from request to first response in 0.033000ms
[2025-01-31 17:40:46.928089] INFO: Received headers - MPI-Rank: 311, Group-ID: 1, Job-ID: 1, Sub-Job-ID: 312, Rank-Count: 512
[2025-01-31 17:40:48.865615] INFO: Receive loop #1 received 16384 bytes in 4300.343000ms
[2025-01-31 17:40:50.762960] INFO: Receive loop #2 received 16384 bytes in 0.069000ms
[2025-01-31 17:40:52.628016] INFO: Receive loop #3 received 16384 bytes in 0.036000ms
[2025-01-31 17:40:54.874321] INFO: Receive loop #4 received 16384 bytes in 0.024000ms
[2025-01-31 17:40:56.935569] INFO: Receive loop #5 received 16384 bytes in 0.010000ms
[2025-01-31 17:40:59.240495] INFO: Receive loop #6 received 16384 bytes in 0.029000ms
[2025-01-31 17:41:01.375668] INFO: Receive loop #7 received 16384 bytes in 0.012000ms
[2025-01-31 17:41:03.916779] INFO: Receive loop #8 received 16384 bytes in 0.261000ms
[2025-01-31 17:41:06.160460] INFO: Receive loop #9 received 16384 bytes in 0.010000ms
[2025-01-31 17:41:09.025497] INFO: Receive loop #10 received 16384 bytes in 0.011000ms
[2025-01-31 17:41:11.510595] INFO: Receive loop #11 received 16384 bytes in 0.036000ms
[2025-01-31 17:41:13.558071] INFO: Receive loop #12 received 7665 bytes in 0.022000ms
[2025-01-31 17:41:15.683007] INFO: Response received in 30918.911000ms
[2025-01-31 17:41:18.219091] INFO: File saved in 0.462000ms
[2025-01-31 17:41:19.936624] INFO: File saved to: /home/vc/kurotaka/objects/temp_460
[2025-01-31 17:41:22.596783] INFO: Execution permission granted to: /home/vc/kurotaka/objects/temp_460
[2025-01-31 17:41:24.408079] INFO: Executing command: /home/vc/kurotaka/objects/temp_460 311 512 1
[2025-01-31 17:42:06.597449] INFO: Command executed in 40082.832000ms
[2025-01-31 17:42:09.318705] INFO: Result saved to: /home/vc/kurotaka/results/result_460
[2025-01-31 17:42:12.741911] INFO: Second connection established in 0.403000ms
[2025-01-31 17:42:16.708681] INFO: Sending result upload request
[2025-01-31 17:42:21.719188] INFO: Second request sent in 0.025000ms
[2025-01-31 17:42:27.064121] INFO: Result uploaded in 0.061000ms
[2025-01-31 17:42:30.390984] INFO: Process completed successfully. Total execution time in 2m 18894.051000ms

