
[2025-01-31 17:40:18.957621] INFO: Process started with ID: 207
[2025-01-31 17:40:20.144382] INFO: First connection established in 0.234000ms
[2025-01-31 17:40:21.724117] INFO: Sending request: GET /http_server/send-object.php?ID=207 HTTP/1.1
Host: 192.168.100.3
Connection: close


[2025-01-31 17:40:23.069641] INFO: First request sent in 0.034000ms
[2025-01-31 17:40:24.532719] INFO: Time from request to first response in 0.008000ms
[2025-01-31 17:40:26.494040] INFO: Received headers - MPI-Rank: 189, Group-ID: 1, Job-ID: 1, Sub-Job-ID: 190, Rank-Count: 512
[2025-01-31 17:40:28.695756] INFO: Receive loop #1 received 16384 bytes in 4274.353000ms
[2025-01-31 17:40:30.249371] INFO: Receive loop #2 received 16384 bytes in 0.060000ms
[2025-01-31 17:40:32.738134] INFO: Receive loop #3 received 16384 bytes in 0.073000ms
[2025-01-31 17:40:34.804756] INFO: Receive loop #4 received 16384 bytes in 0.110000ms
[2025-01-31 17:40:37.085273] INFO: Receive loop #5 received 16384 bytes in 0.012000ms
[2025-01-31 17:40:39.389431] INFO: Receive loop #6 received 16384 bytes in 0.033000ms
[2025-01-31 17:40:40.658360] INFO: Receive loop #7 received 16384 bytes in 0.038000ms
[2025-01-31 17:40:42.432093] INFO: Receive loop #8 received 16384 bytes in 0.082000ms
[2025-01-31 17:40:44.490585] INFO: Receive loop #9 received 16384 bytes in 0.037000ms
[2025-01-31 17:40:46.938222] INFO: Receive loop #10 received 16384 bytes in 0.028000ms
[2025-01-31 17:40:48.918864] INFO: Receive loop #11 received 16384 bytes in 0.042000ms
[2025-01-31 17:40:50.786229] INFO: Receive loop #12 received 7665 bytes in 0.007000ms
[2025-01-31 17:40:52.737002] INFO: Response received in 28575.100000ms
[2025-01-31 17:40:55.248235] INFO: File saved in 0.472000ms
[2025-01-31 17:40:57.462267] INFO: File saved to: /home/vc/kurotaka/objects/temp_207
[2025-01-31 17:40:59.536907] INFO: Execution permission granted to: /home/vc/kurotaka/objects/temp_207
[2025-01-31 17:41:01.648889] INFO: Executing command: /home/vc/kurotaka/objects/temp_207 189 512 1
[2025-01-31 17:42:41.950950] INFO: Command executed in 1m 37676.531000ms
[2025-01-31 17:42:43.256132] INFO: Result saved to: /home/vc/kurotaka/results/result_207
[2025-01-31 17:42:44.229202] INFO: Second connection established in 0.162000ms
[2025-01-31 17:42:44.908783] INFO: Sending result upload request
[2025-01-31 17:42:45.183724] INFO: Second request sent in 0.004000ms
[2025-01-31 17:42:45.396231] INFO: Result uploaded in 0.010000ms
[2025-01-31 17:42:45.684727] INFO: Process completed successfully. Total execution time in 2m 35510.593000ms

