
[2025-01-28 15:33:02.951007] INFO: Process started with ID: 29
[2025-01-28 15:33:02.990312] INFO: First connection established in 0.103000ms
[2025-01-28 15:33:03.043718] INFO: Sending request: GET /http_server/send-object.php?ID=29 HTTP/1.1
Host: 192.168.100.3
Connection: close


[2025-01-28 15:33:03.136195] INFO: First request sent in 0.026000ms
[2025-01-28 15:33:03.292721] INFO: Time from request to first response:0.031000ms
[2025-01-28 15:33:03.455450] INFO: Received headers - MPI-Rank: 4, Group-ID: 1, Job-ID: 1, Sub-Job-ID: 5, Rank-Count: 32
[2025-01-28 15:33:03.664541] INFO: Receive loop #1 received 16384 bytes in 364.395000ms
[2025-01-28 15:33:03.898575] INFO: Receive loop #2 received 16384 bytes in 0.058000ms
[2025-01-28 15:33:04.115195] INFO: Receive loop #3 received 16384 bytes in 0.076000ms
[2025-01-28 15:33:04.417192] INFO: Receive loop #4 received 16384 bytes in 0.107000ms
[2025-01-28 15:33:04.710243] INFO: Receive loop #5 received 16384 bytes in 0.029000ms
[2025-01-28 15:33:04.943962] INFO: Receive loop #6 received 16384 bytes in 0.028000ms
[2025-01-28 15:33:05.340790] INFO: Receive loop #7 received 16384 bytes in 0.031000ms
[2025-01-28 15:33:05.708529] INFO: Receive loop #8 received 16384 bytes in 0.245000ms
[2025-01-28 15:33:06.025675] INFO: Receive loop #9 received 16384 bytes in 0.030000ms
[2025-01-28 15:33:06.324220] INFO: Receive loop #10 received 16384 bytes in 0.028000ms
[2025-01-28 15:33:06.477278] INFO: Receive loop #11 received 16384 bytes in 0.028000ms
[2025-01-28 15:33:06.610382] INFO: Receive loop #12 received 7660 bytes in 0.018000ms
[2025-01-28 15:33:06.758397] INFO: Response received in 3469.005000ms
[2025-01-28 15:33:06.903027] INFO: File saved in 0.492000ms
[2025-01-28 15:33:07.023489] INFO: File saved to: /home/vc/kurotaka/objects/temp_29
[2025-01-28 15:33:07.155472] INFO: Execution permission granted to: /home/vc/kurotaka/objects/temp_29
[2025-01-28 15:33:07.298511] INFO: Executing command: /home/vc/kurotaka/objects/temp_29 4 32
[2025-01-28 15:33:09.280488] INFO: Command executed in 1932.055000ms
[2025-01-28 15:33:09.459647] INFO: Result saved to: /home/vc/kurotaka/results/result_29
[2025-01-28 15:33:09.586514] INFO: Second connection established in 0.164000ms
[2025-01-28 15:33:09.800059] INFO: Sending result upload request
[2025-01-28 15:33:10.047039] INFO: Second request sent in 0.027000ms
[2025-01-28 15:33:10.289751] INFO: Result uploaded in 0.056000ms
[2025-01-28 15:33:10.583217] INFO: Process completed successfully. Total execution time: 7577.943000ms

