
[2025-01-28 15:33:02.961372] INFO: Process started with ID: 17
[2025-01-28 15:33:03.043461] INFO: First connection established in 0.247000ms
[2025-01-28 15:33:03.101634] INFO: Sending request: GET /http_server/send-object.php?ID=17 HTTP/1.1
Host: 192.168.100.3
Connection: close


[2025-01-28 15:33:03.211939] INFO: First request sent in 0.021000ms
[2025-01-28 15:33:03.371334] INFO: Time from request to first response:0.029000ms
[2025-01-28 15:33:03.545027] INFO: Received headers - MPI-Rank: 14, Group-ID: 1, Job-ID: 1, Sub-Job-ID: 15, Rank-Count: 32
[2025-01-28 15:33:03.740338] INFO: Receive loop #1 received 16384 bytes in 352.228000ms
[2025-01-28 15:33:03.925641] INFO: Receive loop #2 received 16384 bytes in 0.056000ms
[2025-01-28 15:33:04.210392] INFO: Receive loop #3 received 16384 bytes in 0.075000ms
[2025-01-28 15:33:04.451910] INFO: Receive loop #4 received 16384 bytes in 0.108000ms
[2025-01-28 15:33:04.710481] INFO: Receive loop #5 received 16384 bytes in 0.026000ms
[2025-01-28 15:33:05.056715] INFO: Receive loop #6 received 16384 bytes in 0.019000ms
[2025-01-28 15:33:05.455800] INFO: Receive loop #7 received 16384 bytes in 0.039000ms
[2025-01-28 15:33:05.843088] INFO: Receive loop #8 received 16384 bytes in 0.327000ms
[2025-01-28 15:33:06.379157] INFO: Receive loop #9 received 16384 bytes in 0.026000ms
[2025-01-28 15:33:06.539370] INFO: Receive loop #10 received 16384 bytes in 0.029000ms
[2025-01-28 15:33:06.646742] INFO: Receive loop #11 received 16384 bytes in 0.029000ms
[2025-01-28 15:33:06.793366] INFO: Receive loop #12 received 7662 bytes in 0.018000ms
[2025-01-28 15:33:06.984146] INFO: Response received in 3632.614000ms
[2025-01-28 15:33:07.155380] INFO: File saved in 0.519000ms
[2025-01-28 15:33:07.298490] INFO: File saved to: /home/vc/kurotaka/objects/temp_17
[2025-01-28 15:33:07.376749] INFO: Execution permission granted to: /home/vc/kurotaka/objects/temp_17
[2025-01-28 15:33:07.491748] INFO: Executing command: /home/vc/kurotaka/objects/temp_17 14 32
[2025-01-28 15:33:09.697587] INFO: Command executed in 2067.474000ms
[2025-01-28 15:33:09.907187] INFO: Result saved to: /home/vc/kurotaka/results/result_17
[2025-01-28 15:33:10.201366] INFO: Second connection established in 0.271000ms
[2025-01-28 15:33:10.390306] INFO: Sending result upload request
[2025-01-28 15:33:10.696876] INFO: Second request sent in 0.025000ms
[2025-01-28 15:33:11.045701] INFO: Result uploaded in 0.008000ms
[2025-01-28 15:33:11.308727] INFO: Process completed successfully. Total execution time: 8330.751000ms

