
[2025-01-31 17:22:30.384089] INFO: Process started with ID: 44
[2025-01-31 17:22:30.687424] INFO: First connection established in 0.684000ms
[2025-01-31 17:22:31.065486] INFO: Sending request: GET /http_server/send-object.php?ID=44 HTTP/1.1
Host: 192.168.100.3
Connection: close


[2025-01-31 17:22:31.583291] INFO: First request sent in 0.032000ms
[2025-01-31 17:22:32.114843] INFO: Time from request to first response in 0.007000ms
[2025-01-31 17:22:32.610741] INFO: Received headers - MPI-Rank: 39, Group-ID: 1, Job-ID: 1, Sub-Job-ID: 40, Rank-Count: 128
[2025-01-31 17:22:33.099057] INFO: Receive loop #1 received 16384 bytes in 994.226000ms
[2025-01-31 17:22:33.619653] INFO: Receive loop #2 received 16384 bytes in 0.061000ms
[2025-01-31 17:22:34.274750] INFO: Receive loop #3 received 16384 bytes in 0.093000ms
[2025-01-31 17:22:35.204092] INFO: Receive loop #4 received 16384 bytes in 0.134000ms
[2025-01-31 17:22:35.976624] INFO: Receive loop #5 received 16384 bytes in 0.031000ms
[2025-01-31 17:22:36.690227] INFO: Receive loop #6 received 16384 bytes in 0.030000ms
[2025-01-31 17:22:37.257544] INFO: Receive loop #7 received 16384 bytes in 0.029000ms
[2025-01-31 17:22:37.804293] INFO: Receive loop #8 received 16384 bytes in 0.252000ms
[2025-01-31 17:22:38.351372] INFO: Receive loop #9 received 16384 bytes in 0.007000ms
[2025-01-31 17:22:39.067318] INFO: Receive loop #10 received 16384 bytes in 0.034000ms
[2025-01-31 17:22:39.644131] INFO: Receive loop #11 received 16384 bytes in 0.036000ms
[2025-01-31 17:22:40.269442] INFO: Receive loop #12 received 7663 bytes in 0.007000ms
[2025-01-31 17:22:40.891781] INFO: Response received in 8679.499000ms
[2025-01-31 17:22:41.586428] INFO: File saved in 0.470000ms
[2025-01-31 17:22:42.179045] INFO: File saved to: /home/vc/kurotaka/objects/temp_44
[2025-01-31 17:22:43.014927] INFO: Execution permission granted to: /home/vc/kurotaka/objects/temp_44
[2025-01-31 17:22:43.797233] INFO: Executing command: /home/vc/kurotaka/objects/temp_44 39 128 1
[2025-01-31 17:22:48.946052] INFO: Command executed in 4804.529000ms
[2025-01-31 17:22:49.515333] INFO: Result saved to: /home/vc/kurotaka/results/result_44
[2025-01-31 17:22:49.991875] INFO: Second connection established in 0.208000ms
[2025-01-31 17:22:50.620725] INFO: Sending result upload request
[2025-01-31 17:22:51.271574] INFO: Second request sent in 0.025000ms
[2025-01-31 17:22:51.782764] INFO: Result uploaded in 0.055000ms
[2025-01-31 17:22:52.610389] INFO: Process completed successfully. Total execution time in 22299.320000ms

