
[2025-01-31 17:22:32.742255] INFO: Process started with ID: 85
[2025-01-31 17:22:33.254603] INFO: First connection established in 0.371000ms
[2025-01-31 17:22:33.795064] INFO: Sending request: GET /http_server/send-object.php?ID=85 HTTP/1.1
Host: 192.168.100.3
Connection: close


[2025-01-31 17:22:34.615426] INFO: First request sent in 0.040000ms
[2025-01-31 17:22:35.580043] INFO: Time from request to first response in 0.035000ms
[2025-01-31 17:22:36.247971] INFO: Received headers - MPI-Rank: 115, Group-ID: 1, Job-ID: 1, Sub-Job-ID: 116, Rank-Count: 128
[2025-01-31 17:22:36.941106] INFO: Receive loop #1 received 16384 bytes in 1471.158000ms
[2025-01-31 17:22:37.402428] INFO: Receive loop #2 received 16384 bytes in 0.023000ms
[2025-01-31 17:22:37.923268] INFO: Receive loop #3 received 16384 bytes in 0.085000ms
[2025-01-31 17:22:38.482913] INFO: Receive loop #4 received 16384 bytes in 0.106000ms
[2025-01-31 17:22:39.222637] INFO: Receive loop #5 received 16384 bytes in 0.029000ms
[2025-01-31 17:22:39.720545] INFO: Receive loop #6 received 16384 bytes in 0.029000ms
[2025-01-31 17:22:40.356984] INFO: Receive loop #7 received 16384 bytes in 0.028000ms
[2025-01-31 17:22:41.026271] INFO: Receive loop #8 received 16384 bytes in 0.253000ms
[2025-01-31 17:22:41.660217] INFO: Receive loop #9 received 16384 bytes in 0.053000ms
[2025-01-31 17:22:42.327201] INFO: Receive loop #10 received 16384 bytes in 0.030000ms
[2025-01-31 17:22:43.189945] INFO: Receive loop #11 received 16384 bytes in 0.006000ms
[2025-01-31 17:22:43.887332] INFO: Receive loop #12 received 7665 bytes in 0.018000ms
[2025-01-31 17:22:44.620435] INFO: Response received in 8927.609000ms
[2025-01-31 17:22:45.335039] INFO: File saved in 0.584000ms
[2025-01-31 17:22:45.703708] INFO: File saved to: /home/vc/kurotaka/objects/temp_85
[2025-01-31 17:22:46.111619] INFO: Execution permission granted to: /home/vc/kurotaka/objects/temp_85
[2025-01-31 17:22:46.374804] INFO: Executing command: /home/vc/kurotaka/objects/temp_85 115 128 1
[2025-01-31 17:22:49.515195] INFO: Command executed in 2654.716000ms
[2025-01-31 17:22:49.970476] INFO: Result saved to: /home/vc/kurotaka/results/result_85
[2025-01-31 17:22:50.558355] INFO: Second connection established in 0.213000ms
[2025-01-31 17:22:51.186053] INFO: Sending result upload request
[2025-01-31 17:22:51.706809] INFO: Second request sent in 0.029000ms
[2025-01-31 17:22:52.431361] INFO: Result uploaded in 0.051000ms
[2025-01-31 17:22:53.336108] INFO: Process completed successfully. Total execution time in 22955.578000ms

