
[2025-01-31 17:22:31.216891] INFO: Process started with ID: 2
[2025-01-31 17:22:31.856332] INFO: First connection established in 0.182000ms
[2025-01-31 17:22:32.295573] INFO: Sending request: GET /http_server/send-object.php?ID=2 HTTP/1.1
Host: 192.168.100.3
Connection: close


[2025-01-31 17:22:32.824991] INFO: First request sent in 0.034000ms
[2025-01-31 17:22:33.378066] INFO: Time from request to first response in 0.029000ms
[2025-01-31 17:22:33.886334] INFO: Received headers - MPI-Rank: 76, Group-ID: 1, Job-ID: 1, Sub-Job-ID: 77, Rank-Count: 128
[2025-01-31 17:22:34.759835] INFO: Receive loop #1 received 16384 bytes in 1205.028000ms
[2025-01-31 17:22:35.743076] INFO: Receive loop #2 received 16384 bytes in 0.071000ms
[2025-01-31 17:22:36.349060] INFO: Receive loop #3 received 16384 bytes in 0.088000ms
[2025-01-31 17:22:37.018934] INFO: Receive loop #4 received 16384 bytes in 0.123000ms
[2025-01-31 17:22:37.544155] INFO: Receive loop #5 received 16384 bytes in 0.029000ms
[2025-01-31 17:22:38.144801] INFO: Receive loop #6 received 16384 bytes in 0.038000ms
[2025-01-31 17:22:38.733671] INFO: Receive loop #7 received 16384 bytes in 0.029000ms
[2025-01-31 17:22:39.414540] INFO: Receive loop #8 received 16384 bytes in 0.258000ms
[2025-01-31 17:22:40.037772] INFO: Receive loop #9 received 16384 bytes in 0.030000ms
[2025-01-31 17:22:40.608407] INFO: Receive loop #10 received 16384 bytes in 0.030000ms
[2025-01-31 17:22:41.375086] INFO: Receive loop #11 received 16384 bytes in 0.028000ms
[2025-01-31 17:22:41.943494] INFO: Receive loop #12 received 7663 bytes in 0.019000ms
[2025-01-31 17:22:42.722161] INFO: Response received in 9304.739000ms
[2025-01-31 17:22:43.589970] INFO: File saved in 0.158000ms
[2025-01-31 17:22:44.212875] INFO: File saved to: /home/vc/kurotaka/objects/temp_2
[2025-01-31 17:22:45.360574] INFO: Execution permission granted to: /home/vc/kurotaka/objects/temp_2
[2025-01-31 17:22:45.703381] INFO: Executing command: /home/vc/kurotaka/objects/temp_2 76 128 1
[2025-01-31 17:22:49.834833] INFO: Command executed in 3877.433000ms
[2025-01-31 17:22:50.456575] INFO: Result saved to: /home/vc/kurotaka/results/result_2
[2025-01-31 17:22:51.014898] INFO: Second connection established in 0.221000ms
[2025-01-31 17:22:51.579039] INFO: Sending result upload request
[2025-01-31 17:22:52.272194] INFO: Second request sent in 0.026000ms
[2025-01-31 17:22:53.199054] INFO: Result uploaded in 0.053000ms
[2025-01-31 17:22:54.184609] INFO: Process completed successfully. Total execution time in 23980.070000ms

