
[2025-01-31 17:22:31.890785] INFO: Process started with ID: 116
[2025-01-31 17:22:32.338770] INFO: First connection established in 0.246000ms
[2025-01-31 17:22:32.892352] INFO: Sending request: GET /http_server/send-object.php?ID=116 HTTP/1.1
Host: 192.168.100.3
Connection: close


[2025-01-31 17:22:33.398078] INFO: First request sent in 0.034000ms
[2025-01-31 17:22:33.995456] INFO: Time from request to first response in 0.031000ms
[2025-01-31 17:22:34.872604] INFO: Received headers - MPI-Rank: 93, Group-ID: 1, Job-ID: 1, Sub-Job-ID: 94, Rank-Count: 128
[2025-01-31 17:22:35.867407] INFO: Receive loop #1 received 16384 bytes in 1852.573000ms
[2025-01-31 17:22:36.523183] INFO: Receive loop #2 received 16384 bytes in 0.065000ms
[2025-01-31 17:22:37.124603] INFO: Receive loop #3 received 16384 bytes in 0.079000ms
[2025-01-31 17:22:37.654758] INFO: Receive loop #4 received 16384 bytes in 0.096000ms
[2025-01-31 17:22:38.186989] INFO: Receive loop #5 received 16384 bytes in 0.029000ms
[2025-01-31 17:22:38.805175] INFO: Receive loop #6 received 16384 bytes in 0.034000ms
[2025-01-31 17:22:39.427583] INFO: Receive loop #7 received 16384 bytes in 0.029000ms
[2025-01-31 17:22:40.038698] INFO: Receive loop #8 received 16384 bytes in 0.244000ms
[2025-01-31 17:22:40.608938] INFO: Receive loop #9 received 16384 bytes in 0.030000ms
[2025-01-31 17:22:41.358066] INFO: Receive loop #10 received 16384 bytes in 0.028000ms
[2025-01-31 17:22:41.943703] INFO: Receive loop #11 received 16384 bytes in 0.034000ms
[2025-01-31 17:22:42.674674] INFO: Receive loop #12 received 7663 bytes in 0.019000ms
[2025-01-31 17:22:43.566505] INFO: Response received in 9600.427000ms
[2025-01-31 17:22:44.124874] INFO: File saved in 0.193000ms
[2025-01-31 17:22:44.712896] INFO: File saved to: /home/vc/kurotaka/objects/temp_116
[2025-01-31 17:22:45.575734] INFO: Execution permission granted to: /home/vc/kurotaka/objects/temp_116
[2025-01-31 17:22:45.831651] INFO: Executing command: /home/vc/kurotaka/objects/temp_116 93 128 1
[2025-01-31 17:22:49.515063] INFO: Command executed in 3233.512000ms
[2025-01-31 17:22:49.950844] INFO: Result saved to: /home/vc/kurotaka/results/result_116
[2025-01-31 17:22:50.587598] INFO: Second connection established in 0.218000ms
[2025-01-31 17:22:51.226507] INFO: Sending result upload request
[2025-01-31 17:22:51.736464] INFO: Second request sent in 0.021000ms
[2025-01-31 17:22:52.482131] INFO: Result uploaded in 0.055000ms
[2025-01-31 17:22:53.336194] INFO: Process completed successfully. Total execution time in 22985.724000ms

