
[2025-01-31 17:22:30.767078] INFO: Process started with ID: 121
[2025-01-31 17:22:31.199312] INFO: First connection established in 0.244000ms
[2025-01-31 17:22:31.823441] INFO: Sending request: GET /http_server/send-object.php?ID=121 HTTP/1.1
Host: 192.168.100.3
Connection: close


[2025-01-31 17:22:32.296091] INFO: First request sent in 0.036000ms
[2025-01-31 17:22:32.857373] INFO: Time from request to first response in 0.031000ms
[2025-01-31 17:22:33.379017] INFO: Received headers - MPI-Rank: 63, Group-ID: 1, Job-ID: 1, Sub-Job-ID: 64, Rank-Count: 128
[2025-01-31 17:22:33.933846] INFO: Receive loop #1 received 16384 bytes in 1055.617000ms
[2025-01-31 17:22:34.760086] INFO: Receive loop #2 received 16384 bytes in 0.065000ms
[2025-01-31 17:22:35.743380] INFO: Receive loop #3 received 16384 bytes in 0.098000ms
[2025-01-31 17:22:36.370179] INFO: Receive loop #4 received 16384 bytes in 0.114000ms
[2025-01-31 17:22:37.042355] INFO: Receive loop #5 received 16384 bytes in 0.029000ms
[2025-01-31 17:22:37.595402] INFO: Receive loop #6 received 16384 bytes in 0.029000ms
[2025-01-31 17:22:38.145039] INFO: Receive loop #7 received 16384 bytes in 0.030000ms
[2025-01-31 17:22:38.672643] INFO: Receive loop #8 received 16384 bytes in 0.246000ms
[2025-01-31 17:22:39.363946] INFO: Receive loop #9 received 16384 bytes in 0.029000ms
[2025-01-31 17:22:39.973445] INFO: Receive loop #10 received 16384 bytes in 0.028000ms
[2025-01-31 17:22:40.570251] INFO: Receive loop #11 received 16384 bytes in 0.028000ms
[2025-01-31 17:22:41.306215] INFO: Receive loop #12 received 7663 bytes in 0.020000ms
[2025-01-31 17:22:41.868705] INFO: Response received in 9010.051000ms
[2025-01-31 17:22:42.619494] INFO: File saved in 0.472000ms
[2025-01-31 17:22:43.513341] INFO: File saved to: /home/vc/kurotaka/objects/temp_121
[2025-01-31 17:22:44.193327] INFO: Execution permission granted to: /home/vc/kurotaka/objects/temp_121
[2025-01-31 17:22:44.712842] INFO: Executing command: /home/vc/kurotaka/objects/temp_121 63 128 1
[2025-01-31 17:22:49.707486] INFO: Command executed in 4476.167000ms
[2025-01-31 17:22:50.348854] INFO: Result saved to: /home/vc/kurotaka/results/result_121
[2025-01-31 17:22:50.909557] INFO: Second connection established in 0.271000ms
[2025-01-31 17:22:51.499247] INFO: Sending result upload request
[2025-01-31 17:22:52.091869] INFO: Second request sent in 0.027000ms
[2025-01-31 17:22:52.921749] INFO: Result uploaded in 0.055000ms
[2025-01-31 17:22:54.028598] INFO: Process completed successfully. Total execution time in 23604.767000ms

