
[2025-01-31 16:40:48.477442] INFO: Process started with ID: 281
[2025-01-31 16:40:50.133267] INFO: First connection established in 0.245000ms
[2025-01-31 16:40:51.392238] INFO: Sending request: GET /http_server/send-object.php?ID=281 HTTP/1.1
Host: 192.168.100.3
Connection: close


[2025-01-31 16:40:52.864916] INFO: First request sent in 0.042000ms
[2025-01-31 16:40:54.135978] INFO: Time from request to first response in 0.035000ms
[2025-01-31 16:40:55.573708] INFO: Received headers - MPI-Rank: 246, Group-ID: 1, Job-ID: 1, Sub-Job-ID: 247, Rank-Count: 512
[2025-01-31 16:40:57.087545] INFO: Receive loop #1 received 16384 bytes in 2918.430000ms
[2025-01-31 16:40:58.852103] INFO: Receive loop #2 received 16384 bytes in 0.064000ms
[2025-01-31 16:41:01.174191] INFO: Receive loop #3 received 16384 bytes in 0.081000ms
[2025-01-31 16:41:02.680408] INFO: Receive loop #4 received 16384 bytes in 0.153000ms
[2025-01-31 16:41:04.660452] INFO: Receive loop #5 received 16384 bytes in 0.033000ms
[2025-01-31 16:41:06.284916] INFO: Receive loop #6 received 16384 bytes in 0.036000ms
[2025-01-31 16:41:08.121679] INFO: Receive loop #7 received 16384 bytes in 0.032000ms
[2025-01-31 16:41:10.442810] INFO: Receive loop #8 received 16384 bytes in 0.073000ms
[2025-01-31 16:41:12.423973] INFO: Receive loop #9 received 16384 bytes in 0.038000ms
[2025-01-31 16:41:14.298653] INFO: Receive loop #10 received 16384 bytes in 0.008000ms
[2025-01-31 16:41:16.140290] INFO: Receive loop #11 received 16384 bytes in 0.032000ms
[2025-01-31 16:41:18.126537] INFO: Receive loop #12 received 7665 bytes in 0.020000ms
[2025-01-31 16:41:20.250961] INFO: Response received in 26142.213000ms
[2025-01-31 16:41:22.288049] INFO: File saved in 0.488000ms
[2025-01-31 16:41:23.761298] INFO: File saved to: /home/vc/kurotaka/objects/temp_281
[2025-01-31 16:41:26.551838] INFO: Execution permission granted to: /home/vc/kurotaka/objects/temp_281
[2025-01-31 16:41:27.947617] INFO: Executing command: /home/vc/kurotaka/objects/temp_281 246 512 1
[2025-01-31 16:42:22.875508] INFO: Command executed in 52899.080000ms
[2025-01-31 16:42:25.143349] INFO: Result saved to: /home/vc/kurotaka/results/result_281
[2025-01-31 16:42:27.703079] INFO: Second connection established in 0.220000ms
[2025-01-31 16:42:30.428699] INFO: Sending result upload request
[2025-01-31 16:42:33.616126] INFO: Second request sent in 0.004000ms
[2025-01-31 16:42:36.332129] INFO: Result uploaded in 0.010000ms
[2025-01-31 16:42:37.384688] INFO: Process completed successfully. Total execution time in 2m 6451.104000ms

