
[2025-01-31 16:41:14.340348] INFO: Process started with ID: 320
[2025-01-31 16:41:16.259019] INFO: First connection established in 0.270000ms
[2025-01-31 16:41:18.292256] INFO: Sending request: GET /http_server/send-object.php?ID=320 HTTP/1.1
Host: 192.168.100.3
Connection: close


[2025-01-31 16:41:20.373127] INFO: First request sent in 0.010000ms
[2025-01-31 16:41:22.381416] INFO: Time from request to first response in 0.027000ms
[2025-01-31 16:41:23.931493] INFO: Received headers - MPI-Rank: 436, Group-ID: 1, Job-ID: 1, Sub-Job-ID: 437, Rank-Count: 512
[2025-01-31 16:41:25.173821] INFO: Receive loop #1 received 16384 bytes in 2790.138000ms
[2025-01-31 16:41:26.721628] INFO: Receive loop #2 received 16384 bytes in 0.061000ms
[2025-01-31 16:41:27.966164] INFO: Receive loop #3 received 16384 bytes in 0.016000ms
[2025-01-31 16:41:29.525935] INFO: Receive loop #4 received 16384 bytes in 0.112000ms
[2025-01-31 16:41:30.959200] INFO: Receive loop #5 received 16384 bytes in 0.032000ms
[2025-01-31 16:41:33.034845] INFO: Receive loop #6 received 16384 bytes in 0.007000ms
[2025-01-31 16:41:35.430610] INFO: Receive loop #7 received 16384 bytes in 0.028000ms
[2025-01-31 16:41:37.328458] INFO: Receive loop #8 received 16384 bytes in 0.341000ms
[2025-01-31 16:41:38.403107] INFO: Receive loop #9 received 16384 bytes in 0.018000ms
[2025-01-31 16:41:39.305620] INFO: Receive loop #10 received 16384 bytes in 0.034000ms
[2025-01-31 16:41:40.185741] INFO: Receive loop #11 received 16384 bytes in 0.032000ms
[2025-01-31 16:41:41.143866] INFO: Receive loop #12 received 7665 bytes in 0.007000ms
[2025-01-31 16:41:42.015056] INFO: Response received in 19383.752000ms
[2025-01-31 16:41:43.157520] INFO: File saved in 0.463000ms
[2025-01-31 16:41:44.464680] INFO: File saved to: /home/vc/kurotaka/objects/temp_320
[2025-01-31 16:41:45.866421] INFO: Execution permission granted to: /home/vc/kurotaka/objects/temp_320
[2025-01-31 16:41:46.702681] INFO: Executing command: /home/vc/kurotaka/objects/temp_320 436 512 1
[2025-01-31 16:42:21.278931] INFO: Command executed in 33711.030000ms
[2025-01-31 16:42:23.931165] INFO: Result saved to: /home/vc/kurotaka/results/result_320
[2025-01-31 16:42:26.188821] INFO: Second connection established in 0.136000ms
[2025-01-31 16:42:28.789222] INFO: Sending result upload request
[2025-01-31 16:42:31.953761] INFO: Second request sent in 0.022000ms
[2025-01-31 16:42:35.203886] INFO: Result uploaded in 0.034000ms
[2025-01-31 16:42:37.057518] INFO: Process completed successfully. Total execution time in 2m 5794.658000ms

