
[2025-01-31 16:41:23.761161] INFO: Process started with ID: 207
[2025-01-31 16:41:25.483507] INFO: First connection established in 0.213000ms
[2025-01-31 16:41:26.937295] INFO: Sending request: GET /http_server/send-object.php?ID=207 HTTP/1.1
Host: 192.168.100.3
Connection: close


[2025-01-31 16:41:28.441462] INFO: First request sent in 0.004000ms
[2025-01-31 16:41:30.218920] INFO: Time from request to first response in 0.007000ms
[2025-01-31 16:41:31.945461] INFO: Received headers - MPI-Rank: 499, Group-ID: 1, Job-ID: 1, Sub-Job-ID: 500, Rank-Count: 512
[2025-01-31 16:41:33.643250] INFO: Receive loop #1 received 16384 bytes in 3462.597000ms
[2025-01-31 16:41:35.823056] INFO: Receive loop #2 received 16384 bytes in 0.061000ms
[2025-01-31 16:41:37.773944] INFO: Receive loop #3 received 16384 bytes in 0.014000ms
[2025-01-31 16:41:38.788305] INFO: Receive loop #4 received 16384 bytes in 0.113000ms
[2025-01-31 16:41:39.780799] INFO: Receive loop #5 received 16384 bytes in 0.005000ms
[2025-01-31 16:41:40.635616] INFO: Receive loop #6 received 16384 bytes in 0.030000ms
[2025-01-31 16:41:41.770644] INFO: Receive loop #7 received 16384 bytes in 0.027000ms
[2025-01-31 16:41:42.805949] INFO: Receive loop #8 received 16384 bytes in 0.050000ms
[2025-01-31 16:41:44.319470] INFO: Receive loop #9 received 16384 bytes in 0.005000ms
[2025-01-31 16:41:45.479166] INFO: Receive loop #10 received 16384 bytes in 0.005000ms
[2025-01-31 16:41:46.539986] INFO: Receive loop #11 received 16384 bytes in 0.009000ms
[2025-01-31 16:41:47.308261] INFO: Receive loop #12 received 7665 bytes in 0.003000ms
[2025-01-31 16:41:48.446477] INFO: Response received in 18477.868000ms
[2025-01-31 16:41:49.592455] INFO: File saved in 0.455000ms
[2025-01-31 16:41:51.111384] INFO: File saved to: /home/vc/kurotaka/objects/temp_207
[2025-01-31 16:41:52.917601] INFO: Execution permission granted to: /home/vc/kurotaka/objects/temp_207
[2025-01-31 16:41:54.211473] INFO: Executing command: /home/vc/kurotaka/objects/temp_207 499 512 1
[2025-01-31 16:42:15.595913] INFO: Command executed in 19722.948000ms
[2025-01-31 16:42:18.348133] INFO: Result saved to: /home/vc/kurotaka/results/result_207
[2025-01-31 16:42:21.885446] INFO: Second connection established in 0.249000ms
[2025-01-31 16:42:25.299497] INFO: Sending result upload request
[2025-01-31 16:42:28.155319] INFO: Second request sent in 0.026000ms
[2025-01-31 16:42:30.876737] INFO: Result uploaded in 0.012000ms
[2025-01-31 16:42:33.955699] INFO: Process completed successfully. Total execution time in 2m 2236.318000ms

