
[2025-01-31 16:40:58.314414] INFO: Process started with ID: 457
[2025-01-31 16:41:00.340274] INFO: First connection established in 0.158000ms
[2025-01-31 16:41:01.930864] INFO: Sending request: GET /http_server/send-object.php?ID=457 HTTP/1.1
Host: 192.168.100.3
Connection: close


[2025-01-31 16:41:03.387004] INFO: First request sent in 0.007000ms
[2025-01-31 16:41:05.265661] INFO: Time from request to first response in 0.006000ms
[2025-01-31 16:41:07.210921] INFO: Received headers - MPI-Rank: 330, Group-ID: 1, Job-ID: 1, Sub-Job-ID: 331, Rank-Count: 512
[2025-01-31 16:41:09.446887] INFO: Receive loop #1 received 16384 bytes in 3563.718000ms
[2025-01-31 16:41:11.650900] INFO: Receive loop #2 received 16384 bytes in 0.027000ms
[2025-01-31 16:41:13.657813] INFO: Receive loop #3 received 16384 bytes in 0.027000ms
[2025-01-31 16:41:15.482363] INFO: Receive loop #4 received 16384 bytes in 0.107000ms
[2025-01-31 16:41:17.829061] INFO: Receive loop #5 received 16384 bytes in 0.052000ms
[2025-01-31 16:41:19.923714] INFO: Receive loop #6 received 16384 bytes in 0.029000ms
[2025-01-31 16:41:22.015368] INFO: Receive loop #7 received 16384 bytes in 0.037000ms
[2025-01-31 16:41:23.503010] INFO: Receive loop #8 received 16384 bytes in 0.258000ms
[2025-01-31 16:41:25.059689] INFO: Receive loop #9 received 16384 bytes in 0.028000ms
[2025-01-31 16:41:26.572554] INFO: Receive loop #10 received 16384 bytes in 0.018000ms
[2025-01-31 16:41:27.965041] INFO: Receive loop #11 received 16384 bytes in 0.027000ms
[2025-01-31 16:41:29.492713] INFO: Receive loop #12 received 7665 bytes in 0.021000ms
[2025-01-31 16:41:30.928508] INFO: Response received in 25803.838000ms
[2025-01-31 16:41:32.989534] INFO: File saved in 0.116000ms
[2025-01-31 16:41:35.379335] INFO: File saved to: /home/vc/kurotaka/objects/temp_457
[2025-01-31 16:41:38.187883] INFO: Execution permission granted to: /home/vc/kurotaka/objects/temp_457
[2025-01-31 16:41:39.305989] INFO: Executing command: /home/vc/kurotaka/objects/temp_457 330 512 1
[2025-01-31 16:42:13.540739] INFO: Command executed in 32908.049000ms
[2025-01-31 16:42:16.453571] INFO: Result saved to: /home/vc/kurotaka/results/result_457
[2025-01-31 16:42:20.385229] INFO: Second connection established in 0.201000ms
[2025-01-31 16:42:23.912553] INFO: Sending result upload request
[2025-01-31 16:42:26.865539] INFO: Second request sent in 0.022000ms
[2025-01-31 16:42:29.594039] INFO: Result uploaded in 0.061000ms
[2025-01-31 16:42:32.715262] INFO: Process completed successfully. Total execution time in 2m 796.787000ms

