
[2025-01-31 16:40:37.787334] INFO: Process started with ID: 319
[2025-01-31 16:40:38.469973] INFO: First connection established in 0.346000ms
[2025-01-31 16:40:39.136096] INFO: Sending request: GET /http_server/send-object.php?ID=319 HTTP/1.1
Host: 192.168.100.3
Connection: close


[2025-01-31 16:40:40.002944] INFO: First request sent in 0.033000ms
[2025-01-31 16:40:41.267906] INFO: Time from request to first response in 0.034000ms
[2025-01-31 16:40:43.015036] INFO: Received headers - MPI-Rank: 144, Group-ID: 1, Job-ID: 1, Sub-Job-ID: 145, Rank-Count: 512
[2025-01-31 16:40:44.716196] INFO: Receive loop #1 received 16384 bytes in 3482.027000ms
[2025-01-31 16:40:46.565643] INFO: Receive loop #2 received 16384 bytes in 0.074000ms
[2025-01-31 16:40:48.432220] INFO: Receive loop #3 received 16384 bytes in 0.091000ms
[2025-01-31 16:40:50.054309] INFO: Receive loop #4 received 16384 bytes in 0.141000ms
[2025-01-31 16:40:51.313756] INFO: Receive loop #5 received 16384 bytes in 0.055000ms
[2025-01-31 16:40:52.793980] INFO: Receive loop #6 received 16384 bytes in 0.009000ms
[2025-01-31 16:40:54.088823] INFO: Receive loop #7 received 16384 bytes in 0.031000ms
[2025-01-31 16:40:55.531274] INFO: Receive loop #8 received 16384 bytes in 0.246000ms
[2025-01-31 16:40:57.048218] INFO: Receive loop #9 received 16384 bytes in 0.014000ms
[2025-01-31 16:40:58.699924] INFO: Receive loop #10 received 16384 bytes in 0.029000ms
[2025-01-31 16:41:00.532479] INFO: Receive loop #11 received 16384 bytes in 0.029000ms
[2025-01-31 16:41:02.651593] INFO: Receive loop #12 received 7665 bytes in 0.018000ms
[2025-01-31 16:41:04.619430] INFO: Response received in 23238.887000ms
[2025-01-31 16:41:06.250996] INFO: File saved in 0.532000ms
[2025-01-31 16:41:08.061823] INFO: File saved to: /home/vc/kurotaka/objects/temp_319
[2025-01-31 16:41:10.355771] INFO: Execution permission granted to: /home/vc/kurotaka/objects/temp_319
[2025-01-31 16:41:12.396878] INFO: Executing command: /home/vc/kurotaka/objects/temp_319 144 512 1
[2025-01-31 16:42:24.820313] INFO: Command executed in 1m 10162.772000ms
[2025-01-31 16:42:27.204746] INFO: Result saved to: /home/vc/kurotaka/results/result_319
[2025-01-31 16:42:29.734453] INFO: Second connection established in 0.222000ms
[2025-01-31 16:42:33.041905] INFO: Sending result upload request
[2025-01-31 16:42:36.001272] INFO: Second request sent in 0.004000ms
[2025-01-31 16:42:37.317519] INFO: Result uploaded in 0.013000ms
[2025-01-31 16:42:37.741207] INFO: Process completed successfully. Total execution time in 2m 6876.422000ms

