
[2025-01-31 16:41:18.021506] INFO: Process started with ID: 221
[2025-01-31 16:41:20.174235] INFO: First connection established in 0.275000ms
[2025-01-31 16:41:22.163440] INFO: Sending request: GET /http_server/send-object.php?ID=221 HTTP/1.1
Host: 192.168.100.3
Connection: close


[2025-01-31 16:41:23.605263] INFO: First request sent in 0.033000ms
[2025-01-31 16:41:25.114009] INFO: Time from request to first response in 0.008000ms
[2025-01-31 16:41:26.658421] INFO: Received headers - MPI-Rank: 457, Group-ID: 1, Job-ID: 1, Sub-Job-ID: 458, Rank-Count: 512
[2025-01-31 16:41:28.149056] INFO: Receive loop #1 received 16384 bytes in 3236.516000ms
[2025-01-31 16:41:29.491385] INFO: Receive loop #2 received 16384 bytes in 0.061000ms
[2025-01-31 16:41:30.851142] INFO: Receive loop #3 received 16384 bytes in 0.084000ms
[2025-01-31 16:41:32.853048] INFO: Receive loop #4 received 16384 bytes in 0.027000ms
[2025-01-31 16:41:34.510091] INFO: Receive loop #5 received 16384 bytes in 0.028000ms
[2025-01-31 16:41:36.943757] INFO: Receive loop #6 received 16384 bytes in 0.029000ms
[2025-01-31 16:41:38.401518] INFO: Receive loop #7 received 16384 bytes in 0.029000ms
[2025-01-31 16:41:39.304842] INFO: Receive loop #8 received 16384 bytes in 0.058000ms
[2025-01-31 16:41:40.257773] INFO: Receive loop #9 received 16384 bytes in 0.028000ms
[2025-01-31 16:41:41.145316] INFO: Receive loop #10 received 16384 bytes in 0.004000ms
[2025-01-31 16:41:42.091572] INFO: Receive loop #11 received 16384 bytes in 0.029000ms
[2025-01-31 16:41:43.157121] INFO: Receive loop #12 received 7665 bytes in 0.003000ms
[2025-01-31 16:41:44.522996] INFO: Response received in 19475.508000ms
[2025-01-31 16:41:45.771956] INFO: File saved in 0.105000ms
[2025-01-31 16:41:46.702536] INFO: File saved to: /home/vc/kurotaka/objects/temp_221
[2025-01-31 16:41:48.253475] INFO: Execution permission granted to: /home/vc/kurotaka/objects/temp_221
[2025-01-31 16:41:48.809907] INFO: Executing command: /home/vc/kurotaka/objects/temp_221 457 512 1
[2025-01-31 16:42:11.581035] INFO: Command executed in 21819.165000ms
[2025-01-31 16:42:13.954141] INFO: Result saved to: /home/vc/kurotaka/results/result_221
[2025-01-31 16:42:16.543974] INFO: Second connection established in 0.198000ms
[2025-01-31 16:42:20.299582] INFO: Sending result upload request
[2025-01-31 16:42:23.779921] INFO: Second request sent in 0.031000ms
[2025-01-31 16:42:26.494684] INFO: Result uploaded in 0.058000ms
[2025-01-31 16:42:29.224194] INFO: Process completed successfully. Total execution time in 1m 57628.123000ms

