
[2025-01-31 16:40:50.011021] INFO: Process started with ID: 305
[2025-01-31 16:40:51.252586] INFO: First connection established in 0.162000ms
[2025-01-31 16:40:52.721465] INFO: Sending request: GET /http_server/send-object.php?ID=305 HTTP/1.1
Host: 192.168.100.3
Connection: close


[2025-01-31 16:40:54.023915] INFO: First request sent in 0.030000ms
[2025-01-31 16:40:55.531057] INFO: Time from request to first response in 0.029000ms
[2025-01-31 16:40:57.009820] INFO: Received headers - MPI-Rank: 257, Group-ID: 1, Job-ID: 1, Sub-Job-ID: 258, Rank-Count: 512
[2025-01-31 16:40:58.637152] INFO: Receive loop #1 received 16384 bytes in 3131.228000ms
[2025-01-31 16:41:00.463893] INFO: Receive loop #2 received 16384 bytes in 0.074000ms
[2025-01-31 16:41:02.083969] INFO: Receive loop #3 received 16384 bytes in 0.020000ms
[2025-01-31 16:41:03.791595] INFO: Receive loop #4 received 16384 bytes in 0.020000ms
[2025-01-31 16:41:05.834669] INFO: Receive loop #5 received 16384 bytes in 0.027000ms
[2025-01-31 16:41:07.695861] INFO: Receive loop #6 received 16384 bytes in 0.030000ms
[2025-01-31 16:41:10.103448] INFO: Receive loop #7 received 16384 bytes in 0.038000ms
[2025-01-31 16:41:12.345774] INFO: Receive loop #8 received 16384 bytes in 0.285000ms
[2025-01-31 16:41:14.225564] INFO: Receive loop #9 received 16384 bytes in 0.033000ms
[2025-01-31 16:41:16.019532] INFO: Receive loop #10 received 16384 bytes in 0.030000ms
[2025-01-31 16:41:18.021368] INFO: Receive loop #11 received 16384 bytes in 0.006000ms
[2025-01-31 16:41:20.143855] INFO: Receive loop #12 received 7665 bytes in 0.024000ms
[2025-01-31 16:41:22.163528] INFO: Response received in 26603.308000ms
[2025-01-31 16:41:23.644473] INFO: File saved in 0.507000ms
[2025-01-31 16:41:25.032423] INFO: File saved to: /home/vc/kurotaka/objects/temp_305
[2025-01-31 16:41:27.875569] INFO: Execution permission granted to: /home/vc/kurotaka/objects/temp_305
[2025-01-31 16:41:29.399342] INFO: Executing command: /home/vc/kurotaka/objects/temp_305 257 512 1
[2025-01-31 16:42:20.419499] INFO: Command executed in 49683.589000ms
[2025-01-31 16:42:22.252722] INFO: Result saved to: /home/vc/kurotaka/results/result_305
[2025-01-31 16:42:24.873048] INFO: Second connection established in 0.114000ms
[2025-01-31 16:42:27.305803] INFO: Sending result upload request
[2025-01-31 16:42:29.829292] INFO: Second request sent in 0.023000ms
[2025-01-31 16:42:33.107503] INFO: Result uploaded in 0.010000ms
[2025-01-31 16:42:36.061089] INFO: Process completed successfully. Total execution time in 2m 4533.964000ms

