
[2025-01-31 16:40:33.868212] INFO: Process started with ID: 385
[2025-01-31 16:40:34.766637] INFO: First connection established in 0.259000ms
[2025-01-31 16:40:36.232374] INFO: Sending request: GET /http_server/send-object.php?ID=385 HTTP/1.1
Host: 192.168.100.3
Connection: close


[2025-01-31 16:40:37.099093] INFO: First request sent in 0.007000ms
[2025-01-31 16:40:38.122947] INFO: Time from request to first response in 0.030000ms
[2025-01-31 16:40:38.806392] INFO: Received headers - MPI-Rank: 96, Group-ID: 1, Job-ID: 1, Sub-Job-ID: 97, Rank-Count: 512
[2025-01-31 16:40:39.639876] INFO: Receive loop #1 received 16384 bytes in 1379.492000ms
[2025-01-31 16:40:40.451609] INFO: Receive loop #2 received 16384 bytes in 0.060000ms
[2025-01-31 16:40:42.411954] INFO: Receive loop #3 received 16384 bytes in 0.076000ms
[2025-01-31 16:40:43.677679] INFO: Receive loop #4 received 16384 bytes in 0.111000ms
[2025-01-31 16:40:45.260288] INFO: Receive loop #5 received 16384 bytes in 0.035000ms
[2025-01-31 16:40:47.610785] INFO: Receive loop #6 received 16384 bytes in 0.041000ms
[2025-01-31 16:40:48.952281] INFO: Receive loop #7 received 16384 bytes in 0.036000ms
[2025-01-31 16:40:50.286911] INFO: Receive loop #8 received 16384 bytes in 0.245000ms
[2025-01-31 16:40:51.544150] INFO: Receive loop #9 received 16384 bytes in 0.036000ms
[2025-01-31 16:40:53.032216] INFO: Receive loop #10 received 16384 bytes in 0.029000ms
[2025-01-31 16:40:54.323531] INFO: Receive loop #11 received 16384 bytes in 0.029000ms
[2025-01-31 16:40:55.877163] INFO: Receive loop #12 received 7663 bytes in 0.019000ms
[2025-01-31 16:40:57.310606] INFO: Response received in 18968.343000ms
[2025-01-31 16:40:59.110306] INFO: File saved in 0.474000ms
[2025-01-31 16:41:01.178064] INFO: File saved to: /home/vc/kurotaka/objects/temp_385
[2025-01-31 16:41:02.705521] INFO: Execution permission granted to: /home/vc/kurotaka/objects/temp_385
[2025-01-31 16:41:04.678372] INFO: Executing command: /home/vc/kurotaka/objects/temp_385 96 512 1
[2025-01-31 16:42:15.872163] INFO: Command executed in 1m 8606.252000ms
[2025-01-31 16:42:19.445358] INFO: Result saved to: /home/vc/kurotaka/results/result_385
[2025-01-31 16:42:23.227255] INFO: Second connection established in 0.168000ms
[2025-01-31 16:42:25.942791] INFO: Sending result upload request
[2025-01-31 16:42:28.914033] INFO: Second request sent in 0.020000ms
[2025-01-31 16:42:31.954256] INFO: Result uploaded in 0.011000ms
[2025-01-31 16:42:34.531844] INFO: Process completed successfully. Total execution time in 2m 2883.119000ms

