
[2025-01-31 16:40:34.471044] INFO: Process started with ID: 198
[2025-01-31 16:40:35.866776] INFO: First connection established in 0.265000ms
[2025-01-31 16:40:36.897156] INFO: Sending request: GET /http_server/send-object.php?ID=198 HTTP/1.1
Host: 192.168.100.3
Connection: close


[2025-01-31 16:40:37.924668] INFO: First request sent in 0.033000ms
[2025-01-31 16:40:38.524445] INFO: Time from request to first response in 0.033000ms
[2025-01-31 16:40:39.205698] INFO: Received headers - MPI-Rank: 107, Group-ID: 1, Job-ID: 1, Sub-Job-ID: 108, Rank-Count: 512
[2025-01-31 16:40:40.002430] INFO: Receive loop #1 received 16384 bytes in 1389.596000ms
[2025-01-31 16:40:41.267540] INFO: Receive loop #2 received 16384 bytes in 0.062000ms
[2025-01-31 16:40:43.035823] INFO: Receive loop #3 received 16384 bytes in 0.074000ms
[2025-01-31 16:40:44.815950] INFO: Receive loop #4 received 16384 bytes in 0.112000ms
[2025-01-31 16:40:46.813588] INFO: Receive loop #5 received 16384 bytes in 0.028000ms
[2025-01-31 16:40:48.476998] INFO: Receive loop #6 received 16384 bytes in 0.036000ms
[2025-01-31 16:40:50.107296] INFO: Receive loop #7 received 16384 bytes in 0.035000ms
[2025-01-31 16:40:51.391883] INFO: Receive loop #8 received 16384 bytes in 0.252000ms
[2025-01-31 16:40:52.880129] INFO: Receive loop #9 received 16384 bytes in 0.031000ms
[2025-01-31 16:40:54.153856] INFO: Receive loop #10 received 16384 bytes in 0.008000ms
[2025-01-31 16:40:55.573489] INFO: Receive loop #11 received 16384 bytes in 0.030000ms
[2025-01-31 16:40:57.087177] INFO: Receive loop #12 received 7665 bytes in 0.019000ms
[2025-01-31 16:40:58.764731] INFO: Response received in 19831.599000ms
[2025-01-31 16:41:01.173366] INFO: File saved in 0.461000ms
[2025-01-31 16:41:02.652680] INFO: File saved to: /home/vc/kurotaka/objects/temp_198
[2025-01-31 16:41:04.619991] INFO: Execution permission granted to: /home/vc/kurotaka/objects/temp_198
[2025-01-31 16:41:06.284808] INFO: Executing command: /home/vc/kurotaka/objects/temp_198 107 512 1
[2025-01-31 16:42:09.058025] INFO: Command executed in 1m 729.317000ms
[2025-01-31 16:42:11.392740] INFO: Result saved to: /home/vc/kurotaka/results/result_198
[2025-01-31 16:42:13.316503] INFO: Second connection established in 0.239000ms
[2025-01-31 16:42:16.172875] INFO: Sending result upload request
[2025-01-31 16:42:19.702470] INFO: Second request sent in 0.030000ms
[2025-01-31 16:42:23.382898] INFO: Result uploaded in 0.056000ms
[2025-01-31 16:42:26.013398] INFO: Process completed successfully. Total execution time in 1m 54455.879000ms

