
[2025-01-31 16:41:24.809043] INFO: Process started with ID: 240
[2025-01-31 16:41:26.598151] INFO: First connection established in 0.298000ms
[2025-01-31 16:41:27.997783] INFO: Sending request: GET /http_server/send-object.php?ID=240 HTTP/1.1
Host: 192.168.100.3
Connection: close


[2025-01-31 16:41:29.564062] INFO: First request sent in 0.030000ms
[2025-01-31 16:41:30.794541] INFO: Time from request to first response in 0.006000ms
[2025-01-31 16:41:32.603038] INFO: Received headers - MPI-Rank: 506, Group-ID: 1, Job-ID: 1, Sub-Job-ID: 507, Rank-Count: 512
[2025-01-31 16:41:34.983667] INFO: Receive loop #1 received 16384 bytes in 3088.890000ms
[2025-01-31 16:41:36.725908] INFO: Receive loop #2 received 16384 bytes in 0.020000ms
[2025-01-31 16:41:38.372915] INFO: Receive loop #3 received 16384 bytes in 0.089000ms
[2025-01-31 16:41:39.304532] INFO: Receive loop #4 received 16384 bytes in 0.022000ms
[2025-01-31 16:41:40.257345] INFO: Receive loop #5 received 16384 bytes in 0.030000ms
[2025-01-31 16:41:41.144014] INFO: Receive loop #6 received 16384 bytes in 0.005000ms
[2025-01-31 16:41:42.061317] INFO: Receive loop #7 received 16384 bytes in 0.030000ms
[2025-01-31 16:41:43.137640] INFO: Receive loop #8 received 16384 bytes in 0.048000ms
[2025-01-31 16:41:44.465602] INFO: Receive loop #9 received 16384 bytes in 0.005000ms
[2025-01-31 16:41:45.727212] INFO: Receive loop #10 received 16384 bytes in 0.005000ms
[2025-01-31 16:41:46.755784] INFO: Receive loop #11 received 16384 bytes in 0.005000ms
[2025-01-31 16:41:47.642403] INFO: Receive loop #12 received 7665 bytes in 0.003000ms
[2025-01-31 16:41:48.677945] INFO: Response received in 17785.882000ms
[2025-01-31 16:41:49.699255] INFO: File saved in 0.151000ms
[2025-01-31 16:41:51.112520] INFO: File saved to: /home/vc/kurotaka/objects/temp_240
[2025-01-31 16:41:52.917801] INFO: Execution permission granted to: /home/vc/kurotaka/objects/temp_240
[2025-01-31 16:41:54.235821] INFO: Executing command: /home/vc/kurotaka/objects/temp_240 506 512 1
[2025-01-31 16:42:15.927246] INFO: Command executed in 20275.206000ms
[2025-01-31 16:42:19.344539] INFO: Result saved to: /home/vc/kurotaka/results/result_240
[2025-01-31 16:42:23.064828] INFO: Second connection established in 0.177000ms
[2025-01-31 16:42:25.724036] INFO: Sending result upload request
[2025-01-31 16:42:28.530643] INFO: Second request sent in 0.031000ms
[2025-01-31 16:42:31.437977] INFO: Result uploaded in 0.011000ms
[2025-01-31 16:42:34.606751] INFO: Process completed successfully. Total execution time in 2m 2776.342000ms

