
[2025-01-31 16:40:43.183291] INFO: Process started with ID: 373
[2025-01-31 16:40:44.849476] INFO: First connection established in 0.173000ms
[2025-01-31 16:40:46.868842] INFO: Sending request: GET /http_server/send-object.php?ID=373 HTTP/1.1
Host: 192.168.100.3
Connection: close


[2025-01-31 16:40:48.643393] INFO: First request sent in 0.041000ms
[2025-01-31 16:40:50.190783] INFO: Time from request to first response in 0.010000ms
[2025-01-31 16:40:51.428823] INFO: Received headers - MPI-Rank: 209, Group-ID: 1, Job-ID: 1, Sub-Job-ID: 210, Rank-Count: 512
[2025-01-31 16:40:52.945186] INFO: Receive loop #1 received 16384 bytes in 2619.227000ms
[2025-01-31 16:40:54.201276] INFO: Receive loop #2 received 16384 bytes in 0.083000ms
[2025-01-31 16:40:55.670619] INFO: Receive loop #3 received 16384 bytes in 0.055000ms
[2025-01-31 16:40:57.160199] INFO: Receive loop #4 received 16384 bytes in 0.141000ms
[2025-01-31 16:40:58.960727] INFO: Receive loop #5 received 16384 bytes in 0.030000ms
[2025-01-31 16:41:01.174920] INFO: Receive loop #6 received 16384 bytes in 0.043000ms
[2025-01-31 16:41:02.681699] INFO: Receive loop #7 received 16384 bytes in 0.030000ms
[2025-01-31 16:41:04.660523] INFO: Receive loop #8 received 16384 bytes in 0.255000ms
[2025-01-31 16:41:06.285104] INFO: Receive loop #9 received 16384 bytes in 0.033000ms
[2025-01-31 16:41:08.122123] INFO: Receive loop #10 received 16384 bytes in 0.010000ms
[2025-01-31 16:41:10.469957] INFO: Receive loop #11 received 16384 bytes in 0.006000ms
[2025-01-31 16:41:12.453157] INFO: Receive loop #12 received 7665 bytes in 0.027000ms
[2025-01-31 16:41:14.299542] INFO: Response received in 24214.979000ms
[2025-01-31 16:41:16.171997] INFO: File saved in 0.182000ms
[2025-01-31 16:41:18.153012] INFO: File saved to: /home/vc/kurotaka/objects/temp_373
[2025-01-31 16:41:20.289130] INFO: Execution permission granted to: /home/vc/kurotaka/objects/temp_373
[2025-01-31 16:41:22.288402] INFO: Executing command: /home/vc/kurotaka/objects/temp_373 209 512 1
[2025-01-31 16:42:23.594388] INFO: Command executed in 59322.037000ms
[2025-01-31 16:42:25.738745] INFO: Result saved to: /home/vc/kurotaka/results/result_373
[2025-01-31 16:42:28.420885] INFO: Second connection established in 0.157000ms
[2025-01-31 16:42:31.337260] INFO: Sending result upload request
[2025-01-31 16:42:34.833777] INFO: Second request sent in 0.004000ms
[2025-01-31 16:42:36.843348] INFO: Result uploaded in 0.011000ms
[2025-01-31 16:42:37.536381] INFO: Process completed successfully. Total execution time in 2m 6660.831000ms

