
[2025-01-31 16:41:22.096588] INFO: Process started with ID: 136
[2025-01-31 16:41:23.531390] INFO: First connection established in 0.166000ms
[2025-01-31 16:41:25.037979] INFO: Sending request: GET /http_server/send-object.php?ID=136 HTTP/1.1
Host: 192.168.100.3
Connection: close


[2025-01-31 16:41:26.598249] INFO: First request sent in 0.022000ms
[2025-01-31 16:41:28.024391] INFO: Time from request to first response in 0.033000ms
[2025-01-31 16:41:29.587940] INFO: Received headers - MPI-Rank: 482, Group-ID: 1, Job-ID: 1, Sub-Job-ID: 483, Rank-Count: 512
[2025-01-31 16:41:30.808327] INFO: Receive loop #1 received 16384 bytes in 2730.265000ms
[2025-01-31 16:41:32.656547] INFO: Receive loop #2 received 16384 bytes in 0.073000ms
[2025-01-31 16:41:34.983772] INFO: Receive loop #3 received 16384 bytes in 0.080000ms
[2025-01-31 16:41:36.725605] INFO: Receive loop #4 received 16384 bytes in 0.112000ms
[2025-01-31 16:41:38.338051] INFO: Receive loop #5 received 16384 bytes in 0.032000ms
[2025-01-31 16:41:39.351872] INFO: Receive loop #6 received 16384 bytes in 0.006000ms
[2025-01-31 16:41:40.330398] INFO: Receive loop #7 received 16384 bytes in 0.009000ms
[2025-01-31 16:41:41.221535] INFO: Receive loop #8 received 16384 bytes in 0.051000ms
[2025-01-31 16:41:42.190026] INFO: Receive loop #9 received 16384 bytes in 0.007000ms
[2025-01-31 16:41:43.294583] INFO: Receive loop #10 received 16384 bytes in 0.005000ms
[2025-01-31 16:41:44.630174] INFO: Receive loop #11 received 16384 bytes in 0.006000ms
[2025-01-31 16:41:45.727078] INFO: Receive loop #12 received 7665 bytes in 0.003000ms
[2025-01-31 16:41:46.702671] INFO: Response received in 18609.245000ms
[2025-01-31 16:41:47.462143] INFO: File saved in 0.097000ms
[2025-01-31 16:41:48.522467] INFO: File saved to: /home/vc/kurotaka/objects/temp_136
[2025-01-31 16:41:50.305464] INFO: Execution permission granted to: /home/vc/kurotaka/objects/temp_136
[2025-01-31 16:41:51.744982] INFO: Executing command: /home/vc/kurotaka/objects/temp_136 482 512 1
[2025-01-31 16:42:14.515494] INFO: Command executed in 21001.722000ms
[2025-01-31 16:42:17.220271] INFO: Result saved to: /home/vc/kurotaka/results/result_136
[2025-01-31 16:42:20.985798] INFO: Second connection established in 0.211000ms
[2025-01-31 16:42:24.518293] INFO: Sending result upload request
[2025-01-31 16:42:27.306036] INFO: Second request sent in 0.026000ms
[2025-01-31 16:42:30.005742] INFO: Result uploaded in 0.010000ms
[2025-01-31 16:42:33.107108] INFO: Process completed successfully. Total execution time in 2m 1456.536000ms

