
[2025-01-31 16:40:38.524916] INFO: Process started with ID: 436
[2025-01-31 16:40:39.262638] INFO: First connection established in 0.111000ms
[2025-01-31 16:40:40.128783] INFO: Sending request: GET /http_server/send-object.php?ID=436 HTTP/1.1
Host: 192.168.100.3
Connection: close


[2025-01-31 16:40:41.534640] INFO: First request sent in 0.031000ms
[2025-01-31 16:40:43.183420] INFO: Time from request to first response in 0.030000ms
[2025-01-31 16:40:44.816547] INFO: Received headers - MPI-Rank: 159, Group-ID: 1, Job-ID: 1, Sub-Job-ID: 160, Rank-Count: 512
[2025-01-31 16:40:46.813957] INFO: Receive loop #1 received 16384 bytes in 3133.384000ms
[2025-01-31 16:40:48.477309] INFO: Receive loop #2 received 16384 bytes in 0.062000ms
[2025-01-31 16:40:50.054418] INFO: Receive loop #3 received 16384 bytes in 0.079000ms
[2025-01-31 16:40:51.313930] INFO: Receive loop #4 received 16384 bytes in 0.110000ms
[2025-01-31 16:40:52.749840] INFO: Receive loop #5 received 16384 bytes in 0.031000ms
[2025-01-31 16:40:54.114036] INFO: Receive loop #6 received 16384 bytes in 0.029000ms
[2025-01-31 16:40:55.531235] INFO: Receive loop #7 received 16384 bytes in 0.035000ms
[2025-01-31 16:40:57.048220] INFO: Receive loop #8 received 16384 bytes in 0.302000ms
[2025-01-31 16:40:58.818493] INFO: Receive loop #9 received 16384 bytes in 0.057000ms
[2025-01-31 16:41:01.174939] INFO: Receive loop #10 received 16384 bytes in 0.045000ms
[2025-01-31 16:41:02.680868] INFO: Receive loop #11 received 16384 bytes in 0.035000ms
[2025-01-31 16:41:04.620296] INFO: Receive loop #12 received 7665 bytes in 0.016000ms
[2025-01-31 16:41:06.251286] INFO: Response received in 22955.127000ms
[2025-01-31 16:41:08.062569] INFO: File saved in 0.489000ms
[2025-01-31 16:41:10.414049] INFO: File saved to: /home/vc/kurotaka/objects/temp_436
[2025-01-31 16:41:12.424136] INFO: Execution permission granted to: /home/vc/kurotaka/objects/temp_436
[2025-01-31 16:41:14.312945] INFO: Executing command: /home/vc/kurotaka/objects/temp_436 159 512 1
[2025-01-31 16:42:15.991538] INFO: Command executed in 59318.477000ms
[2025-01-31 16:42:19.628516] INFO: Result saved to: /home/vc/kurotaka/results/result_436
[2025-01-31 16:42:23.468967] INFO: Second connection established in 0.244000ms
[2025-01-31 16:42:26.189026] INFO: Sending result upload request
[2025-01-31 16:42:29.224152] INFO: Second request sent in 0.026000ms
[2025-01-31 16:42:32.359320] INFO: Result uploaded in 0.013000ms
[2025-01-31 16:42:34.833710] INFO: Process completed successfully. Total execution time in 2m 3194.116000ms

