
[2025-01-31 16:40:32.530519] INFO: Process started with ID: 365
[2025-01-31 16:40:33.558842] INFO: First connection established in 0.228000ms
[2025-01-31 16:40:34.090708] INFO: Sending request: GET /http_server/send-object.php?ID=365 HTTP/1.1
Host: 192.168.100.3
Connection: close


[2025-01-31 16:40:35.112434] INFO: First request sent in 0.030000ms
[2025-01-31 16:40:36.548174] INFO: Time from request to first response in 0.036000ms
[2025-01-31 16:40:37.321175] INFO: Received headers - MPI-Rank: 73, Group-ID: 1, Job-ID: 1, Sub-Job-ID: 74, Rank-Count: 512
[2025-01-31 16:40:38.212387] INFO: Receive loop #1 received 16384 bytes in 1898.150000ms
[2025-01-31 16:40:38.884139] INFO: Receive loop #2 received 16384 bytes in 0.075000ms
[2025-01-31 16:40:39.706631] INFO: Receive loop #3 received 16384 bytes in 0.099000ms
[2025-01-31 16:40:40.597719] INFO: Receive loop #4 received 16384 bytes in 0.121000ms
[2025-01-31 16:40:42.693455] INFO: Receive loop #5 received 16384 bytes in 0.030000ms
[2025-01-31 16:40:44.127017] INFO: Receive loop #6 received 16384 bytes in 0.032000ms
[2025-01-31 16:40:45.726548] INFO: Receive loop #7 received 16384 bytes in 0.030000ms
[2025-01-31 16:40:47.986870] INFO: Receive loop #8 received 16384 bytes in 0.248000ms
[2025-01-31 16:40:49.702735] INFO: Receive loop #9 received 16384 bytes in 0.031000ms
[2025-01-31 16:40:50.823530] INFO: Receive loop #10 received 16384 bytes in 0.013000ms
[2025-01-31 16:40:52.222240] INFO: Receive loop #11 received 16384 bytes in 0.032000ms
[2025-01-31 16:40:53.559561] INFO: Receive loop #12 received 7663 bytes in 0.019000ms
[2025-01-31 16:40:54.862536] INFO: Response received in 18302.523000ms
[2025-01-31 16:40:56.468947] INFO: File saved in 0.512000ms
[2025-01-31 16:40:58.042090] INFO: File saved to: /home/vc/kurotaka/objects/temp_365
[2025-01-31 16:40:59.921117] INFO: Execution permission granted to: /home/vc/kurotaka/objects/temp_365
[2025-01-31 16:41:01.220751] INFO: Executing command: /home/vc/kurotaka/objects/temp_365 73 512 1
[2025-01-31 16:42:23.488210] INFO: Command executed in 1m 19850.392000ms
[2025-01-31 16:42:25.655176] INFO: Result saved to: /home/vc/kurotaka/results/result_365
[2025-01-31 16:42:28.345822] INFO: Second connection established in 0.227000ms
[2025-01-31 16:42:31.144857] INFO: Sending result upload request
[2025-01-31 16:42:34.644318] INFO: Second request sent in 0.004000ms
[2025-01-31 16:42:36.727634] INFO: Result uploaded in 0.011000ms
[2025-01-31 16:42:37.522096] INFO: Process completed successfully. Total execution time in 2m 6614.654000ms

