
[2025-01-31 16:40:33.992500] INFO: Process started with ID: 161
[2025-01-31 16:40:35.011839] INFO: First connection established in 0.213000ms
[2025-01-31 16:40:36.525822] INFO: Sending request: GET /http_server/send-object.php?ID=161 HTTP/1.1
Host: 192.168.100.3
Connection: close


[2025-01-31 16:40:37.259990] INFO: First request sent in 0.037000ms
[2025-01-31 16:40:38.185535] INFO: Time from request to first response in 0.031000ms
[2025-01-31 16:40:38.770821] INFO: Received headers - MPI-Rank: 99, Group-ID: 1, Job-ID: 1, Sub-Job-ID: 100, Rank-Count: 512
[2025-01-31 16:40:39.523612] INFO: Receive loop #1 received 16384 bytes in 1257.754000ms
[2025-01-31 16:40:40.363517] INFO: Receive loop #2 received 16384 bytes in 0.067000ms
[2025-01-31 16:40:42.321099] INFO: Receive loop #3 received 16384 bytes in 0.094000ms
[2025-01-31 16:40:43.677242] INFO: Receive loop #4 received 16384 bytes in 0.111000ms
[2025-01-31 16:40:45.283467] INFO: Receive loop #5 received 16384 bytes in 0.036000ms
[2025-01-31 16:40:47.700347] INFO: Receive loop #6 received 16384 bytes in 0.064000ms
[2025-01-31 16:40:49.240636] INFO: Receive loop #7 received 16384 bytes in 0.029000ms
[2025-01-31 16:40:50.576890] INFO: Receive loop #8 received 16384 bytes in 0.266000ms
[2025-01-31 16:40:52.096343] INFO: Receive loop #9 received 16384 bytes in 0.075000ms
[2025-01-31 16:40:53.470239] INFO: Receive loop #10 received 16384 bytes in 0.007000ms
[2025-01-31 16:40:54.779095] INFO: Receive loop #11 received 16384 bytes in 0.037000ms
[2025-01-31 16:40:56.350326] INFO: Receive loop #12 received 7664 bytes in 0.019000ms
[2025-01-31 16:40:57.794489] INFO: Response received in 19361.923000ms
[2025-01-31 16:40:59.617285] INFO: File saved in 0.711000ms
[2025-01-31 16:41:01.175814] INFO: File saved to: /home/vc/kurotaka/objects/temp_161
[2025-01-31 16:41:02.704184] INFO: Execution permission granted to: /home/vc/kurotaka/objects/temp_161
[2025-01-31 16:41:04.675561] INFO: Executing command: /home/vc/kurotaka/objects/temp_161 99 512 1
[2025-01-31 16:42:08.398209] INFO: Command executed in 1m 1715.770000ms
[2025-01-31 16:42:10.864056] INFO: Result saved to: /home/vc/kurotaka/results/result_161
[2025-01-31 16:42:12.621947] INFO: Second connection established in 0.276000ms
[2025-01-31 16:42:15.411249] INFO: Sending result upload request
[2025-01-31 16:42:18.090599] INFO: Second request sent in 0.022000ms
[2025-01-31 16:42:21.794391] INFO: Result uploaded in 0.056000ms
[2025-01-31 16:42:25.207004] INFO: Process completed successfully. Total execution time in 1m 53575.846000ms

