
[2025-01-31 16:41:04.618942] INFO: Process started with ID: 109
[2025-01-31 16:41:06.250719] INFO: First connection established in 0.187000ms
[2025-01-31 16:41:08.003538] INFO: Sending request: GET /http_server/send-object.php?ID=109 HTTP/1.1
Host: 192.168.100.3
Connection: close


[2025-01-31 16:41:10.302388] INFO: First request sent in 0.042000ms
[2025-01-31 16:41:12.396650] INFO: Time from request to first response in 0.032000ms
[2025-01-31 16:41:14.258817] INFO: Received headers - MPI-Rank: 369, Group-ID: 1, Job-ID: 1, Sub-Job-ID: 370, Rank-Count: 512
[2025-01-31 16:41:16.019949] INFO: Receive loop #1 received 16384 bytes in 3709.936000ms
[2025-01-31 16:41:18.035508] INFO: Receive loop #2 received 16384 bytes in 0.019000ms
[2025-01-31 16:41:20.143902] INFO: Receive loop #3 received 16384 bytes in 0.078000ms
[2025-01-31 16:41:22.163803] INFO: Receive loop #4 received 16384 bytes in 0.101000ms
[2025-01-31 16:41:23.685430] INFO: Receive loop #5 received 16384 bytes in 0.039000ms
[2025-01-31 16:41:25.033790] INFO: Receive loop #6 received 16384 bytes in 0.035000ms
[2025-01-31 16:41:26.585306] INFO: Receive loop #7 received 16384 bytes in 0.029000ms
[2025-01-31 16:41:27.930777] INFO: Receive loop #8 received 16384 bytes in 0.244000ms
[2025-01-31 16:41:29.461208] INFO: Receive loop #9 received 16384 bytes in 0.029000ms
[2025-01-31 16:41:30.607753] INFO: Receive loop #10 received 16384 bytes in 0.036000ms
[2025-01-31 16:41:32.171361] INFO: Receive loop #11 received 16384 bytes in 0.063000ms
[2025-01-31 16:41:33.882535] INFO: Receive loop #12 received 7665 bytes in 0.019000ms
[2025-01-31 16:41:35.688920] INFO: Response received in 23098.084000ms
[2025-01-31 16:41:37.751543] INFO: File saved in 0.466000ms
[2025-01-31 16:41:38.826832] INFO: File saved to: /home/vc/kurotaka/objects/temp_109
[2025-01-31 16:41:40.224728] INFO: Execution permission granted to: /home/vc/kurotaka/objects/temp_109
[2025-01-31 16:41:41.200594] INFO: Executing command: /home/vc/kurotaka/objects/temp_109 369 512 1
[2025-01-31 16:42:11.602015] INFO: Command executed in 29185.856000ms
[2025-01-31 16:42:14.411899] INFO: Result saved to: /home/vc/kurotaka/results/result_109
[2025-01-31 16:42:17.201693] INFO: Second connection established in 0.263000ms
[2025-01-31 16:42:20.888774] INFO: Sending result upload request
[2025-01-31 16:42:24.267442] INFO: Second request sent in 0.028000ms
[2025-01-31 16:42:27.002898] INFO: Result uploaded in 0.059000ms
[2025-01-31 16:42:29.451944] INFO: Process completed successfully. Total execution time in 1m 57932.708000ms

