
[2025-01-31 16:41:10.414124] INFO: Process started with ID: 83
[2025-01-31 16:41:12.439444] INFO: First connection established in 0.217000ms
[2025-01-31 16:41:14.299916] INFO: Sending request: GET /http_server/send-object.php?ID=83 HTTP/1.1
Host: 192.168.100.3
Connection: close


[2025-01-31 16:41:16.203743] INFO: First request sent in 0.020000ms
[2025-01-31 16:41:18.153159] INFO: Time from request to first response in 0.036000ms
[2025-01-31 16:41:20.250974] INFO: Received headers - MPI-Rank: 411, Group-ID: 1, Job-ID: 1, Sub-Job-ID: 412, Rank-Count: 512
[2025-01-31 16:41:22.288151] INFO: Receive loop #1 received 16384 bytes in 3981.731000ms
[2025-01-31 16:41:23.761392] INFO: Receive loop #2 received 16384 bytes in 0.015000ms
[2025-01-31 16:41:25.037027] INFO: Receive loop #3 received 16384 bytes in 0.047000ms
[2025-01-31 16:41:26.586351] INFO: Receive loop #4 received 16384 bytes in 0.124000ms
[2025-01-31 16:41:27.931944] INFO: Receive loop #5 received 16384 bytes in 0.036000ms
[2025-01-31 16:41:29.491364] INFO: Receive loop #6 received 16384 bytes in 0.037000ms
[2025-01-31 16:41:30.673060] INFO: Receive loop #7 received 16384 bytes in 0.029000ms
[2025-01-31 16:41:32.288361] INFO: Receive loop #8 received 16384 bytes in 0.258000ms
[2025-01-31 16:41:33.997363] INFO: Receive loop #9 received 16384 bytes in 0.029000ms
[2025-01-31 16:41:35.823444] INFO: Receive loop #10 received 16384 bytes in 0.032000ms
[2025-01-31 16:41:37.766262] INFO: Receive loop #11 received 16384 bytes in 0.005000ms
[2025-01-31 16:41:38.827112] INFO: Receive loop #12 received 7665 bytes in 0.004000ms
[2025-01-31 16:41:39.830438] INFO: Response received in 21476.557000ms
[2025-01-31 16:41:40.610485] INFO: File saved in 0.505000ms
[2025-01-31 16:41:41.333622] INFO: File saved to: /home/vc/kurotaka/objects/temp_83
[2025-01-31 16:41:42.648619] INFO: Execution permission granted to: /home/vc/kurotaka/objects/temp_83
[2025-01-31 16:41:44.363695] INFO: Executing command: /home/vc/kurotaka/objects/temp_83 411 512 1
[2025-01-31 16:42:08.482222] INFO: Command executed in 23225.591000ms
[2025-01-31 16:42:09.789516] INFO: Result saved to: /home/vc/kurotaka/results/result_83
[2025-01-31 16:42:11.994922] INFO: Second connection established in 0.284000ms
[2025-01-31 16:42:14.755284] INFO: Sending result upload request
[2025-01-31 16:42:17.481559] INFO: Second request sent in 0.027000ms
[2025-01-31 16:42:21.085672] INFO: Result uploaded in 0.059000ms
[2025-01-31 16:42:24.550303] INFO: Process completed successfully. Total execution time in 1m 52983.894000ms

