
[2025-01-31 16:40:51.223811] INFO: Process started with ID: 344
[2025-01-31 16:40:52.680306] INFO: First connection established in 0.194000ms
[2025-01-31 16:40:53.988559] INFO: Sending request: GET /http_server/send-object.php?ID=344 HTTP/1.1
Host: 192.168.100.3
Connection: close


[2025-01-31 16:40:55.393426] INFO: First request sent in 0.033000ms
[2025-01-31 16:40:56.931755] INFO: Time from request to first response in 0.032000ms
[2025-01-31 16:40:58.636668] INFO: Received headers - MPI-Rank: 269, Group-ID: 1, Job-ID: 1, Sub-Job-ID: 270, Rank-Count: 512
[2025-01-31 16:41:00.463946] INFO: Receive loop #1 received 16384 bytes in 3388.280000ms
[2025-01-31 16:41:02.011339] INFO: Receive loop #2 received 16384 bytes in 0.011000ms
[2025-01-31 16:41:03.576626] INFO: Receive loop #3 received 16384 bytes in 0.019000ms
[2025-01-31 16:41:05.587610] INFO: Receive loop #4 received 16384 bytes in 0.020000ms
[2025-01-31 16:41:07.573759] INFO: Receive loop #5 received 16384 bytes in 0.035000ms
[2025-01-31 16:41:10.003229] INFO: Receive loop #6 received 16384 bytes in 0.030000ms
[2025-01-31 16:41:12.259474] INFO: Receive loop #7 received 16384 bytes in 0.030000ms
[2025-01-31 16:41:14.167952] INFO: Receive loop #8 received 16384 bytes in 0.252000ms
[2025-01-31 16:41:15.963863] INFO: Receive loop #9 received 16384 bytes in 0.031000ms
[2025-01-31 16:41:18.003757] INFO: Receive loop #10 received 16384 bytes in 0.005000ms
[2025-01-31 16:41:20.143672] INFO: Receive loop #11 received 16384 bytes in 0.031000ms
[2025-01-31 16:41:22.163340] INFO: Receive loop #12 received 7665 bytes in 0.019000ms
[2025-01-31 16:41:23.644246] INFO: Response received in 26792.306000ms
[2025-01-31 16:41:25.032193] INFO: File saved in 0.158000ms
[2025-01-31 16:41:26.584547] INFO: File saved to: /home/vc/kurotaka/objects/temp_344
[2025-01-31 16:41:28.441766] INFO: Execution permission granted to: /home/vc/kurotaka/objects/temp_344
[2025-01-31 16:41:29.564104] INFO: Executing command: /home/vc/kurotaka/objects/temp_344 269 512 1
[2025-01-31 16:42:20.246450] INFO: Command executed in 49124.598000ms
[2025-01-31 16:42:21.739497] INFO: Result saved to: /home/vc/kurotaka/results/result_344
[2025-01-31 16:42:24.389993] INFO: Second connection established in 0.267000ms
[2025-01-31 16:42:26.876332] INFO: Sending result upload request
[2025-01-31 16:42:29.336453] INFO: Second request sent in 0.030000ms
[2025-01-31 16:42:32.678163] INFO: Result uploaded in 0.011000ms
[2025-01-31 16:42:35.700352] INFO: Process completed successfully. Total execution time in 2m 4175.732000ms

