
[2025-01-31 17:16:44] Program started at 2025-01-31 17:16:44.359
[2025-01-31 17:16:44] [getClientID] MySQL connection established. Execution time: 0.755 ms
[2025-01-31 17:16:44] [getClientID] SELECT table_name FROM table_registry WHERE id = :job_id / Execution time: 0.385 ms
[2025-01-31 17:16:44] [getClientID] SELECT client FROM `matrix` WHERE id = :sub_job_id / Execution time: 0.228 ms
[2025-01-31 17:16:44] getClientID completed. Execution time: 1.580 ms
[2025-01-31 17:16:44] Read file completed. Execution time: 0.014 ms
[2025-01-31 17:16:44] File saved successfully: uploads/job_1/group_1/result_94
[2025-01-31 17:16:44] [updateStatus] MySQL connection established. Execution time: 0.122 ms
[2025-01-31 17:16:44] [updateStatus] SELECT table_name FROM table_registry WHERE id = :job_id FOR UPDATE / Execution time: 353.130 ms
[2025-01-31 17:16:44] [updateStatus] UPDATE `matrix` SET status = :status WHERE id = :sub_job_id / Execution time: 0.382 ms
[2025-01-31 17:16:44] [updateStatus] SELECT COUNT_RECORDS FROM `matrix` / Execution time: 0.507 ms
[2025-01-31 17:16:44] [updateStatus] UPDATE table_registry SET status = :status WHERE id = :job_id / Execution time: 0.166 ms
[2025-01-31 17:16:44] updateStatus completed. Execution time: 455.481 ms
[2025-01-31 17:16:44] Write file completed. Execution time: 455.812 ms
[2025-01-31 17:16:44] [getGroupStatus] MySQL connection established. Execution time: 0.103 ms
[2025-01-31 17:16:44] [getGroupStatus] SELECT table_name FROM table_registry WHERE id = :job_id / Execution time: 0.366 ms
[2025-01-31 17:16:44] [getGroupStatus] SELECT status FROM `matrix` WHERE group_id = :group_id / Execution time: 1.771 ms
[2025-01-31 17:16:44] getGroupStatus completed. Execution time: 2.703 ms
[2025-01-31 17:16:44] Group 1 is not completed yet.
[2025-01-31 17:16:44] Program completed. Total execution time: 463.105 ms

