
[2025-01-31 17:44:52.205617] INFO: Process started with ID: 31
[2025-01-31 17:44:52.535671] INFO: First connection established in 0.199000ms
[2025-01-31 17:44:52.881505] INFO: Sending request: GET /http_server/send-object.php?ID=31 HTTP/1.1
Host: 192.168.100.3
Connection: close


[2025-01-31 17:44:53.259450] INFO: First request sent in 0.033000ms
[2025-01-31 17:44:53.650661] INFO: Time from request to first response in 0.032000ms
[2025-01-31 17:44:53.961960] INFO: Received headers - MPI-Rank: 48, Group-ID: 1, Job-ID: 1, Sub-Job-ID: 49, Rank-Count: 64
[2025-01-31 17:44:54.193073] INFO: Receive loop #1 received 16384 bytes in 620.474000ms
[2025-01-31 17:44:54.557273] INFO: Receive loop #2 received 16384 bytes in 0.072000ms
[2025-01-31 17:44:54.887085] INFO: Receive loop #3 received 16384 bytes in 0.080000ms
[2025-01-31 17:44:55.262068] INFO: Receive loop #4 received 16384 bytes in 0.131000ms
[2025-01-31 17:44:55.684826] INFO: Receive loop #5 received 16384 bytes in 0.034000ms
[2025-01-31 17:44:56.228951] INFO: Receive loop #6 received 16384 bytes in 0.029000ms
[2025-01-31 17:44:56.503760] INFO: Receive loop #7 received 16384 bytes in 0.028000ms
[2025-01-31 17:44:56.686322] INFO: Receive loop #8 received 16384 bytes in 0.245000ms
[2025-01-31 17:44:56.955352] INFO: Receive loop #9 received 16384 bytes in 0.044000ms
[2025-01-31 17:44:57.216446] INFO: Receive loop #10 received 16384 bytes in 0.039000ms
[2025-01-31 17:44:57.568213] INFO: Receive loop #11 received 16384 bytes in 0.031000ms
[2025-01-31 17:44:57.925974] INFO: Receive loop #12 received 7662 bytes in 0.010000ms
[2025-01-31 17:44:58.200821] INFO: Response received in 4629.141000ms
[2025-01-31 17:44:58.465065] INFO: File saved in 0.600000ms
[2025-01-31 17:44:58.674537] INFO: File saved to: /home/vc/kurotaka/objects/temp_31
[2025-01-31 17:44:59.041382] INFO: Execution permission granted to: /home/vc/kurotaka/objects/temp_31
[2025-01-31 17:44:59.244333] INFO: Executing command: /home/vc/kurotaka/objects/temp_31 48 64 1
[2025-01-31 17:45:01.547549] INFO: Command executed in 2062.499000ms
[2025-01-31 17:45:01.911725] INFO: Result saved to: /home/vc/kurotaka/results/result_31
[2025-01-31 17:45:02.182180] INFO: Second connection established in 0.205000ms
[2025-01-31 17:45:02.463429] INFO: Sending result upload request
[2025-01-31 17:45:02.763355] INFO: Second request sent in 0.026000ms
[2025-01-31 17:45:03.039477] INFO: Result uploaded in 0.078000ms
[2025-01-31 17:45:03.432626] INFO: Process completed successfully. Total execution time in 11604.569000ms

