
[2025-01-31 17:44:52.436308] INFO: Process started with ID: 42
[2025-01-31 17:44:52.798618] INFO: First connection established in 0.232000ms
[2025-01-31 17:44:53.176135] INFO: Sending request: GET /http_server/send-object.php?ID=42 HTTP/1.1
Host: 192.168.100.3
Connection: close


[2025-01-31 17:44:53.595723] INFO: First request sent in 0.008000ms
[2025-01-31 17:44:53.961935] INFO: Time from request to first response in 0.034000ms
[2025-01-31 17:44:54.164494] INFO: Received headers - MPI-Rank: 60, Group-ID: 1, Job-ID: 1, Sub-Job-ID: 61, Rank-Count: 64
[2025-01-31 17:44:54.440326] INFO: Receive loop #1 received 16384 bytes in 475.713000ms
[2025-01-31 17:44:54.797935] INFO: Receive loop #2 received 16384 bytes in 0.077000ms
[2025-01-31 17:44:55.174847] INFO: Receive loop #3 received 16384 bytes in 0.030000ms
[2025-01-31 17:44:55.551338] INFO: Receive loop #4 received 16384 bytes in 0.141000ms
[2025-01-31 17:44:56.059865] INFO: Receive loop #5 received 16384 bytes in 0.030000ms
[2025-01-31 17:44:56.368777] INFO: Receive loop #6 received 16384 bytes in 0.030000ms
[2025-01-31 17:44:56.579559] INFO: Receive loop #7 received 16384 bytes in 0.036000ms
[2025-01-31 17:44:56.824913] INFO: Receive loop #8 received 16384 bytes in 0.323000ms
[2025-01-31 17:44:57.059669] INFO: Receive loop #9 received 16384 bytes in 0.029000ms
[2025-01-31 17:44:57.393129] INFO: Receive loop #10 received 16384 bytes in 0.035000ms
[2025-01-31 17:44:57.801121] INFO: Receive loop #11 received 16384 bytes in 0.031000ms
[2025-01-31 17:44:58.118546] INFO: Receive loop #12 received 7662 bytes in 0.019000ms
[2025-01-31 17:44:58.326291] INFO: Response received in 4359.319000ms
[2025-01-31 17:44:58.595947] INFO: File saved in 0.457000ms
[2025-01-31 17:44:58.799141] INFO: File saved to: /home/vc/kurotaka/objects/temp_42
[2025-01-31 17:44:59.195561] INFO: Execution permission granted to: /home/vc/kurotaka/objects/temp_42
[2025-01-31 17:44:59.281758] INFO: Executing command: /home/vc/kurotaka/objects/temp_42 60 64 1
[2025-01-31 17:45:01.965932] INFO: Command executed in 2516.495000ms
[2025-01-31 17:45:02.182485] INFO: Result saved to: /home/vc/kurotaka/results/result_42
[2025-01-31 17:45:02.444555] INFO: Second connection established in 0.212000ms
[2025-01-31 17:45:02.715084] INFO: Sending result upload request
[2025-01-31 17:45:02.970995] INFO: Second request sent in 0.028000ms
[2025-01-31 17:45:03.267458] INFO: Result uploaded in 0.047000ms
[2025-01-31 17:45:03.610516] INFO: Process completed successfully. Total execution time in 11837.308000ms

