
[2025-01-23 15:03:39] Program started at 2025-01-23 15:03:39.000000
[2025-01-23 15:03:39] [getClientID] MySQL connection established. Execution time: 0.607 ms
[2025-01-23 15:03:39] [getClientID] SELECT table_name FROM table_registry WHERE id = :job_id / Execution time: 0.214 ms
[2025-01-23 15:03:39] [getClientID] SELECT client FROM `matrix` WHERE id = :sub_job_id / Execution time: 0.124 ms
[2025-01-23 15:03:39] getClientID completed. Execution time: 1.170 ms
[2025-01-23 15:03:39] Read file completed. Execution time: 0.011 ms
[2025-01-23 15:03:39] File saved successfully: uploads/job_1/group_1/result_3
[2025-01-23 15:03:39] [updateStatus] MySQL connection established. Execution time: 0.060 ms
[2025-01-23 15:03:39] [updateStatus] SELECT table_name FROM table_registry WHERE id = :job_id FOR UPDATE / Execution time: 0.098 ms
[2025-01-23 15:03:39] [updateStatus] UPDATE `matrix` SET status = :status WHERE id = :sub_job_id / Execution time: 0.112 ms
[2025-01-23 15:03:39] [updateStatus] SELECT COUNT_RECORDS FROM `matrix` / Execution time: 0.136 ms
[2025-01-23 15:03:39] [updateStatus] UPDATE table_registry SET status = :status WHERE id = :job_id / Execution time: 0.083 ms
[2025-01-23 15:03:39] updateStatus completed. Execution time: 106.825 ms
[2025-01-23 15:03:39] Write file completed. Execution time: 107.098 ms
[2025-01-23 15:03:39] [getGroupStatus] MySQL connection established. Execution time: 0.078 ms
[2025-01-23 15:03:39] [getGroupStatus] SELECT table_name FROM table_registry WHERE id = :job_id / Execution time: 0.240 ms
[2025-01-23 15:03:39] [getGroupStatus] SELECT status FROM `matrix` WHERE group_id = :group_id / Execution time: 0.246 ms
[2025-01-23 15:03:39] getGroupStatus completed. Execution time: 0.749 ms
[2025-01-23 15:03:39] Group 1 is not completed yet.
[2025-01-23 15:03:39] Program completed. Total execution time: 111.977 ms

