
[2025-01-31 17:12:08] Program started at 2025-01-31 17:12:08.7628
[2025-01-31 17:12:08] [getClientID] MySQL connection established. Execution time: 0.324 ms
[2025-01-31 17:12:08] [getClientID] SELECT table_name FROM table_registry WHERE id = :job_id / Execution time: 0.394 ms
[2025-01-31 17:12:08] [getClientID] SELECT client FROM `matrix` WHERE id = :sub_job_id / Execution time: 0.247 ms
[2025-01-31 17:12:08] getClientID completed. Execution time: 1.239 ms
[2025-01-31 17:12:08] Read file completed. Execution time: 0.016 ms
[2025-01-31 17:12:08] File saved successfully: uploads/job_1/group_1/result_498
[2025-01-31 17:12:08] [updateStatus] MySQL connection established. Execution time: 0.118 ms
[2025-01-31 17:12:08] [updateStatus] SELECT table_name FROM table_registry WHERE id = :job_id FOR UPDATE / Execution time: 2.343 ms
[2025-01-31 17:12:08] [updateStatus] UPDATE `matrix` SET status = :status WHERE id = :sub_job_id / Execution time: 0.197 ms
[2025-01-31 17:12:08] [updateStatus] SELECT COUNT_RECORDS FROM `matrix` / Execution time: 0.461 ms
[2025-01-31 17:12:08] [updateStatus] UPDATE table_registry SET status = :status WHERE id = :job_id / Execution time: 0.109 ms
[2025-01-31 17:12:08] updateStatus completed. Execution time: 66.375 ms
[2025-01-31 17:12:08] Write file completed. Execution time: 66.760 ms
[2025-01-31 17:12:08] [getGroupStatus] MySQL connection established. Execution time: 0.086 ms
[2025-01-31 17:12:08] [getGroupStatus] SELECT table_name FROM table_registry WHERE id = :job_id / Execution time: 0.321 ms
[2025-01-31 17:12:08] [getGroupStatus] SELECT status FROM `matrix` WHERE group_id = :group_id / Execution time: 1.599 ms
[2025-01-31 17:12:08] getGroupStatus completed. Execution time: 2.256 ms
[2025-01-31 17:12:08] Group 1 is not completed yet.
[2025-01-31 17:12:08] Program completed. Total execution time: 72.964 ms

