
[2025-01-31 17:11:56] Program started at 2025-01-31 17:11:56.563
[2025-01-31 17:11:56] [getClientID] MySQL connection established. Execution time: 0.460 ms
[2025-01-31 17:11:56] [getClientID] SELECT table_name FROM table_registry WHERE id = :job_id / Execution time: 0.335 ms
[2025-01-31 17:11:56] [getClientID] SELECT client FROM `matrix` WHERE id = :sub_job_id / Execution time: 0.208 ms
[2025-01-31 17:11:56] getClientID completed. Execution time: 1.203 ms
[2025-01-31 17:11:56] Read file completed. Execution time: 0.013 ms
[2025-01-31 17:11:56] File saved successfully: uploads/job_1/group_1/result_424
[2025-01-31 17:11:56] [updateStatus] MySQL connection established. Execution time: 0.133 ms
[2025-01-31 17:11:56] [updateStatus] SELECT table_name FROM table_registry WHERE id = :job_id FOR UPDATE / Execution time: 2.512 ms
[2025-01-31 17:11:56] [updateStatus] UPDATE `matrix` SET status = :status WHERE id = :sub_job_id / Execution time: 0.333 ms
[2025-01-31 17:11:56] [updateStatus] SELECT COUNT_RECORDS FROM `matrix` / Execution time: 0.869 ms
[2025-01-31 17:11:56] [updateStatus] UPDATE table_registry SET status = :status WHERE id = :job_id / Execution time: 0.171 ms
[2025-01-31 17:11:56] updateStatus completed. Execution time: 6.827 ms
[2025-01-31 17:11:56] Write file completed. Execution time: 7.130 ms
[2025-01-31 17:11:56] [getGroupStatus] MySQL connection established. Execution time: 0.067 ms
[2025-01-31 17:11:56] [getGroupStatus] SELECT table_name FROM table_registry WHERE id = :job_id / Execution time: 0.261 ms
[2025-01-31 17:11:56] [getGroupStatus] SELECT status FROM `matrix` WHERE group_id = :group_id / Execution time: 1.037 ms
[2025-01-31 17:11:56] getGroupStatus completed. Execution time: 1.468 ms
[2025-01-31 17:11:56] Group 1 is not completed yet.
[2025-01-31 17:11:56] Program completed. Total execution time: 12.754 ms

