
[2025-01-31 17:12:06] Program started at 2025-01-31 17:12:06.625
[2025-01-31 17:12:06] [getClientID] MySQL connection established. Execution time: 0.196 ms
[2025-01-31 17:12:06] [getClientID] SELECT table_name FROM table_registry WHERE id = :job_id / Execution time: 0.358 ms
[2025-01-31 17:12:06] [getClientID] SELECT client FROM `matrix` WHERE id = :sub_job_id / Execution time: 0.259 ms
[2025-01-31 17:12:06] getClientID completed. Execution time: 0.997 ms
[2025-01-31 17:12:06] Read file completed. Execution time: 0.014 ms
[2025-01-31 17:12:06] File saved successfully: uploads/job_1/group_1/result_510
[2025-01-31 17:12:06] [updateStatus] MySQL connection established. Execution time: 0.116 ms
[2025-01-31 17:12:06] [updateStatus] SELECT table_name FROM table_registry WHERE id = :job_id FOR UPDATE / Execution time: 1.886 ms
[2025-01-31 17:12:06] [updateStatus] UPDATE `matrix` SET status = :status WHERE id = :sub_job_id / Execution time: 0.292 ms
[2025-01-31 17:12:06] [updateStatus] SELECT COUNT_RECORDS FROM `matrix` / Execution time: 0.969 ms
[2025-01-31 17:12:06] [updateStatus] UPDATE table_registry SET status = :status WHERE id = :job_id / Execution time: 0.190 ms
[2025-01-31 17:12:06] updateStatus completed. Execution time: 46.355 ms
[2025-01-31 17:12:06] Write file completed. Execution time: 46.726 ms
[2025-01-31 17:12:06] [getGroupStatus] MySQL connection established. Execution time: 0.066 ms
[2025-01-31 17:12:06] [getGroupStatus] SELECT table_name FROM table_registry WHERE id = :job_id / Execution time: 0.192 ms
[2025-01-31 17:12:06] [getGroupStatus] SELECT status FROM `matrix` WHERE group_id = :group_id / Execution time: 1.418 ms
[2025-01-31 17:12:06] getGroupStatus completed. Execution time: 2.039 ms
[2025-01-31 17:12:06] Group 1 is not completed yet.
[2025-01-31 17:12:06] Program completed. Total execution time: 52.561 ms

