
[2025-01-31 17:12:14] Program started at 2025-01-31 17:12:14.8401
[2025-01-31 17:12:14] [getClientID] MySQL connection established. Execution time: 0.310 ms
[2025-01-31 17:12:14] [getClientID] SELECT table_name FROM table_registry WHERE id = :job_id / Execution time: 0.418 ms
[2025-01-31 17:12:14] [getClientID] SELECT client FROM `matrix` WHERE id = :sub_job_id / Execution time: 0.324 ms
[2025-01-31 17:12:14] getClientID completed. Execution time: 1.234 ms
[2025-01-31 17:12:14] Read file completed. Execution time: 0.015 ms
[2025-01-31 17:12:14] File saved successfully: uploads/job_1/group_1/result_246
[2025-01-31 17:12:14] [updateStatus] MySQL connection established. Execution time: 0.190 ms
[2025-01-31 17:12:14] [updateStatus] SELECT table_name FROM table_registry WHERE id = :job_id FOR UPDATE / Execution time: 3.308 ms
[2025-01-31 17:12:14] [updateStatus] UPDATE `matrix` SET status = :status WHERE id = :sub_job_id / Execution time: 0.244 ms
[2025-01-31 17:12:14] [updateStatus] SELECT COUNT_RECORDS FROM `matrix` / Execution time: 0.906 ms
[2025-01-31 17:12:14] [updateStatus] UPDATE table_registry SET status = :status WHERE id = :job_id / Execution time: 0.160 ms
[2025-01-31 17:12:15] updateStatus completed. Execution time: 361.565 ms
[2025-01-31 17:12:15] Write file completed. Execution time: 462.652 ms
[2025-01-31 17:12:15] [getGroupStatus] MySQL connection established. Execution time: 0.092 ms
[2025-01-31 17:12:15] [getGroupStatus] SELECT table_name FROM table_registry WHERE id = :job_id / Execution time: 0.290 ms
[2025-01-31 17:12:15] [getGroupStatus] SELECT status FROM `matrix` WHERE group_id = :group_id / Execution time: 2.433 ms
[2025-01-31 17:12:15] getGroupStatus completed. Execution time: 3.029 ms
[2025-01-31 17:12:15] Group 1 is not completed yet.
[2025-01-31 17:12:15] Program completed. Total execution time: 468.237 ms

