
[2025-01-31 17:12:09] Program started at 2025-01-31 17:12:09.029
[2025-01-31 17:12:09] [getClientID] MySQL connection established. Execution time: 0.639 ms
[2025-01-31 17:12:09] [getClientID] SELECT table_name FROM table_registry WHERE id = :job_id / Execution time: 0.638 ms
[2025-01-31 17:12:09] [getClientID] SELECT client FROM `matrix` WHERE id = :sub_job_id / Execution time: 0.263 ms
[2025-01-31 17:12:09] getClientID completed. Execution time: 1.840 ms
[2025-01-31 17:12:09] Read file completed. Execution time: 0.011 ms
[2025-01-31 17:12:09] File saved successfully: uploads/job_1/group_1/result_363
[2025-01-31 17:12:09] [updateStatus] MySQL connection established. Execution time: 0.107 ms
[2025-01-31 17:12:09] [updateStatus] SELECT table_name FROM table_registry WHERE id = :job_id FOR UPDATE / Execution time: 1.109 ms
[2025-01-31 17:12:09] [updateStatus] UPDATE `matrix` SET status = :status WHERE id = :sub_job_id / Execution time: 0.252 ms
[2025-01-31 17:12:09] [updateStatus] SELECT COUNT_RECORDS FROM `matrix` / Execution time: 0.846 ms
[2025-01-31 17:12:09] [updateStatus] UPDATE table_registry SET status = :status WHERE id = :job_id / Execution time: 0.155 ms
[2025-01-31 17:12:09] updateStatus completed. Execution time: 5.215 ms
[2025-01-31 17:12:09] Write file completed. Execution time: 5.501 ms
[2025-01-31 17:12:09] [getGroupStatus] MySQL connection established. Execution time: 0.092 ms
[2025-01-31 17:12:09] [getGroupStatus] SELECT table_name FROM table_registry WHERE id = :job_id / Execution time: 0.265 ms
[2025-01-31 17:12:09] [getGroupStatus] SELECT status FROM `matrix` WHERE group_id = :group_id / Execution time: 1.040 ms
[2025-01-31 17:12:09] getGroupStatus completed. Execution time: 1.626 ms
[2025-01-31 17:12:09] Group 1 is not completed yet.
[2025-01-31 17:12:09] Program completed. Total execution time: 11.748 ms

