
[2025-01-31 17:11:59] Program started at 2025-01-31 17:11:59.8377
[2025-01-31 17:11:59] [getClientID] MySQL connection established. Execution time: 0.338 ms
[2025-01-31 17:11:59] [getClientID] SELECT table_name FROM table_registry WHERE id = :job_id / Execution time: 0.484 ms
[2025-01-31 17:11:59] [getClientID] SELECT client FROM `matrix` WHERE id = :sub_job_id / Execution time: 0.222 ms
[2025-01-31 17:11:59] getClientID completed. Execution time: 1.224 ms
[2025-01-31 17:11:59] Read file completed. Execution time: 0.013 ms
[2025-01-31 17:11:59] File saved successfully: uploads/job_1/group_1/result_502
[2025-01-31 17:11:59] [updateStatus] MySQL connection established. Execution time: 0.120 ms
[2025-01-31 17:11:59] [updateStatus] SELECT table_name FROM table_registry WHERE id = :job_id FOR UPDATE / Execution time: 0.254 ms
[2025-01-31 17:11:59] [updateStatus] UPDATE `matrix` SET status = :status WHERE id = :sub_job_id / Execution time: 0.244 ms
[2025-01-31 17:11:59] [updateStatus] SELECT COUNT_RECORDS FROM `matrix` / Execution time: 0.957 ms
[2025-01-31 17:11:59] [updateStatus] UPDATE table_registry SET status = :status WHERE id = :job_id / Execution time: 0.181 ms
[2025-01-31 17:11:59] updateStatus completed. Execution time: 4.717 ms
[2025-01-31 17:11:59] Write file completed. Execution time: 5.076 ms
[2025-01-31 17:11:59] [getGroupStatus] MySQL connection established. Execution time: 0.074 ms
[2025-01-31 17:11:59] [getGroupStatus] SELECT table_name FROM table_registry WHERE id = :job_id / Execution time: 0.209 ms
[2025-01-31 17:11:59] [getGroupStatus] SELECT status FROM `matrix` WHERE group_id = :group_id / Execution time: 1.091 ms
[2025-01-31 17:11:59] getGroupStatus completed. Execution time: 1.517 ms
[2025-01-31 17:11:59] Group 1 is not completed yet.
[2025-01-31 17:11:59] Program completed. Total execution time: 10.541 ms

