
[2025-01-31 16:57:18] Program started at 2025-01-31 16:57:18.6885
[2025-01-31 16:57:18] [getClientID] MySQL connection established. Execution time: 0.258 ms
[2025-01-31 16:57:18] [getClientID] SELECT table_name FROM table_registry WHERE id = :job_id / Execution time: 0.448 ms
[2025-01-31 16:57:18] [getClientID] SELECT client FROM `matrix` WHERE id = :sub_job_id / Execution time: 0.216 ms
[2025-01-31 16:57:18] getClientID completed. Execution time: 1.090 ms
[2025-01-31 16:57:18] Read file completed. Execution time: 0.009 ms
[2025-01-31 16:57:18] File saved successfully: uploads/job_1/group_1/result_497
[2025-01-31 16:57:18] [updateStatus] MySQL connection established. Execution time: 0.105 ms
[2025-01-31 16:57:18] [updateStatus] SELECT table_name FROM table_registry WHERE id = :job_id FOR UPDATE / Execution time: 0.219 ms
[2025-01-31 16:57:18] [updateStatus] UPDATE `matrix` SET status = :status WHERE id = :sub_job_id / Execution time: 0.245 ms
[2025-01-31 16:57:18] [updateStatus] SELECT COUNT_RECORDS FROM `matrix` / Execution time: 0.959 ms
[2025-01-31 16:57:18] [updateStatus] UPDATE table_registry SET status = :status WHERE id = :job_id / Execution time: 0.195 ms
[2025-01-31 16:57:18] updateStatus completed. Execution time: 55.998 ms
[2025-01-31 16:57:18] Write file completed. Execution time: 56.290 ms
[2025-01-31 16:57:18] [getGroupStatus] MySQL connection established. Execution time: 0.085 ms
[2025-01-31 16:57:18] [getGroupStatus] SELECT table_name FROM table_registry WHERE id = :job_id / Execution time: 0.250 ms
[2025-01-31 16:57:18] [getGroupStatus] SELECT status FROM `matrix` WHERE group_id = :group_id / Execution time: 1.161 ms
[2025-01-31 16:57:18] getGroupStatus completed. Execution time: 1.689 ms
[2025-01-31 16:57:18] Group 1 is not completed yet.
[2025-01-31 16:57:18] Program completed. Total execution time: 62.100 ms

