
[2025-01-31 16:57:09] Program started at 2025-01-31 16:57:09.296
[2025-01-31 16:57:09] [getClientID] MySQL connection established. Execution time: 0.324 ms
[2025-01-31 16:57:09] [getClientID] SELECT table_name FROM table_registry WHERE id = :job_id / Execution time: 0.458 ms
[2025-01-31 16:57:09] [getClientID] SELECT client FROM `matrix` WHERE id = :sub_job_id / Execution time: 0.211 ms
[2025-01-31 16:57:09] getClientID completed. Execution time: 1.101 ms
[2025-01-31 16:57:09] Read file completed. Execution time: 0.008 ms
[2025-01-31 16:57:09] File saved successfully: uploads/job_1/group_1/result_254
[2025-01-31 16:57:09] [updateStatus] MySQL connection established. Execution time: 0.100 ms
[2025-01-31 16:57:09] [updateStatus] SELECT table_name FROM table_registry WHERE id = :job_id FOR UPDATE / Execution time: 0.239 ms
[2025-01-31 16:57:09] [updateStatus] UPDATE `matrix` SET status = :status WHERE id = :sub_job_id / Execution time: 0.216 ms
[2025-01-31 16:57:09] [updateStatus] SELECT COUNT_RECORDS FROM `matrix` / Execution time: 0.926 ms
[2025-01-31 16:57:09] [updateStatus] UPDATE table_registry SET status = :status WHERE id = :job_id / Execution time: 0.180 ms
[2025-01-31 16:57:09] updateStatus completed. Execution time: 50.283 ms
[2025-01-31 16:57:09] Write file completed. Execution time: 50.554 ms
[2025-01-31 16:57:09] [getGroupStatus] MySQL connection established. Execution time: 0.086 ms
[2025-01-31 16:57:09] [getGroupStatus] SELECT table_name FROM table_registry WHERE id = :job_id / Execution time: 0.318 ms
[2025-01-31 16:57:09] [getGroupStatus] SELECT status FROM `matrix` WHERE group_id = :group_id / Execution time: 1.468 ms
[2025-01-31 16:57:09] getGroupStatus completed. Execution time: 2.072 ms
[2025-01-31 16:57:09] Group 1 is not completed yet.
[2025-01-31 16:57:09] Program completed. Total execution time: 56.431 ms

