
[2025-01-31 16:56:58] Program started at 2025-01-31 16:56:58.7722
[2025-01-31 16:56:58] [getClientID] MySQL connection established. Execution time: 0.329 ms
[2025-01-31 16:56:58] [getClientID] SELECT table_name FROM table_registry WHERE id = :job_id / Execution time: 0.484 ms
[2025-01-31 16:56:58] [getClientID] SELECT client FROM `matrix` WHERE id = :sub_job_id / Execution time: 0.233 ms
[2025-01-31 16:56:58] getClientID completed. Execution time: 1.259 ms
[2025-01-31 16:56:58] Read file completed. Execution time: 0.015 ms
[2025-01-31 16:56:58] File saved successfully: uploads/job_1/group_1/result_448
[2025-01-31 16:56:58] [updateStatus] MySQL connection established. Execution time: 0.129 ms
[2025-01-31 16:56:58] [updateStatus] SELECT table_name FROM table_registry WHERE id = :job_id FOR UPDATE / Execution time: 0.264 ms
[2025-01-31 16:56:58] [updateStatus] UPDATE `matrix` SET status = :status WHERE id = :sub_job_id / Execution time: 0.246 ms
[2025-01-31 16:56:58] [updateStatus] SELECT COUNT_RECORDS FROM `matrix` / Execution time: 0.967 ms
[2025-01-31 16:56:58] [updateStatus] UPDATE table_registry SET status = :status WHERE id = :job_id / Execution time: 0.204 ms
[2025-01-31 16:56:58] updateStatus completed. Execution time: 4.715 ms
[2025-01-31 16:56:58] Write file completed. Execution time: 5.076 ms
[2025-01-31 16:56:58] [getGroupStatus] MySQL connection established. Execution time: 0.057 ms
[2025-01-31 16:56:58] [getGroupStatus] SELECT table_name FROM table_registry WHERE id = :job_id / Execution time: 0.310 ms
[2025-01-31 16:56:58] [getGroupStatus] SELECT status FROM `matrix` WHERE group_id = :group_id / Execution time: 1.095 ms
[2025-01-31 16:56:58] getGroupStatus completed. Execution time: 1.537 ms
[2025-01-31 16:56:58] Group 1 is not completed yet.
[2025-01-31 16:56:58] Program completed. Total execution time: 10.533 ms

