
[2025-01-31 16:57:05] Program started at 2025-01-31 16:57:05.6571
[2025-01-31 16:57:05] [getClientID] MySQL connection established. Execution time: 0.261 ms
[2025-01-31 16:57:05] [getClientID] SELECT table_name FROM table_registry WHERE id = :job_id / Execution time: 0.374 ms
[2025-01-31 16:57:05] [getClientID] SELECT client FROM `matrix` WHERE id = :sub_job_id / Execution time: 0.241 ms
[2025-01-31 16:57:05] getClientID completed. Execution time: 1.064 ms
[2025-01-31 16:57:05] Read file completed. Execution time: 0.013 ms
[2025-01-31 16:57:05] File saved successfully: uploads/job_1/group_1/result_131
[2025-01-31 16:57:05] [updateStatus] MySQL connection established. Execution time: 0.139 ms
[2025-01-31 16:57:05] [updateStatus] SELECT table_name FROM table_registry WHERE id = :job_id FOR UPDATE / Execution time: 0.232 ms
[2025-01-31 16:57:05] [updateStatus] UPDATE `matrix` SET status = :status WHERE id = :sub_job_id / Execution time: 0.234 ms
[2025-01-31 16:57:05] [updateStatus] SELECT COUNT_RECORDS FROM `matrix` / Execution time: 0.884 ms
[2025-01-31 16:57:05] [updateStatus] UPDATE table_registry SET status = :status WHERE id = :job_id / Execution time: 0.180 ms
[2025-01-31 16:57:05] updateStatus completed. Execution time: 3.860 ms
[2025-01-31 16:57:05] Write file completed. Execution time: 4.231 ms
[2025-01-31 16:57:05] [getGroupStatus] MySQL connection established. Execution time: 0.044 ms
[2025-01-31 16:57:05] [getGroupStatus] SELECT table_name FROM table_registry WHERE id = :job_id / Execution time: 0.221 ms
[2025-01-31 16:57:05] [getGroupStatus] SELECT status FROM `matrix` WHERE group_id = :group_id / Execution time: 1.087 ms
[2025-01-31 16:57:05] getGroupStatus completed. Execution time: 1.468 ms
[2025-01-31 16:57:05] Group 1 is not completed yet.
[2025-01-31 16:57:05] Program completed. Total execution time: 9.439 ms

