
[2025-01-31 16:57:14] Program started at 2025-01-31 16:57:14.2215
[2025-01-31 16:57:14] [getClientID] MySQL connection established. Execution time: 0.590 ms
[2025-01-31 16:57:14] [getClientID] SELECT table_name FROM table_registry WHERE id = :job_id / Execution time: 0.610 ms
[2025-01-31 16:57:14] [getClientID] SELECT client FROM `matrix` WHERE id = :sub_job_id / Execution time: 0.347 ms
[2025-01-31 16:57:14] getClientID completed. Execution time: 1.920 ms
[2025-01-31 16:57:14] Read file completed. Execution time: 0.015 ms
[2025-01-31 16:57:14] File saved successfully: uploads/job_1/group_1/result_214
[2025-01-31 16:57:14] [updateStatus] MySQL connection established. Execution time: 0.097 ms
[2025-01-31 16:57:14] [updateStatus] SELECT table_name FROM table_registry WHERE id = :job_id FOR UPDATE / Execution time: 0.158 ms
[2025-01-31 16:57:14] [updateStatus] UPDATE `matrix` SET status = :status WHERE id = :sub_job_id / Execution time: 0.154 ms
[2025-01-31 16:57:14] [updateStatus] SELECT COUNT_RECORDS FROM `matrix` / Execution time: 0.394 ms
[2025-01-31 16:57:14] [updateStatus] UPDATE table_registry SET status = :status WHERE id = :job_id / Execution time: 0.122 ms
[2025-01-31 16:57:14] updateStatus completed. Execution time: 393.730 ms
[2025-01-31 16:57:14] Write file completed. Execution time: 466.343 ms
[2025-01-31 16:57:14] [getGroupStatus] MySQL connection established. Execution time: 0.086 ms
[2025-01-31 16:57:14] [getGroupStatus] SELECT table_name FROM table_registry WHERE id = :job_id / Execution time: 0.338 ms
[2025-01-31 16:57:14] [getGroupStatus] SELECT status FROM `matrix` WHERE group_id = :group_id / Execution time: 1.521 ms
[2025-01-31 16:57:14] getGroupStatus completed. Execution time: 2.192 ms
[2025-01-31 16:57:14] Group 1 is not completed yet.
[2025-01-31 16:57:14] Program completed. Total execution time: 473.451 ms

