
[2025-01-31 16:56:54] Program started at 2025-01-31 16:56:54.3543
[2025-01-31 16:56:54] [getClientID] MySQL connection established. Execution time: 0.269 ms
[2025-01-31 16:56:54] [getClientID] SELECT table_name FROM table_registry WHERE id = :job_id / Execution time: 0.414 ms
[2025-01-31 16:56:54] [getClientID] SELECT client FROM `matrix` WHERE id = :sub_job_id / Execution time: 0.268 ms
[2025-01-31 16:56:54] getClientID completed. Execution time: 1.138 ms
[2025-01-31 16:56:54] Read file completed. Execution time: 0.014 ms
[2025-01-31 16:56:54] File saved successfully: uploads/job_1/group_1/result_252
[2025-01-31 16:56:54] [updateStatus] MySQL connection established. Execution time: 0.132 ms
[2025-01-31 16:56:54] [updateStatus] SELECT table_name FROM table_registry WHERE id = :job_id FOR UPDATE / Execution time: 0.251 ms
[2025-01-31 16:56:54] [updateStatus] UPDATE `matrix` SET status = :status WHERE id = :sub_job_id / Execution time: 0.309 ms
[2025-01-31 16:56:54] [updateStatus] SELECT COUNT_RECORDS FROM `matrix` / Execution time: 1.018 ms
[2025-01-31 16:56:54] [updateStatus] UPDATE table_registry SET status = :status WHERE id = :job_id / Execution time: 0.225 ms
[2025-01-31 16:56:54] updateStatus completed. Execution time: 4.418 ms
[2025-01-31 16:56:54] Write file completed. Execution time: 4.768 ms
[2025-01-31 16:56:54] [getGroupStatus] MySQL connection established. Execution time: 0.059 ms
[2025-01-31 16:56:54] [getGroupStatus] SELECT table_name FROM table_registry WHERE id = :job_id / Execution time: 0.315 ms
[2025-01-31 16:56:54] [getGroupStatus] SELECT status FROM `matrix` WHERE group_id = :group_id / Execution time: 1.118 ms
[2025-01-31 16:56:54] getGroupStatus completed. Execution time: 1.611 ms
[2025-01-31 16:56:54] Group 1 is not completed yet.
[2025-01-31 16:56:54] Program completed. Total execution time: 10.196 ms

