
[2025-01-31 17:15:19] Program started at 2025-01-31 17:15:19.5625
[2025-01-31 17:15:19] [getClientID] MySQL connection established. Execution time: 0.192 ms
[2025-01-31 17:15:19] [getClientID] SELECT table_name FROM table_registry WHERE id = :job_id / Execution time: 0.329 ms
[2025-01-31 17:15:19] [getClientID] SELECT client FROM `matrix` WHERE id = :sub_job_id / Execution time: 0.209 ms
[2025-01-31 17:15:19] getClientID completed. Execution time: 0.911 ms
[2025-01-31 17:15:19] Read file completed. Execution time: 0.015 ms
[2025-01-31 17:15:19] File saved successfully: uploads/job_1/group_1/result_57
[2025-01-31 17:15:19] [updateStatus] MySQL connection established. Execution time: 0.123 ms
[2025-01-31 17:15:19] [updateStatus] SELECT table_name FROM table_registry WHERE id = :job_id FOR UPDATE / Execution time: 0.213 ms
[2025-01-31 17:15:19] [updateStatus] UPDATE `matrix` SET status = :status WHERE id = :sub_job_id / Execution time: 0.234 ms
[2025-01-31 17:15:19] [updateStatus] SELECT COUNT_RECORDS FROM `matrix` / Execution time: 0.464 ms
[2025-01-31 17:15:19] [updateStatus] UPDATE table_registry SET status = :status WHERE id = :job_id / Execution time: 0.171 ms
[2025-01-31 17:15:19] updateStatus completed. Execution time: 4.082 ms
[2025-01-31 17:15:19] Write file completed. Execution time: 4.470 ms
[2025-01-31 17:15:19] [getGroupStatus] MySQL connection established. Execution time: 0.159 ms
[2025-01-31 17:15:19] [getGroupStatus] SELECT table_name FROM table_registry WHERE id = :job_id / Execution time: 0.282 ms
[2025-01-31 17:15:19] [getGroupStatus] SELECT status FROM `matrix` WHERE group_id = :group_id / Execution time: 0.427 ms
[2025-01-31 17:15:19] getGroupStatus completed. Execution time: 0.980 ms
[2025-01-31 17:15:19] Group 1 is not completed yet.
[2025-01-31 17:15:19] Program completed. Total execution time: 9.024 ms

