
[2025-01-28 15:33:10] Program started at 2025-01-28 15:33:10.2038
[2025-01-28 15:33:10] [getClientID] MySQL connection established. Execution time: 0.485 ms
[2025-01-28 15:33:10] [getClientID] SELECT table_name FROM table_registry WHERE id = :job_id / Execution time: 0.365 ms
[2025-01-28 15:33:10] [getClientID] SELECT client FROM `matrix` WHERE id = :sub_job_id / Execution time: 0.200 ms
[2025-01-28 15:33:10] getClientID completed. Execution time: 1.286 ms
[2025-01-28 15:33:10] Read file completed. Execution time: 0.013 ms
[2025-01-28 15:33:10] File saved successfully: uploads/job_1/group_1/result_30
[2025-01-28 15:33:10] [updateStatus] MySQL connection established. Execution time: 0.099 ms
[2025-01-28 15:33:10] [updateStatus] SELECT table_name FROM table_registry WHERE id = :job_id FOR UPDATE / Execution time: 0.202 ms
[2025-01-28 15:33:10] [updateStatus] UPDATE `matrix` SET status = :status WHERE id = :sub_job_id / Execution time: 0.213 ms
[2025-01-28 15:33:10] [updateStatus] SELECT COUNT_RECORDS FROM `matrix` / Execution time: 0.297 ms
[2025-01-28 15:33:10] [updateStatus] UPDATE table_registry SET status = :status WHERE id = :job_id / Execution time: 0.198 ms
[2025-01-28 15:33:10] updateStatus completed. Execution time: 3.998 ms
[2025-01-28 15:33:10] Write file completed. Execution time: 4.151 ms
[2025-01-28 15:33:10] [getGroupStatus] MySQL connection established. Execution time: 0.039 ms
[2025-01-28 15:33:10] [getGroupStatus] SELECT table_name FROM table_registry WHERE id = :job_id / Execution time: 0.206 ms
[2025-01-28 15:33:10] [getGroupStatus] SELECT status FROM `matrix` WHERE group_id = :group_id / Execution time: 0.237 ms
[2025-01-28 15:33:10] getGroupStatus completed. Execution time: 0.857 ms
[2025-01-28 15:33:10] Group 1 is not completed yet.
[2025-01-28 15:33:10] Program completed. Total execution time: 9.162 ms

