
[2025-01-31 16:52:11] Program started at 2025-01-31 16:52:11.5981
[2025-01-31 16:52:11] [getClientID] MySQL connection established. Execution time: 0.796 ms
[2025-01-31 16:52:11] [getClientID] SELECT table_name FROM table_registry WHERE id = :job_id / Execution time: 0.283 ms
[2025-01-31 16:52:11] [getClientID] SELECT client FROM `matrix` WHERE id = :sub_job_id / Execution time: 0.166 ms
[2025-01-31 16:52:11] getClientID completed. Execution time: 1.538 ms
[2025-01-31 16:52:11] Read file completed. Execution time: 0.017 ms
[2025-01-31 16:52:11] File saved successfully: uploads/job_1/group_1/result_19
[2025-01-31 16:52:11] [updateStatus] MySQL connection established. Execution time: 0.103 ms
[2025-01-31 16:52:11] [updateStatus] SELECT table_name FROM table_registry WHERE id = :job_id FOR UPDATE / Execution time: 3.788 ms
[2025-01-31 16:52:11] [updateStatus] UPDATE `matrix` SET status = :status WHERE id = :sub_job_id / Execution time: 0.267 ms
[2025-01-31 16:52:11] [updateStatus] SELECT COUNT_RECORDS FROM `matrix` / Execution time: 0.275 ms
[2025-01-31 16:52:11] [updateStatus] UPDATE table_registry SET status = :status WHERE id = :job_id / Execution time: 0.144 ms
[2025-01-31 16:52:11] updateStatus completed. Execution time: 164.109 ms
[2025-01-31 16:52:11] Write file completed. Execution time: 164.447 ms
[2025-01-31 16:52:11] [getGroupStatus] MySQL connection established. Execution time: 0.086 ms
[2025-01-31 16:52:11] [getGroupStatus] SELECT table_name FROM table_registry WHERE id = :job_id / Execution time: 0.312 ms
[2025-01-31 16:52:11] [getGroupStatus] SELECT status FROM `matrix` WHERE group_id = :group_id / Execution time: 0.327 ms
[2025-01-31 16:52:11] getGroupStatus completed. Execution time: 0.838 ms
[2025-01-31 16:52:11] Group 1 is not completed yet.
[2025-01-31 16:52:11] Program completed. Total execution time: 169.827 ms

