
[2025-01-31 16:42:22] Program started at 2025-01-31 16:42:22.1766
[2025-01-31 16:42:22] [getClientID] MySQL connection established. Execution time: 0.310 ms
[2025-01-31 16:42:22] [getClientID] SELECT table_name FROM table_registry WHERE id = :job_id / Execution time: 0.457 ms
[2025-01-31 16:42:22] [getClientID] SELECT client FROM `matrix` WHERE id = :sub_job_id / Execution time: 0.222 ms
[2025-01-31 16:42:22] getClientID completed. Execution time: 1.177 ms
[2025-01-31 16:42:22] Read file completed. Execution time: 0.015 ms
[2025-01-31 16:42:22] File saved successfully: uploads/job_1/group_1/result_240
[2025-01-31 16:42:22] [updateStatus] MySQL connection established. Execution time: 0.180 ms
[2025-01-31 16:42:22] [updateStatus] SELECT table_name FROM table_registry WHERE id = :job_id FOR UPDATE / Execution time: 0.201 ms
[2025-01-31 16:42:22] [updateStatus] UPDATE `matrix` SET status = :status WHERE id = :sub_job_id / Execution time: 0.170 ms
[2025-01-31 16:42:22] [updateStatus] SELECT COUNT_RECORDS FROM `matrix` / Execution time: 0.947 ms
[2025-01-31 16:42:22] [updateStatus] UPDATE table_registry SET status = :status WHERE id = :job_id / Execution time: 0.202 ms
[2025-01-31 16:42:22] updateStatus completed. Execution time: 428.540 ms
[2025-01-31 16:42:22] Write file completed. Execution time: 430.059 ms
[2025-01-31 16:42:22] [getGroupStatus] MySQL connection established. Execution time: 0.087 ms
[2025-01-31 16:42:22] [getGroupStatus] SELECT table_name FROM table_registry WHERE id = :job_id / Execution time: 0.318 ms
[2025-01-31 16:42:22] [getGroupStatus] SELECT status FROM `matrix` WHERE group_id = :group_id / Execution time: 1.520 ms
[2025-01-31 16:42:22] getGroupStatus completed. Execution time: 2.170 ms
[2025-01-31 16:42:22] Group 1 is not completed yet.
[2025-01-31 16:42:22] Program completed. Total execution time: 436.117 ms

