
[2025-01-31 16:42:36] Program started at 2025-01-31 16:42:36.3704
[2025-01-31 16:42:36] [getClientID] MySQL connection established. Execution time: 0.136 ms
[2025-01-31 16:42:36] [getClientID] SELECT table_name FROM table_registry WHERE id = :job_id / Execution time: 0.236 ms
[2025-01-31 16:42:36] [getClientID] SELECT client FROM `matrix` WHERE id = :sub_job_id / Execution time: 0.108 ms
[2025-01-31 16:42:36] getClientID completed. Execution time: 0.547 ms
[2025-01-31 16:42:36] Read file completed. Execution time: 0.007 ms
[2025-01-31 16:42:36] File saved successfully: uploads/job_1/group_1/result_277
[2025-01-31 16:42:36] [updateStatus] MySQL connection established. Execution time: 0.163 ms
[2025-01-31 16:42:36] [updateStatus] SELECT table_name FROM table_registry WHERE id = :job_id FOR UPDATE / Execution time: 392.835 ms
[2025-01-31 16:42:36] [updateStatus] UPDATE `matrix` SET status = :status WHERE id = :sub_job_id / Execution time: 0.194 ms
[2025-01-31 16:42:36] [updateStatus] SELECT COUNT_RECORDS FROM `matrix` / Execution time: 0.394 ms
[2025-01-31 16:42:36] [updateStatus] UPDATE table_registry SET status = :status WHERE id = :job_id / Execution time: 0.089 ms
[2025-01-31 16:42:37] updateStatus completed. Execution time: 609.595 ms
[2025-01-31 16:42:37] Write file completed. Execution time: 651.950 ms
[2025-01-31 16:42:37] [getGroupStatus] MySQL connection established. Execution time: 0.150 ms
[2025-01-31 16:42:37] [getGroupStatus] SELECT table_name FROM table_registry WHERE id = :job_id / Execution time: 0.261 ms
[2025-01-31 16:42:37] [getGroupStatus] SELECT status FROM `matrix` WHERE group_id = :group_id / Execution time: 6.839 ms
[2025-01-31 16:42:37] getGroupStatus completed. Execution time: 8.976 ms
[2025-01-31 16:42:37] Group 1 is not completed yet.
[2025-01-31 16:42:37] Program completed. Total execution time: 662.919 ms

