
[2025-01-31 16:42:23] Program started at 2025-01-31 16:42:23.5956
[2025-01-31 16:42:23] [getClientID] MySQL connection established. Execution time: 0.327 ms
[2025-01-31 16:42:23] [getClientID] SELECT table_name FROM table_registry WHERE id = :job_id / Execution time: 0.488 ms
[2025-01-31 16:42:23] [getClientID] SELECT client FROM `matrix` WHERE id = :sub_job_id / Execution time: 0.271 ms
[2025-01-31 16:42:23] getClientID completed. Execution time: 1.306 ms
[2025-01-31 16:42:23] Read file completed. Execution time: 0.014 ms
[2025-01-31 16:42:23] File saved successfully: uploads/job_1/group_1/result_350
[2025-01-31 16:42:23] [updateStatus] MySQL connection established. Execution time: 0.248 ms
[2025-01-31 16:42:23] [updateStatus] SELECT table_name FROM table_registry WHERE id = :job_id FOR UPDATE / Execution time: 4.404 ms
[2025-01-31 16:42:23] [updateStatus] UPDATE `matrix` SET status = :status WHERE id = :sub_job_id / Execution time: 0.310 ms
[2025-01-31 16:42:23] [updateStatus] SELECT COUNT_RECORDS FROM `matrix` / Execution time: 0.932 ms
[2025-01-31 16:42:23] [updateStatus] UPDATE table_registry SET status = :status WHERE id = :job_id / Execution time: 0.186 ms
[2025-01-31 16:42:23] updateStatus completed. Execution time: 64.922 ms
[2025-01-31 16:42:23] Write file completed. Execution time: 65.312 ms
[2025-01-31 16:42:23] [getGroupStatus] MySQL connection established. Execution time: 0.079 ms
[2025-01-31 16:42:23] [getGroupStatus] SELECT table_name FROM table_registry WHERE id = :job_id / Execution time: 0.200 ms
[2025-01-31 16:42:23] [getGroupStatus] SELECT status FROM `matrix` WHERE group_id = :group_id / Execution time: 1.339 ms
[2025-01-31 16:42:23] getGroupStatus completed. Execution time: 1.848 ms
[2025-01-31 16:42:23] Group 1 is not completed yet.
[2025-01-31 16:42:23] Program completed. Total execution time: 71.209 ms

