
[2025-01-31 16:42:28] Program started at 2025-01-31 16:42:28.6761
[2025-01-31 16:42:28] [getClientID] MySQL connection established. Execution time: 0.375 ms
[2025-01-31 16:42:28] [getClientID] SELECT table_name FROM table_registry WHERE id = :job_id / Execution time: 0.379 ms
[2025-01-31 16:42:28] [getClientID] SELECT client FROM `matrix` WHERE id = :sub_job_id / Execution time: 0.180 ms
[2025-01-31 16:42:28] getClientID completed. Execution time: 1.263 ms
[2025-01-31 16:42:28] Read file completed. Execution time: 0.016 ms
[2025-01-31 16:42:28] File saved successfully: uploads/job_1/group_1/result_235
[2025-01-31 16:42:28] [updateStatus] MySQL connection established. Execution time: 0.240 ms
[2025-01-31 16:42:28] [updateStatus] SELECT table_name FROM table_registry WHERE id = :job_id FOR UPDATE / Execution time: 10.059 ms
[2025-01-31 16:42:28] [updateStatus] UPDATE `matrix` SET status = :status WHERE id = :sub_job_id / Execution time: 0.302 ms
[2025-01-31 16:42:28] [updateStatus] SELECT COUNT_RECORDS FROM `matrix` / Execution time: 0.932 ms
[2025-01-31 16:42:28] [updateStatus] UPDATE table_registry SET status = :status WHERE id = :job_id / Execution time: 0.196 ms
[2025-01-31 16:42:29] updateStatus completed. Execution time: 355.390 ms
[2025-01-31 16:42:29] Write file completed. Execution time: 388.486 ms
[2025-01-31 16:42:29] [getGroupStatus] MySQL connection established. Execution time: 0.207 ms
[2025-01-31 16:42:29] [getGroupStatus] SELECT table_name FROM table_registry WHERE id = :job_id / Execution time: 0.267 ms
[2025-01-31 16:42:29] [getGroupStatus] SELECT status FROM `matrix` WHERE group_id = :group_id / Execution time: 1.683 ms
[2025-01-31 16:42:29] getGroupStatus completed. Execution time: 2.408 ms
[2025-01-31 16:42:29] Group 1 is not completed yet.
[2025-01-31 16:42:29] Program completed. Total execution time: 394.925 ms

