
[2025-01-31 16:42:34] Program started at 2025-01-31 16:42:34.4549
[2025-01-31 16:42:34] [getClientID] MySQL connection established. Execution time: 0.343 ms
[2025-01-31 16:42:34] [getClientID] SELECT table_name FROM table_registry WHERE id = :job_id / Execution time: 0.486 ms
[2025-01-31 16:42:34] [getClientID] SELECT client FROM `matrix` WHERE id = :sub_job_id / Execution time: 0.236 ms
[2025-01-31 16:42:34] getClientID completed. Execution time: 1.298 ms
[2025-01-31 16:42:34] Read file completed. Execution time: 0.017 ms
[2025-01-31 16:42:34] File saved successfully: uploads/job_1/group_1/result_57
[2025-01-31 16:42:34] [updateStatus] MySQL connection established. Execution time: 0.274 ms
[2025-01-31 16:42:34] [updateStatus] SELECT table_name FROM table_registry WHERE id = :job_id FOR UPDATE / Execution time: 0.297 ms
[2025-01-31 16:42:34] [updateStatus] UPDATE `matrix` SET status = :status WHERE id = :sub_job_id / Execution time: 0.240 ms
[2025-01-31 16:42:34] [updateStatus] SELECT COUNT_RECORDS FROM `matrix` / Execution time: 0.974 ms
[2025-01-31 16:42:34] [updateStatus] UPDATE table_registry SET status = :status WHERE id = :job_id / Execution time: 0.180 ms
[2025-01-31 16:42:34] updateStatus completed. Execution time: 296.365 ms
[2025-01-31 16:42:34] Write file completed. Execution time: 390.025 ms
[2025-01-31 16:42:34] [getGroupStatus] MySQL connection established. Execution time: 0.057 ms
[2025-01-31 16:42:34] [getGroupStatus] SELECT table_name FROM table_registry WHERE id = :job_id / Execution time: 0.140 ms
[2025-01-31 16:42:34] [getGroupStatus] SELECT status FROM `matrix` WHERE group_id = :group_id / Execution time: 0.701 ms
[2025-01-31 16:42:34] getGroupStatus completed. Execution time: 0.996 ms
[2025-01-31 16:42:34] Group 1 is not completed yet.
[2025-01-31 16:42:34] Program completed. Total execution time: 395.810 ms

