
[2025-01-31 16:42:36] Program started at 2025-01-31 16:42:36.4558
[2025-01-31 16:42:36] [getClientID] MySQL connection established. Execution time: 0.219 ms
[2025-01-31 16:42:36] [getClientID] SELECT table_name FROM table_registry WHERE id = :job_id / Execution time: 0.395 ms
[2025-01-31 16:42:36] [getClientID] SELECT client FROM `matrix` WHERE id = :sub_job_id / Execution time: 0.247 ms
[2025-01-31 16:42:36] getClientID completed. Execution time: 1.050 ms
[2025-01-31 16:42:36] Read file completed. Execution time: 0.013 ms
[2025-01-31 16:42:36] File saved successfully: uploads/job_1/group_1/result_507
[2025-01-31 16:42:36] [updateStatus] MySQL connection established. Execution time: 0.277 ms
[2025-01-31 16:42:36] [updateStatus] SELECT table_name FROM table_registry WHERE id = :job_id FOR UPDATE / Execution time: 253.547 ms
[2025-01-31 16:42:36] [updateStatus] UPDATE `matrix` SET status = :status WHERE id = :sub_job_id / Execution time: 0.268 ms
[2025-01-31 16:42:36] [updateStatus] SELECT COUNT_RECORDS FROM `matrix` / Execution time: 0.845 ms
[2025-01-31 16:42:36] [updateStatus] UPDATE table_registry SET status = :status WHERE id = :job_id / Execution time: 0.173 ms
[2025-01-31 16:42:37] updateStatus completed. Execution time: 459.121 ms
[2025-01-31 16:42:37] Write file completed. Execution time: 563.988 ms
[2025-01-31 16:42:37] [getGroupStatus] MySQL connection established. Execution time: 0.094 ms
[2025-01-31 16:42:37] [getGroupStatus] SELECT table_name FROM table_registry WHERE id = :job_id / Execution time: 0.415 ms
[2025-01-31 16:42:37] [getGroupStatus] SELECT status FROM `matrix` WHERE group_id = :group_id / Execution time: 7.963 ms
[2025-01-31 16:42:37] getGroupStatus completed. Execution time: 9.491 ms
[2025-01-31 16:42:37] Group 1 is not completed yet.
[2025-01-31 16:42:37] Program completed. Total execution time: 577.543 ms

