
[2025-01-31 16:42:24] Program started at 2025-01-31 16:42:24.0555
[2025-01-31 16:42:24] [getClientID] MySQL connection established. Execution time: 0.179 ms
[2025-01-31 16:42:24] [getClientID] SELECT table_name FROM table_registry WHERE id = :job_id / Execution time: 0.274 ms
[2025-01-31 16:42:24] [getClientID] SELECT client FROM `matrix` WHERE id = :sub_job_id / Execution time: 0.135 ms
[2025-01-31 16:42:24] getClientID completed. Execution time: 0.670 ms
[2025-01-31 16:42:24] Read file completed. Execution time: 0.007 ms
[2025-01-31 16:42:24] File saved successfully: uploads/job_1/group_1/result_470
[2025-01-31 16:42:24] [updateStatus] MySQL connection established. Execution time: 0.069 ms
[2025-01-31 16:42:24] [updateStatus] SELECT table_name FROM table_registry WHERE id = :job_id FOR UPDATE / Execution time: 0.154 ms
[2025-01-31 16:42:24] [updateStatus] UPDATE `matrix` SET status = :status WHERE id = :sub_job_id / Execution time: 0.144 ms
[2025-01-31 16:42:24] [updateStatus] SELECT COUNT_RECORDS FROM `matrix` / Execution time: 0.563 ms
[2025-01-31 16:42:24] [updateStatus] UPDATE table_registry SET status = :status WHERE id = :job_id / Execution time: 0.108 ms
[2025-01-31 16:42:24] updateStatus completed. Execution time: 37.055 ms
[2025-01-31 16:42:24] Write file completed. Execution time: 37.284 ms
[2025-01-31 16:42:24] [getGroupStatus] MySQL connection established. Execution time: 0.084 ms
[2025-01-31 16:42:24] [getGroupStatus] SELECT table_name FROM table_registry WHERE id = :job_id / Execution time: 0.300 ms
[2025-01-31 16:42:24] [getGroupStatus] SELECT status FROM `matrix` WHERE group_id = :group_id / Execution time: 1.396 ms
[2025-01-31 16:42:24] getGroupStatus completed. Execution time: 1.994 ms
[2025-01-31 16:42:24] Group 1 is not completed yet.
[2025-01-31 16:42:24] Program completed. Total execution time: 41.260 ms

