
[2025-01-31 16:01:27] Program started at 2025-01-31 16:01:27.6817
[2025-01-31 16:01:27] [getClientID] MySQL connection established. Execution time: 0.612 ms
[2025-01-31 16:01:27] [getClientID] SELECT table_name FROM table_registry WHERE id = :job_id / Execution time: 0.353 ms
[2025-01-31 16:01:27] [getClientID] SELECT client FROM `matrix` WHERE id = :sub_job_id / Execution time: 0.203 ms
[2025-01-31 16:01:27] getClientID completed. Execution time: 1.257 ms
[2025-01-31 16:01:27] Read file completed. Execution time: 0.007 ms
[2025-01-31 16:01:27] File saved successfully: uploads/job_1/group_1/result_42
[2025-01-31 16:01:27] [updateStatus] MySQL connection established. Execution time: 0.352 ms
[2025-01-31 16:01:27] [updateStatus] SELECT table_name FROM table_registry WHERE id = :job_id FOR UPDATE / Execution time: 38.487 ms
[2025-01-31 16:01:27] [updateStatus] UPDATE `matrix` SET status = :status WHERE id = :sub_job_id / Execution time: 0.254 ms
[2025-01-31 16:01:27] [updateStatus] SELECT COUNT_RECORDS FROM `matrix` / Execution time: 0.360 ms
[2025-01-31 16:01:27] [updateStatus] UPDATE table_registry SET status = :status WHERE id = :job_id / Execution time: 0.153 ms
[2025-01-31 16:01:28] updateStatus completed. Execution time: 661.267 ms
[2025-01-31 16:01:28] Write file completed. Execution time: 725.602 ms
[2025-01-31 16:01:28] [getGroupStatus] MySQL connection established. Execution time: 0.083 ms
[2025-01-31 16:01:28] [getGroupStatus] SELECT table_name FROM table_registry WHERE id = :job_id / Execution time: 0.276 ms
[2025-01-31 16:01:28] [getGroupStatus] SELECT status FROM `matrix` WHERE group_id = :group_id / Execution time: 339.316 ms
[2025-01-31 16:01:28] getGroupStatus completed. Execution time: 347.734 ms
[2025-01-31 16:01:28] Group 1 is not completed yet.
[2025-01-31 16:01:28] Program completed. Total execution time: 1,075.904 ms

