
[2025-01-31 16:01:27] Program started at 2025-01-31 16:01:27.9413
[2025-01-31 16:01:27] [getClientID] MySQL connection established. Execution time: 0.836 ms
[2025-01-31 16:01:27] [getClientID] SELECT table_name FROM table_registry WHERE id = :job_id / Execution time: 0.201 ms
[2025-01-31 16:01:27] [getClientID] SELECT client FROM `matrix` WHERE id = :sub_job_id / Execution time: 0.104 ms
[2025-01-31 16:01:27] getClientID completed. Execution time: 1.278 ms
[2025-01-31 16:01:27] Read file completed. Execution time: 0.007 ms
[2025-01-31 16:01:28] File saved successfully: uploads/job_1/group_1/result_123
[2025-01-31 16:01:28] [updateStatus] MySQL connection established. Execution time: 0.085 ms
[2025-01-31 16:01:29] [updateStatus] SELECT table_name FROM table_registry WHERE id = :job_id FOR UPDATE / Execution time: 1,163.583 ms
[2025-01-31 16:01:29] [updateStatus] UPDATE `matrix` SET status = :status WHERE id = :sub_job_id / Execution time: 0.342 ms
[2025-01-31 16:01:29] [updateStatus] SELECT COUNT_RECORDS FROM `matrix` / Execution time: 0.488 ms
[2025-01-31 16:01:29] [updateStatus] UPDATE table_registry SET status = :status WHERE id = :job_id / Execution time: 0.202 ms
[2025-01-31 16:01:29] updateStatus completed. Execution time: 1,213.452 ms
[2025-01-31 16:01:29] Write file completed. Execution time: 1,330.150 ms
[2025-01-31 16:01:29] [getGroupStatus] MySQL connection established. Execution time: 0.109 ms
[2025-01-31 16:01:29] [getGroupStatus] SELECT table_name FROM table_registry WHERE id = :job_id / Execution time: 0.350 ms
[2025-01-31 16:01:29] [getGroupStatus] SELECT status FROM `matrix` WHERE group_id = :group_id / Execution time: 0.782 ms
[2025-01-31 16:01:29] getGroupStatus completed. Execution time: 1.467 ms
[2025-01-31 16:01:29] Group 1 is not completed yet.
[2025-01-31 16:01:29] Program completed. Total execution time: 1,334.364 ms

