
[2025-01-31 16:01:27] Program started at 2025-01-31 16:01:27.9607
[2025-01-31 16:01:27] [getClientID] MySQL connection established. Execution time: 0.465 ms
[2025-01-31 16:01:27] [getClientID] SELECT table_name FROM table_registry WHERE id = :job_id / Execution time: 0.236 ms
[2025-01-31 16:01:27] [getClientID] SELECT client FROM `matrix` WHERE id = :sub_job_id / Execution time: 0.135 ms
[2025-01-31 16:01:27] getClientID completed. Execution time: 0.964 ms
[2025-01-31 16:01:27] Read file completed. Execution time: 0.012 ms
[2025-01-31 16:01:28] File saved successfully: uploads/job_1/group_1/result_88
[2025-01-31 16:01:28] [updateStatus] MySQL connection established. Execution time: 0.323 ms
[2025-01-31 16:01:29] [updateStatus] SELECT table_name FROM table_registry WHERE id = :job_id FOR UPDATE / Execution time: 1,180.265 ms
[2025-01-31 16:01:29] [updateStatus] UPDATE `matrix` SET status = :status WHERE id = :sub_job_id / Execution time: 0.292 ms
[2025-01-31 16:01:29] [updateStatus] SELECT COUNT_RECORDS FROM `matrix` / Execution time: 0.406 ms
[2025-01-31 16:01:29] [updateStatus] UPDATE table_registry SET status = :status WHERE id = :job_id / Execution time: 0.189 ms
[2025-01-31 16:01:29] updateStatus completed. Execution time: 1,202.701 ms
[2025-01-31 16:01:29] Write file completed. Execution time: 1,326.411 ms
[2025-01-31 16:01:29] [getGroupStatus] MySQL connection established. Execution time: 0.102 ms
[2025-01-31 16:01:29] [getGroupStatus] SELECT table_name FROM table_registry WHERE id = :job_id / Execution time: 0.321 ms
[2025-01-31 16:01:29] [getGroupStatus] SELECT status FROM `matrix` WHERE group_id = :group_id / Execution time: 0.705 ms
[2025-01-31 16:01:29] getGroupStatus completed. Execution time: 1.265 ms
[2025-01-31 16:01:29] Group 1 is not completed yet.
[2025-01-31 16:01:29] Program completed. Total execution time: 1,330.667 ms

