
[2025-01-31 15:38:57.140691] INFO: Process started with ID: 73
[2025-01-31 15:38:57.543928] INFO: First connection established in 0.234000ms
[2025-01-31 15:38:58.041779] INFO: Sending request: GET /http_server/send-object.php?ID=73 HTTP/1.1
Host: 192.168.100.3
Connection: close


[2025-01-31 15:38:58.643463] INFO: First request sent in 0.034000ms
[2025-01-31 15:38:59.135776] INFO: Time from request to first response in 0.030000ms
[2025-01-31 15:38:59.619850] INFO: Received headers - MPI-Rank: 83, Group-ID: 1, Job-ID: 1, Sub-Job-ID: 84, Rank-Count: 128
[2025-01-31 15:39:00.118419] INFO: Receive loop #1 received 16384 bytes in 982.557000ms
[2025-01-31 15:39:00.576865] INFO: Receive loop #2 received 16384 bytes in 0.066000ms
[2025-01-31 15:39:01.111750] INFO: Receive loop #3 received 16384 bytes in 0.077000ms
[2025-01-31 15:39:01.669230] INFO: Receive loop #4 received 16384 bytes in 0.032000ms
[2025-01-31 15:39:02.307403] INFO: Receive loop #5 received 16384 bytes in 0.032000ms
[2025-01-31 15:39:02.844739] INFO: Receive loop #6 received 16384 bytes in 0.028000ms
[2025-01-31 15:39:03.465771] INFO: Receive loop #7 received 16384 bytes in 0.035000ms
[2025-01-31 15:39:04.108416] INFO: Receive loop #8 received 16384 bytes in 0.293000ms
[2025-01-31 15:39:04.589605] INFO: Receive loop #9 received 16384 bytes in 0.029000ms
[2025-01-31 15:39:05.031008] INFO: Receive loop #10 received 16384 bytes in 0.029000ms
[2025-01-31 15:39:05.451431] INFO: Receive loop #11 received 16384 bytes in 0.028000ms
[2025-01-31 15:39:06.015554] INFO: Receive loop #12 received 7663 bytes in 0.022000ms
[2025-01-31 15:39:06.667789] INFO: Response received in 7493.426000ms
[2025-01-31 15:39:07.127787] INFO: File saved in 0.444000ms
[2025-01-31 15:39:07.540658] INFO: File saved to: /home/vc/kurotaka/objects/temp_73
[2025-01-31 15:39:08.637010] INFO: Execution permission granted to: /home/vc/kurotaka/objects/temp_73
[2025-01-31 15:39:08.921038] INFO: Executing command: /home/vc/kurotaka/objects/temp_73 83 128 1
[2025-01-31 15:39:14.825023] INFO: Command executed in 5349.935000ms
[2025-01-31 15:39:15.393621] INFO: Result saved to: /home/vc/kurotaka/results/result_73
[2025-01-31 15:39:16.390170] INFO: Second connection established in 0.254000ms
[2025-01-31 15:39:17.922924] INFO: Sending result upload request
[2025-01-31 15:39:18.455759] INFO: Second request sent in 0.027000ms
[2025-01-31 15:39:19.487225] INFO: Result uploaded in 0.051000ms
[2025-01-31 15:39:20.986439] INFO: Process completed successfully. Total execution time in 24261.976000ms

