
[2025-01-31 15:38:58.057037] INFO: Process started with ID: 60
[2025-01-31 15:38:58.659877] INFO: First connection established in 0.265000ms
[2025-01-31 15:38:59.166080] INFO: Sending request: GET /http_server/send-object.php?ID=60 HTTP/1.1
Host: 192.168.100.3
Connection: close


[2025-01-31 15:38:59.685513] INFO: First request sent in 0.032000ms
[2025-01-31 15:39:00.146670] INFO: Time from request to first response in 0.033000ms
[2025-01-31 15:39:00.627097] INFO: Received headers - MPI-Rank: 112, Group-ID: 1, Job-ID: 1, Sub-Job-ID: 113, Rank-Count: 128
[2025-01-31 15:39:01.182702] INFO: Receive loop #1 received 16384 bytes in 1001.853000ms
[2025-01-31 15:39:01.811121] INFO: Receive loop #2 received 16384 bytes in 0.012000ms
[2025-01-31 15:39:02.435839] INFO: Receive loop #3 received 16384 bytes in 0.086000ms
[2025-01-31 15:39:03.001043] INFO: Receive loop #4 received 16384 bytes in 0.143000ms
[2025-01-31 15:39:03.569788] INFO: Receive loop #5 received 16384 bytes in 0.036000ms
[2025-01-31 15:39:04.197582] INFO: Receive loop #6 received 16384 bytes in 0.036000ms
[2025-01-31 15:39:04.661143] INFO: Receive loop #7 received 16384 bytes in 0.029000ms
[2025-01-31 15:39:05.120034] INFO: Receive loop #8 received 16384 bytes in 0.266000ms
[2025-01-31 15:39:05.693194] INFO: Receive loop #9 received 16384 bytes in 0.029000ms
[2025-01-31 15:39:06.447398] INFO: Receive loop #10 received 16384 bytes in 0.031000ms
[2025-01-31 15:39:06.895168] INFO: Receive loop #11 received 16384 bytes in 0.033000ms
[2025-01-31 15:39:07.189359] INFO: Receive loop #12 received 7665 bytes in 0.021000ms
[2025-01-31 15:39:07.525605] INFO: Response received in 7383.960000ms
[2025-01-31 15:39:08.157496] INFO: File saved in 0.483000ms
[2025-01-31 15:39:08.728355] INFO: File saved to: /home/vc/kurotaka/objects/temp_60
[2025-01-31 15:39:09.171733] INFO: Execution permission granted to: /home/vc/kurotaka/objects/temp_60
[2025-01-31 15:39:09.460890] INFO: Executing command: /home/vc/kurotaka/objects/temp_60 112 128 1
[2025-01-31 15:39:14.933754] INFO: Command executed in 5128.011000ms
[2025-01-31 15:39:15.637068] INFO: Result saved to: /home/vc/kurotaka/results/result_60
[2025-01-31 15:39:16.834357] INFO: Second connection established in 0.174000ms
[2025-01-31 15:39:18.094336] INFO: Sending result upload request
[2025-01-31 15:39:18.780226] INFO: Second request sent in 0.026000ms
[2025-01-31 15:39:19.898853] INFO: Result uploaded in 0.051000ms
[2025-01-31 15:39:21.170272] INFO: Process completed successfully. Total execution time in 24968.845000ms

