
[2025-01-31 16:20:13] Program started at 2025-01-31 16:20:13.1605
[2025-01-31 16:20:13] [getClientID] MySQL connection established. Execution time: 0.279 ms
[2025-01-31 16:20:13] [getClientID] SELECT table_name FROM table_registry WHERE id = :job_id / Execution time: 0.426 ms
[2025-01-31 16:20:13] [getClientID] SELECT client FROM `matrix` WHERE id = :sub_job_id / Execution time: 0.199 ms
[2025-01-31 16:20:13] getClientID completed. Execution time: 1.089 ms
[2025-01-31 16:20:13] Read file completed. Execution time: 0.014 ms
[2025-01-31 16:20:13] File saved successfully: uploads/job_1/group_1/result_129
[2025-01-31 16:20:13] [updateStatus] MySQL connection established. Execution time: 0.120 ms
[2025-01-31 16:20:13] [updateStatus] SELECT table_name FROM table_registry WHERE id = :job_id FOR UPDATE / Execution time: 0.202 ms
[2025-01-31 16:20:13] [updateStatus] UPDATE `matrix` SET status = :status WHERE id = :sub_job_id / Execution time: 0.193 ms
[2025-01-31 16:20:13] [updateStatus] SELECT COUNT_RECORDS FROM `matrix` / Execution time: 0.811 ms
[2025-01-31 16:20:13] [updateStatus] UPDATE table_registry SET status = :status WHERE id = :job_id / Execution time: 0.183 ms
[2025-01-31 16:20:13] updateStatus completed. Execution time: 57.317 ms
[2025-01-31 16:20:13] Write file completed. Execution time: 57.693 ms
[2025-01-31 16:20:13] [getGroupStatus] MySQL connection established. Execution time: 0.087 ms
[2025-01-31 16:20:13] [getGroupStatus] SELECT table_name FROM table_registry WHERE id = :job_id / Execution time: 0.293 ms
[2025-01-31 16:20:13] [getGroupStatus] SELECT status FROM `matrix` WHERE group_id = :group_id / Execution time: 1.336 ms
[2025-01-31 16:20:13] getGroupStatus completed. Execution time: 1.893 ms
[2025-01-31 16:20:13] Group 1 is not completed yet.
[2025-01-31 16:20:13] Program completed. Total execution time: 63.411 ms

