
[2025-01-31 16:20:23] Program started at 2025-01-31 16:20:23.8571
[2025-01-31 16:20:23] [getClientID] MySQL connection established. Execution time: 0.261 ms
[2025-01-31 16:20:23] [getClientID] SELECT table_name FROM table_registry WHERE id = :job_id / Execution time: 0.369 ms
[2025-01-31 16:20:23] [getClientID] SELECT client FROM `matrix` WHERE id = :sub_job_id / Execution time: 0.253 ms
[2025-01-31 16:20:23] getClientID completed. Execution time: 1.195 ms
[2025-01-31 16:20:23] Read file completed. Execution time: 0.013 ms
[2025-01-31 16:20:23] File saved successfully: uploads/job_1/group_1/result_456
[2025-01-31 16:20:23] [updateStatus] MySQL connection established. Execution time: 0.125 ms
[2025-01-31 16:20:23] [updateStatus] SELECT table_name FROM table_registry WHERE id = :job_id FOR UPDATE / Execution time: 0.225 ms
[2025-01-31 16:20:23] [updateStatus] UPDATE `matrix` SET status = :status WHERE id = :sub_job_id / Execution time: 0.248 ms
[2025-01-31 16:20:23] [updateStatus] SELECT COUNT_RECORDS FROM `matrix` / Execution time: 0.948 ms
[2025-01-31 16:20:23] [updateStatus] UPDATE table_registry SET status = :status WHERE id = :job_id / Execution time: 0.210 ms
[2025-01-31 16:20:23] updateStatus completed. Execution time: 55.197 ms
[2025-01-31 16:20:23] Write file completed. Execution time: 55.581 ms
[2025-01-31 16:20:23] [getGroupStatus] MySQL connection established. Execution time: 0.084 ms
[2025-01-31 16:20:23] [getGroupStatus] SELECT table_name FROM table_registry WHERE id = :job_id / Execution time: 0.311 ms
[2025-01-31 16:20:23] [getGroupStatus] SELECT status FROM `matrix` WHERE group_id = :group_id / Execution time: 1.459 ms
[2025-01-31 16:20:23] getGroupStatus completed. Execution time: 2.096 ms
[2025-01-31 16:20:23] Group 1 is not completed yet.
[2025-01-31 16:20:23] Program completed. Total execution time: 61.650 ms

