
[2025-01-31 16:20:09] Program started at 2025-01-31 16:20:09.6417
[2025-01-31 16:20:09] [getClientID] MySQL connection established. Execution time: 0.114 ms
[2025-01-31 16:20:09] [getClientID] SELECT table_name FROM table_registry WHERE id = :job_id / Execution time: 0.194 ms
[2025-01-31 16:20:09] [getClientID] SELECT client FROM `matrix` WHERE id = :sub_job_id / Execution time: 0.116 ms
[2025-01-31 16:20:09] getClientID completed. Execution time: 0.503 ms
[2025-01-31 16:20:09] Read file completed. Execution time: 0.007 ms
[2025-01-31 16:20:09] File saved successfully: uploads/job_1/group_1/result_142
[2025-01-31 16:20:09] [updateStatus] MySQL connection established. Execution time: 0.200 ms
[2025-01-31 16:20:09] [updateStatus] SELECT table_name FROM table_registry WHERE id = :job_id FOR UPDATE / Execution time: 0.169 ms
[2025-01-31 16:20:09] [updateStatus] UPDATE `matrix` SET status = :status WHERE id = :sub_job_id / Execution time: 0.119 ms
[2025-01-31 16:20:09] [updateStatus] SELECT COUNT_RECORDS FROM `matrix` / Execution time: 1.590 ms
[2025-01-31 16:20:09] [updateStatus] UPDATE table_registry SET status = :status WHERE id = :job_id / Execution time: 0.241 ms
[2025-01-31 16:20:10] updateStatus completed. Execution time: 567.080 ms
[2025-01-31 16:20:10] Write file completed. Execution time: 778.979 ms
[2025-01-31 16:20:10] [getGroupStatus] MySQL connection established. Execution time: 0.072 ms
[2025-01-31 16:20:10] [getGroupStatus] SELECT table_name FROM table_registry WHERE id = :job_id / Execution time: 0.382 ms
[2025-01-31 16:20:10] [getGroupStatus] SELECT status FROM `matrix` WHERE group_id = :group_id / Execution time: 2.551 ms
[2025-01-31 16:20:10] getGroupStatus completed. Execution time: 3.288 ms
[2025-01-31 16:20:10] Group 1 is not completed yet.
[2025-01-31 16:20:10] Program completed. Total execution time: 787.616 ms

