
[2025-01-31 16:20:20] Program started at 2025-01-31 16:20:20.7485
[2025-01-31 16:20:20] [getClientID] MySQL connection established. Execution time: 0.239 ms
[2025-01-31 16:20:20] [getClientID] SELECT table_name FROM table_registry WHERE id = :job_id / Execution time: 0.357 ms
[2025-01-31 16:20:20] [getClientID] SELECT client FROM `matrix` WHERE id = :sub_job_id / Execution time: 0.233 ms
[2025-01-31 16:20:20] getClientID completed. Execution time: 0.986 ms
[2025-01-31 16:20:20] Read file completed. Execution time: 0.011 ms
[2025-01-31 16:20:20] File saved successfully: uploads/job_1/group_1/result_2
[2025-01-31 16:20:20] [updateStatus] MySQL connection established. Execution time: 0.124 ms
[2025-01-31 16:20:20] [updateStatus] SELECT table_name FROM table_registry WHERE id = :job_id FOR UPDATE / Execution time: 0.210 ms
[2025-01-31 16:20:20] [updateStatus] UPDATE `matrix` SET status = :status WHERE id = :sub_job_id / Execution time: 0.241 ms
[2025-01-31 16:20:20] [updateStatus] SELECT COUNT_RECORDS FROM `matrix` / Execution time: 0.977 ms
[2025-01-31 16:20:20] [updateStatus] UPDATE table_registry SET status = :status WHERE id = :job_id / Execution time: 0.199 ms
[2025-01-31 16:20:20] updateStatus completed. Execution time: 5.163 ms
[2025-01-31 16:20:20] Write file completed. Execution time: 5.487 ms
[2025-01-31 16:20:20] [getGroupStatus] MySQL connection established. Execution time: 0.168 ms
[2025-01-31 16:20:20] [getGroupStatus] SELECT table_name FROM table_registry WHERE id = :job_id / Execution time: 0.303 ms
[2025-01-31 16:20:20] [getGroupStatus] SELECT status FROM `matrix` WHERE group_id = :group_id / Execution time: 1.258 ms
[2025-01-31 16:20:20] getGroupStatus completed. Execution time: 1.853 ms
[2025-01-31 16:20:20] Group 1 is not completed yet.
[2025-01-31 16:20:20] Program completed. Total execution time: 10.976 ms

