
[2025-01-31 16:20:20] Program started at 2025-01-31 16:20:20.452
[2025-01-31 16:20:20] [getClientID] MySQL connection established. Execution time: 0.219 ms
[2025-01-31 16:20:20] [getClientID] SELECT table_name FROM table_registry WHERE id = :job_id / Execution time: 0.379 ms
[2025-01-31 16:20:20] [getClientID] SELECT client FROM `matrix` WHERE id = :sub_job_id / Execution time: 0.213 ms
[2025-01-31 16:20:20] getClientID completed. Execution time: 0.986 ms
[2025-01-31 16:20:20] Read file completed. Execution time: 0.012 ms
[2025-01-31 16:20:20] File saved successfully: uploads/job_1/group_1/result_470
[2025-01-31 16:20:20] [updateStatus] MySQL connection established. Execution time: 0.115 ms
[2025-01-31 16:20:20] [updateStatus] SELECT table_name FROM table_registry WHERE id = :job_id FOR UPDATE / Execution time: 0.216 ms
[2025-01-31 16:20:20] [updateStatus] UPDATE `matrix` SET status = :status WHERE id = :sub_job_id / Execution time: 0.224 ms
[2025-01-31 16:20:20] [updateStatus] SELECT COUNT_RECORDS FROM `matrix` / Execution time: 0.962 ms
[2025-01-31 16:20:20] [updateStatus] UPDATE table_registry SET status = :status WHERE id = :job_id / Execution time: 0.196 ms
[2025-01-31 16:20:20] updateStatus completed. Execution time: 4.016 ms
[2025-01-31 16:20:20] Write file completed. Execution time: 4.338 ms
[2025-01-31 16:20:20] [getGroupStatus] MySQL connection established. Execution time: 0.059 ms
[2025-01-31 16:20:20] [getGroupStatus] SELECT table_name FROM table_registry WHERE id = :job_id / Execution time: 0.276 ms
[2025-01-31 16:20:20] [getGroupStatus] SELECT status FROM `matrix` WHERE group_id = :group_id / Execution time: 1.176 ms
[2025-01-31 16:20:20] getGroupStatus completed. Execution time: 1.654 ms
[2025-01-31 16:20:20] Group 1 is not completed yet.
[2025-01-31 16:20:20] Program completed. Total execution time: 9.639 ms

