
[2025-01-31 16:20:28] Program started at 2025-01-31 16:20:28.2971
[2025-01-31 16:20:28] [getClientID] MySQL connection established. Execution time: 0.533 ms
[2025-01-31 16:20:28] [getClientID] SELECT table_name FROM table_registry WHERE id = :job_id / Execution time: 0.520 ms
[2025-01-31 16:20:28] [getClientID] SELECT client FROM `matrix` WHERE id = :sub_job_id / Execution time: 0.296 ms
[2025-01-31 16:20:28] getClientID completed. Execution time: 1.689 ms
[2025-01-31 16:20:28] Read file completed. Execution time: 0.016 ms
[2025-01-31 16:20:28] File saved successfully: uploads/job_1/group_1/result_450
[2025-01-31 16:20:28] [updateStatus] MySQL connection established. Execution time: 0.146 ms
[2025-01-31 16:20:28] [updateStatus] SELECT table_name FROM table_registry WHERE id = :job_id FOR UPDATE / Execution time: 1.778 ms
[2025-01-31 16:20:28] [updateStatus] UPDATE `matrix` SET status = :status WHERE id = :sub_job_id / Execution time: 0.364 ms
[2025-01-31 16:20:28] [updateStatus] SELECT COUNT_RECORDS FROM `matrix` / Execution time: 1.035 ms
[2025-01-31 16:20:28] [updateStatus] UPDATE table_registry SET status = :status WHERE id = :job_id / Execution time: 0.228 ms
[2025-01-31 16:20:28] updateStatus completed. Execution time: 68.549 ms
[2025-01-31 16:20:28] Write file completed. Execution time: 68.871 ms
[2025-01-31 16:20:28] [getGroupStatus] MySQL connection established. Execution time: 0.055 ms
[2025-01-31 16:20:28] [getGroupStatus] SELECT table_name FROM table_registry WHERE id = :job_id / Execution time: 0.311 ms
[2025-01-31 16:20:28] [getGroupStatus] SELECT status FROM `matrix` WHERE group_id = :group_id / Execution time: 1.066 ms
[2025-01-31 16:20:28] getGroupStatus completed. Execution time: 1.524 ms
[2025-01-31 16:20:28] Group 1 is not completed yet.
[2025-01-31 16:20:28] Program completed. Total execution time: 75.212 ms

