
[2025-01-31 16:20:16] Program started at 2025-01-31 16:20:16.6102
[2025-01-31 16:20:16] [getClientID] MySQL connection established. Execution time: 0.114 ms
[2025-01-31 16:20:16] [getClientID] SELECT table_name FROM table_registry WHERE id = :job_id / Execution time: 0.264 ms
[2025-01-31 16:20:16] [getClientID] SELECT client FROM `matrix` WHERE id = :sub_job_id / Execution time: 0.180 ms
[2025-01-31 16:20:16] getClientID completed. Execution time: 0.639 ms
[2025-01-31 16:20:16] Read file completed. Execution time: 0.007 ms
[2025-01-31 16:20:16] File saved successfully: uploads/job_1/group_1/result_106
[2025-01-31 16:20:16] [updateStatus] MySQL connection established. Execution time: 0.209 ms
[2025-01-31 16:20:16] [updateStatus] SELECT table_name FROM table_registry WHERE id = :job_id FOR UPDATE / Execution time: 0.300 ms
[2025-01-31 16:20:16] [updateStatus] UPDATE `matrix` SET status = :status WHERE id = :sub_job_id / Execution time: 0.257 ms
[2025-01-31 16:20:16] [updateStatus] SELECT COUNT_RECORDS FROM `matrix` / Execution time: 0.992 ms
[2025-01-31 16:20:16] [updateStatus] UPDATE table_registry SET status = :status WHERE id = :job_id / Execution time: 0.210 ms
[2025-01-31 16:20:16] updateStatus completed. Execution time: 275.429 ms
[2025-01-31 16:20:16] Write file completed. Execution time: 367.424 ms
[2025-01-31 16:20:16] [getGroupStatus] MySQL connection established. Execution time: 0.095 ms
[2025-01-31 16:20:16] [getGroupStatus] SELECT table_name FROM table_registry WHERE id = :job_id / Execution time: 0.347 ms
[2025-01-31 16:20:16] [getGroupStatus] SELECT status FROM `matrix` WHERE group_id = :group_id / Execution time: 1.527 ms
[2025-01-31 16:20:16] getGroupStatus completed. Execution time: 2.247 ms
[2025-01-31 16:20:16] Group 1 is not completed yet.
[2025-01-31 16:20:16] Program completed. Total execution time: 371.713 ms

