
[2025-01-31 16:20:15] Program started at 2025-01-31 16:20:15.7951
[2025-01-31 16:20:15] [getClientID] MySQL connection established. Execution time: 0.278 ms
[2025-01-31 16:20:15] [getClientID] SELECT table_name FROM table_registry WHERE id = :job_id / Execution time: 0.452 ms
[2025-01-31 16:20:15] [getClientID] SELECT client FROM `matrix` WHERE id = :sub_job_id / Execution time: 0.212 ms
[2025-01-31 16:20:15] getClientID completed. Execution time: 1.050 ms
[2025-01-31 16:20:15] Read file completed. Execution time: 0.009 ms
[2025-01-31 16:20:15] File saved successfully: uploads/job_1/group_1/result_104
[2025-01-31 16:20:15] [updateStatus] MySQL connection established. Execution time: 0.104 ms
[2025-01-31 16:20:15] [updateStatus] SELECT table_name FROM table_registry WHERE id = :job_id FOR UPDATE / Execution time: 0.231 ms
[2025-01-31 16:20:15] [updateStatus] UPDATE `matrix` SET status = :status WHERE id = :sub_job_id / Execution time: 0.226 ms
[2025-01-31 16:20:15] [updateStatus] SELECT COUNT_RECORDS FROM `matrix` / Execution time: 0.891 ms
[2025-01-31 16:20:15] [updateStatus] UPDATE table_registry SET status = :status WHERE id = :job_id / Execution time: 0.208 ms
[2025-01-31 16:20:15] updateStatus completed. Execution time: 3.762 ms
[2025-01-31 16:20:15] Write file completed. Execution time: 4.021 ms
[2025-01-31 16:20:15] [getGroupStatus] MySQL connection established. Execution time: 0.042 ms
[2025-01-31 16:20:15] [getGroupStatus] SELECT table_name FROM table_registry WHERE id = :job_id / Execution time: 0.164 ms
[2025-01-31 16:20:15] [getGroupStatus] SELECT status FROM `matrix` WHERE group_id = :group_id / Execution time: 0.764 ms
[2025-01-31 16:20:15] getGroupStatus completed. Execution time: 1.062 ms
[2025-01-31 16:20:15] Group 1 is not completed yet.
[2025-01-31 16:20:15] Program completed. Total execution time: 7.792 ms

