
[2025-01-31 16:20:19] Program started at 2025-01-31 16:20:19.4457
[2025-01-31 16:20:19] [getClientID] MySQL connection established. Execution time: 0.267 ms
[2025-01-31 16:20:19] [getClientID] SELECT table_name FROM table_registry WHERE id = :job_id / Execution time: 0.612 ms
[2025-01-31 16:20:19] [getClientID] SELECT client FROM `matrix` WHERE id = :sub_job_id / Execution time: 0.285 ms
[2025-01-31 16:20:19] getClientID completed. Execution time: 1.387 ms
[2025-01-31 16:20:19] Read file completed. Execution time: 0.015 ms
[2025-01-31 16:20:19] File saved successfully: uploads/job_1/group_1/result_5
[2025-01-31 16:20:19] [updateStatus] MySQL connection established. Execution time: 0.110 ms
[2025-01-31 16:20:19] [updateStatus] SELECT table_name FROM table_registry WHERE id = :job_id FOR UPDATE / Execution time: 0.630 ms
[2025-01-31 16:20:19] [updateStatus] UPDATE `matrix` SET status = :status WHERE id = :sub_job_id / Execution time: 0.153 ms
[2025-01-31 16:20:19] [updateStatus] SELECT COUNT_RECORDS FROM `matrix` / Execution time: 0.450 ms
[2025-01-31 16:20:19] [updateStatus] UPDATE table_registry SET status = :status WHERE id = :job_id / Execution time: 0.104 ms
[2025-01-31 16:20:19] updateStatus completed. Execution time: 113.551 ms
[2025-01-31 16:20:19] Write file completed. Execution time: 114.243 ms
[2025-01-31 16:20:19] [getGroupStatus] MySQL connection established. Execution time: 0.063 ms
[2025-01-31 16:20:19] [getGroupStatus] SELECT table_name FROM table_registry WHERE id = :job_id / Execution time: 0.205 ms
[2025-01-31 16:20:19] [getGroupStatus] SELECT status FROM `matrix` WHERE group_id = :group_id / Execution time: 1.110 ms
[2025-01-31 16:20:19] getGroupStatus completed. Execution time: 1.574 ms
[2025-01-31 16:20:19] Group 1 is not completed yet.
[2025-01-31 16:20:19] Program completed. Total execution time: 118.703 ms

