
[2025-01-31 16:20:25] Program started at 2025-01-31 16:20:25.2648
[2025-01-31 16:20:25] [getClientID] MySQL connection established. Execution time: 0.337 ms
[2025-01-31 16:20:25] [getClientID] SELECT table_name FROM table_registry WHERE id = :job_id / Execution time: 0.477 ms
[2025-01-31 16:20:25] [getClientID] SELECT client FROM `matrix` WHERE id = :sub_job_id / Execution time: 0.241 ms
[2025-01-31 16:20:25] getClientID completed. Execution time: 1.287 ms
[2025-01-31 16:20:25] Read file completed. Execution time: 0.018 ms
[2025-01-31 16:20:25] File saved successfully: uploads/job_1/group_1/result_57
[2025-01-31 16:20:25] [updateStatus] MySQL connection established. Execution time: 0.238 ms
[2025-01-31 16:20:25] [updateStatus] SELECT table_name FROM table_registry WHERE id = :job_id FOR UPDATE / Execution time: 0.324 ms
[2025-01-31 16:20:25] [updateStatus] UPDATE `matrix` SET status = :status WHERE id = :sub_job_id / Execution time: 0.276 ms
[2025-01-31 16:20:25] [updateStatus] SELECT COUNT_RECORDS FROM `matrix` / Execution time: 0.930 ms
[2025-01-31 16:20:25] [updateStatus] UPDATE table_registry SET status = :status WHERE id = :job_id / Execution time: 0.204 ms
[2025-01-31 16:20:25] updateStatus completed. Execution time: 4.474 ms
[2025-01-31 16:20:25] Write file completed. Execution time: 4.974 ms
[2025-01-31 16:20:25] [getGroupStatus] MySQL connection established. Execution time: 0.086 ms
[2025-01-31 16:20:25] [getGroupStatus] SELECT table_name FROM table_registry WHERE id = :job_id / Execution time: 0.204 ms
[2025-01-31 16:20:25] [getGroupStatus] SELECT status FROM `matrix` WHERE group_id = :group_id / Execution time: 0.776 ms
[2025-01-31 16:20:25] getGroupStatus completed. Execution time: 1.223 ms
[2025-01-31 16:20:25] Group 1 is not completed yet.
[2025-01-31 16:20:25] Program completed. Total execution time: 10.332 ms

