
[2025-01-31 16:20:16] Program started at 2025-01-31 16:20:16.9771
[2025-01-31 16:20:16] [getClientID] MySQL connection established. Execution time: 0.309 ms
[2025-01-31 16:20:16] [getClientID] SELECT table_name FROM table_registry WHERE id = :job_id / Execution time: 0.446 ms
[2025-01-31 16:20:16] [getClientID] SELECT client FROM `matrix` WHERE id = :sub_job_id / Execution time: 0.293 ms
[2025-01-31 16:20:16] getClientID completed. Execution time: 1.282 ms
[2025-01-31 16:20:16] Read file completed. Execution time: 0.011 ms
[2025-01-31 16:20:16] File saved successfully: uploads/job_1/group_1/result_325
[2025-01-31 16:20:16] [updateStatus] MySQL connection established. Execution time: 0.123 ms
[2025-01-31 16:20:16] [updateStatus] SELECT table_name FROM table_registry WHERE id = :job_id FOR UPDATE / Execution time: 7.774 ms
[2025-01-31 16:20:16] [updateStatus] UPDATE `matrix` SET status = :status WHERE id = :sub_job_id / Execution time: 0.236 ms
[2025-01-31 16:20:16] [updateStatus] SELECT COUNT_RECORDS FROM `matrix` / Execution time: 0.391 ms
[2025-01-31 16:20:16] [updateStatus] UPDATE table_registry SET status = :status WHERE id = :job_id / Execution time: 0.093 ms
[2025-01-31 16:20:17] updateStatus completed. Execution time: 237.083 ms
[2025-01-31 16:20:17] Write file completed. Execution time: 239.450 ms
[2025-01-31 16:20:17] [getGroupStatus] MySQL connection established. Execution time: 0.103 ms
[2025-01-31 16:20:17] [getGroupStatus] SELECT table_name FROM table_registry WHERE id = :job_id / Execution time: 0.450 ms
[2025-01-31 16:20:17] [getGroupStatus] SELECT status FROM `matrix` WHERE group_id = :group_id / Execution time: 2.072 ms
[2025-01-31 16:20:17] getGroupStatus completed. Execution time: 2.954 ms
[2025-01-31 16:20:17] Group 1 is not completed yet.
[2025-01-31 16:20:17] Program completed. Total execution time: 245.758 ms

