
[2025-01-31 16:20:17] Program started at 2025-01-31 16:20:17.7924
[2025-01-31 16:20:17] [getClientID] MySQL connection established. Execution time: 0.751 ms
[2025-01-31 16:20:17] [getClientID] SELECT table_name FROM table_registry WHERE id = :job_id / Execution time: 0.596 ms
[2025-01-31 16:20:17] [getClientID] SELECT client FROM `matrix` WHERE id = :sub_job_id / Execution time: 0.343 ms
[2025-01-31 16:20:17] getClientID completed. Execution time: 2.019 ms
[2025-01-31 16:20:17] Read file completed. Execution time: 0.012 ms
[2025-01-31 16:20:17] File saved successfully: uploads/job_1/group_1/result_447
[2025-01-31 16:20:17] [updateStatus] MySQL connection established. Execution time: 0.290 ms
[2025-01-31 16:20:17] [updateStatus] SELECT table_name FROM table_registry WHERE id = :job_id FOR UPDATE / Execution time: 0.865 ms
[2025-01-31 16:20:17] [updateStatus] UPDATE `matrix` SET status = :status WHERE id = :sub_job_id / Execution time: 0.382 ms
[2025-01-31 16:20:17] [updateStatus] SELECT COUNT_RECORDS FROM `matrix` / Execution time: 0.957 ms
[2025-01-31 16:20:17] [updateStatus] UPDATE table_registry SET status = :status WHERE id = :job_id / Execution time: 0.194 ms
[2025-01-31 16:20:17] updateStatus completed. Execution time: 4.339 ms
[2025-01-31 16:20:17] Write file completed. Execution time: 4.655 ms
[2025-01-31 16:20:17] [getGroupStatus] MySQL connection established. Execution time: 0.058 ms
[2025-01-31 16:20:17] [getGroupStatus] SELECT table_name FROM table_registry WHERE id = :job_id / Execution time: 0.295 ms
[2025-01-31 16:20:17] [getGroupStatus] SELECT status FROM `matrix` WHERE group_id = :group_id / Execution time: 1.114 ms
[2025-01-31 16:20:17] getGroupStatus completed. Execution time: 1.586 ms
[2025-01-31 16:20:17] Group 1 is not completed yet.
[2025-01-31 16:20:17] Program completed. Total execution time: 12.494 ms

