
[2025-01-31 17:07:54] Program started at 2025-01-31 17:07:54.1477
[2025-01-31 17:07:54] [getClientID] MySQL connection established. Execution time: 0.834 ms
[2025-01-31 17:07:54] [getClientID] SELECT table_name FROM table_registry WHERE id = :job_id / Execution time: 0.509 ms
[2025-01-31 17:07:54] [getClientID] SELECT client FROM `matrix` WHERE id = :sub_job_id / Execution time: 151.779 ms
[2025-01-31 17:07:54] getClientID completed. Execution time: 153.373 ms
[2025-01-31 17:07:54] Read file completed. Execution time: 0.018 ms
[2025-01-31 17:07:54] File saved successfully: uploads/job_1/group_1/result_43
[2025-01-31 17:07:54] [updateStatus] MySQL connection established. Execution time: 0.179 ms
[2025-01-31 17:07:54] [updateStatus] SELECT table_name FROM table_registry WHERE id = :job_id FOR UPDATE / Execution time: 285.158 ms
[2025-01-31 17:07:54] [updateStatus] UPDATE `matrix` SET status = :status WHERE id = :sub_job_id / Execution time: 0.291 ms
[2025-01-31 17:07:54] [updateStatus] SELECT COUNT_RECORDS FROM `matrix` / Execution time: 0.355 ms
[2025-01-31 17:07:54] [updateStatus] UPDATE table_registry SET status = :status WHERE id = :job_id / Execution time: 0.154 ms
[2025-01-31 17:07:54] updateStatus completed. Execution time: 326.955 ms
[2025-01-31 17:07:54] Write file completed. Execution time: 327.527 ms
[2025-01-31 17:07:54] [getGroupStatus] MySQL connection established. Execution time: 0.106 ms
[2025-01-31 17:07:54] [getGroupStatus] SELECT table_name FROM table_registry WHERE id = :job_id / Execution time: 0.326 ms
[2025-01-31 17:07:54] [getGroupStatus] SELECT status FROM `matrix` WHERE group_id = :group_id / Execution time: 0.708 ms
[2025-01-31 17:07:54] getGroupStatus completed. Execution time: 1.386 ms
[2025-01-31 17:07:54] Merge request completed. Execution time (not actual merge.php execution time, but just request): 11.787 ms
[2025-01-31 17:07:54] Program completed. Total execution time: 497.382 ms

