
[2025-01-31 17:22:52] Program started at 2025-01-31 17:22:52.512
[2025-01-31 17:22:52] [getClientID] MySQL connection established. Execution time: 0.687 ms
[2025-01-31 17:22:52] [getClientID] SELECT table_name FROM table_registry WHERE id = :job_id / Execution time: 0.364 ms
[2025-01-31 17:22:52] [getClientID] SELECT client FROM `matrix` WHERE id = :sub_job_id / Execution time: 0.190 ms
[2025-01-31 17:22:52] getClientID completed. Execution time: 1.355 ms
[2025-01-31 17:22:52] Read file completed. Execution time: 0.007 ms
[2025-01-31 17:22:52] File saved successfully: uploads/job_1/group_1/result_73
[2025-01-31 17:22:52] [updateStatus] MySQL connection established. Execution time: 0.220 ms
[2025-01-31 17:22:52] [updateStatus] SELECT table_name FROM table_registry WHERE id = :job_id FOR UPDATE / Execution time: 3.008 ms
[2025-01-31 17:22:52] [updateStatus] UPDATE `matrix` SET status = :status WHERE id = :sub_job_id / Execution time: 0.276 ms
[2025-01-31 17:22:52] [updateStatus] SELECT COUNT_RECORDS FROM `matrix` / Execution time: 0.380 ms
[2025-01-31 17:22:52] [updateStatus] UPDATE table_registry SET status = :status WHERE id = :job_id / Execution time: 0.161 ms
[2025-01-31 17:22:52] updateStatus completed. Execution time: 162.795 ms
[2025-01-31 17:22:52] Write file completed. Execution time: 176.375 ms
[2025-01-31 17:22:52] [getGroupStatus] MySQL connection established. Execution time: 0.179 ms
[2025-01-31 17:22:52] [getGroupStatus] SELECT table_name FROM table_registry WHERE id = :job_id / Execution time: 0.293 ms
[2025-01-31 17:22:52] [getGroupStatus] SELECT status FROM `matrix` WHERE group_id = :group_id / Execution time: 0.536 ms
[2025-01-31 17:22:52] getGroupStatus completed. Execution time: 1.181 ms
[2025-01-31 17:22:52] Group 1 is not completed yet.
[2025-01-31 17:22:52] Program completed. Total execution time: 181.812 ms

