
[2025-01-31 17:22:52] Program started at 2025-01-31 17:22:52.0932
[2025-01-31 17:22:52] [getClientID] MySQL connection established. Execution time: 0.507 ms
[2025-01-31 17:22:52] [getClientID] SELECT table_name FROM table_registry WHERE id = :job_id / Execution time: 0.357 ms
[2025-01-31 17:22:52] [getClientID] SELECT client FROM `matrix` WHERE id = :sub_job_id / Execution time: 0.233 ms
[2025-01-31 17:22:52] getClientID completed. Execution time: 1.315 ms
[2025-01-31 17:22:52] Read file completed. Execution time: 0.013 ms
[2025-01-31 17:22:52] File saved successfully: uploads/job_1/group_1/result_113
[2025-01-31 17:22:52] [updateStatus] MySQL connection established. Execution time: 0.125 ms
[2025-01-31 17:22:52] [updateStatus] SELECT table_name FROM table_registry WHERE id = :job_id FOR UPDATE / Execution time: 0.253 ms
[2025-01-31 17:22:52] [updateStatus] UPDATE `matrix` SET status = :status WHERE id = :sub_job_id / Execution time: 0.257 ms
[2025-01-31 17:22:52] [updateStatus] SELECT COUNT_RECORDS FROM `matrix` / Execution time: 0.451 ms
[2025-01-31 17:22:52] [updateStatus] UPDATE table_registry SET status = :status WHERE id = :job_id / Execution time: 0.257 ms
[2025-01-31 17:22:52] updateStatus completed. Execution time: 77.541 ms
[2025-01-31 17:22:52] Write file completed. Execution time: 78.087 ms
[2025-01-31 17:22:52] [getGroupStatus] MySQL connection established. Execution time: 0.191 ms
[2025-01-31 17:22:52] [getGroupStatus] SELECT table_name FROM table_registry WHERE id = :job_id / Execution time: 0.330 ms
[2025-01-31 17:22:52] [getGroupStatus] SELECT status FROM `matrix` WHERE group_id = :group_id / Execution time: 0.461 ms
[2025-01-31 17:22:52] getGroupStatus completed. Execution time: 1.095 ms
[2025-01-31 17:22:52] Group 1 is not completed yet.
[2025-01-31 17:22:52] Program completed. Total execution time: 83.494 ms

