
[2025-01-31 15:40:46] Program started at 2025-01-31 15:40:46.4245
[2025-01-31 15:40:46] [getClientID] MySQL connection established. Execution time: 1.161 ms
[2025-01-31 15:40:46] [getClientID] SELECT table_name FROM table_registry WHERE id = :job_id / Execution time: 0.464 ms
[2025-01-31 15:40:46] [getClientID] SELECT client FROM `matrix` WHERE id = :sub_job_id / Execution time: 46.567 ms
[2025-01-31 15:40:46] getClientID completed. Execution time: 48.602 ms
[2025-01-31 15:40:46] Read file completed. Execution time: 0.013 ms
[2025-01-31 15:40:46] File saved successfully: uploads/job_1/group_1/result_12
[2025-01-31 15:40:46] [updateStatus] MySQL connection established. Execution time: 0.251 ms
[2025-01-31 15:40:46] [updateStatus] SELECT table_name FROM table_registry WHERE id = :job_id FOR UPDATE / Execution time: 15.301 ms
[2025-01-31 15:40:46] [updateStatus] UPDATE `matrix` SET status = :status WHERE id = :sub_job_id / Execution time: 0.306 ms
[2025-01-31 15:40:46] [updateStatus] SELECT COUNT_RECORDS FROM `matrix` / Execution time: 0.684 ms
[2025-01-31 15:40:46] [updateStatus] UPDATE table_registry SET status = :status WHERE id = :job_id / Execution time: 0.227 ms
[2025-01-31 15:40:46] updateStatus completed. Execution time: 125.219 ms
[2025-01-31 15:40:46] Write file completed. Execution time: 125.673 ms
[2025-01-31 15:40:46] [getGroupStatus] MySQL connection established. Execution time: 0.101 ms
[2025-01-31 15:40:46] [getGroupStatus] SELECT table_name FROM table_registry WHERE id = :job_id / Execution time: 0.165 ms
[2025-01-31 15:40:46] [getGroupStatus] SELECT status FROM `matrix` WHERE group_id = :group_id / Execution time: 0.567 ms
[2025-01-31 15:40:46] getGroupStatus completed. Execution time: 1.018 ms
[2025-01-31 15:40:46] Group 1 is not completed yet.
[2025-01-31 15:40:46] Program completed. Total execution time: 177.800 ms

