
[2025-01-31 15:40:49] Program started at 2025-01-31 15:40:49.3307
[2025-01-31 15:40:49] [getClientID] MySQL connection established. Execution time: 0.548 ms
[2025-01-31 15:40:49] [getClientID] SELECT table_name FROM table_registry WHERE id = :job_id / Execution time: 0.266 ms
[2025-01-31 15:40:49] [getClientID] SELECT client FROM `matrix` WHERE id = :sub_job_id / Execution time: 0.133 ms
[2025-01-31 15:40:49] getClientID completed. Execution time: 1.209 ms
[2025-01-31 15:40:49] Read file completed. Execution time: 0.014 ms
[2025-01-31 15:40:49] File saved successfully: uploads/job_1/group_1/result_133
[2025-01-31 15:40:49] [updateStatus] MySQL connection established. Execution time: 0.091 ms
[2025-01-31 15:40:49] [updateStatus] SELECT table_name FROM table_registry WHERE id = :job_id FOR UPDATE / Execution time: 0.138 ms
[2025-01-31 15:40:49] [updateStatus] UPDATE `matrix` SET status = :status WHERE id = :sub_job_id / Execution time: 0.153 ms
[2025-01-31 15:40:49] [updateStatus] SELECT COUNT_RECORDS FROM `matrix` / Execution time: 0.312 ms
[2025-01-31 15:40:49] [updateStatus] UPDATE table_registry SET status = :status WHERE id = :job_id / Execution time: 0.212 ms
[2025-01-31 15:40:49] updateStatus completed. Execution time: 80.396 ms
[2025-01-31 15:40:49] Write file completed. Execution time: 80.724 ms
[2025-01-31 15:40:49] [getGroupStatus] MySQL connection established. Execution time: 0.068 ms
[2025-01-31 15:40:49] [getGroupStatus] SELECT table_name FROM table_registry WHERE id = :job_id / Execution time: 0.321 ms
[2025-01-31 15:40:49] [getGroupStatus] SELECT status FROM `matrix` WHERE group_id = :group_id / Execution time: 0.975 ms
[2025-01-31 15:40:49] getGroupStatus completed. Execution time: 1.573 ms
[2025-01-31 15:40:49] Group 1 is not completed yet.
[2025-01-31 15:40:49] Program completed. Total execution time: 85.513 ms

