
[2025-01-31 15:40:47] Program started at 2025-01-31 15:40:47.071
[2025-01-31 15:40:47] [getClientID] MySQL connection established. Execution time: 0.630 ms
[2025-01-31 15:40:47] [getClientID] SELECT table_name FROM table_registry WHERE id = :job_id / Execution time: 0.449 ms
[2025-01-31 15:40:47] [getClientID] SELECT client FROM `matrix` WHERE id = :sub_job_id / Execution time: 0.290 ms
[2025-01-31 15:40:47] getClientID completed. Execution time: 1.719 ms
[2025-01-31 15:40:47] Read file completed. Execution time: 0.015 ms
[2025-01-31 15:40:47] File saved successfully: uploads/job_1/group_1/result_82
[2025-01-31 15:40:47] [updateStatus] MySQL connection established. Execution time: 0.261 ms
[2025-01-31 15:40:47] [updateStatus] SELECT table_name FROM table_registry WHERE id = :job_id FOR UPDATE / Execution time: 0.308 ms
[2025-01-31 15:40:47] [updateStatus] UPDATE `matrix` SET status = :status WHERE id = :sub_job_id / Execution time: 0.272 ms
[2025-01-31 15:40:47] [updateStatus] SELECT COUNT_RECORDS FROM `matrix` / Execution time: 0.700 ms
[2025-01-31 15:40:47] [updateStatus] UPDATE table_registry SET status = :status WHERE id = :job_id / Execution time: 0.205 ms
[2025-01-31 15:40:47] updateStatus completed. Execution time: 155.888 ms
[2025-01-31 15:40:47] Write file completed. Execution time: 156.215 ms
[2025-01-31 15:40:47] [getGroupStatus] MySQL connection established. Execution time: 0.074 ms
[2025-01-31 15:40:47] [getGroupStatus] SELECT table_name FROM table_registry WHERE id = :job_id / Execution time: 0.281 ms
[2025-01-31 15:40:47] [getGroupStatus] SELECT status FROM `matrix` WHERE group_id = :group_id / Execution time: 0.680 ms
[2025-01-31 15:40:47] getGroupStatus completed. Execution time: 1.176 ms
[2025-01-31 15:40:47] Group 1 is not completed yet.
[2025-01-31 15:40:47] Program completed. Total execution time: 162.111 ms

