
[2025-01-31 16:54:24] Program started at 2025-01-31 16:54:24.8387
[2025-01-31 16:54:24] [getClientID] MySQL connection established. Execution time: 0.279 ms
[2025-01-31 16:54:24] [getClientID] SELECT table_name FROM table_registry WHERE id = :job_id / Execution time: 0.406 ms
[2025-01-31 16:54:24] [getClientID] SELECT client FROM `matrix` WHERE id = :sub_job_id / Execution time: 0.196 ms
[2025-01-31 16:54:24] getClientID completed. Execution time: 0.982 ms
[2025-01-31 16:54:24] Read file completed. Execution time: 0.009 ms
[2025-01-31 16:54:24] File saved successfully: uploads/job_1/group_1/result_248
[2025-01-31 16:54:24] [updateStatus] MySQL connection established. Execution time: 0.094 ms
[2025-01-31 16:54:24] [updateStatus] SELECT table_name FROM table_registry WHERE id = :job_id FOR UPDATE / Execution time: 0.195 ms
[2025-01-31 16:54:24] [updateStatus] UPDATE `matrix` SET status = :status WHERE id = :sub_job_id / Execution time: 0.233 ms
[2025-01-31 16:54:24] [updateStatus] SELECT COUNT_RECORDS FROM `matrix` / Execution time: 0.562 ms
[2025-01-31 16:54:24] [updateStatus] UPDATE table_registry SET status = :status WHERE id = :job_id / Execution time: 0.158 ms
[2025-01-31 16:54:24] updateStatus completed. Execution time: 67.641 ms
[2025-01-31 16:54:24] Write file completed. Execution time: 67.917 ms
[2025-01-31 16:54:24] [getGroupStatus] MySQL connection established. Execution time: 0.083 ms
[2025-01-31 16:54:24] [getGroupStatus] SELECT table_name FROM table_registry WHERE id = :job_id / Execution time: 0.315 ms
[2025-01-31 16:54:24] [getGroupStatus] SELECT status FROM `matrix` WHERE group_id = :group_id / Execution time: 0.918 ms
[2025-01-31 16:54:24] getGroupStatus completed. Execution time: 1.556 ms
[2025-01-31 16:54:24] Group 1 is not completed yet.
[2025-01-31 16:54:24] Program completed. Total execution time: 72.093 ms

