
[2025-01-31 16:54:27] Program started at 2025-01-31 16:54:27.2982
[2025-01-31 16:54:27] [getClientID] MySQL connection established. Execution time: 0.341 ms
[2025-01-31 16:54:27] [getClientID] SELECT table_name FROM table_registry WHERE id = :job_id / Execution time: 0.472 ms
[2025-01-31 16:54:27] [getClientID] SELECT client FROM `matrix` WHERE id = :sub_job_id / Execution time: 0.220 ms
[2025-01-31 16:54:27] getClientID completed. Execution time: 1.208 ms
[2025-01-31 16:54:27] Read file completed. Execution time: 0.014 ms
[2025-01-31 16:54:27] File saved successfully: uploads/job_1/group_1/result_30
[2025-01-31 16:54:27] [updateStatus] MySQL connection established. Execution time: 0.143 ms
[2025-01-31 16:54:27] [updateStatus] SELECT table_name FROM table_registry WHERE id = :job_id FOR UPDATE / Execution time: 0.182 ms
[2025-01-31 16:54:27] [updateStatus] UPDATE `matrix` SET status = :status WHERE id = :sub_job_id / Execution time: 0.221 ms
[2025-01-31 16:54:27] [updateStatus] SELECT COUNT_RECORDS FROM `matrix` / Execution time: 0.343 ms
[2025-01-31 16:54:27] [updateStatus] UPDATE table_registry SET status = :status WHERE id = :job_id / Execution time: 0.126 ms
[2025-01-31 16:54:27] updateStatus completed. Execution time: 210.332 ms
[2025-01-31 16:54:27] Write file completed. Execution time: 350.093 ms
[2025-01-31 16:54:27] [getGroupStatus] MySQL connection established. Execution time: 0.078 ms
[2025-01-31 16:54:27] [getGroupStatus] SELECT table_name FROM table_registry WHERE id = :job_id / Execution time: 0.169 ms
[2025-01-31 16:54:27] [getGroupStatus] SELECT status FROM `matrix` WHERE group_id = :group_id / Execution time: 0.754 ms
[2025-01-31 16:54:27] getGroupStatus completed. Execution time: 1.192 ms
[2025-01-31 16:54:27] Group 1 is not completed yet.
[2025-01-31 16:54:27] Program completed. Total execution time: 355.360 ms

