
[2025-01-31 17:45:49] Program started at 2025-01-31 17:45:49.8737
[2025-01-31 17:45:49] [getClientID] MySQL connection established. Execution time: 13.667 ms
[2025-01-31 17:45:49] [getClientID] SELECT table_name FROM table_registry WHERE id = :job_id / Execution time: 0.195 ms
[2025-01-31 17:45:49] [getClientID] SELECT client FROM `matrix` WHERE id = :sub_job_id / Execution time: 0.115 ms
[2025-01-31 17:45:49] getClientID completed. Execution time: 14.125 ms
[2025-01-31 17:45:49] Read file completed. Execution time: 0.006 ms
[2025-01-31 17:45:49] File saved successfully: uploads/job_1/group_1/result_120
[2025-01-31 17:45:49] [updateStatus] MySQL connection established. Execution time: 0.235 ms
[2025-01-31 17:45:49] [updateStatus] SELECT table_name FROM table_registry WHERE id = :job_id FOR UPDATE / Execution time: 49.021 ms
[2025-01-31 17:45:49] [updateStatus] UPDATE `matrix` SET status = :status WHERE id = :sub_job_id / Execution time: 0.312 ms
[2025-01-31 17:45:49] [updateStatus] SELECT COUNT_RECORDS FROM `matrix` / Execution time: 0.498 ms
[2025-01-31 17:45:49] [updateStatus] UPDATE table_registry SET status = :status WHERE id = :job_id / Execution time: 0.197 ms
[2025-01-31 17:45:50] updateStatus completed. Execution time: 339.648 ms
[2025-01-31 17:45:50] Write file completed. Execution time: 363.512 ms
[2025-01-31 17:45:50] [getGroupStatus] MySQL connection established. Execution time: 0.220 ms
[2025-01-31 17:45:50] [getGroupStatus] SELECT table_name FROM table_registry WHERE id = :job_id / Execution time: 0.458 ms
[2025-01-31 17:45:50] [getGroupStatus] SELECT status FROM `matrix` WHERE group_id = :group_id / Execution time: 3.036 ms
[2025-01-31 17:45:50] getGroupStatus completed. Execution time: 4.150 ms
[2025-01-31 17:45:50] Group 1 is not completed yet.
[2025-01-31 17:45:50] Program completed. Total execution time: 383.947 ms

