
[2025-01-31 17:45:50] Program started at 2025-01-31 17:45:50.3026
[2025-01-31 17:45:50] [getClientID] MySQL connection established. Execution time: 0.780 ms
[2025-01-31 17:45:50] [getClientID] SELECT table_name FROM table_registry WHERE id = :job_id / Execution time: 0.343 ms
[2025-01-31 17:45:50] [getClientID] SELECT client FROM `matrix` WHERE id = :sub_job_id / Execution time: 0.185 ms
[2025-01-31 17:45:50] getClientID completed. Execution time: 1.400 ms
[2025-01-31 17:45:50] Read file completed. Execution time: 0.006 ms
[2025-01-31 17:45:50] File saved successfully: uploads/job_1/group_1/result_119
[2025-01-31 17:45:50] [updateStatus] MySQL connection established. Execution time: 0.087 ms
[2025-01-31 17:45:50] [updateStatus] SELECT table_name FROM table_registry WHERE id = :job_id FOR UPDATE / Execution time: 0.224 ms
[2025-01-31 17:45:50] [updateStatus] UPDATE `matrix` SET status = :status WHERE id = :sub_job_id / Execution time: 0.214 ms
[2025-01-31 17:45:50] [updateStatus] SELECT COUNT_RECORDS FROM `matrix` / Execution time: 0.408 ms
[2025-01-31 17:45:50] [updateStatus] UPDATE table_registry SET status = :status WHERE id = :job_id / Execution time: 0.177 ms
[2025-01-31 17:45:50] updateStatus completed. Execution time: 108.397 ms
[2025-01-31 17:45:50] Write file completed. Execution time: 108.629 ms
[2025-01-31 17:45:50] [getGroupStatus] MySQL connection established. Execution time: 0.087 ms
[2025-01-31 17:45:50] [getGroupStatus] SELECT table_name FROM table_registry WHERE id = :job_id / Execution time: 0.311 ms
[2025-01-31 17:45:50] [getGroupStatus] SELECT status FROM `matrix` WHERE group_id = :group_id / Execution time: 0.554 ms
[2025-01-31 17:45:50] getGroupStatus completed. Execution time: 1.153 ms
[2025-01-31 17:45:50] Merge request completed. Execution time (not actual merge.php execution time, but just request): 6.122 ms
[2025-01-31 17:45:50] Program completed. Total execution time: 120.314 ms

