
[2025-01-31 12:38:12.069829] INFO: Process started with ID: 41
[2025-01-31 12:38:12.499816] INFO: First connection established in 0.191000ms
[2025-01-31 12:38:13.134181] INFO: Sending request: GET /http_server/send-object.php?ID=41 HTTP/1.1
Host: 192.168.100.3
Connection: close


[2025-01-31 12:38:13.829065] INFO: First request sent in 0.033000ms
[2025-01-31 12:38:14.361196] INFO: Time from request to first response in 0.027000ms
[2025-01-31 12:38:14.642739] INFO: Received headers - MPI-Rank: 51, Group-ID: 1, Job-ID: 1, Sub-Job-ID: 52, Rank-Count: 64
[2025-01-31 12:38:15.037132] INFO: Receive loop #1 received 16384 bytes in 619.713000ms
[2025-01-31 12:38:15.497976] INFO: Receive loop #2 received 16384 bytes in 0.060000ms
[2025-01-31 12:38:16.146626] INFO: Receive loop #3 received 16384 bytes in 0.075000ms
[2025-01-31 12:38:16.798661] INFO: Receive loop #4 received 16384 bytes in 0.108000ms
[2025-01-31 12:38:17.269091] INFO: Receive loop #5 received 16384 bytes in 0.028000ms
[2025-01-31 12:38:17.561519] INFO: Receive loop #6 received 16384 bytes in 0.028000ms
[2025-01-31 12:38:17.936340] INFO: Receive loop #7 received 16384 bytes in 0.029000ms
[2025-01-31 12:38:18.476060] INFO: Receive loop #8 received 16384 bytes in 0.243000ms
[2025-01-31 12:38:19.038640] INFO: Receive loop #9 received 16384 bytes in 0.031000ms
[2025-01-31 12:38:19.811824] INFO: Receive loop #10 received 16384 bytes in 0.028000ms
[2025-01-31 12:38:20.225060] INFO: Receive loop #11 received 16384 bytes in 0.027000ms
[2025-01-31 12:38:20.525598] INFO: Receive loop #12 received 7662 bytes in 0.019000ms
[2025-01-31 12:38:20.791786] INFO: Response received in 6410.147000ms
[2025-01-31 12:38:21.036513] INFO: File saved in 0.459000ms
[2025-01-31 12:38:21.199188] INFO: File saved to: /home/vc/kurotaka/objects/temp_41
[2025-01-31 12:38:21.359493] INFO: Execution permission granted to: /home/vc/kurotaka/objects/temp_41
[2025-01-31 12:38:21.482907] INFO: Executing command: /home/vc/kurotaka/objects/temp_41 51 64 1
[2025-01-31 12:38:23.713760] INFO: Command executed in 1983.546000ms
[2025-01-31 12:38:24.259193] INFO: Result saved to: /home/vc/kurotaka/results/result_41
[2025-01-31 12:38:24.897379] INFO: Second connection established in 0.271000ms
[2025-01-31 12:38:25.548949] INFO: Sending result upload request
[2025-01-31 12:38:25.896247] INFO: Second request sent in 0.026000ms
[2025-01-31 12:38:26.126457] INFO: Result uploaded in 0.053000ms
[2025-01-31 12:38:26.459808] INFO: Process completed successfully. Total execution time in 14950.043000ms

