
[2025-01-31 12:38:12.254154] INFO: Process started with ID: 42
[2025-01-31 12:38:12.779009] INFO: First connection established in 0.282000ms
[2025-01-31 12:38:13.464844] INFO: Sending request: GET /http_server/send-object.php?ID=42 HTTP/1.1
Host: 192.168.100.3
Connection: close


[2025-01-31 12:38:14.197532] INFO: First request sent in 0.033000ms
[2025-01-31 12:38:14.486360] INFO: Time from request to first response in 0.027000ms
[2025-01-31 12:38:14.856244] INFO: Received headers - MPI-Rank: 58, Group-ID: 1, Job-ID: 1, Sub-Job-ID: 59, Rank-Count: 64
[2025-01-31 12:38:15.299128] INFO: Receive loop #1 received 16384 bytes in 719.805000ms
[2025-01-31 12:38:15.899043] INFO: Receive loop #2 received 16384 bytes in 0.061000ms
[2025-01-31 12:38:16.529850] INFO: Receive loop #3 received 16384 bytes in 0.077000ms
[2025-01-31 12:38:17.139559] INFO: Receive loop #4 received 16384 bytes in 0.110000ms
[2025-01-31 12:38:17.395251] INFO: Receive loop #5 received 16384 bytes in 0.028000ms
[2025-01-31 12:38:17.763888] INFO: Receive loop #6 received 16384 bytes in 0.030000ms
[2025-01-31 12:38:18.195394] INFO: Receive loop #7 received 16384 bytes in 0.029000ms
[2025-01-31 12:38:18.757145] INFO: Receive loop #8 received 16384 bytes in 0.247000ms
[2025-01-31 12:38:19.383216] INFO: Receive loop #9 received 16384 bytes in 0.028000ms
[2025-01-31 12:38:20.105742] INFO: Receive loop #10 received 16384 bytes in 0.027000ms
[2025-01-31 12:38:20.417159] INFO: Receive loop #11 received 16384 bytes in 0.027000ms
[2025-01-31 12:38:20.642885] INFO: Receive loop #12 received 7662 bytes in 0.018000ms
[2025-01-31 12:38:20.878077] INFO: Response received in 6388.533000ms
[2025-01-31 12:38:21.095272] INFO: File saved in 0.440000ms
[2025-01-31 12:38:21.266226] INFO: File saved to: /home/vc/kurotaka/objects/temp_42
[2025-01-31 12:38:21.483188] INFO: Execution permission granted to: /home/vc/kurotaka/objects/temp_42
[2025-01-31 12:38:21.525978] INFO: Executing command: /home/vc/kurotaka/objects/temp_42 58 64 1
[2025-01-31 12:38:23.765906] INFO: Command executed in 1982.488000ms
[2025-01-31 12:38:24.301347] INFO: Result saved to: /home/vc/kurotaka/results/result_42
[2025-01-31 12:38:24.941248] INFO: Second connection established in 0.264000ms
[2025-01-31 12:38:25.633871] INFO: Sending result upload request
[2025-01-31 12:38:25.957189] INFO: Second request sent in 0.026000ms
[2025-01-31 12:38:26.282644] INFO: Result uploaded in 0.056000ms
[2025-01-31 12:38:26.647060] INFO: Process completed successfully. Total execution time in 15086.187000ms

