
[2025-01-31 12:38:12.146073] INFO: Process started with ID: 53
[2025-01-31 12:38:12.711133] INFO: First connection established in 0.181000ms
[2025-01-31 12:38:13.340851] INFO: Sending request: GET /http_server/send-object.php?ID=53 HTTP/1.1
Host: 192.168.100.3
Connection: close


[2025-01-31 12:38:14.059254] INFO: First request sent in 0.042000ms
[2025-01-31 12:38:14.417595] INFO: Time from request to first response in 0.032000ms
[2025-01-31 12:38:14.710868] INFO: Received headers - MPI-Rank: 53, Group-ID: 1, Job-ID: 1, Sub-Job-ID: 54, Rank-Count: 64
[2025-01-31 12:38:15.086578] INFO: Receive loop #1 received 16384 bytes in 621.729000ms
[2025-01-31 12:38:15.497511] INFO: Receive loop #2 received 16384 bytes in 0.068000ms
[2025-01-31 12:38:16.068396] INFO: Receive loop #3 received 16384 bytes in 0.088000ms
[2025-01-31 12:38:16.798357] INFO: Receive loop #4 received 16384 bytes in 0.108000ms
[2025-01-31 12:38:17.245146] INFO: Receive loop #5 received 16384 bytes in 0.029000ms
[2025-01-31 12:38:17.514178] INFO: Receive loop #6 received 16384 bytes in 0.029000ms
[2025-01-31 12:38:17.884681] INFO: Receive loop #7 received 16384 bytes in 0.030000ms
[2025-01-31 12:38:18.359935] INFO: Receive loop #8 received 16384 bytes in 0.246000ms
[2025-01-31 12:38:18.995618] INFO: Receive loop #9 received 16384 bytes in 0.029000ms
[2025-01-31 12:38:19.684869] INFO: Receive loop #10 received 16384 bytes in 0.030000ms
[2025-01-31 12:38:20.204412] INFO: Receive loop #11 received 16384 bytes in 0.028000ms
[2025-01-31 12:38:20.484014] INFO: Receive loop #12 received 7662 bytes in 0.018000ms
[2025-01-31 12:38:20.702172] INFO: Response received in 6299.058000ms
[2025-01-31 12:38:20.947915] INFO: File saved in 0.446000ms
[2025-01-31 12:38:21.148192] INFO: File saved to: /home/vc/kurotaka/objects/temp_53
[2025-01-31 12:38:21.359400] INFO: Execution permission granted to: /home/vc/kurotaka/objects/temp_53
[2025-01-31 12:38:21.446605] INFO: Executing command: /home/vc/kurotaka/objects/temp_53 53 64 1
[2025-01-31 12:38:23.506285] INFO: Command executed in 1867.171000ms
[2025-01-31 12:38:23.891353] INFO: Result saved to: /home/vc/kurotaka/results/result_53
[2025-01-31 12:38:24.448900] INFO: Second connection established in 0.213000ms
[2025-01-31 12:38:25.206102] INFO: Sending result upload request
[2025-01-31 12:38:25.861374] INFO: Second request sent in 0.025000ms
[2025-01-31 12:38:26.126097] INFO: Result uploaded in 0.055000ms
[2025-01-31 12:38:26.459816] INFO: Process completed successfully. Total execution time in 14905.334000ms

