
[2025-01-31 16:32:20] Program started at 2025-01-31 16:32:20.4257
[2025-01-31 16:32:20] [getClientID] MySQL connection established. Execution time: 0.476 ms
[2025-01-31 16:32:20] [getClientID] SELECT table_name FROM table_registry WHERE id = :job_id / Execution time: 0.354 ms
[2025-01-31 16:32:20] [getClientID] SELECT client FROM `matrix` WHERE id = :sub_job_id / Execution time: 97.732 ms
[2025-01-31 16:32:20] getClientID completed. Execution time: 98.853 ms
[2025-01-31 16:32:20] Read file completed. Execution time: 0.014 ms
[2025-01-31 16:32:20] File saved successfully: uploads/job_1/group_1/result_72
[2025-01-31 16:32:20] [updateStatus] MySQL connection established. Execution time: 0.269 ms
[2025-01-31 16:32:20] [updateStatus] SELECT table_name FROM table_registry WHERE id = :job_id FOR UPDATE / Execution time: 72.255 ms
[2025-01-31 16:32:20] [updateStatus] UPDATE `matrix` SET status = :status WHERE id = :sub_job_id / Execution time: 0.333 ms
[2025-01-31 16:32:20] [updateStatus] SELECT COUNT_RECORDS FROM `matrix` / Execution time: 0.677 ms
[2025-01-31 16:32:20] [updateStatus] UPDATE table_registry SET status = :status WHERE id = :job_id / Execution time: 0.194 ms
[2025-01-31 16:32:20] updateStatus completed. Execution time: 304.566 ms
[2025-01-31 16:32:20] Write file completed. Execution time: 308.613 ms
[2025-01-31 16:32:20] [getGroupStatus] MySQL connection established. Execution time: 0.120 ms
[2025-01-31 16:32:20] [getGroupStatus] SELECT table_name FROM table_registry WHERE id = :job_id / Execution time: 0.287 ms
[2025-01-31 16:32:20] [getGroupStatus] SELECT status FROM `matrix` WHERE group_id = :group_id / Execution time: 2.802 ms
[2025-01-31 16:32:20] getGroupStatus completed. Execution time: 3.457 ms
[2025-01-31 16:32:20] Group 1 is not completed yet.
[2025-01-31 16:32:20] Program completed. Total execution time: 414.102 ms

