
[2025-01-31 16:32:23] Program started at 2025-01-31 16:32:23.4542
[2025-01-31 16:32:23] [getClientID] MySQL connection established. Execution time: 0.181 ms
[2025-01-31 16:32:23] [getClientID] SELECT table_name FROM table_registry WHERE id = :job_id / Execution time: 0.230 ms
[2025-01-31 16:32:23] [getClientID] SELECT client FROM `matrix` WHERE id = :sub_job_id / Execution time: 0.140 ms
[2025-01-31 16:32:23] getClientID completed. Execution time: 0.746 ms
[2025-01-31 16:32:23] Read file completed. Execution time: 0.015 ms
[2025-01-31 16:32:23] File saved successfully: uploads/job_1/group_1/result_181
[2025-01-31 16:32:23] [updateStatus] MySQL connection established. Execution time: 0.089 ms
[2025-01-31 16:32:23] [updateStatus] SELECT table_name FROM table_registry WHERE id = :job_id FOR UPDATE / Execution time: 0.399 ms
[2025-01-31 16:32:23] [updateStatus] UPDATE `matrix` SET status = :status WHERE id = :sub_job_id / Execution time: 0.148 ms
[2025-01-31 16:32:23] [updateStatus] SELECT COUNT_RECORDS FROM `matrix` / Execution time: 0.356 ms
[2025-01-31 16:32:23] [updateStatus] UPDATE table_registry SET status = :status WHERE id = :job_id / Execution time: 0.115 ms
[2025-01-31 16:32:23] updateStatus completed. Execution time: 56.751 ms
[2025-01-31 16:32:23] Write file completed. Execution time: 57.105 ms
[2025-01-31 16:32:23] [getGroupStatus] MySQL connection established. Execution time: 0.082 ms
[2025-01-31 16:32:23] [getGroupStatus] SELECT table_name FROM table_registry WHERE id = :job_id / Execution time: 0.326 ms
[2025-01-31 16:32:23] [getGroupStatus] SELECT status FROM `matrix` WHERE group_id = :group_id / Execution time: 0.797 ms
[2025-01-31 16:32:23] getGroupStatus completed. Execution time: 1.383 ms
[2025-01-31 16:32:23] Group 1 is not completed yet.
[2025-01-31 16:32:23] Program completed. Total execution time: 62.007 ms

