
[2025-01-31 16:32:19] Program started at 2025-01-31 16:32:19.9933
[2025-01-31 16:32:19] [getClientID] MySQL connection established. Execution time: 0.513 ms
[2025-01-31 16:32:19] [getClientID] SELECT table_name FROM table_registry WHERE id = :job_id / Execution time: 0.367 ms
[2025-01-31 16:32:19] [getClientID] SELECT client FROM `matrix` WHERE id = :sub_job_id / Execution time: 0.228 ms
[2025-01-31 16:32:19] getClientID completed. Execution time: 1.331 ms
[2025-01-31 16:32:19] Read file completed. Execution time: 0.013 ms
[2025-01-31 16:32:19] File saved successfully: uploads/job_1/group_1/result_73
[2025-01-31 16:32:19] [updateStatus] MySQL connection established. Execution time: 0.131 ms
[2025-01-31 16:32:19] [updateStatus] SELECT table_name FROM table_registry WHERE id = :job_id FOR UPDATE / Execution time: 0.241 ms
[2025-01-31 16:32:19] [updateStatus] UPDATE `matrix` SET status = :status WHERE id = :sub_job_id / Execution time: 0.241 ms
[2025-01-31 16:32:19] [updateStatus] SELECT COUNT_RECORDS FROM `matrix` / Execution time: 0.614 ms
[2025-01-31 16:32:19] [updateStatus] UPDATE table_registry SET status = :status WHERE id = :job_id / Execution time: 0.210 ms
[2025-01-31 16:32:20] updateStatus completed. Execution time: 121.593 ms
[2025-01-31 16:32:20] Write file completed. Execution time: 122.983 ms
[2025-01-31 16:32:20] [getGroupStatus] MySQL connection established. Execution time: 0.164 ms
[2025-01-31 16:32:20] [getGroupStatus] SELECT table_name FROM table_registry WHERE id = :job_id / Execution time: 0.344 ms
[2025-01-31 16:32:20] [getGroupStatus] SELECT status FROM `matrix` WHERE group_id = :group_id / Execution time: 0.812 ms
[2025-01-31 16:32:20] getGroupStatus completed. Execution time: 1.540 ms
[2025-01-31 16:32:20] Group 1 is not completed yet.
[2025-01-31 16:32:20] Program completed. Total execution time: 128.944 ms

