
[2025-01-31 16:32:20] Program started at 2025-01-31 16:32:20.6707
[2025-01-31 16:32:20] [getClientID] MySQL connection established. Execution time: 0.600 ms
[2025-01-31 16:32:20] [getClientID] SELECT table_name FROM table_registry WHERE id = :job_id / Execution time: 0.360 ms
[2025-01-31 16:32:20] [getClientID] SELECT client FROM `matrix` WHERE id = :sub_job_id / Execution time: 0.213 ms
[2025-01-31 16:32:20] getClientID completed. Execution time: 1.427 ms
[2025-01-31 16:32:20] Read file completed. Execution time: 0.011 ms
[2025-01-31 16:32:20] File saved successfully: uploads/job_1/group_1/result_199
[2025-01-31 16:32:20] [updateStatus] MySQL connection established. Execution time: 0.110 ms
[2025-01-31 16:32:20] [updateStatus] SELECT table_name FROM table_registry WHERE id = :job_id FOR UPDATE / Execution time: 6.117 ms
[2025-01-31 16:32:20] [updateStatus] UPDATE `matrix` SET status = :status WHERE id = :sub_job_id / Execution time: 0.302 ms
[2025-01-31 16:32:20] [updateStatus] SELECT COUNT_RECORDS FROM `matrix` / Execution time: 0.704 ms
[2025-01-31 16:32:20] [updateStatus] UPDATE table_registry SET status = :status WHERE id = :job_id / Execution time: 0.263 ms
[2025-01-31 16:32:20] updateStatus completed. Execution time: 318.993 ms
[2025-01-31 16:32:20] Write file completed. Execution time: 319.320 ms
[2025-01-31 16:32:20] [getGroupStatus] MySQL connection established. Execution time: 0.103 ms
[2025-01-31 16:32:20] [getGroupStatus] SELECT table_name FROM table_registry WHERE id = :job_id / Execution time: 0.377 ms
[2025-01-31 16:32:20] [getGroupStatus] SELECT status FROM `matrix` WHERE group_id = :group_id / Execution time: 1.360 ms
[2025-01-31 16:32:20] getGroupStatus completed. Execution time: 2.082 ms
[2025-01-31 16:32:20] Group 1 is not completed yet.
[2025-01-31 16:32:20] Program completed. Total execution time: 325.880 ms

