
[2025-01-31 16:38:07.874322] INFO: Process started with ID: 75
[2025-01-31 16:38:08.983342] INFO: First connection established in 0.306000ms
[2025-01-31 16:38:09.538548] INFO: Sending request: GET /http_server/send-object.php?ID=75 HTTP/1.1
Host: 192.168.100.3
Connection: close


[2025-01-31 16:38:10.583578] INFO: First request sent in 0.034000ms
[2025-01-31 16:38:11.375015] INFO: Time from request to first response in 0.033000ms
[2025-01-31 16:38:11.955817] INFO: Received headers - MPI-Rank: 81, Group-ID: 1, Job-ID: 1, Sub-Job-ID: 82, Rank-Count: 128
[2025-01-31 16:38:12.711323] INFO: Receive loop #1 received 16384 bytes in 1292.391000ms
[2025-01-31 16:38:13.651446] INFO: Receive loop #2 received 16384 bytes in 0.063000ms
[2025-01-31 16:38:14.170527] INFO: Receive loop #3 received 16384 bytes in 0.085000ms
[2025-01-31 16:38:14.748805] INFO: Receive loop #4 received 16384 bytes in 0.110000ms
[2025-01-31 16:38:15.484077] INFO: Receive loop #5 received 16384 bytes in 0.043000ms
[2025-01-31 16:38:16.012012] INFO: Receive loop #6 received 16384 bytes in 0.029000ms
[2025-01-31 16:38:16.559143] INFO: Receive loop #7 received 16384 bytes in 0.030000ms
[2025-01-31 16:38:17.306965] INFO: Receive loop #8 received 16384 bytes in 0.249000ms
[2025-01-31 16:38:17.713462] INFO: Receive loop #9 received 16384 bytes in 0.029000ms
[2025-01-31 16:38:18.350881] INFO: Receive loop #10 received 16384 bytes in 0.029000ms
[2025-01-31 16:38:18.893529] INFO: Receive loop #11 received 16384 bytes in 0.028000ms
[2025-01-31 16:38:19.474204] INFO: Receive loop #12 received 7663 bytes in 0.019000ms
[2025-01-31 16:38:20.030868] INFO: Response received in 8732.020000ms
[2025-01-31 16:38:20.588776] INFO: File saved in 0.568000ms
[2025-01-31 16:38:21.129661] INFO: File saved to: /home/vc/kurotaka/objects/temp_75
[2025-01-31 16:38:21.837127] INFO: Execution permission granted to: /home/vc/kurotaka/objects/temp_75
[2025-01-31 16:38:22.244787] INFO: Executing command: /home/vc/kurotaka/objects/temp_75 81 128 1
[2025-01-31 16:38:27.882318] INFO: Command executed in 5079.524000ms
[2025-01-31 16:38:28.477117] INFO: Result saved to: /home/vc/kurotaka/results/result_75
[2025-01-31 16:38:29.304549] INFO: Second connection established in 0.149000ms
[2025-01-31 16:38:30.685586] INFO: Sending result upload request
[2025-01-31 16:38:31.354937] INFO: Second request sent in 0.030000ms
[2025-01-31 16:38:32.216487] INFO: Result uploaded in 0.055000ms
[2025-01-31 16:38:33.168719] INFO: Process completed successfully. Total execution time in 27030.380000ms

