
[2025-01-31 16:38:06.056624] INFO: Process started with ID: 12
[2025-01-31 16:38:06.164413] INFO: First connection established in 0.241000ms
[2025-01-31 16:38:06.424775] INFO: Sending request: GET /http_server/send-object.php?ID=12 HTTP/1.1
Host: 192.168.100.3
Connection: close


[2025-01-31 16:38:06.825559] INFO: First request sent in 0.033000ms
[2025-01-31 16:38:07.546773] INFO: Time from request to first response in 0.030000ms
[2025-01-31 16:38:08.799421] INFO: Received headers - MPI-Rank: 11, Group-ID: 1, Job-ID: 1, Sub-Job-ID: 12, Rank-Count: 128
[2025-01-31 16:38:09.284391] INFO: Receive loop #1 received 16384 bytes in 1872.908000ms
[2025-01-31 16:38:10.108131] INFO: Receive loop #2 received 16384 bytes in 0.072000ms
[2025-01-31 16:38:10.948646] INFO: Receive loop #3 received 16384 bytes in 0.078000ms
[2025-01-31 16:38:11.624980] INFO: Receive loop #4 received 16384 bytes in 0.027000ms
[2025-01-31 16:38:12.296366] INFO: Receive loop #5 received 16384 bytes in 0.029000ms
[2025-01-31 16:38:13.120669] INFO: Receive loop #6 received 16384 bytes in 0.029000ms
[2025-01-31 16:38:13.856597] INFO: Receive loop #7 received 16384 bytes in 0.033000ms
[2025-01-31 16:38:14.394827] INFO: Receive loop #8 received 16384 bytes in 0.254000ms
[2025-01-31 16:38:15.093676] INFO: Receive loop #9 received 16384 bytes in 0.029000ms
[2025-01-31 16:38:15.676763] INFO: Receive loop #10 received 16384 bytes in 0.028000ms
[2025-01-31 16:38:16.250772] INFO: Receive loop #11 received 16384 bytes in 0.040000ms
[2025-01-31 16:38:16.973727] INFO: Receive loop #12 received 7663 bytes in 0.018000ms
[2025-01-31 16:38:17.599085] INFO: Response received in 10148.674000ms
[2025-01-31 16:38:18.096554] INFO: File saved in 0.539000ms
[2025-01-31 16:38:18.756998] INFO: File saved to: /home/vc/kurotaka/objects/temp_12
[2025-01-31 16:38:19.296946] INFO: Execution permission granted to: /home/vc/kurotaka/objects/temp_12
[2025-01-31 16:38:19.873327] INFO: Executing command: /home/vc/kurotaka/objects/temp_12 11 128 1
[2025-01-31 16:38:27.882451] INFO: Command executed in 7422.448000ms
[2025-01-31 16:38:28.477307] INFO: Result saved to: /home/vc/kurotaka/results/result_12
[2025-01-31 16:38:29.379128] INFO: Second connection established in 0.175000ms
[2025-01-31 16:38:30.871903] INFO: Sending result upload request
[2025-01-31 16:38:31.481569] INFO: Second request sent in 0.025000ms
[2025-01-31 16:38:32.478454] INFO: Result uploaded in 0.057000ms
[2025-01-31 16:38:33.267336] INFO: Process completed successfully. Total execution time in 27042.739000ms

