
[2025-01-31 18:02:43.067686] INFO: Process started with ID: 101
[2025-01-31 18:02:44.312262] INFO: First connection established in 0.259000ms
[2025-01-31 18:02:45.414589] INFO: Sending request: GET /http_server/send-object.php?ID=101 HTTP/1.1
Host: 192.168.100.3
Connection: close


[2025-01-31 18:02:47.013449] INFO: First request sent in 0.033000ms
[2025-01-31 18:02:48.108493] INFO: Time from request to first response in 0.033000ms
[2025-01-31 18:02:49.879557] INFO: Received headers - MPI-Rank: 171, Group-ID: 1, Job-ID: 1, Sub-Job-ID: 172, Rank-Count: 512
[2025-01-31 18:02:52.013403] INFO: Receive loop #1 received 16384 bytes in 3418.800000ms
[2025-01-31 18:02:53.378690] INFO: Receive loop #2 received 16384 bytes in 0.058000ms
[2025-01-31 18:02:55.069622] INFO: Receive loop #3 received 16384 bytes in 0.082000ms
[2025-01-31 18:02:57.035988] INFO: Receive loop #4 received 16384 bytes in 0.118000ms
[2025-01-31 18:02:58.846006] INFO: Receive loop #5 received 16384 bytes in 0.028000ms
[2025-01-31 18:03:01.124012] INFO: Receive loop #6 received 16384 bytes in 0.024000ms
[2025-01-31 18:03:03.369070] INFO: Receive loop #7 received 16384 bytes in 0.037000ms
[2025-01-31 18:03:05.638047] INFO: Receive loop #8 received 16384 bytes in 0.277000ms
[2025-01-31 18:03:06.925819] INFO: Receive loop #9 received 16384 bytes in 0.005000ms
[2025-01-31 18:03:08.482380] INFO: Receive loop #10 received 16384 bytes in 0.029000ms
[2025-01-31 18:03:10.274892] INFO: Receive loop #11 received 16384 bytes in 0.035000ms
[2025-01-31 18:03:12.176600] INFO: Receive loop #12 received 7665 bytes in 0.019000ms
[2025-01-31 18:03:14.359674] INFO: Response received in 26201.980000ms
[2025-01-31 18:03:16.381418] INFO: File saved in 0.458000ms
[2025-01-31 18:03:18.783093] INFO: File saved to: /home/vc/kurotaka/objects/temp_101
[2025-01-31 18:03:20.735295] INFO: Execution permission granted to: /home/vc/kurotaka/objects/temp_101
[2025-01-31 18:03:22.316132] INFO: Executing command: /home/vc/kurotaka/objects/temp_101 171 512 1
[2025-01-31 18:04:49.285773] INFO: Command executed in 1m 23956.818000ms
[2025-01-31 18:04:52.590099] INFO: Result saved to: /home/vc/kurotaka/results/result_101
[2025-01-31 18:04:55.981772] INFO: Second connection established in 0.159000ms
[2025-01-31 18:05:00.953687] INFO: Sending result upload request
[2025-01-31 18:05:05.746957] INFO: Second request sent in 0.004000ms
[2025-01-31 18:05:09.079027] INFO: Result uploaded in 0.009000ms
[2025-01-31 18:05:12.471464] INFO: Process completed successfully. Total execution time in 2m 35880.240000ms

