
[2025-01-31 18:03:25.454500] INFO: Process started with ID: 492
[2025-01-31 18:03:27.902688] INFO: First connection established in 0.218000ms
[2025-01-31 18:03:30.143806] INFO: Sending request: GET /http_server/send-object.php?ID=492 HTTP/1.1
Host: 192.168.100.3
Connection: close


[2025-01-31 18:03:32.184837] INFO: First request sent in 0.036000ms
[2025-01-31 18:03:34.655056] INFO: Time from request to first response in 0.036000ms
[2025-01-31 18:03:37.166090] INFO: Received headers - MPI-Rank: 459, Group-ID: 1, Job-ID: 1, Sub-Job-ID: 460, Rank-Count: 512
[2025-01-31 18:03:39.481859] INFO: Receive loop #1 received 16384 bytes in 5014.077000ms
[2025-01-31 18:03:40.838720] INFO: Receive loop #2 received 16384 bytes in 0.016000ms
[2025-01-31 18:03:43.267406] INFO: Receive loop #3 received 16384 bytes in 0.085000ms
[2025-01-31 18:03:45.713929] INFO: Receive loop #4 received 16384 bytes in 0.160000ms
[2025-01-31 18:03:48.841199] INFO: Receive loop #5 received 16384 bytes in 0.008000ms
[2025-01-31 18:03:50.900558] INFO: Receive loop #6 received 16384 bytes in 0.026000ms
[2025-01-31 18:03:52.693909] INFO: Receive loop #7 received 16384 bytes in 0.009000ms
[2025-01-31 18:03:54.902920] INFO: Receive loop #8 received 16384 bytes in 0.315000ms
[2025-01-31 18:03:57.216568] INFO: Receive loop #9 received 16384 bytes in 0.034000ms
[2025-01-31 18:03:59.253910] INFO: Receive loop #10 received 16384 bytes in 0.032000ms
[2025-01-31 18:04:00.818765] INFO: Receive loop #11 received 16384 bytes in 0.035000ms
[2025-01-31 18:04:02.085752] INFO: Receive loop #12 received 7665 bytes in 0.022000ms
[2025-01-31 18:04:03.420904] INFO: Response received in 28819.876000ms
[2025-01-31 18:04:04.633128] INFO: File saved in 0.120000ms
[2025-01-31 18:04:05.987243] INFO: File saved to: /home/vc/kurotaka/objects/temp_492
[2025-01-31 18:04:09.076041] INFO: Execution permission granted to: /home/vc/kurotaka/objects/temp_492
[2025-01-31 18:04:10.603392] INFO: Executing command: /home/vc/kurotaka/objects/temp_492 459 512 1
[2025-01-31 18:04:35.997784] INFO: Command executed in 23924.001000ms
[2025-01-31 18:04:37.850782] INFO: Result saved to: /home/vc/kurotaka/results/result_492
[2025-01-31 18:04:39.774170] INFO: Second connection established in 0.330000ms
[2025-01-31 18:04:43.359035] INFO: Sending result upload request
[2025-01-31 18:04:47.962544] INFO: Second request sent in 0.030000ms
[2025-01-31 18:04:52.045250] INFO: Result uploaded in 0.057000ms
[2025-01-31 18:04:55.667516] INFO: Process completed successfully. Total execution time in 2m 18305.633000ms

