
[2025-01-31 18:03:11.501637] INFO: Process started with ID: 185
[2025-01-31 18:03:13.689855] INFO: First connection established in 0.206000ms
[2025-01-31 18:03:15.727396] INFO: Sending request: GET /http_server/send-object.php?ID=185 HTTP/1.1
Host: 192.168.100.3
Connection: close


[2025-01-31 18:03:17.601987] INFO: First request sent in 0.029000ms
[2025-01-31 18:03:19.636798] INFO: Time from request to first response in 0.031000ms
[2025-01-31 18:03:21.336512] INFO: Received headers - MPI-Rank: 371, Group-ID: 1, Job-ID: 1, Sub-Job-ID: 372, Rank-Count: 512
[2025-01-31 18:03:23.442042] INFO: Receive loop #1 received 16384 bytes in 3517.003000ms
[2025-01-31 18:03:25.997661] INFO: Receive loop #2 received 16384 bytes in 0.061000ms
[2025-01-31 18:03:28.075850] INFO: Receive loop #3 received 16384 bytes in 0.077000ms
[2025-01-31 18:03:30.288669] INFO: Receive loop #4 received 16384 bytes in 0.117000ms
[2025-01-31 18:03:32.265568] INFO: Receive loop #5 received 16384 bytes in 0.007000ms
[2025-01-31 18:03:34.335093] INFO: Receive loop #6 received 16384 bytes in 0.030000ms
[2025-01-31 18:03:37.119990] INFO: Receive loop #7 received 16384 bytes in 0.039000ms
[2025-01-31 18:03:39.704164] INFO: Receive loop #8 received 16384 bytes in 0.258000ms
[2025-01-31 18:03:40.909879] INFO: Receive loop #9 received 16384 bytes in 0.033000ms
[2025-01-31 18:03:42.760272] INFO: Receive loop #10 received 16384 bytes in 0.009000ms
[2025-01-31 18:03:44.556403] INFO: Receive loop #11 received 16384 bytes in 0.029000ms
[2025-01-31 18:03:46.961285] INFO: Receive loop #12 received 7665 bytes in 0.018000ms
[2025-01-31 18:03:49.801759] INFO: Response received in 29497.987000ms
[2025-01-31 18:03:51.872228] INFO: File saved in 0.439000ms
[2025-01-31 18:03:54.068096] INFO: File saved to: /home/vc/kurotaka/objects/temp_185
[2025-01-31 18:03:56.907639] INFO: Execution permission granted to: /home/vc/kurotaka/objects/temp_185
[2025-01-31 18:03:58.964294] INFO: Executing command: /home/vc/kurotaka/objects/temp_185 371 512 1
[2025-01-31 18:04:36.051376] INFO: Command executed in 35996.391000ms
[2025-01-31 18:04:37.064283] INFO: Result saved to: /home/vc/kurotaka/results/result_185
[2025-01-31 18:04:39.381732] INFO: Second connection established in 0.506000ms
[2025-01-31 18:04:43.877277] INFO: Sending result upload request
[2025-01-31 18:04:48.850607] INFO: Second request sent in 0.020000ms
[2025-01-31 18:04:52.589787] INFO: Result uploaded in 0.027000ms
[2025-01-31 18:04:56.122950] INFO: Process completed successfully. Total execution time in 2m 18807.743000ms

