
[2025-01-31 18:02:40.122827] INFO: Process started with ID: 324
[2025-01-31 18:02:40.844848] INFO: First connection established in 0.215000ms
[2025-01-31 18:02:41.836353] INFO: Sending request: GET /http_server/send-object.php?ID=324 HTTP/1.1
Host: 192.168.100.3
Connection: close


[2025-01-31 18:02:42.910119] INFO: First request sent in 0.034000ms
[2025-01-31 18:02:44.057339] INFO: Time from request to first response in 0.028000ms
[2025-01-31 18:02:45.267734] INFO: Received headers - MPI-Rank: 129, Group-ID: 1, Job-ID: 1, Sub-Job-ID: 130, Rank-Count: 512
[2025-01-31 18:02:46.642413] INFO: Receive loop #1 received 16384 bytes in 2457.341000ms
[2025-01-31 18:02:47.955979] INFO: Receive loop #2 received 16384 bytes in 0.066000ms
[2025-01-31 18:02:49.751440] INFO: Receive loop #3 received 16384 bytes in 0.079000ms
[2025-01-31 18:02:51.732516] INFO: Receive loop #4 received 16384 bytes in 0.125000ms
[2025-01-31 18:02:53.237672] INFO: Receive loop #5 received 16384 bytes in 0.035000ms
[2025-01-31 18:02:54.840073] INFO: Receive loop #6 received 16384 bytes in 0.035000ms
[2025-01-31 18:02:56.870826] INFO: Receive loop #7 received 16384 bytes in 0.030000ms
[2025-01-31 18:02:58.703879] INFO: Receive loop #8 received 16384 bytes in 0.257000ms
[2025-01-31 18:03:01.023880] INFO: Receive loop #9 received 16384 bytes in 0.030000ms
[2025-01-31 18:03:03.279759] INFO: Receive loop #10 received 16384 bytes in 0.034000ms
[2025-01-31 18:03:05.511200] INFO: Receive loop #11 received 16384 bytes in 0.007000ms
[2025-01-31 18:03:06.925781] INFO: Receive loop #12 received 7665 bytes in 0.003000ms
[2025-01-31 18:03:08.586784] INFO: Response received in 24509.059000ms
[2025-01-31 18:03:10.369783] INFO: File saved in 0.573000ms
[2025-01-31 18:03:12.277926] INFO: File saved to: /home/vc/kurotaka/objects/temp_324
[2025-01-31 18:03:14.599566] INFO: Execution permission granted to: /home/vc/kurotaka/objects/temp_324
[2025-01-31 18:03:16.642722] INFO: Executing command: /home/vc/kurotaka/objects/temp_324 129 512 1
[2025-01-31 18:04:46.314140] INFO: Command executed in 1m 27076.742000ms
[2025-01-31 18:04:50.464511] INFO: Result saved to: /home/vc/kurotaka/results/result_324
[2025-01-31 18:04:53.713211] INFO: Second connection established in 0.159000ms
[2025-01-31 18:04:57.626890] INFO: Sending result upload request
[2025-01-31 18:05:03.017055] INFO: Second request sent in 0.005000ms
[2025-01-31 18:05:08.294780] INFO: Result uploaded in 0.013000ms
[2025-01-31 18:05:12.033409] INFO: Process completed successfully. Total execution time in 2m 35488.017000ms

