
[2025-01-31 18:03:27.166877] INFO: Process started with ID: 115
[2025-01-31 18:03:29.683154] INFO: First connection established in 0.249000ms
[2025-01-31 18:03:31.833187] INFO: Sending request: GET /http_server/send-object.php?ID=115 HTTP/1.1
Host: 192.168.100.3
Connection: close


[2025-01-31 18:03:34.261257] INFO: First request sent in 0.035000ms
[2025-01-31 18:03:36.943731] INFO: Time from request to first response in 0.009000ms
[2025-01-31 18:03:39.348235] INFO: Received headers - MPI-Rank: 469, Group-ID: 1, Job-ID: 1, Sub-Job-ID: 470, Rank-Count: 512
[2025-01-31 18:03:41.064786] INFO: Receive loop #1 received 16384 bytes in 5490.212000ms
[2025-01-31 18:03:43.700789] INFO: Receive loop #2 received 16384 bytes in 0.072000ms
[2025-01-31 18:03:45.816087] INFO: Receive loop #3 received 16384 bytes in 0.092000ms
[2025-01-31 18:03:48.983020] INFO: Receive loop #4 received 16384 bytes in 0.022000ms
[2025-01-31 18:03:50.717581] INFO: Receive loop #5 received 16384 bytes in 0.013000ms
[2025-01-31 18:03:52.613713] INFO: Receive loop #6 received 16384 bytes in 0.012000ms
[2025-01-31 18:03:54.686167] INFO: Receive loop #7 received 16384 bytes in 0.030000ms
[2025-01-31 18:03:56.789313] INFO: Receive loop #8 received 16384 bytes in 0.300000ms
[2025-01-31 18:03:58.918024] INFO: Receive loop #9 received 16384 bytes in 0.032000ms
[2025-01-31 18:04:00.351823] INFO: Receive loop #10 received 16384 bytes in 0.031000ms
[2025-01-31 18:04:01.840022] INFO: Receive loop #11 received 16384 bytes in 0.006000ms
[2025-01-31 18:04:02.911022] INFO: Receive loop #12 received 7665 bytes in 0.016000ms
[2025-01-31 18:04:04.163892] INFO: Response received in 28525.810000ms
[2025-01-31 18:04:05.458345] INFO: File saved in 0.093000ms
[2025-01-31 18:04:07.131542] INFO: File saved to: /home/vc/kurotaka/objects/temp_115
[2025-01-31 18:04:10.050476] INFO: Execution permission granted to: /home/vc/kurotaka/objects/temp_115
[2025-01-31 18:04:11.364869] INFO: Executing command: /home/vc/kurotaka/objects/temp_115 469 512 1
[2025-01-31 18:04:51.114440] INFO: Command executed in 37970.690000ms
[2025-01-31 18:04:54.443544] INFO: Result saved to: /home/vc/kurotaka/results/result_115
[2025-01-31 18:04:58.423955] INFO: Second connection established in 0.224000ms
[2025-01-31 18:05:03.602052] INFO: Sending result upload request
[2025-01-31 18:05:08.793962] INFO: Second request sent in 0.004000ms
[2025-01-31 18:05:12.127074] INFO: Result uploaded in 0.015000ms
[2025-01-31 18:05:14.740124] INFO: Process completed successfully. Total execution time in 2m 38496.258000ms

