
[2025-01-31 18:02:50.424715] INFO: Process started with ID: 225
[2025-01-31 18:02:52.371313] INFO: First connection established in 0.170000ms
[2025-01-31 18:02:53.744119] INFO: Sending request: GET /http_server/send-object.php?ID=225 HTTP/1.1
Host: 192.168.100.3
Connection: close


[2025-01-31 18:02:55.938232] INFO: First request sent in 0.033000ms
[2025-01-31 18:02:57.978105] INFO: Time from request to first response in 0.026000ms
[2025-01-31 18:02:59.627429] INFO: Received headers - MPI-Rank: 237, Group-ID: 1, Job-ID: 1, Sub-Job-ID: 238, Rank-Count: 512
[2025-01-31 18:03:01.750291] INFO: Receive loop #1 received 16384 bytes in 4029.225000ms
[2025-01-31 18:03:03.936558] INFO: Receive loop #2 received 16384 bytes in 0.071000ms
[2025-01-31 18:03:06.564705] INFO: Receive loop #3 received 16384 bytes in 0.076000ms
[2025-01-31 18:03:08.092326] INFO: Receive loop #4 received 16384 bytes in 0.030000ms
[2025-01-31 18:03:09.846984] INFO: Receive loop #5 received 16384 bytes in 0.030000ms
[2025-01-31 18:03:11.621650] INFO: Receive loop #6 received 16384 bytes in 0.037000ms
[2025-01-31 18:03:13.805585] INFO: Receive loop #7 received 16384 bytes in 0.035000ms
[2025-01-31 18:03:15.921035] INFO: Receive loop #8 received 16384 bytes in 0.256000ms
[2025-01-31 18:03:17.944929] INFO: Receive loop #9 received 16384 bytes in 0.031000ms
[2025-01-31 18:03:19.879259] INFO: Receive loop #10 received 16384 bytes in 0.029000ms
[2025-01-31 18:03:21.581012] INFO: Receive loop #11 received 16384 bytes in 0.036000ms
[2025-01-31 18:03:23.682825] INFO: Receive loop #12 received 7665 bytes in 0.023000ms
[2025-01-31 18:03:26.370126] INFO: Response received in 28380.143000ms
[2025-01-31 18:03:28.632873] INFO: File saved in 0.499000ms
[2025-01-31 18:03:30.500078] INFO: File saved to: /home/vc/kurotaka/objects/temp_225
[2025-01-31 18:03:35.430723] INFO: Execution permission granted to: /home/vc/kurotaka/objects/temp_225
[2025-01-31 18:03:38.456880] INFO: Executing command: /home/vc/kurotaka/objects/temp_225 237 512 1
[2025-01-31 18:04:41.019386] INFO: Command executed in 1m 386.424000ms
[2025-01-31 18:04:46.000717] INFO: Result saved to: /home/vc/kurotaka/results/result_225
[2025-01-31 18:04:50.710928] INFO: Second connection established in 0.249000ms
[2025-01-31 18:04:54.085657] INFO: Sending result upload request
[2025-01-31 18:04:58.331945] INFO: Second request sent in 0.025000ms
[2025-01-31 18:05:03.174497] INFO: Result uploaded in 0.012000ms
[2025-01-31 18:05:08.202882] INFO: Process completed successfully. Total execution time in 2m 29894.740000ms

