
[2025-01-31 18:02:37.593037] INFO: Process started with ID: 147
[2025-01-31 18:02:38.560708] INFO: First connection established in 0.228000ms
[2025-01-31 18:02:39.068763] INFO: Sending request: GET /http_server/send-object.php?ID=147 HTTP/1.1
Host: 192.168.100.3
Connection: close


[2025-01-31 18:02:39.945889] INFO: First request sent in 0.039000ms
[2025-01-31 18:02:40.666858] INFO: Time from request to first response in 0.038000ms
[2025-01-31 18:02:41.524276] INFO: Received headers - MPI-Rank: 88, Group-ID: 1, Job-ID: 1, Sub-Job-ID: 89, Rank-Count: 512
[2025-01-31 18:02:42.703809] INFO: Receive loop #1 received 16384 bytes in 1927.459000ms
[2025-01-31 18:02:43.604864] INFO: Receive loop #2 received 16384 bytes in 0.062000ms
[2025-01-31 18:02:44.928878] INFO: Receive loop #3 received 16384 bytes in 0.076000ms
[2025-01-31 18:02:46.092204] INFO: Receive loop #4 received 16384 bytes in 0.111000ms
[2025-01-31 18:02:47.527294] INFO: Receive loop #5 received 16384 bytes in 0.029000ms
[2025-01-31 18:02:49.420772] INFO: Receive loop #6 received 16384 bytes in 0.040000ms
[2025-01-31 18:02:50.773973] INFO: Receive loop #7 received 16384 bytes in 0.030000ms
[2025-01-31 18:02:52.606083] INFO: Receive loop #8 received 16384 bytes in 0.248000ms
[2025-01-31 18:02:54.049077] INFO: Receive loop #9 received 16384 bytes in 0.036000ms
[2025-01-31 18:02:56.159952] INFO: Receive loop #10 received 16384 bytes in 0.030000ms
[2025-01-31 18:02:58.207591] INFO: Receive loop #11 received 16384 bytes in 0.060000ms
[2025-01-31 18:03:00.224254] INFO: Receive loop #12 received 7663 bytes in 0.020000ms
[2025-01-31 18:03:02.258590] INFO: Response received in 20918.943000ms
[2025-01-31 18:03:04.408213] INFO: File saved in 0.460000ms
[2025-01-31 18:03:06.560141] INFO: File saved to: /home/vc/kurotaka/objects/temp_147
[2025-01-31 18:03:08.090233] INFO: Execution permission granted to: /home/vc/kurotaka/objects/temp_147
[2025-01-31 18:03:09.844984] INFO: Executing command: /home/vc/kurotaka/objects/temp_147 88 512 1
[2025-01-31 18:04:38.816571] INFO: Command executed in 1m 26684.969000ms
[2025-01-31 18:04:42.970239] INFO: Result saved to: /home/vc/kurotaka/results/result_147
[2025-01-31 18:04:47.933707] INFO: Second connection established in 0.196000ms
[2025-01-31 18:04:51.999382] INFO: Sending result upload request
[2025-01-31 18:04:55.511404] INFO: Second request sent in 0.010000ms
[2025-01-31 18:04:59.809938] INFO: Result uploaded in 0.059000ms
[2025-01-31 18:05:05.340898] INFO: Process completed successfully. Total execution time in 2m 27438.403000ms

