
[2025-01-31 18:02:36.199139] INFO: Process started with ID: 393
[2025-01-31 18:02:36.328096] INFO: First connection established in 0.199000ms
[2025-01-31 18:02:36.481042] INFO: Sending request: GET /http_server/send-object.php?ID=393 HTTP/1.1
Host: 192.168.100.3
Connection: close


[2025-01-31 18:02:36.768755] INFO: First request sent in 0.007000ms
[2025-01-31 18:02:37.202290] INFO: Time from request to first response in 0.037000ms
[2025-01-31 18:02:37.807543] INFO: Received headers - MPI-Rank: 17, Group-ID: 1, Job-ID: 1, Sub-Job-ID: 18, Rank-Count: 512
[2025-01-31 18:02:38.636530] INFO: Receive loop #1 received 16384 bytes in 1499.919000ms
[2025-01-31 18:02:39.288482] INFO: Receive loop #2 received 16384 bytes in 0.071000ms
[2025-01-31 18:02:40.402841] INFO: Receive loop #3 received 16384 bytes in 0.074000ms
[2025-01-31 18:02:41.063842] INFO: Receive loop #4 received 16384 bytes in 0.106000ms
[2025-01-31 18:02:42.161329] INFO: Receive loop #5 received 16384 bytes in 0.035000ms
[2025-01-31 18:02:43.192423] INFO: Receive loop #6 received 16384 bytes in 0.029000ms
[2025-01-31 18:02:44.458260] INFO: Receive loop #7 received 16384 bytes in 0.035000ms
[2025-01-31 18:02:45.494107] INFO: Receive loop #8 received 16384 bytes in 0.266000ms
[2025-01-31 18:02:47.093480] INFO: Receive loop #9 received 16384 bytes in 0.066000ms
[2025-01-31 18:02:48.363311] INFO: Receive loop #10 received 16384 bytes in 0.035000ms
[2025-01-31 18:02:50.079511] INFO: Receive loop #11 received 16384 bytes in 0.034000ms
[2025-01-31 18:02:52.154774] INFO: Receive loop #12 received 7663 bytes in 0.018000ms
[2025-01-31 18:02:53.466318] INFO: Response received in 16015.587000ms
[2025-01-31 18:02:55.391725] INFO: File saved in 0.471000ms
[2025-01-31 18:02:57.544094] INFO: File saved to: /home/vc/kurotaka/objects/temp_393
[2025-01-31 18:02:59.220689] INFO: Execution permission granted to: /home/vc/kurotaka/objects/temp_393
[2025-01-31 18:03:01.403821] INFO: Executing command: /home/vc/kurotaka/objects/temp_393 17 512 1
[2025-01-31 18:04:52.285504] INFO: Command executed in 1m 47867.098000ms
[2025-01-31 18:04:55.851083] INFO: Result saved to: /home/vc/kurotaka/results/result_393
[2025-01-31 18:05:00.953656] INFO: Second connection established in 0.236000ms
[2025-01-31 18:05:05.781919] INFO: Sending result upload request
[2025-01-31 18:05:09.272847] INFO: Second request sent in 0.003000ms
[2025-01-31 18:05:12.471393] INFO: Result uploaded in 0.011000ms
[2025-01-31 18:05:14.740346] INFO: Process completed successfully. Total execution time in 2m 38558.845000ms

