
[2025-01-31 18:02:57.035984] INFO: Process started with ID: 353
[2025-01-31 18:02:58.846110] INFO: First connection established in 0.192000ms
[2025-01-31 18:03:01.158421] INFO: Sending request: GET /http_server/send-object.php?ID=353 HTTP/1.1
Host: 192.168.100.3
Connection: close


[2025-01-31 18:03:03.438407] INFO: First request sent in 0.035000ms
[2025-01-31 18:03:05.853455] INFO: Time from request to first response in 0.031000ms
[2025-01-31 18:03:07.288865] INFO: Received headers - MPI-Rank: 283, Group-ID: 1, Job-ID: 1, Sub-Job-ID: 284, Rank-Count: 512
[2025-01-31 18:03:08.949710] INFO: Receive loop #1 received 16384 bytes in 3259.119000ms
[2025-01-31 18:03:10.522138] INFO: Receive loop #2 received 16384 bytes in 0.060000ms
[2025-01-31 18:03:12.408951] INFO: Receive loop #3 received 16384 bytes in 0.020000ms
[2025-01-31 18:03:14.496087] INFO: Receive loop #4 received 16384 bytes in 0.024000ms
[2025-01-31 18:03:16.590209] INFO: Receive loop #5 received 16384 bytes in 0.006000ms
[2025-01-31 18:03:18.977561] INFO: Receive loop #6 received 16384 bytes in 0.006000ms
[2025-01-31 18:03:20.859592] INFO: Receive loop #7 received 16384 bytes in 0.029000ms
[2025-01-31 18:03:22.563388] INFO: Receive loop #8 received 16384 bytes in 0.260000ms
[2025-01-31 18:03:24.824403] INFO: Receive loop #9 received 16384 bytes in 0.020000ms
[2025-01-31 18:03:27.166657] INFO: Receive loop #10 received 16384 bytes in 0.035000ms
[2025-01-31 18:03:29.682943] INFO: Receive loop #11 received 16384 bytes in 0.036000ms
[2025-01-31 18:03:31.833016] INFO: Receive loop #12 received 7665 bytes in 0.020000ms
[2025-01-31 18:03:34.444001] INFO: Response received in 28107.665000ms
[2025-01-31 18:03:37.006190] INFO: File saved in 0.536000ms
[2025-01-31 18:03:39.222719] INFO: File saved to: /home/vc/kurotaka/objects/temp_353
[2025-01-31 18:03:42.124764] INFO: Execution permission granted to: /home/vc/kurotaka/objects/temp_353
[2025-01-31 18:03:44.429330] INFO: Executing command: /home/vc/kurotaka/objects/temp_353 283 512 1
[2025-01-31 18:04:41.329051] INFO: Command executed in 55091.615000ms
[2025-01-31 18:04:44.184826] INFO: Result saved to: /home/vc/kurotaka/results/result_353
[2025-01-31 18:04:48.143582] INFO: Second connection established in 0.219000ms
[2025-01-31 18:04:51.999566] INFO: Sending result upload request
[2025-01-31 18:04:55.598805] INFO: Second request sent in 0.020000ms
[2025-01-31 18:05:00.081239] INFO: Result uploaded in 0.055000ms
[2025-01-31 18:05:05.489893] INFO: Process completed successfully. Total execution time in 2m 27612.548000ms

