
[2025-01-31 18:03:29.840093] INFO: Process started with ID: 391
[2025-01-31 18:03:31.930532] INFO: First connection established in 0.130000ms
[2025-01-31 18:03:34.444280] INFO: Sending request: GET /http_server/send-object.php?ID=391 HTTP/1.1
Host: 192.168.100.3
Connection: close


[2025-01-31 18:03:37.021930] INFO: First request sent in 0.025000ms
[2025-01-31 18:03:39.704135] INFO: Time from request to first response in 0.027000ms
[2025-01-31 18:03:40.909967] INFO: Received headers - MPI-Rank: 485, Group-ID: 1, Job-ID: 1, Sub-Job-ID: 486, Rank-Count: 512
[2025-01-31 18:03:43.598150] INFO: Receive loop #1 received 16384 bytes in 3670.022000ms
[2025-01-31 18:03:45.815955] INFO: Receive loop #2 received 16384 bytes in 0.072000ms
[2025-01-31 18:03:48.983169] INFO: Receive loop #3 received 16384 bytes in 0.095000ms
[2025-01-31 18:03:50.986057] INFO: Receive loop #4 received 16384 bytes in 0.115000ms
[2025-01-31 18:03:52.889832] INFO: Receive loop #5 received 16384 bytes in 0.029000ms
[2025-01-31 18:03:54.968141] INFO: Receive loop #6 received 16384 bytes in 0.026000ms
[2025-01-31 18:03:57.325204] INFO: Receive loop #7 received 16384 bytes in 0.034000ms
[2025-01-31 18:03:59.533397] INFO: Receive loop #8 received 16384 bytes in 0.168000ms
[2025-01-31 18:04:00.721184] INFO: Receive loop #9 received 16384 bytes in 0.032000ms
[2025-01-31 18:04:02.180538] INFO: Receive loop #10 received 16384 bytes in 0.031000ms
[2025-01-31 18:04:03.452186] INFO: Receive loop #11 received 16384 bytes in 0.009000ms
[2025-01-31 18:04:04.868614] INFO: Receive loop #12 received 7665 bytes in 0.019000ms
[2025-01-31 18:04:06.455784] INFO: Response received in 26881.857000ms
[2025-01-31 18:04:08.392833] INFO: File saved in 0.094000ms
[2025-01-31 18:04:10.232582] INFO: File saved to: /home/vc/kurotaka/objects/temp_391
[2025-01-31 18:04:12.757500] INFO: Execution permission granted to: /home/vc/kurotaka/objects/temp_391
[2025-01-31 18:04:13.385268] INFO: Executing command: /home/vc/kurotaka/objects/temp_391 485 512 1
[2025-01-31 18:04:38.017790] INFO: Command executed in 23524.591000ms
[2025-01-31 18:04:40.125875] INFO: Result saved to: /home/vc/kurotaka/results/result_391
[2025-01-31 18:04:43.996435] INFO: Second connection established in 0.200000ms
[2025-01-31 18:04:48.781174] INFO: Sending result upload request
[2025-01-31 18:04:52.589840] INFO: Second request sent in 0.026000ms
[2025-01-31 18:04:56.056364] INFO: Result uploaded in 0.053000ms
[2025-01-31 18:05:01.461341] INFO: Process completed successfully. Total execution time in 2m 23148.500000ms

