
[2025-01-31 15:38:19.287629] INFO: Process started with ID: 32
[2025-01-31 15:38:19.373093] INFO: First connection established in 0.221000ms
[2025-01-31 15:38:19.604018] INFO: Sending request: GET /http_server/send-object.php?ID=32 HTTP/1.1
Host: 192.168.100.3
Connection: close


[2025-01-31 15:38:19.960134] INFO: First request sent in 0.037000ms
[2025-01-31 15:38:20.414679] INFO: Time from request to first response in 0.030000ms
[2025-01-31 15:38:20.890865] INFO: Received headers - MPI-Rank: 14, Group-ID: 1, Job-ID: 1, Sub-Job-ID: 15, Rank-Count: 64
[2025-01-31 15:38:21.573420] INFO: Receive loop #1 received 16384 bytes in 1179.664000ms
[2025-01-31 15:38:22.300653] INFO: Receive loop #2 received 16384 bytes in 0.060000ms
[2025-01-31 15:38:22.534990] INFO: Receive loop #3 received 16384 bytes in 0.078000ms
[2025-01-31 15:38:22.839138] INFO: Receive loop #4 received 16384 bytes in 0.111000ms
[2025-01-31 15:38:23.200926] INFO: Receive loop #5 received 16384 bytes in 0.039000ms
[2025-01-31 15:38:23.533447] INFO: Receive loop #6 received 16384 bytes in 0.030000ms
[2025-01-31 15:38:23.775709] INFO: Receive loop #7 received 16384 bytes in 0.037000ms
[2025-01-31 15:38:24.056614] INFO: Receive loop #8 received 16384 bytes in 0.120000ms
[2025-01-31 15:38:24.432820] INFO: Receive loop #9 received 16384 bytes in 0.036000ms
[2025-01-31 15:38:24.848426] INFO: Receive loop #10 received 16384 bytes in 0.028000ms
[2025-01-31 15:38:25.460715] INFO: Receive loop #11 received 16384 bytes in 0.013000ms
[2025-01-31 15:38:26.144496] INFO: Receive loop #12 received 7662 bytes in 0.021000ms
[2025-01-31 15:38:26.875581] INFO: Response received in 6452.082000ms
[2025-01-31 15:38:27.138399] INFO: File saved in 0.473000ms
[2025-01-31 15:38:27.455841] INFO: File saved to: /home/vc/kurotaka/objects/temp_32
[2025-01-31 15:38:27.907606] INFO: Execution permission granted to: /home/vc/kurotaka/objects/temp_32
[2025-01-31 15:38:28.381141] INFO: Executing command: /home/vc/kurotaka/objects/temp_32 14 64 1
[2025-01-31 15:38:31.548397] INFO: Command executed in 2455.958000ms
[2025-01-31 15:38:31.800986] INFO: Result saved to: /home/vc/kurotaka/results/result_32
[2025-01-31 15:38:32.201183] INFO: Second connection established in 0.262000ms
[2025-01-31 15:38:32.695487] INFO: Sending result upload request
[2025-01-31 15:38:33.218127] INFO: Second request sent in 0.035000ms
[2025-01-31 15:38:33.896490] INFO: Result uploaded in 0.059000ms
[2025-01-31 15:38:34.547415] INFO: Process completed successfully. Total execution time in 15150.233000ms

