
[2025-01-31 16:07:42.224187] INFO: Process started with ID: 53
[2025-01-31 16:07:42.767758] INFO: First connection established in 0.258000ms
[2025-01-31 16:07:43.359405] INFO: Sending request: GET /http_server/send-object.php?ID=53 HTTP/1.1
Host: 192.168.100.3
Connection: close


[2025-01-31 16:07:44.074731] INFO: First request sent in 0.016000ms
[2025-01-31 16:07:44.649875] INFO: Time from request to first response in 0.031000ms
[2025-01-31 16:07:44.862754] INFO: Received headers - MPI-Rank: 63, Group-ID: 1, Job-ID: 1, Sub-Job-ID: 64, Rank-Count: 64
[2025-01-31 16:07:45.053867] INFO: Receive loop #1 received 16384 bytes in 385.250000ms
[2025-01-31 16:07:45.313081] INFO: Receive loop #2 received 16384 bytes in 0.069000ms
[2025-01-31 16:07:45.604783] INFO: Receive loop #3 received 16384 bytes in 0.086000ms
[2025-01-31 16:07:45.976021] INFO: Receive loop #4 received 16384 bytes in 0.111000ms
[2025-01-31 16:07:46.426926] INFO: Receive loop #5 received 16384 bytes in 0.027000ms
[2025-01-31 16:07:47.181324] INFO: Receive loop #6 received 16384 bytes in 0.032000ms
[2025-01-31 16:07:47.907748] INFO: Receive loop #7 received 16384 bytes in 0.029000ms
[2025-01-31 16:07:48.154012] INFO: Receive loop #8 received 16384 bytes in 0.235000ms
[2025-01-31 16:07:48.482592] INFO: Receive loop #9 received 16384 bytes in 0.032000ms
[2025-01-31 16:07:48.873920] INFO: Receive loop #10 received 16384 bytes in 0.030000ms
[2025-01-31 16:07:49.534155] INFO: Receive loop #11 received 16384 bytes in 0.028000ms
[2025-01-31 16:07:50.107373] INFO: Receive loop #12 received 7662 bytes in 0.018000ms
[2025-01-31 16:07:50.834886] INFO: Response received in 6002.225000ms
[2025-01-31 16:07:51.162092] INFO: File saved in 0.485000ms
[2025-01-31 16:07:51.508977] INFO: File saved to: /home/vc/kurotaka/objects/temp_53
[2025-01-31 16:07:51.772256] INFO: Execution permission granted to: /home/vc/kurotaka/objects/temp_53
[2025-01-31 16:07:51.951873] INFO: Executing command: /home/vc/kurotaka/objects/temp_53 63 64 1
[2025-01-31 16:07:53.766576] INFO: Command executed in 1630.547000ms
[2025-01-31 16:07:54.026601] INFO: Result saved to: /home/vc/kurotaka/results/result_53
[2025-01-31 16:07:54.477460] INFO: Second connection established in 0.182000ms
[2025-01-31 16:07:55.134502] INFO: Sending result upload request
[2025-01-31 16:07:55.846769] INFO: Second request sent in 0.026000ms
[2025-01-31 16:07:56.381516] INFO: Result uploaded in 0.062000ms
[2025-01-31 16:07:56.600385] INFO: Process completed successfully. Total execution time in 15156.781000ms

