
[2025-01-31 17:36:23.754968] INFO: Process started with ID: 12
[2025-01-31 17:36:23.775750] INFO: First connection established in 0.113000ms
[2025-01-31 17:36:23.795419] INFO: Sending request: GET /http_server/send-object.php?ID=12 HTTP/1.1
Host: 192.168.100.3
Connection: close


[2025-01-31 17:36:23.834218] INFO: First request sent in 0.015000ms
[2025-01-31 17:36:23.878869] INFO: Time from request to first response in 17.486000ms
[2025-01-31 17:36:23.907726] INFO: Received headers - MPI-Rank: 1, Group-ID: 1, Job-ID: 1, Sub-Job-ID: 2, Rank-Count: 16
[2025-01-31 17:36:23.938780] INFO: Receive loop #1 received 8688 bytes in 60.139000ms
[2025-01-31 17:36:23.974590] INFO: Receive loop #2 received 16384 bytes in 0.036000ms
[2025-01-31 17:36:24.010236] INFO: Receive loop #3 received 16384 bytes in 0.073000ms
[2025-01-31 17:36:24.147302] INFO: Receive loop #4 received 16384 bytes in 0.116000ms
[2025-01-31 17:36:24.210637] INFO: Receive loop #5 received 16384 bytes in 0.029000ms
[2025-01-31 17:36:24.272638] INFO: Receive loop #6 received 16384 bytes in 0.027000ms
[2025-01-31 17:36:24.401642] INFO: Receive loop #7 received 16384 bytes in 0.211000ms
[2025-01-31 17:36:24.493619] INFO: Receive loop #8 received 16384 bytes in 0.036000ms
[2025-01-31 17:36:24.552395] INFO: Receive loop #9 received 16384 bytes in 0.011000ms
[2025-01-31 17:36:24.621086] INFO: Receive loop #10 received 16384 bytes in 0.037000ms
[2025-01-31 17:36:24.719645] INFO: Receive loop #11 received 16384 bytes in 0.038000ms
[2025-01-31 17:36:24.807183] INFO: Receive loop #12 received 15356 bytes in 0.031000ms
[2025-01-31 17:36:24.922790] INFO: Response received in 1003.220000ms
[2025-01-31 17:36:25.000584] INFO: File saved in 0.456000ms
[2025-01-31 17:36:25.060547] INFO: File saved to: /home/vc/kurotaka/objects/temp_12
[2025-01-31 17:36:25.157606] INFO: Execution permission granted to: /home/vc/kurotaka/objects/temp_12
[2025-01-31 17:36:25.273239] INFO: Executing command: /home/vc/kurotaka/objects/temp_12 1 16 1
[2025-01-31 17:36:26.881803] INFO: Command executed in 1538.903000ms
[2025-01-31 17:36:26.939329] INFO: Result saved to: /home/vc/kurotaka/results/result_12
[2025-01-31 17:36:27.031946] INFO: Second connection established in 0.136000ms
[2025-01-31 17:36:27.081919] INFO: Sending result upload request
[2025-01-31 17:36:27.165474] INFO: Second request sent in 0.026000ms
[2025-01-31 17:36:27.231516] INFO: Result uploaded in 0.059000ms
[2025-01-31 17:36:27.249789] INFO: Process completed successfully. Total execution time in 3503.677000ms

