
[2025-01-31 17:59:21.627761] INFO: Process started with ID: 23
[2025-01-31 17:59:21.764366] INFO: First connection established in 0.272000ms
[2025-01-31 17:59:21.881546] INFO: Sending request: GET /http_server/send-object.php?ID=23 HTTP/1.1
Host: 192.168.100.3
Connection: close


[2025-01-31 17:59:22.042418] INFO: First request sent in 0.036000ms
[2025-01-31 17:59:22.206954] INFO: Time from request to first response in 0.028000ms
[2025-01-31 17:59:22.411941] INFO: Received headers - MPI-Rank: 20, Group-ID: 1, Job-ID: 1, Sub-Job-ID: 21, Rank-Count: 32
[2025-01-31 17:59:22.607269] INFO: Receive loop #1 received 16384 bytes in 367.107000ms
[2025-01-31 17:59:22.802357] INFO: Receive loop #2 received 16384 bytes in 0.061000ms
[2025-01-31 17:59:23.037900] INFO: Receive loop #3 received 16384 bytes in 0.078000ms
[2025-01-31 17:59:23.296601] INFO: Receive loop #4 received 16384 bytes in 0.123000ms
[2025-01-31 17:59:23.482672] INFO: Receive loop #5 received 16384 bytes in 0.030000ms
[2025-01-31 17:59:23.764883] INFO: Receive loop #6 received 16384 bytes in 0.032000ms
[2025-01-31 17:59:24.025516] INFO: Receive loop #7 received 16384 bytes in 0.030000ms
[2025-01-31 17:59:24.168749] INFO: Receive loop #8 received 16384 bytes in 0.247000ms
[2025-01-31 17:59:24.299419] INFO: Receive loop #9 received 16384 bytes in 0.032000ms
[2025-01-31 17:59:24.470951] INFO: Receive loop #10 received 16384 bytes in 0.029000ms
[2025-01-31 17:59:24.653294] INFO: Receive loop #11 received 16384 bytes in 0.028000ms
[2025-01-31 17:59:24.811708] INFO: Receive loop #12 received 7662 bytes in 0.019000ms
[2025-01-31 17:59:24.977250] INFO: Response received in 2767.362000ms
[2025-01-31 17:59:25.151407] INFO: File saved in 0.479000ms
[2025-01-31 17:59:25.410668] INFO: File saved to: /home/vc/kurotaka/objects/temp_23
[2025-01-31 17:59:25.623761] INFO: Execution permission granted to: /home/vc/kurotaka/objects/temp_23
[2025-01-31 17:59:25.755208] INFO: Executing command: /home/vc/kurotaka/objects/temp_23 20 32 1
[2025-01-31 17:59:27.736299] INFO: Command executed in 1821.495000ms
[2025-01-31 17:59:27.828164] INFO: Result saved to: /home/vc/kurotaka/results/result_23
[2025-01-31 17:59:27.938076] INFO: Second connection established in 0.182000ms
[2025-01-31 17:59:28.079263] INFO: Sending result upload request
[2025-01-31 17:59:28.261323] INFO: Second request sent in 0.028000ms
[2025-01-31 17:59:28.398251] INFO: Result uploaded in 0.055000ms
[2025-01-31 17:59:28.611618] INFO: Process completed successfully. Total execution time in 7101.717000ms

