
[2025-01-31 15:39:51.478714] INFO: Process started with ID: 220
[2025-01-31 15:39:52.729829] INFO: First connection established in 0.199000ms
[2025-01-31 15:39:54.131107] INFO: Sending request: GET /http_server/send-object.php?ID=220 HTTP/1.1
Host: 192.168.100.3
Connection: close


[2025-01-31 15:39:55.481020] INFO: First request sent in 0.040000ms
[2025-01-31 15:39:57.081603] INFO: Time from request to first response in 0.033000ms
[2025-01-31 15:39:58.473599] INFO: Received headers - MPI-Rank: 137, Group-ID: 1, Job-ID: 1, Sub-Job-ID: 138, Rank-Count: 256
[2025-01-31 15:39:59.331628] INFO: Receive loop #1 received 16384 bytes in 2278.498000ms
[2025-01-31 15:40:00.288047] INFO: Receive loop #2 received 16384 bytes in 0.060000ms
[2025-01-31 15:40:01.361551] INFO: Receive loop #3 received 16384 bytes in 0.077000ms
[2025-01-31 15:40:02.556766] INFO: Receive loop #4 received 16384 bytes in 0.110000ms
[2025-01-31 15:40:03.704584] INFO: Receive loop #5 received 16384 bytes in 0.029000ms
[2025-01-31 15:40:05.192362] INFO: Receive loop #6 received 16384 bytes in 0.030000ms
[2025-01-31 15:40:06.911778] INFO: Receive loop #7 received 16384 bytes in 0.029000ms
[2025-01-31 15:40:08.804571] INFO: Receive loop #8 received 16384 bytes in 0.252000ms
[2025-01-31 15:40:11.164824] INFO: Receive loop #9 received 16384 bytes in 0.031000ms
[2025-01-31 15:40:13.532874] INFO: Receive loop #10 received 16384 bytes in 0.034000ms
[2025-01-31 15:40:15.362920] INFO: Receive loop #11 received 16384 bytes in 0.030000ms
[2025-01-31 15:40:17.097075] INFO: Receive loop #12 received 7665 bytes in 0.020000ms
[2025-01-31 15:40:18.765692] INFO: Response received in 21436.565000ms
[2025-01-31 15:40:20.539349] INFO: File saved in 0.147000ms
[2025-01-31 15:40:21.965150] INFO: File saved to: /home/vc/kurotaka/objects/temp_220
[2025-01-31 15:40:24.332358] INFO: Execution permission granted to: /home/vc/kurotaka/objects/temp_220
[2025-01-31 15:40:25.424555] INFO: Executing command: /home/vc/kurotaka/objects/temp_220 137 256 1
[2025-01-31 15:40:37.081649] INFO: Command executed in 10050.884000ms
[2025-01-31 15:40:38.971858] INFO: Result saved to: /home/vc/kurotaka/results/result_220
[2025-01-31 15:40:41.372616] INFO: Second connection established in 0.175000ms
[2025-01-31 15:40:42.820841] INFO: Sending result upload request
[2025-01-31 15:40:44.506931] INFO: Second request sent in 0.027000ms
[2025-01-31 15:40:46.399679] INFO: Result uploaded in 0.058000ms
[2025-01-31 15:40:48.273410] INFO: Process completed successfully. Total execution time in 1m 2010.063000ms

