
[2025-01-31 15:39:56.870689] INFO: Process started with ID: 192
[2025-01-31 15:39:58.372584] INFO: First connection established in 0.176000ms
[2025-01-31 15:39:59.189120] INFO: Sending request: GET /http_server/send-object.php?ID=192 HTTP/1.1
Host: 192.168.100.3
Connection: close


[2025-01-31 15:40:00.137689] INFO: First request sent in 0.029000ms
[2025-01-31 15:40:01.224584] INFO: Time from request to first response in 0.036000ms
[2025-01-31 15:40:02.314345] INFO: Received headers - MPI-Rank: 185, Group-ID: 1, Job-ID: 1, Sub-Job-ID: 186, Rank-Count: 256
[2025-01-31 15:40:03.547217] INFO: Receive loop #1 received 16384 bytes in 2283.146000ms
[2025-01-31 15:40:04.793338] INFO: Receive loop #2 received 16384 bytes in 0.057000ms
[2025-01-31 15:40:06.486508] INFO: Receive loop #3 received 16384 bytes in 0.048000ms
[2025-01-31 15:40:08.539254] INFO: Receive loop #4 received 16384 bytes in 0.124000ms
[2025-01-31 15:40:10.964480] INFO: Receive loop #5 received 16384 bytes in 0.035000ms
[2025-01-31 15:40:12.708293] INFO: Receive loop #6 received 16384 bytes in 0.033000ms
[2025-01-31 15:40:14.526988] INFO: Receive loop #7 received 16384 bytes in 0.034000ms
[2025-01-31 15:40:16.523377] INFO: Receive loop #8 received 16384 bytes in 0.248000ms
[2025-01-31 15:40:18.436614] INFO: Receive loop #9 received 16384 bytes in 0.033000ms
[2025-01-31 15:40:19.607944] INFO: Receive loop #10 received 16384 bytes in 0.036000ms
[2025-01-31 15:40:21.073981] INFO: Receive loop #11 received 16384 bytes in 0.007000ms
[2025-01-31 15:40:23.178415] INFO: Receive loop #12 received 7665 bytes in 0.004000ms
[2025-01-31 15:40:24.626982] INFO: Response received in 23205.241000ms
[2025-01-31 15:40:26.254051] INFO: File saved in 0.546000ms
[2025-01-31 15:40:27.516548] INFO: File saved to: /home/vc/kurotaka/objects/temp_192
[2025-01-31 15:40:28.838853] INFO: Execution permission granted to: /home/vc/kurotaka/objects/temp_192
[2025-01-31 15:40:30.079106] INFO: Executing command: /home/vc/kurotaka/objects/temp_192 185 256 1
[2025-01-31 15:40:38.799202] INFO: Command executed in 7518.868000ms
[2025-01-31 15:40:41.114868] INFO: Result saved to: /home/vc/kurotaka/results/result_192
[2025-01-31 15:40:42.520253] INFO: Second connection established in 0.219000ms
[2025-01-31 15:40:44.383877] INFO: Sending result upload request
[2025-01-31 15:40:46.091064] INFO: Second request sent in 0.023000ms
[2025-01-31 15:40:47.867974] INFO: Result uploaded in 0.066000ms
[2025-01-31 15:40:49.849678] INFO: Process completed successfully. Total execution time in 1m 3883.367000ms

