
[2025-01-31 15:39:48.682736] INFO: Process started with ID: 252
[2025-01-31 15:39:49.635053] INFO: First connection established in 0.175000ms
[2025-01-31 15:39:50.954210] INFO: Sending request: GET /http_server/send-object.php?ID=252 HTTP/1.1
Host: 192.168.100.3
Connection: close


[2025-01-31 15:39:51.729485] INFO: First request sent in 0.010000ms
[2025-01-31 15:39:53.204264] INFO: Time from request to first response in 0.031000ms
[2025-01-31 15:39:54.378835] INFO: Received headers - MPI-Rank: 101, Group-ID: 1, Job-ID: 1, Sub-Job-ID: 102, Rank-Count: 256
[2025-01-31 15:39:56.123399] INFO: Receive loop #1 received 16384 bytes in 2834.007000ms
[2025-01-31 15:39:57.511987] INFO: Receive loop #2 received 16384 bytes in 0.064000ms
[2025-01-31 15:39:58.730136] INFO: Receive loop #3 received 16384 bytes in 0.076000ms
[2025-01-31 15:39:59.666970] INFO: Receive loop #4 received 16384 bytes in 0.107000ms
[2025-01-31 15:40:00.525680] INFO: Receive loop #5 received 16384 bytes in 0.030000ms
[2025-01-31 15:40:01.652020] INFO: Receive loop #6 received 16384 bytes in 0.028000ms
[2025-01-31 15:40:02.827124] INFO: Receive loop #7 received 16384 bytes in 0.029000ms
[2025-01-31 15:40:04.048885] INFO: Receive loop #8 received 16384 bytes in 0.386000ms
[2025-01-31 15:40:05.535832] INFO: Receive loop #9 received 16384 bytes in 0.033000ms
[2025-01-31 15:40:07.769912] INFO: Receive loop #10 received 16384 bytes in 0.029000ms
[2025-01-31 15:40:09.418405] INFO: Receive loop #11 received 16384 bytes in 0.028000ms
[2025-01-31 15:40:11.570798] INFO: Receive loop #12 received 7665 bytes in 0.020000ms
[2025-01-31 15:40:13.532534] INFO: Response received in 20505.211000ms
[2025-01-31 15:40:15.315725] INFO: File saved in 0.451000ms
[2025-01-31 15:40:17.060235] INFO: File saved to: /home/vc/kurotaka/objects/temp_252
[2025-01-31 15:40:19.608018] INFO: Execution permission granted to: /home/vc/kurotaka/objects/temp_252
[2025-01-31 15:40:21.109321] INFO: Executing command: /home/vc/kurotaka/objects/temp_252 101 256 1
[2025-01-31 15:40:41.445947] INFO: Command executed in 18688.360000ms
[2025-01-31 15:40:42.920069] INFO: Result saved to: /home/vc/kurotaka/results/result_252
[2025-01-31 15:40:44.593623] INFO: Second connection established in 0.249000ms
[2025-01-31 15:40:46.494799] INFO: Sending result upload request
[2025-01-31 15:40:48.443266] INFO: Second request sent in 0.026000ms
[2025-01-31 15:40:50.312248] INFO: Result uploaded in 0.056000ms
[2025-01-31 15:40:52.568949] INFO: Process completed successfully. Total execution time in 1m 6742.250000ms

