
[2025-01-31 15:39:55.663801] INFO: Process started with ID: 65
[2025-01-31 15:39:57.227857] INFO: First connection established in 0.196000ms
[2025-01-31 15:39:58.578330] INFO: Sending request: GET /http_server/send-object.php?ID=65 HTTP/1.1
Host: 192.168.100.3
Connection: close


[2025-01-31 15:39:59.466017] INFO: First request sent in 0.032000ms
[2025-01-31 15:40:00.400133] INFO: Time from request to first response in 0.127000ms
[2025-01-31 15:40:01.461959] INFO: Received headers - MPI-Rank: 177, Group-ID: 1, Job-ID: 1, Sub-Job-ID: 178, Rank-Count: 256
[2025-01-31 15:40:02.652897] INFO: Receive loop #1 received 16384 bytes in 2102.300000ms
[2025-01-31 15:40:03.785045] INFO: Receive loop #2 received 16384 bytes in 0.068000ms
[2025-01-31 15:40:05.253598] INFO: Receive loop #3 received 16384 bytes in 0.112000ms
[2025-01-31 15:40:07.176490] INFO: Receive loop #4 received 16384 bytes in 0.151000ms
[2025-01-31 15:40:08.970040] INFO: Receive loop #5 received 16384 bytes in 0.036000ms
[2025-01-31 15:40:11.241989] INFO: Receive loop #6 received 16384 bytes in 0.007000ms
[2025-01-31 15:40:13.530694] INFO: Receive loop #7 received 16384 bytes in 0.029000ms
[2025-01-31 15:40:15.148638] INFO: Receive loop #8 received 16384 bytes in 0.393000ms
[2025-01-31 15:40:16.599888] INFO: Receive loop #9 received 16384 bytes in 0.038000ms
[2025-01-31 15:40:18.236443] INFO: Receive loop #10 received 16384 bytes in 0.029000ms
[2025-01-31 15:40:19.448149] INFO: Receive loop #11 received 16384 bytes in 0.032000ms
[2025-01-31 15:40:20.974837] INFO: Receive loop #12 received 7665 bytes in 0.044000ms
[2025-01-31 15:40:22.646542] INFO: Response received in 21653.191000ms
[2025-01-31 15:40:24.457361] INFO: File saved in 0.620000ms
[2025-01-31 15:40:25.793711] INFO: File saved to: /home/vc/kurotaka/objects/temp_65
[2025-01-31 15:40:27.851715] INFO: Execution permission granted to: /home/vc/kurotaka/objects/temp_65
[2025-01-31 15:40:28.695991] INFO: Executing command: /home/vc/kurotaka/objects/temp_65 177 256 1
[2025-01-31 15:40:39.000777] INFO: Command executed in 9660.757000ms
[2025-01-31 15:40:41.445632] INFO: Result saved to: /home/vc/kurotaka/results/result_65
[2025-01-31 15:40:42.963464] INFO: Second connection established in 0.263000ms
[2025-01-31 15:40:44.630427] INFO: Sending result upload request
[2025-01-31 15:40:46.536319] INFO: Second request sent in 0.025000ms
[2025-01-31 15:40:48.532857] INFO: Result uploaded in 0.053000ms
[2025-01-31 15:40:50.418872] INFO: Process completed successfully. Total execution time in 1m 4278.285000ms

