
[2025-01-31 15:39:56.530850] INFO: Process started with ID: 56
[2025-01-31 15:39:57.742072] INFO: First connection established in 0.270000ms
[2025-01-31 15:39:58.898181] INFO: Sending request: GET /http_server/send-object.php?ID=56 HTTP/1.1
Host: 192.168.100.3
Connection: close


[2025-01-31 15:39:59.858859] INFO: First request sent in 0.035000ms
[2025-01-31 15:40:00.824602] INFO: Time from request to first response in 0.029000ms
[2025-01-31 15:40:01.890240] INFO: Received headers - MPI-Rank: 182, Group-ID: 1, Job-ID: 1, Sub-Job-ID: 183, Rank-Count: 256
[2025-01-31 15:40:03.151603] INFO: Receive loop #1 received 16384 bytes in 2308.935000ms
[2025-01-31 15:40:04.351093] INFO: Receive loop #2 received 16384 bytes in 0.069000ms
[2025-01-31 15:40:05.948472] INFO: Receive loop #3 received 16384 bytes in 0.075000ms
[2025-01-31 15:40:08.219281] INFO: Receive loop #4 received 16384 bytes in 0.122000ms
[2025-01-31 15:40:10.174867] INFO: Receive loop #5 received 16384 bytes in 0.031000ms
[2025-01-31 15:40:12.101975] INFO: Receive loop #6 received 16384 bytes in 0.029000ms
[2025-01-31 15:40:13.780121] INFO: Receive loop #7 received 16384 bytes in 0.006000ms
[2025-01-31 15:40:15.467112] INFO: Receive loop #8 received 16384 bytes in 0.275000ms
[2025-01-31 15:40:16.836755] INFO: Receive loop #9 received 16384 bytes in 0.024000ms
[2025-01-31 15:40:18.647902] INFO: Receive loop #10 received 16384 bytes in 0.029000ms
[2025-01-31 15:40:20.451596] INFO: Receive loop #11 received 16384 bytes in 0.025000ms
[2025-01-31 15:40:22.134762] INFO: Receive loop #12 received 7665 bytes in 0.018000ms
[2025-01-31 15:40:23.541165] INFO: Response received in 22230.520000ms
[2025-01-31 15:40:24.679660] INFO: File saved in 0.552000ms
[2025-01-31 15:40:26.271315] INFO: File saved to: /home/vc/kurotaka/objects/temp_56
[2025-01-31 15:40:28.246630] INFO: Execution permission granted to: /home/vc/kurotaka/objects/temp_56
[2025-01-31 15:40:28.838485] INFO: Executing command: /home/vc/kurotaka/objects/temp_56 182 256 1
[2025-01-31 15:40:38.839442] INFO: Command executed in 8885.498000ms
[2025-01-31 15:40:41.337648] INFO: Result saved to: /home/vc/kurotaka/results/result_56
[2025-01-31 15:40:42.765662] INFO: Second connection established in 0.218000ms
[2025-01-31 15:40:44.474028] INFO: Sending result upload request
[2025-01-31 15:40:46.331054] INFO: Second request sent in 0.031000ms
[2025-01-31 15:40:48.149658] INFO: Result uploaded in 0.049000ms
[2025-01-31 15:40:50.105076] INFO: Process completed successfully. Total execution time in 1m 4060.020000ms

