
[2025-01-31 15:40:01.560684] INFO: Process started with ID: 67
[2025-01-31 15:40:02.739007] INFO: First connection established in 0.368000ms
[2025-01-31 15:40:03.885227] INFO: Sending request: GET /http_server/send-object.php?ID=67 HTTP/1.1
Host: 192.168.100.3
Connection: close


[2025-01-31 15:40:05.327809] INFO: First request sent in 0.034000ms
[2025-01-31 15:40:07.271641] INFO: Time from request to first response in 0.032000ms
[2025-01-31 15:40:09.109021] INFO: Received headers - MPI-Rank: 241, Group-ID: 1, Job-ID: 1, Sub-Job-ID: 242, Rank-Count: 256
[2025-01-31 15:40:11.364561] INFO: Receive loop #1 received 16384 bytes in 4581.163000ms
[2025-01-31 15:40:13.531290] INFO: Receive loop #2 received 16384 bytes in 0.070000ms
[2025-01-31 15:40:15.113000] INFO: Receive loop #3 received 16384 bytes in 0.080000ms
[2025-01-31 15:40:16.285819] INFO: Receive loop #4 received 16384 bytes in 0.025000ms
[2025-01-31 15:40:18.190495] INFO: Receive loop #5 received 16384 bytes in 0.006000ms
[2025-01-31 15:40:19.521546] INFO: Receive loop #6 received 16384 bytes in 0.040000ms
[2025-01-31 15:40:21.009544] INFO: Receive loop #7 received 16384 bytes in 0.033000ms
[2025-01-31 15:40:22.738445] INFO: Receive loop #8 received 16384 bytes in 0.252000ms
[2025-01-31 15:40:24.371725] INFO: Receive loop #9 received 16384 bytes in 0.006000ms
[2025-01-31 15:40:25.522244] INFO: Receive loop #10 received 16384 bytes in 0.005000ms
[2025-01-31 15:40:27.147718] INFO: Receive loop #11 received 16384 bytes in 0.005000ms
[2025-01-31 15:40:28.339974] INFO: Receive loop #12 received 7665 bytes in 0.004000ms
[2025-01-31 15:40:28.883411] INFO: Response received in 22173.490000ms
[2025-01-31 15:40:30.199698] INFO: File saved in 0.516000ms
[2025-01-31 15:40:31.657599] INFO: File saved to: /home/vc/kurotaka/objects/temp_67
[2025-01-31 15:40:32.255903] INFO: Execution permission granted to: /home/vc/kurotaka/objects/temp_67
[2025-01-31 15:40:32.652440] INFO: Executing command: /home/vc/kurotaka/objects/temp_67 241 256 1
[2025-01-31 15:40:39.000742] INFO: Command executed in 5852.026000ms
[2025-01-31 15:40:41.445580] INFO: Result saved to: /home/vc/kurotaka/results/result_67
[2025-01-31 15:40:42.919690] INFO: Second connection established in 0.292000ms
[2025-01-31 15:40:44.558895] INFO: Sending result upload request
[2025-01-31 15:40:46.445171] INFO: Second request sent in 0.023000ms
[2025-01-31 15:40:48.400729] INFO: Result uploaded in 0.054000ms
[2025-01-31 15:40:50.189156] INFO: Process completed successfully. Total execution time in 1m 4154.820000ms

