
[2025-01-31 15:39:46.081640] INFO: Process started with ID: 211
[2025-01-31 15:39:46.558801] INFO: First connection established in 0.229000ms
[2025-01-31 15:39:47.323664] INFO: Sending request: GET /http_server/send-object.php?ID=211 HTTP/1.1
Host: 192.168.100.3
Connection: close


[2025-01-31 15:39:48.206119] INFO: First request sent in 0.038000ms
[2025-01-31 15:39:48.734136] INFO: Time from request to first response in 0.030000ms
[2025-01-31 15:39:49.669533] INFO: Received headers - MPI-Rank: 46, Group-ID: 1, Job-ID: 1, Sub-Job-ID: 47, Rank-Count: 256
[2025-01-31 15:39:51.002896] INFO: Receive loop #1 received 16384 bytes in 2094.062000ms
[2025-01-31 15:39:51.812042] INFO: Receive loop #2 received 16384 bytes in 0.017000ms
[2025-01-31 15:39:53.393685] INFO: Receive loop #3 received 16384 bytes in 0.082000ms
[2025-01-31 15:39:54.513828] INFO: Receive loop #4 received 16384 bytes in 0.139000ms
[2025-01-31 15:39:56.364185] INFO: Receive loop #5 received 16384 bytes in 0.031000ms
[2025-01-31 15:39:57.567573] INFO: Receive loop #6 received 16384 bytes in 0.032000ms
[2025-01-31 15:39:58.811535] INFO: Receive loop #7 received 16384 bytes in 0.035000ms
[2025-01-31 15:39:59.773443] INFO: Receive loop #8 received 16384 bytes in 0.257000ms
[2025-01-31 15:40:00.662237] INFO: Receive loop #9 received 16384 bytes in 0.029000ms
[2025-01-31 15:40:01.773069] INFO: Receive loop #10 received 16384 bytes in 0.007000ms
[2025-01-31 15:40:03.000987] INFO: Receive loop #11 received 16384 bytes in 0.035000ms
[2025-01-31 15:40:04.190804] INFO: Receive loop #12 received 7663 bytes in 0.018000ms
[2025-01-31 15:40:05.701881] INFO: Response received in 16744.962000ms
[2025-01-31 15:40:08.107801] INFO: File saved in 0.478000ms
[2025-01-31 15:40:09.825410] INFO: File saved to: /home/vc/kurotaka/objects/temp_211
[2025-01-31 15:40:11.853104] INFO: Execution permission granted to: /home/vc/kurotaka/objects/temp_211
[2025-01-31 15:40:13.566730] INFO: Executing command: /home/vc/kurotaka/objects/temp_211 46 256 1
[2025-01-31 15:40:37.959373] INFO: Command executed in 22813.236000ms
[2025-01-31 15:40:40.071205] INFO: Result saved to: /home/vc/kurotaka/results/result_211
[2025-01-31 15:40:42.079103] INFO: Second connection established in 0.253000ms
[2025-01-31 15:40:43.952077] INFO: Sending result upload request
[2025-01-31 15:40:45.516622] INFO: Second request sent in 0.026000ms
[2025-01-31 15:40:47.279140] INFO: Result uploaded in 0.055000ms
[2025-01-31 15:40:49.459024] INFO: Process completed successfully. Total execution time in 1m 3563.792000ms

