
[2025-01-31 17:19:36] Program started at 2025-01-31 17:19:36.3872
[2025-01-31 17:19:36] [getClientID] MySQL connection established. Execution time: 0.228 ms
[2025-01-31 17:19:36] [getClientID] SELECT table_name FROM table_registry WHERE id = :job_id / Execution time: 0.381 ms
[2025-01-31 17:19:36] [getClientID] SELECT client FROM `matrix` WHERE id = :sub_job_id / Execution time: 0.245 ms
[2025-01-31 17:19:36] getClientID completed. Execution time: 1.030 ms
[2025-01-31 17:19:36] Read file completed. Execution time: 0.013 ms
[2025-01-31 17:19:36] File saved successfully: uploads/job_1/group_1/result_463
[2025-01-31 17:19:36] [updateStatus] MySQL connection established. Execution time: 0.156 ms
[2025-01-31 17:19:36] [updateStatus] SELECT table_name FROM table_registry WHERE id = :job_id FOR UPDATE / Execution time: 0.222 ms
[2025-01-31 17:19:36] [updateStatus] UPDATE `matrix` SET status = :status WHERE id = :sub_job_id / Execution time: 0.222 ms
[2025-01-31 17:19:36] [updateStatus] SELECT COUNT_RECORDS FROM `matrix` / Execution time: 0.963 ms
[2025-01-31 17:19:36] [updateStatus] UPDATE table_registry SET status = :status WHERE id = :job_id / Execution time: 0.203 ms
[2025-01-31 17:19:36] updateStatus completed. Execution time: 4.086 ms
[2025-01-31 17:19:36] Write file completed. Execution time: 4.495 ms
[2025-01-31 17:19:36] [getGroupStatus] MySQL connection established. Execution time: 0.080 ms
[2025-01-31 17:19:36] [getGroupStatus] SELECT table_name FROM table_registry WHERE id = :job_id / Execution time: 0.211 ms
[2025-01-31 17:19:36] [getGroupStatus] SELECT status FROM `matrix` WHERE group_id = :group_id / Execution time: 1.041 ms
[2025-01-31 17:19:36] getGroupStatus completed. Execution time: 1.532 ms
[2025-01-31 17:19:36] Group 1 is not completed yet.
[2025-01-31 17:19:36] Program completed. Total execution time: 9.844 ms

