
[2025-01-31 17:19:49] Program started at 2025-01-31 17:19:49.9929
[2025-01-31 17:19:49] [getClientID] MySQL connection established. Execution time: 0.207 ms
[2025-01-31 17:19:49] [getClientID] SELECT table_name FROM table_registry WHERE id = :job_id / Execution time: 0.387 ms
[2025-01-31 17:19:49] [getClientID] SELECT client FROM `matrix` WHERE id = :sub_job_id / Execution time: 0.216 ms
[2025-01-31 17:19:49] getClientID completed. Execution time: 0.937 ms
[2025-01-31 17:19:49] Read file completed. Execution time: 0.007 ms
[2025-01-31 17:19:49] File saved successfully: uploads/job_1/group_1/result_41
[2025-01-31 17:19:49] [updateStatus] MySQL connection established. Execution time: 0.104 ms
[2025-01-31 17:19:49] [updateStatus] SELECT table_name FROM table_registry WHERE id = :job_id FOR UPDATE / Execution time: 0.277 ms
[2025-01-31 17:19:49] [updateStatus] UPDATE `matrix` SET status = :status WHERE id = :sub_job_id / Execution time: 0.301 ms
[2025-01-31 17:19:49] [updateStatus] SELECT COUNT_RECORDS FROM `matrix` / Execution time: 0.998 ms
[2025-01-31 17:19:49] [updateStatus] UPDATE table_registry SET status = :status WHERE id = :job_id / Execution time: 0.196 ms
[2025-01-31 17:19:50] updateStatus completed. Execution time: 297.275 ms
[2025-01-31 17:19:50] Write file completed. Execution time: 297.563 ms
[2025-01-31 17:19:50] [getGroupStatus] MySQL connection established. Execution time: 0.177 ms
[2025-01-31 17:19:50] [getGroupStatus] SELECT table_name FROM table_registry WHERE id = :job_id / Execution time: 0.309 ms
[2025-01-31 17:19:50] [getGroupStatus] SELECT status FROM `matrix` WHERE group_id = :group_id / Execution time: 1.852 ms
[2025-01-31 17:19:50] getGroupStatus completed. Execution time: 2.600 ms
[2025-01-31 17:19:50] Group 1 is not completed yet.
[2025-01-31 17:19:50] Program completed. Total execution time: 303.912 ms

