
[2025-01-31 17:19:25] Program started at 2025-01-31 17:19:25.7225
[2025-01-31 17:19:25] [getClientID] MySQL connection established. Execution time: 0.225 ms
[2025-01-31 17:19:25] [getClientID] SELECT table_name FROM table_registry WHERE id = :job_id / Execution time: 0.371 ms
[2025-01-31 17:19:25] [getClientID] SELECT client FROM `matrix` WHERE id = :sub_job_id / Execution time: 0.240 ms
[2025-01-31 17:19:25] getClientID completed. Execution time: 1.026 ms
[2025-01-31 17:19:25] Read file completed. Execution time: 0.013 ms
[2025-01-31 17:19:25] File saved successfully: uploads/job_1/group_1/result_502
[2025-01-31 17:19:25] [updateStatus] MySQL connection established. Execution time: 0.128 ms
[2025-01-31 17:19:25] [updateStatus] SELECT table_name FROM table_registry WHERE id = :job_id FOR UPDATE / Execution time: 2.346 ms
[2025-01-31 17:19:25] [updateStatus] UPDATE `matrix` SET status = :status WHERE id = :sub_job_id / Execution time: 0.345 ms
[2025-01-31 17:19:25] [updateStatus] SELECT COUNT_RECORDS FROM `matrix` / Execution time: 0.940 ms
[2025-01-31 17:19:25] [updateStatus] UPDATE table_registry SET status = :status WHERE id = :job_id / Execution time: 0.187 ms
[2025-01-31 17:19:25] updateStatus completed. Execution time: 82.375 ms
[2025-01-31 17:19:25] Write file completed. Execution time: 82.794 ms
[2025-01-31 17:19:25] [getGroupStatus] MySQL connection established. Execution time: 0.082 ms
[2025-01-31 17:19:25] [getGroupStatus] SELECT table_name FROM table_registry WHERE id = :job_id / Execution time: 0.308 ms
[2025-01-31 17:19:25] [getGroupStatus] SELECT status FROM `matrix` WHERE group_id = :group_id / Execution time: 1.499 ms
[2025-01-31 17:19:25] getGroupStatus completed. Execution time: 2.142 ms
[2025-01-31 17:19:25] Group 1 is not completed yet.
[2025-01-31 17:19:25] Program completed. Total execution time: 88.959 ms

