
[2025-01-31 17:19:40] Program started at 2025-01-31 17:19:40.367
[2025-01-31 17:19:40] [getClientID] MySQL connection established. Execution time: 0.608 ms
[2025-01-31 17:19:40] [getClientID] SELECT table_name FROM table_registry WHERE id = :job_id / Execution time: 0.450 ms
[2025-01-31 17:19:40] [getClientID] SELECT client FROM `matrix` WHERE id = :sub_job_id / Execution time: 0.245 ms
[2025-01-31 17:19:40] getClientID completed. Execution time: 1.462 ms
[2025-01-31 17:19:40] Read file completed. Execution time: 0.007 ms
[2025-01-31 17:19:40] File saved successfully: uploads/job_1/group_1/result_68
[2025-01-31 17:19:40] [updateStatus] MySQL connection established. Execution time: 0.097 ms
[2025-01-31 17:19:40] [updateStatus] SELECT table_name FROM table_registry WHERE id = :job_id FOR UPDATE / Execution time: 0.203 ms
[2025-01-31 17:19:40] [updateStatus] UPDATE `matrix` SET status = :status WHERE id = :sub_job_id / Execution time: 0.238 ms
[2025-01-31 17:19:40] [updateStatus] SELECT COUNT_RECORDS FROM `matrix` / Execution time: 0.989 ms
[2025-01-31 17:19:40] [updateStatus] UPDATE table_registry SET status = :status WHERE id = :job_id / Execution time: 0.201 ms
[2025-01-31 17:19:40] updateStatus completed. Execution time: 3.851 ms
[2025-01-31 17:19:40] Write file completed. Execution time: 4.064 ms
[2025-01-31 17:19:40] [getGroupStatus] MySQL connection established. Execution time: 0.041 ms
[2025-01-31 17:19:40] [getGroupStatus] SELECT table_name FROM table_registry WHERE id = :job_id / Execution time: 0.216 ms
[2025-01-31 17:19:40] [getGroupStatus] SELECT status FROM `matrix` WHERE group_id = :group_id / Execution time: 1.112 ms
[2025-01-31 17:19:40] getGroupStatus completed. Execution time: 1.507 ms
[2025-01-31 17:19:40] Group 1 is not completed yet.
[2025-01-31 17:19:40] Program completed. Total execution time: 9.917 ms

