
[2025-01-31 17:19:52] Program started at 2025-01-31 17:19:52.9404
[2025-01-31 17:19:52] [getClientID] MySQL connection established. Execution time: 0.221 ms
[2025-01-31 17:19:52] [getClientID] SELECT table_name FROM table_registry WHERE id = :job_id / Execution time: 0.338 ms
[2025-01-31 17:19:52] [getClientID] SELECT client FROM `matrix` WHERE id = :sub_job_id / Execution time: 0.252 ms
[2025-01-31 17:19:52] getClientID completed. Execution time: 0.998 ms
[2025-01-31 17:19:52] Read file completed. Execution time: 0.010 ms
[2025-01-31 17:19:52] File saved successfully: uploads/job_1/group_1/result_97
[2025-01-31 17:19:52] [updateStatus] MySQL connection established. Execution time: 0.134 ms
[2025-01-31 17:19:52] [updateStatus] SELECT table_name FROM table_registry WHERE id = :job_id FOR UPDATE / Execution time: 0.226 ms
[2025-01-31 17:19:52] [updateStatus] UPDATE `matrix` SET status = :status WHERE id = :sub_job_id / Execution time: 0.223 ms
[2025-01-31 17:19:52] [updateStatus] SELECT COUNT_RECORDS FROM `matrix` / Execution time: 0.974 ms
[2025-01-31 17:19:52] [updateStatus] UPDATE table_registry SET status = :status WHERE id = :job_id / Execution time: 0.203 ms
[2025-01-31 17:19:52] updateStatus completed. Execution time: 3.992 ms
[2025-01-31 17:19:52] Write file completed. Execution time: 4.287 ms
[2025-01-31 17:19:52] [getGroupStatus] MySQL connection established. Execution time: 0.057 ms
[2025-01-31 17:19:52] [getGroupStatus] SELECT table_name FROM table_registry WHERE id = :job_id / Execution time: 0.284 ms
[2025-01-31 17:19:52] [getGroupStatus] SELECT status FROM `matrix` WHERE group_id = :group_id / Execution time: 0.943 ms
[2025-01-31 17:19:52] getGroupStatus completed. Execution time: 1.365 ms
[2025-01-31 17:19:52] Group 1 is not completed yet.
[2025-01-31 17:19:52] Program completed. Total execution time: 9.314 ms

