
[2025-01-31 17:19:25] Program started at 2025-01-31 17:19:25.1599
[2025-01-31 17:19:25] [getClientID] MySQL connection established. Execution time: 0.342 ms
[2025-01-31 17:19:25] [getClientID] SELECT table_name FROM table_registry WHERE id = :job_id / Execution time: 0.454 ms
[2025-01-31 17:19:25] [getClientID] SELECT client FROM `matrix` WHERE id = :sub_job_id / Execution time: 0.229 ms
[2025-01-31 17:19:25] getClientID completed. Execution time: 1.136 ms
[2025-01-31 17:19:25] Read file completed. Execution time: 0.010 ms
[2025-01-31 17:19:25] File saved successfully: uploads/job_1/group_1/result_205
[2025-01-31 17:19:25] [updateStatus] MySQL connection established. Execution time: 0.103 ms
[2025-01-31 17:19:25] [updateStatus] SELECT table_name FROM table_registry WHERE id = :job_id FOR UPDATE / Execution time: 0.250 ms
[2025-01-31 17:19:25] [updateStatus] UPDATE `matrix` SET status = :status WHERE id = :sub_job_id / Execution time: 0.250 ms
[2025-01-31 17:19:25] [updateStatus] SELECT COUNT_RECORDS FROM `matrix` / Execution time: 0.948 ms
[2025-01-31 17:19:25] [updateStatus] UPDATE table_registry SET status = :status WHERE id = :job_id / Execution time: 0.177 ms
[2025-01-31 17:19:25] updateStatus completed. Execution time: 3.714 ms
[2025-01-31 17:19:25] Write file completed. Execution time: 3.922 ms
[2025-01-31 17:19:25] [getGroupStatus] MySQL connection established. Execution time: 0.043 ms
[2025-01-31 17:19:25] [getGroupStatus] SELECT table_name FROM table_registry WHERE id = :job_id / Execution time: 0.209 ms
[2025-01-31 17:19:25] [getGroupStatus] SELECT status FROM `matrix` WHERE group_id = :group_id / Execution time: 1.196 ms
[2025-01-31 17:19:25] getGroupStatus completed. Execution time: 1.581 ms
[2025-01-31 17:19:25] Group 1 is not completed yet.
[2025-01-31 17:19:25] Program completed. Total execution time: 9.338 ms

