
[2025-01-31 17:19:42] Program started at 2025-01-31 17:19:42.257
[2025-01-31 17:19:42] [getClientID] MySQL connection established. Execution time: 0.161 ms
[2025-01-31 17:19:42] [getClientID] SELECT table_name FROM table_registry WHERE id = :job_id / Execution time: 0.217 ms
[2025-01-31 17:19:42] [getClientID] SELECT client FROM `matrix` WHERE id = :sub_job_id / Execution time: 0.229 ms
[2025-01-31 17:19:42] getClientID completed. Execution time: 0.813 ms
[2025-01-31 17:19:42] Read file completed. Execution time: 0.013 ms
[2025-01-31 17:19:42] File saved successfully: uploads/job_1/group_1/result_240
[2025-01-31 17:19:42] [updateStatus] MySQL connection established. Execution time: 0.248 ms
[2025-01-31 17:19:42] [updateStatus] SELECT table_name FROM table_registry WHERE id = :job_id FOR UPDATE / Execution time: 0.325 ms
[2025-01-31 17:19:42] [updateStatus] UPDATE `matrix` SET status = :status WHERE id = :sub_job_id / Execution time: 0.373 ms
[2025-01-31 17:19:42] [updateStatus] SELECT COUNT_RECORDS FROM `matrix` / Execution time: 0.906 ms
[2025-01-31 17:19:42] [updateStatus] UPDATE table_registry SET status = :status WHERE id = :job_id / Execution time: 0.191 ms
[2025-01-31 17:19:42] updateStatus completed. Execution time: 4.307 ms
[2025-01-31 17:19:42] Write file completed. Execution time: 4.634 ms
[2025-01-31 17:19:42] [getGroupStatus] MySQL connection established. Execution time: 0.050 ms
[2025-01-31 17:19:42] [getGroupStatus] SELECT table_name FROM table_registry WHERE id = :job_id / Execution time: 0.239 ms
[2025-01-31 17:19:42] [getGroupStatus] SELECT status FROM `matrix` WHERE group_id = :group_id / Execution time: 1.069 ms
[2025-01-31 17:19:42] getGroupStatus completed. Execution time: 1.457 ms
[2025-01-31 17:19:42] Group 1 is not completed yet.
[2025-01-31 17:19:42] Program completed. Total execution time: 9.616 ms

