
[2025-01-31 17:19:35] Program started at 2025-01-31 17:19:35.2807
[2025-01-31 17:19:35] [getClientID] MySQL connection established. Execution time: 0.222 ms
[2025-01-31 17:19:35] [getClientID] SELECT table_name FROM table_registry WHERE id = :job_id / Execution time: 0.510 ms
[2025-01-31 17:19:35] [getClientID] SELECT client FROM `matrix` WHERE id = :sub_job_id / Execution time: 0.221 ms
[2025-01-31 17:19:35] getClientID completed. Execution time: 1.126 ms
[2025-01-31 17:19:35] Read file completed. Execution time: 0.009 ms
[2025-01-31 17:19:35] File saved successfully: uploads/job_1/group_1/result_345
[2025-01-31 17:19:35] [updateStatus] MySQL connection established. Execution time: 0.106 ms
[2025-01-31 17:19:35] [updateStatus] SELECT table_name FROM table_registry WHERE id = :job_id FOR UPDATE / Execution time: 0.209 ms
[2025-01-31 17:19:35] [updateStatus] UPDATE `matrix` SET status = :status WHERE id = :sub_job_id / Execution time: 0.216 ms
[2025-01-31 17:19:35] [updateStatus] SELECT COUNT_RECORDS FROM `matrix` / Execution time: 0.949 ms
[2025-01-31 17:19:35] [updateStatus] UPDATE table_registry SET status = :status WHERE id = :job_id / Execution time: 0.182 ms
[2025-01-31 17:19:35] updateStatus completed. Execution time: 3.840 ms
[2025-01-31 17:19:35] Write file completed. Execution time: 4.102 ms
[2025-01-31 17:19:35] [getGroupStatus] MySQL connection established. Execution time: 0.173 ms
[2025-01-31 17:19:35] [getGroupStatus] SELECT table_name FROM table_registry WHERE id = :job_id / Execution time: 0.339 ms
[2025-01-31 17:19:35] [getGroupStatus] SELECT status FROM `matrix` WHERE group_id = :group_id / Execution time: 1.482 ms
[2025-01-31 17:19:35] getGroupStatus completed. Execution time: 2.325 ms
[2025-01-31 17:19:35] Group 1 is not completed yet.
[2025-01-31 17:19:35] Program completed. Total execution time: 10.238 ms

