
[2025-01-31 17:32:34.817801] INFO: Process started with ID: 273
[2025-01-31 17:32:36.644136] INFO: First connection established in 0.245000ms
[2025-01-31 17:32:38.678533] INFO: Sending request: GET /http_server/send-object.php?ID=273 HTTP/1.1
Host: 192.168.100.3
Connection: close


[2025-01-31 17:32:40.535034] INFO: First request sent in 0.034000ms
[2025-01-31 17:32:42.444978] INFO: Time from request to first response in 0.030000ms
[2025-01-31 17:32:44.351391] INFO: Received headers - MPI-Rank: 229, Group-ID: 1, Job-ID: 1, Sub-Job-ID: 230, Rank-Count: 512
[2025-01-31 17:32:46.850377] INFO: Receive loop #1 received 16384 bytes in 4437.617000ms
[2025-01-31 17:32:49.245586] INFO: Receive loop #2 received 16384 bytes in 0.060000ms
[2025-01-31 17:32:51.187671] INFO: Receive loop #3 received 16384 bytes in 0.104000ms
[2025-01-31 17:32:52.900157] INFO: Receive loop #4 received 16384 bytes in 0.020000ms
[2025-01-31 17:32:54.652016] INFO: Receive loop #5 received 16384 bytes in 0.005000ms
[2025-01-31 17:32:56.422749] INFO: Receive loop #6 received 16384 bytes in 0.005000ms
[2025-01-31 17:32:58.506720] INFO: Receive loop #7 received 16384 bytes in 0.004000ms
[2025-01-31 17:33:00.893616] INFO: Receive loop #8 received 16384 bytes in 0.312000ms
[2025-01-31 17:33:03.208038] INFO: Receive loop #9 received 16384 bytes in 0.030000ms
[2025-01-31 17:33:05.293272] INFO: Receive loop #10 received 16384 bytes in 0.029000ms
[2025-01-31 17:33:07.237803] INFO: Receive loop #11 received 16384 bytes in 0.029000ms
[2025-01-31 17:33:09.296947] INFO: Receive loop #12 received 7665 bytes in 0.020000ms
[2025-01-31 17:33:11.138701] INFO: Response received in 28649.366000ms
[2025-01-31 17:33:13.229363] INFO: File saved in 0.473000ms
[2025-01-31 17:33:15.054768] INFO: File saved to: /home/vc/kurotaka/objects/temp_273
[2025-01-31 17:33:17.476957] INFO: Execution permission granted to: /home/vc/kurotaka/objects/temp_273
[2025-01-31 17:33:20.039145] INFO: Executing command: /home/vc/kurotaka/objects/temp_273 229 512 1
[2025-01-31 17:34:30.706878] INFO: Command executed in 1m 7266.495000ms
[2025-01-31 17:34:34.145449] INFO: Result saved to: /home/vc/kurotaka/results/result_273
[2025-01-31 17:34:38.499222] INFO: Second connection established in 0.242000ms
[2025-01-31 17:34:43.278834] INFO: Sending result upload request
[2025-01-31 17:34:47.083025] INFO: Second request sent in 0.027000ms
[2025-01-31 17:34:51.912609] INFO: Result uploaded in 0.011000ms
[2025-01-31 17:34:54.803439] INFO: Process completed successfully. Total execution time in 2m 32528.571000ms

