
[2025-01-31 17:33:17.321919] INFO: Process started with ID: 375
[2025-01-31 17:33:20.035972] INFO: First connection established in 0.225000ms
[2025-01-31 17:33:22.628481] INFO: Sending request: GET /http_server/send-object.php?ID=375 HTTP/1.1
Host: 192.168.100.3
Connection: close


[2025-01-31 17:33:24.464962] INFO: First request sent in 0.027000ms
[2025-01-31 17:33:26.429280] INFO: Time from request to first response in 0.033000ms
[2025-01-31 17:33:28.375935] INFO: Received headers - MPI-Rank: 495, Group-ID: 1, Job-ID: 1, Sub-Job-ID: 496, Rank-Count: 512
[2025-01-31 17:33:31.001866] INFO: Receive loop #1 received 16384 bytes in 4124.298000ms
[2025-01-31 17:33:33.673320] INFO: Receive loop #2 received 16384 bytes in 0.077000ms
[2025-01-31 17:33:35.649409] INFO: Receive loop #3 received 16384 bytes in 0.087000ms
[2025-01-31 17:33:37.588757] INFO: Receive loop #4 received 16384 bytes in 0.134000ms
[2025-01-31 17:33:39.835815] INFO: Receive loop #5 received 16384 bytes in 0.017000ms
[2025-01-31 17:33:41.768878] INFO: Receive loop #6 received 16384 bytes in 0.030000ms
[2025-01-31 17:33:43.559624] INFO: Receive loop #7 received 16384 bytes in 0.034000ms
[2025-01-31 17:33:44.958781] INFO: Receive loop #8 received 16384 bytes in 0.056000ms
[2025-01-31 17:33:46.015212] INFO: Receive loop #9 received 16384 bytes in 0.030000ms
[2025-01-31 17:33:47.213389] INFO: Receive loop #10 received 16384 bytes in 0.035000ms
[2025-01-31 17:33:48.338248] INFO: Receive loop #11 received 16384 bytes in 0.035000ms
[2025-01-31 17:33:49.690674] INFO: Receive loop #12 received 7665 bytes in 0.003000ms
[2025-01-31 17:33:50.758558] INFO: Response received in 24418.625000ms
[2025-01-31 17:33:51.999973] INFO: File saved in 0.462000ms
[2025-01-31 17:33:54.327014] INFO: File saved to: /home/vc/kurotaka/objects/temp_375
[2025-01-31 17:33:56.451785] INFO: Execution permission granted to: /home/vc/kurotaka/objects/temp_375
[2025-01-31 17:33:58.210212] INFO: Executing command: /home/vc/kurotaka/objects/temp_375 495 512 1
[2025-01-31 17:34:27.750517] INFO: Command executed in 28405.722000ms
[2025-01-31 17:34:30.442229] INFO: Result saved to: /home/vc/kurotaka/results/result_375
[2025-01-31 17:34:33.854406] INFO: Second connection established in 0.172000ms
[2025-01-31 17:34:38.317744] INFO: Sending result upload request
[2025-01-31 17:34:43.077737] INFO: Second request sent in 0.026000ms
[2025-01-31 17:34:46.819696] INFO: Result uploaded in 0.058000ms
[2025-01-31 17:34:51.705864] INFO: Process completed successfully. Total execution time in 2m 28137.347000ms

