
[2025-01-31 17:32:31.856415] INFO: Process started with ID: 410
[2025-01-31 17:32:33.321847] INFO: First connection established in 0.192000ms
[2025-01-31 17:32:34.901471] INFO: Sending request: GET /http_server/send-object.php?ID=410 HTTP/1.1
Host: 192.168.100.3
Connection: close


[2025-01-31 17:32:36.687956] INFO: First request sent in 0.035000ms
[2025-01-31 17:32:38.678567] INFO: Time from request to first response in 0.031000ms
[2025-01-31 17:32:40.535348] INFO: Received headers - MPI-Rank: 204, Group-ID: 1, Job-ID: 1, Sub-Job-ID: 205, Rank-Count: 512
[2025-01-31 17:32:42.444832] INFO: Receive loop #1 received 16384 bytes in 4076.234000ms
[2025-01-31 17:32:44.398530] INFO: Receive loop #2 received 16384 bytes in 0.064000ms
[2025-01-31 17:32:46.900385] INFO: Receive loop #3 received 16384 bytes in 0.084000ms
[2025-01-31 17:32:49.282761] INFO: Receive loop #4 received 16384 bytes in 0.113000ms
[2025-01-31 17:32:51.217469] INFO: Receive loop #5 received 16384 bytes in 0.034000ms
[2025-01-31 17:32:52.900124] INFO: Receive loop #6 received 16384 bytes in 0.004000ms
[2025-01-31 17:32:54.614603] INFO: Receive loop #7 received 16384 bytes in 0.007000ms
[2025-01-31 17:32:56.647141] INFO: Receive loop #8 received 16384 bytes in 0.054000ms
[2025-01-31 17:32:58.704087] INFO: Receive loop #9 received 16384 bytes in 0.005000ms
[2025-01-31 17:33:00.941456] INFO: Receive loop #10 received 16384 bytes in 0.032000ms
[2025-01-31 17:33:03.163148] INFO: Receive loop #11 received 16384 bytes in 0.027000ms
[2025-01-31 17:33:05.030720] INFO: Receive loop #12 received 7665 bytes in 0.019000ms
[2025-01-31 17:33:06.991809] INFO: Response received in 28102.418000ms
[2025-01-31 17:33:08.544575] INFO: File saved in 0.461000ms
[2025-01-31 17:33:10.715602] INFO: File saved to: /home/vc/kurotaka/objects/temp_410
[2025-01-31 17:33:12.806882] INFO: Execution permission granted to: /home/vc/kurotaka/objects/temp_410
[2025-01-31 17:33:14.750392] INFO: Executing command: /home/vc/kurotaka/objects/temp_410 204 512 1
[2025-01-31 17:34:46.361764] INFO: Command executed in 1m 29452.564000ms
[2025-01-31 17:34:50.078718] INFO: Result saved to: /home/vc/kurotaka/results/result_410
[2025-01-31 17:34:54.134873] INFO: Second connection established in 0.097000ms
[2025-01-31 17:34:57.967494] INFO: Sending result upload request
[2025-01-31 17:35:02.114406] INFO: Second request sent in 0.003000ms
[2025-01-31 17:35:03.397601] INFO: Result uploaded in 0.014000ms
[2025-01-31 17:35:04.589181] INFO: Process completed successfully. Total execution time in 2m 42658.152000ms

