
[2025-01-31 17:32:32.596210] INFO: Process started with ID: 399
[2025-01-31 17:32:34.323275] INFO: First connection established in 0.238000ms
[2025-01-31 17:32:35.955646] INFO: Sending request: GET /http_server/send-object.php?ID=399 HTTP/1.1
Host: 192.168.100.3
Connection: close


[2025-01-31 17:32:37.565737] INFO: First request sent in 0.036000ms
[2025-01-31 17:32:39.455067] INFO: Time from request to first response in 0.037000ms
[2025-01-31 17:32:41.721159] INFO: Received headers - MPI-Rank: 212, Group-ID: 1, Job-ID: 1, Sub-Job-ID: 213, Rank-Count: 512
[2025-01-31 17:32:43.716376] INFO: Receive loop #1 received 16384 bytes in 4074.319000ms
[2025-01-31 17:32:46.194278] INFO: Receive loop #2 received 16384 bytes in 0.061000ms
[2025-01-31 17:32:48.565824] INFO: Receive loop #3 received 16384 bytes in 0.079000ms
[2025-01-31 17:32:50.532381] INFO: Receive loop #4 received 16384 bytes in 0.126000ms
[2025-01-31 17:32:51.830372] INFO: Receive loop #5 received 16384 bytes in 0.009000ms
[2025-01-31 17:32:53.656568] INFO: Receive loop #6 received 16384 bytes in 0.029000ms
[2025-01-31 17:32:55.553814] INFO: Receive loop #7 received 16384 bytes in 0.029000ms
[2025-01-31 17:32:57.755249] INFO: Receive loop #8 received 16384 bytes in 0.300000ms
[2025-01-31 17:32:59.705410] INFO: Receive loop #9 received 16384 bytes in 0.007000ms
[2025-01-31 17:33:01.768761] INFO: Receive loop #10 received 16384 bytes in 0.027000ms
[2025-01-31 17:33:03.965987] INFO: Receive loop #11 received 16384 bytes in 0.029000ms
[2025-01-31 17:33:05.592302] INFO: Receive loop #12 received 7665 bytes in 0.021000ms
[2025-01-31 17:33:07.423008] INFO: Response received in 28259.830000ms
[2025-01-31 17:33:09.658360] INFO: File saved in 0.481000ms
[2025-01-31 17:33:11.691763] INFO: File saved to: /home/vc/kurotaka/objects/temp_399
[2025-01-31 17:33:13.465570] INFO: Execution permission granted to: /home/vc/kurotaka/objects/temp_399
[2025-01-31 17:33:15.244831] INFO: Executing command: /home/vc/kurotaka/objects/temp_399 212 512 1
[2025-01-31 17:34:45.700708] INFO: Command executed in 1m 27221.623000ms
[2025-01-31 17:34:49.001322] INFO: Result saved to: /home/vc/kurotaka/results/result_399
[2025-01-31 17:34:52.862961] INFO: Second connection established in 0.100000ms
[2025-01-31 17:34:58.070693] INFO: Sending result upload request
[2025-01-31 17:35:02.114809] INFO: Second request sent in 0.004000ms
[2025-01-31 17:35:03.397693] INFO: Result uploaded in 0.011000ms
[2025-01-31 17:35:04.589131] INFO: Process completed successfully. Total execution time in 2m 42655.108000ms

