
[2025-01-31 17:33:01.767794] INFO: Process started with ID: 245
[2025-01-31 17:33:03.897343] INFO: First connection established in 0.158000ms
[2025-01-31 17:33:05.548339] INFO: Sending request: GET /http_server/send-object.php?ID=245 HTTP/1.1
Host: 192.168.100.3
Connection: close


[2025-01-31 17:33:07.387388] INFO: First request sent in 0.034000ms
[2025-01-31 17:33:09.629059] INFO: Time from request to first response in 0.030000ms
[2025-01-31 17:33:11.458260] INFO: Received headers - MPI-Rank: 396, Group-ID: 1, Job-ID: 1, Sub-Job-ID: 397, Rank-Count: 512
[2025-01-31 17:33:13.330734] INFO: Receive loop #1 received 16384 bytes in 4216.932000ms
[2025-01-31 17:33:15.103228] INFO: Receive loop #2 received 16384 bytes in 0.074000ms
[2025-01-31 17:33:17.516416] INFO: Receive loop #3 received 16384 bytes in 0.082000ms
[2025-01-31 17:33:20.045857] INFO: Receive loop #4 received 16384 bytes in 0.110000ms
[2025-01-31 17:33:22.615931] INFO: Receive loop #5 received 16384 bytes in 0.029000ms
[2025-01-31 17:33:24.363571] INFO: Receive loop #6 received 16384 bytes in 0.008000ms
[2025-01-31 17:33:25.881016] INFO: Receive loop #7 received 16384 bytes in 0.029000ms
[2025-01-31 17:33:27.907870] INFO: Receive loop #8 received 16384 bytes in 0.246000ms
[2025-01-31 17:33:30.027506] INFO: Receive loop #9 received 16384 bytes in 0.030000ms
[2025-01-31 17:33:32.419108] INFO: Receive loop #10 received 16384 bytes in 0.008000ms
[2025-01-31 17:33:34.544802] INFO: Receive loop #11 received 16384 bytes in 0.020000ms
[2025-01-31 17:33:36.902905] INFO: Receive loop #12 received 7665 bytes in 0.018000ms
[2025-01-31 17:33:38.713335] INFO: Response received in 28827.672000ms
[2025-01-31 17:33:41.010645] INFO: File saved in 0.517000ms
[2025-01-31 17:33:43.286101] INFO: File saved to: /home/vc/kurotaka/objects/temp_245
[2025-01-31 17:33:44.855707] INFO: Execution permission granted to: /home/vc/kurotaka/objects/temp_245
[2025-01-31 17:33:46.134847] INFO: Executing command: /home/vc/kurotaka/objects/temp_245 396 512 1
[2025-01-31 17:34:26.483805] INFO: Command executed in 39374.504000ms
[2025-01-31 17:34:28.488917] INFO: Result saved to: /home/vc/kurotaka/results/result_245
[2025-01-31 17:34:31.187658] INFO: Second connection established in 0.165000ms
[2025-01-31 17:34:34.823862] INFO: Sending result upload request
[2025-01-31 17:34:39.124856] INFO: Second request sent in 0.029000ms
[2025-01-31 17:34:43.598863] INFO: Result uploaded in 0.058000ms
[2025-01-31 17:34:47.361314] INFO: Process completed successfully. Total execution time in 2m 24375.135000ms

