
[2025-01-31 17:32:21.726490] INFO: Process started with ID: 468
[2025-01-31 17:32:21.839172] INFO: First connection established in 0.186000ms
[2025-01-31 17:32:22.039120] INFO: Sending request: GET /http_server/send-object.php?ID=468 HTTP/1.1
Host: 192.168.100.3
Connection: close


[2025-01-31 17:32:22.402433] INFO: First request sent in 0.039000ms
[2025-01-31 17:32:23.007808] INFO: Time from request to first response in 0.008000ms
[2025-01-31 17:32:23.553206] INFO: Received headers - MPI-Rank: 17, Group-ID: 1, Job-ID: 1, Sub-Job-ID: 18, Rank-Count: 512
[2025-01-31 17:32:24.139269] INFO: Receive loop #1 received 16384 bytes in 1061.446000ms
[2025-01-31 17:32:25.011093] INFO: Receive loop #2 received 16384 bytes in 0.019000ms
[2025-01-31 17:32:25.793168] INFO: Receive loop #3 received 16384 bytes in 0.087000ms
[2025-01-31 17:32:26.649834] INFO: Receive loop #4 received 16384 bytes in 0.112000ms
[2025-01-31 17:32:27.698556] INFO: Receive loop #5 received 16384 bytes in 0.029000ms
[2025-01-31 17:32:28.489849] INFO: Receive loop #6 received 16384 bytes in 0.029000ms
[2025-01-31 17:32:29.881557] INFO: Receive loop #7 received 16384 bytes in 0.032000ms
[2025-01-31 17:32:31.074630] INFO: Receive loop #8 received 16384 bytes in 0.293000ms
[2025-01-31 17:32:32.374474] INFO: Receive loop #9 received 16384 bytes in 0.031000ms
[2025-01-31 17:32:34.159562] INFO: Receive loop #10 received 16384 bytes in 0.030000ms
[2025-01-31 17:32:35.565635] INFO: Receive loop #11 received 16384 bytes in 0.030000ms
[2025-01-31 17:32:37.288201] INFO: Receive loop #12 received 7663 bytes in 0.003000ms
[2025-01-31 17:32:39.274824] INFO: Response received in 16020.212000ms
[2025-01-31 17:32:41.560853] INFO: File saved in 0.517000ms
[2025-01-31 17:32:43.600240] INFO: File saved to: /home/vc/kurotaka/objects/temp_468
[2025-01-31 17:32:45.740372] INFO: Execution permission granted to: /home/vc/kurotaka/objects/temp_468
[2025-01-31 17:32:48.200843] INFO: Executing command: /home/vc/kurotaka/objects/temp_468 17 512 1
[2025-01-31 17:34:43.077926] INFO: Command executed in 1m 52904.246000ms
[2025-01-31 17:34:45.875256] INFO: Result saved to: /home/vc/kurotaka/results/result_468
[2025-01-31 17:34:49.395654] INFO: Second connection established in 0.245000ms
[2025-01-31 17:34:53.331977] INFO: Sending result upload request
[2025-01-31 17:34:58.362634] INFO: Second request sent in 0.004000ms
[2025-01-31 17:35:02.134380] INFO: Result uploaded in 0.012000ms
[2025-01-31 17:35:03.399190] INFO: Process completed successfully. Total execution time in 2m 41733.516000ms

