
[2025-01-31 17:32:51.830257] INFO: Process started with ID: 165
[2025-01-31 17:32:53.656371] INFO: First connection established in 0.264000ms
[2025-01-31 17:32:55.554105] INFO: Sending request: GET /http_server/send-object.php?ID=165 HTTP/1.1
Host: 192.168.100.3
Connection: close


[2025-01-31 17:32:57.742360] INFO: First request sent in 0.026000ms
[2025-01-31 17:32:59.705538] INFO: Time from request to first response in 0.031000ms
[2025-01-31 17:33:01.829822] INFO: Received headers - MPI-Rank: 333, Group-ID: 1, Job-ID: 1, Sub-Job-ID: 334, Rank-Count: 512
[2025-01-31 17:33:03.965636] INFO: Receive loop #1 received 16384 bytes in 4349.081000ms
[2025-01-31 17:33:05.591634] INFO: Receive loop #2 received 16384 bytes in 0.067000ms
[2025-01-31 17:33:07.388200] INFO: Receive loop #3 received 16384 bytes in 0.082000ms
[2025-01-31 17:33:09.629622] INFO: Receive loop #4 received 16384 bytes in 0.107000ms
[2025-01-31 17:33:11.458475] INFO: Receive loop #5 received 16384 bytes in 0.017000ms
[2025-01-31 17:33:13.330976] INFO: Receive loop #6 received 16384 bytes in 0.006000ms
[2025-01-31 17:33:15.125178] INFO: Receive loop #7 received 16384 bytes in 0.009000ms
[2025-01-31 17:33:17.558920] INFO: Receive loop #8 received 16384 bytes in 0.301000ms
[2025-01-31 17:33:20.094634] INFO: Receive loop #9 received 16384 bytes in 0.031000ms
[2025-01-31 17:33:22.616070] INFO: Receive loop #10 received 16384 bytes in 0.028000ms
[2025-01-31 17:33:24.396555] INFO: Receive loop #11 received 16384 bytes in 0.032000ms
[2025-01-31 17:33:25.881568] INFO: Receive loop #12 received 7665 bytes in 0.027000ms
[2025-01-31 17:33:28.165603] INFO: Response received in 28104.067000ms
[2025-01-31 17:33:31.259480] INFO: File saved in 0.587000ms
[2025-01-31 17:33:33.589514] INFO: File saved to: /home/vc/kurotaka/objects/temp_165
[2025-01-31 17:33:37.073029] INFO: Execution permission granted to: /home/vc/kurotaka/objects/temp_165
[2025-01-31 17:33:38.912817] INFO: Executing command: /home/vc/kurotaka/objects/temp_165 333 512 1
[2025-01-31 17:34:28.783334] INFO: Command executed in 48304.459000ms
[2025-01-31 17:34:31.482970] INFO: Result saved to: /home/vc/kurotaka/results/result_165
[2025-01-31 17:34:35.208477] INFO: Second connection established in 0.258000ms
[2025-01-31 17:34:39.727601] INFO: Sending result upload request
[2025-01-31 17:34:44.031049] INFO: Second request sent in 0.017000ms
[2025-01-31 17:34:47.990569] INFO: Result uploaded in 0.055000ms
[2025-01-31 17:34:52.322190] INFO: Process completed successfully. Total execution time in 2m 29433.760000ms

