
[2025-01-31 17:32:41.597240] INFO: Process started with ID: 315
[2025-01-31 17:32:43.645833] INFO: First connection established in 0.225000ms
[2025-01-31 17:32:45.985720] INFO: Sending request: GET /http_server/send-object.php?ID=315 HTTP/1.1
Host: 192.168.100.3
Connection: close


[2025-01-31 17:32:48.394700] INFO: First request sent in 0.019000ms
[2025-01-31 17:32:50.429801] INFO: Time from request to first response in 0.030000ms
[2025-01-31 17:32:51.830126] INFO: Received headers - MPI-Rank: 274, Group-ID: 1, Job-ID: 1, Sub-Job-ID: 275, Rank-Count: 512
[2025-01-31 17:32:53.643590] INFO: Receive loop #1 received 16384 bytes in 3770.313000ms
[2025-01-31 17:32:55.518077] INFO: Receive loop #2 received 16384 bytes in 0.024000ms
[2025-01-31 17:32:57.741672] INFO: Receive loop #3 received 16384 bytes in 0.093000ms
[2025-01-31 17:32:59.677219] INFO: Receive loop #4 received 16384 bytes in 0.112000ms
[2025-01-31 17:33:01.769009] INFO: Receive loop #5 received 16384 bytes in 0.030000ms
[2025-01-31 17:33:03.965867] INFO: Receive loop #6 received 16384 bytes in 0.011000ms
[2025-01-31 17:33:05.591904] INFO: Receive loop #7 received 16384 bytes in 0.033000ms
[2025-01-31 17:33:07.422585] INFO: Receive loop #8 received 16384 bytes in 0.049000ms
[2025-01-31 17:33:09.658332] INFO: Receive loop #9 received 16384 bytes in 0.043000ms
[2025-01-31 17:33:11.541014] INFO: Receive loop #10 received 16384 bytes in 0.030000ms
[2025-01-31 17:33:13.434122] INFO: Receive loop #11 received 16384 bytes in 0.036000ms
[2025-01-31 17:33:15.302596] INFO: Receive loop #12 received 7665 bytes in 0.019000ms
[2025-01-31 17:33:17.747875] INFO: Response received in 27758.907000ms
[2025-01-31 17:33:20.038519] INFO: File saved in 0.484000ms
[2025-01-31 17:33:22.663587] INFO: File saved to: /home/vc/kurotaka/objects/temp_315
[2025-01-31 17:33:25.881311] INFO: Execution permission granted to: /home/vc/kurotaka/objects/temp_315
[2025-01-31 17:33:28.165769] INFO: Executing command: /home/vc/kurotaka/objects/temp_315 274 512 1
[2025-01-31 17:34:26.569578] INFO: Command executed in 56248.644000ms
[2025-01-31 17:34:29.061610] INFO: Result saved to: /home/vc/kurotaka/results/result_315
[2025-01-31 17:34:31.912512] INFO: Second connection established in 0.223000ms
[2025-01-31 17:34:35.837542] INFO: Sending result upload request
[2025-01-31 17:34:40.387029] INFO: Second request sent in 0.026000ms
[2025-01-31 17:34:44.690286] INFO: Result uploaded in 0.056000ms
[2025-01-31 17:34:48.945932] INFO: Process completed successfully. Total execution time in 2m 25805.260000ms

