
[2025-01-31 17:32:59.517386] INFO: Process started with ID: 317
[2025-01-31 17:33:01.744263] INFO: First connection established in 0.202000ms
[2025-01-31 17:33:03.834562] INFO: Sending request: GET /http_server/send-object.php?ID=317 HTTP/1.1
Host: 192.168.100.3
Connection: close


[2025-01-31 17:33:05.488032] INFO: First request sent in 0.034000ms
[2025-01-31 17:33:07.358472] INFO: Time from request to first response in 0.032000ms
[2025-01-31 17:33:09.602854] INFO: Received headers - MPI-Rank: 381, Group-ID: 1, Job-ID: 1, Sub-Job-ID: 382, Rank-Count: 512
[2025-01-31 17:33:11.363407] INFO: Receive loop #1 received 16384 bytes in 3570.904000ms
[2025-01-31 17:33:13.253372] INFO: Receive loop #2 received 16384 bytes in 0.063000ms
[2025-01-31 17:33:15.102801] INFO: Receive loop #3 received 16384 bytes in 0.022000ms
[2025-01-31 17:33:17.516533] INFO: Receive loop #4 received 16384 bytes in 0.111000ms
[2025-01-31 17:33:20.045485] INFO: Receive loop #5 received 16384 bytes in 0.029000ms
[2025-01-31 17:33:22.734144] INFO: Receive loop #6 received 16384 bytes in 0.030000ms
[2025-01-31 17:33:24.739675] INFO: Receive loop #7 received 16384 bytes in 0.030000ms
[2025-01-31 17:33:26.205728] INFO: Receive loop #8 received 16384 bytes in 0.050000ms
[2025-01-31 17:33:28.165931] INFO: Receive loop #9 received 16384 bytes in 0.038000ms
[2025-01-31 17:33:30.315214] INFO: Receive loop #10 received 16384 bytes in 0.024000ms
[2025-01-31 17:33:32.804171] INFO: Receive loop #11 received 16384 bytes in 0.036000ms
[2025-01-31 17:33:34.763929] INFO: Receive loop #12 received 7665 bytes in 0.014000ms
[2025-01-31 17:33:36.903454] INFO: Response received in 28714.588000ms
[2025-01-31 17:33:38.713013] INFO: File saved in 0.466000ms
[2025-01-31 17:33:40.557908] INFO: File saved to: /home/vc/kurotaka/objects/temp_317
[2025-01-31 17:33:43.499324] INFO: Execution permission granted to: /home/vc/kurotaka/objects/temp_317
[2025-01-31 17:33:44.642890] INFO: Executing command: /home/vc/kurotaka/objects/temp_317 381 512 1
[2025-01-31 17:34:24.553183] INFO: Command executed in 38745.212000ms
[2025-01-31 17:34:25.570851] INFO: Result saved to: /home/vc/kurotaka/results/result_317
[2025-01-31 17:34:27.277977] INFO: Second connection established in 0.247000ms
[2025-01-31 17:34:30.083854] INFO: Sending result upload request
[2025-01-31 17:34:33.313309] INFO: Second request sent in 0.026000ms
[2025-01-31 17:34:37.717281] INFO: Result uploaded in 0.056000ms
[2025-01-31 17:34:42.678227] INFO: Process completed successfully. Total execution time in 2m 19117.392000ms

