
[2025-01-31 17:32:34.394583] INFO: Process started with ID: 319
[2025-01-31 17:32:36.217878] INFO: First connection established in 0.274000ms
[2025-01-31 17:32:37.698178] INFO: Sending request: GET /http_server/send-object.php?ID=319 HTTP/1.1
Host: 192.168.100.3
Connection: close


[2025-01-31 17:32:39.511130] INFO: First request sent in 0.034000ms
[2025-01-31 17:32:41.756939] INFO: Time from request to first response in 0.031000ms
[2025-01-31 17:32:43.794156] INFO: Received headers - MPI-Rank: 225, Group-ID: 1, Job-ID: 1, Sub-Job-ID: 226, Rank-Count: 512
[2025-01-31 17:32:46.274848] INFO: Receive loop #1 received 16384 bytes in 3746.534000ms
[2025-01-31 17:32:48.813459] INFO: Receive loop #2 received 16384 bytes in 0.063000ms
[2025-01-31 17:32:50.688912] INFO: Receive loop #3 received 16384 bytes in 0.078000ms
[2025-01-31 17:32:51.833118] INFO: Receive loop #4 received 16384 bytes in 0.114000ms
[2025-01-31 17:32:53.657464] INFO: Receive loop #5 received 16384 bytes in 0.035000ms
[2025-01-31 17:32:55.556253] INFO: Receive loop #6 received 16384 bytes in 0.035000ms
[2025-01-31 17:32:57.764365] INFO: Receive loop #7 received 16384 bytes in 0.031000ms
[2025-01-31 17:32:59.814706] INFO: Receive loop #8 received 16384 bytes in 0.199000ms
[2025-01-31 17:33:02.010337] INFO: Receive loop #9 received 16384 bytes in 0.032000ms
[2025-01-31 17:33:04.110450] INFO: Receive loop #10 received 16384 bytes in 0.037000ms
[2025-01-31 17:33:05.686717] INFO: Receive loop #11 received 16384 bytes in 0.030000ms
[2025-01-31 17:33:07.538943] INFO: Receive loop #12 received 7665 bytes in 0.019000ms
[2025-01-31 17:33:09.778743] INFO: Response received in 28300.133000ms
[2025-01-31 17:33:12.292611] INFO: File saved in 0.470000ms
[2025-01-31 17:33:13.820515] INFO: File saved to: /home/vc/kurotaka/objects/temp_319
[2025-01-31 17:33:15.786012] INFO: Execution permission granted to: /home/vc/kurotaka/objects/temp_319
[2025-01-31 17:33:18.113206] INFO: Executing command: /home/vc/kurotaka/objects/temp_319 225 512 1
[2025-01-31 17:34:24.760063] INFO: Command executed in 1m 4528.574000ms
[2025-01-31 17:34:25.990921] INFO: Result saved to: /home/vc/kurotaka/results/result_319
[2025-01-31 17:34:28.233927] INFO: Second connection established in 0.349000ms
[2025-01-31 17:34:31.027547] INFO: Sending result upload request
[2025-01-31 17:34:34.727938] INFO: Second request sent in 0.025000ms
[2025-01-31 17:34:39.026920] INFO: Result uploaded in 0.057000ms
[2025-01-31 17:34:43.782240] INFO: Process completed successfully. Total execution time in 2m 21021.110000ms

