
[2025-01-31 17:32:25.471807] INFO: Process started with ID: 264
[2025-01-31 17:32:26.151783] INFO: First connection established in 0.169000ms
[2025-01-31 17:32:27.221423] INFO: Sending request: GET /http_server/send-object.php?ID=264 HTTP/1.1
Host: 192.168.100.3
Connection: close


[2025-01-31 17:32:27.953080] INFO: First request sent in 0.034000ms
[2025-01-31 17:32:29.121905] INFO: Time from request to first response in 0.029000ms
[2025-01-31 17:32:30.288255] INFO: Received headers - MPI-Rank: 126, Group-ID: 1, Job-ID: 1, Sub-Job-ID: 127, Rank-Count: 512
[2025-01-31 17:32:31.775401] INFO: Receive loop #1 received 16384 bytes in 2463.745000ms
[2025-01-31 17:32:33.018028] INFO: Receive loop #2 received 16384 bytes in 0.062000ms
[2025-01-31 17:32:34.633428] INFO: Receive loop #3 received 16384 bytes in 0.022000ms
[2025-01-31 17:32:36.450909] INFO: Receive loop #4 received 16384 bytes in 0.111000ms
[2025-01-31 17:32:38.316569] INFO: Receive loop #5 received 16384 bytes in 0.030000ms
[2025-01-31 17:32:40.019558] INFO: Receive loop #6 received 16384 bytes in 0.029000ms
[2025-01-31 17:32:42.155886] INFO: Receive loop #7 received 16384 bytes in 0.030000ms
[2025-01-31 17:32:44.127291] INFO: Receive loop #8 received 16384 bytes in 0.250000ms
[2025-01-31 17:32:46.704143] INFO: Receive loop #9 received 16384 bytes in 0.031000ms
[2025-01-31 17:32:49.172952] INFO: Receive loop #10 received 16384 bytes in 0.030000ms
[2025-01-31 17:32:51.122078] INFO: Receive loop #11 received 16384 bytes in 0.030000ms
[2025-01-31 17:32:52.779793] INFO: Receive loop #12 received 7665 bytes in 0.003000ms
[2025-01-31 17:32:54.530339] INFO: Response received in 25018.599000ms
[2025-01-31 17:32:56.364614] INFO: File saved in 0.127000ms
[2025-01-31 17:32:58.415073] INFO: File saved to: /home/vc/kurotaka/objects/temp_264
[2025-01-31 17:33:00.752485] INFO: Execution permission granted to: /home/vc/kurotaka/objects/temp_264
[2025-01-31 17:33:03.001263] INFO: Executing command: /home/vc/kurotaka/objects/temp_264 126 512 1
[2025-01-31 17:34:27.107989] INFO: Command executed in 1m 22558.981000ms
[2025-01-31 17:34:29.927872] INFO: Result saved to: /home/vc/kurotaka/results/result_264
[2025-01-31 17:34:33.124995] INFO: Second connection established in 0.167000ms
[2025-01-31 17:34:37.622609] INFO: Sending result upload request
[2025-01-31 17:34:42.587080] INFO: Second request sent in 0.025000ms
[2025-01-31 17:34:46.050979] INFO: Result uploaded in 0.055000ms
[2025-01-31 17:34:50.407919] INFO: Process completed successfully. Total execution time in 2m 27359.570000ms

