
[2025-01-31 17:33:02.904202] INFO: Process started with ID: 385
[2025-01-31 17:33:04.888509] INFO: First connection established in 0.236000ms
[2025-01-31 17:33:06.656536] INFO: Sending request: GET /http_server/send-object.php?ID=385 HTTP/1.1
Host: 192.168.100.3
Connection: close


[2025-01-31 17:33:08.216433] INFO: First request sent in 0.040000ms
[2025-01-31 17:33:10.374333] INFO: Time from request to first response in 0.010000ms
[2025-01-31 17:33:12.665731] INFO: Received headers - MPI-Rank: 401, Group-ID: 1, Job-ID: 1, Sub-Job-ID: 402, Rank-Count: 512
[2025-01-31 17:33:14.421822] INFO: Receive loop #1 received 16384 bytes in 3798.673000ms
[2025-01-31 17:33:16.788714] INFO: Receive loop #2 received 16384 bytes in 0.068000ms
[2025-01-31 17:33:19.073520] INFO: Receive loop #3 received 16384 bytes in 0.132000ms
[2025-01-31 17:33:20.858612] INFO: Receive loop #4 received 16384 bytes in 0.112000ms
[2025-01-31 17:33:22.646610] INFO: Receive loop #5 received 16384 bytes in 0.005000ms
[2025-01-31 17:33:24.615668] INFO: Receive loop #6 received 16384 bytes in 0.026000ms
[2025-01-31 17:33:26.809110] INFO: Receive loop #7 received 16384 bytes in 0.006000ms
[2025-01-31 17:33:29.690845] INFO: Receive loop #8 received 16384 bytes in 0.054000ms
[2025-01-31 17:33:32.016176] INFO: Receive loop #9 received 16384 bytes in 0.016000ms
[2025-01-31 17:33:33.926675] INFO: Receive loop #10 received 16384 bytes in 0.006000ms
[2025-01-31 17:33:35.739107] INFO: Receive loop #11 received 16384 bytes in 0.036000ms
[2025-01-31 17:33:38.215226] INFO: Receive loop #12 received 7665 bytes in 0.023000ms
[2025-01-31 17:33:39.863086] INFO: Response received in 29834.736000ms
[2025-01-31 17:33:41.789607] INFO: File saved in 0.545000ms
[2025-01-31 17:33:43.583437] INFO: File saved to: /home/vc/kurotaka/objects/temp_385
[2025-01-31 17:33:45.625284] INFO: Execution permission granted to: /home/vc/kurotaka/objects/temp_385
[2025-01-31 17:33:46.639343] INFO: Executing command: /home/vc/kurotaka/objects/temp_385 401 512 1
[2025-01-31 17:34:38.876797] INFO: Command executed in 51021.751000ms
[2025-01-31 17:34:41.486152] INFO: Result saved to: /home/vc/kurotaka/results/result_385
[2025-01-31 17:34:44.205680] INFO: Second connection established in 0.245000ms
[2025-01-31 17:34:47.287131] INFO: Sending result upload request
[2025-01-31 17:34:51.510820] INFO: Second request sent in 0.027000ms
[2025-01-31 17:34:54.704716] INFO: Result uploaded in 0.011000ms
[2025-01-31 17:34:58.789600] INFO: Process completed successfully. Total execution time in 2m 36184.557000ms

