
[2025-01-31 17:32:24.672614] INFO: Process started with ID: 409
[2025-01-31 17:32:25.597316] INFO: First connection established in 0.237000ms
[2025-01-31 17:32:26.382567] INFO: Sending request: GET /http_server/send-object.php?ID=409 HTTP/1.1
Host: 192.168.100.3
Connection: close


[2025-01-31 17:32:27.580738] INFO: First request sent in 0.036000ms
[2025-01-31 17:32:28.266066] INFO: Time from request to first response in 0.036000ms
[2025-01-31 17:32:29.625261] INFO: Received headers - MPI-Rank: 116, Group-ID: 1, Job-ID: 1, Sub-Job-ID: 117, Rank-Count: 512
[2025-01-31 17:32:30.563778] INFO: Receive loop #1 received 16384 bytes in 2201.697000ms
[2025-01-31 17:32:31.935695] INFO: Receive loop #2 received 16384 bytes in 0.063000ms
[2025-01-31 17:32:33.534047] INFO: Receive loop #3 received 16384 bytes in 0.094000ms
[2025-01-31 17:32:34.973238] INFO: Receive loop #4 received 16384 bytes in 0.111000ms
[2025-01-31 17:32:36.688149] INFO: Receive loop #5 received 16384 bytes in 0.035000ms
[2025-01-31 17:32:38.707324] INFO: Receive loop #6 received 16384 bytes in 0.029000ms
[2025-01-31 17:32:40.618401] INFO: Receive loop #7 received 16384 bytes in 0.029000ms
[2025-01-31 17:32:42.510337] INFO: Receive loop #8 received 16384 bytes in 0.278000ms
[2025-01-31 17:32:44.496204] INFO: Receive loop #9 received 16384 bytes in 0.032000ms
[2025-01-31 17:32:47.076244] INFO: Receive loop #10 received 16384 bytes in 0.029000ms
[2025-01-31 17:32:49.460133] INFO: Receive loop #11 received 16384 bytes in 0.029000ms
[2025-01-31 17:32:51.826567] INFO: Receive loop #12 received 7665 bytes in 0.019000ms
[2025-01-31 17:32:53.625464] INFO: Response received in 25201.268000ms
[2025-01-31 17:32:55.516430] INFO: File saved in 0.507000ms
[2025-01-31 17:32:57.734033] INFO: File saved to: /home/vc/kurotaka/objects/temp_409
[2025-01-31 17:32:59.624778] INFO: Execution permission granted to: /home/vc/kurotaka/objects/temp_409
[2025-01-31 17:33:01.744488] INFO: Executing command: /home/vc/kurotaka/objects/temp_409 116 512 1
[2025-01-31 17:34:46.819425] INFO: Command executed in 1m 42628.247000ms
[2025-01-31 17:34:50.808284] INFO: Result saved to: /home/vc/kurotaka/results/result_409
[2025-01-31 17:34:54.370246] INFO: Second connection established in 0.143000ms
[2025-01-31 17:34:58.335586] INFO: Sending result upload request
[2025-01-31 17:35:02.134225] INFO: Second request sent in 0.003000ms
[2025-01-31 17:35:03.399263] INFO: Result uploaded in 0.013000ms
[2025-01-31 17:35:04.590328] INFO: Process completed successfully. Total execution time in 2m 42875.485000ms

