
[2025-01-31 17:32:31.629817] INFO: Process started with ID: 50
[2025-01-31 17:32:33.018124] INFO: First connection established in 0.166000ms
[2025-01-31 17:32:34.633349] INFO: Sending request: GET /http_server/send-object.php?ID=50 HTTP/1.1
Host: 192.168.100.3
Connection: close


[2025-01-31 17:32:36.419382] INFO: First request sent in 0.037000ms
[2025-01-31 17:32:38.117308] INFO: Time from request to first response in 0.029000ms
[2025-01-31 17:32:39.824297] INFO: Received headers - MPI-Rank: 201, Group-ID: 1, Job-ID: 1, Sub-Job-ID: 202, Rank-Count: 512
[2025-01-31 17:32:41.991123] INFO: Receive loop #1 received 16384 bytes in 4132.337000ms
[2025-01-31 17:32:44.037211] INFO: Receive loop #2 received 16384 bytes in 0.025000ms
[2025-01-31 17:32:46.463726] INFO: Receive loop #3 received 16384 bytes in 0.077000ms
[2025-01-31 17:32:48.981773] INFO: Receive loop #4 received 16384 bytes in 0.110000ms
[2025-01-31 17:32:50.907667] INFO: Receive loop #5 received 16384 bytes in 0.031000ms
[2025-01-31 17:32:51.916512] INFO: Receive loop #6 received 16384 bytes in 0.029000ms
[2025-01-31 17:32:53.657925] INFO: Receive loop #7 received 16384 bytes in 0.006000ms
[2025-01-31 17:32:55.672610] INFO: Receive loop #8 received 16384 bytes in 0.262000ms
[2025-01-31 17:32:57.957615] INFO: Receive loop #9 received 16384 bytes in 0.039000ms
[2025-01-31 17:33:00.341845] INFO: Receive loop #10 received 16384 bytes in 0.029000ms
[2025-01-31 17:33:02.547827] INFO: Receive loop #11 received 16384 bytes in 0.035000ms
[2025-01-31 17:33:04.556150] INFO: Receive loop #12 received 7665 bytes in 0.019000ms
[2025-01-31 17:33:06.238533] INFO: Response received in 28207.497000ms
[2025-01-31 17:33:07.970365] INFO: File saved in 0.454000ms
[2025-01-31 17:33:10.159129] INFO: File saved to: /home/vc/kurotaka/objects/temp_50
[2025-01-31 17:33:12.482494] INFO: Execution permission granted to: /home/vc/kurotaka/objects/temp_50
[2025-01-31 17:33:14.292787] INFO: Executing command: /home/vc/kurotaka/objects/temp_50 201 512 1
[2025-01-31 17:34:24.376932] INFO: Command executed in 1m 8975.585000ms
[2025-01-31 17:34:25.060684] INFO: Result saved to: /home/vc/kurotaka/results/result_50
[2025-01-31 17:34:26.771767] INFO: Second connection established in 0.253000ms
[2025-01-31 17:34:29.987577] INFO: Sending result upload request
[2025-01-31 17:34:33.447428] INFO: Second request sent in 0.026000ms
[2025-01-31 17:34:38.178478] INFO: Result uploaded in 0.055000ms
[2025-01-31 17:34:43.077853] INFO: Process completed successfully. Total execution time in 2m 19983.472000ms

