
[2025-01-31 17:49:59] Program started at 2025-01-31 17:49:59.0649
[2025-01-31 17:49:59] [getClientID] MySQL connection established. Execution time: 0.244 ms
[2025-01-31 17:49:59] [getClientID] SELECT table_name FROM table_registry WHERE id = :job_id / Execution time: 0.384 ms
[2025-01-31 17:49:59] [getClientID] SELECT client FROM `matrix` WHERE id = :sub_job_id / Execution time: 0.211 ms
[2025-01-31 17:49:59] getClientID completed. Execution time: 1.032 ms
[2025-01-31 17:49:59] Read file completed. Execution time: 0.013 ms
[2025-01-31 17:49:59] File saved successfully: uploads/job_1/group_1/result_303
[2025-01-31 17:49:59] [updateStatus] MySQL connection established. Execution time: 0.263 ms
[2025-01-31 17:49:59] [updateStatus] SELECT table_name FROM table_registry WHERE id = :job_id FOR UPDATE / Execution time: 2.186 ms
[2025-01-31 17:49:59] [updateStatus] UPDATE `matrix` SET status = :status WHERE id = :sub_job_id / Execution time: 0.350 ms
[2025-01-31 17:49:59] [updateStatus] SELECT COUNT_RECORDS FROM `matrix` / Execution time: 1.024 ms
[2025-01-31 17:49:59] [updateStatus] UPDATE table_registry SET status = :status WHERE id = :job_id / Execution time: 0.224 ms
[2025-01-31 17:49:59] updateStatus completed. Execution time: 6.294 ms
[2025-01-31 17:49:59] Write file completed. Execution time: 6.627 ms
[2025-01-31 17:49:59] [getGroupStatus] MySQL connection established. Execution time: 0.045 ms
[2025-01-31 17:49:59] [getGroupStatus] SELECT table_name FROM table_registry WHERE id = :job_id / Execution time: 0.248 ms
[2025-01-31 17:49:59] [getGroupStatus] SELECT status FROM `matrix` WHERE group_id = :group_id / Execution time: 1.121 ms
[2025-01-31 17:49:59] getGroupStatus completed. Execution time: 1.529 ms
[2025-01-31 17:49:59] Group 1 is not completed yet.
[2025-01-31 17:49:59] Program completed. Total execution time: 11.877 ms

