
[2025-01-31 17:50:06] Program started at 2025-01-31 17:50:06.396
[2025-01-31 17:50:06] [getClientID] MySQL connection established. Execution time: 0.225 ms
[2025-01-31 17:50:06] [getClientID] SELECT table_name FROM table_registry WHERE id = :job_id / Execution time: 0.406 ms
[2025-01-31 17:50:06] [getClientID] SELECT client FROM `matrix` WHERE id = :sub_job_id / Execution time: 0.274 ms
[2025-01-31 17:50:06] getClientID completed. Execution time: 1.100 ms
[2025-01-31 17:50:06] Read file completed. Execution time: 0.013 ms
[2025-01-31 17:50:06] File saved successfully: uploads/job_1/group_1/result_116
[2025-01-31 17:50:06] [updateStatus] MySQL connection established. Execution time: 0.128 ms
[2025-01-31 17:50:06] [updateStatus] SELECT table_name FROM table_registry WHERE id = :job_id FOR UPDATE / Execution time: 0.247 ms
[2025-01-31 17:50:06] [updateStatus] UPDATE `matrix` SET status = :status WHERE id = :sub_job_id / Execution time: 0.245 ms
[2025-01-31 17:50:06] [updateStatus] SELECT COUNT_RECORDS FROM `matrix` / Execution time: 0.981 ms
[2025-01-31 17:50:06] [updateStatus] UPDATE table_registry SET status = :status WHERE id = :job_id / Execution time: 0.205 ms
[2025-01-31 17:50:06] updateStatus completed. Execution time: 4.067 ms
[2025-01-31 17:50:06] Write file completed. Execution time: 4.383 ms
[2025-01-31 17:50:06] [getGroupStatus] MySQL connection established. Execution time: 0.051 ms
[2025-01-31 17:50:06] [getGroupStatus] SELECT table_name FROM table_registry WHERE id = :job_id / Execution time: 0.216 ms
[2025-01-31 17:50:06] [getGroupStatus] SELECT status FROM `matrix` WHERE group_id = :group_id / Execution time: 1.180 ms
[2025-01-31 17:50:06] getGroupStatus completed. Execution time: 1.569 ms
[2025-01-31 17:50:06] Group 1 is not completed yet.
[2025-01-31 17:50:06] Program completed. Total execution time: 9.711 ms

