
[2025-01-31 17:50:13] Program started at 2025-01-31 17:50:13.436
[2025-01-31 17:50:13] [getClientID] MySQL connection established. Execution time: 0.335 ms
[2025-01-31 17:50:13] [getClientID] SELECT table_name FROM table_registry WHERE id = :job_id / Execution time: 0.410 ms
[2025-01-31 17:50:13] [getClientID] SELECT client FROM `matrix` WHERE id = :sub_job_id / Execution time: 0.192 ms
[2025-01-31 17:50:13] getClientID completed. Execution time: 1.053 ms
[2025-01-31 17:50:13] Read file completed. Execution time: 0.009 ms
[2025-01-31 17:50:13] File saved successfully: uploads/job_1/group_1/result_133
[2025-01-31 17:50:13] [updateStatus] MySQL connection established. Execution time: 0.100 ms
[2025-01-31 17:50:13] [updateStatus] SELECT table_name FROM table_registry WHERE id = :job_id FOR UPDATE / Execution time: 0.221 ms
[2025-01-31 17:50:13] [updateStatus] UPDATE `matrix` SET status = :status WHERE id = :sub_job_id / Execution time: 0.215 ms
[2025-01-31 17:50:13] [updateStatus] SELECT COUNT_RECORDS FROM `matrix` / Execution time: 0.937 ms
[2025-01-31 17:50:13] [updateStatus] UPDATE table_registry SET status = :status WHERE id = :job_id / Execution time: 0.207 ms
[2025-01-31 17:50:13] updateStatus completed. Execution time: 90.330 ms
[2025-01-31 17:50:13] Write file completed. Execution time: 90.625 ms
[2025-01-31 17:50:13] [getGroupStatus] MySQL connection established. Execution time: 0.062 ms
[2025-01-31 17:50:13] [getGroupStatus] SELECT table_name FROM table_registry WHERE id = :job_id / Execution time: 0.194 ms
[2025-01-31 17:50:13] [getGroupStatus] SELECT status FROM `matrix` WHERE group_id = :group_id / Execution time: 0.952 ms
[2025-01-31 17:50:13] getGroupStatus completed. Execution time: 1.378 ms
[2025-01-31 17:50:13] Group 1 is not completed yet.
[2025-01-31 17:50:13] Program completed. Total execution time: 94.825 ms

