
[2025-01-31 17:49:59] Program started at 2025-01-31 17:49:59.8546
[2025-01-31 17:49:59] [getClientID] MySQL connection established. Execution time: 0.224 ms
[2025-01-31 17:49:59] [getClientID] SELECT table_name FROM table_registry WHERE id = :job_id / Execution time: 0.358 ms
[2025-01-31 17:49:59] [getClientID] SELECT client FROM `matrix` WHERE id = :sub_job_id / Execution time: 0.198 ms
[2025-01-31 17:49:59] getClientID completed. Execution time: 0.909 ms
[2025-01-31 17:49:59] Read file completed. Execution time: 0.009 ms
[2025-01-31 17:49:59] File saved successfully: uploads/job_1/group_1/result_52
[2025-01-31 17:49:59] [updateStatus] MySQL connection established. Execution time: 0.110 ms
[2025-01-31 17:49:59] [updateStatus] SELECT table_name FROM table_registry WHERE id = :job_id FOR UPDATE / Execution time: 0.201 ms
[2025-01-31 17:49:59] [updateStatus] UPDATE `matrix` SET status = :status WHERE id = :sub_job_id / Execution time: 0.237 ms
[2025-01-31 17:49:59] [updateStatus] SELECT COUNT_RECORDS FROM `matrix` / Execution time: 0.896 ms
[2025-01-31 17:49:59] [updateStatus] UPDATE table_registry SET status = :status WHERE id = :job_id / Execution time: 0.187 ms
[2025-01-31 17:49:59] updateStatus completed. Execution time: 70.620 ms
[2025-01-31 17:49:59] Write file completed. Execution time: 70.958 ms
[2025-01-31 17:49:59] [getGroupStatus] MySQL connection established. Execution time: 0.149 ms
[2025-01-31 17:49:59] [getGroupStatus] SELECT table_name FROM table_registry WHERE id = :job_id / Execution time: 0.362 ms
[2025-01-31 17:49:59] [getGroupStatus] SELECT status FROM `matrix` WHERE group_id = :group_id / Execution time: 1.298 ms
[2025-01-31 17:49:59] getGroupStatus completed. Execution time: 2.081 ms
[2025-01-31 17:49:59] Group 1 is not completed yet.
[2025-01-31 17:49:59] Program completed. Total execution time: 75.876 ms

