
[2025-01-31 17:04:32] Program started at 2025-01-31 17:04:32.4502
[2025-01-31 17:04:32] [getClientID] MySQL connection established. Execution time: 0.139 ms
[2025-01-31 17:04:32] [getClientID] SELECT table_name FROM table_registry WHERE id = :job_id / Execution time: 0.368 ms
[2025-01-31 17:04:32] [getClientID] SELECT client FROM `matrix` WHERE id = :sub_job_id / Execution time: 0.245 ms
[2025-01-31 17:04:32] getClientID completed. Execution time: 0.928 ms
[2025-01-31 17:04:32] Read file completed. Execution time: 0.014 ms
[2025-01-31 17:04:32] File saved successfully: uploads/job_1/group_1/result_258
[2025-01-31 17:04:32] [updateStatus] MySQL connection established. Execution time: 0.231 ms
[2025-01-31 17:04:32] [updateStatus] SELECT table_name FROM table_registry WHERE id = :job_id FOR UPDATE / Execution time: 2.252 ms
[2025-01-31 17:04:32] [updateStatus] UPDATE `matrix` SET status = :status WHERE id = :sub_job_id / Execution time: 0.314 ms
[2025-01-31 17:04:32] [updateStatus] SELECT COUNT_RECORDS FROM `matrix` / Execution time: 0.902 ms
[2025-01-31 17:04:32] [updateStatus] UPDATE table_registry SET status = :status WHERE id = :job_id / Execution time: 0.177 ms
[2025-01-31 17:04:32] updateStatus completed. Execution time: 385.745 ms
[2025-01-31 17:04:32] Write file completed. Execution time: 480.215 ms
[2025-01-31 17:04:32] [getGroupStatus] MySQL connection established. Execution time: 0.059 ms
[2025-01-31 17:04:32] [getGroupStatus] SELECT table_name FROM table_registry WHERE id = :job_id / Execution time: 0.274 ms
[2025-01-31 17:04:32] [getGroupStatus] SELECT status FROM `matrix` WHERE group_id = :group_id / Execution time: 1.166 ms
[2025-01-31 17:04:32] getGroupStatus completed. Execution time: 1.602 ms
[2025-01-31 17:04:32] Group 1 is not completed yet.
[2025-01-31 17:04:32] Program completed. Total execution time: 485.687 ms

