
[2025-01-31 17:04:47] Program started at 2025-01-31 17:04:47.9518
[2025-01-31 17:04:47] [getClientID] MySQL connection established. Execution time: 0.314 ms
[2025-01-31 17:04:47] [getClientID] SELECT table_name FROM table_registry WHERE id = :job_id / Execution time: 0.492 ms
[2025-01-31 17:04:47] [getClientID] SELECT client FROM `matrix` WHERE id = :sub_job_id / Execution time: 0.210 ms
[2025-01-31 17:04:47] getClientID completed. Execution time: 1.207 ms
[2025-01-31 17:04:47] Read file completed. Execution time: 0.015 ms
[2025-01-31 17:04:47] File saved successfully: uploads/job_1/group_1/result_278
[2025-01-31 17:04:47] [updateStatus] MySQL connection established. Execution time: 0.123 ms
[2025-01-31 17:04:47] [updateStatus] SELECT table_name FROM table_registry WHERE id = :job_id FOR UPDATE / Execution time: 0.226 ms
[2025-01-31 17:04:47] [updateStatus] UPDATE `matrix` SET status = :status WHERE id = :sub_job_id / Execution time: 0.231 ms
[2025-01-31 17:04:47] [updateStatus] SELECT COUNT_RECORDS FROM `matrix` / Execution time: 0.887 ms
[2025-01-31 17:04:47] [updateStatus] UPDATE table_registry SET status = :status WHERE id = :job_id / Execution time: 0.198 ms
[2025-01-31 17:04:47] updateStatus completed. Execution time: 3.971 ms
[2025-01-31 17:04:47] Write file completed. Execution time: 4.289 ms
[2025-01-31 17:04:47] [getGroupStatus] MySQL connection established. Execution time: 0.046 ms
[2025-01-31 17:04:47] [getGroupStatus] SELECT table_name FROM table_registry WHERE id = :job_id / Execution time: 0.196 ms
[2025-01-31 17:04:47] [getGroupStatus] SELECT status FROM `matrix` WHERE group_id = :group_id / Execution time: 1.073 ms
[2025-01-31 17:04:47] getGroupStatus completed. Execution time: 1.973 ms
[2025-01-31 17:04:47] Group 1 is not completed yet.
[2025-01-31 17:04:47] Program completed. Total execution time: 10.123 ms

