
[2025-01-31 17:04:31] Program started at 2025-01-31 17:04:31.5445
[2025-01-31 17:04:31] [getClientID] MySQL connection established. Execution time: 0.143 ms
[2025-01-31 17:04:31] [getClientID] SELECT table_name FROM table_registry WHERE id = :job_id / Execution time: 0.199 ms
[2025-01-31 17:04:31] [getClientID] SELECT client FROM `matrix` WHERE id = :sub_job_id / Execution time: 0.113 ms
[2025-01-31 17:04:31] getClientID completed. Execution time: 0.558 ms
[2025-01-31 17:04:31] Read file completed. Execution time: 0.008 ms
[2025-01-31 17:04:31] File saved successfully: uploads/job_1/group_1/result_334
[2025-01-31 17:04:31] [updateStatus] MySQL connection established. Execution time: 0.062 ms
[2025-01-31 17:04:31] [updateStatus] SELECT table_name FROM table_registry WHERE id = :job_id FOR UPDATE / Execution time: 0.109 ms
[2025-01-31 17:04:31] [updateStatus] UPDATE `matrix` SET status = :status WHERE id = :sub_job_id / Execution time: 0.115 ms
[2025-01-31 17:04:31] [updateStatus] SELECT COUNT_RECORDS FROM `matrix` / Execution time: 0.428 ms
[2025-01-31 17:04:31] [updateStatus] UPDATE table_registry SET status = :status WHERE id = :job_id / Execution time: 0.102 ms
[2025-01-31 17:04:31] updateStatus completed. Execution time: 249.056 ms
[2025-01-31 17:04:31] Write file completed. Execution time: 249.225 ms
[2025-01-31 17:04:31] [getGroupStatus] MySQL connection established. Execution time: 0.053 ms
[2025-01-31 17:04:31] [getGroupStatus] SELECT table_name FROM table_registry WHERE id = :job_id / Execution time: 0.294 ms
[2025-01-31 17:04:31] [getGroupStatus] SELECT status FROM `matrix` WHERE group_id = :group_id / Execution time: 1.143 ms
[2025-01-31 17:04:31] getGroupStatus completed. Execution time: 1.579 ms
[2025-01-31 17:04:31] Group 1 is not completed yet.
[2025-01-31 17:04:31] Program completed. Total execution time: 252.465 ms

