
[2025-01-31 17:04:44] Program started at 2025-01-31 17:04:44.0861
[2025-01-31 17:04:44] [getClientID] MySQL connection established. Execution time: 0.238 ms
[2025-01-31 17:04:44] [getClientID] SELECT table_name FROM table_registry WHERE id = :job_id / Execution time: 0.353 ms
[2025-01-31 17:04:44] [getClientID] SELECT client FROM `matrix` WHERE id = :sub_job_id / Execution time: 0.228 ms
[2025-01-31 17:04:44] getClientID completed. Execution time: 0.951 ms
[2025-01-31 17:04:44] Read file completed. Execution time: 0.008 ms
[2025-01-31 17:04:44] File saved successfully: uploads/job_1/group_1/result_131
[2025-01-31 17:04:44] [updateStatus] MySQL connection established. Execution time: 0.098 ms
[2025-01-31 17:04:44] [updateStatus] SELECT table_name FROM table_registry WHERE id = :job_id FOR UPDATE / Execution time: 0.213 ms
[2025-01-31 17:04:44] [updateStatus] UPDATE `matrix` SET status = :status WHERE id = :sub_job_id / Execution time: 0.224 ms
[2025-01-31 17:04:44] [updateStatus] SELECT COUNT_RECORDS FROM `matrix` / Execution time: 0.959 ms
[2025-01-31 17:04:44] [updateStatus] UPDATE table_registry SET status = :status WHERE id = :job_id / Execution time: 0.190 ms
[2025-01-31 17:04:44] updateStatus completed. Execution time: 3.872 ms
[2025-01-31 17:04:44] Write file completed. Execution time: 4.094 ms
[2025-01-31 17:04:44] [getGroupStatus] MySQL connection established. Execution time: 0.053 ms
[2025-01-31 17:04:44] [getGroupStatus] SELECT table_name FROM table_registry WHERE id = :job_id / Execution time: 0.213 ms
[2025-01-31 17:04:44] [getGroupStatus] SELECT status FROM `matrix` WHERE group_id = :group_id / Execution time: 1.076 ms
[2025-01-31 17:04:44] getGroupStatus completed. Execution time: 1.442 ms
[2025-01-31 17:04:44] Group 1 is not completed yet.
[2025-01-31 17:04:44] Program completed. Total execution time: 9.139 ms

