
[2025-01-31 17:04:34] Program started at 2025-01-31 17:04:34.9124
[2025-01-31 17:04:34] [getClientID] MySQL connection established. Execution time: 0.674 ms
[2025-01-31 17:04:34] [getClientID] SELECT table_name FROM table_registry WHERE id = :job_id / Execution time: 0.429 ms
[2025-01-31 17:04:34] [getClientID] SELECT client FROM `matrix` WHERE id = :sub_job_id / Execution time: 0.219 ms
[2025-01-31 17:04:34] getClientID completed. Execution time: 1.652 ms
[2025-01-31 17:04:34] Read file completed. Execution time: 0.015 ms
[2025-01-31 17:04:34] File saved successfully: uploads/job_1/group_1/result_372
[2025-01-31 17:04:34] [updateStatus] MySQL connection established. Execution time: 0.103 ms
[2025-01-31 17:04:34] [updateStatus] SELECT table_name FROM table_registry WHERE id = :job_id FOR UPDATE / Execution time: 0.176 ms
[2025-01-31 17:04:34] [updateStatus] UPDATE `matrix` SET status = :status WHERE id = :sub_job_id / Execution time: 0.201 ms
[2025-01-31 17:04:34] [updateStatus] SELECT COUNT_RECORDS FROM `matrix` / Execution time: 0.689 ms
[2025-01-31 17:04:34] [updateStatus] UPDATE table_registry SET status = :status WHERE id = :job_id / Execution time: 0.166 ms
[2025-01-31 17:04:34] updateStatus completed. Execution time: 3.814 ms
[2025-01-31 17:04:34] Write file completed. Execution time: 4.166 ms
[2025-01-31 17:04:34] [getGroupStatus] MySQL connection established. Execution time: 0.060 ms
[2025-01-31 17:04:34] [getGroupStatus] SELECT table_name FROM table_registry WHERE id = :job_id / Execution time: 0.184 ms
[2025-01-31 17:04:34] [getGroupStatus] SELECT status FROM `matrix` WHERE group_id = :group_id / Execution time: 1.050 ms
[2025-01-31 17:04:34] getGroupStatus completed. Execution time: 1.456 ms
[2025-01-31 17:04:34] Group 1 is not completed yet.
[2025-01-31 17:04:34] Program completed. Total execution time: 9.704 ms

