
[2025-01-31 17:04:31] Program started at 2025-01-31 17:04:31.8129
[2025-01-31 17:04:31] [getClientID] MySQL connection established. Execution time: 0.470 ms
[2025-01-31 17:04:31] [getClientID] SELECT table_name FROM table_registry WHERE id = :job_id / Execution time: 0.577 ms
[2025-01-31 17:04:31] [getClientID] SELECT client FROM `matrix` WHERE id = :sub_job_id / Execution time: 0.296 ms
[2025-01-31 17:04:31] getClientID completed. Execution time: 1.653 ms
[2025-01-31 17:04:31] Read file completed. Execution time: 0.015 ms
[2025-01-31 17:04:32] File saved successfully: uploads/job_1/group_1/result_488
[2025-01-31 17:04:32] [updateStatus] MySQL connection established. Execution time: 0.187 ms
[2025-01-31 17:04:32] [updateStatus] SELECT table_name FROM table_registry WHERE id = :job_id FOR UPDATE / Execution time: 4.033 ms
[2025-01-31 17:04:32] [updateStatus] UPDATE `matrix` SET status = :status WHERE id = :sub_job_id / Execution time: 0.331 ms
[2025-01-31 17:04:32] [updateStatus] SELECT COUNT_RECORDS FROM `matrix` / Execution time: 1.005 ms
[2025-01-31 17:04:32] [updateStatus] UPDATE table_registry SET status = :status WHERE id = :job_id / Execution time: 0.233 ms
[2025-01-31 17:04:32] updateStatus completed. Execution time: 200.406 ms
[2025-01-31 17:04:32] Write file completed. Execution time: 385.349 ms
[2025-01-31 17:04:32] [getGroupStatus] MySQL connection established. Execution time: 0.057 ms
[2025-01-31 17:04:32] [getGroupStatus] SELECT table_name FROM table_registry WHERE id = :job_id / Execution time: 0.282 ms
[2025-01-31 17:04:32] [getGroupStatus] SELECT status FROM `matrix` WHERE group_id = :group_id / Execution time: 1.412 ms
[2025-01-31 17:04:32] getGroupStatus completed. Execution time: 1.841 ms
[2025-01-31 17:04:32] Group 1 is not completed yet.
[2025-01-31 17:04:32] Program completed. Total execution time: 391.787 ms

