
[2025-01-31 17:04:18] Program started at 2025-01-31 17:04:18.5427
[2025-01-31 17:04:18] [getClientID] MySQL connection established. Execution time: 0.245 ms
[2025-01-31 17:04:18] [getClientID] SELECT table_name FROM table_registry WHERE id = :job_id / Execution time: 0.392 ms
[2025-01-31 17:04:18] [getClientID] SELECT client FROM `matrix` WHERE id = :sub_job_id / Execution time: 0.239 ms
[2025-01-31 17:04:18] getClientID completed. Execution time: 1.051 ms
[2025-01-31 17:04:18] Read file completed. Execution time: 0.012 ms
[2025-01-31 17:04:18] File saved successfully: uploads/job_1/group_1/result_333
[2025-01-31 17:04:18] [updateStatus] MySQL connection established. Execution time: 0.132 ms
[2025-01-31 17:04:18] [updateStatus] SELECT table_name FROM table_registry WHERE id = :job_id FOR UPDATE / Execution time: 0.209 ms
[2025-01-31 17:04:18] [updateStatus] UPDATE `matrix` SET status = :status WHERE id = :sub_job_id / Execution time: 0.276 ms
[2025-01-31 17:04:18] [updateStatus] SELECT COUNT_RECORDS FROM `matrix` / Execution time: 0.969 ms
[2025-01-31 17:04:18] [updateStatus] UPDATE table_registry SET status = :status WHERE id = :job_id / Execution time: 0.200 ms
[2025-01-31 17:04:18] updateStatus completed. Execution time: 4.226 ms
[2025-01-31 17:04:18] Write file completed. Execution time: 4.561 ms
[2025-01-31 17:04:18] [getGroupStatus] MySQL connection established. Execution time: 0.065 ms
[2025-01-31 17:04:18] [getGroupStatus] SELECT table_name FROM table_registry WHERE id = :job_id / Execution time: 0.305 ms
[2025-01-31 17:04:18] [getGroupStatus] SELECT status FROM `matrix` WHERE group_id = :group_id / Execution time: 1.226 ms
[2025-01-31 17:04:18] getGroupStatus completed. Execution time: 1.755 ms
[2025-01-31 17:04:18] Group 1 is not completed yet.
[2025-01-31 17:04:18] Program completed. Total execution time: 10.056 ms

