
[2025-01-31 17:04:40] Program started at 2025-01-31 17:04:40.3765
[2025-01-31 17:04:40] [getClientID] MySQL connection established. Execution time: 0.240 ms
[2025-01-31 17:04:40] [getClientID] SELECT table_name FROM table_registry WHERE id = :job_id / Execution time: 0.370 ms
[2025-01-31 17:04:40] [getClientID] SELECT client FROM `matrix` WHERE id = :sub_job_id / Execution time: 0.260 ms
[2025-01-31 17:04:40] getClientID completed. Execution time: 1.096 ms
[2025-01-31 17:04:40] Read file completed. Execution time: 0.014 ms
[2025-01-31 17:04:40] File saved successfully: uploads/job_1/group_1/result_322
[2025-01-31 17:04:40] [updateStatus] MySQL connection established. Execution time: 0.133 ms
[2025-01-31 17:04:40] [updateStatus] SELECT table_name FROM table_registry WHERE id = :job_id FOR UPDATE / Execution time: 0.215 ms
[2025-01-31 17:04:40] [updateStatus] UPDATE `matrix` SET status = :status WHERE id = :sub_job_id / Execution time: 0.220 ms
[2025-01-31 17:04:40] [updateStatus] SELECT COUNT_RECORDS FROM `matrix` / Execution time: 0.974 ms
[2025-01-31 17:04:40] [updateStatus] UPDATE table_registry SET status = :status WHERE id = :job_id / Execution time: 0.200 ms
[2025-01-31 17:04:40] updateStatus completed. Execution time: 3.970 ms
[2025-01-31 17:04:40] Write file completed. Execution time: 4.351 ms
[2025-01-31 17:04:40] [getGroupStatus] MySQL connection established. Execution time: 0.085 ms
[2025-01-31 17:04:40] [getGroupStatus] SELECT table_name FROM table_registry WHERE id = :job_id / Execution time: 0.274 ms
[2025-01-31 17:04:40] [getGroupStatus] SELECT status FROM `matrix` WHERE group_id = :group_id / Execution time: 1.132 ms
[2025-01-31 17:04:40] getGroupStatus completed. Execution time: 1.610 ms
[2025-01-31 17:04:40] Group 1 is not completed yet.
[2025-01-31 17:04:40] Program completed. Total execution time: 9.932 ms

