
[2025-01-31 17:04:37] Program started at 2025-01-31 17:04:37.4974
[2025-01-31 17:04:37] [getClientID] MySQL connection established. Execution time: 0.241 ms
[2025-01-31 17:04:37] [getClientID] SELECT table_name FROM table_registry WHERE id = :job_id / Execution time: 0.376 ms
[2025-01-31 17:04:37] [getClientID] SELECT client FROM `matrix` WHERE id = :sub_job_id / Execution time: 0.267 ms
[2025-01-31 17:04:37] getClientID completed. Execution time: 1.070 ms
[2025-01-31 17:04:37] Read file completed. Execution time: 0.013 ms
[2025-01-31 17:04:37] File saved successfully: uploads/job_1/group_1/result_268
[2025-01-31 17:04:37] [updateStatus] MySQL connection established. Execution time: 0.125 ms
[2025-01-31 17:04:37] [updateStatus] SELECT table_name FROM table_registry WHERE id = :job_id FOR UPDATE / Execution time: 1.332 ms
[2025-01-31 17:04:37] [updateStatus] UPDATE `matrix` SET status = :status WHERE id = :sub_job_id / Execution time: 0.243 ms
[2025-01-31 17:04:37] [updateStatus] SELECT COUNT_RECORDS FROM `matrix` / Execution time: 0.890 ms
[2025-01-31 17:04:37] [updateStatus] UPDATE table_registry SET status = :status WHERE id = :job_id / Execution time: 0.176 ms
[2025-01-31 17:04:37] updateStatus completed. Execution time: 54.584 ms
[2025-01-31 17:04:37] Write file completed. Execution time: 54.945 ms
[2025-01-31 17:04:37] [getGroupStatus] MySQL connection established. Execution time: 0.095 ms
[2025-01-31 17:04:37] [getGroupStatus] SELECT table_name FROM table_registry WHERE id = :job_id / Execution time: 0.292 ms
[2025-01-31 17:04:37] [getGroupStatus] SELECT status FROM `matrix` WHERE group_id = :group_id / Execution time: 1.333 ms
[2025-01-31 17:04:37] getGroupStatus completed. Execution time: 1.899 ms
[2025-01-31 17:04:37] Group 1 is not completed yet.
[2025-01-31 17:04:37] Program completed. Total execution time: 60.409 ms

