
[2025-01-31 16:35:20] Program started at 2025-01-31 16:35:20.7381
[2025-01-31 16:35:20] [getClientID] MySQL connection established. Execution time: 0.763 ms
[2025-01-31 16:35:20] [getClientID] SELECT table_name FROM table_registry WHERE id = :job_id / Execution time: 0.283 ms
[2025-01-31 16:35:20] [getClientID] SELECT client FROM `matrix` WHERE id = :sub_job_id / Execution time: 0.196 ms
[2025-01-31 16:35:20] getClientID completed. Execution time: 1.519 ms
[2025-01-31 16:35:20] Read file completed. Execution time: 0.014 ms
[2025-01-31 16:35:20] File saved successfully: uploads/job_1/group_1/result_131
[2025-01-31 16:35:20] [updateStatus] MySQL connection established. Execution time: 0.233 ms
[2025-01-31 16:35:20] [updateStatus] SELECT table_name FROM table_registry WHERE id = :job_id FOR UPDATE / Execution time: 0.324 ms
[2025-01-31 16:35:20] [updateStatus] UPDATE `matrix` SET status = :status WHERE id = :sub_job_id / Execution time: 0.269 ms
[2025-01-31 16:35:20] [updateStatus] SELECT COUNT_RECORDS FROM `matrix` / Execution time: 0.981 ms
[2025-01-31 16:35:20] [updateStatus] SELECT group_id FROM `matrix` ORDER BY id DESC LIMIT 1 / Execution time: 0.208 ms
[2025-01-31 16:35:20] [updateStatus] UPDATE table_registry SET status = :status WHERE id = :job_id / Execution time: 0.528 ms
[2025-01-31 16:35:20] updateStatus completed. Execution time: 4.491 ms
[2025-01-31 16:35:20] Write file completed. Execution time: 4.859 ms
[2025-01-31 16:35:20] [getGroupStatus] MySQL connection established. Execution time: 0.067 ms
[2025-01-31 16:35:20] [getGroupStatus] SELECT table_name FROM table_registry WHERE id = :job_id / Execution time: 0.259 ms
[2025-01-31 16:35:20] [getGroupStatus] SELECT status FROM `matrix` WHERE group_id = :group_id / Execution time: 1.468 ms
[2025-01-31 16:35:20] getGroupStatus completed. Execution time: 2.050 ms
[2025-01-31 16:35:20] Merge request completed. Execution time (not actual merge.php execution time, but just request): 11.430 ms
[2025-01-31 16:35:20] Majority request completed. Execution time (not actual script execution time, but just request): 1.909 ms
[2025-01-31 16:35:20] Program completed. Total execution time: 25.132 ms

