
[2025-01-31 16:35:06] Program started at 2025-01-31 16:35:06.0881
[2025-01-31 16:35:06] [getClientID] MySQL connection established. Execution time: 0.246 ms
[2025-01-31 16:35:06] [getClientID] SELECT table_name FROM table_registry WHERE id = :job_id / Execution time: 0.335 ms
[2025-01-31 16:35:06] [getClientID] SELECT client FROM `matrix` WHERE id = :sub_job_id / Execution time: 0.231 ms
[2025-01-31 16:35:06] getClientID completed. Execution time: 0.897 ms
[2025-01-31 16:35:06] Read file completed. Execution time: 0.006 ms
[2025-01-31 16:35:06] File saved successfully: uploads/job_1/group_1/result_94
[2025-01-31 16:35:06] [updateStatus] MySQL connection established. Execution time: 0.091 ms
[2025-01-31 16:35:06] [updateStatus] SELECT table_name FROM table_registry WHERE id = :job_id FOR UPDATE / Execution time: 0.205 ms
[2025-01-31 16:35:06] [updateStatus] UPDATE `matrix` SET status = :status WHERE id = :sub_job_id / Execution time: 0.227 ms
[2025-01-31 16:35:06] [updateStatus] SELECT COUNT_RECORDS FROM `matrix` / Execution time: 1.018 ms
[2025-01-31 16:35:06] [updateStatus] UPDATE table_registry SET status = :status WHERE id = :job_id / Execution time: 0.211 ms
[2025-01-31 16:35:06] updateStatus completed. Execution time: 4.266 ms
[2025-01-31 16:35:06] Write file completed. Execution time: 4.515 ms
[2025-01-31 16:35:06] [getGroupStatus] MySQL connection established. Execution time: 0.168 ms
[2025-01-31 16:35:06] [getGroupStatus] SELECT table_name FROM table_registry WHERE id = :job_id / Execution time: 0.336 ms
[2025-01-31 16:35:06] [getGroupStatus] SELECT status FROM `matrix` WHERE group_id = :group_id / Execution time: 1.461 ms
[2025-01-31 16:35:06] getGroupStatus completed. Execution time: 2.160 ms
[2025-01-31 16:35:06] Group 1 is not completed yet.
[2025-01-31 16:35:06] Program completed. Total execution time: 8.712 ms

