
[2025-01-31 16:35:00] Program started at 2025-01-31 16:35:00.5152
[2025-01-31 16:35:00] [getClientID] MySQL connection established. Execution time: 0.573 ms
[2025-01-31 16:35:00] [getClientID] SELECT table_name FROM table_registry WHERE id = :job_id / Execution time: 0.697 ms
[2025-01-31 16:35:00] [getClientID] SELECT client FROM `matrix` WHERE id = :sub_job_id / Execution time: 0.367 ms
[2025-01-31 16:35:00] getClientID completed. Execution time: 1.919 ms
[2025-01-31 16:35:00] Read file completed. Execution time: 0.016 ms
[2025-01-31 16:35:00] File saved successfully: uploads/job_1/group_1/result_112
[2025-01-31 16:35:00] [updateStatus] MySQL connection established. Execution time: 0.141 ms
[2025-01-31 16:35:00] [updateStatus] SELECT table_name FROM table_registry WHERE id = :job_id FOR UPDATE / Execution time: 0.247 ms
[2025-01-31 16:35:00] [updateStatus] UPDATE `matrix` SET status = :status WHERE id = :sub_job_id / Execution time: 0.281 ms
[2025-01-31 16:35:00] [updateStatus] SELECT COUNT_RECORDS FROM `matrix` / Execution time: 0.995 ms
[2025-01-31 16:35:00] [updateStatus] UPDATE table_registry SET status = :status WHERE id = :job_id / Execution time: 0.227 ms
[2025-01-31 16:35:00] updateStatus completed. Execution time: 17.120 ms
[2025-01-31 16:35:00] Write file completed. Execution time: 17.498 ms
[2025-01-31 16:35:00] [getGroupStatus] MySQL connection established. Execution time: 0.082 ms
[2025-01-31 16:35:00] [getGroupStatus] SELECT table_name FROM table_registry WHERE id = :job_id / Execution time: 0.270 ms
[2025-01-31 16:35:00] [getGroupStatus] SELECT status FROM `matrix` WHERE group_id = :group_id / Execution time: 1.286 ms
[2025-01-31 16:35:00] getGroupStatus completed. Execution time: 1.841 ms
[2025-01-31 16:35:00] Group 1 is not completed yet.
[2025-01-31 16:35:00] Program completed. Total execution time: 24.226 ms

