
[2025-01-31 16:35:12] Program started at 2025-01-31 16:35:12.2427
[2025-01-31 16:35:12] [getClientID] MySQL connection established. Execution time: 0.225 ms
[2025-01-31 16:35:12] [getClientID] SELECT table_name FROM table_registry WHERE id = :job_id / Execution time: 0.311 ms
[2025-01-31 16:35:12] [getClientID] SELECT client FROM `matrix` WHERE id = :sub_job_id / Execution time: 0.154 ms
[2025-01-31 16:35:12] getClientID completed. Execution time: 0.801 ms
[2025-01-31 16:35:12] Read file completed. Execution time: 0.009 ms
[2025-01-31 16:35:12] File saved successfully: uploads/job_1/group_1/result_274
[2025-01-31 16:35:12] [updateStatus] MySQL connection established. Execution time: 0.081 ms
[2025-01-31 16:35:12] [updateStatus] SELECT table_name FROM table_registry WHERE id = :job_id FOR UPDATE / Execution time: 0.148 ms
[2025-01-31 16:35:12] [updateStatus] UPDATE `matrix` SET status = :status WHERE id = :sub_job_id / Execution time: 0.179 ms
[2025-01-31 16:35:12] [updateStatus] SELECT COUNT_RECORDS FROM `matrix` / Execution time: 0.598 ms
[2025-01-31 16:35:12] [updateStatus] UPDATE table_registry SET status = :status WHERE id = :job_id / Execution time: 0.121 ms
[2025-01-31 16:35:12] updateStatus completed. Execution time: 53.837 ms
[2025-01-31 16:35:12] Write file completed. Execution time: 54.121 ms
[2025-01-31 16:35:12] [getGroupStatus] MySQL connection established. Execution time: 0.085 ms
[2025-01-31 16:35:12] [getGroupStatus] SELECT table_name FROM table_registry WHERE id = :job_id / Execution time: 0.312 ms
[2025-01-31 16:35:12] [getGroupStatus] SELECT status FROM `matrix` WHERE group_id = :group_id / Execution time: 1.442 ms
[2025-01-31 16:35:12] getGroupStatus completed. Execution time: 2.057 ms
[2025-01-31 16:35:12] Group 1 is not completed yet.
[2025-01-31 16:35:12] Program completed. Total execution time: 58.667 ms

