
[2025-01-31 15:47:24.171561] INFO: Process started with ID: 60
[2025-01-31 15:47:25.713085] INFO: First connection established in 0.268000ms
[2025-01-31 15:47:27.513801] INFO: Sending request: GET /http_server/send-object.php?ID=60 HTTP/1.1
Host: 192.168.100.3
Connection: close


[2025-01-31 15:47:29.868913] INFO: First request sent in 0.036000ms
[2025-01-31 15:47:31.740360] INFO: Time from request to first response in 0.035000ms
[2025-01-31 15:47:33.463804] INFO: Received headers - MPI-Rank: 187, Group-ID: 1, Job-ID: 1, Sub-Job-ID: 188, Rank-Count: 256
[2025-01-31 15:47:34.738706] INFO: Receive loop #1 received 16384 bytes in 3560.668000ms
[2025-01-31 15:47:35.863631] INFO: Receive loop #2 received 16384 bytes in 0.074000ms
[2025-01-31 15:47:37.022620] INFO: Receive loop #3 received 16384 bytes in 0.078000ms
[2025-01-31 15:47:38.206769] INFO: Receive loop #4 received 16384 bytes in 0.124000ms
[2025-01-31 15:47:39.800517] INFO: Receive loop #5 received 16384 bytes in 0.033000ms
[2025-01-31 15:47:41.326718] INFO: Receive loop #6 received 16384 bytes in 0.030000ms
[2025-01-31 15:47:42.464202] INFO: Receive loop #7 received 16384 bytes in 0.029000ms
[2025-01-31 15:47:43.489853] INFO: Receive loop #8 received 16384 bytes in 0.222000ms
[2025-01-31 15:47:44.830614] INFO: Receive loop #9 received 16384 bytes in 0.023000ms
[2025-01-31 15:47:46.363077] INFO: Receive loop #10 received 16384 bytes in 0.029000ms
[2025-01-31 15:47:48.105466] INFO: Receive loop #11 received 16384 bytes in 0.028000ms
[2025-01-31 15:47:49.526752] INFO: Receive loop #12 received 7665 bytes in 0.019000ms
[2025-01-31 15:47:50.677402] INFO: Response received in 19232.983000ms
[2025-01-31 15:47:52.141093] INFO: File saved in 0.496000ms
[2025-01-31 15:47:53.178384] INFO: File saved to: /home/vc/kurotaka/objects/temp_60
[2025-01-31 15:47:54.070081] INFO: Execution permission granted to: /home/vc/kurotaka/objects/temp_60
[2025-01-31 15:47:54.463191] INFO: Executing command: /home/vc/kurotaka/objects/temp_60 187 256 1
[2025-01-31 15:48:02.315056] INFO: Command executed in 7247.153000ms
[2025-01-31 15:48:03.788198] INFO: Result saved to: /home/vc/kurotaka/results/result_60
[2025-01-31 15:48:05.823435] INFO: Second connection established in 0.171000ms
[2025-01-31 15:48:08.244374] INFO: Sending result upload request
[2025-01-31 15:48:10.075923] INFO: Second request sent in 0.020000ms
[2025-01-31 15:48:11.971853] INFO: Result uploaded in 0.064000ms
[2025-01-31 15:48:14.156073] INFO: Process completed successfully. Total execution time in 59654.217000ms

