
[2025-01-31 15:47:15.119664] INFO: Process started with ID: 7
[2025-01-31 15:47:16.015708] INFO: First connection established in 0.227000ms
[2025-01-31 15:47:16.909162] INFO: Sending request: GET /http_server/send-object.php?ID=7 HTTP/1.1
Host: 192.168.100.3
Connection: close


[2025-01-31 15:47:17.475803] INFO: First request sent in 0.032000ms
[2025-01-31 15:47:18.120431] INFO: Time from request to first response in 0.025000ms
[2025-01-31 15:47:19.491701] INFO: Received headers - MPI-Rank: 62, Group-ID: 1, Job-ID: 1, Sub-Job-ID: 63, Rank-Count: 256
[2025-01-31 15:47:20.446250] INFO: Receive loop #1 received 16384 bytes in 2312.640000ms
[2025-01-31 15:47:21.924632] INFO: Receive loop #2 received 16384 bytes in 0.070000ms
[2025-01-31 15:47:23.035100] INFO: Receive loop #3 received 16384 bytes in 0.089000ms
[2025-01-31 15:47:23.809130] INFO: Receive loop #4 received 16384 bytes in 0.120000ms
[2025-01-31 15:47:24.874988] INFO: Receive loop #5 received 16384 bytes in 0.030000ms
[2025-01-31 15:47:27.048931] INFO: Receive loop #6 received 16384 bytes in 0.037000ms
[2025-01-31 15:47:28.770280] INFO: Receive loop #7 received 16384 bytes in 0.028000ms
[2025-01-31 15:47:30.702727] INFO: Receive loop #8 received 16384 bytes in 0.251000ms
[2025-01-31 15:47:33.039530] INFO: Receive loop #9 received 16384 bytes in 0.018000ms
[2025-01-31 15:47:34.359972] INFO: Receive loop #10 received 16384 bytes in 0.029000ms
[2025-01-31 15:47:35.418548] INFO: Receive loop #11 received 16384 bytes in 0.029000ms
[2025-01-31 15:47:36.585947] INFO: Receive loop #12 received 7663 bytes in 0.021000ms
[2025-01-31 15:47:37.724298] INFO: Response received in 19487.770000ms
[2025-01-31 15:47:39.183961] INFO: File saved in 0.450000ms
[2025-01-31 15:47:40.555342] INFO: File saved to: /home/vc/kurotaka/objects/temp_7
[2025-01-31 15:47:42.429835] INFO: Execution permission granted to: /home/vc/kurotaka/objects/temp_7
[2025-01-31 15:47:43.360865] INFO: Executing command: /home/vc/kurotaka/objects/temp_7 62 256 1
[2025-01-31 15:48:01.907923] INFO: Command executed in 17785.746000ms
[2025-01-31 15:48:03.305554] INFO: Result saved to: /home/vc/kurotaka/results/result_7
[2025-01-31 15:48:05.535580] INFO: Second connection established in 0.345000ms
[2025-01-31 15:48:07.271023] INFO: Sending result upload request
[2025-01-31 15:48:09.502513] INFO: Second request sent in 0.034000ms
[2025-01-31 15:48:11.467962] INFO: Result uploaded in 0.067000ms
[2025-01-31 15:48:13.798218] INFO: Process completed successfully. Total execution time in 58957.888000ms

