
[2025-01-31 15:47:16.793454] INFO: Process started with ID: 42
[2025-01-31 15:47:17.337697] INFO: First connection established in 0.249000ms
[2025-01-31 15:47:17.820154] INFO: Sending request: GET /http_server/send-object.php?ID=42 HTTP/1.1
Host: 192.168.100.3
Connection: close


[2025-01-31 15:47:18.853111] INFO: First request sent in 0.023000ms
[2025-01-31 15:47:20.138018] INFO: Time from request to first response in 0.029000ms
[2025-01-31 15:47:21.199271] INFO: Received headers - MPI-Rank: 85, Group-ID: 1, Job-ID: 1, Sub-Job-ID: 86, Rank-Count: 256
[2025-01-31 15:47:22.662293] INFO: Receive loop #1 received 16384 bytes in 2516.231000ms
[2025-01-31 15:47:23.490519] INFO: Receive loop #2 received 16384 bytes in 0.059000ms
[2025-01-31 15:47:24.343188] INFO: Receive loop #3 received 16384 bytes in 0.080000ms
[2025-01-31 15:47:26.121117] INFO: Receive loop #4 received 16384 bytes in 0.113000ms
[2025-01-31 15:47:27.858487] INFO: Receive loop #5 received 16384 bytes in 0.029000ms
[2025-01-31 15:47:30.119852] INFO: Receive loop #6 received 16384 bytes in 0.030000ms
[2025-01-31 15:47:32.409803] INFO: Receive loop #7 received 16384 bytes in 0.031000ms
[2025-01-31 15:47:33.758217] INFO: Receive loop #8 received 16384 bytes in 0.258000ms
[2025-01-31 15:47:34.970225] INFO: Receive loop #9 received 16384 bytes in 0.031000ms
[2025-01-31 15:47:36.035132] INFO: Receive loop #10 received 16384 bytes in 0.029000ms
[2025-01-31 15:47:37.251287] INFO: Receive loop #11 received 16384 bytes in 0.029000ms
[2025-01-31 15:47:38.453525] INFO: Receive loop #12 received 7663 bytes in 0.024000ms
[2025-01-31 15:47:39.976772] INFO: Response received in 19713.033000ms
[2025-01-31 15:47:41.376858] INFO: File saved in 0.465000ms
[2025-01-31 15:47:42.547251] INFO: File saved to: /home/vc/kurotaka/objects/temp_42
[2025-01-31 15:47:44.434037] INFO: Execution permission granted to: /home/vc/kurotaka/objects/temp_42
[2025-01-31 15:47:46.067668] INFO: Executing command: /home/vc/kurotaka/objects/temp_42 85 256 1
[2025-01-31 15:48:01.889943] INFO: Command executed in 14545.378000ms
[2025-01-31 15:48:03.272905] INFO: Result saved to: /home/vc/kurotaka/results/result_42
[2025-01-31 15:48:05.375306] INFO: Second connection established in 0.279000ms
[2025-01-31 15:48:07.189629] INFO: Sending result upload request
[2025-01-31 15:48:09.378233] INFO: Second request sent in 0.025000ms
[2025-01-31 15:48:11.387455] INFO: Result uploaded in 0.054000ms
[2025-01-31 15:48:13.718082] INFO: Process completed successfully. Total execution time in 58741.563000ms

