
[2025-01-31 15:47:31.078735] INFO: Process started with ID: 165
[2025-01-31 15:47:33.239739] INFO: First connection established in 0.313000ms
[2025-01-31 15:47:34.505832] INFO: Sending request: GET /http_server/send-object.php?ID=165 HTTP/1.1
Host: 192.168.100.3
Connection: close


[2025-01-31 15:47:35.568428] INFO: First request sent in 0.033000ms
[2025-01-31 15:47:36.784544] INFO: Time from request to first response in 0.032000ms
[2025-01-31 15:47:37.915349] INFO: Received headers - MPI-Rank: 234, Group-ID: 1, Job-ID: 1, Sub-Job-ID: 235, Rank-Count: 256
[2025-01-31 15:47:39.324448] INFO: Receive loop #1 received 16384 bytes in 2426.602000ms
[2025-01-31 15:47:40.629017] INFO: Receive loop #2 received 16384 bytes in 0.012000ms
[2025-01-31 15:47:41.440119] INFO: Receive loop #3 received 16384 bytes in 0.079000ms
[2025-01-31 15:47:42.561758] INFO: Receive loop #4 received 16384 bytes in 0.117000ms
[2025-01-31 15:47:43.455601] INFO: Receive loop #5 received 16384 bytes in 0.029000ms
[2025-01-31 15:47:44.830442] INFO: Receive loop #6 received 16384 bytes in 0.029000ms
[2025-01-31 15:47:46.110523] INFO: Receive loop #7 received 16384 bytes in 0.031000ms
[2025-01-31 15:47:47.746911] INFO: Receive loop #8 received 16384 bytes in 0.253000ms
[2025-01-31 15:47:49.144456] INFO: Receive loop #9 received 16384 bytes in 0.031000ms
[2025-01-31 15:47:50.615826] INFO: Receive loop #10 received 16384 bytes in 0.029000ms
[2025-01-31 15:47:51.840171] INFO: Receive loop #11 received 16384 bytes in 0.029000ms
[2025-01-31 15:47:52.909544] INFO: Receive loop #12 received 7665 bytes in 0.003000ms
[2025-01-31 15:47:53.723678] INFO: Response received in 16974.085000ms
[2025-01-31 15:47:54.268467] INFO: File saved in 0.104000ms
[2025-01-31 15:47:54.637850] INFO: File saved to: /home/vc/kurotaka/objects/temp_165
[2025-01-31 15:47:55.307110] INFO: Execution permission granted to: /home/vc/kurotaka/objects/temp_165
[2025-01-31 15:47:55.851742] INFO: Executing command: /home/vc/kurotaka/objects/temp_165 234 256 1
[2025-01-31 15:48:02.400585] INFO: Command executed in 5505.944000ms
[2025-01-31 15:48:04.021273] INFO: Result saved to: /home/vc/kurotaka/results/result_165
[2025-01-31 15:48:06.020970] INFO: Second connection established in 0.255000ms
[2025-01-31 15:48:08.599083] INFO: Sending result upload request
[2025-01-31 15:48:10.311779] INFO: Second request sent in 0.021000ms
[2025-01-31 15:48:12.046983] INFO: Result uploaded in 0.059000ms
[2025-01-31 15:48:14.205599] INFO: Process completed successfully. Total execution time in 59741.550000ms

