
[2025-01-31 15:47:23.642720] INFO: Process started with ID: 107
[2025-01-31 15:47:24.549769] INFO: First connection established in 0.182000ms
[2025-01-31 15:47:26.469253] INFO: Sending request: GET /http_server/send-object.php?ID=107 HTTP/1.1
Host: 192.168.100.3
Connection: close


[2025-01-31 15:47:27.999801] INFO: First request sent in 0.034000ms
[2025-01-31 15:47:30.165795] INFO: Time from request to first response in 0.029000ms
[2025-01-31 15:47:32.485962] INFO: Received headers - MPI-Rank: 177, Group-ID: 1, Job-ID: 1, Sub-Job-ID: 178, Rank-Count: 256
[2025-01-31 15:47:33.785289] INFO: Receive loop #1 received 16384 bytes in 3736.425000ms
[2025-01-31 15:47:34.987125] INFO: Receive loop #2 received 16384 bytes in 0.059000ms
[2025-01-31 15:47:36.021728] INFO: Receive loop #3 received 16384 bytes in 0.087000ms
[2025-01-31 15:47:37.251114] INFO: Receive loop #4 received 16384 bytes in 0.115000ms
[2025-01-31 15:47:38.433695] INFO: Receive loop #5 received 16384 bytes in 0.032000ms
[2025-01-31 15:47:39.909500] INFO: Receive loop #6 received 16384 bytes in 0.029000ms
[2025-01-31 15:47:41.276617] INFO: Receive loop #7 received 16384 bytes in 0.031000ms
[2025-01-31 15:47:42.375332] INFO: Receive loop #8 received 16384 bytes in 0.256000ms
[2025-01-31 15:47:43.418537] INFO: Receive loop #9 received 16384 bytes in 0.036000ms
[2025-01-31 15:47:44.659270] INFO: Receive loop #10 received 16384 bytes in 0.036000ms
[2025-01-31 15:47:46.110204] INFO: Receive loop #11 received 16384 bytes in 0.030000ms
[2025-01-31 15:47:47.956117] INFO: Receive loop #12 received 7665 bytes in 0.020000ms
[2025-01-31 15:47:49.812547] INFO: Response received in 18975.731000ms
[2025-01-31 15:47:50.938949] INFO: File saved in 0.095000ms
[2025-01-31 15:47:52.122893] INFO: File saved to: /home/vc/kurotaka/objects/temp_107
[2025-01-31 15:47:53.481237] INFO: Execution permission granted to: /home/vc/kurotaka/objects/temp_107
[2025-01-31 15:47:54.112842] INFO: Executing command: /home/vc/kurotaka/objects/temp_107 177 256 1
[2025-01-31 15:48:01.982499] INFO: Command executed in 7111.800000ms
[2025-01-31 15:48:03.495764] INFO: Result saved to: /home/vc/kurotaka/results/result_107
[2025-01-31 15:48:05.634641] INFO: Second connection established in 0.236000ms
[2025-01-31 15:48:07.774068] INFO: Sending result upload request
[2025-01-31 15:48:09.724632] INFO: Second request sent in 0.028000ms
[2025-01-31 15:48:11.679205] INFO: Result uploaded in 0.055000ms
[2025-01-31 15:48:13.993250] INFO: Process completed successfully. Total execution time in 59272.195000ms

