
[2025-01-31 15:47:14.559731] INFO: Process started with ID: 187
[2025-01-31 15:47:15.076786] INFO: First connection established in 0.211000ms
[2025-01-31 15:47:15.834402] INFO: Sending request: GET /http_server/send-object.php?ID=187 HTTP/1.1
Host: 192.168.100.3
Connection: close


[2025-01-31 15:47:16.824241] INFO: First request sent in 0.031000ms
[2025-01-31 15:47:17.337959] INFO: Time from request to first response in 0.033000ms
[2025-01-31 15:47:17.845792] INFO: Received headers - MPI-Rank: 42, Group-ID: 1, Job-ID: 1, Sub-Job-ID: 43, Rank-Count: 256
[2025-01-31 15:47:18.912475] INFO: Receive loop #1 received 16384 bytes in 1388.545000ms
[2025-01-31 15:47:20.179927] INFO: Receive loop #2 received 16384 bytes in 0.059000ms
[2025-01-31 15:47:21.355984] INFO: Receive loop #3 received 16384 bytes in 0.078000ms
[2025-01-31 15:47:22.725786] INFO: Receive loop #4 received 16384 bytes in 0.109000ms
[2025-01-31 15:47:23.526469] INFO: Receive loop #5 received 16384 bytes in 0.029000ms
[2025-01-31 15:47:24.522544] INFO: Receive loop #6 received 16384 bytes in 0.024000ms
[2025-01-31 15:47:26.519401] INFO: Receive loop #7 received 16384 bytes in 0.029000ms
[2025-01-31 15:47:28.035921] INFO: Receive loop #8 received 16384 bytes in 0.242000ms
[2025-01-31 15:47:30.166052] INFO: Receive loop #9 received 16384 bytes in 0.031000ms
[2025-01-31 15:47:32.452467] INFO: Receive loop #10 received 16384 bytes in 0.029000ms
[2025-01-31 15:47:33.785414] INFO: Receive loop #11 received 16384 bytes in 0.031000ms
[2025-01-31 15:47:34.987312] INFO: Receive loop #12 received 7663 bytes in 0.037000ms
[2025-01-31 15:47:36.053431] INFO: Response received in 18582.912000ms
[2025-01-31 15:47:37.275653] INFO: File saved in 0.449000ms
[2025-01-31 15:47:38.417042] INFO: File saved to: /home/vc/kurotaka/objects/temp_187
[2025-01-31 15:47:39.948089] INFO: Execution permission granted to: /home/vc/kurotaka/objects/temp_187
[2025-01-31 15:47:41.336880] INFO: Executing command: /home/vc/kurotaka/objects/temp_187 42 256 1
[2025-01-31 15:48:02.638928] INFO: Command executed in 20392.613000ms
[2025-01-31 15:48:04.308187] INFO: Result saved to: /home/vc/kurotaka/results/result_187
[2025-01-31 15:48:06.298904] INFO: Second connection established in 0.282000ms
[2025-01-31 15:48:08.756862] INFO: Sending result upload request
[2025-01-31 15:48:10.722104] INFO: Second request sent in 0.024000ms
[2025-01-31 15:48:12.434825] INFO: Result uploaded in 0.055000ms
[2025-01-31 15:48:14.419355] INFO: Process completed successfully. Total execution time in 59982.190000ms

