
[2025-01-16 19:22:26] Program started
[2025-01-16 19:22:26] [getClientID] MySQL connection established. Execution time: 0.636 ms
[2025-01-16 19:22:26] [getClientID] SELECT table_name FROM table_registry WHERE id = :job_id / Execution time: 0.331 ms
[2025-01-16 19:22:26] [getClientID] SELECT client FROM `matrix` WHERE id = :sub_job_id / Execution time: 0.209 ms
[2025-01-16 19:22:26] getClientID completed. Execution time: 1.394 ms
[2025-01-16 19:22:26] Read file completed. Execution time: 0.012 ms
[2025-01-16 19:22:26] File saved successfully: uploads/job_1/group_1/result_7
[2025-01-16 19:22:26] [updateStatus] MySQL connection established. Execution time: 0.116 ms
[2025-01-16 19:22:26] [updateStatus] SELECT table_name FROM table_registry WHERE id = :job_id FOR UPDATE / Execution time: 0.215 ms
[2025-01-16 19:22:26] [updateStatus] UPDATE `matrix` SET status = :status WHERE id = :sub_job_id / Execution time: 0.247 ms
[2025-01-16 19:22:26] [updateStatus] SELECT COUNT_RECORDS FROM matrix / Execution time: 0.289 ms
[2025-01-16 19:22:26] [updateStatus] UPDATE table_registry SET status = :status WHERE id = :job_id / Execution time: 0.202 ms
[2025-01-16 19:22:26] updateStatus completed. Execution time: 26.858 ms
[2025-01-16 19:22:26] Write file completed. Execution time: 27.117 ms
[2025-01-16 19:22:26] [getGroupStatus] MySQL connection established. Execution time: 0.064 ms
[2025-01-16 19:22:26] [getGroupStatus] SELECT table_name FROM table_registry WHERE id = :job_id / Execution time: 0.264 ms
[2025-01-16 19:22:26] [getGroupStatus] SELECT status FROM `matrix` WHERE group_id = :group_id / Execution time: 0.216 ms
[2025-01-16 19:22:26] getGroupStatus completed. Execution time: 0.668 ms
[2025-01-16 19:22:26] Group 1 is not completed yet.
[2025-01-16 19:22:26] Program completed. Total execution time: 32.321 ms

