
[2025-01-31 16:53:41.778596] INFO: Process started with ID: 12
[2025-01-31 16:53:43.147332] INFO: First connection established in 0.232000ms
[2025-01-31 16:53:44.800501] INFO: Sending request: GET /http_server/send-object.php?ID=12 HTTP/1.1
Host: 192.168.100.3
Connection: close


[2025-01-31 16:53:46.612117] INFO: First request sent in 0.033000ms
[2025-01-31 16:53:48.301355] INFO: Time from request to first response in 0.029000ms
[2025-01-31 16:53:49.625825] INFO: Received headers - MPI-Rank: 247, Group-ID: 1, Job-ID: 1, Sub-Job-ID: 248, Rank-Count: 256
[2025-01-31 16:53:51.270794] INFO: Receive loop #1 received 16384 bytes in 2691.441000ms
[2025-01-31 16:53:52.188620] INFO: Receive loop #2 received 16384 bytes in 0.081000ms
[2025-01-31 16:53:53.098562] INFO: Receive loop #3 received 16384 bytes in 0.023000ms
[2025-01-31 16:53:54.469234] INFO: Receive loop #4 received 16384 bytes in 0.119000ms
[2025-01-31 16:53:56.325601] INFO: Receive loop #5 received 16384 bytes in 0.030000ms
[2025-01-31 16:53:59.103294] INFO: Receive loop #6 received 16384 bytes in 0.036000ms
[2025-01-31 16:54:00.059080] INFO: Receive loop #7 received 16384 bytes in 0.013000ms
[2025-01-31 16:54:01.866583] INFO: Receive loop #8 received 16384 bytes in 0.250000ms
[2025-01-31 16:54:03.262636] INFO: Receive loop #9 received 16384 bytes in 0.005000ms
[2025-01-31 16:54:04.811850] INFO: Receive loop #10 received 16384 bytes in 0.005000ms
[2025-01-31 16:54:05.842429] INFO: Receive loop #11 received 16384 bytes in 0.030000ms
[2025-01-31 16:54:07.624879] INFO: Receive loop #12 received 7665 bytes in 0.018000ms
[2025-01-31 16:54:08.407481] INFO: Response received in 20221.578000ms
[2025-01-31 16:54:08.805640] INFO: File saved in 0.106000ms
[2025-01-31 16:54:09.187728] INFO: File saved to: /home/vc/kurotaka/objects/temp_12
[2025-01-31 16:54:10.106915] INFO: Execution permission granted to: /home/vc/kurotaka/objects/temp_12
[2025-01-31 16:54:12.052583] INFO: Executing command: /home/vc/kurotaka/objects/temp_12 247 256 1
[2025-01-31 16:54:16.870730] INFO: Command executed in 3982.870000ms
[2025-01-31 16:54:19.406555] INFO: Result saved to: /home/vc/kurotaka/results/result_12
[2025-01-31 16:54:20.759652] INFO: Second connection established in 0.169000ms
[2025-01-31 16:54:22.438651] INFO: Sending result upload request
[2025-01-31 16:54:24.615939] INFO: Second request sent in 0.025000ms
[2025-01-31 16:54:26.405078] INFO: Result uploaded in 0.055000ms
[2025-01-31 16:54:27.913502] INFO: Process completed successfully. Total execution time in 1m 2124.812000ms

