
[2025-01-31 16:53:38.667169] INFO: Process started with ID: 42
[2025-01-31 16:53:40.386705] INFO: First connection established in 0.254000ms
[2025-01-31 16:53:41.834784] INFO: Sending request: GET /http_server/send-object.php?ID=42 HTTP/1.1
Host: 192.168.100.3
Connection: close


[2025-01-31 16:53:43.243453] INFO: First request sent in 0.033000ms
[2025-01-31 16:53:45.019752] INFO: Time from request to first response in 0.030000ms
[2025-01-31 16:53:46.803977] INFO: Received headers - MPI-Rank: 222, Group-ID: 1, Job-ID: 1, Sub-Job-ID: 223, Rank-Count: 256
[2025-01-31 16:53:48.433718] INFO: Receive loop #1 received 16384 bytes in 3783.131000ms
[2025-01-31 16:53:49.781455] INFO: Receive loop #2 received 16384 bytes in 0.074000ms
[2025-01-31 16:53:51.363570] INFO: Receive loop #3 received 16384 bytes in 0.021000ms
[2025-01-31 16:53:52.763586] INFO: Receive loop #4 received 16384 bytes in 0.110000ms
[2025-01-31 16:53:53.894180] INFO: Receive loop #5 received 16384 bytes in 0.006000ms
[2025-01-31 16:53:55.102791] INFO: Receive loop #6 received 16384 bytes in 0.010000ms
[2025-01-31 16:53:57.040235] INFO: Receive loop #7 received 16384 bytes in 0.042000ms
[2025-01-31 16:53:58.575261] INFO: Receive loop #8 received 16384 bytes in 0.248000ms
[2025-01-31 16:53:59.847945] INFO: Receive loop #9 received 16384 bytes in 0.030000ms
[2025-01-31 16:54:01.378515] INFO: Receive loop #10 received 16384 bytes in 0.010000ms
[2025-01-31 16:54:02.823188] INFO: Receive loop #11 received 16384 bytes in 0.034000ms
[2025-01-31 16:54:04.097614] INFO: Receive loop #12 received 7665 bytes in 0.004000ms
[2025-01-31 16:54:05.224950] INFO: Response received in 20544.538000ms
[2025-01-31 16:54:06.636323] INFO: File saved in 0.510000ms
[2025-01-31 16:54:08.287035] INFO: File saved to: /home/vc/kurotaka/objects/temp_42
[2025-01-31 16:54:08.877747] INFO: Execution permission granted to: /home/vc/kurotaka/objects/temp_42
[2025-01-31 16:54:09.345853] INFO: Executing command: /home/vc/kurotaka/objects/temp_42 222 256 1
[2025-01-31 16:54:18.581071] INFO: Command executed in 7757.984000ms
[2025-01-31 16:54:20.356384] INFO: Result saved to: /home/vc/kurotaka/results/result_42
[2025-01-31 16:54:21.980817] INFO: Second connection established in 0.212000ms
[2025-01-31 16:54:24.298201] INFO: Sending result upload request
[2025-01-31 16:54:25.979953] INFO: Second request sent in 0.024000ms
[2025-01-31 16:54:27.587993] INFO: Result uploaded in 0.045000ms
[2025-01-31 16:54:29.718723] INFO: Process completed successfully. Total execution time in 1m 3508.656000ms

