
[2025-01-31 16:53:25.939492] INFO: Process started with ID: 119
[2025-01-31 16:53:26.174191] INFO: First connection established in 0.256000ms
[2025-01-31 16:53:26.402611] INFO: Sending request: GET /http_server/send-object.php?ID=119 HTTP/1.1
Host: 192.168.100.3
Connection: close


[2025-01-31 16:53:26.743965] INFO: First request sent in 0.021000ms
[2025-01-31 16:53:27.107940] INFO: Time from request to first response in 0.032000ms
[2025-01-31 16:53:27.535104] INFO: Received headers - MPI-Rank: 42, Group-ID: 1, Job-ID: 1, Sub-Job-ID: 43, Rank-Count: 256
[2025-01-31 16:53:28.073429] INFO: Receive loop #1 received 16384 bytes in 856.531000ms
[2025-01-31 16:53:29.205426] INFO: Receive loop #2 received 16384 bytes in 0.061000ms
[2025-01-31 16:53:30.406531] INFO: Receive loop #3 received 16384 bytes in 0.077000ms
[2025-01-31 16:53:31.813135] INFO: Receive loop #4 received 16384 bytes in 0.111000ms
[2025-01-31 16:53:32.877803] INFO: Receive loop #5 received 16384 bytes in 0.028000ms
[2025-01-31 16:53:34.763380] INFO: Receive loop #6 received 16384 bytes in 0.031000ms
[2025-01-31 16:53:35.943306] INFO: Receive loop #7 received 16384 bytes in 0.024000ms
[2025-01-31 16:53:37.556215] INFO: Receive loop #8 received 16384 bytes in 0.251000ms
[2025-01-31 16:53:39.312150] INFO: Receive loop #9 received 16384 bytes in 0.029000ms
[2025-01-31 16:53:40.782300] INFO: Receive loop #10 received 16384 bytes in 0.028000ms
[2025-01-31 16:53:42.080725] INFO: Receive loop #11 received 16384 bytes in 0.028000ms
[2025-01-31 16:53:43.697852] INFO: Receive loop #12 received 7663 bytes in 0.023000ms
[2025-01-31 16:53:45.708494] INFO: Response received in 18007.767000ms
[2025-01-31 16:53:47.300650] INFO: File saved in 0.457000ms
[2025-01-31 16:53:48.821489] INFO: File saved to: /home/vc/kurotaka/objects/temp_119
[2025-01-31 16:53:50.067895] INFO: Execution permission granted to: /home/vc/kurotaka/objects/temp_119
[2025-01-31 16:53:51.849924] INFO: Executing command: /home/vc/kurotaka/objects/temp_119 42 256 1
[2025-01-31 16:54:17.124084] INFO: Command executed in 24098.027000ms
[2025-01-31 16:54:19.486069] INFO: Result saved to: /home/vc/kurotaka/results/result_119
[2025-01-31 16:54:20.969194] INFO: Second connection established in 0.274000ms
[2025-01-31 16:54:22.661782] INFO: Sending result upload request
[2025-01-31 16:54:24.775915] INFO: Second request sent in 0.025000ms
[2025-01-31 16:54:26.617511] INFO: Result uploaded in 0.052000ms
[2025-01-31 16:54:28.127528] INFO: Process completed successfully. Total execution time in 1m 2314.604000ms

