
[2025-01-31 16:53:32.580123] INFO: Process started with ID: 101
[2025-01-31 16:53:34.245117] INFO: First connection established in 0.236000ms
[2025-01-31 16:53:35.581919] INFO: Sending request: GET /http_server/send-object.php?ID=101 HTTP/1.1
Host: 192.168.100.3
Connection: close


[2025-01-31 16:53:37.272311] INFO: First request sent in 0.041000ms
[2025-01-31 16:53:38.666919] INFO: Time from request to first response in 0.029000ms
[2025-01-31 16:53:40.386315] INFO: Received headers - MPI-Rank: 172, Group-ID: 1, Job-ID: 1, Sub-Job-ID: 173, Rank-Count: 256
[2025-01-31 16:53:41.778915] INFO: Receive loop #1 received 16384 bytes in 3270.742000ms
[2025-01-31 16:53:43.243190] INFO: Receive loop #2 received 16384 bytes in 0.053000ms
[2025-01-31 16:53:45.019921] INFO: Receive loop #3 received 16384 bytes in 0.076000ms
[2025-01-31 16:53:46.839402] INFO: Receive loop #4 received 16384 bytes in 0.107000ms
[2025-01-31 16:53:48.389112] INFO: Receive loop #5 received 16384 bytes in 0.029000ms
[2025-01-31 16:53:49.704865] INFO: Receive loop #6 received 16384 bytes in 0.023000ms
[2025-01-31 16:53:51.295622] INFO: Receive loop #7 received 16384 bytes in 0.028000ms
[2025-01-31 16:53:52.750372] INFO: Receive loop #8 received 16384 bytes in 0.334000ms
[2025-01-31 16:53:53.839342] INFO: Receive loop #9 received 16384 bytes in 0.016000ms
[2025-01-31 16:53:55.102683] INFO: Receive loop #10 received 16384 bytes in 0.029000ms
[2025-01-31 16:53:56.994737] INFO: Receive loop #11 received 16384 bytes in 0.029000ms
[2025-01-31 16:53:58.814435] INFO: Receive loop #12 received 7665 bytes in 0.020000ms
[2025-01-31 16:53:59.898938] INFO: Response received in 21169.001000ms
[2025-01-31 16:54:01.397082] INFO: File saved in 0.553000ms
[2025-01-31 16:54:02.823241] INFO: File saved to: /home/vc/kurotaka/objects/temp_101
[2025-01-31 16:54:04.922848] INFO: Execution permission granted to: /home/vc/kurotaka/objects/temp_101
[2025-01-31 16:54:05.610967] INFO: Executing command: /home/vc/kurotaka/objects/temp_101 172 256 1
[2025-01-31 16:54:17.348952] INFO: Command executed in 10602.646000ms
[2025-01-31 16:54:19.595077] INFO: Result saved to: /home/vc/kurotaka/results/result_101
[2025-01-31 16:54:21.198283] INFO: Second connection established in 0.226000ms
[2025-01-31 16:54:22.830276] INFO: Sending result upload request
[2025-01-31 16:54:24.921787] INFO: Second request sent in 0.027000ms
[2025-01-31 16:54:26.966948] INFO: Result uploaded in 0.060000ms
[2025-01-31 16:54:28.565465] INFO: Process completed successfully. Total execution time in 1m 2475.700000ms

