
[2025-01-31 18:00:41] Program started at 2025-01-31 18:00:41.7157
[2025-01-31 18:00:41] [getClientID] MySQL connection established. Execution time: 0.118 ms
[2025-01-31 18:00:41] [getClientID] SELECT table_name FROM table_registry WHERE id = :job_id / Execution time: 0.294 ms
[2025-01-31 18:00:41] [getClientID] SELECT client FROM `matrix` WHERE id = :sub_job_id / Execution time: 0.224 ms
[2025-01-31 18:00:41] getClientID completed. Execution time: 0.830 ms
[2025-01-31 18:00:41] Read file completed. Execution time: 0.013 ms
[2025-01-31 18:00:41] File saved successfully: uploads/job_1/group_1/result_81
[2025-01-31 18:00:41] [updateStatus] MySQL connection established. Execution time: 0.150 ms
[2025-01-31 18:00:41] [updateStatus] SELECT table_name FROM table_registry WHERE id = :job_id FOR UPDATE / Execution time: 0.484 ms
[2025-01-31 18:00:41] [updateStatus] UPDATE `matrix` SET status = :status WHERE id = :sub_job_id / Execution time: 0.226 ms
[2025-01-31 18:00:41] [updateStatus] SELECT COUNT_RECORDS FROM `matrix` / Execution time: 0.407 ms
[2025-01-31 18:00:41] [updateStatus] UPDATE table_registry SET status = :status WHERE id = :job_id / Execution time: 0.166 ms
[2025-01-31 18:00:42] updateStatus completed. Execution time: 296.694 ms
[2025-01-31 18:00:42] Write file completed. Execution time: 297.058 ms
[2025-01-31 18:00:42] [getGroupStatus] MySQL connection established. Execution time: 0.123 ms
[2025-01-31 18:00:42] [getGroupStatus] SELECT table_name FROM table_registry WHERE id = :job_id / Execution time: 0.314 ms
[2025-01-31 18:00:42] [getGroupStatus] SELECT status FROM `matrix` WHERE group_id = :group_id / Execution time: 0.630 ms
[2025-01-31 18:00:42] getGroupStatus completed. Execution time: 1.316 ms
[2025-01-31 18:00:42] Merge request completed. Execution time (not actual merge.php execution time, but just request): 11.933 ms
[2025-01-31 18:00:42] Program completed. Total execution time: 314.252 ms

