
[2025-01-31 15:53:25] Program started at 2025-01-31 15:53:25.2025
[2025-01-31 15:53:25] [getClientID] MySQL connection established. Execution time: 0.860 ms
[2025-01-31 15:53:25] [getClientID] SELECT table_name FROM table_registry WHERE id = :job_id / Execution time: 0.382 ms
[2025-01-31 15:53:25] [getClientID] SELECT client FROM `matrix` WHERE id = :sub_job_id / Execution time: 0.211 ms
[2025-01-31 15:53:25] getClientID completed. Execution time: 1.733 ms
[2025-01-31 15:53:25] Read file completed. Execution time: 0.027 ms
[2025-01-31 15:53:25] File saved successfully: uploads/job_1/group_1/result_54
[2025-01-31 15:53:25] [updateStatus] MySQL connection established. Execution time: 0.122 ms
[2025-01-31 15:53:25] [updateStatus] SELECT table_name FROM table_registry WHERE id = :job_id FOR UPDATE / Execution time: 3.442 ms
[2025-01-31 15:53:25] [updateStatus] UPDATE `matrix` SET status = :status WHERE id = :sub_job_id / Execution time: 0.209 ms
[2025-01-31 15:53:25] [updateStatus] SELECT COUNT_RECORDS FROM `matrix` / Execution time: 0.183 ms
[2025-01-31 15:53:25] [updateStatus] UPDATE table_registry SET status = :status WHERE id = :job_id / Execution time: 0.100 ms
[2025-01-31 15:53:25] updateStatus completed. Execution time: 104.926 ms
[2025-01-31 15:53:25] Write file completed. Execution time: 105.655 ms
[2025-01-31 15:53:25] [getGroupStatus] MySQL connection established. Execution time: 0.157 ms
[2025-01-31 15:53:25] [getGroupStatus] SELECT table_name FROM table_registry WHERE id = :job_id / Execution time: 0.281 ms
[2025-01-31 15:53:25] [getGroupStatus] SELECT status FROM `matrix` WHERE group_id = :group_id / Execution time: 0.369 ms
[2025-01-31 15:53:25] getGroupStatus completed. Execution time: 0.914 ms
[2025-01-31 15:53:25] Group 1 is not completed yet.
[2025-01-31 15:53:25] Program completed. Total execution time: 111.269 ms

