
[2025-01-22 16:33:41] Program started
[2025-01-22 16:33:41] [getClientID] MySQL connection established. Execution time: 0.772 ms
[2025-01-22 16:33:41] [getClientID] SELECT table_name FROM table_registry WHERE id = :job_id / Execution time: 0.360 ms
[2025-01-22 16:33:41] [getClientID] SELECT client FROM `matrix` WHERE id = :sub_job_id / Execution time: 0.200 ms
[2025-01-22 16:33:41] getClientID completed. Execution time: 1.505 ms
[2025-01-22 16:33:41] Read file completed. Execution time: 0.011 ms
[2025-01-22 16:33:41] File saved successfully: uploads/job_1/group_1/result_18
[2025-01-22 16:33:41] [updateStatus] MySQL connection established. Execution time: 0.105 ms
[2025-01-22 16:33:41] [updateStatus] SELECT table_name FROM table_registry WHERE id = :job_id FOR UPDATE / Execution time: 244.178 ms
[2025-01-22 16:33:41] [updateStatus] UPDATE `matrix` SET status = :status WHERE id = :sub_job_id / Execution time: 0.334 ms
[2025-01-22 16:33:41] [updateStatus] SELECT COUNT_RECORDS FROM `matrix` / Execution time: 0.353 ms
[2025-01-22 16:33:41] [updateStatus] UPDATE table_registry SET status = :status WHERE id = :job_id / Execution time: 0.211 ms
[2025-01-22 16:33:41] updateStatus completed. Execution time: 298.512 ms
[2025-01-22 16:33:41] Write file completed. Execution time: 298.813 ms
[2025-01-22 16:33:41] [getGroupStatus] MySQL connection established. Execution time: 0.122 ms
[2025-01-22 16:33:41] [getGroupStatus] SELECT table_name FROM table_registry WHERE id = :job_id / Execution time: 0.358 ms
[2025-01-22 16:33:41] [getGroupStatus] SELECT status FROM `matrix` WHERE group_id = :group_id / Execution time: 0.497 ms
[2025-01-22 16:33:41] getGroupStatus completed. Execution time: 1.282 ms
[2025-01-22 16:33:41] Merge request completed. Execution time (not actual merge.php execution time, but just request): 6.854 ms
[2025-01-22 16:33:41] Program completed. Total execution time: 311.683 ms

