
[2025-01-31 16:09:19.974281] INFO: Process started with ID: 111
[2025-01-31 16:09:21.291872] INFO: First connection established in 0.254000ms
[2025-01-31 16:09:22.304992] INFO: Sending request: GET /http_server/send-object.php?ID=111 HTTP/1.1
Host: 192.168.100.3
Connection: close


[2025-01-31 16:09:23.899347] INFO: First request sent in 0.034000ms
[2025-01-31 16:09:25.439328] INFO: Time from request to first response in 0.028000ms
[2025-01-31 16:09:26.587119] INFO: Received headers - MPI-Rank: 182, Group-ID: 1, Job-ID: 1, Sub-Job-ID: 183, Rank-Count: 256
[2025-01-31 16:09:28.001467] INFO: Receive loop #1 received 16384 bytes in 2810.806000ms
[2025-01-31 16:09:29.519952] INFO: Receive loop #2 received 16384 bytes in 0.060000ms
[2025-01-31 16:09:31.207583] INFO: Receive loop #3 received 16384 bytes in 0.076000ms
[2025-01-31 16:09:32.657564] INFO: Receive loop #4 received 16384 bytes in 0.109000ms
[2025-01-31 16:09:34.304750] INFO: Receive loop #5 received 16384 bytes in 0.036000ms
[2025-01-31 16:09:36.254280] INFO: Receive loop #6 received 16384 bytes in 0.031000ms
[2025-01-31 16:09:38.293878] INFO: Receive loop #7 received 16384 bytes in 0.030000ms
[2025-01-31 16:09:39.992972] INFO: Receive loop #8 received 16384 bytes in 0.245000ms
[2025-01-31 16:09:41.665564] INFO: Receive loop #9 received 16384 bytes in 0.032000ms
[2025-01-31 16:09:42.795292] INFO: Receive loop #10 received 16384 bytes in 0.007000ms
[2025-01-31 16:09:43.749500] INFO: Receive loop #11 received 16384 bytes in 0.030000ms
[2025-01-31 16:09:44.944490] INFO: Receive loop #12 received 7665 bytes in 0.019000ms
[2025-01-31 16:09:46.075527] INFO: Response received in 20483.645000ms
[2025-01-31 16:09:47.672180] INFO: File saved in 0.477000ms
[2025-01-31 16:09:49.027058] INFO: File saved to: /home/vc/kurotaka/objects/temp_111
[2025-01-31 16:09:51.572034] INFO: Execution permission granted to: /home/vc/kurotaka/objects/temp_111
[2025-01-31 16:09:52.472518] INFO: Executing command: /home/vc/kurotaka/objects/temp_111 182 256 1
[2025-01-31 16:10:02.207204] INFO: Command executed in 8523.454000ms
[2025-01-31 16:10:04.718284] INFO: Result saved to: /home/vc/kurotaka/results/result_111
[2025-01-31 16:10:06.232530] INFO: Second connection established in 0.127000ms
[2025-01-31 16:10:07.812197] INFO: Sending result upload request
[2025-01-31 16:10:09.790289] INFO: Second request sent in 0.041000ms
[2025-01-31 16:10:11.286550] INFO: Result uploaded in 0.078000ms
[2025-01-31 16:10:12.763581] INFO: Process completed successfully. Total execution time in 1m 3349.250000ms

