
[2025-01-31 16:09:19.814099] INFO: Process started with ID: 232
[2025-01-31 16:09:21.080290] INFO: First connection established in 0.209000ms
[2025-01-31 16:09:22.333758] INFO: Sending request: GET /http_server/send-object.php?ID=232 HTTP/1.1
Host: 192.168.100.3
Connection: close


[2025-01-31 16:09:23.967933] INFO: First request sent in 0.038000ms
[2025-01-31 16:09:25.515220] INFO: Time from request to first response in 0.032000ms
[2025-01-31 16:09:26.628474] INFO: Received headers - MPI-Rank: 183, Group-ID: 1, Job-ID: 1, Sub-Job-ID: 184, Rank-Count: 256
[2025-01-31 16:09:28.170300] INFO: Receive loop #1 received 16384 bytes in 2673.305000ms
[2025-01-31 16:09:29.669084] INFO: Receive loop #2 received 16384 bytes in 0.060000ms
[2025-01-31 16:09:31.320987] INFO: Receive loop #3 received 16384 bytes in 0.082000ms
[2025-01-31 16:09:32.895075] INFO: Receive loop #4 received 16384 bytes in 0.149000ms
[2025-01-31 16:09:34.602452] INFO: Receive loop #5 received 16384 bytes in 0.028000ms
[2025-01-31 16:09:36.419776] INFO: Receive loop #6 received 16384 bytes in 0.030000ms
[2025-01-31 16:09:37.587878] INFO: Receive loop #7 received 16384 bytes in 0.035000ms
[2025-01-31 16:09:39.722401] INFO: Receive loop #8 received 16384 bytes in 0.246000ms
[2025-01-31 16:09:41.087554] INFO: Receive loop #9 received 16384 bytes in 0.031000ms
[2025-01-31 16:09:42.130019] INFO: Receive loop #10 received 16384 bytes in 0.005000ms
[2025-01-31 16:09:43.073380] INFO: Receive loop #11 received 16384 bytes in 0.029000ms
[2025-01-31 16:09:44.144697] INFO: Receive loop #12 received 7665 bytes in 0.021000ms
[2025-01-31 16:09:45.288007] INFO: Response received in 19831.981000ms
[2025-01-31 16:09:46.862545] INFO: File saved in 0.116000ms
[2025-01-31 16:09:47.883176] INFO: File saved to: /home/vc/kurotaka/objects/temp_232
[2025-01-31 16:09:50.175702] INFO: Execution permission granted to: /home/vc/kurotaka/objects/temp_232
[2025-01-31 16:09:51.625981] INFO: Executing command: /home/vc/kurotaka/objects/temp_232 183 256 1
[2025-01-31 16:10:03.339207] INFO: Command executed in 10568.518000ms
[2025-01-31 16:10:05.409844] INFO: Result saved to: /home/vc/kurotaka/results/result_232
[2025-01-31 16:10:07.131364] INFO: Second connection established in 0.177000ms
[2025-01-31 16:10:08.857514] INFO: Sending result upload request
[2025-01-31 16:10:10.527923] INFO: Second request sent in 0.031000ms
[2025-01-31 16:10:12.318184] INFO: Result uploaded in 0.059000ms
[2025-01-31 16:10:13.647575] INFO: Process completed successfully. Total execution time in 1m 3814.150000ms

