
[2025-01-31 16:09:10.286094] INFO: Process started with ID: 72
[2025-01-31 16:09:11.309195] INFO: First connection established in 0.225000ms
[2025-01-31 16:09:11.925384] INFO: Sending request: GET /http_server/send-object.php?ID=72 HTTP/1.1
Host: 192.168.100.3
Connection: close


[2025-01-31 16:09:12.667703] INFO: First request sent in 0.031000ms
[2025-01-31 16:09:13.887219] INFO: Time from request to first response in 0.028000ms
[2025-01-31 16:09:14.661640] INFO: Received headers - MPI-Rank: 66, Group-ID: 1, Job-ID: 1, Sub-Job-ID: 67, Rank-Count: 256
[2025-01-31 16:09:15.955178] INFO: Receive loop #1 received 16384 bytes in 1980.634000ms
[2025-01-31 16:09:17.233999] INFO: Receive loop #2 received 16384 bytes in 0.070000ms
[2025-01-31 16:09:18.756737] INFO: Receive loop #3 received 16384 bytes in 0.095000ms
[2025-01-31 16:09:20.138882] INFO: Receive loop #4 received 16384 bytes in 0.111000ms
[2025-01-31 16:09:21.544449] INFO: Receive loop #5 received 16384 bytes in 0.029000ms
[2025-01-31 16:09:22.558861] INFO: Receive loop #6 received 16384 bytes in 0.028000ms
[2025-01-31 16:09:24.109409] INFO: Receive loop #7 received 16384 bytes in 0.035000ms
[2025-01-31 16:09:25.589232] INFO: Receive loop #8 received 16384 bytes in 0.250000ms
[2025-01-31 16:09:26.718067] INFO: Receive loop #9 received 16384 bytes in 0.006000ms
[2025-01-31 16:09:28.227086] INFO: Receive loop #10 received 16384 bytes in 0.028000ms
[2025-01-31 16:09:29.733080] INFO: Receive loop #11 received 16384 bytes in 0.028000ms
[2025-01-31 16:09:31.387601] INFO: Receive loop #12 received 7663 bytes in 0.018000ms
[2025-01-31 16:09:33.011881] INFO: Response received in 19081.887000ms
[2025-01-31 16:09:34.639190] INFO: File saved in 0.455000ms
[2025-01-31 16:09:36.528781] INFO: File saved to: /home/vc/kurotaka/objects/temp_72
[2025-01-31 16:09:38.732202] INFO: Execution permission granted to: /home/vc/kurotaka/objects/temp_72
[2025-01-31 16:09:40.928557] INFO: Executing command: /home/vc/kurotaka/objects/temp_72 66 256 1
[2025-01-31 16:10:01.716032] INFO: Command executed in 19591.265000ms
[2025-01-31 16:10:04.571685] INFO: Result saved to: /home/vc/kurotaka/results/result_72
[2025-01-31 16:10:05.914589] INFO: Second connection established in 0.217000ms
[2025-01-31 16:10:07.530257] INFO: Sending result upload request
[2025-01-31 16:10:09.610917] INFO: Second request sent in 0.026000ms
[2025-01-31 16:10:11.060781] INFO: Result uploaded in 0.063000ms
[2025-01-31 16:10:12.593802] INFO: Process completed successfully. Total execution time in 1m 3222.100000ms

