
[2025-01-31 16:09:26.242028] INFO: Process started with ID: 119
[2025-01-31 16:09:27.667770] INFO: First connection established in 0.330000ms
[2025-01-31 16:09:29.214077] INFO: Sending request: GET /http_server/send-object.php?ID=119 HTTP/1.1
Host: 192.168.100.3
Connection: close


[2025-01-31 16:09:30.882170] INFO: First request sent in 0.041000ms
[2025-01-31 16:09:32.258700] INFO: Time from request to first response in 0.033000ms
[2025-01-31 16:09:34.052923] INFO: Received headers - MPI-Rank: 242, Group-ID: 1, Job-ID: 1, Sub-Job-ID: 243, Rank-Count: 256
[2025-01-31 16:09:35.832985] INFO: Receive loop #1 received 16384 bytes in 3430.545000ms
[2025-01-31 16:09:37.319720] INFO: Receive loop #2 received 16384 bytes in 0.062000ms
[2025-01-31 16:09:38.998153] INFO: Receive loop #3 received 16384 bytes in 0.087000ms
[2025-01-31 16:09:41.087078] INFO: Receive loop #4 received 16384 bytes in 0.121000ms
[2025-01-31 16:09:42.155656] INFO: Receive loop #5 received 16384 bytes in 0.035000ms
[2025-01-31 16:09:43.093895] INFO: Receive loop #6 received 16384 bytes in 0.037000ms
[2025-01-31 16:09:44.453157] INFO: Receive loop #7 received 16384 bytes in 0.045000ms
[2025-01-31 16:09:45.540165] INFO: Receive loop #8 received 16384 bytes in 0.102000ms
[2025-01-31 16:09:47.477895] INFO: Receive loop #9 received 16384 bytes in 0.032000ms
[2025-01-31 16:09:48.344027] INFO: Receive loop #10 received 16384 bytes in 0.005000ms
[2025-01-31 16:09:49.949156] INFO: Receive loop #11 received 16384 bytes in 0.027000ms
[2025-01-31 16:09:51.680669] INFO: Receive loop #12 received 7665 bytes in 0.020000ms
[2025-01-31 16:09:52.590532] INFO: Response received in 20348.579000ms
[2025-01-31 16:09:53.352014] INFO: File saved in 0.532000ms
[2025-01-31 16:09:54.707432] INFO: File saved to: /home/vc/kurotaka/objects/temp_119
[2025-01-31 16:09:56.156290] INFO: Execution permission granted to: /home/vc/kurotaka/objects/temp_119
[2025-01-31 16:09:56.273926] INFO: Executing command: /home/vc/kurotaka/objects/temp_119 242 256 1
[2025-01-31 16:10:02.207044] INFO: Command executed in 5110.465000ms
[2025-01-31 16:10:04.701670] INFO: Result saved to: /home/vc/kurotaka/results/result_119
[2025-01-31 16:10:06.108047] INFO: Second connection established in 0.241000ms
[2025-01-31 16:10:07.743654] INFO: Sending result upload request
[2025-01-31 16:10:09.743305] INFO: Second request sent in 0.031000ms
[2025-01-31 16:10:11.260013] INFO: Result uploaded in 0.057000ms
[2025-01-31 16:10:12.745806] INFO: Process completed successfully. Total execution time in 1m 3331.354000ms

