
[2025-01-31 16:09:18.704207] INFO: Process started with ID: 124
[2025-01-31 16:09:20.138911] INFO: First connection established in 0.180000ms
[2025-01-31 16:09:21.523693] INFO: Sending request: GET /http_server/send-object.php?ID=124 HTTP/1.1
Host: 192.168.100.3
Connection: close


[2025-01-31 16:09:22.489536] INFO: First request sent in 0.035000ms
[2025-01-31 16:09:23.995299] INFO: Time from request to first response in 0.029000ms
[2025-01-31 16:09:25.514724] INFO: Received headers - MPI-Rank: 171, Group-ID: 1, Job-ID: 1, Sub-Job-ID: 172, Rank-Count: 256
[2025-01-31 16:09:26.587815] INFO: Receive loop #1 received 16384 bytes in 2554.523000ms
[2025-01-31 16:09:28.026554] INFO: Receive loop #2 received 16384 bytes in 0.075000ms
[2025-01-31 16:09:29.615777] INFO: Receive loop #3 received 16384 bytes in 0.100000ms
[2025-01-31 16:09:31.253246] INFO: Receive loop #4 received 16384 bytes in 0.111000ms
[2025-01-31 16:09:32.813037] INFO: Receive loop #5 received 16384 bytes in 0.030000ms
[2025-01-31 16:09:34.451679] INFO: Receive loop #6 received 16384 bytes in 0.051000ms
[2025-01-31 16:09:36.342355] INFO: Receive loop #7 received 16384 bytes in 0.030000ms
[2025-01-31 16:09:38.086458] INFO: Receive loop #8 received 16384 bytes in 0.261000ms
[2025-01-31 16:09:40.345345] INFO: Receive loop #9 received 16384 bytes in 0.038000ms
[2025-01-31 16:09:41.509646] INFO: Receive loop #10 received 16384 bytes in 0.042000ms
[2025-01-31 16:09:42.731028] INFO: Receive loop #11 received 16384 bytes in 0.034000ms
[2025-01-31 16:09:43.749530] INFO: Receive loop #12 received 7665 bytes in 0.020000ms
[2025-01-31 16:09:44.944780] INFO: Response received in 20463.835000ms
[2025-01-31 16:09:46.111409] INFO: File saved in 0.124000ms
[2025-01-31 16:09:47.672149] INFO: File saved to: /home/vc/kurotaka/objects/temp_124
[2025-01-31 16:09:49.904215] INFO: Execution permission granted to: /home/vc/kurotaka/objects/temp_124
[2025-01-31 16:09:51.680337] INFO: Executing command: /home/vc/kurotaka/objects/temp_124 171 256 1
[2025-01-31 16:10:01.932005] INFO: Command executed in 9259.148000ms
[2025-01-31 16:10:04.627793] INFO: Result saved to: /home/vc/kurotaka/results/result_124
[2025-01-31 16:10:06.045645] INFO: Second connection established in 0.228000ms
[2025-01-31 16:10:07.743650] INFO: Sending result upload request
[2025-01-31 16:10:09.706946] INFO: Second request sent in 0.028000ms
[2025-01-31 16:10:11.226989] INFO: Result uploaded in 0.011000ms
[2025-01-31 16:10:12.704149] INFO: Process completed successfully. Total execution time in 1m 3291.229000ms

