
[2025-01-31 16:09:11.309976] INFO: Process started with ID: 53
[2025-01-31 16:09:11.926021] INFO: First connection established in 0.233000ms
[2025-01-31 16:09:12.668386] INFO: Sending request: GET /http_server/send-object.php?ID=53 HTTP/1.1
Host: 192.168.100.3
Connection: close


[2025-01-31 16:09:14.045948] INFO: First request sent in 0.034000ms
[2025-01-31 16:09:14.753204] INFO: Time from request to first response in 0.022000ms
[2025-01-31 16:09:15.956124] INFO: Received headers - MPI-Rank: 79, Group-ID: 1, Job-ID: 1, Sub-Job-ID: 80, Rank-Count: 256
[2025-01-31 16:09:17.110478] INFO: Receive loop #1 received 16384 bytes in 2371.473000ms
[2025-01-31 16:09:18.458530] INFO: Receive loop #2 received 16384 bytes in 0.058000ms
[2025-01-31 16:09:19.974856] INFO: Receive loop #3 received 16384 bytes in 0.078000ms
[2025-01-31 16:09:21.292482] INFO: Receive loop #4 received 16384 bytes in 0.111000ms
[2025-01-31 16:09:22.386143] INFO: Receive loop #5 received 16384 bytes in 0.028000ms
[2025-01-31 16:09:23.931862] INFO: Receive loop #6 received 16384 bytes in 0.028000ms
[2025-01-31 16:09:25.486713] INFO: Receive loop #7 received 16384 bytes in 0.037000ms
[2025-01-31 16:09:26.588009] INFO: Receive loop #8 received 16384 bytes in 0.266000ms
[2025-01-31 16:09:28.059890] INFO: Receive loop #9 received 16384 bytes in 0.031000ms
[2025-01-31 16:09:29.616579] INFO: Receive loop #10 received 16384 bytes in 0.026000ms
[2025-01-31 16:09:31.253975] INFO: Receive loop #11 received 16384 bytes in 0.043000ms
[2025-01-31 16:09:32.813731] INFO: Receive loop #12 received 7663 bytes in 0.022000ms
[2025-01-31 16:09:34.503222] INFO: Response received in 19545.013000ms
[2025-01-31 16:09:36.360968] INFO: File saved in 0.117000ms
[2025-01-31 16:09:37.664842] INFO: File saved to: /home/vc/kurotaka/objects/temp_53
[2025-01-31 16:09:40.519176] INFO: Execution permission granted to: /home/vc/kurotaka/objects/temp_53
[2025-01-31 16:09:41.720186] INFO: Executing command: /home/vc/kurotaka/objects/temp_53 79 256 1
[2025-01-31 16:10:04.605020] INFO: Command executed in 21637.581000ms
[2025-01-31 16:10:05.939069] INFO: Result saved to: /home/vc/kurotaka/results/result_53
[2025-01-31 16:10:07.588067] INFO: Second connection established in 0.191000ms
[2025-01-31 16:10:09.670968] INFO: Sending result upload request
[2025-01-31 16:10:11.119351] INFO: Second request sent in 0.008000ms
[2025-01-31 16:10:12.669301] INFO: Result uploaded in 0.060000ms
[2025-01-31 16:10:14.322348] INFO: Process completed successfully. Total execution time in 1m 4624.682000ms

