
[2025-01-31 16:25:02] Program started at 2025-01-31 16:25:02.0606
[2025-01-31 16:25:02] [getClientID] MySQL connection established. Execution time: 0.893 ms
[2025-01-31 16:25:02] [getClientID] SELECT table_name FROM table_registry WHERE id = :job_id / Execution time: 0.454 ms
[2025-01-31 16:25:02] [getClientID] SELECT client FROM `matrix` WHERE id = :sub_job_id / Execution time: 169.148 ms
[2025-01-31 16:25:02] getClientID completed. Execution time: 170.929 ms
[2025-01-31 16:25:02] Read file completed. Execution time: 0.019 ms
[2025-01-31 16:25:02] File saved successfully: uploads/job_1/group_1/result_174
[2025-01-31 16:25:02] [updateStatus] MySQL connection established. Execution time: 0.085 ms
[2025-01-31 16:25:02] [updateStatus] SELECT table_name FROM table_registry WHERE id = :job_id FOR UPDATE / Execution time: 37.642 ms
[2025-01-31 16:25:02] [updateStatus] UPDATE `matrix` SET status = :status WHERE id = :sub_job_id / Execution time: 0.317 ms
[2025-01-31 16:25:02] [updateStatus] SELECT COUNT_RECORDS FROM `matrix` / Execution time: 0.725 ms
[2025-01-31 16:25:02] [updateStatus] UPDATE table_registry SET status = :status WHERE id = :job_id / Execution time: 0.259 ms
[2025-01-31 16:25:02] updateStatus completed. Execution time: 459.882 ms
[2025-01-31 16:25:02] Write file completed. Execution time: 479.740 ms
[2025-01-31 16:25:02] [getGroupStatus] MySQL connection established. Execution time: 0.262 ms
[2025-01-31 16:25:02] [getGroupStatus] SELECT table_name FROM table_registry WHERE id = :job_id / Execution time: 0.446 ms
[2025-01-31 16:25:02] [getGroupStatus] SELECT status FROM `matrix` WHERE group_id = :group_id / Execution time: 3.714 ms
[2025-01-31 16:25:02] getGroupStatus completed. Execution time: 5.121 ms
[2025-01-31 16:25:02] Group 1 is not completed yet.
[2025-01-31 16:25:02] Program completed. Total execution time: 659.915 ms

