
[2025-01-31 17:14:56.441472] INFO: Process started with ID: 29
[2025-01-31 17:14:56.506978] INFO: First connection established in 0.196000ms
[2025-01-31 17:14:56.709538] INFO: Sending request: GET /http_server/send-object.php?ID=29 HTTP/1.1
Host: 192.168.100.3
Connection: close


[2025-01-31 17:14:56.926814] INFO: First request sent in 0.032000ms
[2025-01-31 17:14:57.280983] INFO: Time from request to first response in 0.031000ms
[2025-01-31 17:14:57.620777] INFO: Received headers - MPI-Rank: 10, Group-ID: 1, Job-ID: 1, Sub-Job-ID: 11, Rank-Count: 128
[2025-01-31 17:14:58.038801] INFO: Receive loop #1 received 16384 bytes in 708.316000ms
[2025-01-31 17:14:58.465703] INFO: Receive loop #2 received 16384 bytes in 0.073000ms
[2025-01-31 17:14:59.094053] INFO: Receive loop #3 received 16384 bytes in 0.075000ms
[2025-01-31 17:14:59.903317] INFO: Receive loop #4 received 16384 bytes in 0.110000ms
[2025-01-31 17:15:00.540993] INFO: Receive loop #5 received 16384 bytes in 0.031000ms
[2025-01-31 17:15:01.192117] INFO: Receive loop #6 received 16384 bytes in 0.030000ms
[2025-01-31 17:15:02.129358] INFO: Receive loop #7 received 16384 bytes in 0.029000ms
[2025-01-31 17:15:02.794465] INFO: Receive loop #8 received 16384 bytes in 0.260000ms
[2025-01-31 17:15:03.540701] INFO: Receive loop #9 received 16384 bytes in 0.028000ms
[2025-01-31 17:15:04.464717] INFO: Receive loop #10 received 16384 bytes in 0.029000ms
[2025-01-31 17:15:05.137480] INFO: Receive loop #11 received 16384 bytes in 0.029000ms
[2025-01-31 17:15:05.889797] INFO: Receive loop #12 received 7663 bytes in 0.018000ms
[2025-01-31 17:15:06.770317] INFO: Response received in 9268.900000ms
[2025-01-31 17:15:07.256016] INFO: File saved in 0.442000ms
[2025-01-31 17:15:07.859005] INFO: File saved to: /home/vc/kurotaka/objects/temp_29
[2025-01-31 17:15:08.727183] INFO: Execution permission granted to: /home/vc/kurotaka/objects/temp_29
[2025-01-31 17:15:09.269950] INFO: Executing command: /home/vc/kurotaka/objects/temp_29 10 128 1
[2025-01-31 17:15:16.356653] INFO: Command executed in 6370.183000ms
[2025-01-31 17:15:16.882315] INFO: Result saved to: /home/vc/kurotaka/results/result_29
[2025-01-31 17:15:17.493574] INFO: Second connection established in 0.216000ms
[2025-01-31 17:15:18.135936] INFO: Sending result upload request
[2025-01-31 17:15:18.641329] INFO: Second request sent in 0.021000ms
[2025-01-31 17:15:19.398777] INFO: Result uploaded in 0.052000ms
[2025-01-31 17:15:20.305389] INFO: Process completed successfully. Total execution time in 23659.555000ms

