
[2025-01-31 17:14:56.854568] INFO: Process started with ID: 53
[2025-01-31 17:14:57.226963] INFO: First connection established in 0.159000ms
[2025-01-31 17:14:57.559665] INFO: Sending request: GET /http_server/send-object.php?ID=53 HTTP/1.1
Host: 192.168.100.3
Connection: close


[2025-01-31 17:14:57.974637] INFO: First request sent in 0.037000ms
[2025-01-31 17:14:58.399562] INFO: Time from request to first response in 0.034000ms
[2025-01-31 17:14:59.069620] INFO: Received headers - MPI-Rank: 54, Group-ID: 1, Job-ID: 1, Sub-Job-ID: 55, Rank-Count: 128
[2025-01-31 17:14:59.877261] INFO: Receive loop #1 received 16384 bytes in 1359.200000ms
[2025-01-31 17:15:00.478299] INFO: Receive loop #2 received 16384 bytes in 0.075000ms
[2025-01-31 17:15:01.097563] INFO: Receive loop #3 received 16384 bytes in 0.093000ms
[2025-01-31 17:15:01.894572] INFO: Receive loop #4 received 16384 bytes in 0.132000ms
[2025-01-31 17:15:02.679044] INFO: Receive loop #5 received 16384 bytes in 0.034000ms
[2025-01-31 17:15:03.223614] INFO: Receive loop #6 received 16384 bytes in 0.035000ms
[2025-01-31 17:15:04.065323] INFO: Receive loop #7 received 16384 bytes in 0.029000ms
[2025-01-31 17:15:04.939394] INFO: Receive loop #8 received 16384 bytes in 0.257000ms
[2025-01-31 17:15:05.555423] INFO: Receive loop #9 received 16384 bytes in 0.036000ms
[2025-01-31 17:15:06.359107] INFO: Receive loop #10 received 16384 bytes in 0.029000ms
[2025-01-31 17:15:07.061753] INFO: Receive loop #11 received 16384 bytes in 0.033000ms
[2025-01-31 17:15:07.603124] INFO: Receive loop #12 received 7663 bytes in 0.018000ms
[2025-01-31 17:15:08.176332] INFO: Response received in 9762.441000ms
[2025-01-31 17:15:08.747454] INFO: File saved in 0.451000ms
[2025-01-31 17:15:09.193900] INFO: File saved to: /home/vc/kurotaka/objects/temp_53
[2025-01-31 17:15:09.931778] INFO: Execution permission granted to: /home/vc/kurotaka/objects/temp_53
[2025-01-31 17:15:10.707250] INFO: Executing command: /home/vc/kurotaka/objects/temp_53 54 128 1
[2025-01-31 17:15:15.921651] INFO: Command executed in 4754.259000ms
[2025-01-31 17:15:16.609327] INFO: Result saved to: /home/vc/kurotaka/results/result_53
[2025-01-31 17:15:17.268224] INFO: Second connection established in 0.209000ms
[2025-01-31 17:15:17.786827] INFO: Sending result upload request
[2025-01-31 17:15:18.315031] INFO: Second request sent in 0.021000ms
[2025-01-31 17:15:18.969065] INFO: Result uploaded in 0.052000ms
[2025-01-31 17:15:19.808337] INFO: Process completed successfully. Total execution time in 23151.922000ms

