
[2025-01-31 17:14:56.982110] INFO: Process started with ID: 106
[2025-01-31 17:14:57.364235] INFO: First connection established in 0.250000ms
[2025-01-31 17:14:57.766447] INFO: Sending request: GET /http_server/send-object.php?ID=106 HTTP/1.1
Host: 192.168.100.3
Connection: close


[2025-01-31 17:14:58.143487] INFO: First request sent in 0.034000ms
[2025-01-31 17:14:58.611896] INFO: Time from request to first response in 0.032000ms
[2025-01-31 17:14:59.318261] INFO: Received headers - MPI-Rank: 62, Group-ID: 1, Job-ID: 1, Sub-Job-ID: 63, Rank-Count: 128
[2025-01-31 17:15:00.234233] INFO: Receive loop #1 received 16384 bytes in 1437.665000ms
[2025-01-31 17:15:00.727410] INFO: Receive loop #2 received 16384 bytes in 0.038000ms
[2025-01-31 17:15:01.447053] INFO: Receive loop #3 received 16384 bytes in 0.080000ms
[2025-01-31 17:15:02.352858] INFO: Receive loop #4 received 16384 bytes in 0.130000ms
[2025-01-31 17:15:02.907012] INFO: Receive loop #5 received 16384 bytes in 0.028000ms
[2025-01-31 17:15:03.633813] INFO: Receive loop #6 received 16384 bytes in 0.029000ms
[2025-01-31 17:15:04.570234] INFO: Receive loop #7 received 16384 bytes in 0.029000ms
[2025-01-31 17:15:05.199414] INFO: Receive loop #8 received 16384 bytes in 0.246000ms
[2025-01-31 17:15:05.940274] INFO: Receive loop #9 received 16384 bytes in 0.038000ms
[2025-01-31 17:15:06.853769] INFO: Receive loop #10 received 16384 bytes in 0.029000ms
[2025-01-31 17:15:07.327028] INFO: Receive loop #11 received 16384 bytes in 0.032000ms
[2025-01-31 17:15:07.919101] INFO: Receive loop #12 received 7663 bytes in 0.019000ms
[2025-01-31 17:15:08.576200] INFO: Response received in 9881.597000ms
[2025-01-31 17:15:09.016058] INFO: File saved in 0.454000ms
[2025-01-31 17:15:09.664718] INFO: File saved to: /home/vc/kurotaka/objects/temp_106
[2025-01-31 17:15:10.750590] INFO: Execution permission granted to: /home/vc/kurotaka/objects/temp_106
[2025-01-31 17:15:11.218880] INFO: Executing command: /home/vc/kurotaka/objects/temp_106 62 128 1
[2025-01-31 17:15:15.981754] INFO: Command executed in 4225.669000ms
[2025-01-31 17:15:16.544996] INFO: Result saved to: /home/vc/kurotaka/results/result_106
[2025-01-31 17:15:17.210747] INFO: Second connection established in 0.157000ms
[2025-01-31 17:15:17.733156] INFO: Sending result upload request
[2025-01-31 17:15:18.285524] INFO: Second request sent in 0.027000ms
[2025-01-31 17:15:18.833963] INFO: Result uploaded in 0.054000ms
[2025-01-31 17:15:19.627909] INFO: Process completed successfully. Total execution time in 22930.093000ms

