
[2025-01-31 17:14:58.717460] INFO: Process started with ID: 49
[2025-01-31 17:14:59.490488] INFO: First connection established in 0.279000ms
[2025-01-31 17:15:00.277080] INFO: Sending request: GET /http_server/send-object.php?ID=49 HTTP/1.1
Host: 192.168.100.3
Connection: close


[2025-01-31 17:15:00.803713] INFO: First request sent in 0.036000ms
[2025-01-31 17:15:01.548160] INFO: Time from request to first response in 0.030000ms
[2025-01-31 17:15:02.457284] INFO: Received headers - MPI-Rank: 119, Group-ID: 1, Job-ID: 1, Sub-Job-ID: 120, Rank-Count: 128
[2025-01-31 17:15:03.008286] INFO: Receive loop #1 received 16384 bytes in 1613.600000ms
[2025-01-31 17:15:03.792613] INFO: Receive loop #2 received 16384 bytes in 0.059000ms
[2025-01-31 17:15:04.783989] INFO: Receive loop #3 received 16384 bytes in 0.082000ms
[2025-01-31 17:15:05.302054] INFO: Receive loop #4 received 16384 bytes in 0.122000ms
[2025-01-31 17:15:06.154428] INFO: Receive loop #5 received 16384 bytes in 0.029000ms
[2025-01-31 17:15:06.939707] INFO: Receive loop #6 received 16384 bytes in 0.030000ms
[2025-01-31 17:15:07.405828] INFO: Receive loop #7 received 16384 bytes in 0.028000ms
[2025-01-31 17:15:08.003764] INFO: Receive loop #8 received 16384 bytes in 0.260000ms
[2025-01-31 17:15:08.599206] INFO: Receive loop #9 received 16384 bytes in 0.035000ms
[2025-01-31 17:15:08.985615] INFO: Receive loop #10 received 16384 bytes in 0.029000ms
[2025-01-31 17:15:09.612607] INFO: Receive loop #11 received 16384 bytes in 0.028000ms
[2025-01-31 17:15:10.384059] INFO: Receive loop #12 received 7665 bytes in 0.018000ms
[2025-01-31 17:15:10.916620] INFO: Response received in 9475.152000ms
[2025-01-31 17:15:11.263627] INFO: File saved in 0.185000ms
[2025-01-31 17:15:11.773649] INFO: File saved to: /home/vc/kurotaka/objects/temp_49
[2025-01-31 17:15:12.416168] INFO: Execution permission granted to: /home/vc/kurotaka/objects/temp_49
[2025-01-31 17:15:12.509246] INFO: Executing command: /home/vc/kurotaka/objects/temp_49 119 128 1
[2025-01-31 17:15:15.096806] INFO: Command executed in 2424.702000ms
[2025-01-31 17:15:15.583551] INFO: Result saved to: /home/vc/kurotaka/results/result_49
[2025-01-31 17:15:16.448536] INFO: Second connection established in 0.267000ms
[2025-01-31 17:15:17.062913] INFO: Sending result upload request
[2025-01-31 17:15:17.632765] INFO: Second request sent in 0.026000ms
[2025-01-31 17:15:18.237558] INFO: Result uploaded in 0.048000ms
[2025-01-31 17:15:18.881758] INFO: Process completed successfully. Total execution time in 22230.060000ms

