
[2025-01-31 17:14:58.039259] INFO: Process started with ID: 12
[2025-01-31 17:14:58.502802] INFO: First connection established in 0.205000ms
[2025-01-31 17:14:59.114615] INFO: Sending request: GET /http_server/send-object.php?ID=12 HTTP/1.1
Host: 192.168.100.3
Connection: close


[2025-01-31 17:14:59.903116] INFO: First request sent in 0.035000ms
[2025-01-31 17:15:00.507452] INFO: Time from request to first response in 0.032000ms
[2025-01-31 17:15:01.139187] INFO: Received headers - MPI-Rank: 100, Group-ID: 1, Job-ID: 1, Sub-Job-ID: 101, Rank-Count: 128
[2025-01-31 17:15:02.011410] INFO: Receive loop #1 received 16384 bytes in 1373.103000ms
[2025-01-31 17:15:02.754987] INFO: Receive loop #2 received 16384 bytes in 0.065000ms
[2025-01-31 17:15:03.493884] INFO: Receive loop #3 received 16384 bytes in 0.077000ms
[2025-01-31 17:15:04.464879] INFO: Receive loop #4 received 16384 bytes in 0.112000ms
[2025-01-31 17:15:05.199189] INFO: Receive loop #5 received 16384 bytes in 0.029000ms
[2025-01-31 17:15:05.890055] INFO: Receive loop #6 received 16384 bytes in 0.028000ms
[2025-01-31 17:15:06.800063] INFO: Receive loop #7 received 16384 bytes in 0.030000ms
[2025-01-31 17:15:07.296012] INFO: Receive loop #8 received 16384 bytes in 0.262000ms
[2025-01-31 17:15:07.885136] INFO: Receive loop #9 received 16384 bytes in 0.031000ms
[2025-01-31 17:15:08.548798] INFO: Receive loop #10 received 16384 bytes in 0.029000ms
[2025-01-31 17:15:08.985654] INFO: Receive loop #11 received 16384 bytes in 0.029000ms
[2025-01-31 17:15:09.664692] INFO: Receive loop #12 received 7665 bytes in 0.025000ms
[2025-01-31 17:15:10.490906] INFO: Response received in 9805.811000ms
[2025-01-31 17:15:10.999436] INFO: File saved in 0.472000ms
[2025-01-31 17:15:11.380093] INFO: File saved to: /home/vc/kurotaka/objects/temp_12
[2025-01-31 17:15:12.161997] INFO: Execution permission granted to: /home/vc/kurotaka/objects/temp_12
[2025-01-31 17:15:12.466401] INFO: Executing command: /home/vc/kurotaka/objects/temp_12 100 128 1
[2025-01-31 17:15:16.053326] INFO: Command executed in 3247.598000ms
[2025-01-31 17:15:16.646558] INFO: Result saved to: /home/vc/kurotaka/results/result_12
[2025-01-31 17:15:17.283643] INFO: Second connection established in 0.214000ms
[2025-01-31 17:15:17.818970] INFO: Sending result upload request
[2025-01-31 17:15:18.344462] INFO: Second request sent in 0.025000ms
[2025-01-31 17:15:19.007174] INFO: Result uploaded in 0.052000ms
[2025-01-31 17:15:19.925254] INFO: Process completed successfully. Total execution time in 23217.884000ms

