
[2025-01-31 17:00:53.611438] INFO: Process started with ID: 169
[2025-01-31 17:00:54.017154] INFO: First connection established in 0.226000ms
[2025-01-31 17:00:54.500214] INFO: Sending request: GET /http_server/send-object.php?ID=169 HTTP/1.1
Host: 192.168.100.3
Connection: close


[2025-01-31 17:00:54.997020] INFO: First request sent in 0.033000ms
[2025-01-31 17:00:55.620907] INFO: Time from request to first response in 0.038000ms
[2025-01-31 17:00:56.207898] INFO: Received headers - MPI-Rank: 75, Group-ID: 1, Job-ID: 1, Sub-Job-ID: 76, Rank-Count: 256
[2025-01-31 17:00:57.069665] INFO: Receive loop #1 received 16384 bytes in 1242.422000ms
[2025-01-31 17:00:57.864636] INFO: Receive loop #2 received 16384 bytes in 0.069000ms
[2025-01-31 17:00:58.965528] INFO: Receive loop #3 received 16384 bytes in 0.088000ms
[2025-01-31 17:01:00.274517] INFO: Receive loop #4 received 16384 bytes in 0.108000ms
[2025-01-31 17:01:01.646493] INFO: Receive loop #5 received 16384 bytes in 0.030000ms
[2025-01-31 17:01:02.982677] INFO: Receive loop #6 received 16384 bytes in 0.030000ms
[2025-01-31 17:01:04.319427] INFO: Receive loop #7 received 16384 bytes in 0.030000ms
[2025-01-31 17:01:05.907716] INFO: Receive loop #8 received 16384 bytes in 0.341000ms
[2025-01-31 17:01:08.057791] INFO: Receive loop #9 received 16384 bytes in 0.035000ms
[2025-01-31 17:01:09.496926] INFO: Receive loop #10 received 16384 bytes in 0.029000ms
[2025-01-31 17:01:11.691521] INFO: Receive loop #11 received 16384 bytes in 0.057000ms
[2025-01-31 17:01:13.751546] INFO: Receive loop #12 received 7663 bytes in 0.018000ms
[2025-01-31 17:01:15.251976] INFO: Response received in 19168.764000ms
[2025-01-31 17:01:16.995704] INFO: File saved in 0.122000ms
[2025-01-31 17:01:18.835294] INFO: File saved to: /home/vc/kurotaka/objects/temp_169
[2025-01-31 17:01:21.023370] INFO: Execution permission granted to: /home/vc/kurotaka/objects/temp_169
[2025-01-31 17:01:22.755772] INFO: Executing command: /home/vc/kurotaka/objects/temp_169 75 256 1
[2025-01-31 17:01:43.056555] INFO: Command executed in 18910.101000ms
[2025-01-31 17:01:44.825154] INFO: Result saved to: /home/vc/kurotaka/results/result_169
[2025-01-31 17:01:46.349463] INFO: Second connection established in 0.210000ms
[2025-01-31 17:01:48.322185] INFO: Sending result upload request
[2025-01-31 17:01:50.070156] INFO: Second request sent in 0.034000ms
[2025-01-31 17:01:51.796476] INFO: Result uploaded in 0.057000ms
[2025-01-31 17:01:53.596098] INFO: Process completed successfully. Total execution time in 1m 344.334000ms

