
[2025-01-31 17:00:53.280249] INFO: Process started with ID: 92
[2025-01-31 17:00:53.633688] INFO: First connection established in 0.268000ms
[2025-01-31 17:00:54.049564] INFO: Sending request: GET /http_server/send-object.php?ID=92 HTTP/1.1
Host: 192.168.100.3
Connection: close


[2025-01-31 17:00:54.500158] INFO: First request sent in 0.030000ms
[2025-01-31 17:00:54.958063] INFO: Time from request to first response in 0.029000ms
[2025-01-31 17:00:55.591055] INFO: Received headers - MPI-Rank: 62, Group-ID: 1, Job-ID: 1, Sub-Job-ID: 63, Rank-Count: 256
[2025-01-31 17:00:56.207819] INFO: Receive loop #1 received 16384 bytes in 1243.638000ms
[2025-01-31 17:00:57.097511] INFO: Receive loop #2 received 16384 bytes in 0.060000ms
[2025-01-31 17:00:57.915228] INFO: Receive loop #3 received 16384 bytes in 0.083000ms
[2025-01-31 17:00:59.000278] INFO: Receive loop #4 received 16384 bytes in 0.111000ms
[2025-01-31 17:01:00.349660] INFO: Receive loop #5 received 16384 bytes in 0.029000ms
[2025-01-31 17:01:01.692877] INFO: Receive loop #6 received 16384 bytes in 0.027000ms
[2025-01-31 17:01:03.093128] INFO: Receive loop #7 received 16384 bytes in 0.030000ms
[2025-01-31 17:01:04.372474] INFO: Receive loop #8 received 16384 bytes in 0.258000ms
[2025-01-31 17:01:05.946355] INFO: Receive loop #9 received 16384 bytes in 0.031000ms
[2025-01-31 17:01:08.080554] INFO: Receive loop #10 received 16384 bytes in 0.029000ms
[2025-01-31 17:01:09.496987] INFO: Receive loop #11 received 16384 bytes in 0.031000ms
[2025-01-31 17:01:11.691683] INFO: Receive loop #12 received 7663 bytes in 0.028000ms
[2025-01-31 17:01:13.788198] INFO: Response received in 18220.799000ms
[2025-01-31 17:01:15.370811] INFO: File saved in 0.540000ms
[2025-01-31 17:01:17.170164] INFO: File saved to: /home/vc/kurotaka/objects/temp_92
[2025-01-31 17:01:20.330687] INFO: Execution permission granted to: /home/vc/kurotaka/objects/temp_92
[2025-01-31 17:01:21.378446] INFO: Executing command: /home/vc/kurotaka/objects/temp_92 62 256 1
[2025-01-31 17:01:42.511647] INFO: Command executed in 19539.215000ms
[2025-01-31 17:01:44.389139] INFO: Result saved to: /home/vc/kurotaka/results/result_92
[2025-01-31 17:01:46.180146] INFO: Second connection established in 0.203000ms
[2025-01-31 17:01:48.090178] INFO: Sending result upload request
[2025-01-31 17:01:49.893198] INFO: Second request sent in 0.027000ms
[2025-01-31 17:01:51.658845] INFO: Result uploaded in 0.054000ms
[2025-01-31 17:01:53.645030] INFO: Process completed successfully. Total execution time in 1m 311.417000ms

