
[2025-01-31 17:01:02.702916] INFO: Process started with ID: 1
[2025-01-31 17:01:04.005475] INFO: First connection established in 0.215000ms
[2025-01-31 17:01:05.425407] INFO: Sending request: GET /http_server/send-object.php?ID=1 HTTP/1.1
Host: 192.168.100.3
Connection: close


[2025-01-31 17:01:07.789624] INFO: First request sent in 0.029000ms
[2025-01-31 17:01:09.176677] INFO: Time from request to first response in 0.030000ms
[2025-01-31 17:01:11.527496] INFO: Received headers - MPI-Rank: 215, Group-ID: 1, Job-ID: 1, Sub-Job-ID: 216, Rank-Count: 256
[2025-01-31 17:01:13.657796] INFO: Receive loop #1 received 16384 bytes in 4080.778000ms
[2025-01-31 17:01:15.150672] INFO: Receive loop #2 received 16384 bytes in 0.061000ms
[2025-01-31 17:01:16.936015] INFO: Receive loop #3 received 16384 bytes in 0.097000ms
[2025-01-31 17:01:18.943522] INFO: Receive loop #4 received 16384 bytes in 0.112000ms
[2025-01-31 17:01:20.553193] INFO: Receive loop #5 received 16384 bytes in 0.031000ms
[2025-01-31 17:01:21.830375] INFO: Receive loop #6 received 16384 bytes in 0.010000ms
[2025-01-31 17:01:23.307654] INFO: Receive loop #7 received 16384 bytes in 0.029000ms
[2025-01-31 17:01:24.466539] INFO: Receive loop #8 received 16384 bytes in 0.259000ms
[2025-01-31 17:01:25.315142] INFO: Receive loop #9 received 16384 bytes in 0.028000ms
[2025-01-31 17:01:26.510621] INFO: Receive loop #10 received 16384 bytes in 0.029000ms
[2025-01-31 17:01:27.488503] INFO: Receive loop #11 received 16384 bytes in 0.031000ms
[2025-01-31 17:01:28.319809] INFO: Receive loop #12 received 7665 bytes in 0.019000ms
[2025-01-31 17:01:29.130940] INFO: Response received in 20078.421000ms
[2025-01-31 17:01:30.087978] INFO: File saved in 0.495000ms
[2025-01-31 17:01:31.660251] INFO: File saved to: /home/vc/kurotaka/objects/temp_1
[2025-01-31 17:01:32.427932] INFO: Execution permission granted to: /home/vc/kurotaka/objects/temp_1
[2025-01-31 17:01:32.746868] INFO: Executing command: /home/vc/kurotaka/objects/temp_1 215 256 1
[2025-01-31 17:01:41.414142] INFO: Command executed in 7930.553000ms
[2025-01-31 17:01:43.689301] INFO: Result saved to: /home/vc/kurotaka/results/result_1
[2025-01-31 17:01:45.550618] INFO: Second connection established in 0.245000ms
[2025-01-31 17:01:47.081441] INFO: Sending result upload request
[2025-01-31 17:01:49.022597] INFO: Second request sent in 0.025000ms
[2025-01-31 17:01:51.079526] INFO: Result uploaded in 0.052000ms
[2025-01-31 17:01:52.580404] INFO: Process completed successfully. Total execution time in 59332.068000ms

