
[2025-01-31 17:00:53.026175] INFO: Process started with ID: 230
[2025-01-31 17:00:53.262140] INFO: First connection established in 0.317000ms
[2025-01-31 17:00:53.595214] INFO: Sending request: GET /http_server/send-object.php?ID=230 HTTP/1.1
Host: 192.168.100.3
Connection: close


[2025-01-31 17:00:53.963234] INFO: First request sent in 0.008000ms
[2025-01-31 17:00:54.437265] INFO: Time from request to first response in 0.031000ms
[2025-01-31 17:00:54.906991] INFO: Received headers - MPI-Rank: 44, Group-ID: 1, Job-ID: 1, Sub-Job-ID: 45, Rank-Count: 256
[2025-01-31 17:00:55.529635] INFO: Receive loop #1 received 16384 bytes in 1158.568000ms
[2025-01-31 17:00:56.141246] INFO: Receive loop #2 received 16384 bytes in 0.069000ms
[2025-01-31 17:00:56.886005] INFO: Receive loop #3 received 16384 bytes in 0.100000ms
[2025-01-31 17:00:57.720826] INFO: Receive loop #4 received 16384 bytes in 0.114000ms
[2025-01-31 17:00:58.889898] INFO: Receive loop #5 received 16384 bytes in 0.032000ms
[2025-01-31 17:01:00.135729] INFO: Receive loop #6 received 16384 bytes in 0.030000ms
[2025-01-31 17:01:01.601492] INFO: Receive loop #7 received 16384 bytes in 0.028000ms
[2025-01-31 17:01:02.982829] INFO: Receive loop #8 received 16384 bytes in 0.262000ms
[2025-01-31 17:01:04.299114] INFO: Receive loop #9 received 16384 bytes in 0.030000ms
[2025-01-31 17:01:05.873455] INFO: Receive loop #10 received 16384 bytes in 0.028000ms
[2025-01-31 17:01:08.034906] INFO: Receive loop #11 received 16384 bytes in 0.036000ms
[2025-01-31 17:01:09.429159] INFO: Receive loop #12 received 7663 bytes in 0.019000ms
[2025-01-31 17:01:11.662884] INFO: Response received in 17015.943000ms
[2025-01-31 17:01:13.751683] INFO: File saved in 0.455000ms
[2025-01-31 17:01:15.278510] INFO: File saved to: /home/vc/kurotaka/objects/temp_230
[2025-01-31 17:01:17.170275] INFO: Execution permission granted to: /home/vc/kurotaka/objects/temp_230
[2025-01-31 17:01:19.130853] INFO: Executing command: /home/vc/kurotaka/objects/temp_230 44 256 1
[2025-01-31 17:01:39.279479] INFO: Command executed in 18476.485000ms
[2025-01-31 17:01:41.941690] INFO: Result saved to: /home/vc/kurotaka/results/result_230
[2025-01-31 17:01:44.048606] INFO: Second connection established in 0.204000ms
[2025-01-31 17:01:45.938744] INFO: Sending result upload request
[2025-01-31 17:01:47.531266] INFO: Second request sent in 0.026000ms
[2025-01-31 17:01:49.361468] INFO: Result uploaded in 0.057000ms
[2025-01-31 17:01:51.339267] INFO: Process completed successfully. Total execution time in 58152.390000ms

