
[2025-01-31 17:00:58.453136] INFO: Process started with ID: 128
[2025-01-31 17:00:59.462561] INFO: First connection established in 0.162000ms
[2025-01-31 17:01:01.117317] INFO: Sending request: GET /http_server/send-object.php?ID=128 HTTP/1.1
Host: 192.168.100.3
Connection: close


[2025-01-31 17:01:02.336669] INFO: First request sent in 0.031000ms
[2025-01-31 17:01:03.694153] INFO: Time from request to first response in 0.032000ms
[2025-01-31 17:01:05.008547] INFO: Received headers - MPI-Rank: 173, Group-ID: 1, Job-ID: 1, Sub-Job-ID: 174, Rank-Count: 256
[2025-01-31 17:01:07.013135] INFO: Receive loop #1 received 16384 bytes in 3020.921000ms
[2025-01-31 17:01:08.652957] INFO: Receive loop #2 received 16384 bytes in 0.065000ms
[2025-01-31 17:01:10.834941] INFO: Receive loop #3 received 16384 bytes in 0.078000ms
[2025-01-31 17:01:12.554550] INFO: Receive loop #4 received 16384 bytes in 0.111000ms
[2025-01-31 17:01:14.357017] INFO: Receive loop #5 received 16384 bytes in 0.007000ms
[2025-01-31 17:01:16.275985] INFO: Receive loop #6 received 16384 bytes in 0.027000ms
[2025-01-31 17:01:18.833748] INFO: Receive loop #7 received 16384 bytes in 0.029000ms
[2025-01-31 17:01:20.355501] INFO: Receive loop #8 received 16384 bytes in 0.257000ms
[2025-01-31 17:01:21.405052] INFO: Receive loop #9 received 16384 bytes in 0.031000ms
[2025-01-31 17:01:23.151458] INFO: Receive loop #10 received 16384 bytes in 0.030000ms
[2025-01-31 17:01:23.943890] INFO: Receive loop #11 received 16384 bytes in 0.037000ms
[2025-01-31 17:01:25.313803] INFO: Receive loop #12 received 7665 bytes in 0.021000ms
[2025-01-31 17:01:25.985833] INFO: Response received in 22445.832000ms
[2025-01-31 17:01:27.215351] INFO: File saved in 0.734000ms
[2025-01-31 17:01:27.869093] INFO: File saved to: /home/vc/kurotaka/objects/temp_128
[2025-01-31 17:01:29.513553] INFO: Execution permission granted to: /home/vc/kurotaka/objects/temp_128
[2025-01-31 17:01:31.306587] INFO: Executing command: /home/vc/kurotaka/objects/temp_128 173 256 1
[2025-01-31 17:01:38.162622] INFO: Command executed in 6039.475000ms
[2025-01-31 17:01:40.074757] INFO: Result saved to: /home/vc/kurotaka/results/result_128
[2025-01-31 17:01:42.407114] INFO: Second connection established in 0.234000ms
[2025-01-31 17:01:44.211386] INFO: Sending result upload request
[2025-01-31 17:01:46.011041] INFO: Second request sent in 0.026000ms
[2025-01-31 17:01:47.670026] INFO: Result uploaded in 0.062000ms
[2025-01-31 17:01:49.608209] INFO: Process completed successfully. Total execution time in 56563.154000ms

