
[2025-01-31 17:01:05.173407] INFO: Process started with ID: 251
[2025-01-31 17:01:07.398425] INFO: First connection established in 0.193000ms
[2025-01-31 17:01:08.819895] INFO: Sending request: GET /http_server/send-object.php?ID=251 HTTP/1.1
Host: 192.168.100.3
Connection: close


[2025-01-31 17:01:11.263523] INFO: First request sent in 0.028000ms
[2025-01-31 17:01:12.888862] INFO: Time from request to first response in 0.030000ms
[2025-01-31 17:01:14.605832] INFO: Received headers - MPI-Rank: 237, Group-ID: 1, Job-ID: 1, Sub-Job-ID: 238, Rank-Count: 256
[2025-01-31 17:01:16.531212] INFO: Receive loop #1 received 16384 bytes in 3824.729000ms
[2025-01-31 17:01:18.473756] INFO: Receive loop #2 received 16384 bytes in 0.067000ms
[2025-01-31 17:01:20.250563] INFO: Receive loop #3 received 16384 bytes in 0.023000ms
[2025-01-31 17:01:21.243174] INFO: Receive loop #4 received 16384 bytes in 0.116000ms
[2025-01-31 17:01:22.936249] INFO: Receive loop #5 received 16384 bytes in 0.032000ms
[2025-01-31 17:01:23.943696] INFO: Receive loop #6 received 16384 bytes in 0.032000ms
[2025-01-31 17:01:24.846987] INFO: Receive loop #7 received 16384 bytes in 0.005000ms
[2025-01-31 17:01:26.062960] INFO: Receive loop #8 received 16384 bytes in 0.071000ms
[2025-01-31 17:01:26.936686] INFO: Receive loop #9 received 16384 bytes in 0.008000ms
[2025-01-31 17:01:27.837608] INFO: Receive loop #10 received 16384 bytes in 0.024000ms
[2025-01-31 17:01:28.752249] INFO: Receive loop #11 received 16384 bytes in 0.029000ms
[2025-01-31 17:01:29.938488] INFO: Receive loop #12 received 7665 bytes in 0.010000ms
[2025-01-31 17:01:31.553469] INFO: Response received in 18490.541000ms
[2025-01-31 17:01:32.172884] INFO: File saved in 0.113000ms
[2025-01-31 17:01:32.493088] INFO: File saved to: /home/vc/kurotaka/objects/temp_251
[2025-01-31 17:01:33.209750] INFO: Execution permission granted to: /home/vc/kurotaka/objects/temp_251
[2025-01-31 17:01:34.740094] INFO: Executing command: /home/vc/kurotaka/objects/temp_251 237 256 1
[2025-01-31 17:01:39.567294] INFO: Command executed in 4038.958000ms
[2025-01-31 17:01:42.132527] INFO: Result saved to: /home/vc/kurotaka/results/result_251
[2025-01-31 17:01:44.132830] INFO: Second connection established in 0.181000ms
[2025-01-31 17:01:45.982014] INFO: Sending result upload request
[2025-01-31 17:01:47.669885] INFO: Second request sent in 0.027000ms
[2025-01-31 17:01:49.437705] INFO: Result uploaded in 0.047000ms
[2025-01-31 17:01:51.391156] INFO: Process completed successfully. Total execution time in 58396.691000ms

