
[2025-01-31 17:01:05.121784] INFO: Process started with ID: 148
[2025-01-31 17:01:07.301447] INFO: First connection established in 0.222000ms
[2025-01-31 17:01:08.819837] INFO: Sending request: GET /http_server/send-object.php?ID=148 HTTP/1.1
Host: 192.168.100.3
Connection: close


[2025-01-31 17:01:11.296120] INFO: First request sent in 0.038000ms
[2025-01-31 17:01:12.888820] INFO: Time from request to first response in 0.034000ms
[2025-01-31 17:01:14.549105] INFO: Received headers - MPI-Rank: 238, Group-ID: 1, Job-ID: 1, Sub-Job-ID: 239, Rank-Count: 256
[2025-01-31 17:01:16.488648] INFO: Receive loop #1 received 16384 bytes in 3824.645000ms
[2025-01-31 17:01:18.835449] INFO: Receive loop #2 received 16384 bytes in 0.035000ms
[2025-01-31 17:01:20.378518] INFO: Receive loop #3 received 16384 bytes in 0.081000ms
[2025-01-31 17:01:21.490258] INFO: Receive loop #4 received 16384 bytes in 0.084000ms
[2025-01-31 17:01:23.122402] INFO: Receive loop #5 received 16384 bytes in 0.011000ms
[2025-01-31 17:01:23.943575] INFO: Receive loop #6 received 16384 bytes in 0.030000ms
[2025-01-31 17:01:25.313521] INFO: Receive loop #7 received 16384 bytes in 0.028000ms
[2025-01-31 17:01:25.955893] INFO: Receive loop #8 received 16384 bytes in 0.278000ms
[2025-01-31 17:01:27.038514] INFO: Receive loop #9 received 16384 bytes in 0.035000ms
[2025-01-31 17:01:27.780210] INFO: Receive loop #10 received 16384 bytes in 0.011000ms
[2025-01-31 17:01:28.700258] INFO: Receive loop #11 received 16384 bytes in 0.008000ms
[2025-01-31 17:01:29.600761] INFO: Receive loop #12 received 7665 bytes in 0.004000ms
[2025-01-31 17:01:31.446592] INFO: Response received in 17927.078000ms
[2025-01-31 17:01:31.935725] INFO: File saved in 0.107000ms
[2025-01-31 17:01:32.315569] INFO: File saved to: /home/vc/kurotaka/objects/temp_148
[2025-01-31 17:01:32.644523] INFO: Execution permission granted to: /home/vc/kurotaka/objects/temp_148
[2025-01-31 17:01:32.947447] INFO: Executing command: /home/vc/kurotaka/objects/temp_148 238 256 1
[2025-01-31 17:01:38.319815] INFO: Command executed in 4863.919000ms
[2025-01-31 17:01:40.469678] INFO: Result saved to: /home/vc/kurotaka/results/result_148
[2025-01-31 17:01:42.640483] INFO: Second connection established in 0.238000ms
[2025-01-31 17:01:44.449785] INFO: Sending result upload request
[2025-01-31 17:01:46.195386] INFO: Second request sent in 0.026000ms
[2025-01-31 17:01:48.090329] INFO: Result uploaded in 0.048000ms
[2025-01-31 17:01:49.924855] INFO: Process completed successfully. Total execution time in 56730.817000ms

