
[2025-01-31 17:00:58.562494] INFO: Process started with ID: 52
[2025-01-31 17:00:59.561236] INFO: First connection established in 0.256000ms
[2025-01-31 17:01:01.173810] INFO: Sending request: GET /http_server/send-object.php?ID=52 HTTP/1.1
Host: 192.168.100.3
Connection: close


[2025-01-31 17:01:02.465618] INFO: First request sent in 0.006000ms
[2025-01-31 17:01:03.727834] INFO: Time from request to first response in 0.043000ms
[2025-01-31 17:01:05.121903] INFO: Received headers - MPI-Rank: 174, Group-ID: 1, Job-ID: 1, Sub-Job-ID: 175, Rank-Count: 256
[2025-01-31 17:01:07.347133] INFO: Receive loop #1 received 16384 bytes in 3137.968000ms
[2025-01-31 17:01:08.865735] INFO: Receive loop #2 received 16384 bytes in 0.016000ms
[2025-01-31 17:01:11.305949] INFO: Receive loop #3 received 16384 bytes in 0.089000ms
[2025-01-31 17:01:13.159349] INFO: Receive loop #4 received 16384 bytes in 0.082000ms
[2025-01-31 17:01:14.744374] INFO: Receive loop #5 received 16384 bytes in 0.040000ms
[2025-01-31 17:01:16.605210] INFO: Receive loop #6 received 16384 bytes in 0.030000ms
[2025-01-31 17:01:18.835884] INFO: Receive loop #7 received 16384 bytes in 0.030000ms
[2025-01-31 17:01:20.379254] INFO: Receive loop #8 received 16384 bytes in 0.124000ms
[2025-01-31 17:01:21.490355] INFO: Receive loop #9 received 16384 bytes in 0.031000ms
[2025-01-31 17:01:23.362323] INFO: Receive loop #10 received 16384 bytes in 0.012000ms
[2025-01-31 17:01:24.507194] INFO: Receive loop #11 received 16384 bytes in 0.030000ms
[2025-01-31 17:01:25.502932] INFO: Receive loop #12 received 7665 bytes in 0.004000ms
[2025-01-31 17:01:26.525627] INFO: Response received in 22755.212000ms
[2025-01-31 17:01:27.586376] INFO: File saved in 0.118000ms
[2025-01-31 17:01:28.298467] INFO: File saved to: /home/vc/kurotaka/objects/temp_52
[2025-01-31 17:01:29.878416] INFO: Execution permission granted to: /home/vc/kurotaka/objects/temp_52
[2025-01-31 17:01:31.553479] INFO: Executing command: /home/vc/kurotaka/objects/temp_52 174 256 1
[2025-01-31 17:01:40.763612] INFO: Command executed in 8229.746000ms
[2025-01-31 17:01:42.842282] INFO: Result saved to: /home/vc/kurotaka/results/result_52
[2025-01-31 17:01:44.691956] INFO: Second connection established in 0.181000ms
[2025-01-31 17:01:46.291314] INFO: Sending result upload request
[2025-01-31 17:01:48.128344] INFO: Second request sent in 0.020000ms
[2025-01-31 17:01:50.003459] INFO: Result uploaded in 0.050000ms
[2025-01-31 17:01:51.678548] INFO: Process completed successfully. Total execution time in 58772.138000ms

