
[2025-01-31 17:01:01.348951] INFO: Process started with ID: 4
[2025-01-31 17:01:02.781586] INFO: First connection established in 0.260000ms
[2025-01-31 17:01:04.091883] INFO: Sending request: GET /http_server/send-object.php?ID=4 HTTP/1.1
Host: 192.168.100.3
Connection: close


[2025-01-31 17:01:05.599106] INFO: First request sent in 0.035000ms
[2025-01-31 17:01:07.919070] INFO: Time from request to first response in 0.031000ms
[2025-01-31 17:01:09.269233] INFO: Received headers - MPI-Rank: 203, Group-ID: 1, Job-ID: 1, Sub-Job-ID: 204, Rank-Count: 256
[2025-01-31 17:01:11.634681] INFO: Receive loop #1 received 16384 bytes in 4006.797000ms
[2025-01-31 17:01:13.717985] INFO: Receive loop #2 received 16384 bytes in 0.062000ms
[2025-01-31 17:01:15.218398] INFO: Receive loop #3 received 16384 bytes in 0.076000ms
[2025-01-31 17:01:16.995236] INFO: Receive loop #4 received 16384 bytes in 0.121000ms
[2025-01-31 17:01:18.978857] INFO: Receive loop #5 received 16384 bytes in 0.030000ms
[2025-01-31 17:01:20.378413] INFO: Receive loop #6 received 16384 bytes in 0.033000ms
[2025-01-31 17:01:21.435502] INFO: Receive loop #7 received 16384 bytes in 0.013000ms
[2025-01-31 17:01:23.284607] INFO: Receive loop #8 received 16384 bytes in 0.290000ms
[2025-01-31 17:01:24.446404] INFO: Receive loop #9 received 16384 bytes in 0.031000ms
[2025-01-31 17:01:25.379403] INFO: Receive loop #10 received 16384 bytes in 0.035000ms
[2025-01-31 17:01:26.511086] INFO: Receive loop #11 received 16384 bytes in 0.007000ms
[2025-01-31 17:01:27.512403] INFO: Receive loop #12 received 7665 bytes in 0.018000ms
[2025-01-31 17:01:28.403474] INFO: Response received in 20760.178000ms
[2025-01-31 17:01:29.534909] INFO: File saved in 0.491000ms
[2025-01-31 17:01:31.306529] INFO: File saved to: /home/vc/kurotaka/objects/temp_4
[2025-01-31 17:01:32.293502] INFO: Execution permission granted to: /home/vc/kurotaka/objects/temp_4
[2025-01-31 17:01:32.626911] INFO: Executing command: /home/vc/kurotaka/objects/temp_4 203 256 1
[2025-01-31 17:01:40.785617] INFO: Command executed in 7389.813000ms
[2025-01-31 17:01:42.881575] INFO: Result saved to: /home/vc/kurotaka/results/result_4
[2025-01-31 17:01:44.639451] INFO: Second connection established in 0.156000ms
[2025-01-31 17:01:46.244076] INFO: Sending result upload request
[2025-01-31 17:01:48.128267] INFO: Second request sent in 0.022000ms
[2025-01-31 17:01:50.003460] INFO: Result uploaded in 0.127000ms
[2025-01-31 17:01:51.702848] INFO: Process completed successfully. Total execution time in 58786.516000ms

