
[2025-01-31 17:29:38] Program started at 2025-01-31 17:29:38.6976
[2025-01-31 17:29:38] [getClientID] MySQL connection established. Execution time: 0.663 ms
[2025-01-31 17:29:38] [getClientID] SELECT table_name FROM table_registry WHERE id = :job_id / Execution time: 0.406 ms
[2025-01-31 17:29:38] [getClientID] SELECT client FROM `matrix` WHERE id = :sub_job_id / Execution time: 0.225 ms
[2025-01-31 17:29:38] getClientID completed. Execution time: 1.525 ms
[2025-01-31 17:29:38] Read file completed. Execution time: 0.014 ms
[2025-01-31 17:29:38] File saved successfully: uploads/job_1/group_1/result_8
[2025-01-31 17:29:38] [updateStatus] MySQL connection established. Execution time: 0.121 ms
[2025-01-31 17:29:38] [updateStatus] SELECT table_name FROM table_registry WHERE id = :job_id FOR UPDATE / Execution time: 5.390 ms
[2025-01-31 17:29:38] [updateStatus] UPDATE `matrix` SET status = :status WHERE id = :sub_job_id / Execution time: 0.299 ms
[2025-01-31 17:29:38] [updateStatus] SELECT COUNT_RECORDS FROM `matrix` / Execution time: 0.350 ms
[2025-01-31 17:29:38] [updateStatus] UPDATE table_registry SET status = :status WHERE id = :job_id / Execution time: 0.168 ms
[2025-01-31 17:29:38] updateStatus completed. Execution time: 213.084 ms
[2025-01-31 17:29:38] Write file completed. Execution time: 213.447 ms
[2025-01-31 17:29:38] [getGroupStatus] MySQL connection established. Execution time: 0.088 ms
[2025-01-31 17:29:38] [getGroupStatus] SELECT table_name FROM table_registry WHERE id = :job_id / Execution time: 0.365 ms
[2025-01-31 17:29:38] [getGroupStatus] SELECT status FROM `matrix` WHERE group_id = :group_id / Execution time: 0.474 ms
[2025-01-31 17:29:38] getGroupStatus completed. Execution time: 1.072 ms
[2025-01-31 17:29:38] Group 1 is not completed yet.
[2025-01-31 17:29:38] Program completed. Total execution time: 219.046 ms

